   #Iter             <M>           <M^2>           <M^4>      U_{Binder}            \chi        C_v(tot)             <E>       <E_{exc}>       <E_{lsf}>
       1  2.63496436E-02  6.94303718E-04  4.82057653E-07  6.66666667E-01 -5.60497940E-18  2.02008412E-15 -3.17022857E-01 -3.14275398E-01  0.00000000E+00
      11  2.88371784E-02  1.01283361E-03  1.85001949E-06  3.98855548E-01  2.09357551E-02  5.42138940E-01 -3.22412077E-01 -3.19780426E-01  0.00000000E+00
      21  2.46134867E-02  7.02117178E-04  8.61023199E-07  4.17797050E-01  1.11225809E-02  7.32124112E-01 -3.17646936E-01 -3.14928522E-01  0.00000000E+00
      31  2.56534964E-02  8.34828836E-04  1.52451588E-06  2.70851790E-01  2.04132251E-02  6.60871579E-01 -3.19109398E-01 -3.16442119E-01  0.00000000E+00
      41  2.40464065E-02  7.30750961E-04  1.13550817E-06  2.91189377E-01  1.76172981E-02  9.17054892E-01 -3.20076764E-01 -3.17433446E-01  0.00000000E+00
      51  2.96967239E-02  1.05681624E-03  1.80784366E-06  4.60438866E-01  2.02046044E-02  9.93006078E-01 -3.21118829E-01 -3.18440932E-01  0.00000000E+00
      61  3.28587724E-02  1.28008541E-03  2.46753766E-06  4.98045171E-01  2.31460702E-02  8.93880365E-01 -3.20952406E-01 -3.18305436E-01  0.00000000E+00
      71  3.08607079E-02  1.11988049E-03  1.95881772E-06  4.79369734E-01  1.93471218E-02  7.40203318E-01 -3.20729411E-01 -3.18078349E-01  0.00000000E+00
      81  2.95970457E-02  1.03338960E-03  1.69984056E-06  4.69410371E-01  1.81813421E-02  6.67265423E-01 -3.21450569E-01 -3.18814400E-01  0.00000000E+00
      91  2.80525171E-02  9.38735425E-04  1.46466060E-06  4.45975041E-01  1.75330259E-02  6.29496542E-01 -3.20696744E-01 -3.18075981E-01  0.00000000E+00
     101  2.78224031E-02  9.21864949E-04  1.42442206E-06  4.41294649E-01  1.70695102E-02  7.27443080E-01 -3.19987633E-01 -3.17334494E-01  0.00000000E+00
     111  2.81742523E-02  9.34714700E-04  1.41370377E-06  4.60639652E-01  1.62779826E-02  7.05481146E-01 -3.19971310E-01 -3.17317261E-01  0.00000000E+00
     121  2.69926811E-02  8.61246423E-04  1.23849930E-06  4.43430186E-01  1.53210503E-02  6.71010004E-01 -3.19621782E-01 -3.16968071E-01  0.00000000E+00
     131  2.68914399E-02  8.58353971E-04  1.24478796E-06  4.36827704E-01  1.56170765E-02  6.85702739E-01 -3.19892975E-01 -3.17220126E-01  0.00000000E+00
     141  2.74791732E-02  8.89297695E-04  1.29699606E-06  4.53332734E-01  1.55002185E-02  6.54380956E-01 -3.20021324E-01 -3.17343894E-01  0.00000000E+00
     151  2.76118571E-02  8.95925322E-04  1.28766294E-06  4.65266592E-01  1.54214355E-02  7.03193565E-01 -3.19877417E-01 -3.17206108E-01  0.00000000E+00
     161  2.66231761E-02  8.41657530E-04  1.17345471E-06  4.47828165E-01  1.53467434E-02  6.90618719E-01 -3.19863456E-01 -3.17195166E-01  0.00000000E+00
     171  2.73799692E-02  8.91728783E-04  1.34744193E-06  4.35162876E-01  1.64096451E-02  8.78914541E-01 -3.20644427E-01 -3.17973961E-01  0.00000000E+00
     181  2.74975346E-02  8.90928554E-04  1.30916897E-06  4.50220311E-01  1.55719960E-02  7.98616967E-01 -3.20720290E-01 -3.18036546E-01  0.00000000E+00
     191  2.74357961E-02  8.83688877E-04  1.27571455E-06  4.55455373E-01  1.51275045E-02  7.97026006E-01 -3.20561301E-01 -3.17894677E-01  0.00000000E+00
     201  2.70345486E-02  8.65985176E-04  1.23473226E-06  4.51179120E-01  1.56071348E-02  7.65087536E-01 -3.20283896E-01 -3.17615604E-01  0.00000000E+00
     211  2.79545355E-02  9.40431328E-04  1.55327733E-06  4.14571890E-01  1.83627789E-02  7.41109424E-01 -3.20347339E-01 -3.17684918E-01  0.00000000E+00
     221  2.82284695E-02  9.61071252E-04  1.60878639E-06  4.19414807E-01  1.89691321E-02  7.18981352E-01 -3.20393840E-01 -3.17739901E-01  0.00000000E+00
     231  2.91479556E-02  1.02195672E-03  1.79502060E-06  4.27094261E-01  1.99080484E-02  7.19532561E-01 -3.20626096E-01 -3.17969904E-01  0.00000000E+00
     241  2.86282141E-02  9.85399653E-04  1.68726102E-06  4.20789790E-01  1.91539721E-02  7.72633722E-01 -3.20215802E-01 -3.17551157E-01  0.00000000E+00
     251  2.93127925E-02  1.03822829E-03  1.91921879E-06  4.06504383E-01  2.06744479E-02  7.79177303E-01 -3.20491604E-01 -3.17827300E-01  0.00000000E+00
     261  2.85073775E-02  9.88808824E-04  1.79021105E-06  3.89679003E-01  2.03452251E-02  7.78771782E-01 -3.20298684E-01 -3.17629784E-01  0.00000000E+00
     271  2.79013123E-02  9.49289294E-04  1.67949991E-06  3.78756921E-01  1.97293195E-02  7.57587186E-01 -3.20240341E-01 -3.17567814E-01  0.00000000E+00
     281  2.75935686E-02  9.31176543E-04  1.62001322E-06  3.77222019E-01  1.96098216E-02  7.42337086E-01 -3.20195020E-01 -3.17515631E-01  0.00000000E+00
     291  2.78771491E-02  9.43044033E-04  1.62685076E-06  3.90234965E-01  1.91636264E-02  7.21527902E-01 -3.20210863E-01 -3.17543619E-01  0.00000000E+00
     301  2.84329415E-02  9.74406845E-04  1.68977570E-06  4.06764472E-01  1.91712604E-02  7.18946634E-01 -3.20125575E-01 -3.17463657E-01  0.00000000E+00
     311  2.89332332E-02  1.00983899E-03  1.79837524E-06  4.12165882E-01  1.99488923E-02  7.32081777E-01 -3.20315073E-01 -3.17660802E-01  0.00000000E+00
     321  2.92077413E-02  1.02372556E-03  1.80903638E-06  4.24614443E-01  1.97093758E-02  7.69122501E-01 -3.20598555E-01 -3.17944976E-01  0.00000000E+00
     331  2.89019821E-02  1.00131509E-03  1.74038433E-06  4.21394726E-01  1.91730901E-02  7.81167850E-01 -3.20716997E-01 -3.18063530E-01  0.00000000E+00
     341  2.92579910E-02  1.02248987E-03  1.79439257E-06  4.27891788E-01  1.92272984E-02  7.66029857E-01 -3.20793467E-01 -3.18138703E-01  0.00000000E+00
     351  2.92979369E-02  1.01787138E-03  1.75228188E-06  4.36236562E-01  1.84236510E-02  7.52812493E-01 -3.20705769E-01 -3.18037772E-01  0.00000000E+00
     361  2.91536707E-02  1.00781786E-03  1.71273642E-06  4.37910883E-01  1.82364227E-02  7.72653134E-01 -3.20637324E-01 -3.17969634E-01  0.00000000E+00
     371  2.94254615E-02  1.02231072E-03  1.74050539E-06  4.44878197E-01  1.80714313E-02  7.65146221E-01 -3.20740704E-01 -3.18067160E-01  0.00000000E+00
     381  2.94255825E-02  1.01857657E-03  1.71676213E-06  4.48428897E-01  1.76392874E-02  7.47977710E-01 -3.20768947E-01 -3.18089300E-01  0.00000000E+00
     391  2.96239678E-02  1.03380699E-03  1.76349491E-06  4.49985644E-01  1.80453939E-02  7.82193056E-01 -3.20771983E-01 -3.18079704E-01  0.00000000E+00
     401  2.96137955E-02  1.03263397E-03  1.75173492E-06  4.52411502E-01  1.79795047E-02  7.87148096E-01 -3.20817709E-01 -3.18120104E-01  0.00000000E+00
     411  2.97549495E-02  1.03904390E-03  1.75391555E-06  4.58473604E-01  1.77519312E-02  7.98735344E-01 -3.20838095E-01 -3.18142072E-01  0.00000000E+00
     421  2.92163977E-02  1.00886681E-03  1.68347663E-06  4.48661695E-01  1.79346684E-02  7.83567421E-01 -3.20772691E-01 -3.18076635E-01  0.00000000E+00
     431  2.94324109E-02  1.02712475E-03  1.76379453E-06  4.42711162E-01  1.85802405E-02  8.15652484E-01 -3.20904629E-01 -3.18209266E-01  0.00000000E+00
     441  2.93981861E-02  1.03168250E-03  1.80463355E-06  4.34834499E-01  1.93392624E-02  8.05776862E-01 -3.20939334E-01 -3.18244760E-01  0.00000000E+00
     451  2.92008213E-02  1.02312069E-03  1.78663105E-06  4.31068626E-01  1.96861967E-02  8.17303746E-01 -3.20992803E-01 -3.18289622E-01  0.00000000E+00
     461  2.90275901E-02  1.00857682E-03  1.73655635E-06  4.30951011E-01  1.91713940E-02  7.98326210E-01 -3.20952709E-01 -3.18250953E-01  0.00000000E+00
     471  2.89627586E-02  1.00245198E-03  1.71363286E-06  4.31579970E-01  1.88981909E-02  7.71662031E-01 -3.20982075E-01 -3.18279052E-01  0.00000000E+00
     481  2.89897419E-02  1.00416557E-03  1.72142312E-06  4.30943060E-01  1.89154991E-02  7.81748963E-01 -3.20994011E-01 -3.18294882E-01  0.00000000E+00
     491  2.87555489E-02  9.87307860E-04  1.66987880E-06  4.28970548E-01  1.85303791E-02  7.66229011E-01 -3.21052527E-01 -3.18355048E-01  0.00000000E+00
     501  2.87271247E-02  9.83991416E-04  1.65209013E-06  4.31238930E-01  1.83360331E-02  7.74889741E-01 -3.21116549E-01 -3.18419592E-01  0.00000000E+00
     511  2.87376933E-02  9.82424251E-04  1.64096797E-06  4.33264131E-01  1.80848641E-02  7.71263868E-01 -3.21187292E-01 -3.18490539E-01  0.00000000E+00
     521  2.87966062E-02  9.83848361E-04  1.63451726E-06  4.37125046E-01  1.78578460E-02  7.96644502E-01 -3.21373893E-01 -3.18678178E-01  0.00000000E+00
     531  2.87309725E-02  9.77991582E-04  1.61354410E-06  4.37672463E-01  1.76174723E-02  7.87112368E-01 -3.21431430E-01 -3.18735883E-01  0.00000000E+00
     541  2.86385935E-02  9.74635946E-04  1.60987393E-06  4.35081544E-01  1.78420302E-02  7.67423597E-01 -3.21422503E-01 -3.18723916E-01  0.00000000E+00
     551  2.89763194E-02  1.00242542E-03  1.72920596E-06  4.26383902E-01  1.88043691E-02  8.11412007E-01 -3.21473036E-01 -3.18777290E-01  0.00000000E+00
     561  2.87328774E-02  9.86792998E-04  1.68452213E-06  4.23361882E-01  1.86214546E-02  8.12489761E-01 -3.21333365E-01 -3.18638055E-01  0.00000000E+00
     571  2.90762580E-02  1.00601460E-03  1.71804858E-06  4.34144404E-01  1.85488085E-02  8.10802617E-01 -3.21201116E-01 -3.18508952E-01  0.00000000E+00
     581  2.89239543E-02  9.95934101E-04  1.68840303E-06  4.32594343E-01  1.84047882E-02  7.95008816E-01 -3.21213234E-01 -3.18517861E-01  0.00000000E+00
     591  2.89314173E-02  9.94712257E-04  1.67645566E-06  4.35224462E-01  1.82137833E-02  7.92760248E-01 -3.21166675E-01 -3.18468098E-01  0.00000000E+00
     601  2.88924939E-02  9.90142815E-04  1.65614402E-06  4.36905655E-01  1.79459526E-02  7.95358587E-01 -3.21304224E-01 -3.18606907E-01  0.00000000E+00
     611  2.88561145E-02  9.85955153E-04  1.63761826E-06  4.38464657E-01  1.77049117E-02  7.92354354E-01 -3.21252140E-01 -3.18550404E-01  0.00000000E+00
     621  2.88781164E-02  9.85725888E-04  1.63584528E-06  4.38811653E-01  1.75317059E-02  7.98911311E-01 -3.21204878E-01 -3.18498771E-01  0.00000000E+00
     631  2.89856312E-02  9.92287891E-04  1.65197127E-06  4.40750180E-01  1.75710697E-02  8.05406138E-01 -3.21228452E-01 -3.18520327E-01  0.00000000E+00
     641  2.90400390E-02  9.93528937E-04  1.64202097E-06  4.45506571E-01  1.73497580E-02  7.90307934E-01 -3.21228287E-01 -3.18520895E-01  0.00000000E+00
     651  2.89395481E-02  9.88080524E-04  1.62846121E-06  4.44004233E-01  1.73934205E-02  7.90674236E-01 -3.21277022E-01 -3.18571067E-01  0.00000000E+00
     661  2.87704325E-02  9.76877014E-04  1.59588757E-06  4.42555987E-01  1.72266456E-02  7.76287931E-01 -3.21213310E-01 -3.18511359E-01  0.00000000E+00
     671  2.87494524E-02  9.75109050E-04  1.58997663E-06  4.42604945E-01  1.71618237E-02  7.88669720E-01 -3.21174671E-01 -3.18473755E-01  0.00000000E+00
     681  2.87687443E-02  9.76023968E-04  1.58841386E-06  4.44196281E-01  1.71393326E-02  7.86599761E-01 -3.21158795E-01 -3.18458893E-01  0.00000000E+00
     691  2.89560538E-02  9.89756447E-04  1.62878806E-06  4.45774322E-01  1.74766223E-02  8.07210377E-01 -3.21192015E-01 -3.18492487E-01  0.00000000E+00
     701  2.89705949E-02  9.88980409E-04  1.61774565E-06  4.48667483E-01  1.72896907E-02  8.09524461E-01 -3.21151599E-01 -3.18451706E-01  0.00000000E+00
     711  2.90445448E-02  9.90720178E-04  1.60976767E-06  4.53311510E-01  1.69950962E-02  8.08609112E-01 -3.21201035E-01 -3.18505668E-01  0.00000000E+00
     721  2.89171096E-02  9.81775682E-04  1.58201332E-06  4.52902992E-01  1.68151197E-02  7.95030096E-01 -3.21181062E-01 -3.18486406E-01  0.00000000E+00
     731  2.90611625E-02  9.91203963E-04  1.60521329E-06  4.55390223E-01  1.69394447E-02  7.93856715E-01 -3.21244520E-01 -3.18547734E-01  0.00000000E+00
     741  2.92009458E-02  1.00146954E-03  1.63870764E-06  4.55366022E-01  1.71844943E-02  7.82445012E-01 -3.21186699E-01 -3.18488054E-01  0.00000000E+00
     751  2.90063446E-02  9.90522488E-04  1.61126157E-06  4.52585730E-01  1.72284047E-02  7.73127689E-01 -3.21138655E-01 -3.18442415E-01  0.00000000E+00
     761  2.90159415E-02  9.93013067E-04  1.61951838E-06  4.52537094E-01  1.74517664E-02  7.80373241E-01 -3.21103281E-01 -3.18401775E-01  0.00000000E+00
     771  2.91375165E-02  9.99692584E-04  1.63061487E-06  4.56127373E-01  1.74066620E-02  7.78817641E-01 -3.21159978E-01 -3.18458024E-01  0.00000000E+00
     781  2.91724474E-02  1.00022305E-03  1.62155111E-06  4.59724004E-01  1.72326667E-02  7.72935613E-01 -3.21190782E-01 -3.18486074E-01  0.00000000E+00
     791  2.91684899E-02  9.98622220E-04  1.60960087E-06  4.61984867E-01  1.70744289E-02  7.71566249E-01 -3.21192055E-01 -3.18487969E-01  0.00000000E+00
     801  2.92279766E-02  1.00134453E-03  1.61308454E-06  4.63748142E-01  1.69876251E-02  7.69119963E-01 -3.21143300E-01 -3.18441366E-01  0.00000000E+00
     811  2.94850834E-02  1.02173933E-03  1.70350683E-06  4.56070767E-01  1.75997289E-02  8.04273890E-01 -3.21208610E-01 -3.18505052E-01  0.00000000E+00
     821  2.96687510E-02  1.03134645E-03  1.71704419E-06  4.61914783E-01  1.74544756E-02  7.99583595E-01 -3.21198954E-01 -3.18495980E-01  0.00000000E+00
     831  2.95575118E-02  1.02513755E-03  1.70320086E-06  4.59767972E-01  1.74982977E-02  7.93341387E-01 -3.21173677E-01 -3.18469810E-01  0.00000000E+00
     841  2.96697104E-02  1.03007049E-03  1.70665013E-06  4.63846242E-01  1.73005171E-02  7.88691939E-01 -3.21216925E-01 -3.18513949E-01  0.00000000E+00
     851  2.96420739E-02  1.03159605E-03  1.72003224E-06  4.61239191E-01  1.76660662E-02  7.94584340E-01 -3.21244500E-01 -3.18540730E-01  0.00000000E+00
     861  2.95221415E-02  1.02283226E-03  1.69293654E-06  4.60600441E-01  1.74733909E-02  7.95073939E-01 -3.21209430E-01 -3.18508308E-01  0.00000000E+00
     871  2.93559472E-02  1.01195096E-03  1.66347098E-06  4.58529202E-01  1.73467837E-02  7.99738748E-01 -3.21167046E-01 -3.18466636E-01  0.00000000E+00
     881  2.97082221E-02  1.03933804E-03  1.78320122E-06  4.49743154E-01  1.81068499E-02  8.00661253E-01 -3.21184323E-01 -3.18485089E-01  0.00000000E+00
     891  2.96533434E-02  1.03436211E-03  1.76326248E-06  4.50648257E-01  1.79083809E-02  7.93453909E-01 -3.21214913E-01 -3.18513688E-01  0.00000000E+00
     901  2.95312635E-02  1.02583568E-03  1.73642756E-06  4.49978307E-01  1.77580849E-02  7.87204048E-01 -3.21191774E-01 -3.18491908E-01  0.00000000E+00
     911  2.95098536E-02  1.02446796E-03  1.73368701E-06  4.49379121E-01  1.77461126E-02  7.80286323E-01 -3.21208770E-01 -3.18507055E-01  0.00000000E+00
     921  2.95066933E-02  1.02293785E-03  1.72480236E-06  4.50560869E-01  1.75909168E-02  7.87804688E-01 -3.21233302E-01 -3.18533971E-01  0.00000000E+00
     931  2.96180175E-02  1.02987792E-03  1.74056529E-06  4.52987094E-01  1.76322749E-02  7.77665679E-01 -3.21263775E-01 -3.18567421E-01  0.00000000E+00
     941  2.95338854E-02  1.02306516E-03  1.71753007E-06  4.53013634E-01  1.74201829E-02  7.75235926E-01 -3.21232150E-01 -3.18538567E-01  0.00000000E+00
     951  2.93978996E-02  1.01487773E-03  1.69641916E-06  4.50984676E-01  1.74001375E-02  7.72607863E-01 -3.21216132E-01 -3.18525393E-01  0.00000000E+00
     961  2.92519546E-02  1.00774225E-03  1.67825873E-06  4.49143191E-01  1.75646397E-02  7.74458001E-01 -3.21196559E-01 -3.18503584E-01  0.00000000E+00
     971  2.93878241E-02  1.01601300E-03  1.69801466E-06  4.51695704E-01  1.75996836E-02  7.71069339E-01 -3.21243909E-01 -3.18553772E-01  0.00000000E+00
     981  2.92880144E-02  1.00914991E-03  1.67752144E-06  4.50920223E-01  1.74834064E-02  7.79535935E-01 -3.21237525E-01 -3.18545165E-01  0.00000000E+00
     991  2.93453371E-02  1.01182856E-03  1.67878975E-06  4.53410624E-01  1.74045869E-02  7.79368309E-01 -3.21233649E-01 -3.18543155E-01  0.00000000E+00
    1001  2.95293102E-02  1.02570883E-03  1.72838223E-06  4.52391286E-01  1.77567581E-02  7.78630185E-01 -3.21235930E-01 -3.18549365E-01  0.00000000E+00
    1011  2.94353291E-02  1.01882193E-03  1.70683318E-06  4.51883022E-01  1.76013619E-02  7.74227929E-01 -3.21204271E-01 -3.18518536E-01  0.00000000E+00
    1021  2.93711139E-02  1.01303381E-03  1.68615827E-06  4.52317077E-01  1.73689798E-02  7.95311740E-01 -3.21137517E-01 -3.18450489E-01  0.00000000E+00
    1031  2.94104607E-02  1.01512756E-03  1.68714538E-06  4.54254691E-01  1.73436697E-02  7.93122898E-01 -3.21130188E-01 -3.18442156E-01  0.00000000E+00
    1041  2.95173857E-02  1.02120632E-03  1.70258651E-06  4.55796979E-01  1.73180148E-02  7.89142880E-01 -3.21121041E-01 -3.18434084E-01  0.00000000E+00
    1051  2.95406795E-02  1.02107378E-03  1.69446237E-06  4.58253113E-01  1.71438048E-02  7.94227900E-01 -3.21111805E-01 -3.18424687E-01  0.00000000E+00
    1061  2.96237391E-02  1.02482229E-03  1.69616685E-06  4.61668012E-01  1.70091627E-02  7.87121229E-01 -3.21128253E-01 -3.18443308E-01  0.00000000E+00
    1071  2.94922740E-02  1.01637631E-03  1.67287549E-06  4.60199487E-01  1.69312773E-02  7.93579646E-01 -3.21066700E-01 -3.18381731E-01  0.00000000E+00
    1081  2.94061385E-02  1.00990729E-03  1.65279770E-06  4.59823821E-01  1.67700556E-02  7.88941775E-01 -3.21033994E-01 -3.18348599E-01  0.00000000E+00
    1091  2.93292757E-02  1.00577927E-03  1.64386523E-06  4.58323999E-01  1.68147039E-02  7.85994197E-01 -3.21039248E-01 -3.18353348E-01  0.00000000E+00
    1101  2.93047001E-02  1.00315929E-03  1.63274065E-06  4.59175756E-01  1.66785190E-02  8.02059594E-01 -3.20997724E-01 -3.18312332E-01  0.00000000E+00
    1111  2.93648959E-02  1.00907070E-03  1.68060815E-06  4.49823522E-01  1.69533970E-02  7.95884618E-01 -3.21021829E-01 -3.18335218E-01  0.00000000E+00
    1121  2.93073809E-02  1.00394573E-03  1.66176491E-06  4.50423880E-01  1.67512097E-02  7.94602953E-01 -3.21001637E-01 -3.18318697E-01  0.00000000E+00
    1131  2.93514784E-02  1.00666393E-03  1.66654110E-06  4.51816758E-01  1.67663981E-02  7.92625819E-01 -3.21022513E-01 -3.18340552E-01  0.00000000E+00
    1141  2.92638487E-02  1.00109161E-03  1.64979515E-06  4.51266947E-01  1.67160514E-02  7.93834402E-01 -3.20967049E-01 -3.18284093E-01  0.00000000E+00
    1151  2.94637563E-02  1.01893247E-03  1.73660188E-06  4.42444367E-01  1.74207328E-02  7.98144731E-01 -3.20960287E-01 -3.18277505E-01  0.00000000E+00
    1161  2.94232461E-02  1.01524054E-03  1.72136249E-06  4.43310308E-01  1.72698333E-02  7.94287742E-01 -3.20973118E-01 -3.18288594E-01  0.00000000E+00
    1171  2.96199978E-02  1.03019747E-03  1.78160890E-06  4.40435495E-01  1.76556365E-02  8.09093429E-01 -3.21057990E-01 -3.18373612E-01  0.00000000E+00
    1181  2.95339457E-02  1.02485535E-03  1.76505144E-06  4.39841452E-01  1.76265509E-02  8.09987105E-01 -3.21088678E-01 -3.18405580E-01  0.00000000E+00
    1191  2.95074471E-02  1.02494565E-03  1.77749997E-06  4.35990171E-01  1.78176944E-02  8.09716226E-01 -3.21023100E-01 -3.18339148E-01  0.00000000E+00
    1201  2.96641902E-02  1.03757659E-03  1.82358984E-06  4.35367878E-01  1.82053578E-02  8.20234142E-01 -3.21056929E-01 -3.18372969E-01  0.00000000E+00
    1211  2.96106561E-02  1.03342518E-03  1.80735327E-06  4.35890108E-01  1.80923710E-02  8.21460039E-01 -3.21043967E-01 -3.18361819E-01  0.00000000E+00
    1221  2.94640181E-02  1.02496831E-03  1.78646537E-06  4.33170463E-01  1.81161328E-02  8.24812139E-01 -3.21000492E-01 -3.18320531E-01  0.00000000E+00
    1231  2.93482210E-02  1.01915102E-03  1.77498461E-06  4.30365546E-01  1.82308320E-02  8.20605190E-01 -3.20985359E-01 -3.18304155E-01  0.00000000E+00
    1241  2.93149062E-02  1.01581472E-03  1.76085262E-06  4.31182761E-01  1.80712064E-02  8.18769603E-01 -3.20976982E-01 -3.18295958E-01  0.00000000E+00
    1251  2.93731485E-02  1.01944060E-03  1.76959152E-06  4.32418901E-01  1.80952031E-02  8.12901794E-01 -3.20950393E-01 -3.18267850E-01  0.00000000E+00
    1261  2.92915516E-02  1.01523205E-03  1.75888706E-06  4.31165325E-01  1.81620017E-02  8.08725810E-01 -3.20911001E-01 -3.18229624E-01  0.00000000E+00
    1271  2.93399071E-02  1.01767796E-03  1.76060502E-06  4.33343413E-01  1.81170416E-02  8.14158574E-01 -3.20961038E-01 -3.18281633E-01  0.00000000E+00
    1281  2.92959050E-02  1.01429951E-03  1.74744359E-06  4.33826580E-01  1.80248266E-02  8.12706599E-01 -3.20989566E-01 -3.18308939E-01  0.00000000E+00
    1291  2.93525295E-02  1.01825579E-03  1.76046180E-06  4.34032396E-01  1.80982128E-02  8.09751194E-01 -3.21020812E-01 -3.18342196E-01  0.00000000E+00
    1301  2.93255534E-02  1.01615241E-03  1.75066102E-06  4.34850817E-01  1.80380949E-02  8.05642889E-01 -3.21038364E-01 -3.18361631E-01  0.00000000E+00
    1311  2.94176441E-02  1.02312652E-03  1.77923970E-06  4.33428761E-01  1.82187943E-02  8.01501560E-01 -3.21084210E-01 -3.18408433E-01  0.00000000E+00
    1321  2.93748213E-02  1.01886960E-03  1.76213068E-06  4.34178231E-01  1.80178968E-02  8.00039796E-01 -3.21073831E-01 -3.18396552E-01  0.00000000E+00
    1331  2.94571183E-02  1.02365048E-03  1.77456332E-06  4.35496220E-01  1.80108738E-02  7.97050544E-01 -3.21122988E-01 -3.18446201E-01  0.00000000E+00
    1341  2.93161737E-02  1.01547782E-03  1.75368837E-06  4.33121108E-01  1.80237076E-02  7.98651848E-01 -3.21058578E-01 -3.18382087E-01  0.00000000E+00
    1351  2.94683010E-02  1.02521025E-03  1.77841551E-06  4.35990910E-01  1.81149249E-02  8.02098501E-01 -3.21091635E-01 -3.18414496E-01  0.00000000E+00
    1361  2.95483567E-02  1.03029675E-03  1.78950152E-06  4.38064905E-01  1.81567248E-02  7.98838246E-01 -3.21121109E-01 -3.18443874E-01  0.00000000E+00
    1371  2.95809975E-02  1.03201542E-03  1.79265018E-06  4.38949546E-01  1.81323118E-02  8.00470960E-01 -3.21091424E-01 -3.18413897E-01  0.00000000E+00
    1381  2.95638363E-02  1.02984089E-03  1.78182535E-06  4.39979894E-01  1.79983764E-02  8.02081205E-01 -3.21076427E-01 -3.18398278E-01  0.00000000E+00
    1391  2.94681362E-02  1.02341081E-03  1.76310260E-06  4.38879246E-01  1.79081988E-02  7.98742492E-01 -3.21089376E-01 -3.18411584E-01  0.00000000E+00
    1401  2.94813757E-02  1.02462041E-03  1.76810303E-06  4.38615645E-01  1.79577677E-02  7.97431412E-01 -3.21094251E-01 -3.18417190E-01  0.00000000E+00
    1411  2.94681263E-02  1.02353327E-03  1.76126324E-06  4.39598757E-01  1.79224107E-02  8.00806365E-01 -3.21055058E-01 -3.18379077E-01  0.00000000E+00
    1421  2.95208991E-02  1.02543634E-03  1.75844333E-06  4.42570803E-01  1.77826542E-02  7.95877597E-01 -3.21046122E-01 -3.18370503E-01  0.00000000E+00
    1431  2.96519513E-02  1.03511002E-03  1.79320529E-06  4.42126498E-01  1.80043058E-02  8.06216224E-01 -3.21092512E-01 -3.18416847E-01  0.00000000E+00
    1441  2.95794857E-02  1.03015119E-03  1.77758437E-06  4.41649346E-01  1.79273108E-02  8.03072776E-01 -3.21087205E-01 -3.18411389E-01  0.00000000E+00
    1451  2.96110704E-02  1.03122615E-03  1.77602097E-06  4.43302850E-01  1.78355337E-02  8.00456346E-01 -3.21049716E-01 -3.18372490E-01  0.00000000E+00
    1461  2.96391243E-02  1.03285665E-03  1.77804338E-06  4.44427168E-01  1.78318717E-02  8.04312977E-01 -3.21081498E-01 -3.18404883E-01  0.00000000E+00
    1471  2.95901488E-02  1.02938420E-03  1.76621666E-06  4.44392979E-01  1.77658406E-02  7.99159719E-01 -3.21114509E-01 -3.18439353E-01  0.00000000E+00
    1481  2.96798679E-02  1.03505207E-03  1.78060414E-06  4.45984744E-01  1.78062930E-02  7.99470932E-01 -3.21116048E-01 -3.18441309E-01  0.00000000E+00
    1491  2.96738235E-02  1.03367573E-03  1.77192043E-06  4.47217457E-01  1.76887550E-02  8.01963779E-01 -3.21117057E-01 -3.18440155E-01  0.00000000E+00
    1501  2.96377439E-02  1.03147098E-03  1.76548045E-06  4.46869469E-01  1.76812681E-02  7.98653383E-01 -3.21135576E-01 -3.18458181E-01  0.00000000E+00
    1511  2.96246549E-02  1.03115607E-03  1.76505285E-06  4.46665625E-01  1.77344917E-02  7.94961080E-01 -3.21143247E-01 -3.18466405E-01  0.00000000E+00
    1521  2.96269399E-02  1.03083786E-03  1.76181589E-06  4.47339351E-01  1.76820978E-02  7.89754985E-01 -3.21161164E-01 -3.18485132E-01  0.00000000E+00
    1531  2.95663587E-02  1.02629277E-03  1.74681994E-06  4.47179233E-01  1.75713150E-02  7.83805110E-01 -3.21134966E-01 -3.18457942E-01  0.00000000E+00
    1541  2.95022596E-02  1.02148159E-03  1.73135798E-06  4.46898894E-01  1.74529287E-02  7.80601589E-01 -3.21134151E-01 -3.18455975E-01  0.00000000E+00
    1551  2.95737787E-02  1.02535538E-03  1.73754574E-06  4.49108379E-01  1.74123535E-02  7.80852834E-01 -3.21128495E-01 -3.18451412E-01  0.00000000E+00
    1561  2.94616013E-02  1.01863308E-03  1.72016435E-06  4.47397124E-01  1.74008183E-02  7.84005092E-01 -3.21122298E-01 -3.18445338E-01  0.00000000E+00
    1571  2.93994561E-02  1.01406522E-03  1.70524352E-06  4.47244110E-01  1.72957149E-02  7.79689966E-01 -3.21107553E-01 -3.18430894E-01  0.00000000E+00
    1581  2.93155014E-02  1.00929274E-03  1.69410227E-06  4.45649974E-01  1.73138403E-02  7.76342798E-01 -3.21126868E-01 -3.18447163E-01  0.00000000E+00
    1591  2.93081322E-02  1.00891227E-03  1.69420420E-06  4.45198415E-01  1.73197934E-02  7.78474083E-01 -3.21142531E-01 -3.18462368E-01  0.00000000E+00
    1601  2.93319356E-02  1.00987049E-03  1.69385316E-06  4.46365501E-01  1.72692453E-02  7.78361752E-01 -3.21143805E-01 -3.18464368E-01  0.00000000E+00
    1611  2.92603593E-02  1.00544491E-03  1.68076192E-06  4.45797625E-01  1.72424766E-02  7.72772626E-01 -3.21121627E-01 -3.18442439E-01  0.00000000E+00
    1621  2.92758470E-02  1.00749714E-03  1.68984905E-06  4.45068963E-01  1.73748055E-02  7.76527642E-01 -3.21097192E-01 -3.18417926E-01  0.00000000E+00
    1631  2.92688990E-02  1.00643152E-03  1.68505343E-06  4.45471381E-01  1.72987033E-02  7.76145383E-01 -3.21082784E-01 -3.18402934E-01  0.00000000E+00
    1641  2.92111873E-02  1.00300263E-03  1.67531830E-06  4.44899095E-01  1.72924772E-02  7.75372759E-01 -3.21048957E-01 -3.18367222E-01  0.00000000E+00
    1651  2.92103071E-02  1.00377115E-03  1.67916657E-06  4.44475639E-01  1.73871861E-02  7.70201586E-01 -3.21068644E-01 -3.18386907E-01  0.00000000E+00
    1661  2.91929662E-02  1.00225344E-03  1.67354440E-06  4.44657551E-01  1.73288620E-02  7.68130846E-01 -3.21055057E-01 -3.18374867E-01  0.00000000E+00
    1671  2.91673927E-02  1.00094906E-03  1.66971933E-06  4.44481826E-01  1.73505883E-02  7.73204172E-01 -3.21057435E-01 -3.18377268E-01  0.00000000E+00
    1681  2.91215833E-02  9.97974355E-04  1.66017247E-06  4.44360399E-01  1.73154139E-02  7.75889683E-01 -3.21035621E-01 -3.18355193E-01  0.00000000E+00
    1691  2.92107407E-02  1.00564051E-03  1.69344239E-06  4.41833651E-01  1.76001852E-02  7.72946075E-01 -3.21039182E-01 -3.18358807E-01  0.00000000E+00
    1701  2.93446404E-02  1.01568350E-03  1.73719726E-06  4.38679259E-01  1.78545821E-02  7.84176472E-01 -3.21060100E-01 -3.18380519E-01  0.00000000E+00
    1711  2.93689293E-02  1.01665808E-03  1.73699332E-06  4.39820698E-01  1.78024304E-02  7.84841019E-01 -3.21043935E-01 -3.18363671E-01  0.00000000E+00
    1721  2.95149623E-02  1.02708922E-03  1.76999422E-06  4.40713613E-01  1.80140569E-02  7.86711789E-01 -3.21070350E-01 -3.18389194E-01  0.00000000E+00
    1731  2.94802572E-02  1.02497515E-03  1.76312240E-06  4.40584444E-01  1.80063592E-02  7.88318020E-01 -3.21061431E-01 -3.18380625E-01  0.00000000E+00
    1741  2.95412523E-02  1.02784265E-03  1.76587168E-06  4.42833986E-01  1.79217479E-02  7.88372314E-01 -3.21045844E-01 -3.18364101E-01  0.00000000E+00
    1751  2.96300668E-02  1.03386352E-03  1.78175460E-06  4.44351421E-01  1.80101809E-02  7.88335913E-01 -3.21052405E-01 -3.18369328E-01  0.00000000E+00
    1761  2.95732782E-02  1.03058128E-03  1.77279103E-06  4.43619640E-01  1.80194017E-02  7.86634745E-01 -3.21078298E-01 -3.18396704E-01  0.00000000E+00
    1771  2.95292662E-02  1.02782536E-03  1.76482140E-06  4.43146636E-01  1.80015332E-02  7.88939547E-01 -3.21049154E-01 -3.18367282E-01  0.00000000E+00
    1781  2.95813492E-02  1.03299829E-03  1.78836556E-06  4.41355103E-01  1.82434366E-02  7.98984001E-01 -3.21023561E-01 -3.18341506E-01  0.00000000E+00
    1791  2.96136816E-02  1.03507267E-03  1.79568302E-06  4.41315358E-01  1.82619718E-02  7.95306592E-01 -3.21043331E-01 -3.18361913E-01  0.00000000E+00
    1801  2.95805777E-02  1.03368498E-03  1.79286030E-06  4.40694898E-01  1.83280261E-02  7.94431231E-01 -3.21072028E-01 -3.18390971E-01  0.00000000E+00
    1811  2.95679230E-02  1.03230276E-03  1.78613384E-06  4.41300130E-01  1.82548275E-02  7.97995177E-01 -3.21062654E-01 -3.18382234E-01  0.00000000E+00
    1821  2.95913294E-02  1.03289356E-03  1.78523570E-06  4.42219708E-01  1.81631265E-02  8.02445416E-01 -3.21076684E-01 -3.18396649E-01  0.00000000E+00
    1831  2.95565820E-02  1.03032239E-03  1.77641021E-06  4.42203566E-01  1.81035316E-02  8.03307485E-01 -3.21096846E-01 -3.18416874E-01  0.00000000E+00
    1841  2.94994884E-02  1.02628295E-03  1.76366462E-06  4.41837674E-01  1.80264060E-02  8.01477806E-01 -3.21082651E-01 -3.18403777E-01  0.00000000E+00
    1851  2.95189688E-02  1.02654700E-03  1.75996554E-06  4.43294859E-01  1.79241065E-02  8.07420148E-01 -3.21137880E-01 -3.18461118E-01  0.00000000E+00
    1861  2.95405307E-02  1.02844626E-03  1.77052048E-06  4.42022753E-01  1.79963940E-02  8.11257755E-01 -3.21153802E-01 -3.18476887E-01  0.00000000E+00
    1871  2.96214597E-02  1.03269804E-03  1.77611513E-06  4.44859191E-01  1.79344661E-02  8.08017459E-01 -3.21153258E-01 -3.18476186E-01  0.00000000E+00
    1881  2.96941208E-02  1.03822873E-03  1.80662909E-06  4.41321886E-01  1.80754721E-02  8.11559447E-01 -3.21164254E-01 -3.18487316E-01  0.00000000E+00
    1891  2.96704786E-02  1.03619564E-03  1.79832993E-06  4.41703896E-01  1.80027504E-02  8.07501217E-01 -3.21142984E-01 -3.18467327E-01  0.00000000E+00
    1901  2.96572512E-02  1.03442284E-03  1.78898365E-06  4.42700167E-01  1.78886242E-02  8.05162673E-01 -3.21137153E-01 -3.18462172E-01  0.00000000E+00
    1911  2.96512342E-02  1.03423173E-03  1.78912131E-06  4.42451290E-01  1.79077696E-02  8.06125267E-01 -3.21128098E-01 -3.18453144E-01  0.00000000E+00
    1921  2.96171343E-02  1.03194966E-03  1.78051359E-06  4.42676935E-01  1.78776189E-02  8.03988114E-01 -3.21108679E-01 -3.18433508E-01  0.00000000E+00
    1931  2.95423894E-02  1.02724380E-03  1.76747756E-06  4.41676904E-01  1.78448166E-02  8.04463442E-01 -3.21141175E-01 -3.18465402E-01  0.00000000E+00
    1941  2.95003729E-02  1.02422787E-03  1.75706481E-06  4.41692641E-01  1.77830011E-02  7.97953951E-01 -3.21130487E-01 -3.18454925E-01  0.00000000E+00
    1951  2.95214233E-02  1.02484867E-03  1.75566929E-06  4.42811716E-01  1.77111983E-02  8.01576188E-01 -3.21118667E-01 -3.18441640E-01  0.00000000E+00
    1961  2.95501203E-02  1.02705847E-03  1.77007741E-06  4.40653830E-01  1.77706412E-02  8.01503264E-01 -3.21126075E-01 -3.18450054E-01  0.00000000E+00
    1971  2.95467414E-02  1.02646913E-03  1.76554262E-06  4.41446004E-01  1.77256337E-02  7.98216294E-01 -3.21115807E-01 -3.18440418E-01  0.00000000E+00
    1981  2.96223666E-02  1.03423745E-03  1.81028197E-06  4.35863171E-01  1.81060726E-02  8.01508230E-01 -3.21107865E-01 -3.18432253E-01  0.00000000E+00
    1991  2.96023963E-02  1.03304981E-03  1.80670171E-06  4.35683596E-01  1.81055064E-02  7.99420579E-01 -3.21111819E-01 -3.18435625E-01  0.00000000E+00
   #Iter             <M>           <M^2>           <M^4>      U_{Binder}            \chi        C_v(tot)             <E>       <E_{exc}>       <E_{lsf}>
       1  3.20627624E-02  1.02802073E-03  1.05682662E-06  6.66666667E-01 -8.72656555E-18  5.30525629E-14 -3.25887704E-01 -3.23101469E-01  0.00000000E+00
      11  2.78217112E-02  9.71157742E-04  1.38787215E-06  5.09489112E-01  2.27676266E-02  3.75398533E-01 -3.22893420E-01 -3.20360393E-01  0.00000000E+00
      21  2.59556920E-02  8.00136415E-04  1.04209597E-06  4.57426737E-01  1.46045457E-02  6.66040644E-01 -3.19930367E-01 -3.17269781E-01  0.00000000E+00
      31  3.18396123E-02  1.21913944E-03  2.66561828E-06  4.02180689E-01  2.37226860E-02  9.26811757E-01 -3.20353450E-01 -3.17743401E-01  0.00000000E+00
      41  2.95244569E-02  1.06735607E-03  2.07308992E-06  3.93433760E-01  2.26004176E-02  8.55660752E-01 -3.20624781E-01 -3.18018953E-01  0.00000000E+00
      51  3.26567749E-02  1.23920436E-03  2.35929393E-06  4.87876234E-01  1.99526355E-02  8.11773053E-01 -3.20734530E-01 -3.18114562E-01  0.00000000E+00
      61  3.31617689E-02  1.27902177E-03  2.53457988E-06  4.83549315E-01  2.07126073E-02  8.88519127E-01 -3.21235576E-01 -3.18561499E-01  0.00000000E+00
      71  3.15492990E-02  1.16750539E-03  2.15981070E-06  4.71826453E-01  1.98842209E-02  8.85304398E-01 -3.21350879E-01 -3.18680546E-01  0.00000000E+00
      81  3.22868509E-02  1.19733658E-03  2.13785125E-06  5.02922933E-01  1.78915746E-02  8.77673792E-01 -3.22136705E-01 -3.19456465E-01  0.00000000E+00
      91  3.11720151E-02  1.11448289E-03  1.87661586E-06  4.96374954E-01  1.64930747E-02  9.20478279E-01 -3.21578353E-01 -3.18905201E-01  0.00000000E+00
     101  2.94973965E-02  1.01209491E-03  1.61307307E-06  4.75083406E-01  1.64018416E-02  1.03669688E+00 -3.20648548E-01 -3.17963606E-01  0.00000000E+00
     111  2.95512091E-02  1.00024055E-03  1.52559860E-06  4.91711699E-01  1.46655472E-02  9.55468558E-01 -3.20696908E-01 -3.18002665E-01  0.00000000E+00
     121  2.92966634E-02  9.80002388E-04  1.45512420E-06  4.94961438E-01  1.40581313E-02  8.73012896E-01 -3.20463426E-01 -3.17773190E-01  0.00000000E+00
     131  2.88176875E-02  9.59097924E-04  1.42036152E-06  4.85302875E-01  1.48587012E-02  8.95476483E-01 -3.20420765E-01 -3.17739002E-01  0.00000000E+00
     141  2.83733102E-02  9.43588725E-04  1.41803050E-06  4.69116985E-01  1.60028203E-02  8.53445588E-01 -3.20604031E-01 -3.17889054E-01  0.00000000E+00
     151  2.87536638E-02  9.70491065E-04  1.50278956E-06  4.68144284E-01  1.66004413E-02  8.38401029E-01 -3.20400141E-01 -3.17678353E-01  0.00000000E+00
     161  2.79260919E-02  9.38319548E-04  1.48196799E-06  4.38931301E-01  1.83024456E-02  8.35753705E-01 -3.20306489E-01 -3.17588383E-01  0.00000000E+00
     171  2.89373526E-02  1.00060299E-03  1.65516507E-06  4.48943074E-01  1.88545319E-02  9.46850980E-01 -3.20743686E-01 -3.18042059E-01  0.00000000E+00
     181  2.87279704E-02  9.75406908E-04  1.55228027E-06  4.56152386E-01  1.73388484E-02  8.95126133E-01 -3.20551522E-01 -3.17841582E-01  0.00000000E+00
     191  2.87870618E-02  9.69222529E-04  1.49966342E-06  4.67860446E-01  1.62319410E-02  8.79260400E-01 -3.20392961E-01 -3.17695941E-01  0.00000000E+00
     201  2.82682051E-02  9.33312020E-04  1.39920182E-06  4.64566685E-01  1.55034374E-02  8.47304817E-01 -3.20137914E-01 -3.17444939E-01  0.00000000E+00
     211  2.96297488E-02  1.03387792E-03  1.80339060E-06  4.37619791E-01  1.80140200E-02  8.63703756E-01 -3.20484149E-01 -3.17797599E-01  0.00000000E+00
     221  3.01480643E-02  1.06232174E-03  1.84502407E-06  4.55034961E-01  1.77206383E-02  8.38300541E-01 -3.20695691E-01 -3.18014616E-01  0.00000000E+00
     231  3.04081616E-02  1.08375260E-03  1.91531537E-06  4.56425930E-01  1.83767597E-02  8.47693158E-01 -3.20643329E-01 -3.17967173E-01  0.00000000E+00
     241  3.00947513E-02  1.06622882E-03  1.87088851E-06  4.51437876E-01  1.85429113E-02  8.70002828E-01 -3.20294984E-01 -3.17620550E-01  0.00000000E+00
     251  3.04132274E-02  1.08952297E-03  1.94519230E-06  4.53778860E-01  1.90076890E-02  8.26086063E-01 -3.20367816E-01 -3.17693109E-01  0.00000000E+00
     261  2.99216765E-02  1.06160226E-03  1.87170722E-06  4.46403939E-01  1.92083217E-02  8.29093615E-01 -3.20433144E-01 -3.17748735E-01  0.00000000E+00
     271  2.99539159E-02  1.05833020E-03  1.84095276E-06  4.52128113E-01  1.86074052E-02  8.09101043E-01 -3.20350615E-01 -3.17666569E-01  0.00000000E+00
     281  2.97555005E-02  1.04527663E-03  1.79802065E-06  4.51456669E-01  1.84680690E-02  8.16037602E-01 -3.20484103E-01 -3.17788071E-01  0.00000000E+00
     291  3.02450765E-02  1.07530320E-03  1.87245515E-06  4.60205705E-01  1.85433487E-02  8.04031065E-01 -3.20523693E-01 -3.17837007E-01  0.00000000E+00
     301  3.03551512E-02  1.08089161E-03  1.87644734E-06  4.64633945E-01  1.84183536E-02  7.63174901E-01 -3.20613345E-01 -3.17938361E-01  0.00000000E+00
     311  3.04436307E-02  1.08088380E-03  1.85043059E-06  4.72049110E-01  1.77960868E-02  7.54765857E-01 -3.20655505E-01 -3.17990633E-01  0.00000000E+00
     321  3.06211395E-02  1.08860203E-03  1.85433484E-06  4.78410762E-01  1.74355537E-02  8.03612559E-01 -3.20879694E-01 -3.18212000E-01  0.00000000E+00
     331  3.04708417E-02  1.08206088E-03  1.84126148E-06  4.75807476E-01  1.77405892E-02  8.05758622E-01 -3.20971969E-01 -3.18302692E-01  0.00000000E+00
     341  3.10602452E-02  1.11748173E-03  1.91642921E-06  4.88446968E-01  1.76428950E-02  8.16374301E-01 -3.21040642E-01 -3.18362508E-01  0.00000000E+00
     351  3.09223244E-02  1.10869268E-03  1.88790365E-06  4.88039787E-01  1.76151306E-02  8.11151541E-01 -3.20949873E-01 -3.18271466E-01  0.00000000E+00
     361  3.10779465E-02  1.11545850E-03  1.89160651E-06  4.93239550E-01  1.72821480E-02  8.46310749E-01 -3.20814428E-01 -3.18136046E-01  0.00000000E+00
     371  3.10818820E-02  1.10973277E-03  1.85341575E-06  4.98333883E-01  1.65925292E-02  8.17172167E-01 -3.20903249E-01 -3.18216421E-01  0.00000000E+00
     381  3.08222264E-02  1.09105045E-03  1.79659159E-06  4.96918395E-01  1.62912210E-02  8.40494643E-01 -3.20736702E-01 -3.18042163E-01  0.00000000E+00
     391  3.12297795E-02  1.12175913E-03  1.92126984E-06  4.91058474E-01  1.69171748E-02  8.19540053E-01 -3.20812101E-01 -3.18116470E-01  0.00000000E+00
     401  3.09699344E-02  1.10303164E-03  1.86369550E-06  4.89403584E-01  1.66208765E-02  8.02987764E-01 -3.20841226E-01 -3.18141598E-01  0.00000000E+00
     411  3.09714020E-02  1.10277446E-03  1.85059408E-06  4.92756472E-01  1.65806704E-02  7.83616377E-01 -3.20823418E-01 -3.18119815E-01  0.00000000E+00
     421  3.05175593E-02  1.07679220E-03  1.78813850E-06  4.85937296E-01  1.68029130E-02  7.84027084E-01 -3.20940097E-01 -3.18239815E-01  0.00000000E+00
     431  3.05892973E-02  1.08165717E-03  1.80017583E-06  4.87121604E-01  1.68585048E-02  7.94998179E-01 -3.21083813E-01 -3.18384512E-01  0.00000000E+00
     441  3.07476753E-02  1.09333907E-03  1.83866019E-06  4.87291544E-01  1.70857620E-02  7.77970764E-01 -3.21117080E-01 -3.18426832E-01  0.00000000E+00
     451  3.06673032E-02  1.08848066E-03  1.81885275E-06  4.88277101E-01  1.70947301E-02  7.58369704E-01 -3.21155199E-01 -3.18461947E-01  0.00000000E+00
     461  3.03943215E-02  1.06883477E-03  1.76275148E-06  4.85661914E-01  1.67508438E-02  7.39864714E-01 -3.21123534E-01 -3.18428950E-01  0.00000000E+00
     471  3.02944234E-02  1.05952962E-03  1.72776896E-06  4.86975373E-01  1.63763162E-02  7.44840612E-01 -3.21287082E-01 -3.18593391E-01  0.00000000E+00
     481  3.02179592E-02  1.05551221E-03  1.72069443E-06  4.85179333E-01  1.64467325E-02  7.32023700E-01 -3.21186952E-01 -3.18498021E-01  0.00000000E+00
     491  2.98805484E-02  1.03416748E-03  1.66599280E-06  4.80757649E-01  1.63235048E-02  7.09199750E-01 -3.21154443E-01 -3.18461577E-01  0.00000000E+00
     501  2.97204483E-02  1.02322131E-03  1.63165305E-06  4.80521698E-01  1.61613268E-02  7.04842379E-01 -3.21183062E-01 -3.18488799E-01  0.00000000E+00
     511  2.94828503E-02  1.01082776E-03  1.60829913E-06  4.75323937E-01  1.63545748E-02  6.98943441E-01 -3.21295768E-01 -3.18602867E-01  0.00000000E+00
     521  2.95282192E-02  1.01052216E-03  1.59412987E-06  4.79631787E-01  1.60100324E-02  7.06569747E-01 -3.21442987E-01 -3.18754476E-01  0.00000000E+00
     531  2.95227501E-02  1.01326889E-03  1.61393606E-06  4.76018862E-01  1.63646026E-02  6.98120285E-01 -3.21407972E-01 -3.18718806E-01  0.00000000E+00
     541  2.92028949E-02  9.95784095E-04  1.57350136E-06  4.71048935E-01  1.65146358E-02  6.97421921E-01 -3.21361173E-01 -3.18675081E-01  0.00000000E+00
     551  2.92033587E-02  9.95286335E-04  1.56988253E-06  4.71737455E-01  1.64540122E-02  7.07062342E-01 -3.21466495E-01 -3.18778907E-01  0.00000000E+00
     561  2.90811934E-02  9.86370307E-04  1.54155613E-06  4.71848999E-01  1.62465983E-02  7.22212068E-01 -3.21395140E-01 -3.18710041E-01  0.00000000E+00
     571  2.93464652E-02  1.00271272E-03  1.57559987E-06  4.77637934E-01  1.63439943E-02  7.18824316E-01 -3.21361412E-01 -3.18673445E-01  0.00000000E+00
     581  2.92608589E-02  9.95581873E-04  1.55157733E-06  4.78207046E-01  1.60998482E-02  7.41655988E-01 -3.21341169E-01 -3.18648201E-01  0.00000000E+00
     591  2.91552458E-02  9.90385983E-04  1.54255757E-06  4.75782933E-01  1.62123073E-02  7.48078130E-01 -3.21368756E-01 -3.18679966E-01  0.00000000E+00
     601  2.90757627E-02  9.83066343E-04  1.51617207E-06  4.77048296E-01  1.59014480E-02  7.53055599E-01 -3.21329373E-01 -3.18642384E-01  0.00000000E+00
     611  2.89949961E-02  9.79053756E-04  1.50328164E-06  4.77235578E-01  1.59797147E-02  7.41817458E-01 -3.21329094E-01 -3.18639036E-01  0.00000000E+00
     621  2.89746038E-02  9.79653438E-04  1.52008806E-06  4.72038130E-01  1.61855270E-02  7.62268731E-01 -3.21279417E-01 -3.18586180E-01  0.00000000E+00
     631  2.88912805E-02  9.76446334E-04  1.51036125E-06  4.71964865E-01  1.63720100E-02  7.58014108E-01 -3.21334923E-01 -3.18647791E-01  0.00000000E+00
     641  2.87472660E-02  9.66035971E-04  1.48020034E-06  4.71295936E-01  1.61283388E-02  7.60417065E-01 -3.21299014E-01 -3.18616336E-01  0.00000000E+00
     651  2.89558991E-02  9.80309359E-04  1.52380728E-06  4.71454363E-01  1.63864509E-02  7.65920817E-01 -3.21377632E-01 -3.18694482E-01  0.00000000E+00
     661  2.87757870E-02  9.68240860E-04  1.49094816E-06  4.69879650E-01  1.61935163E-02  7.59149405E-01 -3.21333655E-01 -3.18649869E-01  0.00000000E+00
     671  2.86484091E-02  9.62792520E-04  1.49411625E-06  4.62723655E-01  1.64090797E-02  7.78045304E-01 -3.21320335E-01 -3.18632408E-01  0.00000000E+00
     681  2.86978044E-02  9.65412631E-04  1.49693440E-06  4.64628115E-01  1.63845320E-02  7.76158613E-01 -3.21289036E-01 -3.18599179E-01  0.00000000E+00
     691  2.87333524E-02  9.70310287E-04  1.52689172E-06  4.59412856E-01  1.67144311E-02  7.80622158E-01 -3.21300740E-01 -3.18616575E-01  0.00000000E+00
     701  2.85971977E-02  9.64504572E-04  1.51646613E-06  4.56620963E-01  1.69454577E-02  7.77067252E-01 -3.21281619E-01 -3.18598548E-01  0.00000000E+00
     711  2.85742993E-02  9.60828937E-04  1.49886505E-06  4.58810788E-01  1.66721105E-02  7.82083778E-01 -3.21249996E-01 -3.18568567E-01  0.00000000E+00
     721  2.85357309E-02  9.55521876E-04  1.47601830E-06  4.61123531E-01  1.63135278E-02  7.71447338E-01 -3.21305658E-01 -3.18623789E-01  0.00000000E+00
     731  2.85216217E-02  9.54435129E-04  1.47383007E-06  4.60696389E-01  1.62809877E-02  7.65380416E-01 -3.21318881E-01 -3.18636129E-01  0.00000000E+00
     741  2.86514034E-02  9.61505699E-04  1.48708539E-06  4.63819611E-01  1.62406251E-02  7.55617055E-01 -3.21333494E-01 -3.18653715E-01  0.00000000E+00
     751  2.84913101E-02  9.52527949E-04  1.46494723E-06  4.61798046E-01  1.62603089E-02  7.51366997E-01 -3.21295947E-01 -3.18614333E-01  0.00000000E+00
     761  2.85607324E-02  9.64512333E-04  1.55218458E-06  4.43831304E-01  1.71871034E-02  7.62626583E-01 -3.21277597E-01 -3.18592387E-01  0.00000000E+00
     771  2.84684098E-02  9.56904322E-04  1.52600871E-06  4.44481245E-01  1.69164784E-02  7.57355932E-01 -3.21306780E-01 -3.18620690E-01  0.00000000E+00
     781  2.85366531E-02  9.58382755E-04  1.51820422E-06  4.49026187E-01  1.66379003E-02  7.45619550E-01 -3.21271304E-01 -3.18583406E-01  0.00000000E+00
     791  2.85866838E-02  9.60324445E-04  1.51850029E-06  4.51144961E-01  1.65320693E-02  7.42014179E-01 -3.21247049E-01 -3.18559972E-01  0.00000000E+00
     801  2.85299316E-02  9.54949484E-04  1.49824994E-06  4.52351104E-01  1.62856385E-02  7.48541943E-01 -3.21209699E-01 -3.18526751E-01  0.00000000E+00
     811  2.87888368E-02  9.72506369E-04  1.55109756E-06  4.53320296E-01  1.65994433E-02  7.79667727E-01 -3.21271276E-01 -3.18588414E-01  0.00000000E+00
     821  2.89356788E-02  9.81811735E-04  1.57558979E-06  4.55164415E-01  1.66951970E-02  7.68965566E-01 -3.21297999E-01 -3.18614629E-01  0.00000000E+00
     831  2.88588750E-02  9.76605191E-04  1.55977523E-06  4.54866706E-01  1.66065218E-02  7.62480887E-01 -3.21251241E-01 -3.18565713E-01  0.00000000E+00
     841  2.88393372E-02  9.73402400E-04  1.54452925E-06  4.56637006E-01  1.63667871E-02  7.60480436E-01 -3.21277092E-01 -3.18593593E-01  0.00000000E+00
     851  2.89821749E-02  9.81523336E-04  1.56248864E-06  4.59377203E-01  1.63508295E-02  7.76363358E-01 -3.21307567E-01 -3.18621632E-01  0.00000000E+00
     861  2.88831720E-02  9.74466013E-04  1.54108844E-06  4.59030332E-01  1.61973796E-02  7.72048634E-01 -3.21259431E-01 -3.18571989E-01  0.00000000E+00
     871  2.87953912E-02  9.69114378E-04  1.52613509E-06  4.58346380E-01  1.61640487E-02  7.90809125E-01 -3.21113434E-01 -3.18429291E-01  0.00000000E+00
     881  2.89669337E-02  9.79548137E-04  1.55147507E-06  4.61020829E-01  1.62246972E-02  7.96103928E-01 -3.21152359E-01 -3.18464884E-01  0.00000000E+00
     891  2.89230982E-02  9.75461017E-04  1.53587498E-06  4.61959737E-01  1.60457211E-02  7.82940719E-01 -3.21198146E-01 -3.18507537E-01  0.00000000E+00
     901  2.88790991E-02  9.72783604E-04  1.52805167E-06  4.61749674E-01  1.60302237E-02  7.80611659E-01 -3.21176471E-01 -3.18484462E-01  0.00000000E+00
     911  2.88317476E-02  9.70355383E-04  1.52111070E-06  4.61509649E-01  1.60653929E-02  7.75618644E-01 -3.21235179E-01 -3.18542774E-01  0.00000000E+00
     921  2.87364560E-02  9.63841538E-04  1.50176848E-06  4.61146816E-01  1.59466423E-02  7.78716188E-01 -3.21263446E-01 -3.18570259E-01  0.00000000E+00
     931  2.88084543E-02  9.69926264E-04  1.52751900E-06  4.58762441E-01  1.61709098E-02  7.77009859E-01 -3.21315100E-01 -3.18620896E-01  0.00000000E+00
     941  2.89457620E-02  9.77350512E-04  1.54066269E-06  4.62367368E-01  1.61124805E-02  7.75120483E-01 -3.21356063E-01 -3.18658891E-01  0.00000000E+00
     951  2.88072883E-02  9.69154285E-04  1.52119172E-06  4.60145337E-01  1.60895005E-02  7.68749847E-01 -3.21316858E-01 -3.18620981E-01  0.00000000E+00
     961  2.86858738E-02  9.63299875E-04  1.50948091E-06  4.57770226E-01  1.62195724E-02  7.75832646E-01 -3.21258840E-01 -3.18560717E-01  0.00000000E+00
     971  2.88228510E-02  9.72983676E-04  1.54495003E-06  4.56021074E-01  1.64282264E-02  7.80051249E-01 -3.21284471E-01 -3.18587596E-01  0.00000000E+00
     981  2.87466300E-02  9.67724574E-04  1.52849224E-06  4.55950464E-01  1.63276080E-02  7.79238923E-01 -3.21284592E-01 -3.18589204E-01  0.00000000E+00
     991  2.86706127E-02  9.63686940E-04  1.51840041E-06  4.55004255E-01  1.63653870E-02  7.72905184E-01 -3.21287624E-01 -3.18591356E-01  0.00000000E+00
    1001  2.87792723E-02  9.72825366E-04  1.54861748E-06  4.54552280E-01  1.66998892E-02  7.83311621E-01 -3.21207127E-01 -3.18512714E-01  0.00000000E+00
    1011  2.87461216E-02  9.71795936E-04  1.54633966E-06  4.54200062E-01  1.68012556E-02  7.75073009E-01 -3.21176286E-01 -3.18482525E-01  0.00000000E+00
    1021  2.87325310E-02  9.69004847E-04  1.53244128E-06  4.55985234E-01  1.65690959E-02  7.79953611E-01 -3.21129292E-01 -3.18437808E-01  0.00000000E+00
    1031  2.86738382E-02  9.64741651E-04  1.51944444E-06  4.55821334E-01  1.64658488E-02  7.79734088E-01 -3.21076857E-01 -3.18382916E-01  0.00000000E+00
    1041  2.88115525E-02  9.74813508E-04  1.54903553E-06  4.56628259E-01  1.67148009E-02  7.76609681E-01 -3.21105372E-01 -3.18413991E-01  0.00000000E+00
    1051  2.87513293E-02  9.69991579E-04  1.53275829E-06  4.56979169E-01  1.65582535E-02  7.79912362E-01 -3.21065514E-01 -3.18375984E-01  0.00000000E+00
    1061  2.89180198E-02  9.79748465E-04  1.55234785E-06  4.60938139E-01  1.65748807E-02  7.76899843E-01 -3.21099223E-01 -3.18409965E-01  0.00000000E+00
    1071  2.89551424E-02  9.82152189E-04  1.55760392E-06  4.61757238E-01  1.66043725E-02  7.79149297E-01 -3.21081875E-01 -3.18390788E-01  0.00000000E+00
    1081  2.88273058E-02  9.74836180E-04  1.54048121E-06  4.59654085E-01  1.66125391E-02  7.81423775E-01 -3.21015495E-01 -3.18323345E-01  0.00000000E+00
    1091  2.87581643E-02  9.70715296E-04  1.53064270E-06  4.58536951E-01  1.65964450E-02  7.80149188E-01 -3.21016994E-01 -3.18321891E-01  0.00000000E+00
    1101  2.88217767E-02  9.76592418E-04  1.55894453E-06  4.55142780E-01  1.68522151E-02  7.87075531E-01 -3.21013972E-01 -3.18319404E-01  0.00000000E+00
    1111  2.88579358E-02  9.79099202E-04  1.56413857E-06  4.56123144E-01  1.69008594E-02  7.88548110E-01 -3.21033473E-01 -3.18338728E-01  0.00000000E+00
    1121  2.88479170E-02  9.76641356E-04  1.55129233E-06  4.57871587E-01  1.66837399E-02  7.85394046E-01 -3.21007766E-01 -3.18312457E-01  0.00000000E+00
    1131  2.90061878E-02  9.87067461E-04  1.57989191E-06  4.59479152E-01  1.68303752E-02  7.80500210E-01 -3.21042448E-01 -3.18350315E-01  0.00000000E+00
    1141  2.89641494E-02  9.82969478E-04  1.56460352E-06  4.60237161E-01  1.66385173E-02  7.90353048E-01 -3.21031341E-01 -3.18339857E-01  0.00000000E+00
    1151  2.90288459E-02  9.88354610E-04  1.58333049E-06  4.59712731E-01  1.68271627E-02  7.85713494E-01 -3.21033211E-01 -3.18343131E-01  0.00000000E+00
    1161  2.91686147E-02  9.97407003E-04  1.61077991E-06  4.60277997E-01  1.69332215E-02  7.78610249E-01 -3.21020442E-01 -3.18330440E-01  0.00000000E+00
    1171  2.91362340E-02  9.95380079E-04  1.60391085E-06  4.60388645E-01  1.69171693E-02  7.87457129E-01 -3.21045647E-01 -3.18356351E-01  0.00000000E+00
    1181  2.90817758E-02  9.93793426E-04  1.60316888E-06  4.58914646E-01  1.71001086E-02  7.90377374E-01 -3.21060620E-01 -3.18372747E-01  0.00000000E+00
    1191  2.90847264E-02  9.93385138E-04  1.60243544E-06  4.58717521E-01  1.70331247E-02  7.91856095E-01 -3.21054108E-01 -3.18364657E-01  0.00000000E+00
    1201  2.93164174E-02  1.01209462E-03  1.68119119E-06  4.52916499E-01  1.76312745E-02  8.02996469E-01 -3.21069734E-01 -3.18378184E-01  0.00000000E+00
    1211  2.93588339E-02  1.01432515E-03  1.68525737E-06  4.54002574E-01  1.76014418E-02  7.99965649E-01 -3.21062325E-01 -3.18373025E-01  0.00000000E+00
    1221  2.91869834E-02  1.00529132E-03  1.66629895E-06  4.50398632E-01  1.77201020E-02  8.03061973E-01 -3.21017186E-01 -3.18328334E-01  0.00000000E+00
    1231  2.91263378E-02  1.00240700E-03  1.66363605E-06  4.48114627E-01  1.77954282E-02  7.99387192E-01 -3.21019883E-01 -3.18329004E-01  0.00000000E+00
    1241  2.92080467E-02  1.00694438E-03  1.67243093E-06  4.50185774E-01  1.77689695E-02  7.96874314E-01 -3.21026457E-01 -3.18338026E-01  0.00000000E+00
    1251  2.92361123E-02  1.00815758E-03  1.67305290E-06  4.51304266E-01  1.77196395E-02  7.96837743E-01 -3.21019756E-01 -3.18332062E-01  0.00000000E+00
    1261  2.91885586E-02  1.00598823E-03  1.66983044E-06  4.49996670E-01  1.77899797E-02  7.92077295E-01 -3.20996340E-01 -3.18309909E-01  0.00000000E+00
    1271  2.90984022E-02  1.00012944E-03  1.65429117E-06  4.48712333E-01  1.77202302E-02  7.93225764E-01 -3.20968654E-01 -3.18282179E-01  0.00000000E+00
    1281  2.91385691E-02  1.00234506E-03  1.65513071E-06  4.50868272E-01  1.77059558E-02  7.87551275E-01 -3.21005750E-01 -3.18319377E-01  0.00000000E+00
    1291  2.91729460E-02  1.00561962E-03  1.66744347E-06  4.50380179E-01  1.78526499E-02  7.85276024E-01 -3.20981270E-01 -3.18296546E-01  0.00000000E+00
    1301  2.90987578E-02  1.00014773E-03  1.65031129E-06  4.50058732E-01  1.77199525E-02  7.77198218E-01 -3.20973128E-01 -3.18289373E-01  0.00000000E+00
    1311  2.90820598E-02  1.00152148E-03  1.66277384E-06  4.47424797E-01  1.79908461E-02  7.74951839E-01 -3.20999338E-01 -3.18314619E-01  0.00000000E+00
    1321  2.91197061E-02  1.00287381E-03  1.66233345E-06  4.49059995E-01  1.78939646E-02  7.72768176E-01 -3.20991424E-01 -3.18307757E-01  0.00000000E+00
    1331  2.93120357E-02  1.01537712E-03  1.69599165E-06  4.51662804E-01  1.80400993E-02  7.70488192E-01 -3.21046071E-01 -3.18360981E-01  0.00000000E+00
    1341  2.92786541E-02  1.01258443E-03  1.68538563E-06  4.52082038E-01  1.79434388E-02  7.69621417E-01 -3.21000449E-01 -3.18317802E-01  0.00000000E+00
    1351  2.93018471E-02  1.01506094E-03  1.70319146E-06  4.48991898E-01  1.80725579E-02  7.71197756E-01 -3.21018494E-01 -3.18334866E-01  0.00000000E+00
    1361  2.93458264E-02  1.02026014E-03  1.73034659E-06  4.45897625E-01  1.83751765E-02  7.78452700E-01 -3.21039982E-01 -3.18356736E-01  0.00000000E+00
    1371  2.94785201E-02  1.03008490E-03  1.76703360E-06  4.44891970E-01  1.86084023E-02  7.77009290E-01 -3.21056286E-01 -3.18372087E-01  0.00000000E+00
    1381  2.95177828E-02  1.03237460E-03  1.77427812E-06  4.45085819E-01  1.86053231E-02  7.78255480E-01 -3.21088003E-01 -3.18405067E-01  0.00000000E+00
    1391  2.94952521E-02  1.03196206E-03  1.77345334E-06  4.44900221E-01  1.87112507E-02  7.82779151E-01 -3.21112771E-01 -3.18430731E-01  0.00000000E+00
    1401  2.95275652E-02  1.03324278E-03  1.77273751E-06  4.46498989E-01  1.86388875E-02  7.91421880E-01 -3.21109853E-01 -3.18429446E-01  0.00000000E+00
    1411  2.96040702E-02  1.03814971E-03  1.78275276E-06  4.48621424E-01  1.86831339E-02  8.04714133E-01 -3.21089598E-01 -3.18410866E-01  0.00000000E+00
    1421  2.95692984E-02  1.03558476E-03  1.77484359E-06  4.48345037E-01  1.86245276E-02  8.02559062E-01 -3.21070195E-01 -3.18395091E-01  0.00000000E+00
    1431  2.96548873E-02  1.04171195E-03  1.80029644E-06  4.46997015E-01  1.87467634E-02  8.08665031E-01 -3.21107650E-01 -3.18431892E-01  0.00000000E+00
    1441  2.96360999E-02  1.04115838E-03  1.80445201E-06  4.45130967E-01  1.88114877E-02  8.11787676E-01 -3.21100365E-01 -3.18425255E-01  0.00000000E+00
    1451  2.97072437E-02  1.04544318E-03  1.81147110E-06  4.47529252E-01  1.88187522E-02  8.05698976E-01 -3.21081884E-01 -3.18407069E-01  0.00000000E+00
    1461  2.96933742E-02  1.04486835E-03  1.80839305E-06  4.47861000E-01  1.88475169E-02  8.02736916E-01 -3.21080397E-01 -3.18405945E-01  0.00000000E+00
    1471  2.96702343E-02  1.04233216E-03  1.79804988E-06  4.48344184E-01  1.87132374E-02  7.98882464E-01 -3.21110113E-01 -3.18437619E-01  0.00000000E+00
    1481  2.97722822E-02  1.04798193E-03  1.80955322E-06  4.50784844E-01  1.86651618E-02  7.94031352E-01 -3.21118477E-01 -3.18446494E-01  0.00000000E+00
    1491  2.98255266E-02  1.05156998E-03  1.82103946E-06  4.51063959E-01  1.87130735E-02  7.91996868E-01 -3.21121962E-01 -3.18448636E-01  0.00000000E+00
    1501  2.98422165E-02  1.05131805E-03  1.81387325E-06  4.52962067E-01  1.85689459E-02  7.88082262E-01 -3.21139665E-01 -3.18467626E-01  0.00000000E+00
    1511  2.99185105E-02  1.05624415E-03  1.82850034E-06  4.53682441E-01  1.86113046E-02  7.85855496E-01 -3.21194811E-01 -3.18523562E-01  0.00000000E+00
    1521  2.98380040E-02  1.05109050E-03  1.81409457E-06  4.52658413E-01  1.85717015E-02  7.83694036E-01 -3.21206868E-01 -3.18533565E-01  0.00000000E+00
    1531  2.98186708E-02  1.04925925E-03  1.80587942E-06  4.53233524E-01  1.84934001E-02  7.77898492E-01 -3.21214366E-01 -3.18541456E-01  0.00000000E+00
    1541  2.97534565E-02  1.04542502E-03  1.79584856E-06  4.52274858E-01  1.84992588E-02  7.78047606E-01 -3.21221068E-01 -3.18549789E-01  0.00000000E+00
    1551  2.97267207E-02  1.04399136E-03  1.79330844E-06  4.51546348E-01  1.85173455E-02  7.87226427E-01 -3.21227307E-01 -3.18557439E-01  0.00000000E+00
    1561  2.96592807E-02  1.03927210E-03  1.77897059E-06  4.50978972E-01  1.84348428E-02  7.91289492E-01 -3.21229623E-01 -3.18559583E-01  0.00000000E+00
    1571  2.95970602E-02  1.03442770E-03  1.76347239E-06  4.50652531E-01  1.83011502E-02  7.83867980E-01 -3.21216007E-01 -3.18545625E-01  0.00000000E+00
    1581  2.94957578E-02  1.02827105E-03  1.74728739E-06  4.49156950E-01  1.82814666E-02  7.79428012E-01 -3.21215817E-01 -3.18544228E-01  0.00000000E+00
    1591  2.95081355E-02  1.02946297E-03  1.75185859E-06  4.48993989E-01  1.83347834E-02  7.79065933E-01 -3.21220275E-01 -3.18548625E-01  0.00000000E+00
    1601  2.95139959E-02  1.03017409E-03  1.75395201E-06  4.49096910E-01  1.83769698E-02  7.96303650E-01 -3.21258601E-01 -3.18585682E-01  0.00000000E+00
    1611  2.94715464E-02  1.02825370E-03  1.74977601E-06  4.48353787E-01  1.84443709E-02  7.93362738E-01 -3.21261279E-01 -3.18587596E-01  0.00000000E+00
    1621  2.95153555E-02  1.03174775E-03  1.76509336E-06  4.47287396E-01  1.85494683E-02  8.11940448E-01 -3.21249261E-01 -3.18574004E-01  0.00000000E+00
    1631  2.95931732E-02  1.03609398E-03  1.77185877E-06  4.49813980E-01  1.85201921E-02  8.12035607E-01 -3.21229703E-01 -3.18554482E-01  0.00000000E+00
    1641  2.95193173E-02  1.03106448E-03  1.75682849E-06  4.49146060E-01  1.84435314E-02  8.08430164E-01 -3.21202120E-01 -3.18526850E-01  0.00000000E+00
    1651  2.94907619E-02  1.02874255E-03  1.74739692E-06  4.49627274E-01  1.83699683E-02  8.06757780E-01 -3.21228359E-01 -3.18554348E-01  0.00000000E+00
    1661  2.94631150E-02  1.02815250E-03  1.75805057E-06  4.45635977E-01  1.84900766E-02  8.02147556E-01 -3.21217824E-01 -3.18542697E-01  0.00000000E+00
    1671  2.95293505E-02  1.03133899E-03  1.76096297E-06  4.48143590E-01  1.84068077E-02  8.06925474E-01 -3.21229339E-01 -3.18555486E-01  0.00000000E+00
    1681  2.94325496E-02  1.02479586E-03  1.74342803E-06  4.46639644E-01  1.83102941E-02  8.07728027E-01 -3.21207535E-01 -3.18532790E-01  0.00000000E+00
    1691  2.94016822E-02  1.02289991E-03  1.73679681E-06  4.46698977E-01  1.83010662E-02  8.05630094E-01 -3.21197116E-01 -3.18521432E-01  0.00000000E+00
    1701  2.94411598E-02  1.02584665E-03  1.75108357E-06  4.45347815E-01  1.83731153E-02  8.08947597E-01 -3.21195236E-01 -3.18518846E-01  0.00000000E+00
    1711  2.94450667E-02  1.02758750E-03  1.76786892E-06  4.41926789E-01  1.85476222E-02  8.19952063E-01 -3.21190887E-01 -3.18514666E-01  0.00000000E+00
    1721  2.95737805E-02  1.03660565E-03  1.79973325E-06  4.41710136E-01  1.87118280E-02  8.28452108E-01 -3.21241038E-01 -3.18564486E-01  0.00000000E+00
    1731  2.95275014E-02  1.03383870E-03  1.79208322E-06  4.41103555E-01  1.87081554E-02  8.27647235E-01 -3.21240426E-01 -3.18563281E-01  0.00000000E+00
    1741  2.95327235E-02  1.03314908E-03  1.78552379E-06  4.42405602E-01  1.85928745E-02  8.22689508E-01 -3.21232407E-01 -3.18554339E-01  0.00000000E+00
    1751  2.96930708E-02  1.04694554E-03  1.84892660E-06  4.37723115E-01  1.90895286E-02  8.19558054E-01 -3.21244890E-01 -3.18568362E-01  0.00000000E+00
    1761  2.97098141E-02  1.04845087E-03  1.85419745E-06  4.37738229E-01  1.91485213E-02  8.27651299E-01 -3.21264722E-01 -3.18588340E-01  0.00000000E+00
    1771  2.96441940E-02  1.04421753E-03  1.84033526E-06  4.37407769E-01  1.91094193E-02  8.26327701E-01 -3.21238442E-01 -3.18562265E-01  0.00000000E+00
    1781  2.96362528E-02  1.04396501E-03  1.84105655E-06  4.36914956E-01  1.91346264E-02  8.31213419E-01 -3.21204224E-01 -3.18527117E-01  0.00000000E+00
    1791  2.97051524E-02  1.04832532E-03  1.85402497E-06  4.37655856E-01  1.91660112E-02  8.35213564E-01 -3.21214618E-01 -3.18537317E-01  0.00000000E+00
    1801  2.96314274E-02  1.04357709E-03  1.84094102E-06  4.36531624E-01  1.91228535E-02  8.32868374E-01 -3.21221415E-01 -3.18544435E-01  0.00000000E+00
    1811  2.95969896E-02  1.04104533E-03  1.83189567E-06  4.36569696E-01  1.90660167E-02  8.29409493E-01 -3.21210569E-01 -3.18534548E-01  0.00000000E+00
    1821  2.96570599E-02  1.04475762E-03  1.83930916E-06  4.38302640E-01  1.90836754E-02  8.29061689E-01 -3.21213570E-01 -3.18537962E-01  0.00000000E+00
    1831  2.96632719E-02  1.04523786E-03  1.84319084E-06  4.37634346E-01  1.90965817E-02  8.30417715E-01 -3.21256272E-01 -3.18581362E-01  0.00000000E+00
    1841  2.95998814E-02  1.04218704E-03  1.83787591E-06  4.35968189E-01  1.91781184E-02  8.26750185E-01 -3.21261399E-01 -3.18586582E-01  0.00000000E+00
    1851  2.95420634E-02  1.03825740E-03  1.82524431E-06  4.35596531E-01  1.91191912E-02  8.20378064E-01 -3.21265052E-01 -3.18590201E-01  0.00000000E+00
    1861  2.95949562E-02  1.04183911E-03  1.83466021E-06  4.36578945E-01  1.91716062E-02  8.17808595E-01 -3.21277026E-01 -3.18601627E-01  0.00000000E+00
    1871  2.96506006E-02  1.04485016E-03  1.83845076E-06  4.38664229E-01  1.91386138E-02  8.12771869E-01 -3.21293719E-01 -3.18618846E-01  0.00000000E+00
    1881  2.95860927E-02  1.04057312E-03  1.82592605E-06  4.37895938E-01  1.90859648E-02  8.09456860E-01 -3.21297803E-01 -3.18623929E-01  0.00000000E+00
    1891  2.94639428E-02  1.03409451E-03  1.81085139E-06  4.35529706E-01  1.91707872E-02  8.09511718E-01 -3.21265943E-01 -3.18592117E-01  0.00000000E+00
    1901  2.94260981E-02  1.03150174E-03  1.80157072E-06  4.35595935E-01  1.91287312E-02  8.10917000E-01 -3.21271971E-01 -3.18598120E-01  0.00000000E+00
    1911  2.95293811E-02  1.03883798E-03  1.82700869E-06  4.35682233E-01  1.92727850E-02  8.11046738E-01 -3.21253719E-01 -3.18580108E-01  0.00000000E+00
    1921  2.94826328E-02  1.03564545E-03  1.81621345E-06  4.35552658E-01  1.92226763E-02  8.14204530E-01 -3.21196158E-01 -3.18521087E-01  0.00000000E+00
    1931  2.93764559E-02  1.02903218E-03  1.79942683E-06  4.33558548E-01  1.91806548E-02  8.13880183E-01 -3.21208756E-01 -3.18532740E-01  0.00000000E+00
    1941  2.93109970E-02  1.02475002E-03  1.78690464E-06  4.32789518E-01  1.91297698E-02  8.07749170E-01 -3.21189564E-01 -3.18514891E-01  0.00000000E+00
    1951  2.93160840E-02  1.02496583E-03  1.78722739E-06  4.32925938E-01  1.91202483E-02  8.05616315E-01 -3.21169201E-01 -3.18495644E-01  0.00000000E+00
    1961  2.93345965E-02  1.02525837E-03  1.78374144E-06  4.34354938E-01  1.90286251E-02  8.01558676E-01 -3.21171311E-01 -3.18498113E-01  0.00000000E+00
    1971  2.93238347E-02  1.02550227E-03  1.79075998E-06  4.32399368E-01  1.91297135E-02  8.03823519E-01 -3.21169120E-01 -3.18496205E-01  0.00000000E+00
    1981  2.93675528E-02  1.02931746E-03  1.80402130E-06  4.32427000E-01  1.92740179E-02  8.08670476E-01 -3.21171306E-01 -3.18498244E-01  0.00000000E+00
    1991  2.93119353E-02  1.02582450E-03  1.79442363E-06  4.31595397E-01  1.92475266E-02  8.07049387E-01 -3.21167619E-01 -3.18494643E-01  0.00000000E+00
