   #Iter             <M>           <M^2>           <M^4>      U_{Binder}            \chi        C_v(tot)             <E>       <E_{exc}>       <E_{lsf}>
       1  4.72693031E-01  2.23438702E-01  4.99248535E-02  6.66666667E-01 -3.61098339E-15 -8.64766513E-12 -1.10458826E+00 -1.10398524E+00  0.00000000E+00
      11  4.73414692E-01  2.24121892E-01  5.02310002E-02  6.66664160E-01  1.21736770E-04  4.32255252E-01 -1.10500731E+00 -1.10452488E+00  0.00000000E+00
      21  4.73375847E-01  2.24086148E-01  5.02159065E-02  6.66658006E-01  4.20512960E-04  1.19793498E+00 -1.10421106E+00 -1.10369502E+00  0.00000000E+00
      31  4.73734321E-01  2.24426186E-01  5.03688886E-02  6.66654916E-01  5.71487395E-04  1.49786503E+00 -1.10430107E+00 -1.10381076E+00  0.00000000E+00
      41  4.73821226E-01  2.24508291E-01  5.04055319E-02  6.66656357E-01  5.01626417E-04  1.15260848E+00 -1.10464765E+00 -1.10417064E+00  0.00000000E+00
      51  4.72445429E-01  2.23209680E-01  4.98270174E-02  6.66636852E-01  1.44281461E-03  1.03361022E+00 -1.10393868E+00 -1.10345681E+00  0.00000000E+00
      61  4.71712263E-01  2.22517621E-01  4.95186912E-02  6.66635702E-01  1.49068978E-03  9.07427419E-01 -1.10390336E+00 -1.10340781E+00  0.00000000E+00
      71  4.72252243E-01  2.23027068E-01  4.97454281E-02  6.66637481E-01  1.41111736E-03  9.91938502E-01 -1.10416419E+00 -1.10366789E+00  0.00000000E+00
      81  4.72862992E-01  2.23604597E-01  5.00036451E-02  6.66635804E-01  1.49811179E-03  9.65493172E-01 -1.10430861E+00 -1.10381044E+00  0.00000000E+00
      91  4.73204229E-01  2.23927009E-01  5.01475602E-02  6.66638382E-01  1.37638714E-03  9.41588074E-01 -1.10411741E+00 -1.10361433E+00  0.00000000E+00
     101  4.73476152E-01  2.24184026E-01  5.02623704E-02  6.66640848E-01  1.25881096E-03  9.61073407E-01 -1.10417887E+00 -1.10367476E+00  0.00000000E+00
     111  4.73389099E-01  2.24100950E-01  5.02245497E-02  6.66644670E-01  1.07139775E-03  8.28013319E-01 -1.10419664E+00 -1.10368688E+00  0.00000000E+00
     121  4.73310002E-01  2.24025557E-01  5.01903080E-02  6.66647685E-01  9.23747347E-04  7.53956317E-01 -1.10435700E+00 -1.10384602E+00  0.00000000E+00
     131  4.73229563E-01  2.23949289E-01  5.01560278E-02  6.66648432E-01  8.86671369E-04  9.05173578E-01 -1.10440865E+00 -1.10390124E+00  0.00000000E+00
     141  4.73266133E-01  2.23983616E-01  5.01711471E-02  6.66650142E-01  8.03665759E-04  8.67544666E-01 -1.10438956E+00 -1.10388181E+00  0.00000000E+00
     151  4.73328385E-01  2.24042360E-01  5.01973018E-02  6.66651240E-01  7.50531857E-04  9.29653450E-01 -1.10454517E+00 -1.10403594E+00  0.00000000E+00
     161  4.73410892E-01  2.24120355E-01  5.02321526E-02  6.66651940E-01  7.16760714E-04  9.68361211E-01 -1.10454371E+00 -1.10403571E+00  0.00000000E+00
     171  4.73439570E-01  2.24147454E-01  5.02442520E-02  6.66652265E-01  7.00941756E-04  9.41322523E-01 -1.10451446E+00 -1.10400669E+00  0.00000000E+00
     181  4.73568164E-01  2.24269488E-01  5.02992046E-02  6.66650752E-01  7.74489469E-04  1.01599487E+00 -1.10465503E+00 -1.10414966E+00  0.00000000E+00
     191  4.73586210E-01  2.24286373E-01  5.03065929E-02  6.66651984E-01  7.14623674E-04  1.12398886E+00 -1.10466277E+00 -1.10415874E+00  0.00000000E+00
     201  4.73623061E-01  2.24321256E-01  5.03222222E-02  6.66652119E-01  7.08142158E-04  1.17915375E+00 -1.10476893E+00 -1.10426613E+00  0.00000000E+00
     211  4.73698860E-01  2.24393005E-01  5.03543658E-02  6.66652466E-01  6.91603328E-04  1.20439322E+00 -1.10471132E+00 -1.10421168E+00  0.00000000E+00
     221  4.73647624E-01  2.24344587E-01  5.03327465E-02  6.66651746E-01  7.26417208E-04  1.16347566E+00 -1.10470796E+00 -1.10420700E+00  0.00000000E+00
     231  4.73521619E-01  2.24225378E-01  5.02793974E-02  6.66650907E-01  7.66746247E-04  1.18173679E+00 -1.10467427E+00 -1.10417564E+00  0.00000000E+00
     241  4.73493989E-01  2.24199182E-01  5.02676231E-02  6.66651083E-01  7.57971978E-04  1.15502464E+00 -1.10459583E+00 -1.10409638E+00  0.00000000E+00
     251  4.73476873E-01  2.24182859E-01  5.02602012E-02  6.66651765E-01  7.24689353E-04  1.12775234E+00 -1.10471376E+00 -1.10421254E+00  0.00000000E+00
     261  4.73484148E-01  2.24189652E-01  5.02631616E-02  6.66652332E-01  6.97097952E-04  1.16238930E+00 -1.10463797E+00 -1.10413820E+00  0.00000000E+00
     271  4.73512597E-01  2.24216567E-01  5.02752060E-02  6.66652495E-01  6.89232512E-04  1.18516014E+00 -1.10456182E+00 -1.10405800E+00  0.00000000E+00
     281  4.73576586E-01  2.24277215E-01  5.03024476E-02  6.66652231E-01  7.02224847E-04  1.16723441E+00 -1.10453604E+00 -1.10403358E+00  0.00000000E+00
     291  4.73590871E-01  2.24290681E-01  5.03084311E-02  6.66652610E-01  6.83812944E-04  1.14700460E+00 -1.10454419E+00 -1.10404138E+00  0.00000000E+00
     301  4.73612932E-01  2.24311509E-01  5.03177140E-02  6.66653014E-01  6.64210684E-04  1.14050677E+00 -1.10460163E+00 -1.10409969E+00  0.00000000E+00
     311  4.73628075E-01  2.24325799E-01  5.03240751E-02  6.66653344E-01  6.48209790E-04  1.19452230E+00 -1.10455312E+00 -1.10405202E+00  0.00000000E+00
     321  4.73619917E-01  2.24318064E-01  5.03205994E-02  6.66653381E-01  6.46314098E-04  1.23973388E+00 -1.10446102E+00 -1.10395639E+00  0.00000000E+00
     331  4.73552578E-01  2.24254288E-01  5.02919961E-02  6.66653340E-01  6.47954693E-04  1.22650234E+00 -1.10444835E+00 -1.10394191E+00  0.00000000E+00
     341  4.73558476E-01  2.24259857E-01  5.02944782E-02  6.66653445E-01  6.42942620E-04  1.18912915E+00 -1.10440509E+00 -1.10389492E+00  0.00000000E+00
     351  4.73524569E-01  2.24227692E-01  5.02800066E-02  6.66653747E-01  6.28058292E-04  1.17635132E+00 -1.10438939E+00 -1.10387795E+00  0.00000000E+00
     361  4.73496236E-01  2.24200828E-01  5.02679309E-02  6.66653937E-01  6.18642407E-04  1.18211624E+00 -1.10434654E+00 -1.10383541E+00  0.00000000E+00
     371  4.73511967E-01  2.24215650E-01  5.02745102E-02  6.66654384E-01  5.97003241E-04  1.16427936E+00 -1.10443142E+00 -1.10392064E+00  0.00000000E+00
     381  4.73543182E-01  2.24245247E-01  5.02878145E-02  6.66654180E-01  6.07001591E-04  1.22217641E+00 -1.10453501E+00 -1.10402579E+00  0.00000000E+00
     391  4.73575784E-01  2.24276068E-01  5.03015868E-02  6.66654525E-01  5.90385030E-04  1.23288214E+00 -1.10460647E+00 -1.10409800E+00  0.00000000E+00
     401  4.73578171E-01  2.24278322E-01  5.03025928E-02  6.66654561E-01  5.88624508E-04  1.24445144E+00 -1.10455713E+00 -1.10404838E+00  0.00000000E+00
     411  4.73589679E-01  2.24289342E-01  5.03076433E-02  6.66653849E-01  6.23242473E-04  1.37515890E+00 -1.10459913E+00 -1.10409033E+00  0.00000000E+00
     421  4.73583420E-01  2.24283388E-01  5.03049495E-02  6.66654001E-01  6.15832419E-04  1.34382000E+00 -1.10461429E+00 -1.10410569E+00  0.00000000E+00
     431  4.73591997E-01  2.24291574E-01  5.03086775E-02  6.66653632E-01  6.33676851E-04  1.35627796E+00 -1.10455282E+00 -1.10404506E+00  0.00000000E+00
     441  4.73663441E-01  2.24359287E-01  5.03390908E-02  6.66653415E-01  6.44501183E-04  1.33639600E+00 -1.10454151E+00 -1.10403327E+00  0.00000000E+00
     451  4.73690368E-01  2.24384758E-01  5.03504861E-02  6.66653647E-01  6.33302473E-04  1.30827433E+00 -1.10459150E+00 -1.10408251E+00  0.00000000E+00
     461  4.73686504E-01  2.24381079E-01  5.03488192E-02  6.66653754E-01  6.28141701E-04  1.29017568E+00 -1.10455544E+00 -1.10404763E+00  0.00000000E+00
     471  4.73702573E-01  2.24396286E-01  5.03556285E-02  6.66653855E-01  6.23245409E-04  1.29740324E+00 -1.10459788E+00 -1.10409126E+00  0.00000000E+00
     481  4.73658271E-01  2.24354398E-01  5.03369050E-02  6.66653363E-01  6.47040175E-04  1.29053975E+00 -1.10456649E+00 -1.10406026E+00  0.00000000E+00
     491  4.73630126E-01  2.24327699E-01  5.03248909E-02  6.66653588E-01  6.35934164E-04  1.30841316E+00 -1.10455726E+00 -1.10405223E+00  0.00000000E+00
     501  4.73615282E-01  2.24313582E-01  5.03185073E-02  6.66653919E-01  6.19761669E-04  1.29562466E+00 -1.10449633E+00 -1.10399138E+00  0.00000000E+00
     511  4.73612035E-01  2.24310533E-01  5.03171643E-02  6.66653756E-01  6.27607407E-04  1.30700802E+00 -1.10453386E+00 -1.10402879E+00  0.00000000E+00
     521  4.73555156E-01  2.24256710E-01  5.02930657E-02  6.66653452E-01  6.42192922E-04  1.32557044E+00 -1.10451997E+00 -1.10401548E+00  0.00000000E+00
     531  4.73576648E-01  2.24277030E-01  5.03021484E-02  6.66653664E-01  6.32000714E-04  1.29516129E+00 -1.10451784E+00 -1.10401263E+00  0.00000000E+00
     541  4.73576285E-01  2.24276645E-01  5.03019379E-02  6.66653913E-01  6.19905828E-04  1.27644626E+00 -1.10450013E+00 -1.10399522E+00  0.00000000E+00
     551  4.73597679E-01  2.24296860E-01  5.03109626E-02  6.66654203E-01  6.05913754E-04  1.25257354E+00 -1.10452701E+00 -1.10402340E+00  0.00000000E+00
     561  4.73607979E-01  2.24306581E-01  5.03152917E-02  6.66654414E-01  5.95691379E-04  1.25844516E+00 -1.10449606E+00 -1.10399201E+00  0.00000000E+00
     571  4.73591120E-01  2.24290600E-01  5.03081113E-02  6.66654487E-01  5.92100622E-04  1.25220077E+00 -1.10447758E+00 -1.10397356E+00  0.00000000E+00
     581  4.73577916E-01  2.24278095E-01  5.03025033E-02  6.66654476E-01  5.92614574E-04  1.25188690E+00 -1.10449987E+00 -1.10399634E+00  0.00000000E+00
     591  4.73490630E-01  2.24195623E-01  5.02656894E-02  6.66653322E-01  6.48630119E-04  1.23109381E+00 -1.10447574E+00 -1.10397155E+00  0.00000000E+00
     601  4.73437335E-01  2.24145184E-01  5.02431010E-02  6.66653150E-01  6.56747157E-04  1.21540276E+00 -1.10449453E+00 -1.10399022E+00  0.00000000E+00
     611  4.73389227E-01  2.24099666E-01  5.02227260E-02  6.66652957E-01  6.65940351E-04  1.20493635E+00 -1.10450586E+00 -1.10400091E+00  0.00000000E+00
     621  4.73307835E-01  2.24022824E-01  5.01884790E-02  6.66651700E-01  7.26991304E-04  1.26629393E+00 -1.10441026E+00 -1.10390512E+00  0.00000000E+00
     631  4.73250150E-01  2.23968268E-01  5.01640793E-02  6.66651421E-01  7.40277269E-04  1.23467687E+00 -1.10440516E+00 -1.10389925E+00  0.00000000E+00
     641  4.73241385E-01  2.23959996E-01  5.01603955E-02  6.66651278E-01  7.47247738E-04  1.21724100E+00 -1.10440366E+00 -1.10389733E+00  0.00000000E+00
     651  4.73238742E-01  2.23957462E-01  5.01592306E-02  6.66651475E-01  7.37633910E-04  1.22963267E+00 -1.10441671E+00 -1.10390976E+00  0.00000000E+00
     661  4.73254223E-01  2.23972067E-01  5.01657310E-02  6.66651755E-01  7.24128819E-04  1.20980375E+00 -1.10442594E+00 -1.10391960E+00  0.00000000E+00
     671  4.73281402E-01  2.23997799E-01  5.01772639E-02  6.66651720E-01  7.25877662E-04  1.24269134E+00 -1.10446974E+00 -1.10396236E+00  0.00000000E+00
     681  4.73277357E-01  2.23993938E-01  5.01755053E-02  6.66651910E-01  7.16604819E-04  1.22534907E+00 -1.10445014E+00 -1.10394328E+00  0.00000000E+00
     691  4.73263213E-01  2.23980500E-01  5.01694402E-02  6.66652208E-01  7.02033100E-04  1.20994274E+00 -1.10443326E+00 -1.10392555E+00  0.00000000E+00
     701  4.73258473E-01  2.23975956E-01  5.01673530E-02  6.66652551E-01  6.85341347E-04  1.20129357E+00 -1.10440940E+00 -1.10390252E+00  0.00000000E+00
     711  4.73254411E-01  2.23972067E-01  5.01655716E-02  6.66652813E-01  6.72604468E-04  1.19179061E+00 -1.10444245E+00 -1.10393606E+00  0.00000000E+00
     721  4.73196710E-01  2.23917559E-01  5.01412503E-02  6.66652194E-01  7.02516272E-04  1.18820729E+00 -1.10441245E+00 -1.10390499E+00  0.00000000E+00
     731  4.73110177E-01  2.23835893E-01  5.01048804E-02  6.66650877E-01  7.66338388E-04  1.16105212E+00 -1.10439532E+00 -1.10388926E+00  0.00000000E+00
     741  4.73071832E-01  2.23799615E-01  5.00886433E-02  6.66650856E-01  7.67102040E-04  1.14769505E+00 -1.10438167E+00 -1.10387691E+00  0.00000000E+00
     751  4.73084757E-01  2.23811837E-01  5.00941089E-02  6.66650893E-01  7.65308030E-04  1.13730359E+00 -1.10438185E+00 -1.10387631E+00  0.00000000E+00
     761  4.73116465E-01  2.23841838E-01  5.01075377E-02  6.66650904E-01  7.64905547E-04  1.13228479E+00 -1.10439874E+00 -1.10389354E+00  0.00000000E+00
     771  4.73135570E-01  2.23859907E-01  5.01156191E-02  6.66650962E-01  7.62161749E-04  1.13649608E+00 -1.10437394E+00 -1.10386903E+00  0.00000000E+00
     781  4.73111704E-01  2.23837297E-01  5.01054727E-02  6.66651117E-01  7.54476370E-04  1.12549163E+00 -1.10437221E+00 -1.10386717E+00  0.00000000E+00
     791  4.73073972E-01  2.23801639E-01  5.00895494E-02  6.66650856E-01  7.66973639E-04  1.12267620E+00 -1.10433899E+00 -1.10383354E+00  0.00000000E+00
     801  4.73072016E-01  2.23799758E-01  5.00886803E-02  6.66651036E-01  7.58220176E-04  1.12977940E+00 -1.10434006E+00 -1.10383427E+00  0.00000000E+00
     811  4.73049493E-01  2.23778457E-01  5.00791535E-02  6.66650985E-01  7.60602080E-04  1.13892458E+00 -1.10435938E+00 -1.10385419E+00  0.00000000E+00
     821  4.73046205E-01  2.23775307E-01  5.00777094E-02  6.66651215E-01  7.49453336E-04  1.13515764E+00 -1.10433049E+00 -1.10382489E+00  0.00000000E+00
     831  4.73071843E-01  2.23799558E-01  5.00885582E-02  6.66651254E-01  7.47679758E-04  1.12059452E+00 -1.10433371E+00 -1.10382786E+00  0.00000000E+00
     841  4.73064369E-01  2.23792439E-01  5.00853296E-02  6.66651534E-01  7.34054957E-04  1.13502155E+00 -1.10431709E+00 -1.10381045E+00  0.00000000E+00
   #Iter             <M>           <M^2>           <M^4>      U_{Binder}            \chi        C_v(tot)             <E>       <E_{exc}>       <E_{lsf}>
       1  4.73424162E-01  2.24130437E-01  5.02344530E-02  6.66666667E-01 -3.42533317E-15 -1.26626338E-11 -1.10607321E+00 -1.10546248E+00  0.00000000E+00
      11  4.73829372E-01  2.24515151E-01  5.04078387E-02  6.66661470E-01  2.53133856E-04  9.87956297E-01 -1.10458680E+00 -1.10408023E+00  0.00000000E+00
      21  4.72864179E-01  2.23602520E-01  4.99998635E-02  6.66654822E-01  5.73906722E-04  1.50891625E+00 -1.10422932E+00 -1.10370707E+00  0.00000000E+00
      31  4.73244190E-01  2.23962492E-01  5.01613702E-02  6.66652229E-01  7.01149328E-04  2.20944499E+00 -1.10424813E+00 -1.10374518E+00  0.00000000E+00
      41  4.73195751E-01  2.23916287E-01  5.01403538E-02  6.66654366E-01  5.97187722E-04  1.74442589E+00 -1.10430743E+00 -1.10382339E+00  0.00000000E+00
      51  4.72601222E-01  2.23354173E-01  4.98891054E-02  6.66653179E-01  6.52175740E-04  1.27577422E+00 -1.10407891E+00 -1.10358500E+00  0.00000000E+00
      61  4.72189916E-01  2.22965654E-01  4.97157688E-02  6.66652680E-01  6.74903196E-04  1.07537341E+00 -1.10433321E+00 -1.10382609E+00  0.00000000E+00
      71  4.72485929E-01  2.23245346E-01  4.98406217E-02  6.66652371E-01  6.90926723E-04  1.03429440E+00 -1.10441008E+00 -1.10390232E+00  0.00000000E+00
      81  4.72983528E-01  2.23716228E-01  5.00514638E-02  6.66649928E-01  8.11473071E-04  8.55271193E-01 -1.10446903E+00 -1.10396184E+00  0.00000000E+00
      91  4.73323880E-01  2.24038431E-01  5.01958471E-02  6.66649212E-01  8.47933210E-04  8.08534667E-01 -1.10431814E+00 -1.10381169E+00  0.00000000E+00
     101  4.73496184E-01  2.24201243E-01  5.02685313E-02  6.66651191E-01  7.52843357E-04  7.92671719E-01 -1.10425476E+00 -1.10374621E+00  0.00000000E+00
     111  4.73451851E-01  2.24158881E-01  5.02491966E-02  6.66653447E-01  6.42753687E-04  7.41054502E-01 -1.10418501E+00 -1.10367587E+00  0.00000000E+00
     121  4.73530763E-01  2.24233397E-01  5.02824191E-02  6.66654714E-01  5.81490916E-04  6.98017613E-01 -1.10434985E+00 -1.10383961E+00  0.00000000E+00
     131  4.73422145E-01  2.24130549E-01  5.02363125E-02  6.66654659E-01  5.83652913E-04  8.17587238E-01 -1.10437211E+00 -1.10386577E+00  0.00000000E+00
     141  4.73480209E-01  2.24185391E-01  5.02607754E-02  6.66655486E-01  5.43626535E-04  8.29891480E-01 -1.10437619E+00 -1.10387313E+00  0.00000000E+00
     151  4.73543704E-01  2.24245430E-01  5.02876167E-02  6.66656036E-01  5.17071207E-04  8.30589937E-01 -1.10448346E+00 -1.10398302E+00  0.00000000E+00
     161  4.73721172E-01  2.24413656E-01  5.03631988E-02  6.66655350E-01  5.50789014E-04  9.00958121E-01 -1.10445690E+00 -1.10396122E+00  0.00000000E+00
     171  4.73687590E-01  2.24381803E-01  5.03488696E-02  6.66655570E-01  5.39938108E-04  8.61693629E-01 -1.10443923E+00 -1.10394131E+00  0.00000000E+00
     181  4.73619057E-01  2.24316890E-01  5.03197506E-02  6.66655514E-01  5.42499539E-04  9.01460001E-01 -1.10452488E+00 -1.10402615E+00  0.00000000E+00
     191  4.73515767E-01  2.24219052E-01  5.02758592E-02  6.66655554E-01  5.40119214E-04  1.04018851E+00 -1.10447950E+00 -1.10398192E+00  0.00000000E+00
     201  4.73548611E-01  2.24250172E-01  5.02898289E-02  6.66655469E-01  5.44275809E-04  1.10557754E+00 -1.10461488E+00 -1.10411458E+00  0.00000000E+00
     211  4.73623089E-01  2.24320642E-01  5.03213742E-02  6.66655910E-01  5.23181713E-04  1.07656517E+00 -1.10458769E+00 -1.10408595E+00  0.00000000E+00
     221  4.73675498E-01  2.24370367E-01  5.03437561E-02  6.66655447E-01  5.45615505E-04  1.04867334E+00 -1.10452842E+00 -1.10402315E+00  0.00000000E+00
     231  4.73578101E-01  2.24278198E-01  5.03024848E-02  6.66654906E-01  5.71704192E-04  1.06697045E+00 -1.10454261E+00 -1.10403824E+00  0.00000000E+00
     241  4.73580805E-01  2.24280746E-01  5.03036161E-02  6.66654982E-01  5.67978464E-04  1.02992156E+00 -1.10448983E+00 -1.10398259E+00  0.00000000E+00
     251  4.73568446E-01  2.24268931E-01  5.02982193E-02  6.66655627E-01  5.36558916E-04  1.00342104E+00 -1.10461162E+00 -1.10410099E+00  0.00000000E+00
     261  4.73619539E-01  2.24317319E-01  5.03199188E-02  6.66655674E-01  5.34435831E-04  1.02693686E+00 -1.10455094E+00 -1.10404071E+00  0.00000000E+00
     271  4.73662052E-01  2.24357550E-01  5.03379338E-02  6.66655915E-01  5.22858456E-04  1.05983456E+00 -1.10452833E+00 -1.10401690E+00  0.00000000E+00
     281  4.73647653E-01  2.24343991E-01  5.03319226E-02  6.66655433E-01  5.46340187E-04  1.08119333E+00 -1.10452431E+00 -1.10401310E+00  0.00000000E+00
     291  4.73627475E-01  2.24324864E-01  5.03233298E-02  6.66655506E-01  5.42792389E-04  1.10656059E+00 -1.10448299E+00 -1.10397278E+00  0.00000000E+00
     301  4.73654072E-01  2.24350038E-01  5.03346052E-02  6.66655634E-01  5.36572014E-04  1.07978817E+00 -1.10450940E+00 -1.10399830E+00  0.00000000E+00
     311  4.73685531E-01  2.24379849E-01  5.03479911E-02  6.66655581E-01  5.39221115E-04  1.09330305E+00 -1.10452486E+00 -1.10401406E+00  0.00000000E+00
     321  4.73675897E-01  2.24370709E-01  5.03438770E-02  6.66655662E-01  5.35229196E-04  1.14801311E+00 -1.10448913E+00 -1.10397575E+00  0.00000000E+00
     331  4.73658233E-01  2.24353977E-01  5.03363703E-02  6.66655651E-01  5.35735032E-04  1.13012766E+00 -1.10445810E+00 -1.10394188E+00  0.00000000E+00
     341  4.73687141E-01  2.24381350E-01  5.03486423E-02  6.66655729E-01  5.32014866E-04  1.09010902E+00 -1.10445076E+00 -1.10393423E+00  0.00000000E+00
     351  4.73623745E-01  2.24321306E-01  5.03217103E-02  6.66655657E-01  5.35275501E-04  1.11843456E+00 -1.10441993E+00 -1.10390130E+00  0.00000000E+00
     361  4.73570799E-01  2.24271139E-01  5.02991907E-02  6.66655752E-01  5.30411421E-04  1.13260633E+00 -1.10439368E+00 -1.10387498E+00  0.00000000E+00
     371  4.73536027E-01  2.24238195E-01  5.02844050E-02  6.66655814E-01  5.27278774E-04  1.11458216E+00 -1.10442403E+00 -1.10390681E+00  0.00000000E+00
     381  4.73523936E-01  2.24226740E-01  5.02792639E-02  6.66655840E-01  5.26070283E-04  1.16799539E+00 -1.10451632E+00 -1.10400035E+00  0.00000000E+00
     391  4.73570862E-01  2.24271175E-01  5.02991860E-02  6.66655890E-01  5.23759436E-04  1.22055820E+00 -1.10464525E+00 -1.10412976E+00  0.00000000E+00
     401  4.73611384E-01  2.24309553E-01  5.03163991E-02  6.66655912E-01  5.22813275E-04  1.21542790E+00 -1.10463279E+00 -1.10411866E+00  0.00000000E+00
     411  4.73596877E-01  2.24295902E-01  5.03103558E-02  6.66655376E-01  5.48866957E-04  1.28736689E+00 -1.10466153E+00 -1.10414862E+00  0.00000000E+00
     421  4.73562470E-01  2.24263306E-01  5.02957274E-02  6.66655419E-01  5.46668996E-04  1.25980704E+00 -1.10464727E+00 -1.10413513E+00  0.00000000E+00
     431  4.73559119E-01  2.24260132E-01  5.02943035E-02  6.66655420E-01  5.46492901E-04  1.26175658E+00 -1.10456964E+00 -1.10405837E+00  0.00000000E+00
     441  4.73625823E-01  2.24323364E-01  5.03227152E-02  6.66655118E-01  5.61360805E-04  1.27321327E+00 -1.10453292E+00 -1.10402085E+00  0.00000000E+00
     451  4.73622223E-01  2.24319891E-01  5.03210998E-02  6.66655496E-01  5.42980516E-04  1.24730700E+00 -1.10456616E+00 -1.10405255E+00  0.00000000E+00
     461  4.73619756E-01  2.24317567E-01  5.03200686E-02  6.66655420E-01  5.46693154E-04  1.25353310E+00 -1.10453076E+00 -1.10401835E+00  0.00000000E+00
     471  4.73633321E-01  2.24330412E-01  5.03258281E-02  6.66655444E-01  5.45528606E-04  1.25121270E+00 -1.10456611E+00 -1.10405442E+00  0.00000000E+00
     481  4.73561140E-01  2.24262215E-01  5.02953888E-02  6.66654420E-01  5.95323497E-04  1.24896974E+00 -1.10451472E+00 -1.10400439E+00  0.00000000E+00
     491  4.73551873E-01  2.24253391E-01  5.02913891E-02  6.66654699E-01  5.81759520E-04  1.25175255E+00 -1.10448990E+00 -1.10397884E+00  0.00000000E+00
     501  4.73548657E-01  2.24250282E-01  5.02899383E-02  6.66655072E-01  5.63605358E-04  1.24980244E+00 -1.10442732E+00 -1.10391666E+00  0.00000000E+00
     511  4.73576289E-01  2.24276467E-01  5.03016957E-02  6.66654990E-01  5.67579329E-04  1.26493863E+00 -1.10446904E+00 -1.10395843E+00  0.00000000E+00
     521  4.73545340E-01  2.24247144E-01  5.02885346E-02  6.66655048E-01  5.64630309E-04  1.27199774E+00 -1.10446698E+00 -1.10395745E+00  0.00000000E+00
     531  4.73552264E-01  2.24253640E-01  5.02913918E-02  6.66655419E-01  5.46612630E-04  1.28457023E+00 -1.10445387E+00 -1.10394383E+00  0.00000000E+00
     541  4.73551890E-01  2.24253249E-01  5.02911841E-02  6.66655636E-01  5.36104532E-04  1.27433041E+00 -1.10443475E+00 -1.10392557E+00  0.00000000E+00
     551  4.73605968E-01  2.24304502E-01  5.03142034E-02  6.66655445E-01  5.45532182E-04  1.25980275E+00 -1.10447727E+00 -1.10396814E+00  0.00000000E+00
     561  4.73638617E-01  2.24335425E-01  5.03280732E-02  6.66655471E-01  5.44385887E-04  1.23989911E+00 -1.10446469E+00 -1.10395540E+00  0.00000000E+00
     571  4.73639143E-01  2.24335892E-01  5.03282555E-02  6.66655652E-01  5.35568549E-04  1.23200013E+00 -1.10445213E+00 -1.10394337E+00  0.00000000E+00
     581  4.73626555E-01  2.24323967E-01  5.03229036E-02  6.66655661E-01  5.35136605E-04  1.24379901E+00 -1.10446533E+00 -1.10395639E+00  0.00000000E+00
     591  4.73597480E-01  2.24296431E-01  5.03105546E-02  6.66655630E-01  5.36542144E-04  1.23804344E+00 -1.10445677E+00 -1.10394863E+00  0.00000000E+00
     601  4.73549980E-01  2.24251466E-01  5.02904072E-02  6.66655483E-01  5.43505648E-04  1.21178337E+00 -1.10446692E+00 -1.10395956E+00  0.00000000E+00
     611  4.73538908E-01  2.24240975E-01  5.02856975E-02  6.66655511E-01  5.42075849E-04  1.19713323E+00 -1.10449539E+00 -1.10398757E+00  0.00000000E+00
     621  4.73467086E-01  2.24173175E-01  5.02554877E-02  6.66654229E-01  6.04549621E-04  1.24054197E+00 -1.10440003E+00 -1.10389119E+00  0.00000000E+00
     631  4.73412666E-01  2.24121710E-01  5.02324732E-02  6.66653844E-01  6.23062264E-04  1.21362966E+00 -1.10440038E+00 -1.10389138E+00  0.00000000E+00
     641  4.73363586E-01  2.24075310E-01  5.02117370E-02  6.66653440E-01  6.42607871E-04  1.19421654E+00 -1.10441159E+00 -1.10390318E+00  0.00000000E+00
     651  4.73348092E-01  2.24060628E-01  5.02051459E-02  6.66653515E-01  6.38848841E-04  1.19159708E+00 -1.10440847E+00 -1.10390035E+00  0.00000000E+00
     661  4.73355880E-01  2.24067963E-01  5.02083987E-02  6.66653743E-01  6.27849956E-04  1.19508393E+00 -1.10440129E+00 -1.10389303E+00  0.00000000E+00
     671  4.73368791E-01  2.24080172E-01  5.02138571E-02  6.66653830E-01  6.23677813E-04  1.20458775E+00 -1.10443592E+00 -1.10392758E+00  0.00000000E+00
     681  4.73379838E-01  2.24090618E-01  5.02185280E-02  6.66653903E-01  6.20108319E-04  1.20208236E+00 -1.10442160E+00 -1.10391411E+00  0.00000000E+00
     691  4.73345897E-01  2.24058484E-01  5.02041253E-02  6.66653911E-01  6.19547473E-04  1.19610488E+00 -1.10438025E+00 -1.10387319E+00  0.00000000E+00
     701  4.73336427E-01  2.24049546E-01  5.02001442E-02  6.66653750E-01  6.27337074E-04  1.18919638E+00 -1.10438101E+00 -1.10387393E+00  0.00000000E+00
     711  4.73310029E-01  2.24024546E-01  5.01889342E-02  6.66653803E-01  6.24646532E-04  1.18264579E+00 -1.10438326E+00 -1.10387680E+00  0.00000000E+00
     721  4.73253107E-01  2.23970775E-01  5.01649410E-02  6.66653157E-01  6.55901759E-04  1.18764646E+00 -1.10436708E+00 -1.10386005E+00  0.00000000E+00
     731  4.73161202E-01  2.23884070E-01  5.01263546E-02  6.66651520E-01  7.35453011E-04  1.16457570E+00 -1.10437417E+00 -1.10386638E+00  0.00000000E+00
     741  4.73133314E-01  2.23857654E-01  5.01145043E-02  6.66651668E-01  7.28069254E-04  1.16290646E+00 -1.10432475E+00 -1.10381783E+00  0.00000000E+00
     751  4.73160609E-01  2.23883480E-01  5.01260641E-02  6.66651693E-01  7.26977368E-04  1.14645030E+00 -1.10433431E+00 -1.10382748E+00  0.00000000E+00
     761  4.73181191E-01  2.23902949E-01  5.01347758E-02  6.66651739E-01  7.24794224E-04  1.14119106E+00 -1.10435607E+00 -1.10384914E+00  0.00000000E+00
     771  4.73207256E-01  2.23927611E-01  5.01458152E-02  6.66651776E-01  7.23106080E-04  1.15081369E+00 -1.10433900E+00 -1.10383234E+00  0.00000000E+00
     781  4.73198347E-01  2.23919131E-01  5.01419736E-02  6.66652064E-01  7.09026988E-04  1.13592474E+00 -1.10433642E+00 -1.10382935E+00  0.00000000E+00
     791  4.73170744E-01  2.23893005E-01  5.01302720E-02  6.66652077E-01  7.08287323E-04  1.13784563E+00 -1.10431936E+00 -1.10381174E+00  0.00000000E+00
     801  4.73156173E-01  2.23879194E-01  5.01240679E-02  6.66652207E-01  7.01845509E-04  1.12228303E+00 -1.10431122E+00 -1.10380392E+00  0.00000000E+00
     811  4.73143971E-01  2.23867634E-01  5.01188793E-02  6.66652289E-01  6.97841254E-04  1.13697826E+00 -1.10434904E+00 -1.10384157E+00  0.00000000E+00
     821  4.73138923E-01  2.23862816E-01  5.01166856E-02  6.66652533E-01  6.86005522E-04  1.12352453E+00 -1.10432786E+00 -1.10381943E+00  0.00000000E+00
     831  4.73165727E-01  2.23888174E-01  5.01280335E-02  6.66652576E-01  6.84006280E-04  1.11440212E+00 -1.10434254E+00 -1.10383347E+00  0.00000000E+00
     841  4.73149301E-01  2.23872615E-01  5.01210537E-02  6.66652660E-01  6.79837019E-04  1.12350716E+00 -1.10432327E+00 -1.10381462E+00  0.00000000E+00
     851  4.73163077E-01  2.23885618E-01  5.01268456E-02  6.66652862E-01  6.70103479E-04  1.11617301E+00 -1.10433341E+00 -1.10382412E+00  0.00000000E+00
     861  4.73176713E-01  2.23898488E-01  5.01325784E-02  6.66653067E-01  6.60247169E-04  1.10375130E+00 -1.10434032E+00 -1.10383169E+00  0.00000000E+00
     871  4.73166235E-01  2.23888556E-01  5.01281155E-02  6.66653167E-01  6.55346828E-04  1.10329781E+00 -1.10432902E+00 -1.10382073E+00  0.00000000E+00
     881  4.73163703E-01  2.23886129E-01  5.01270020E-02  6.66653345E-01  6.46662234E-04  1.11750080E+00 -1.10428712E+00 -1.10377854E+00  0.00000000E+00
     891  4.73184448E-01  2.23905749E-01  5.01357770E-02  6.66653419E-01  6.43168086E-04  1.11459802E+00 -1.10431255E+00 -1.10380446E+00  0.00000000E+00
     901  4.73175602E-01  2.23897346E-01  5.01319857E-02  6.66653607E-01  6.33996055E-04  1.11245575E+00 -1.10432745E+00 -1.10381963E+00  0.00000000E+00
     911  4.73182400E-01  2.23903778E-01  5.01348649E-02  6.66653613E-01  6.33674506E-04  1.10823991E+00 -1.10433856E+00 -1.10383103E+00  0.00000000E+00
     921  4.73187203E-01  2.23908329E-01  5.01369077E-02  6.66653582E-01  6.35195868E-04  1.10369973E+00 -1.10433955E+00 -1.10383304E+00  0.00000000E+00
     931  4.73191824E-01  2.23912673E-01  5.01388279E-02  6.66653751E-01  6.27011209E-04  1.08939636E+00 -1.10433956E+00 -1.10383356E+00  0.00000000E+00
     941  4.73186323E-01  2.23907478E-01  5.01365101E-02  6.66653692E-01  6.29855586E-04  1.08959005E+00 -1.10434055E+00 -1.10383473E+00  0.00000000E+00
     951  4.73179530E-01  2.23901028E-01  5.01336037E-02  6.66653812E-01  6.23937318E-04  1.08622389E+00 -1.10433634E+00 -1.10383079E+00  0.00000000E+00
     961  4.73196334E-01  2.23916911E-01  5.01406987E-02  6.66653931E-01  6.18249875E-04  1.08905551E+00 -1.10437006E+00 -1.10386404E+00  0.00000000E+00
     971  4.73197502E-01  2.23918005E-01  5.01411776E-02  6.66654003E-01  6.14760807E-04  1.08475863E+00 -1.10437211E+00 -1.10386611E+00  0.00000000E+00
     981  4.73219623E-01  2.23938973E-01  5.01505980E-02  6.66653810E-01  6.24110088E-04  1.09886857E+00 -1.10441126E+00 -1.10390522E+00  0.00000000E+00
     991  4.73249641E-01  2.23967407E-01  5.01633545E-02  6.66653675E-01  6.30758249E-04  1.11283257E+00 -1.10444700E+00 -1.10394070E+00  0.00000000E+00
   #Iter             <M>           <M^2>           <M^4>      U_{Binder}            \chi        C_v(tot)             <E>       <E_{exc}>       <E_{lsf}>
       1  4.74310108E-01  2.24970078E-01  5.06115361E-02  6.66666667E-01  3.11935621E-15 -4.03081543E-12 -1.10630208E+00 -1.10572435E+00  0.00000000E+00
      11  4.74360006E-01  2.25018606E-01  5.06344439E-02  6.66659616E-01  3.43789986E-04  8.32673060E-01 -1.10396736E+00 -1.10349275E+00  0.00000000E+00
      21  4.73476537E-01  2.24181398E-01  5.02585270E-02  6.66658524E-01  3.94859855E-04  1.54443997E+00 -1.10413621E+00 -1.10360871E+00  0.00000000E+00
      31  4.73285789E-01  2.24000953E-01  5.01777846E-02  6.66657647E-01  4.37526738E-04  1.82039225E+00 -1.10428664E+00 -1.10379136E+00  0.00000000E+00
      41  4.73426815E-01  2.24134390E-01  5.02375163E-02  6.66658097E-01  4.16104655E-04  1.40050723E+00 -1.10430539E+00 -1.10382553E+00  0.00000000E+00
      51  4.72612612E-01  2.23365164E-01  4.98942148E-02  6.66651846E-01  7.17000769E-04  1.09058067E+00 -1.10388242E+00 -1.10339514E+00  0.00000000E+00
      61  4.72124464E-01  2.22904034E-01  4.96884617E-02  6.66651550E-01  7.28975357E-04  8.26763219E-01 -1.10382977E+00 -1.10333109E+00  0.00000000E+00
      71  4.72536985E-01  2.23293882E-01  4.98625519E-02  6.66650661E-01  7.73926043E-04  9.46388195E-01 -1.10411889E+00 -1.10362552E+00  0.00000000E+00
      81  4.72898942E-01  2.23636033E-01  5.00154201E-02  6.66651039E-01  7.57665732E-04  8.69160948E-01 -1.10418275E+00 -1.10369033E+00  0.00000000E+00
      91  4.73256457E-01  2.23974569E-01  5.01671975E-02  6.66649456E-01  8.35835754E-04  8.16361380E-01 -1.10396994E+00 -1.10346815E+00  0.00000000E+00
     101  4.73470867E-01  2.24177286E-01  5.02578042E-02  6.66651089E-01  7.57843854E-04  8.78015591E-01 -1.10391407E+00 -1.10341299E+00  0.00000000E+00
     111  4.73297942E-01  2.24013392E-01  5.01841923E-02  6.66652102E-01  7.07478196E-04  8.50851367E-01 -1.10377668E+00 -1.10326869E+00  0.00000000E+00
     121  4.73375780E-01  2.24086907E-01  5.02169805E-02  6.66653133E-01  6.57679639E-04  8.40522127E-01 -1.10389334E+00 -1.10338199E+00  0.00000000E+00
     131  4.73207351E-01  2.23927437E-01  5.01455019E-02  6.66653340E-01  6.46797003E-04  9.12933590E-01 -1.10378425E+00 -1.10327717E+00  0.00000000E+00
     141  4.73131207E-01  2.23855287E-01  5.01131122E-02  6.66653879E-01  6.20341684E-04  8.83877122E-01 -1.10383878E+00 -1.10333381E+00  0.00000000E+00
     151  4.73295008E-01  2.24010348E-01  5.01825907E-02  6.66653681E-01  6.30426819E-04  9.42862188E-01 -1.10393032E+00 -1.10342097E+00  0.00000000E+00
     161  4.73384453E-01  2.24094899E-01  5.02203672E-02  6.66654430E-01  5.94458522E-04  9.35184020E-01 -1.10394841E+00 -1.10344334E+00  0.00000000E+00
     171  4.73352845E-01  2.24064917E-01  5.02068790E-02  6.66654768E-01  5.77778072E-04  9.84084638E-01 -1.10401170E+00 -1.10350785E+00  0.00000000E+00
     181  4.73352674E-01  2.24064714E-01  5.02067510E-02  6.66655013E-01  5.65885674E-04  1.01336959E+00 -1.10419387E+00 -1.10368732E+00  0.00000000E+00
     191  4.73236363E-01  2.23954667E-01  5.01574948E-02  6.66654692E-01  5.81066464E-04  1.02629552E+00 -1.10416985E+00 -1.10366314E+00  0.00000000E+00
     201  4.73272263E-01  2.23988632E-01  5.01726955E-02  6.66654785E-01  5.76708400E-04  1.06189754E+00 -1.10422214E+00 -1.10371688E+00  0.00000000E+00
     211  4.73393914E-01  2.24103796E-01  5.02243013E-02  6.66654786E-01  5.77092987E-04  1.01162122E+00 -1.10421934E+00 -1.10371527E+00  0.00000000E+00
     221  4.73433856E-01  2.24141636E-01  5.02412817E-02  6.66654665E-01  5.83097366E-04  1.03748224E+00 -1.10414185E+00 -1.10363586E+00  0.00000000E+00
     231  4.73364657E-01  2.24076065E-01  5.02118446E-02  6.66654971E-01  5.67922992E-04  9.77848015E-01 -1.10410499E+00 -1.10359765E+00  0.00000000E+00
     241  4.73297673E-01  2.24012769E-01  5.01835840E-02  6.66654289E-01  6.00928665E-04  9.76848328E-01 -1.10407279E+00 -1.10356561E+00  0.00000000E+00
     251  4.73267472E-01  2.23984128E-01  5.01707063E-02  6.66654598E-01  5.85807367E-04  1.00908658E+00 -1.10416168E+00 -1.10364967E+00  0.00000000E+00
     261  4.73280661E-01  2.23996592E-01  5.01762713E-02  6.66654720E-01  5.79832231E-04  1.02752882E+00 -1.10414431E+00 -1.10363609E+00  0.00000000E+00
     271  4.73248604E-01  2.23966205E-01  5.01626199E-02  6.66654979E-01  5.67148307E-04  1.07025970E+00 -1.10412215E+00 -1.10361318E+00  0.00000000E+00
     281  4.73292001E-01  2.24007344E-01  5.01811042E-02  6.66654616E-01  5.84822610E-04  1.04284338E+00 -1.10416224E+00 -1.10365589E+00  0.00000000E+00
     291  4.73324022E-01  2.24037625E-01  5.01946450E-02  6.66654796E-01  5.76201472E-04  1.02414657E+00 -1.10420926E+00 -1.10370346E+00  0.00000000E+00
     301  4.73347333E-01  2.24059620E-01  5.02044354E-02  6.66655233E-01  5.55081804E-04  1.01871989E+00 -1.10425399E+00 -1.10374633E+00  0.00000000E+00
     311  4.73379073E-01  2.24089606E-01  5.02178169E-02  6.66655612E-01  5.36823481E-04  1.02708629E+00 -1.10426912E+00 -1.10376158E+00  0.00000000E+00
     321  4.73397552E-01  2.24107035E-01  5.02255692E-02  6.66656008E-01  5.17694170E-04  1.03183435E+00 -1.10418229E+00 -1.10367441E+00  0.00000000E+00
     331  4.73466710E-01  2.24172528E-01  5.02549382E-02  6.66655949E-01  5.20724066E-04  1.04747177E+00 -1.10418086E+00 -1.10367198E+00  0.00000000E+00
     341  4.73575087E-01  2.24275292E-01  5.03011364E-02  6.66655204E-01  5.57161000E-04  1.04186876E+00 -1.10414004E+00 -1.10363049E+00  0.00000000E+00
     351  4.73575988E-01  2.24276138E-01  5.03015089E-02  6.66655250E-01  5.54838545E-04  1.03634264E+00 -1.10410387E+00 -1.10359368E+00  0.00000000E+00
     361  4.73604652E-01  2.24303235E-01  5.03136170E-02  6.66655564E-01  5.39705431E-04  1.04891477E+00 -1.10415354E+00 -1.10364327E+00  0.00000000E+00
     371  4.73570751E-01  2.24271106E-01  5.02991883E-02  6.66655671E-01  5.34381684E-04  1.02719915E+00 -1.10412571E+00 -1.10361571E+00  0.00000000E+00
     381  4.73635401E-01  2.24332555E-01  5.03269446E-02  6.66654416E-01  5.95344493E-04  1.09519901E+00 -1.10421964E+00 -1.10371106E+00  0.00000000E+00
     391  4.73643754E-01  2.24340417E-01  5.03304271E-02  6.66654716E-01  5.80778917E-04  1.13070169E+00 -1.10429349E+00 -1.10378448E+00  0.00000000E+00
     401  4.73648043E-01  2.24344421E-01  5.03321708E-02  6.66655067E-01  5.63750245E-04  1.12692439E+00 -1.10432041E+00 -1.10381389E+00  0.00000000E+00
     411  4.73659623E-01  2.24355443E-01  5.03371630E-02  6.66654758E-01  5.78875067E-04  1.25210700E+00 -1.10437035E+00 -1.10386610E+00  0.00000000E+00
     421  4.73660066E-01  2.24355809E-01  5.03372785E-02  6.66655080E-01  5.63218643E-04  1.21061805E+00 -1.10435944E+00 -1.10385474E+00  0.00000000E+00
     431  4.73720777E-01  2.24413353E-01  5.03631284E-02  6.66654915E-01  5.71377527E-04  1.21265573E+00 -1.10440484E+00 -1.10390108E+00  0.00000000E+00
     441  4.73755808E-01  2.24446563E-01  5.03780527E-02  6.66654802E-01  5.76889284E-04  1.24573614E+00 -1.10438713E+00 -1.10388342E+00  0.00000000E+00
     451  4.73774215E-01  2.24463972E-01  5.03858394E-02  6.66654993E-01  5.67679109E-04  1.21913224E+00 -1.10440946E+00 -1.10390572E+00  0.00000000E+00
     461  4.73757706E-01  2.24448344E-01  5.03788362E-02  6.66654908E-01  5.71836866E-04  1.21705702E+00 -1.10435197E+00 -1.10384804E+00  0.00000000E+00
     471  4.73775413E-01  2.24465100E-01  5.03863387E-02  6.66655040E-01  5.65432014E-04  1.21710061E+00 -1.10441137E+00 -1.10390736E+00  0.00000000E+00
     481  4.73723316E-01  2.24415818E-01  5.03642879E-02  6.66654564E-01  5.88518279E-04  1.21466741E+00 -1.10436608E+00 -1.10386244E+00  0.00000000E+00
     491  4.73698357E-01  2.24392123E-01  5.03536096E-02  6.66654851E-01  5.74397809E-04  1.25006598E+00 -1.10434236E+00 -1.10383827E+00  0.00000000E+00
     501  4.73656973E-01  2.24352909E-01  5.03360052E-02  6.66654896E-01  5.72078981E-04  1.24255607E+00 -1.10427989E+00 -1.10377604E+00  0.00000000E+00
     511  4.73704783E-01  2.24398198E-01  5.03563250E-02  6.66654926E-01  5.70823131E-04  1.24794142E+00 -1.10433972E+00 -1.10383612E+00  0.00000000E+00
     521  4.73675041E-01  2.24370017E-01  5.03436735E-02  6.66654952E-01  5.69433518E-04  1.22140834E+00 -1.10435839E+00 -1.10385592E+00  0.00000000E+00
     531  4.73669284E-01  2.24364499E-01  5.03411410E-02  6.66655326E-01  5.51198449E-04  1.21531326E+00 -1.10439555E+00 -1.10389270E+00  0.00000000E+00
     541  4.73647916E-01  2.24344264E-01  5.03320681E-02  6.66655281E-01  5.53383584E-04  1.27702626E+00 -1.10435257E+00 -1.10384973E+00  0.00000000E+00
     551  4.73656954E-01  2.24352777E-01  5.03358440E-02  6.66655572E-01  5.39269907E-04  1.25594324E+00 -1.10437995E+00 -1.10387689E+00  0.00000000E+00
     561  4.73657891E-01  2.24353636E-01  5.03362035E-02  6.66655743E-01  5.30948598E-04  1.25343421E+00 -1.10438577E+00 -1.10388281E+00  0.00000000E+00
     571  4.73639598E-01  2.24336302E-01  5.03284208E-02  6.66655776E-01  5.29311956E-04  1.25491227E+00 -1.10438127E+00 -1.10387872E+00  0.00000000E+00
     581  4.73626644E-01  2.24324099E-01  5.03230063E-02  6.66655372E-01  5.48977430E-04  1.26959251E+00 -1.10434850E+00 -1.10384499E+00  0.00000000E+00
     591  4.73591886E-01  2.24291190E-01  5.03082558E-02  6.66655284E-01  5.53197872E-04  1.25668324E+00 -1.10432590E+00 -1.10382383E+00  0.00000000E+00
     601  4.73569221E-01  2.24269710E-01  5.02986093E-02  6.66655358E-01  5.49543918E-04  1.23173455E+00 -1.10431493E+00 -1.10381273E+00  0.00000000E+00
     611  4.73584429E-01  2.24284103E-01  5.03050549E-02  6.66655428E-01  5.46187409E-04  1.22726166E+00 -1.10435583E+00 -1.10385270E+00  0.00000000E+00
     621  4.73515477E-01  2.24219111E-01  5.02761840E-02  6.66653577E-01  6.36469771E-04  1.29345441E+00 -1.10426257E+00 -1.10376043E+00  0.00000000E+00
     631  4.73465465E-01  2.24171795E-01  5.02550071E-02  6.66653311E-01  6.49169845E-04  1.27137286E+00 -1.10425017E+00 -1.10374761E+00  0.00000000E+00
     641  4.73460544E-01  2.24167098E-01  5.02528683E-02  6.66653529E-01  6.38569376E-04  1.25180838E+00 -1.10425640E+00 -1.10375272E+00  0.00000000E+00
     651  4.73440648E-01  2.24148236E-01  5.02443916E-02  6.66653663E-01  6.31932950E-04  1.24434311E+00 -1.10427047E+00 -1.10376717E+00  0.00000000E+00
     661  4.73404991E-01  2.24114482E-01  5.02292673E-02  6.66653616E-01  6.34069273E-04  1.24844958E+00 -1.10427760E+00 -1.10377577E+00  0.00000000E+00
     671  4.73387984E-01  2.24098361E-01  5.02220251E-02  6.66653726E-01  6.28678326E-04  1.25204362E+00 -1.10431849E+00 -1.10381590E+00  0.00000000E+00
     681  4.73355583E-01  2.24067694E-01  5.02082897E-02  6.66653666E-01  6.31412574E-04  1.26818733E+00 -1.10427984E+00 -1.10377736E+00  0.00000000E+00
     691  4.73299028E-01  2.24014240E-01  5.01844119E-02  6.66653168E-01  6.55456369E-04  1.26389519E+00 -1.10427330E+00 -1.10376889E+00  0.00000000E+00
     701  4.73297341E-01  2.24012619E-01  5.01836645E-02  6.66653308E-01  6.48632141E-04  1.25945303E+00 -1.10425099E+00 -1.10374621E+00  0.00000000E+00
     711  4.73327789E-01  2.24041444E-01  5.01965815E-02  6.66653300E-01  6.49130914E-04  1.27121619E+00 -1.10427348E+00 -1.10376859E+00  0.00000000E+00
     721  4.73327025E-01  2.24040679E-01  5.01962010E-02  6.66653550E-01  6.36993776E-04  1.26617935E+00 -1.10430540E+00 -1.10379999E+00  0.00000000E+00
     731  4.73269332E-01  2.23986172E-01  5.01718746E-02  6.66652918E-01  6.67552679E-04  1.24284005E+00 -1.10429597E+00 -1.10379083E+00  0.00000000E+00
     741  4.73244066E-01  2.23962261E-01  5.01611661E-02  6.66652899E-01  6.68380309E-04  1.24790992E+00 -1.10426985E+00 -1.10376452E+00  0.00000000E+00
     751  4.73269323E-01  2.23986153E-01  5.01718569E-02  6.66652979E-01  6.64582427E-04  1.24086511E+00 -1.10428327E+00 -1.10377758E+00  0.00000000E+00
     761  4.73262098E-01  2.23979297E-01  5.01687699E-02  6.66653083E-01  6.59511721E-04  1.25135218E+00 -1.10428862E+00 -1.10378291E+00  0.00000000E+00
     771  4.73244586E-01  2.23962753E-01  5.01613864E-02  6.66652899E-01  6.68375003E-04  1.28019149E+00 -1.10426770E+00 -1.10376225E+00  0.00000000E+00
     781  4.73231142E-01  2.23950000E-01  5.01556490E-02  6.66653066E-01  6.60194271E-04  1.26146078E+00 -1.10426420E+00 -1.10375833E+00  0.00000000E+00
     791  4.73185378E-01  2.23906764E-01  5.01363522E-02  6.66652615E-01  6.81992086E-04  1.26394492E+00 -1.10423114E+00 -1.10372490E+00  0.00000000E+00
     801  4.73182272E-01  2.23903788E-01  5.01349869E-02  6.66652831E-01  6.71488880E-04  1.25230040E+00 -1.10423019E+00 -1.10372357E+00  0.00000000E+00
     811  4.73179026E-01  2.23900713E-01  5.01336070E-02  6.66652850E-01  6.70519173E-04  1.26322862E+00 -1.10425584E+00 -1.10374833E+00  0.00000000E+00
     821  4.73181657E-01  2.23903166E-01  5.01346732E-02  6.66653066E-01  6.60067123E-04  1.25952338E+00 -1.10423495E+00 -1.10372656E+00  0.00000000E+00
     831  4.73175336E-01  2.23897177E-01  5.01319846E-02  6.66653110E-01  6.57897598E-04  1.25470493E+00 -1.10424676E+00 -1.10373776E+00  0.00000000E+00
     841  4.73143351E-01  2.23866928E-01  5.01184572E-02  6.66652993E-01  6.63464890E-04  1.26781579E+00 -1.10422343E+00 -1.10371406E+00  0.00000000E+00
     851  4.73130236E-01  2.23854511E-01  5.01128913E-02  6.66653034E-01  6.61417846E-04  1.25307105E+00 -1.10421136E+00 -1.10370172E+00  0.00000000E+00
     861  4.73152934E-01  2.23875973E-01  5.01224858E-02  6.66653136E-01  6.56580096E-04  1.24229908E+00 -1.10424889E+00 -1.10373972E+00  0.00000000E+00
     871  4.73113072E-01  2.23838294E-01  5.01056536E-02  6.66652885E-01  6.68614590E-04  1.23649820E+00 -1.10422521E+00 -1.10371643E+00  0.00000000E+00
     881  4.73102427E-01  2.23828247E-01  5.01011787E-02  6.66652731E-01  6.76066077E-04  1.27322840E+00 -1.10420047E+00 -1.10369139E+00  0.00000000E+00
     891  4.73111191E-01  2.23836519E-01  5.01048623E-02  6.66652860E-01  6.69830818E-04  1.27661728E+00 -1.10424038E+00 -1.10373241E+00  0.00000000E+00
     901  4.73112726E-01  2.23837932E-01  5.01054608E-02  6.66653090E-01  6.58697760E-04  1.26181188E+00 -1.10422464E+00 -1.10371641E+00  0.00000000E+00
     911  4.73112736E-01  2.23837907E-01  5.01054182E-02  6.66653296E-01  6.48665754E-04  1.24858967E+00 -1.10423379E+00 -1.10372590E+00  0.00000000E+00
     921  4.73103041E-01  2.23828710E-01  5.01012805E-02  6.66653434E-01  6.41938601E-04  1.25020010E+00 -1.10420714E+00 -1.10369923E+00  0.00000000E+00
     931  4.73102145E-01  2.23827841E-01  5.01008722E-02  6.66653560E-01  6.35776748E-04  1.24969264E+00 -1.10419173E+00 -1.10368333E+00  0.00000000E+00
     941  4.73127291E-01  2.23851633E-01  5.01115221E-02  6.66653573E-01  6.35273896E-04  1.23838654E+00 -1.10421515E+00 -1.10370733E+00  0.00000000E+00
     951  4.73134003E-01  2.23857974E-01  5.01143511E-02  6.66653638E-01  6.32158173E-04  1.22730577E+00 -1.10421983E+00 -1.10371161E+00  0.00000000E+00
     961  4.73157490E-01  2.23880211E-01  5.01243178E-02  6.66653572E-01  6.35438441E-04  1.22350511E+00 -1.10423607E+00 -1.10372804E+00  0.00000000E+00
     971  4.73181065E-01  2.23902525E-01  5.01343142E-02  6.66653546E-01  6.36757832E-04  1.22184572E+00 -1.10425271E+00 -1.10374470E+00  0.00000000E+00
     981  4.73203858E-01  2.23924127E-01  5.01440162E-02  6.66653362E-01  6.45694470E-04  1.24629448E+00 -1.10428656E+00 -1.10377863E+00  0.00000000E+00
     991  4.73217314E-01  2.23936858E-01  5.01497137E-02  6.66653390E-01  6.44354050E-04  1.24992271E+00 -1.10430482E+00 -1.10379713E+00  0.00000000E+00
    1001  4.73227784E-01  2.23946758E-01  5.01541396E-02  6.66653445E-01  6.41740207E-04  1.24798364E+00 -1.10431062E+00 -1.10380210E+00  0.00000000E+00
    1011  4.73236097E-01  2.23954604E-01  5.01576336E-02  6.66653580E-01  6.35240680E-04  1.23571055E+00 -1.10430040E+00 -1.10379180E+00  0.00000000E+00
    1021  4.73214740E-01  2.23934388E-01  5.01485777E-02  6.66653588E-01  6.34750662E-04  1.23206328E+00 -1.10429852E+00 -1.10379027E+00  0.00000000E+00
    1031  4.73197374E-01  2.23917961E-01  5.01412272E-02  6.66653542E-01  6.36883693E-04  1.22238436E+00 -1.10429166E+00 -1.10378331E+00  0.00000000E+00
    1041  4.73198800E-01  2.23919294E-01  5.01418099E-02  6.66653638E-01  6.32255207E-04  1.22997054E+00 -1.10426991E+00 -1.10376144E+00  0.00000000E+00
    1051  4.73218719E-01  2.23938154E-01  5.01502647E-02  6.66653587E-01  6.34772742E-04  1.24491895E+00 -1.10430944E+00 -1.10380152E+00  0.00000000E+00
    1061  4.73211148E-01  2.23930972E-01  5.01470331E-02  6.66653686E-01  6.29920644E-04  1.24009123E+00 -1.10432061E+00 -1.10381180E+00  0.00000000E+00
    1071  4.73210483E-01  2.23930320E-01  5.01467214E-02  6.66653816E-01  6.23565291E-04  1.23326864E+00 -1.10430908E+00 -1.10380091E+00  0.00000000E+00
    1081  4.73224198E-01  2.23943289E-01  5.01525193E-02  6.66653888E-01  6.20148038E-04  1.22553676E+00 -1.10429767E+00 -1.10378896E+00  0.00000000E+00
    1091  4.73241926E-01  2.23960069E-01  5.01600359E-02  6.66653885E-01  6.20370518E-04  1.21578397E+00 -1.10429387E+00 -1.10378581E+00  0.00000000E+00
    1101  4.73236601E-01  2.23955023E-01  5.01577701E-02  6.66653920E-01  6.18614220E-04  1.21412844E+00 -1.10426560E+00 -1.10375774E+00  0.00000000E+00
    1111  4.73232364E-01  2.23951004E-01  5.01559622E-02  6.66653971E-01  6.16100353E-04  1.20836329E+00 -1.10425165E+00 -1.10374399E+00  0.00000000E+00
    1121  4.73199031E-01  2.23919515E-01  5.01419113E-02  6.66653622E-01  6.32990235E-04  1.20834758E+00 -1.10423560E+00 -1.10372819E+00  0.00000000E+00
    1131  4.73164055E-01  2.23886501E-01  5.01272046E-02  6.66653107E-01  6.58034600E-04  1.21691428E+00 -1.10423756E+00 -1.10373087E+00  0.00000000E+00
    1141  4.73174358E-01  2.23896241E-01  5.01315558E-02  6.66653174E-01  6.54801763E-04  1.21665031E+00 -1.10422976E+00 -1.10372299E+00  0.00000000E+00
    1151  4.73188698E-01  2.23909832E-01  5.01376602E-02  6.66653054E-01  6.60591267E-04  1.22700002E+00 -1.10426562E+00 -1.10375876E+00  0.00000000E+00
    1161  4.73181401E-01  2.23902906E-01  5.01345410E-02  6.66653171E-01  6.54904566E-04  1.22156232E+00 -1.10426644E+00 -1.10375978E+00  0.00000000E+00
    1171  4.73176512E-01  2.23898270E-01  5.01324565E-02  6.66653226E-01  6.52145587E-04  1.24133579E+00 -1.10428184E+00 -1.10377514E+00  0.00000000E+00
    1181  4.73182884E-01  2.23904288E-01  5.01351407E-02  6.66653300E-01  6.48614321E-04  1.23791385E+00 -1.10428482E+00 -1.10377800E+00  0.00000000E+00
    1191  4.73183723E-01  2.23905066E-01  5.01354742E-02  6.66653397E-01  6.43893958E-04  1.27034210E+00 -1.10430721E+00 -1.10379993E+00  0.00000000E+00
    1201  4.73193209E-01  2.23914022E-01  5.01394658E-02  6.66653526E-01  6.37699293E-04  1.25500935E+00 -1.10429377E+00 -1.10378620E+00  0.00000000E+00
    1211  4.73188494E-01  2.23909540E-01  5.01374405E-02  6.66653645E-01  6.31885320E-04  1.25792123E+00 -1.10426361E+00 -1.10375643E+00  0.00000000E+00
    1221  4.73178026E-01  2.23899636E-01  5.01330091E-02  6.66653621E-01  6.32980274E-04  1.25512534E+00 -1.10425174E+00 -1.10374488E+00  0.00000000E+00
    1231  4.73152332E-01  2.23875356E-01  5.01221683E-02  6.66653410E-01  6.43131669E-04  1.26284698E+00 -1.10425491E+00 -1.10374841E+00  0.00000000E+00
    1241  4.73145303E-01  2.23868700E-01  5.01191842E-02  6.66653436E-01  6.41871975E-04  1.25705861E+00 -1.10427090E+00 -1.10376534E+00  0.00000000E+00
    1251  4.73159974E-01  2.23882589E-01  5.01254077E-02  6.66653405E-01  6.43400593E-04  1.26156131E+00 -1.10426489E+00 -1.10375857E+00  0.00000000E+00
    1261  4.73167046E-01  2.23889290E-01  5.01284153E-02  6.66653359E-01  6.45675468E-04  1.26765050E+00 -1.10426450E+00 -1.10375802E+00  0.00000000E+00
    1271  4.73167792E-01  2.23889988E-01  5.01287215E-02  6.66653401E-01  6.43610984E-04  1.27093232E+00 -1.10424237E+00 -1.10373587E+00  0.00000000E+00
    1281  4.73180330E-01  2.23901880E-01  5.01340709E-02  6.66653243E-01  6.51317082E-04  1.28671457E+00 -1.10426030E+00 -1.10375380E+00  0.00000000E+00
    1291  4.73192507E-01  2.23913400E-01  5.01392262E-02  6.66653268E-01  6.50167857E-04  1.28282869E+00 -1.10424354E+00 -1.10373711E+00  0.00000000E+00
    1301  4.73208471E-01  2.23928503E-01  5.01459845E-02  6.66653304E-01  6.48501442E-04  1.28043909E+00 -1.10423383E+00 -1.10372743E+00  0.00000000E+00
    1311  4.73223178E-01  2.23942415E-01  5.01522092E-02  6.66653346E-01  6.46496434E-04  1.27286394E+00 -1.10423533E+00 -1.10372864E+00  0.00000000E+00
    1321  4.73228164E-01  2.23947116E-01  5.01542984E-02  6.66653456E-01  6.41178812E-04  1.27021201E+00 -1.10423249E+00 -1.10372648E+00  0.00000000E+00
    1331  4.73242277E-01  2.23960467E-01  5.01602733E-02  6.66653493E-01  6.39462093E-04  1.28048451E+00 -1.10425438E+00 -1.10374836E+00  0.00000000E+00
    1341  4.73256382E-01  2.23973812E-01  5.01662451E-02  6.66653531E-01  6.37682485E-04  1.27322483E+00 -1.10424654E+00 -1.10374066E+00  0.00000000E+00
    1351  4.73262088E-01  2.23979212E-01  5.01686641E-02  6.66653534E-01  6.37561800E-04  1.27933621E+00 -1.10425182E+00 -1.10374631E+00  0.00000000E+00
    1361  4.73241131E-01  2.23959398E-01  5.01598087E-02  6.66653398E-01  6.44056008E-04  1.29005096E+00 -1.10423545E+00 -1.10372973E+00  0.00000000E+00
    1371  4.73237831E-01  2.23956251E-01  5.01583773E-02  6.66653540E-01  6.37134797E-04  1.28873991E+00 -1.10425250E+00 -1.10374673E+00  0.00000000E+00
    1381  4.73207574E-01  2.23927655E-01  5.01456065E-02  6.66653294E-01  6.48970287E-04  1.28307646E+00 -1.10424204E+00 -1.10373644E+00  0.00000000E+00
    1391  4.73191944E-01  2.23912863E-01  5.01389823E-02  6.66653290E-01  6.49094757E-04  1.27828721E+00 -1.10423520E+00 -1.10372985E+00  0.00000000E+00
    1401  4.73192925E-01  2.23913772E-01  5.01393719E-02  6.66653407E-01  6.43441750E-04  1.26785774E+00 -1.10423518E+00 -1.10372974E+00  0.00000000E+00
    1411  4.73183948E-01  2.23905271E-01  5.01355596E-02  6.66653440E-01  6.41764441E-04  1.25251906E+00 -1.10423749E+00 -1.10373198E+00  0.00000000E+00
    1421  4.73191302E-01  2.23912228E-01  5.01386735E-02  6.66653453E-01  6.41172375E-04  1.24622006E+00 -1.10424918E+00 -1.10374364E+00  0.00000000E+00
    1431  4.73186970E-01  2.23908112E-01  5.01368141E-02  6.66653557E-01  6.36072503E-04  1.24118529E+00 -1.10423370E+00 -1.10372780E+00  0.00000000E+00
    1441  4.73173563E-01  2.23895424E-01  5.01311329E-02  6.66653553E-01  6.36219307E-04  1.24122938E+00 -1.10422531E+00 -1.10371939E+00  0.00000000E+00
    1451  4.73179969E-01  2.23901465E-01  5.01338192E-02  6.66653681E-01  6.30062417E-04  1.23093484E+00 -1.10422314E+00 -1.10371732E+00  0.00000000E+00
    1461  4.73169051E-01  2.23891128E-01  5.01291861E-02  6.66653707E-01  6.28745005E-04  1.22804397E+00 -1.10420923E+00 -1.10370302E+00  0.00000000E+00
    1471  4.73177809E-01  2.23899428E-01  5.01329125E-02  6.66653642E-01  6.31926466E-04  1.24177600E+00 -1.10420507E+00 -1.10369875E+00  0.00000000E+00
    1481  4.73172816E-01  2.23894693E-01  5.01307843E-02  6.66653695E-01  6.29301005E-04  1.23842127E+00 -1.10419492E+00 -1.10368883E+00  0.00000000E+00
    1491  4.73182017E-01  2.23903399E-01  5.01346809E-02  6.66653708E-01  6.28703440E-04  1.23977045E+00 -1.10418655E+00 -1.10368005E+00  0.00000000E+00
    1501  4.73194970E-01  2.23915660E-01  5.01401749E-02  6.66653690E-01  6.29645977E-04  1.23715842E+00 -1.10419966E+00 -1.10369298E+00  0.00000000E+00
    1511  4.73187650E-01  2.23908721E-01  5.01370568E-02  6.66653759E-01  6.26253445E-04  1.23275533E+00 -1.10422363E+00 -1.10371696E+00  0.00000000E+00
    1521  4.73189085E-01  2.23910066E-01  5.01376476E-02  6.66653836E-01  6.22503324E-04  1.22914214E+00 -1.10424250E+00 -1.10373591E+00  0.00000000E+00
    1531  4.73188172E-01  2.23909182E-01  5.01372335E-02  6.66653955E-01  6.16733193E-04  1.22508636E+00 -1.10423119E+00 -1.10372433E+00  0.00000000E+00
    1541  4.73190039E-01  2.23910933E-01  5.01380030E-02  6.66654053E-01  6.11989356E-04  1.22326998E+00 -1.10423236E+00 -1.10372524E+00  0.00000000E+00
    1551  4.73191307E-01  2.23912132E-01  5.01385395E-02  6.66654056E-01  6.11848594E-04  1.22660928E+00 -1.10424754E+00 -1.10373992E+00  0.00000000E+00
    1561  4.73213207E-01  2.23932883E-01  5.01478553E-02  6.66653909E-01  6.19064457E-04  1.23156531E+00 -1.10426336E+00 -1.10375519E+00  0.00000000E+00
    1571  4.73223224E-01  2.23942383E-01  5.01521283E-02  6.66653790E-01  6.24835426E-04  1.23799197E+00 -1.10426689E+00 -1.10375898E+00  0.00000000E+00
    1581  4.73221991E-01  2.23941199E-01  5.01515824E-02  6.66653894E-01  6.19786545E-04  1.23342951E+00 -1.10425617E+00 -1.10374847E+00  0.00000000E+00
    1591  4.73221767E-01  2.23940971E-01  5.01514660E-02  6.66653988E-01  6.15221040E-04  1.22536519E+00 -1.10425654E+00 -1.10374871E+00  0.00000000E+00
    1601  4.73246390E-01  2.23964310E-01  5.01619503E-02  6.66653787E-01  6.24997434E-04  1.22570324E+00 -1.10426061E+00 -1.10375270E+00  0.00000000E+00
    1611  4.73247759E-01  2.23965583E-01  5.01625000E-02  6.66653922E-01  6.18453946E-04  1.21760320E+00 -1.10425293E+00 -1.10374491E+00  0.00000000E+00
    1621  4.73244685E-01  2.23962668E-01  5.01611890E-02  6.66653958E-01  6.16695379E-04  1.21844506E+00 -1.10424838E+00 -1.10374022E+00  0.00000000E+00
    1631  4.73256630E-01  2.23973988E-01  5.01662732E-02  6.66653870E-01  6.20981552E-04  1.22132228E+00 -1.10424803E+00 -1.10374012E+00  0.00000000E+00
    1641  4.73263750E-01  2.23980719E-01  5.01692808E-02  6.66653921E-01  6.18551433E-04  1.22137782E+00 -1.10424519E+00 -1.10373738E+00  0.00000000E+00
    1651  4.73276910E-01  2.23993175E-01  5.01748606E-02  6.66653924E-01  6.18427689E-04  1.21549098E+00 -1.10425069E+00 -1.10374267E+00  0.00000000E+00
    1661  4.73282692E-01  2.23998646E-01  5.01773092E-02  6.66653940E-01  6.17693409E-04  1.21394538E+00 -1.10424561E+00 -1.10373809E+00  0.00000000E+00
    1671  4.73301450E-01  2.24016424E-01  5.01852938E-02  6.66653810E-01  6.24018879E-04  1.21556981E+00 -1.10424739E+00 -1.10373998E+00  0.00000000E+00
    1681  4.73302536E-01  2.24017434E-01  5.01857310E-02  6.66653912E-01  6.19047331E-04  1.22379233E+00 -1.10421647E+00 -1.10370955E+00  0.00000000E+00
    1691  4.73305573E-01  2.24020296E-01  5.01870012E-02  6.66653993E-01  6.15167019E-04  1.22836262E+00 -1.10420146E+00 -1.10369422E+00  0.00000000E+00
    1701  4.73305632E-01  2.24020340E-01  5.01870098E-02  6.66654065E-01  6.11646061E-04  1.23002242E+00 -1.10419319E+00 -1.10368588E+00  0.00000000E+00
    1711  4.73305620E-01  2.24020327E-01  5.01870039E-02  6.66654068E-01  6.11519568E-04  1.23336156E+00 -1.10418236E+00 -1.10367498E+00  0.00000000E+00
    1721  4.73300262E-01  2.24015245E-01  5.01847172E-02  6.66654132E-01  6.08398486E-04  1.24188550E+00 -1.10420220E+00 -1.10369425E+00  0.00000000E+00
    1731  4.73295355E-01  2.24010583E-01  5.01826140E-02  6.66654228E-01  6.03679688E-04  1.24796169E+00 -1.10421732E+00 -1.10370941E+00  0.00000000E+00
    1741  4.73288925E-01  2.24004487E-01  5.01798734E-02  6.66654289E-01  6.00701784E-04  1.24588755E+00 -1.10420966E+00 -1.10370139E+00  0.00000000E+00
    1751  4.73292560E-01  2.24007916E-01  5.01813992E-02  6.66654358E-01  5.97352194E-04  1.24597102E+00 -1.10420845E+00 -1.10370041E+00  0.00000000E+00
    1761  4.73311013E-01  2.24025402E-01  5.01892501E-02  6.66654250E-01  6.02634445E-04  1.24611724E+00 -1.10422330E+00 -1.10371538E+00  0.00000000E+00
    1771  4.73308256E-01  2.24022787E-01  5.01880738E-02  6.66654281E-01  6.01117972E-04  1.24895221E+00 -1.10423208E+00 -1.10372392E+00  0.00000000E+00
    1781  4.73293124E-01  2.24008472E-01  5.01816691E-02  6.66654222E-01  6.03948191E-04  1.24882157E+00 -1.10422665E+00 -1.10371835E+00  0.00000000E+00
    1791  4.73291775E-01  2.24007181E-01  5.01810776E-02  6.66654309E-01  5.99720905E-04  1.23772396E+00 -1.10423577E+00 -1.10372783E+00  0.00000000E+00
    1801  4.73277282E-01  2.23993477E-01  5.01749516E-02  6.66654218E-01  6.04110089E-04  1.24699635E+00 -1.10423715E+00 -1.10372971E+00  0.00000000E+00
    1811  4.73283608E-01  2.23999462E-01  5.01776295E-02  6.66654241E-01  6.03024885E-04  1.24892610E+00 -1.10423756E+00 -1.10372998E+00  0.00000000E+00
    1821  4.73286142E-01  2.24001855E-01  5.01786966E-02  6.66654273E-01  6.01479503E-04  1.24430918E+00 -1.10423285E+00 -1.10372461E+00  0.00000000E+00
    1831  4.73299978E-01  2.24014960E-01  5.01845753E-02  6.66654226E-01  6.03839416E-04  1.24870123E+00 -1.10424003E+00 -1.10373188E+00  0.00000000E+00
    1841  4.73296539E-01  2.24011711E-01  5.01831256E-02  6.66654187E-01  6.05703439E-04  1.24664771E+00 -1.10423239E+00 -1.10372385E+00  0.00000000E+00
    1851  4.73317671E-01  2.24031743E-01  5.01921254E-02  6.66654023E-01  6.13693582E-04  1.24799678E+00 -1.10424235E+00 -1.10373374E+00  0.00000000E+00
    1861  4.73331468E-01  2.24044805E-01  5.01979786E-02  6.66654022E-01  6.13809868E-04  1.24316954E+00 -1.10424944E+00 -1.10374045E+00  0.00000000E+00
    1871  4.73333992E-01  2.24047191E-01  5.01990454E-02  6.66654039E-01  6.12982852E-04  1.24061860E+00 -1.10425460E+00 -1.10374544E+00  0.00000000E+00
    1881  4.73332090E-01  2.24045391E-01  5.01982395E-02  6.66654035E-01  6.13191810E-04  1.23573791E+00 -1.10424735E+00 -1.10373814E+00  0.00000000E+00
    1891  4.73331631E-01  2.24044947E-01  5.01980313E-02  6.66654095E-01  6.10276493E-04  1.22846002E+00 -1.10425585E+00 -1.10374656E+00  0.00000000E+00
    1901  4.73320943E-01  2.24034827E-01  5.01934958E-02  6.66654101E-01  6.09915665E-04  1.22366628E+00 -1.10424958E+00 -1.10374067E+00  0.00000000E+00
    1911  4.73316258E-01  2.24030380E-01  5.01914919E-02  6.66654175E-01  6.06324852E-04  1.22269613E+00 -1.10423552E+00 -1.10372661E+00  0.00000000E+00
    1921  4.73334184E-01  2.24047374E-01  5.01991298E-02  6.66654024E-01  6.13638981E-04  1.22206732E+00 -1.10424004E+00 -1.10373100E+00  0.00000000E+00
    1931  4.73338871E-01  2.24051835E-01  5.02011490E-02  6.66653888E-01  6.20243917E-04  1.22853986E+00 -1.10424213E+00 -1.10373258E+00  0.00000000E+00
    1941  4.73333731E-01  2.24046955E-01  5.01989504E-02  6.66653967E-01  6.16362736E-04  1.21815834E+00 -1.10424317E+00 -1.10373382E+00  0.00000000E+00
    1951  4.73332404E-01  2.24045686E-01  5.01983703E-02  6.66654044E-01  6.12651775E-04  1.21261069E+00 -1.10423717E+00 -1.10372811E+00  0.00000000E+00
    1961  4.73324704E-01  2.24038385E-01  5.01950887E-02  6.66654111E-01  6.09354797E-04  1.20909356E+00 -1.10423472E+00 -1.10372596E+00  0.00000000E+00
    1971  4.73322165E-01  2.24035970E-01  5.01939952E-02  6.66654185E-01  6.05765177E-04  1.20340159E+00 -1.10423776E+00 -1.10372871E+00  0.00000000E+00
    1981  4.73306040E-01  2.24020716E-01  5.01871705E-02  6.66654118E-01  6.08930735E-04  1.19383529E+00 -1.10424021E+00 -1.10373114E+00  0.00000000E+00
    1991  4.73311319E-01  2.24025713E-01  5.01894091E-02  6.66654121E-01  6.08792611E-04  1.19593916E+00 -1.10425433E+00 -1.10374517E+00  0.00000000E+00
