   #Iter             <M>           <M^2>           <M^4>      U_{Binder}            \chi        C_v(tot)             <E>       <E_{exc}>       <E_{lsf}>
       1  5.69938390E-01  3.24829769E-01  1.05514379E-01  6.66666667E-01  3.84937676E-36  0.00000000E+00 -1.44466725E+00 -1.44466725E+00  0.00000000E+00
      11  5.69177787E-01  3.23963432E-01  1.04952408E-01  6.66666342E-01  3.14421882E-26  0.00000000E+00 -1.44466725E+00 -1.44466725E+00  0.00000000E+00
      21  5.69114785E-01  3.23891697E-01  1.04905908E-01  6.66666423E-01  2.35504860E-26  0.00000000E+00 -1.44466725E+00 -1.44466725E+00  0.00000000E+00
      31  5.69074961E-01  3.23846421E-01  1.04876646E-01  6.66666216E-01  4.36555722E-26  0.00000000E+00 -1.44466725E+00 -1.44466725E+00  0.00000000E+00
      41  5.69117164E-01  3.23894474E-01  1.04907796E-01  6.66666141E-01  5.08689801E-26  0.00000000E+00 -1.44466725E+00 -1.44466725E+00  0.00000000E+00
      51  5.69089449E-01  3.23862907E-01  1.04887319E-01  6.66666231E-01  4.21551154E-26  0.00000000E+00 -1.44466725E+00 -1.44466725E+00  0.00000000E+00
      61  5.69146569E-01  3.23927957E-01  1.04929503E-01  6.66666089E-01  5.59564208E-26  0.00000000E+00 -1.44466725E+00 -1.44466725E+00  0.00000000E+00
      71  5.69168546E-01  3.23952959E-01  1.04945682E-01  6.66666152E-01  4.98388584E-26  0.00000000E+00 -1.44466725E+00 -1.44466725E+00  0.00000000E+00
      81  5.69178799E-01  3.23964607E-01  1.04953199E-01  6.66666247E-01  4.06735507E-26  0.00000000E+00 -1.44466725E+00 -1.44466725E+00  0.00000000E+00
      91  5.69233288E-01  3.24026634E-01  1.04993386E-01  6.66666264E-01  3.90382784E-26  0.00000000E+00 -1.44466725E+00 -1.44466725E+00  0.00000000E+00
     101  5.69224889E-01  3.24017093E-01  1.04987230E-01  6.66666180E-01  4.71839866E-26  0.00000000E+00 -1.44466725E+00 -1.44466725E+00  0.00000000E+00
     111  5.69222797E-01  3.24014707E-01  1.04985678E-01  6.66666197E-01  4.54676313E-26  0.00000000E+00 -1.44466725E+00 -1.44466725E+00  0.00000000E+00
     121  5.69212876E-01  3.24003440E-01  1.04978413E-01  6.66666083E-01  5.65727835E-26  0.00000000E+00 -1.44466725E+00 -1.44466725E+00  0.00000000E+00
     131  5.69192854E-01  3.23980640E-01  1.04963630E-01  6.66666111E-01  5.38456623E-26  0.00000000E+00 -1.44466725E+00 -1.44466725E+00  0.00000000E+00
     141  5.69205877E-01  3.23995461E-01  1.04973229E-01  6.66666127E-01  5.22594366E-26  0.00000000E+00 -1.44466725E+00 -1.44466725E+00  0.00000000E+00
     151  5.69179866E-01  3.23965857E-01  1.04954054E-01  6.66666104E-01  5.44919182E-26  0.00000000E+00 -1.44466725E+00 -1.44466725E+00  0.00000000E+00
     161  5.69200222E-01  3.23989024E-01  1.04969057E-01  6.66666128E-01  5.21551390E-26  0.00000000E+00 -1.44466725E+00 -1.44466725E+00  0.00000000E+00
     171  5.69195101E-01  3.23983191E-01  1.04965274E-01  6.66666140E-01  5.10649482E-26  0.00000000E+00 -1.44466725E+00 -1.44466725E+00  0.00000000E+00
     181  5.69188106E-01  3.23975225E-01  1.04960108E-01  6.66666153E-01  4.97965355E-26  0.00000000E+00 -1.44466725E+00 -1.44466725E+00  0.00000000E+00
     191  5.69184847E-01  3.23971515E-01  1.04957704E-01  6.66666155E-01  4.95994373E-26  0.00000000E+00 -1.44466725E+00 -1.44466725E+00  0.00000000E+00
     201  5.69167303E-01  3.23951543E-01  1.04944763E-01  6.66666155E-01  4.95462797E-26  0.00000000E+00 -1.44466725E+00 -1.44466725E+00  0.00000000E+00
     211  5.69163857E-01  3.23947616E-01  1.04942214E-01  6.66666172E-01  4.78953446E-26  0.00000000E+00 -1.44466725E+00 -1.44466725E+00  0.00000000E+00
     221  5.69165300E-01  3.23949252E-01  1.04943264E-01  6.66666201E-01  4.51063815E-26  0.00000000E+00 -1.44466725E+00 -1.44466725E+00  0.00000000E+00
     231  5.69155415E-01  3.23938002E-01  1.04935980E-01  6.66666189E-01  4.62882829E-26  0.00000000E+00 -1.44466725E+00 -1.44466725E+00  0.00000000E+00
     241  5.69165539E-01  3.23949525E-01  1.04943442E-01  6.66666199E-01  4.52744572E-26  0.00000000E+00 -1.44466725E+00 -1.44466725E+00  0.00000000E+00
     251  5.69156329E-01  3.23939043E-01  1.04936653E-01  6.66666191E-01  4.60559055E-26  0.00000000E+00 -1.44466725E+00 -1.44466725E+00  0.00000000E+00
     261  5.69149715E-01  3.23931509E-01  1.04931766E-01  6.66666211E-01  4.41376558E-26  0.00000000E+00 -1.44466725E+00 -1.44466725E+00  0.00000000E+00
     271  5.69140343E-01  3.23920839E-01  1.04924851E-01  6.66666218E-01  4.34247518E-26  0.00000000E+00 -1.44466725E+00 -1.44466725E+00  0.00000000E+00
     281  5.69136297E-01  3.23916232E-01  1.04921864E-01  6.66666226E-01  4.26922649E-26  0.00000000E+00 -1.44466725E+00 -1.44466725E+00  0.00000000E+00
     291  5.69127051E-01  3.23905710E-01  1.04915052E-01  6.66666212E-01  4.40132162E-26  0.00000000E+00 -1.44466725E+00 -1.44466725E+00  0.00000000E+00
     301  5.69113465E-01  3.23890251E-01  1.04905043E-01  6.66666193E-01  4.58575038E-26  0.00000000E+00 -1.44466725E+00 -1.44466725E+00  0.00000000E+00
     311  5.69115971E-01  3.23893102E-01  1.04906888E-01  6.66666200E-01  4.51939659E-26  0.00000000E+00 -1.44466725E+00 -1.44466725E+00  0.00000000E+00
     321  5.69121543E-01  3.23899449E-01  1.04911007E-01  6.66666180E-01  4.71641050E-26  0.00000000E+00 -1.44466725E+00 -1.44466725E+00  0.00000000E+00
     331  5.69129756E-01  3.23908797E-01  1.04917062E-01  6.66666180E-01  4.71361083E-26  0.00000000E+00 -1.44466725E+00 -1.44466725E+00  0.00000000E+00
     341  5.69136222E-01  3.23916153E-01  1.04921822E-01  6.66666198E-01  4.54420224E-26  0.00000000E+00 -1.44466725E+00 -1.44466725E+00  0.00000000E+00
     351  5.69126848E-01  3.23905485E-01  1.04914914E-01  6.66666188E-01  4.63658031E-26  0.00000000E+00 -1.44466725E+00 -1.44466725E+00  0.00000000E+00
     361  5.69133664E-01  3.23913247E-01  1.04919947E-01  6.66666173E-01  4.78306432E-26  0.00000000E+00 -1.44466725E+00 -1.44466725E+00  0.00000000E+00
     371  5.69135421E-01  3.23915245E-01  1.04921239E-01  6.66666183E-01  4.68637056E-26  0.00000000E+00 -1.44466725E+00 -1.44466725E+00  0.00000000E+00
     381  5.69136628E-01  3.23916622E-01  1.04922134E-01  6.66666170E-01  4.80639919E-26  0.00000000E+00 -1.44466725E+00 -1.44466725E+00  0.00000000E+00
     391  5.69134408E-01  3.23914095E-01  1.04920498E-01  6.66666168E-01  4.83246899E-26  0.00000000E+00 -1.44466725E+00 -1.44466725E+00  0.00000000E+00
     401  5.69128874E-01  3.23907796E-01  1.04916416E-01  6.66666171E-01  4.80360884E-26  0.00000000E+00 -1.44466725E+00 -1.44466725E+00  0.00000000E+00
     411  5.69127176E-01  3.23905861E-01  1.04915161E-01  6.66666178E-01  4.72867733E-26  0.00000000E+00 -1.44466725E+00 -1.44466725E+00  0.00000000E+00
     421  5.69117627E-01  3.23894990E-01  1.04908116E-01  6.66666187E-01  4.65035091E-26  0.00000000E+00 -1.44466725E+00 -1.44466725E+00  0.00000000E+00
     431  5.69113972E-01  3.23890834E-01  1.04905429E-01  6.66666169E-01  4.81748809E-26  0.00000000E+00 -1.44466725E+00 -1.44466725E+00  0.00000000E+00
     441  5.69123456E-01  3.23901634E-01  1.04912431E-01  6.66666150E-01  5.00279736E-26  0.00000000E+00 -1.44466725E+00 -1.44466725E+00  0.00000000E+00
     451  5.69116000E-01  3.23893148E-01  1.04906935E-01  6.66666146E-01  5.04369485E-26  0.00000000E+00 -1.44466725E+00 -1.44466725E+00  0.00000000E+00
     461  5.69110055E-01  3.23886378E-01  1.04902547E-01  6.66666157E-01  4.93878195E-26  0.00000000E+00 -1.44466725E+00 -1.44466725E+00  0.00000000E+00
     471  5.69108678E-01  3.23884809E-01  1.04901527E-01  6.66666165E-01  4.85393006E-26  0.00000000E+00 -1.44466725E+00 -1.44466725E+00  0.00000000E+00
     481  5.69110749E-01  3.23887174E-01  1.04903069E-01  6.66666135E-01  5.15271836E-26  0.00000000E+00 -1.44466725E+00 -1.44466725E+00  0.00000000E+00
     491  5.69118922E-01  3.23896476E-01  1.04909095E-01  6.66666136E-01  5.14317737E-26  0.00000000E+00 -1.44466725E+00 -1.44466725E+00  0.00000000E+00
     501  5.69117435E-01  3.23894782E-01  1.04907995E-01  6.66666142E-01  5.07750124E-26  0.00000000E+00 -1.44466725E+00 -1.44466725E+00  0.00000000E+00
     511  5.69119301E-01  3.23896908E-01  1.04909373E-01  6.66666137E-01  5.12542209E-26  0.00000000E+00 -1.44466725E+00 -1.44466725E+00  0.00000000E+00
     521  5.69121175E-01  3.23899039E-01  1.04910753E-01  6.66666142E-01  5.08432520E-26  0.00000000E+00 -1.44466725E+00 -1.44466725E+00  0.00000000E+00
     531  5.69122678E-01  3.23900748E-01  1.04911857E-01  6.66666150E-01  5.00661344E-26  0.00000000E+00 -1.44466725E+00 -1.44466725E+00  0.00000000E+00
     541  5.69115205E-01  3.23892242E-01  1.04906346E-01  6.66666153E-01  4.97360227E-26  0.00000000E+00 -1.44466725E+00 -1.44466725E+00  0.00000000E+00
     551  5.69115963E-01  3.23893102E-01  1.04906900E-01  6.66666162E-01  4.89058405E-26  0.00000000E+00 -1.44466725E+00 -1.44466725E+00  0.00000000E+00
     561  5.69114981E-01  3.23891986E-01  1.04906179E-01  6.66666157E-01  4.93738754E-26  0.00000000E+00 -1.44466725E+00 -1.44466725E+00  0.00000000E+00
     571  5.69113570E-01  3.23890378E-01  1.04905136E-01  6.66666161E-01  4.89627157E-26  0.00000000E+00 -1.44466725E+00 -1.44466725E+00  0.00000000E+00
     581  5.69119952E-01  3.23897645E-01  1.04909846E-01  6.66666153E-01  4.97751911E-26  0.00000000E+00 -1.44466725E+00 -1.44466725E+00  0.00000000E+00
     591  5.69117166E-01  3.23894471E-01  1.04907788E-01  6.66666159E-01  4.91278358E-26  0.00000000E+00 -1.44466725E+00 -1.44466725E+00  0.00000000E+00
     601  5.69117683E-01  3.23895061E-01  1.04908171E-01  6.66666157E-01  4.94055804E-26  0.00000000E+00 -1.44466725E+00 -1.44466725E+00  0.00000000E+00
     611  5.69123557E-01  3.23901751E-01  1.04912511E-01  6.66666138E-01  5.12103153E-26  0.00000000E+00 -1.44466725E+00 -1.44466725E+00  0.00000000E+00
     621  5.69121308E-01  3.23899193E-01  1.04910854E-01  6.66666135E-01  5.15313880E-26  0.00000000E+00 -1.44466725E+00 -1.44466724E+00  0.00000000E+00
     631  5.69120183E-01  3.23897911E-01  1.04910023E-01  6.66666138E-01  5.12061795E-26  0.00000000E+00 -1.44466725E+00 -1.44466724E+00  0.00000000E+00
     641  5.69124789E-01  3.23903154E-01  1.04913420E-01  6.66666136E-01  5.14292383E-26  0.00000000E+00 -1.44466725E+00 -1.44466724E+00  0.00000000E+00
     651  5.69126729E-01  3.23905361E-01  1.04914848E-01  6.66666142E-01  5.08525956E-26  0.00000000E+00 -1.44466725E+00 -1.44466724E+00  0.00000000E+00
     661  5.69124285E-01  3.23902578E-01  1.04913045E-01  6.66666144E-01  5.05837858E-26  0.00000000E+00 -1.44466725E+00 -1.44466724E+00  0.00000000E+00
     671  5.69123970E-01  3.23902221E-01  1.04912814E-01  6.66666142E-01  5.08405737E-26  0.00000000E+00 -1.44466725E+00 -1.44466724E+00  0.00000000E+00
     681  5.69119894E-01  3.23897585E-01  1.04909815E-01  6.66666129E-01  5.20756778E-26  0.00000000E+00 -1.44466725E+00 -1.44466724E+00  0.00000000E+00
     691  5.69117351E-01  3.23894689E-01  1.04907937E-01  6.66666135E-01  5.14486296E-26  0.00000000E+00 -1.44466725E+00 -1.44466724E+00  0.00000000E+00
     701  5.69121829E-01  3.23899785E-01  1.04911237E-01  6.66666138E-01  5.12452516E-26  0.00000000E+00 -1.44466725E+00 -1.44466724E+00  0.00000000E+00
     711  5.69122593E-01  3.23900653E-01  1.04911798E-01  6.66666144E-01  5.06422539E-26  0.00000000E+00 -1.44466725E+00 -1.44466724E+00  0.00000000E+00
     721  5.69123943E-01  3.23902190E-01  1.04912793E-01  6.66666145E-01  5.05650986E-26  0.00000000E+00 -1.44466725E+00 -1.44466724E+00  0.00000000E+00
     731  5.69124597E-01  3.23902935E-01  1.04913278E-01  6.66666138E-01  5.12170333E-26  0.00000000E+00 -1.44466725E+00 -1.44466724E+00  0.00000000E+00
     741  5.69127016E-01  3.23905690E-01  1.04915064E-01  6.66666134E-01  5.15948063E-26  0.00000000E+00 -1.44466725E+00 -1.44466724E+00  0.00000000E+00
     751  5.69125529E-01  3.23903996E-01  1.04913965E-01  6.66666139E-01  5.11225980E-26  0.00000000E+00 -1.44466725E+00 -1.44466724E+00  0.00000000E+00
     761  5.69125430E-01  3.23903882E-01  1.04913889E-01  6.66666145E-01  5.04837366E-26  0.00000000E+00 -1.44466725E+00 -1.44466724E+00  0.00000000E+00
     771  5.69126178E-01  3.23904731E-01  1.04914436E-01  6.66666154E-01  4.96479092E-26  0.00000000E+00 -1.44466725E+00 -1.44466724E+00  0.00000000E+00
     781  5.69123589E-01  3.23901782E-01  1.04912524E-01  6.66666161E-01  4.90180892E-26  0.00000000E+00 -1.44466725E+00 -1.44466724E+00  0.00000000E+00
     791  5.69121749E-01  3.23899688E-01  1.04911166E-01  6.66666162E-01  4.88844564E-26  0.00000000E+00 -1.44466725E+00 -1.44466724E+00  0.00000000E+00
     801  5.69120648E-01  3.23898436E-01  1.04910357E-01  6.66666159E-01  4.92089209E-26  0.00000000E+00 -1.44466725E+00 -1.44466724E+00  0.00000000E+00
     811  5.69122984E-01  3.23901093E-01  1.04912076E-01  6.66666164E-01  4.86781311E-26  0.00000000E+00 -1.44466725E+00 -1.44466724E+00  0.00000000E+00
     821  5.69124387E-01  3.23902691E-01  1.04913113E-01  6.66666158E-01  4.92518359E-26  0.00000000E+00 -1.44466725E+00 -1.44466724E+00  0.00000000E+00
     831  5.69119779E-01  3.23897448E-01  1.04909719E-01  6.66666151E-01  4.99608305E-26  0.00000000E+00 -1.44466725E+00 -1.44466724E+00  0.00000000E+00
     841  5.69119475E-01  3.23897102E-01  1.04909494E-01  6.66666155E-01  4.96011309E-26  0.00000000E+00 -1.44466725E+00 -1.44466724E+00  0.00000000E+00
     851  5.69118684E-01  3.23896200E-01  1.04908908E-01  6.66666159E-01  4.91617016E-26  0.00000000E+00 -1.44466725E+00 -1.44466724E+00  0.00000000E+00
     861  5.69120163E-01  3.23897881E-01  1.04909994E-01  6.66666169E-01  4.82334639E-26  0.00000000E+00 -1.44466725E+00 -1.44466724E+00  0.00000000E+00
     871  5.69114549E-01  3.23891491E-01  1.04905855E-01  6.66666168E-01  4.82950499E-26  0.00000000E+00 -1.44466725E+00 -1.44466724E+00  0.00000000E+00
     881  5.69115926E-01  3.23893056E-01  1.04906866E-01  6.66666176E-01  4.75202674E-26  0.00000000E+00 -1.44466725E+00 -1.44466724E+00  0.00000000E+00
     891  5.69115949E-01  3.23893081E-01  1.04906880E-01  6.66666182E-01  4.69216701E-26  0.00000000E+00 -1.44466725E+00 -1.44466724E+00  0.00000000E+00
     901  5.69116802E-01  3.23894052E-01  1.04907509E-01  6.66666184E-01  4.67732014E-26  0.00000000E+00 -1.44466725E+00 -1.44466724E+00  0.00000000E+00
     911  5.69122025E-01  3.23899998E-01  1.04911362E-01  6.66666178E-01  4.73388457E-26  0.00000000E+00 -1.44466725E+00 -1.44466724E+00  0.00000000E+00
     921  5.69122932E-01  3.23901030E-01  1.04912031E-01  6.66666180E-01  4.71213761E-26  0.00000000E+00 -1.44466725E+00 -1.44466724E+00  0.00000000E+00
     931  5.69121918E-01  3.23899875E-01  1.04911281E-01  6.66666185E-01  4.66504332E-26  0.00000000E+00 -1.44466725E+00 -1.44466724E+00  0.00000000E+00
     941  5.69123682E-01  3.23901882E-01  1.04912581E-01  6.66666186E-01  4.65408410E-26  0.00000000E+00 -1.44466725E+00 -1.44466724E+00  0.00000000E+00
     951  5.69119402E-01  3.23897011E-01  1.04909426E-01  6.66666183E-01  4.68738220E-26  0.00000000E+00 -1.44466725E+00 -1.44466724E+00  0.00000000E+00
     961  5.69120801E-01  3.23898603E-01  1.04910455E-01  6.66666189E-01  4.62935572E-26  0.00000000E+00 -1.44466725E+00 -1.44466724E+00  0.00000000E+00
     971  5.69121633E-01  3.23899548E-01  1.04911067E-01  6.66666191E-01  4.60819058E-26  0.00000000E+00 -1.44466725E+00 -1.44466724E+00  0.00000000E+00
     981  5.69119083E-01  3.23896648E-01  1.04909189E-01  6.66666187E-01  4.64752394E-26  0.00000000E+00 -1.44466725E+00 -1.44466724E+00  0.00000000E+00
     991  5.69117286E-01  3.23894602E-01  1.04907865E-01  6.66666185E-01  4.66101550E-26  0.00000000E+00 -1.44466725E+00 -1.44466724E+00  0.00000000E+00
   #Iter             <M>           <M^2>           <M^4>      U_{Binder}            \chi        C_v(tot)             <E>       <E_{exc}>       <E_{lsf}>
       1  5.69938390E-01  3.24829769E-01  1.05514379E-01  6.66666667E-01  3.84937676E-36  0.00000000E+00 -1.44466725E+00 -1.44466725E+00  0.00000000E+00
      11  5.69177787E-01  3.23963432E-01  1.04952408E-01  6.66666342E-01  3.14421882E-26  0.00000000E+00 -1.44466725E+00 -1.44466725E+00  0.00000000E+00
      21  5.69114785E-01  3.23891697E-01  1.04905908E-01  6.66666423E-01  2.35504860E-26  0.00000000E+00 -1.44466725E+00 -1.44466725E+00  0.00000000E+00
      31  5.69074961E-01  3.23846421E-01  1.04876646E-01  6.66666216E-01  4.36555722E-26  0.00000000E+00 -1.44466725E+00 -1.44466725E+00  0.00000000E+00
      41  5.69117164E-01  3.23894474E-01  1.04907796E-01  6.66666141E-01  5.08689801E-26  0.00000000E+00 -1.44466725E+00 -1.44466725E+00  0.00000000E+00
      51  5.69089449E-01  3.23862907E-01  1.04887319E-01  6.66666231E-01  4.21551154E-26  0.00000000E+00 -1.44466725E+00 -1.44466725E+00  0.00000000E+00
      61  5.69146569E-01  3.23927957E-01  1.04929503E-01  6.66666089E-01  5.59564208E-26  0.00000000E+00 -1.44466725E+00 -1.44466725E+00  0.00000000E+00
      71  5.69168546E-01  3.23952959E-01  1.04945682E-01  6.66666152E-01  4.98388584E-26  0.00000000E+00 -1.44466725E+00 -1.44466725E+00  0.00000000E+00
      81  5.69178799E-01  3.23964607E-01  1.04953199E-01  6.66666247E-01  4.06735507E-26  0.00000000E+00 -1.44466725E+00 -1.44466725E+00  0.00000000E+00
      91  5.69233288E-01  3.24026634E-01  1.04993386E-01  6.66666264E-01  3.90382784E-26  0.00000000E+00 -1.44466725E+00 -1.44466725E+00  0.00000000E+00
     101  5.69224531E-01  3.24016685E-01  1.04986965E-01  6.66666181E-01  4.70080095E-26  0.00000000E+00 -1.44466725E+00 -1.44466725E+00  0.00000000E+00
     111  5.69222279E-01  3.24014117E-01  1.04985297E-01  6.66666196E-01  4.56474956E-26  0.00000000E+00 -1.44466725E+00 -1.44466725E+00  0.00000000E+00
     121  5.69211179E-01  3.24001509E-01  1.04977163E-01  6.66666079E-01  5.68874080E-26  0.00000000E+00 -1.44466725E+00 -1.44466725E+00  0.00000000E+00
     131  5.69190907E-01  3.23978423E-01  1.04962192E-01  6.66666116E-01  5.33306542E-26  0.00000000E+00 -1.44466725E+00 -1.44466725E+00  0.00000000E+00
     141  5.69203490E-01  3.23992743E-01  1.04971466E-01  6.66666132E-01  5.18133788E-26  0.00000000E+00 -1.44466725E+00 -1.44466725E+00  0.00000000E+00
     151  5.69178055E-01  3.23963793E-01  1.04952715E-01  6.66666109E-01  5.40313290E-26  0.00000000E+00 -1.44466725E+00 -1.44466725E+00  0.00000000E+00
     161  5.69201501E-01  3.23990479E-01  1.04969999E-01  6.66666130E-01  5.19667776E-26  0.00000000E+00 -1.44466725E+00 -1.44466725E+00  0.00000000E+00
     171  5.69195471E-01  3.23983612E-01  1.04965547E-01  6.66666140E-01  5.10237963E-26  0.00000000E+00 -1.44466725E+00 -1.44466725E+00  0.00000000E+00
     181  5.69188498E-01  3.23975671E-01  1.04960397E-01  6.66666153E-01  4.97750671E-26  0.00000000E+00 -1.44466725E+00 -1.44466725E+00  0.00000000E+00
     191  5.69185783E-01  3.23972581E-01  1.04958394E-01  6.66666154E-01  4.96470459E-26  0.00000000E+00 -1.44466725E+00 -1.44466725E+00  0.00000000E+00
     201  5.69169006E-01  3.23953481E-01  1.04946017E-01  6.66666159E-01  4.91470731E-26  0.00000000E+00 -1.44466725E+00 -1.44466725E+00  0.00000000E+00
     211  5.69163914E-01  3.23947680E-01  1.04942253E-01  6.66666179E-01  4.72606545E-26  0.00000000E+00 -1.44466725E+00 -1.44466725E+00  0.00000000E+00
     221  5.69167044E-01  3.23951236E-01  1.04944548E-01  6.66666207E-01  4.45518290E-26  0.00000000E+00 -1.44466725E+00 -1.44466725E+00  0.00000000E+00
     231  5.69159074E-01  3.23942165E-01  1.04938674E-01  6.66666198E-01  4.54349613E-26  0.00000000E+00 -1.44466725E+00 -1.44466725E+00  0.00000000E+00
     241  5.69168579E-01  3.23952983E-01  1.04945679E-01  6.66666208E-01  4.43974059E-26  0.00000000E+00 -1.44466725E+00 -1.44466725E+00  0.00000000E+00
     251  5.69158821E-01  3.23941877E-01  1.04938487E-01  6.66666199E-01  4.52545293E-26  0.00000000E+00 -1.44466725E+00 -1.44466725E+00  0.00000000E+00
     261  5.69153098E-01  3.23935359E-01  1.04934258E-01  6.66666217E-01  4.35337526E-26  0.00000000E+00 -1.44466725E+00 -1.44466725E+00  0.00000000E+00
     271  5.69142095E-01  3.23922832E-01  1.04926139E-01  6.66666227E-01  4.25914867E-26  0.00000000E+00 -1.44466725E+00 -1.44466725E+00  0.00000000E+00
     281  5.69137785E-01  3.23917923E-01  1.04922957E-01  6.66666233E-01  4.19683049E-26  0.00000000E+00 -1.44466725E+00 -1.44466725E+00  0.00000000E+00
     291  5.69129136E-01  3.23908082E-01  1.04916585E-01  6.66666222E-01  4.30210686E-26  0.00000000E+00 -1.44466725E+00 -1.44466725E+00  0.00000000E+00
     301  5.69115120E-01  3.23892132E-01  1.04906260E-01  6.66666201E-01  4.50734688E-26  0.00000000E+00 -1.44466725E+00 -1.44466725E+00  0.00000000E+00
     311  5.69118145E-01  3.23895575E-01  1.04908488E-01  6.66666208E-01  4.44541414E-26  0.00000000E+00 -1.44466725E+00 -1.44466725E+00  0.00000000E+00
     321  5.69123040E-01  3.23901151E-01  1.04912107E-01  6.66666188E-01  4.64044628E-26  0.00000000E+00 -1.44466725E+00 -1.44466725E+00  0.00000000E+00
     331  5.69130714E-01  3.23909886E-01  1.04917765E-01  6.66666189E-01  4.63108309E-26  0.00000000E+00 -1.44466725E+00 -1.44466725E+00  0.00000000E+00
     341  5.69136851E-01  3.23916868E-01  1.04922282E-01  6.66666206E-01  4.45955984E-26  0.00000000E+00 -1.44466725E+00 -1.44466725E+00  0.00000000E+00
     351  5.69127521E-01  3.23906250E-01  1.04915407E-01  6.66666194E-01  4.57376737E-26  0.00000000E+00 -1.44466725E+00 -1.44466725E+00  0.00000000E+00
     361  5.69134168E-01  3.23913819E-01  1.04920315E-01  6.66666180E-01  4.71692137E-26  0.00000000E+00 -1.44466725E+00 -1.44466725E+00  0.00000000E+00
     371  5.69135142E-01  3.23914926E-01  1.04921030E-01  6.66666189E-01  4.62520008E-26  0.00000000E+00 -1.44466725E+00 -1.44466725E+00  0.00000000E+00
     381  5.69136179E-01  3.23916109E-01  1.04921800E-01  6.66666176E-01  4.75368283E-26  0.00000000E+00 -1.44466725E+00 -1.44466725E+00  0.00000000E+00
     391  5.69133343E-01  3.23912883E-01  1.04919712E-01  6.66666171E-01  4.79719916E-26  0.00000000E+00 -1.44466725E+00 -1.44466725E+00  0.00000000E+00
     401  5.69128255E-01  3.23907090E-01  1.04915959E-01  6.66666173E-01  4.78006288E-26  0.00000000E+00 -1.44466725E+00 -1.44466725E+00  0.00000000E+00
     411  5.69126374E-01  3.23904948E-01  1.04914570E-01  6.66666177E-01  4.74222959E-26  0.00000000E+00 -1.44466725E+00 -1.44466725E+00  0.00000000E+00
     421  5.69117418E-01  3.23894752E-01  1.04907962E-01  6.66666187E-01  4.64966073E-26  0.00000000E+00 -1.44466725E+00 -1.44466725E+00  0.00000000E+00
     431  5.69112957E-01  3.23889679E-01  1.04904681E-01  6.66666169E-01  4.82319626E-26  0.00000000E+00 -1.44466725E+00 -1.44466725E+00  0.00000000E+00
     441  5.69122819E-01  3.23900909E-01  1.04911962E-01  6.66666149E-01  5.01686826E-26  0.00000000E+00 -1.44466725E+00 -1.44466725E+00  0.00000000E+00
     451  5.69115121E-01  3.23892148E-01  1.04906288E-01  6.66666143E-01  5.06860094E-26  0.00000000E+00 -1.44466725E+00 -1.44466725E+00  0.00000000E+00
     461  5.69108951E-01  3.23885123E-01  1.04901735E-01  6.66666153E-01  4.97392735E-26  0.00000000E+00 -1.44466725E+00 -1.44466725E+00  0.00000000E+00
     471  5.69107256E-01  3.23883192E-01  1.04900480E-01  6.66666162E-01  4.88423186E-26  0.00000000E+00 -1.44466725E+00 -1.44466725E+00  0.00000000E+00
     481  5.69110171E-01  3.23886517E-01  1.04902645E-01  6.66666131E-01  5.19122533E-26  0.00000000E+00 -1.44466725E+00 -1.44466725E+00  0.00000000E+00
     491  5.69118755E-01  3.23896287E-01  1.04908974E-01  6.66666130E-01  5.19625205E-26  0.00000000E+00 -1.44466725E+00 -1.44466725E+00  0.00000000E+00
     501  5.69117664E-01  3.23895045E-01  1.04908167E-01  6.66666137E-01  5.13413714E-26  0.00000000E+00 -1.44466725E+00 -1.44466725E+00  0.00000000E+00
     511  5.69119508E-01  3.23897145E-01  1.04909529E-01  6.66666131E-01  5.18698477E-26  0.00000000E+00 -1.44466725E+00 -1.44466725E+00  0.00000000E+00
     521  5.69121307E-01  3.23899191E-01  1.04910853E-01  6.66666135E-01  5.14619352E-26  0.00000000E+00 -1.44466725E+00 -1.44466725E+00  0.00000000E+00
     531  5.69122529E-01  3.23900581E-01  1.04911751E-01  6.66666142E-01  5.08222836E-26  0.00000000E+00 -1.44466725E+00 -1.44466725E+00  0.00000000E+00
     541  5.69115030E-01  3.23892044E-01  1.04906220E-01  6.66666145E-01  5.04932457E-26  0.00000000E+00 -1.44466725E+00 -1.44466725E+00  0.00000000E+00
     551  5.69115593E-01  3.23892683E-01  1.04906631E-01  6.66666154E-01  4.96116408E-26  0.00000000E+00 -1.44466725E+00 -1.44466725E+00  0.00000000E+00
     561  5.69114525E-01  3.23891469E-01  1.04905847E-01  6.66666148E-01  5.02140048E-26  0.00000000E+00 -1.44466725E+00 -1.44466725E+00  0.00000000E+00
     571  5.69113379E-01  3.23890163E-01  1.04905000E-01  6.66666151E-01  4.99582444E-26  0.00000000E+00 -1.44466725E+00 -1.44466725E+00  0.00000000E+00
     581  5.69119532E-01  3.23897169E-01  1.04909541E-01  6.66666144E-01  5.06466964E-26  0.00000000E+00 -1.44466725E+00 -1.44466725E+00  0.00000000E+00
     591  5.69116998E-01  3.23894283E-01  1.04907668E-01  6.66666152E-01  4.98124244E-26  0.00000000E+00 -1.44466725E+00 -1.44466725E+00  0.00000000E+00
     601  5.69117015E-01  3.23894302E-01  1.04907681E-01  6.66666150E-01  5.00041685E-26  0.00000000E+00 -1.44466725E+00 -1.44466725E+00  0.00000000E+00
     611  5.69122622E-01  3.23900688E-01  1.04911823E-01  6.66666134E-01  5.16319373E-26  0.00000000E+00 -1.44466725E+00 -1.44466725E+00  0.00000000E+00
     621  5.69120549E-01  3.23898330E-01  1.04910297E-01  6.66666130E-01  5.19833287E-26  0.00000000E+00 -1.44466725E+00 -1.44466724E+00  0.00000000E+00
     631  5.69119392E-01  3.23897012E-01  1.04909442E-01  6.66666134E-01  5.15919622E-26  0.00000000E+00 -1.44466725E+00 -1.44466724E+00  0.00000000E+00
     641  5.69124241E-01  3.23902531E-01  1.04913018E-01  6.66666133E-01  5.17166230E-26  0.00000000E+00 -1.44466725E+00 -1.44466724E+00  0.00000000E+00
     651  5.69126151E-01  3.23904704E-01  1.04914423E-01  6.66666138E-01  5.11714384E-26  0.00000000E+00 -1.44466725E+00 -1.44466724E+00  0.00000000E+00
     661  5.69123566E-01  3.23901762E-01  1.04912517E-01  6.66666140E-01  5.10060128E-26  0.00000000E+00 -1.44466725E+00 -1.44466724E+00  0.00000000E+00
     671  5.69123519E-01  3.23901708E-01  1.04912483E-01  6.66666138E-01  5.12161798E-26  0.00000000E+00 -1.44466725E+00 -1.44466724E+00  0.00000000E+00
     681  5.69119850E-01  3.23897536E-01  1.04909784E-01  6.66666125E-01  5.24938523E-26  0.00000000E+00 -1.44466725E+00 -1.44466724E+00  0.00000000E+00
     691  5.69117506E-01  3.23894865E-01  1.04908052E-01  6.66666131E-01  5.18621912E-26  0.00000000E+00 -1.44466725E+00 -1.44466724E+00  0.00000000E+00
     701  5.69121811E-01  3.23899766E-01  1.04911226E-01  6.66666133E-01  5.17151072E-26  0.00000000E+00 -1.44466725E+00 -1.44466724E+00  0.00000000E+00
     711  5.69122458E-01  3.23900500E-01  1.04911699E-01  6.66666141E-01  5.09168351E-26  0.00000000E+00 -1.44466725E+00 -1.44466724E+00  0.00000000E+00
     721  5.69123946E-01  3.23902193E-01  1.04912796E-01  6.66666142E-01  5.08476661E-26  0.00000000E+00 -1.44466725E+00 -1.44466724E+00  0.00000000E+00
     731  5.69124378E-01  3.23902686E-01  1.04913117E-01  6.66666137E-01  5.13158811E-26  0.00000000E+00 -1.44466725E+00 -1.44466724E+00  0.00000000E+00
     741  5.69127354E-01  3.23906075E-01  1.04915313E-01  6.66666132E-01  5.17372444E-26  0.00000000E+00 -1.44466725E+00 -1.44466724E+00  0.00000000E+00
     751  5.69125619E-01  3.23904099E-01  1.04914032E-01  6.66666137E-01  5.13037621E-26  0.00000000E+00 -1.44466725E+00 -1.44466724E+00  0.00000000E+00
     761  5.69125563E-01  3.23904034E-01  1.04913988E-01  6.66666144E-01  5.06151708E-26  0.00000000E+00 -1.44466725E+00 -1.44466724E+00  0.00000000E+00
     771  5.69126206E-01  3.23904764E-01  1.04914458E-01  6.66666152E-01  4.98616509E-26  0.00000000E+00 -1.44466725E+00 -1.44466724E+00  0.00000000E+00
     781  5.69123408E-01  3.23901578E-01  1.04912392E-01  6.66666158E-01  4.92772251E-26  0.00000000E+00 -1.44466725E+00 -1.44466724E+00  0.00000000E+00
     791  5.69121389E-01  3.23899279E-01  1.04910903E-01  6.66666158E-01  4.92176066E-26  0.00000000E+00 -1.44466725E+00 -1.44466724E+00  0.00000000E+00
     801  5.69120175E-01  3.23897897E-01  1.04910009E-01  6.66666156E-01  4.94991135E-26  0.00000000E+00 -1.44466725E+00 -1.44466724E+00  0.00000000E+00
     811  5.69122428E-01  3.23900461E-01  1.04911668E-01  6.66666161E-01  4.89959761E-26  0.00000000E+00 -1.44466725E+00 -1.44466724E+00  0.00000000E+00
     821  5.69123976E-01  3.23902224E-01  1.04912811E-01  6.66666157E-01  4.94006992E-26  0.00000000E+00 -1.44466725E+00 -1.44466724E+00  0.00000000E+00
     831  5.69119528E-01  3.23897163E-01  1.04909535E-01  6.66666149E-01  5.01354657E-26  0.00000000E+00 -1.44466725E+00 -1.44466724E+00  0.00000000E+00
     841  5.69119396E-01  3.23897012E-01  1.04909436E-01  6.66666154E-01  4.96983446E-26  0.00000000E+00 -1.44466725E+00 -1.44466724E+00  0.00000000E+00
     851  5.69118968E-01  3.23896524E-01  1.04909118E-01  6.66666158E-01  4.92424567E-26  0.00000000E+00 -1.44466725E+00 -1.44466724E+00  0.00000000E+00
     861  5.69120301E-01  3.23898038E-01  1.04910096E-01  6.66666168E-01  4.82932406E-26  0.00000000E+00 -1.44466725E+00 -1.44466724E+00  0.00000000E+00
     871  5.69115038E-01  3.23892047E-01  1.04906216E-01  6.66666167E-01  4.83685132E-26  0.00000000E+00 -1.44466725E+00 -1.44466724E+00  0.00000000E+00
     881  5.69116299E-01  3.23893481E-01  1.04907141E-01  6.66666176E-01  4.75104859E-26  0.00000000E+00 -1.44466725E+00 -1.44466724E+00  0.00000000E+00
     891  5.69116185E-01  3.23893349E-01  1.04907054E-01  6.66666182E-01  4.69123397E-26  0.00000000E+00 -1.44466725E+00 -1.44466724E+00  0.00000000E+00
     901  5.69116753E-01  3.23893996E-01  1.04907473E-01  6.66666184E-01  4.67117023E-26  0.00000000E+00 -1.44466725E+00 -1.44466724E+00  0.00000000E+00
     911  5.69121487E-01  3.23899385E-01  1.04910965E-01  6.66666180E-01  4.71489126E-26  0.00000000E+00 -1.44466725E+00 -1.44466724E+00  0.00000000E+00
     921  5.69122375E-01  3.23900396E-01  1.04911619E-01  6.66666183E-01  4.68632551E-26  0.00000000E+00 -1.44466725E+00 -1.44466724E+00  0.00000000E+00
     931  5.69121907E-01  3.23899862E-01  1.04911271E-01  6.66666188E-01  4.63983706E-26  0.00000000E+00 -1.44466725E+00 -1.44466724E+00  0.00000000E+00
     941  5.69123667E-01  3.23901865E-01  1.04912568E-01  6.66666190E-01  4.61934290E-26  0.00000000E+00 -1.44466725E+00 -1.44466724E+00  0.00000000E+00
     951  5.69119364E-01  3.23896968E-01  1.04909397E-01  6.66666187E-01  4.64990105E-26  0.00000000E+00 -1.44466725E+00 -1.44466724E+00  0.00000000E+00
     961  5.69120722E-01  3.23898512E-01  1.04910395E-01  6.66666192E-01  4.59663926E-26  0.00000000E+00 -1.44466725E+00 -1.44466724E+00  0.00000000E+00
     971  5.69122104E-01  3.23900084E-01  1.04911413E-01  6.66666195E-01  4.57108267E-26  0.00000000E+00 -1.44466725E+00 -1.44466724E+00  0.00000000E+00
     981  5.69119773E-01  3.23897431E-01  1.04909696E-01  6.66666189E-01  4.62115828E-26  0.00000000E+00 -1.44466725E+00 -1.44466724E+00  0.00000000E+00
     991  5.69118007E-01  3.23895422E-01  1.04908395E-01  6.66666188E-01  4.63927407E-26  0.00000000E+00 -1.44466725E+00 -1.44466724E+00  0.00000000E+00
    1001  5.69114404E-01  3.23891323E-01  1.04905741E-01  6.66666183E-01  4.68237504E-26  0.00000000E+00 -1.44466725E+00 -1.44466724E+00  0.00000000E+00
    1011  5.69111299E-01  3.23887790E-01  1.04903455E-01  6.66666175E-01  4.76532245E-26  0.00000000E+00 -1.44466725E+00 -1.44466724E+00  0.00000000E+00
    1021  5.69107812E-01  3.23883821E-01  1.04900883E-01  6.66666179E-01  4.72125680E-26  0.00000000E+00 -1.44466725E+00 -1.44466724E+00  0.00000000E+00
    1031  5.69108355E-01  3.23884439E-01  1.04901284E-01  6.66666177E-01  4.74076197E-26  0.00000000E+00 -1.44466725E+00 -1.44466724E+00  0.00000000E+00
    1041  5.69107096E-01  3.23883007E-01  1.04900358E-01  6.66666172E-01  4.78778618E-26  0.00000000E+00 -1.44466725E+00 -1.44466724E+00  0.00000000E+00
    1051  5.69106421E-01  3.23882238E-01  1.04899860E-01  6.66666172E-01  4.78640119E-26  0.00000000E+00 -1.44466725E+00 -1.44466724E+00  0.00000000E+00
    1061  5.69106939E-01  3.23882828E-01  1.04900243E-01  6.66666171E-01  4.80407277E-26  0.00000000E+00 -1.44466725E+00 -1.44466724E+00  0.00000000E+00
    1071  5.69106990E-01  3.23882886E-01  1.04900280E-01  6.66666172E-01  4.78923329E-26  0.00000000E+00 -1.44466725E+00 -1.44466724E+00  0.00000000E+00
    1081  5.69107691E-01  3.23883684E-01  1.04900796E-01  6.66666173E-01  4.77800453E-26  0.00000000E+00 -1.44466725E+00 -1.44466724E+00  0.00000000E+00
    1091  5.69110959E-01  3.23887404E-01  1.04903206E-01  6.66666172E-01  4.79095290E-26  0.00000000E+00 -1.44466725E+00 -1.44466724E+00  0.00000000E+00
    1101  5.69112203E-01  3.23888822E-01  1.04904127E-01  6.66666165E-01  4.85862901E-26  0.00000000E+00 -1.44466725E+00 -1.44466724E+00  0.00000000E+00
    1111  5.69112862E-01  3.23889571E-01  1.04904611E-01  6.66666169E-01  4.81998454E-26  0.00000000E+00 -1.44466725E+00 -1.44466724E+00  0.00000000E+00
    1121  5.69112626E-01  3.23889303E-01  1.04904438E-01  6.66666165E-01  4.85831096E-26  0.00000000E+00 -1.44466725E+00 -1.44466724E+00  0.00000000E+00
    1131  5.69109479E-01  3.23885721E-01  1.04902119E-01  6.66666162E-01  4.88677287E-26  0.00000000E+00 -1.44466725E+00 -1.44466724E+00  0.00000000E+00
    1141  5.69108639E-01  3.23884765E-01  1.04901499E-01  6.66666165E-01  4.85902480E-26  0.00000000E+00 -1.44466725E+00 -1.44466724E+00  0.00000000E+00
    1151  5.69110726E-01  3.23887140E-01  1.04903036E-01  6.66666168E-01  4.83183923E-26  0.00000000E+00 -1.44466725E+00 -1.44466724E+00  0.00000000E+00
    1161  5.69112241E-01  3.23888865E-01  1.04904155E-01  6.66666164E-01  4.87285678E-26  0.00000000E+00 -1.44466725E+00 -1.44466724E+00  0.00000000E+00
    1171  5.69113249E-01  3.23890013E-01  1.04904900E-01  6.66666161E-01  4.89906329E-26  0.00000000E+00 -1.44466725E+00 -1.44466724E+00  0.00000000E+00
    1181  5.69114051E-01  3.23890927E-01  1.04905493E-01  6.66666158E-01  4.92557565E-26  0.00000000E+00 -1.44466725E+00 -1.44466724E+00  0.00000000E+00
    1191  5.69112178E-01  3.23888794E-01  1.04904110E-01  6.66666161E-01  4.90064595E-26  0.00000000E+00 -1.44466725E+00 -1.44466724E+00  0.00000000E+00
    1201  5.69113165E-01  3.23889917E-01  1.04904837E-01  6.66666163E-01  4.87997771E-26  0.00000000E+00 -1.44466725E+00 -1.44466724E+00  0.00000000E+00
    1211  5.69111691E-01  3.23888241E-01  1.04903753E-01  6.66666157E-01  4.93660375E-26  0.00000000E+00 -1.44466725E+00 -1.44466724E+00  0.00000000E+00
    1221  5.69112767E-01  3.23889467E-01  1.04904549E-01  6.66666150E-01  5.00019651E-26  0.00000000E+00 -1.44466725E+00 -1.44466724E+00  0.00000000E+00
    1231  5.69110127E-01  3.23886463E-01  1.04902604E-01  6.66666149E-01  5.01677405E-26  0.00000000E+00 -1.44466725E+00 -1.44466724E+00  0.00000000E+00
    1241  5.69110410E-01  3.23886784E-01  1.04902811E-01  6.66666150E-01  5.00040307E-26  0.00000000E+00 -1.44466725E+00 -1.44466724E+00  0.00000000E+00
    1251  5.69108864E-01  3.23885026E-01  1.04901674E-01  6.66666147E-01  5.03374093E-26  0.00000000E+00 -1.44466725E+00 -1.44466724E+00  0.00000000E+00
    1261  5.69109229E-01  3.23885442E-01  1.04901945E-01  6.66666141E-01  5.08941272E-26  0.00000000E+00 -1.44466725E+00 -1.44466724E+00  0.00000000E+00
    1271  5.69110447E-01  3.23886830E-01  1.04902846E-01  6.66666135E-01  5.14876113E-26  0.00000000E+00 -1.44466725E+00 -1.44466724E+00  0.00000000E+00
    1281  5.69113469E-01  3.23890271E-01  1.04905077E-01  6.66666130E-01  5.20079694E-26  0.00000000E+00 -1.44466725E+00 -1.44466724E+00  0.00000000E+00
    1291  5.69114954E-01  3.23891961E-01  1.04906171E-01  6.66666131E-01  5.19259953E-26  0.00000000E+00 -1.44466725E+00 -1.44466724E+00  0.00000000E+00
    1301  5.69114122E-01  3.23891014E-01  1.04905557E-01  6.66666131E-01  5.18387776E-26  0.00000000E+00 -1.44466725E+00 -1.44466724E+00  0.00000000E+00
    1311  5.69112111E-01  3.23888726E-01  1.04904077E-01  6.66666125E-01  5.24502764E-26  0.00000000E+00 -1.44466725E+00 -1.44466724E+00  0.00000000E+00
    1321  5.69112940E-01  3.23889670E-01  1.04904689E-01  6.66666124E-01  5.25687223E-26  0.00000000E+00 -1.44466725E+00 -1.44466724E+00  0.00000000E+00
    1331  5.69108553E-01  3.23884677E-01  1.04901455E-01  6.66666123E-01  5.26519737E-26  0.00000000E+00 -1.44466725E+00 -1.44466724E+00  0.00000000E+00
    1341  5.69108631E-01  3.23884766E-01  1.04901511E-01  6.66666126E-01  5.23281378E-26  0.00000000E+00 -1.44466725E+00 -1.44466724E+00  0.00000000E+00
    1351  5.69109388E-01  3.23885626E-01  1.04902069E-01  6.66666126E-01  5.23249756E-26  0.00000000E+00 -1.44466725E+00 -1.44466724E+00  0.00000000E+00
    1361  5.69111755E-01  3.23888321E-01  1.04903815E-01  6.66666124E-01  5.25594708E-26  0.00000000E+00 -1.44466725E+00 -1.44466724E+00  0.00000000E+00
    1371  5.69109540E-01  3.23885801E-01  1.04902183E-01  6.66666122E-01  5.27008924E-26  0.00000000E+00 -1.44466725E+00 -1.44466724E+00  0.00000000E+00
    1381  5.69108227E-01  3.23884306E-01  1.04901215E-01  6.66666122E-01  5.27508728E-26  0.00000000E+00 -1.44466725E+00 -1.44466724E+00  0.00000000E+00
    1391  5.69108417E-01  3.23884521E-01  1.04901353E-01  6.66666127E-01  5.22719854E-26  0.00000000E+00 -1.44466725E+00 -1.44466724E+00  0.00000000E+00
    1401  5.69109273E-01  3.23885496E-01  1.04901984E-01  6.66666128E-01  5.21226660E-26  0.00000000E+00 -1.44466725E+00 -1.44466724E+00  0.00000000E+00
    1411  5.69112442E-01  3.23889103E-01  1.04904320E-01  6.66666128E-01  5.21991433E-26  0.00000000E+00 -1.44466725E+00 -1.44466724E+00  0.00000000E+00
    1421  5.69114634E-01  3.23891597E-01  1.04905936E-01  6.66666129E-01  5.20911908E-26  0.00000000E+00 -1.44466725E+00 -1.44466724E+00  0.00000000E+00
    1431  5.69115696E-01  3.23892806E-01  1.04906719E-01  6.66666128E-01  5.21642441E-26  0.00000000E+00 -1.44466725E+00 -1.44466724E+00  0.00000000E+00
    1441  5.69115579E-01  3.23892673E-01  1.04906634E-01  6.66666125E-01  5.24209090E-26  0.00000000E+00 -1.44466725E+00 -1.44466724E+00  0.00000000E+00
    1451  5.69114543E-01  3.23891494E-01  1.04905870E-01  6.66666128E-01  5.21965134E-26  0.00000000E+00 -1.44466725E+00 -1.44466724E+00  0.00000000E+00
    1461  5.69113933E-01  3.23890800E-01  1.04905420E-01  6.66666127E-01  5.22295687E-26  0.00000000E+00 -1.44466725E+00 -1.44466724E+00  0.00000000E+00
    1471  5.69113748E-01  3.23890591E-01  1.04905288E-01  6.66666118E-01  5.31786656E-26  0.00000000E+00 -1.44466725E+00 -1.44466724E+00  0.00000000E+00
    1481  5.69114660E-01  3.23891629E-01  1.04905959E-01  6.66666121E-01  5.28938084E-26  0.00000000E+00 -1.44466725E+00 -1.44466724E+00  0.00000000E+00
    1491  5.69117655E-01  3.23895038E-01  1.04908169E-01  6.66666118E-01  5.31525931E-26  0.00000000E+00 -1.44466725E+00 -1.44466724E+00  0.00000000E+00
    1501  5.69117464E-01  3.23894822E-01  1.04908029E-01  6.66666116E-01  5.33372502E-26  0.00000000E+00 -1.44466725E+00 -1.44466724E+00  0.00000000E+00
    1511  5.69115386E-01  3.23892456E-01  1.04906497E-01  6.66666116E-01  5.33001090E-26  0.00000000E+00 -1.44466725E+00 -1.44466724E+00  0.00000000E+00
    1521  5.69114154E-01  3.23891054E-01  1.04905587E-01  6.66666119E-01  5.30774031E-26  0.00000000E+00 -1.44466725E+00 -1.44466724E+00  0.00000000E+00
    1531  5.69113626E-01  3.23890452E-01  1.04905197E-01  6.66666120E-01  5.29711710E-26  0.00000000E+00 -1.44466725E+00 -1.44466724E+00  0.00000000E+00
    1541  5.69114250E-01  3.23891161E-01  1.04905655E-01  6.66666123E-01  5.26517314E-26  0.00000000E+00 -1.44466725E+00 -1.44466724E+00  0.00000000E+00
    1551  5.69111930E-01  3.23888521E-01  1.04903945E-01  6.66666123E-01  5.26802701E-26  0.00000000E+00 -1.44466725E+00 -1.44466724E+00  0.00000000E+00
    1561  5.69111564E-01  3.23888105E-01  1.04903676E-01  6.66666121E-01  5.28441414E-26  0.00000000E+00 -1.44466725E+00 -1.44466724E+00  0.00000000E+00
    1571  5.69113919E-01  3.23890785E-01  1.04905413E-01  6.66666121E-01  5.28831488E-26  0.00000000E+00 -1.44466725E+00 -1.44466724E+00  0.00000000E+00
    1581  5.69115598E-01  3.23892697E-01  1.04906651E-01  6.66666120E-01  5.29880302E-26  0.00000000E+00 -1.44466725E+00 -1.44466724E+00  0.00000000E+00
    1591  5.69116023E-01  3.23893181E-01  1.04906964E-01  6.66666120E-01  5.29032358E-26  0.00000000E+00 -1.44466725E+00 -1.44466724E+00  0.00000000E+00
    1601  5.69116700E-01  3.23893951E-01  1.04907463E-01  6.66666121E-01  5.28692199E-26  0.00000000E+00 -1.44466725E+00 -1.44466724E+00  0.00000000E+00
    1611  5.69118766E-01  3.23896302E-01  1.04908986E-01  6.66666122E-01  5.27625413E-26  0.00000000E+00 -1.44466725E+00 -1.44466724E+00  0.00000000E+00
    1621  5.69120136E-01  3.23897862E-01  1.04909996E-01  6.66666123E-01  5.26440641E-26  0.00000000E+00 -1.44466725E+00 -1.44466724E+00  0.00000000E+00
    1631  5.69119402E-01  3.23897025E-01  1.04909453E-01  6.66666126E-01  5.23885089E-26  0.00000000E+00 -1.44466725E+00 -1.44466724E+00  0.00000000E+00
    1641  5.69118319E-01  3.23895792E-01  1.04908653E-01  6.66666130E-01  5.19571655E-26  0.00000000E+00 -1.44466725E+00 -1.44466724E+00  0.00000000E+00
    1651  5.69117768E-01  3.23895164E-01  1.04908245E-01  6.66666132E-01  5.17866780E-26  0.00000000E+00 -1.44466725E+00 -1.44466724E+00  0.00000000E+00
    1661  5.69118008E-01  3.23895438E-01  1.04908423E-01  6.66666130E-01  5.19344742E-26  0.00000000E+00 -1.44466725E+00 -1.44466724E+00  0.00000000E+00
    1671  5.69118692E-01  3.23896214E-01  1.04908925E-01  6.66666135E-01  5.14973529E-26  0.00000000E+00 -1.44466725E+00 -1.44466724E+00  0.00000000E+00
    1681  5.69121242E-01  3.23899118E-01  1.04910807E-01  6.66666132E-01  5.17962844E-26  0.00000000E+00 -1.44466725E+00 -1.44466724E+00  0.00000000E+00
    1691  5.69120605E-01  3.23898394E-01  1.04910339E-01  6.66666128E-01  5.21688697E-26  0.00000000E+00 -1.44466725E+00 -1.44466724E+00  0.00000000E+00
    1701  5.69120238E-01  3.23897977E-01  1.04910070E-01  6.66666126E-01  5.23740273E-26  0.00000000E+00 -1.44466725E+00 -1.44466724E+00  0.00000000E+00
    1711  5.69120270E-01  3.23898013E-01  1.04910093E-01  6.66666127E-01  5.23026148E-26  0.00000000E+00 -1.44466725E+00 -1.44466724E+00  0.00000000E+00
    1721  5.69120946E-01  3.23898782E-01  1.04910591E-01  6.66666126E-01  5.23549021E-26  0.00000000E+00 -1.44466725E+00 -1.44466724E+00  0.00000000E+00
    1731  5.69118376E-01  3.23895858E-01  1.04908697E-01  6.66666126E-01  5.23487671E-26  0.00000000E+00 -1.44466725E+00 -1.44466724E+00  0.00000000E+00
    1741  5.69117568E-01  3.23894937E-01  1.04908100E-01  6.66666128E-01  5.22088171E-26  0.00000000E+00 -1.44466725E+00 -1.44466724E+00  0.00000000E+00
    1751  5.69117477E-01  3.23894834E-01  1.04908033E-01  6.66666129E-01  5.20924436E-26  0.00000000E+00 -1.44466725E+00 -1.44466724E+00  0.00000000E+00
    1761  5.69117193E-01  3.23894510E-01  1.04907823E-01  6.66666129E-01  5.20846967E-26  0.00000000E+00 -1.44466725E+00 -1.44466724E+00  0.00000000E+00
    1771  5.69116877E-01  3.23894150E-01  1.04907589E-01  6.66666130E-01  5.20218276E-26  0.00000000E+00 -1.44466725E+00 -1.44466724E+00  0.00000000E+00
    1781  5.69117777E-01  3.23895175E-01  1.04908254E-01  6.66666128E-01  5.22061529E-26  0.00000000E+00 -1.44466725E+00 -1.44466724E+00  0.00000000E+00
    1791  5.69117161E-01  3.23894474E-01  1.04907799E-01  6.66666129E-01  5.20527264E-26  0.00000000E+00 -1.44466725E+00 -1.44466724E+00  0.00000000E+00
    1801  5.69119006E-01  3.23896574E-01  1.04909160E-01  6.66666128E-01  5.21779259E-26  0.00000000E+00 -1.44466725E+00 -1.44466724E+00  0.00000000E+00
    1811  5.69119569E-01  3.23897215E-01  1.04909575E-01  6.66666129E-01  5.20375761E-26  0.00000000E+00 -1.44466725E+00 -1.44466724E+00  0.00000000E+00
    1821  5.69119200E-01  3.23896794E-01  1.04909301E-01  6.66666133E-01  5.16908879E-26  0.00000000E+00 -1.44466725E+00 -1.44466724E+00  0.00000000E+00
    1831  5.69119473E-01  3.23897104E-01  1.04909501E-01  6.66666136E-01  5.14395358E-26  0.00000000E+00 -1.44466725E+00 -1.44466724E+00  0.00000000E+00
    1841  5.69119713E-01  3.23897377E-01  1.04909677E-01  6.66666137E-01  5.12983799E-26  0.00000000E+00 -1.44466725E+00 -1.44466724E+00  0.00000000E+00
    1851  5.69119594E-01  3.23897242E-01  1.04909591E-01  6.66666134E-01  5.15657616E-26  0.00000000E+00 -1.44466725E+00 -1.44466724E+00  0.00000000E+00
    1861  5.69118951E-01  3.23896510E-01  1.04909116E-01  6.66666135E-01  5.14455058E-26  0.00000000E+00 -1.44466725E+00 -1.44466724E+00  0.00000000E+00
    1871  5.69119559E-01  3.23897204E-01  1.04909568E-01  6.66666128E-01  5.21490109E-26  0.00000000E+00 -1.44466725E+00 -1.44466724E+00  0.00000000E+00
    1881  5.69120973E-01  3.23898814E-01  1.04910612E-01  6.66666124E-01  5.25644080E-26  0.00000000E+00 -1.44466725E+00 -1.44466724E+00  0.00000000E+00
    1891  5.69120695E-01  3.23898497E-01  1.04910408E-01  6.66666122E-01  5.27611880E-26  0.00000000E+00 -1.44466725E+00 -1.44466724E+00  0.00000000E+00
    1901  5.69120220E-01  3.23897956E-01  1.04910057E-01  6.66666125E-01  5.24715986E-26  0.00000000E+00 -1.44466725E+00 -1.44466724E+00  0.00000000E+00
    1911  5.69120975E-01  3.23898815E-01  1.04910613E-01  6.66666127E-01  5.22981628E-26  0.00000000E+00 -1.44466725E+00 -1.44466724E+00  0.00000000E+00
    1921  5.69121817E-01  3.23899776E-01  1.04911237E-01  6.66666118E-01  5.31239753E-26  0.00000000E+00 -1.44466725E+00 -1.44466724E+00  0.00000000E+00
    1931  5.69123305E-01  3.23901469E-01  1.04912333E-01  6.66666121E-01  5.28391713E-26  0.00000000E+00 -1.44466725E+00 -1.44466724E+00  0.00000000E+00
    1941  5.69122846E-01  3.23900945E-01  1.04911993E-01  6.66666124E-01  5.25783293E-26  0.00000000E+00 -1.44466725E+00 -1.44466724E+00  0.00000000E+00
    1951  5.69124132E-01  3.23902409E-01  1.04912941E-01  6.66666124E-01  5.25261885E-26  0.00000000E+00 -1.44466725E+00 -1.44466724E+00  0.00000000E+00
    1961  5.69122825E-01  3.23900923E-01  1.04911979E-01  6.66666123E-01  5.26710928E-26  0.00000000E+00 -1.44466725E+00 -1.44466724E+00  0.00000000E+00
    1971  5.69123487E-01  3.23901675E-01  1.04912466E-01  6.66666123E-01  5.26447712E-26  0.00000000E+00 -1.44466725E+00 -1.44466724E+00  0.00000000E+00
    1981  5.69122846E-01  3.23900945E-01  1.04911993E-01  6.66666123E-01  5.26325444E-26  0.00000000E+00 -1.44466725E+00 -1.44466724E+00  0.00000000E+00
    1991  5.69124267E-01  3.23902563E-01  1.04913041E-01  6.66666124E-01  5.25495585E-26  0.00000000E+00 -1.44466725E+00 -1.44466724E+00  0.00000000E+00
