#  Iter.   M_avg.    U_Bind.    Susc.
    9001  0.569153  0.666666**********
    9011  0.569153  0.666666**********
    9021  0.569152  0.666666**********
    9031  0.569153  0.666666**********
    9041  0.569154  0.666666**********
    9051  0.569154  0.666666**********
    9061  0.569155  0.666666**********
    9071  0.569154  0.666666**********
    9081  0.569154  0.666666**********
    9091  0.569154  0.666666**********
    9101  0.569155  0.666666**********
    9111  0.569155  0.666666**********
    9121  0.569154  0.666666**********
    9131  0.569153  0.666666**********
    9141  0.569153  0.666666**********
    9151  0.569152  0.666666**********
    9161  0.569152  0.666666**********
    9171  0.569152  0.666666**********
    9181  0.569153  0.666666**********
    9191  0.569154  0.666666**********
    9201  0.569154  0.666666**********
    9211  0.569156  0.666666**********
    9221  0.569155  0.666666**********
    9231  0.569155  0.666666**********
    9241  0.569154  0.666666**********
    9251  0.569155  0.666666**********
    9261  0.569153  0.666666**********
    9271  0.569153  0.666666**********
    9281  0.569152  0.666666**********
    9291  0.569152  0.666666**********
    9301  0.569151  0.666666**********
    9311  0.569152  0.666666**********
    9321  0.569151  0.666666**********
    9331  0.569151  0.666666**********
    9341  0.569150  0.666666**********
    9351  0.569149  0.666666**********
    9361  0.569148  0.666666**********
    9371  0.569148  0.666666**********
    9381  0.569147  0.666666**********
    9391  0.569148  0.666666**********
    9401  0.569148  0.666666**********
    9411  0.569148  0.666666**********
    9421  0.569150  0.666666**********
    9431  0.569149  0.666666**********
    9441  0.569150  0.666666**********
    9451  0.569151  0.666666**********
    9461  0.569150  0.666666**********
    9471  0.569149  0.666666**********
    9481  0.569149  0.666666**********
    9491  0.569148  0.666666**********
    9501  0.569146  0.666666**********
    9511  0.569145  0.666666**********
    9521  0.569144  0.666666**********
    9531  0.569143  0.666666**********
    9541  0.569142  0.666666**********
    9551  0.569141  0.666666**********
    9561  0.569141  0.666666**********
    9571  0.569142  0.666666**********
    9581  0.569142  0.666666**********
    9591  0.569142  0.666666**********
    9601  0.569142  0.666666**********
    9611  0.569142  0.666666**********
    9621  0.569142  0.666666**********
    9631  0.569142  0.666666**********
    9641  0.569144  0.666666**********
    9651  0.569144  0.666666**********
    9661  0.569145  0.666666**********
    9671  0.569144  0.666666**********
    9681  0.569144  0.666666**********
    9691  0.569145  0.666666**********
    9701  0.569145  0.666666**********
    9711  0.569143  0.666666**********
    9721  0.569143  0.666666**********
    9731  0.569142  0.666666**********
    9741  0.569142  0.666666**********
    9751  0.569142  0.666666**********
    9761  0.569143  0.666666**********
    9771  0.569143  0.666666**********
    9781  0.569144  0.666666**********
    9791  0.569143  0.666666**********
    9801  0.569144  0.666666**********
    9811  0.569144  0.666666**********
    9821  0.569145  0.666666**********
    9831  0.569144  0.666666**********
    9841  0.569144  0.666666**********
    9851  0.569143  0.666666**********
    9861  0.569142  0.666666**********
    9871  0.569141  0.666666**********
    9881  0.569141  0.666666**********
    9891  0.569142  0.666666**********
    9901  0.569142  0.666666**********
    9911  0.569142  0.666666**********
    9921  0.569141  0.666666**********
    9931  0.569142  0.666666**********
    9941  0.569142  0.666666**********
    9951  0.569143  0.666666**********
    9961  0.569144  0.666666**********
    9971  0.569145  0.666666**********
    9981  0.569144  0.666666**********
    9991  0.569145  0.666666**********
#  Iter.   M_avg.    U_Bind.    Susc.
    9001  0.569153  0.666666**********
    9011  0.569153  0.666666**********
    9021  0.569152  0.666666**********
    9031  0.569153  0.666666**********
    9041  0.569154  0.666666**********
    9051  0.569154  0.666666**********
    9061  0.569155  0.666666**********
    9071  0.569154  0.666666**********
    9081  0.569154  0.666666**********
    9091  0.569154  0.666666**********
    9101  0.569155  0.666666**********
    9111  0.569155  0.666666**********
    9121  0.569154  0.666666**********
    9131  0.569153  0.666666**********
    9141  0.569153  0.666666**********
    9151  0.569152  0.666666**********
    9161  0.569152  0.666666**********
    9171  0.569152  0.666666**********
    9181  0.569153  0.666666**********
    9191  0.569154  0.666666**********
    9201  0.569154  0.666666**********
    9211  0.569156  0.666666**********
    9221  0.569155  0.666666**********
    9231  0.569155  0.666666**********
    9241  0.569154  0.666666**********
    9251  0.569155  0.666666**********
    9261  0.569153  0.666666**********
    9271  0.569153  0.666666**********
    9281  0.569152  0.666666**********
    9291  0.569152  0.666666**********
    9301  0.569151  0.666666**********
    9311  0.569152  0.666666**********
    9321  0.569151  0.666666**********
    9331  0.569151  0.666666**********
    9341  0.569150  0.666666**********
    9351  0.569149  0.666666**********
    9361  0.569148  0.666666**********
    9371  0.569148  0.666666**********
    9381  0.569147  0.666666**********
    9391  0.569148  0.666666**********
    9401  0.569148  0.666666**********
    9411  0.569148  0.666666**********
    9421  0.569150  0.666666**********
    9431  0.569149  0.666666**********
    9441  0.569150  0.666666**********
    9451  0.569151  0.666666**********
    9461  0.569150  0.666666**********
    9471  0.569149  0.666666**********
    9481  0.569149  0.666666**********
    9491  0.569148  0.666666**********
    9501  0.569146  0.666666**********
    9511  0.569145  0.666666**********
    9521  0.569144  0.666666**********
    9531  0.569143  0.666666**********
    9541  0.569142  0.666666**********
    9551  0.569141  0.666666**********
    9561  0.569141  0.666666**********
    9571  0.569142  0.666666**********
    9581  0.569142  0.666666**********
    9591  0.569142  0.666666**********
    9601  0.569142  0.666666**********
    9611  0.569142  0.666666**********
    9621  0.569142  0.666666**********
    9631  0.569142  0.666666**********
    9641  0.569144  0.666666**********
    9651  0.569144  0.666666**********
    9661  0.569145  0.666666**********
    9671  0.569144  0.666666**********
    9681  0.569144  0.666666**********
    9691  0.569145  0.666666**********
    9701  0.569145  0.666666**********
    9711  0.569143  0.666666**********
    9721  0.569143  0.666666**********
    9731  0.569142  0.666666**********
    9741  0.569142  0.666666**********
    9751  0.569142  0.666666**********
    9761  0.569143  0.666666**********
    9771  0.569143  0.666666**********
    9781  0.569144  0.666666**********
    9791  0.569143  0.666666**********
    9801  0.569144  0.666666**********
    9811  0.569144  0.666666**********
    9821  0.569145  0.666666**********
    9831  0.569144  0.666666**********
    9841  0.569144  0.666666**********
    9851  0.569143  0.666666**********
    9861  0.569142  0.666666**********
    9871  0.569141  0.666666**********
    9881  0.569141  0.666666**********
    9891  0.569142  0.666666**********
    9901  0.569142  0.666666**********
    9911  0.569142  0.666666**********
    9921  0.569141  0.666666**********
    9931  0.569142  0.666666**********
    9941  0.569142  0.666666**********
    9951  0.569143  0.666666**********
    9961  0.569144  0.666666**********
    9971  0.569145  0.666666**********
    9981  0.569144  0.666666**********
    9991  0.569145  0.666666**********
