   #Iter           <M>_x           <M>_y           <M>_z             <M>        M_{stdv}
       0 -6.21884224E-03  6.31289880E-03 -1.16059716E-01  1.16397528E-01  0.00000000E+00
     100 -6.00459011E-02 -3.36272047E-02 -1.12982548E-01  1.32292688E-01  0.00000000E+00
     200 -2.74024076E-02 -6.42210659E-02 -7.85354334E-02  1.05085925E-01  0.00000000E+00
     300 -8.39651342E-02 -8.71806197E-02 -6.22332068E-02  1.36101345E-01  0.00000000E+00
     400 -7.73565939E-02 -9.53045417E-02 -8.59017119E-02  1.49820234E-01  0.00000000E+00
     500 -8.09270098E-02 -7.38208113E-02 -7.79985792E-02  1.34471080E-01  0.00000000E+00
     600 -1.19423697E-01 -6.45459926E-02 -7.20400124E-02  1.53681384E-01  0.00000000E+00
     700 -1.34752508E-01 -6.13987568E-02 -5.32642817E-02  1.57369404E-01  0.00000000E+00
     800 -1.37849826E-01 -4.00015505E-02 -4.93609148E-02  1.51786687E-01  0.00000000E+00
     900 -1.41962459E-01 -4.30060919E-02 -3.22095627E-02  1.51790381E-01  0.00000000E+00
    1000 -1.43919014E-01 -4.96085657E-02 -6.58420294E-02  1.65857967E-01  0.00000000E+00
    1100 -1.29438820E-01 -8.95887059E-02 -1.04410048E-01  1.88896804E-01  0.00000000E+00
    1200 -1.15969669E-01 -3.60026231E-02 -1.16154823E-01  1.68038972E-01  0.00000000E+00
    1300 -1.27914679E-01  1.94907665E-02 -1.15959637E-01  1.73748935E-01  0.00000000E+00
    1400 -1.32465418E-01  2.17452874E-02 -1.28792044E-01  1.86030469E-01  0.00000000E+00
    1500 -1.13275664E-01  3.75551146E-02 -9.76015706E-02  1.54168185E-01  0.00000000E+00
    1600 -8.08857484E-02  5.46483459E-02 -1.19050304E-01  1.53954282E-01  0.00000000E+00
    1700 -6.01228066E-02  5.97057815E-02 -1.50820882E-01  1.72992690E-01  0.00000000E+00
    1800 -7.77614067E-02  2.33675666E-02 -1.37195261E-01  1.59422141E-01  0.00000000E+00
    1900 -1.16497985E-01  6.63433274E-03 -7.60608478E-02  1.39287643E-01  0.00000000E+00
    2000 -1.00639132E-01  2.87954861E-02 -9.32159424E-02  1.40166425E-01  0.00000000E+00
    2100 -1.40684277E-01  4.58536759E-02 -1.06213446E-01  1.82142586E-01  0.00000000E+00
    2200 -1.18650450E-01  6.07558584E-02 -1.14737797E-01  1.75880543E-01  0.00000000E+00
    2300 -8.50242501E-02  7.17070358E-02 -1.26524231E-01  1.68461875E-01  0.00000000E+00
    2400 -7.63965829E-02  6.33881520E-02 -1.45390970E-01  1.76048373E-01  0.00000000E+00
    2500 -7.40316597E-02  3.86341807E-02 -1.57547548E-01  1.78310169E-01  0.00000000E+00
    2600 -1.03888589E-01 -3.14612517E-02 -1.22301907E-01  1.63524939E-01  0.00000000E+00
    2700 -1.02159436E-01 -3.92800384E-02 -1.35022187E-01  1.73811573E-01  0.00000000E+00
    2800 -5.52117210E-02 -7.31272943E-02 -1.16784167E-01  1.48440146E-01  0.00000000E+00
    2900 -1.00238558E-01 -7.61228984E-02 -1.25727652E-01  1.77904207E-01  0.00000000E+00
    3000 -5.92996788E-02 -4.67976605E-02 -1.19906209E-01  1.41717931E-01  0.00000000E+00
    3100 -9.47294009E-02 -4.89542523E-02 -1.27665623E-01  1.66339080E-01  0.00000000E+00
    3200 -8.60036661E-02 -6.81069956E-02 -1.08637166E-01  1.54393093E-01  0.00000000E+00
    3300 -9.77276038E-02 -3.45747363E-02 -9.69783329E-02  1.41953845E-01  0.00000000E+00
    3400 -9.90331287E-02 -7.96684725E-02 -1.07346964E-01  1.66367054E-01  0.00000000E+00
    3500 -9.33649090E-02 -8.63680260E-02 -1.32444634E-01  1.83624680E-01  0.00000000E+00
    3600 -6.87059715E-02 -1.19285686E-01 -1.31692700E-01  1.90506044E-01  0.00000000E+00
    3700 -8.49506384E-02 -9.19407883E-02 -9.56908546E-02  1.57564143E-01  0.00000000E+00
    3800 -1.13055606E-01 -1.09099771E-01 -6.40397468E-02  1.69662663E-01  0.00000000E+00
    3900 -9.63920757E-02 -1.36133178E-01 -5.86733838E-02  1.76822624E-01  0.00000000E+00
    4000 -9.99102232E-02 -1.26282657E-01 -6.97562831E-02  1.75485900E-01  0.00000000E+00
    4100 -8.83266317E-02 -1.27522982E-01 -6.98186726E-02  1.70112762E-01  0.00000000E+00
    4200 -9.48625597E-02 -1.11154427E-01 -4.99385064E-02  1.54428192E-01  0.00000000E+00
    4300 -1.13542104E-01 -1.07220067E-01 -3.71784386E-02  1.60530958E-01  0.00000000E+00
    4400 -1.08854727E-01 -1.31323220E-01 -1.22868418E-02  1.71014930E-01  0.00000000E+00
    4500 -1.26593771E-01 -1.17928615E-01  1.36323392E-03  1.73017339E-01  0.00000000E+00
    4600 -1.08505224E-01 -9.51066559E-02 -3.26895115E-02  1.47943448E-01  0.00000000E+00
    4700 -1.17466434E-01 -8.84024365E-02 -4.25388377E-02  1.53045440E-01  0.00000000E+00
    4800 -1.43085715E-01 -1.06047931E-01 -1.54121507E-02  1.78765824E-01  0.00000000E+00
    4900 -1.35009054E-01 -9.37327232E-02  1.54386255E-02  1.65080645E-01  0.00000000E+00
    5000 -9.76247917E-02 -1.12301417E-01  2.55685655E-02  1.50983310E-01  0.00000000E+00
    5100 -8.47486837E-02 -1.55335181E-01  1.30658448E-02  1.77431886E-01  0.00000000E+00
    5200 -1.01160903E-01 -9.90362385E-02  1.75324119E-02  1.42650238E-01  0.00000000E+00
    5300 -7.32832006E-02 -8.52878207E-02  2.36025832E-02  1.14897875E-01  0.00000000E+00
    5400 -9.10027075E-02 -8.55750292E-02  5.69183399E-03  1.25047892E-01  0.00000000E+00
    5500 -1.03400164E-01 -9.64829821E-02 -3.15017640E-02  1.44889340E-01  0.00000000E+00
    5600 -1.32893735E-01 -1.04352952E-01 -2.65679114E-02  1.71044255E-01  0.00000000E+00
    5700 -1.17475071E-01 -8.59261354E-02 -6.19725401E-03  1.45678066E-01  0.00000000E+00
    5800 -1.28429930E-01 -8.76005869E-02 -4.88872557E-02  1.62966480E-01  0.00000000E+00
    5900 -1.12694440E-01 -8.02487820E-02 -5.36705297E-02  1.48392822E-01  0.00000000E+00
    6000 -9.09961862E-02 -6.93354275E-02 -6.08725104E-02  1.29588464E-01  0.00000000E+00
    6100 -1.24187981E-01 -6.98893504E-02 -3.46376298E-02  1.46652451E-01  0.00000000E+00
    6200 -8.62303269E-02 -9.90670365E-02 -4.80272587E-02  1.39844787E-01  0.00000000E+00
    6300 -1.02196136E-01 -8.07395188E-02 -8.11460832E-02  1.53452295E-01  0.00000000E+00
    6400 -1.41498431E-01 -1.14945319E-01 -5.15569488E-02  1.89452768E-01  0.00000000E+00
    6500 -1.22568672E-01 -7.52564362E-02 -5.53508060E-02  1.54111395E-01  0.00000000E+00
    6600 -1.29254199E-01 -6.36035794E-02 -8.12080978E-02  1.65368735E-01  0.00000000E+00
    6700 -6.75117109E-02 -1.03503365E-01 -7.73893139E-02  1.45807694E-01  0.00000000E+00
    6800 -3.29090010E-02 -1.09169615E-01 -8.03663663E-02  1.39498244E-01  0.00000000E+00
    6900 -3.04068947E-02 -1.03014077E-01 -8.35164202E-02  1.36056870E-01  0.00000000E+00
    7000 -5.11842922E-02 -1.24254509E-01 -7.86897982E-02  1.55727644E-01  0.00000000E+00
    7100 -7.65068175E-02 -7.40255951E-02 -7.99919476E-02  1.33160781E-01  0.00000000E+00
    7200 -8.23246021E-02 -4.77016524E-02 -9.02397640E-02  1.31133530E-01  0.00000000E+00
    7300 -1.15076864E-01 -6.93956217E-02 -5.38042145E-02  1.44752653E-01  0.00000000E+00
    7400 -1.10473171E-01 -1.24302302E-01 -4.93524037E-02  1.73467701E-01  0.00000000E+00
    7500 -8.40452950E-02 -1.23779261E-01 -8.54328501E-02  1.72289550E-01  0.00000000E+00
    7600 -5.49091481E-02 -1.18215705E-01 -8.57389123E-02  1.56016437E-01  0.00000000E+00
    7700 -6.68888830E-02 -1.16654434E-01 -9.13708120E-02  1.62576151E-01  0.00000000E+00
    7800 -6.12621278E-02 -9.08101059E-02 -9.66283288E-02  1.46070386E-01  0.00000000E+00
    7900 -6.20275072E-02 -9.13956776E-02 -1.27414392E-01  1.68626833E-01  0.00000000E+00
    8000 -4.19682497E-02 -7.33617482E-02 -1.32404329E-01  1.57080191E-01  0.00000000E+00
    8100 -1.54164807E-02 -2.09245494E-02 -1.29120125E-01  1.31709951E-01  0.00000000E+00
    8200 -1.64825835E-02 -7.97465973E-03 -1.39417938E-01  1.40615192E-01  0.00000000E+00
    8300 -2.23325637E-02 -7.25194636E-03 -1.44295703E-01  1.46193653E-01  0.00000000E+00
    8400 -9.39300259E-04  4.44663282E-04 -1.27246166E-01  1.27250410E-01  0.00000000E+00
    8500  5.53047186E-02 -7.20134681E-03 -1.19998701E-01  1.32325960E-01  0.00000000E+00
    8600  6.66510802E-02 -1.57165476E-02 -1.23342707E-01  1.41077283E-01  0.00000000E+00
    8700  5.76812568E-02  2.31440479E-02 -1.13637598E-01  1.29523272E-01  0.00000000E+00
    8800  6.27403107E-02  2.42415739E-02 -1.26784516E-01  1.43521127E-01  0.00000000E+00
    8900  7.11496702E-02 -4.47034928E-04 -1.12350552E-01  1.32985420E-01  0.00000000E+00
    9000  3.51030107E-02  4.97832682E-02 -1.38635998E-01  1.51428317E-01  0.00000000E+00
    9100  5.65876350E-02  6.47863097E-02 -1.37375076E-01  1.62084354E-01  0.00000000E+00
    9200  6.88059952E-02  9.27820195E-02 -1.38055602E-01  1.80005882E-01  0.00000000E+00
    9300  5.87322673E-02  1.12526993E-01 -1.15570395E-01  1.71663390E-01  0.00000000E+00
    9400  4.24684261E-02  1.19201915E-01 -9.99556346E-02  1.61256915E-01  0.00000000E+00
    9500  2.39777658E-02  1.51784898E-01 -1.06665609E-01  1.87059190E-01  0.00000000E+00
    9600  2.58366741E-02  1.38308758E-01 -1.11927479E-01  1.79790453E-01  0.00000000E+00
    9700  2.03922423E-02  1.22366979E-01 -1.20527577E-01  1.72963632E-01  0.00000000E+00
    9800 -1.22225329E-02  8.00050961E-02 -1.15748908E-01  1.41237443E-01  0.00000000E+00
    9900 -2.28527232E-02  9.89697654E-02 -1.40069511E-01  1.73022338E-01  0.00000000E+00
   10000 -1.04039673E-02  9.33026142E-02 -1.09612225E-01  1.44320685E-01  0.00000000E+00
   10100 -2.16022430E-02  1.05793578E-01 -1.16532173E-01  1.58866880E-01  0.00000000E+00
   10200  5.87659803E-03  1.05691535E-01 -9.41986311E-02  1.41699037E-01  0.00000000E+00
   10300 -3.79607906E-02  5.54084080E-02 -6.47375081E-02  9.32848233E-02  0.00000000E+00
   10400  1.58768568E-02  2.53940738E-02 -7.60528398E-02  8.17371886E-02  0.00000000E+00
   10500  7.56686634E-02  4.27344870E-02 -3.18640298E-02  9.25597072E-02  0.00000000E+00
   10600  4.10306789E-02  4.79127614E-02 -3.19940759E-02  7.07302638E-02  0.00000000E+00
   10700  2.66222679E-02  9.13906647E-02 -5.05840862E-02  1.07794937E-01  0.00000000E+00
   10800  3.68414017E-02  1.25505193E-01 -7.80183112E-02  1.52301343E-01  0.00000000E+00
   10900  2.82878551E-02  1.19857321E-01 -5.83992227E-02  1.36295449E-01  0.00000000E+00
   11000  2.27019419E-02  1.40269238E-01 -4.93422516E-02  1.50417735E-01  0.00000000E+00
   11100  1.27722991E-02  1.20783253E-01 -1.28473950E-02  1.22134276E-01  0.00000000E+00
   11200 -1.21030969E-02  1.37868625E-01 -4.66966421E-03  1.38477610E-01  0.00000000E+00
   11300 -1.60082049E-02  1.47621285E-01 -2.55527889E-02  1.50669345E-01  0.00000000E+00
   11400  3.73438021E-02  1.17375997E-01 -5.49502800E-02  1.34874821E-01  0.00000000E+00
   11500  7.19110381E-02  1.22123447E-01 -2.85168617E-02  1.44563291E-01  0.00000000E+00
   11600  4.96687971E-02  1.33296188E-01 -3.88319303E-02  1.47454338E-01  0.00000000E+00
   11700  1.94830237E-02  1.47238413E-01 -3.38315238E-02  1.52326328E-01  0.00000000E+00
   11800  5.42596724E-03  1.27102240E-01 -6.55152891E-02  1.43096728E-01  0.00000000E+00
   11900 -1.44443289E-02  1.25990421E-01 -4.69617867E-02  1.35231780E-01  0.00000000E+00
   12000 -2.93073923E-02  1.32903784E-01 -4.29225974E-02  1.42704900E-01  0.00000000E+00
   12100 -7.52842599E-03  1.31169401E-01 -2.59143400E-02  1.33916548E-01  0.00000000E+00
   12200 -4.37331223E-02  1.20382574E-01 -6.13916490E-02  1.42033393E-01  0.00000000E+00
   12300 -6.05096975E-02  1.35873090E-01 -4.49594067E-02  1.55384260E-01  0.00000000E+00
   12400 -5.54361388E-02  1.13438105E-01 -5.23935405E-02  1.36698399E-01  0.00000000E+00
   12500 -3.97870630E-02  1.24492921E-01 -3.17427679E-02  1.34495729E-01  0.00000000E+00
   12600  4.41349914E-04  1.05336587E-01 -3.87424034E-02  1.12236202E-01  0.00000000E+00
   12700 -2.28554655E-02  1.32379951E-01 -5.19352291E-02  1.44028093E-01  0.00000000E+00
   12800 -7.03373265E-03  1.31474222E-01 -4.97831233E-02  1.40759738E-01  0.00000000E+00
   12900 -3.17593544E-03  7.26785884E-02 -9.11281262E-02  1.16604456E-01  0.00000000E+00
   13000 -8.71212915E-03  7.53312902E-02 -1.08449944E-01  1.32333272E-01  0.00000000E+00
   13100 -9.16274233E-03  5.99524363E-02 -1.48331608E-01  1.60251416E-01  0.00000000E+00
   13200 -2.68313744E-02  4.90933334E-02 -1.60722305E-01  1.70181484E-01  0.00000000E+00
   13300 -3.91984651E-02  3.05643205E-02 -1.36643278E-01  1.45403173E-01  0.00000000E+00
   13400 -3.26385107E-02  2.75270802E-02 -1.28208962E-01  1.35131604E-01  0.00000000E+00
   13500  1.94886023E-03  8.89405241E-03 -1.56531474E-01  1.56796060E-01  0.00000000E+00
   13600 -2.98173340E-02  1.04189405E-02 -1.44511390E-01  1.47922851E-01  0.00000000E+00
   13700 -4.17411576E-03  2.60065256E-02 -1.43559685E-01  1.45955972E-01  0.00000000E+00
   13800  1.88019074E-02 -7.34650112E-04 -1.44590437E-01  1.45809622E-01  0.00000000E+00
   13900  2.35334963E-02  3.97459453E-02 -1.49293659E-01  1.56275917E-01  0.00000000E+00
   14000  4.42937979E-02  4.37632866E-02 -1.54083479E-01  1.66189303E-01  0.00000000E+00
   14100  6.35189360E-02  9.74764859E-03 -1.26388734E-01  1.41787814E-01  0.00000000E+00
   14200  6.82140348E-02  3.43726764E-02 -1.36694016E-01  1.56588280E-01  0.00000000E+00
   14300  1.82987337E-02  3.16995591E-03 -1.39014977E-01  1.40249977E-01  0.00000000E+00
   14400  4.83068218E-02  5.39584988E-02 -1.47272479E-01  1.64116580E-01  0.00000000E+00
   14500  6.69886466E-02  4.96741548E-02 -1.26699788E-01  1.51683343E-01  0.00000000E+00
   14600  4.99927842E-02  7.46552685E-02 -1.25777802E-01  1.54572776E-01  0.00000000E+00
   14700  2.63213080E-02  9.11838213E-02 -1.08342022E-01  1.44032268E-01  0.00000000E+00
   14800  5.16839142E-02  9.05838811E-02 -1.24914335E-01  1.62727556E-01  0.00000000E+00
   14900  5.17333487E-02  1.10877668E-01 -1.10813191E-01  1.65075013E-01  0.00000000E+00
   15000  5.58229688E-02  1.28170080E-01 -9.45083116E-02  1.68747131E-01  0.00000000E+00
   15100  1.84835982E-02  1.22003466E-01 -9.18033195E-02  1.53799670E-01  0.00000000E+00
   15200  3.86559988E-02  1.23168188E-01 -1.25160087E-01  1.79804717E-01  0.00000000E+00
   15300  7.91054887E-02  7.67946909E-02 -1.41163220E-01  1.79114928E-01  0.00000000E+00
   15400  9.49061359E-02  5.59334152E-02 -1.11608746E-01  1.56819112E-01  0.00000000E+00
   15500  8.51199998E-02  6.30139483E-02 -1.35805765E-01  1.72218982E-01  0.00000000E+00
   15600  4.94492425E-02  5.83358919E-02 -1.20610939E-01  1.42812123E-01  0.00000000E+00
   15700  3.35465483E-02  3.34564710E-02 -1.51487446E-01  1.58723510E-01  0.00000000E+00
   15800  2.30137910E-03  1.62956186E-02 -1.45684784E-01  1.46611391E-01  0.00000000E+00
   15900  2.67369453E-02  4.06268583E-02 -1.67246868E-01  1.74174972E-01  0.00000000E+00
   16000  5.52310902E-02  6.62264456E-02 -1.41434703E-01  1.65650810E-01  0.00000000E+00
   16100  6.92877699E-02  5.95079296E-02 -1.27066744E-01  1.56486249E-01  0.00000000E+00
   16200  7.56643830E-02  4.49009031E-02 -1.55918427E-01  1.79030014E-01  0.00000000E+00
   16300  5.36896649E-02  2.73729099E-02 -1.39929541E-01  1.52355284E-01  0.00000000E+00
   16400  9.83564863E-02  4.71235301E-02 -1.05841869E-01  1.51977389E-01  0.00000000E+00
   16500  1.34619055E-01  2.25562591E-02 -1.08920972E-01  1.74627755E-01  0.00000000E+00
   16600  1.12035504E-01  2.23762846E-02 -8.55028490E-02  1.42700348E-01  0.00000000E+00
   16700  1.09414611E-01  4.89563710E-02 -7.41404984E-02  1.40943594E-01  0.00000000E+00
   16800  1.40313739E-01  7.34532392E-02 -4.74732438E-02  1.65339145E-01  0.00000000E+00
   16900  1.12892433E-01  8.27428334E-02 -4.60188779E-02  1.47339116E-01  0.00000000E+00
   17000  6.95925732E-02  1.41853699E-01  1.37369102E-03  1.58011028E-01  0.00000000E+00
   17100  4.19890960E-02  1.41621813E-01  2.67973794E-02  1.50126352E-01  0.00000000E+00
   17200  4.25428907E-02  1.21300616E-01  3.66394759E-02  1.33664462E-01  0.00000000E+00
   17300  6.22282961E-02  1.25691348E-01 -9.95964725E-04  1.40255722E-01  0.00000000E+00
   17400  7.67160396E-02  9.61005740E-02 -3.79037899E-02  1.28675438E-01  0.00000000E+00
   17500  7.53047375E-02  1.03376181E-01 -5.22420460E-02  1.38154513E-01  0.00000000E+00
   17600  6.37079379E-02  9.65084392E-02 -7.12945124E-02  1.35850976E-01  0.00000000E+00
   17700  9.85780676E-02  8.61999328E-02 -6.12476699E-02  1.44566043E-01  0.00000000E+00
   17800  1.06157650E-01  8.52299270E-02 -5.79972798E-02  1.47977267E-01  0.00000000E+00
   17900  1.49095186E-01  5.09275947E-02 -6.28993549E-02  1.69644697E-01  0.00000000E+00
   18000  1.36895660E-01  5.39885274E-02 -8.33104491E-02  1.69102968E-01  0.00000000E+00
   18100  1.20138111E-01  3.13314913E-02 -7.75852460E-02  1.46404571E-01  0.00000000E+00
   18200  1.32095957E-01  1.71824411E-02 -5.86258168E-02  1.45538877E-01  0.00000000E+00
   18300  1.13697620E-01 -1.37699547E-02 -1.03359279E-01  1.54272165E-01  0.00000000E+00
   18400  1.40830015E-01 -1.70866641E-02 -1.06458806E-01  1.77365512E-01  0.00000000E+00
   18500  1.20855626E-01 -3.92002697E-02 -1.11408970E-01  1.68981366E-01  0.00000000E+00
   18600  1.04748576E-01 -9.58024336E-04 -1.51350717E-01  1.84065808E-01  0.00000000E+00
   18700  7.64537547E-02 -9.53695191E-03 -1.35045979E-01  1.55478444E-01  0.00000000E+00
   18800  8.22428641E-02 -2.53419639E-02 -1.47611128E-01  1.70865880E-01  0.00000000E+00
   18900  7.93990572E-02 -5.52886818E-02 -1.20955099E-01  1.54890879E-01  0.00000000E+00
   19000  8.03087682E-02 -7.70762819E-02 -1.21152807E-01  1.64524326E-01  0.00000000E+00
   19100  6.70066064E-02 -6.02655178E-02 -1.28139036E-01  1.56657047E-01  0.00000000E+00
   19200  6.58709973E-02 -6.81774888E-02 -1.42072207E-01  1.70797161E-01  0.00000000E+00
   19300  5.74767183E-02 -2.99326613E-02 -1.60717474E-01  1.73290634E-01  0.00000000E+00
   19400  2.14954766E-02 -2.19415146E-02 -1.34875875E-01  1.38329271E-01  0.00000000E+00
   19500  5.66097106E-02 -5.68234897E-02 -1.25047166E-01  1.48560971E-01  0.00000000E+00
   19600  1.21408782E-01 -3.79417519E-02 -1.33591280E-01  1.84462189E-01  0.00000000E+00
   19700  1.09216832E-01 -3.45595775E-02 -1.42185037E-01  1.82590432E-01  0.00000000E+00
   19800  9.74462295E-02 -1.57304496E-02 -1.43840407E-01  1.74451361E-01  0.00000000E+00
   19900  7.07234703E-02  1.29818113E-04 -1.36301607E-01  1.53557658E-01  0.00000000E+00
   20000  1.69457413E-02  1.48072212E-03 -1.44643171E-01  1.45639958E-01  0.00000000E+00
   20100 -4.93015017E-03 -1.23413670E-02 -1.57046121E-01  1.57607424E-01  0.00000000E+00
   20200 -1.58623873E-02  5.51548723E-02 -1.36587618E-01  1.48154827E-01  0.00000000E+00
   20300  2.13960865E-02  6.98128909E-02 -1.10252491E-01  1.32239344E-01  0.00000000E+00
   20400 -1.72705364E-02  6.00894832E-02 -1.39319404E-01  1.52705316E-01  0.00000000E+00
   20500 -6.33726421E-02  7.03928023E-02 -1.32019521E-01  1.62481975E-01  0.00000000E+00
   20600 -5.19692865E-02  1.13092925E-01 -1.25592009E-01  1.76816767E-01  0.00000000E+00
   20700 -4.97330096E-02  8.37736062E-02 -1.25860110E-01  1.59160788E-01  0.00000000E+00
   20800 -1.18843895E-02  7.17812132E-02 -1.46359411E-01  1.63446807E-01  0.00000000E+00
   20900 -1.91541678E-02  5.85144926E-02 -9.77087423E-02  1.15489507E-01  0.00000000E+00
   21000 -4.43986743E-02  6.75012908E-02 -9.27056838E-02  1.22971583E-01  0.00000000E+00
   21100 -5.50960607E-02  9.57252242E-02 -7.11926290E-02  1.31405041E-01  0.00000000E+00
   21200 -2.70963678E-02  8.08304244E-02 -5.38069263E-02  1.00811487E-01  0.00000000E+00
   21300 -2.41307522E-02  9.84374944E-02 -5.30309786E-02  1.14387579E-01  0.00000000E+00
   21400 -4.94918734E-02  1.02225462E-01 -8.24403785E-02  1.40342105E-01  0.00000000E+00
   21500 -1.15398633E-01  7.69173622E-02 -7.25290488E-02  1.56504274E-01  0.00000000E+00
   21600 -1.07926012E-01  9.19389031E-02 -6.83534854E-02  1.57394361E-01  0.00000000E+00
   21700 -1.09673316E-01  8.63753685E-02 -5.11369822E-02  1.48673910E-01  0.00000000E+00
   21800 -1.37143092E-01  7.65602841E-02 -2.77490065E-02  1.59498314E-01  0.00000000E+00
   21900 -1.34803984E-01  5.42862934E-02 -4.35336258E-02  1.51704622E-01  0.00000000E+00
   22000 -1.41334324E-01  6.56755327E-02 -6.08177226E-02  1.67294537E-01  0.00000000E+00
   22100 -1.24747966E-01  7.44110299E-02 -5.65862605E-02  1.55887976E-01  0.00000000E+00
   22200 -1.22751733E-01  7.67307510E-02 -7.64389318E-02  1.63702493E-01  0.00000000E+00
   22300 -9.14860205E-02  1.02098102E-01 -5.57585383E-02  1.47995706E-01  0.00000000E+00
   22400 -1.18186773E-01  9.55224829E-02 -3.52990059E-02  1.56008583E-01  0.00000000E+00
   22500 -1.15026470E-01  1.26921209E-01 -1.82115200E-02  1.72254874E-01  0.00000000E+00
   22600 -1.30443337E-01  1.18349327E-01 -9.74775877E-03  1.76400244E-01  0.00000000E+00
   22700 -1.12379900E-01  1.13066786E-01  5.28864674E-03  1.59503322E-01  0.00000000E+00
   22800 -1.09947136E-01  1.01164620E-01  1.46976623E-02  1.50128859E-01  0.00000000E+00
   22900 -8.49258322E-02  1.11979645E-01 -3.23883577E-04  1.40541605E-01  0.00000000E+00
   23000 -9.10679672E-02  8.60802875E-02  1.44289288E-02  1.26140337E-01  0.00000000E+00
   23100 -1.21680074E-01  9.57594065E-02  6.10789585E-02  1.66452827E-01  0.00000000E+00
   23200 -9.62540116E-02  9.59201026E-02  5.12159332E-02  1.45219051E-01  0.00000000E+00
   23300 -8.51984354E-02  8.61963786E-02  1.00907538E-01  1.57705169E-01  0.00000000E+00
   23400 -1.10557504E-01  8.92294068E-02  1.01366865E-01  1.74528193E-01  0.00000000E+00
   23500 -1.15382591E-01  8.08778414E-02  8.62256798E-02  1.65194538E-01  0.00000000E+00
   23600 -1.21419448E-01  4.96887481E-02  8.59470778E-02  1.56839262E-01  0.00000000E+00
   23700 -1.15863556E-01  6.73262342E-02  7.92709315E-02  1.55695427E-01  0.00000000E+00
   23800 -9.22497546E-02  6.81402457E-02  9.98548622E-02  1.52066117E-01  0.00000000E+00
   23900 -8.55779183E-02  1.06340380E-01  1.07306456E-01  1.73627567E-01  0.00000000E+00
   24000 -1.04873715E-01  1.30171872E-01  7.13296768E-02  1.81744697E-01  0.00000000E+00
   24100 -6.35635158E-02  9.67873788E-02  8.50743366E-02  1.43686325E-01  0.00000000E+00
   24200 -8.56394506E-02  9.72546025E-02  4.93991322E-02  1.38682542E-01  0.00000000E+00
   24300 -7.66305271E-02  1.33960999E-01  6.19169611E-02  1.66287393E-01  0.00000000E+00
   24400 -6.37246733E-02  1.39941264E-01  4.94204090E-02  1.61513988E-01  0.00000000E+00
   24500 -9.41349840E-02  1.16841944E-01  4.38944467E-02  1.56333482E-01  0.00000000E+00
   24600 -7.99597663E-02  1.26183332E-01  1.52371814E-02  1.50159812E-01  0.00000000E+00
   24700 -7.64567235E-02  1.20756138E-01 -2.80798545E-02  1.45657659E-01  0.00000000E+00
   24800 -7.53302350E-02  1.05237404E-01 -4.64714186E-02  1.37510539E-01  0.00000000E+00
   24900 -8.70367096E-02  1.17819425E-01 -5.26211163E-02  1.55646354E-01  0.00000000E+00
   25000 -6.12733919E-02  1.13411850E-01 -2.36604964E-02  1.31059129E-01  0.00000000E+00
   25100 -7.34336248E-02  1.44232891E-01 -3.00226762E-02  1.64611619E-01  0.00000000E+00
   25200 -7.80881008E-02  1.33808828E-01 -3.00139529E-02  1.57808084E-01  0.00000000E+00
   25300 -4.85153642E-02  1.01763077E-01 -6.25874035E-02  1.28944358E-01  0.00000000E+00
   25400 -4.57893508E-02  1.52446885E-01 -9.99892211E-02  1.87974897E-01  0.00000000E+00
   25500 -7.38898964E-02  1.27203899E-01 -9.96218191E-02  1.77665572E-01  0.00000000E+00
   25600 -8.40127887E-02  9.34232945E-02 -1.11139926E-01  1.67744281E-01  0.00000000E+00
   25700 -6.15732051E-02  1.13673802E-01 -1.02875245E-01  1.65215946E-01  0.00000000E+00
   25800 -4.22132634E-02  8.65124839E-02 -1.46818700E-01  1.75562240E-01  0.00000000E+00
   25900 -6.13441056E-02  1.03011674E-01 -1.20198977E-01  1.69771312E-01  0.00000000E+00
   26000 -7.36939151E-02  9.85829947E-02 -1.28848645E-01  1.78189150E-01  0.00000000E+00
   26100 -6.29126479E-02  8.07771220E-02 -1.43055476E-01  1.75919907E-01  0.00000000E+00
   26200 -5.92667373E-02  7.61299373E-02 -7.69505796E-02  1.23408692E-01  0.00000000E+00
   26300 -9.40726694E-02  7.45170462E-02 -6.24686031E-02  1.35295172E-01  0.00000000E+00
   26400 -1.14683164E-01  7.31887325E-02 -7.50471370E-02  1.55373394E-01  0.00000000E+00
   26500 -1.39882122E-01  6.16736849E-02 -6.21207003E-02  1.65014039E-01  0.00000000E+00
   26600 -1.29239204E-01  5.38509606E-02 -7.76439645E-02  1.60097730E-01  0.00000000E+00
   26700 -1.30238416E-01  5.22728239E-02 -4.84057863E-02  1.48450710E-01  0.00000000E+00
   26800 -1.36130606E-01  1.76823990E-02 -5.61587628E-02  1.48317281E-01  0.00000000E+00
   26900 -1.23242134E-01 -4.38989163E-02 -5.44467192E-02  1.41704565E-01  0.00000000E+00
   27000 -1.37340603E-01 -4.07729651E-02 -2.94416999E-02  1.46258981E-01  0.00000000E+00
   27100 -1.25175552E-01 -5.90663388E-02  2.43318514E-02  1.40533946E-01  0.00000000E+00
   27200 -1.28763722E-01 -6.02750271E-02 -3.68018509E-02  1.46858950E-01  0.00000000E+00
   27300 -1.43263081E-01 -6.06988321E-02 -3.63735359E-02  1.59786398E-01  0.00000000E+00
   27400 -1.87307892E-01 -3.03092176E-02 -4.83090011E-02  1.95797484E-01  0.00000000E+00
   27500 -1.69546605E-01 -4.42472204E-02 -4.03290917E-02  1.79806294E-01  0.00000000E+00
   27600 -1.55052194E-01 -1.73070950E-02 -2.89896754E-02  1.58685600E-01  0.00000000E+00
   27700 -1.66759989E-01 -1.21088928E-02 -4.58588149E-02  1.73374018E-01  0.00000000E+00
   27800 -1.33708343E-01 -3.53356779E-02 -4.37135530E-02  1.45042772E-01  0.00000000E+00
   27900 -1.67171281E-01 -4.31660782E-03 -2.17813731E-02  1.68639552E-01  0.00000000E+00
   28000 -1.73460753E-01  4.26477113E-03 -7.90864310E-03  1.73693315E-01  0.00000000E+00
   28100 -1.74553328E-01 -2.30885262E-03 -5.71993778E-02  1.83700745E-01  0.00000000E+00
   28200 -1.35556464E-01  3.66256010E-02 -4.60167263E-02  1.47765113E-01  0.00000000E+00
   28300 -1.40897701E-01  2.32242077E-02 -8.62885791E-02  1.66844972E-01  0.00000000E+00
   28400 -1.00260627E-01  1.65852890E-02 -7.95075618E-02  1.29029910E-01  0.00000000E+00
   28500 -1.35969207E-01  3.56712496E-03 -9.96823729E-02  1.68632515E-01  0.00000000E+00
   28600 -1.48901661E-01  3.69030163E-02 -7.25006349E-02  1.69675807E-01  0.00000000E+00
   28700 -1.30226951E-01 -1.86110351E-02 -9.85184028E-02  1.64351164E-01  0.00000000E+00
   28800 -1.38446909E-01  2.15671025E-03 -7.77269568E-02  1.58788154E-01  0.00000000E+00
   28900 -1.41730923E-01 -1.20334813E-03 -6.31254422E-02  1.55157739E-01  0.00000000E+00
   29000 -1.52859205E-01  2.30861439E-02 -5.46761228E-02  1.63976782E-01  0.00000000E+00
   29100 -1.77899328E-01  2.19218274E-02 -5.50494284E-02  1.87507805E-01  0.00000000E+00
   29200 -1.61631323E-01 -2.36818703E-02 -6.39763951E-02  1.75438008E-01  0.00000000E+00
   29300 -1.37450729E-01  3.04003047E-02 -3.28292701E-02  1.44549793E-01  0.00000000E+00
   29400 -1.43931522E-01  3.69268659E-02 -3.16040805E-02  1.51916734E-01  0.00000000E+00
   29500 -1.32590793E-01  5.35339374E-02  5.21902564E-03  1.43085426E-01  0.00000000E+00
   29600 -1.24004988E-01  6.50748655E-02  2.62130618E-02  1.42474910E-01  0.00000000E+00
   29700 -1.24168033E-01  1.10499011E-01 -7.03351102E-03  1.66364666E-01  0.00000000E+00
   29800 -1.52276967E-01  5.47738740E-02  7.61768513E-03  1.62007658E-01  0.00000000E+00
   29900 -1.40990036E-01  7.57687057E-02  1.91794546E-03  1.60071127E-01  0.00000000E+00
   30000 -1.50210501E-01  9.90758057E-02 -4.73859814E-03  1.80004622E-01  0.00000000E+00
   30100 -1.34833671E-01  8.27939535E-02 -6.13652861E-02  1.69707560E-01  0.00000000E+00
   30200 -1.43273453E-01  8.63544390E-02 -5.40454840E-02  1.75798993E-01  0.00000000E+00
   30300 -1.25161739E-01  4.85454912E-02 -6.60446579E-02  1.49612909E-01  0.00000000E+00
   30400 -1.41664697E-01  4.59071750E-02 -6.74309549E-02  1.63472593E-01  0.00000000E+00
   30500 -1.43568614E-01  4.73408368E-02 -1.04875537E-01  1.83989076E-01  0.00000000E+00
   30600 -1.25965897E-01  3.26095977E-02 -6.76485383E-02  1.46653052E-01  0.00000000E+00
   30700 -1.13166149E-01  3.36419082E-02 -8.78203394E-02  1.47141997E-01  0.00000000E+00
   30800 -9.65658098E-02  4.04233214E-02 -9.19131342E-02  1.39309098E-01  0.00000000E+00
   30900 -1.25385220E-01  9.84164431E-03 -1.09229784E-01  1.66581683E-01  0.00000000E+00
   31000 -1.29907589E-01 -1.44931765E-02 -1.03569035E-01  1.66771037E-01  0.00000000E+00
   31100 -9.00452072E-02  2.12887761E-02 -4.93607489E-02  1.04870562E-01  0.00000000E+00
   31200 -1.49353534E-01  7.19150602E-03 -4.18024557E-02  1.55259915E-01  0.00000000E+00
   31300 -1.53524855E-01 -9.05195585E-03 -7.17377590E-02  1.69700103E-01  0.00000000E+00
   31400 -1.30480003E-01 -7.32781784E-02 -1.93780149E-02  1.50898078E-01  0.00000000E+00
   31500 -1.20643246E-01 -1.17178613E-01 -3.87751391E-02  1.72595283E-01  0.00000000E+00
   31600 -1.48446083E-01 -1.14883048E-01 -5.30642055E-02  1.95064513E-01  0.00000000E+00
   31700 -1.30152839E-01 -9.30295974E-02 -5.96361857E-02  1.70735884E-01  0.00000000E+00
   31800 -1.00410713E-01 -1.05935655E-01 -8.63652096E-02  1.69598419E-01  0.00000000E+00
   31900 -5.58509374E-02 -8.64191693E-02 -1.25326123E-01  1.62154978E-01  0.00000000E+00
   32000 -7.05581566E-02 -1.07832574E-01 -1.16223803E-01  1.73534693E-01  0.00000000E+00
   32100 -1.03899949E-01 -1.04600203E-01 -1.12286263E-01  1.85322980E-01  0.00000000E+00
   32200 -1.02825856E-01 -1.15752412E-01 -7.86564698E-02  1.73662367E-01  0.00000000E+00
   32300 -6.96640575E-02 -8.26775516E-02 -8.47110901E-02  1.37348561E-01  0.00000000E+00
   32400 -8.24431591E-02 -7.51136618E-02 -1.38701796E-01  1.77980687E-01  0.00000000E+00
   32500 -5.06130404E-02 -6.34460349E-02 -8.68107264E-02  1.18840992E-01  0.00000000E+00
   32600 -3.53992536E-02 -7.25243826E-02 -4.15247231E-02  9.07589988E-02  0.00000000E+00
   32700 -7.59990900E-02 -1.22564167E-01 -4.27242698E-02  1.50410106E-01  0.00000000E+00
   32800 -9.49997532E-02 -1.33564228E-01 -4.87224006E-02  1.70991896E-01  0.00000000E+00
   32900 -1.17964037E-01 -1.18334396E-01 -1.77998805E-02  1.68033862E-01  0.00000000E+00
   33000 -8.67924428E-02 -1.47495813E-01 -3.86903686E-02  1.75456227E-01  0.00000000E+00
   33100 -8.92119242E-02 -1.22359856E-01 -3.60604234E-02  1.55663277E-01  0.00000000E+00
   33200  5.35461841E-03 -1.08808131E-01 -2.73204176E-02  1.12313341E-01  0.00000000E+00
   33300  6.19963820E-03 -1.27138479E-01 -3.22291332E-02  1.31306304E-01  0.00000000E+00
   33400 -1.13023677E-02 -1.45578727E-01 -1.37998332E-02  1.46667463E-01  0.00000000E+00
   33500  9.67825583E-03 -1.58005999E-01 -4.61356095E-02  1.64888019E-01  0.00000000E+00
   33600  1.98110235E-02 -1.21478062E-01 -8.02179701E-02  1.46916027E-01  0.00000000E+00
   33700  3.54283619E-02 -1.13600000E-01 -8.06569344E-02  1.43755591E-01  0.00000000E+00
   33800  1.02256045E-03 -1.32324277E-01 -7.74969625E-02  1.53351032E-01  0.00000000E+00
   33900  2.20254894E-02 -1.14344538E-01 -4.41148310E-02  1.24522744E-01  0.00000000E+00
   34000  5.62151354E-02 -1.33543284E-01 -2.22445113E-02  1.46590479E-01  0.00000000E+00
   34100  5.05562872E-02 -1.18020867E-01 -7.82019343E-03  1.28631328E-01  0.00000000E+00
   34200  7.91681272E-03 -8.67971742E-02  2.43174013E-02  9.04862497E-02  0.00000000E+00
   34300  8.60860610E-04 -8.45094084E-02  5.90949401E-02  1.03125133E-01  0.00000000E+00
   34400  2.32664611E-03 -1.32660689E-01  4.10797459E-02  1.38894987E-01  0.00000000E+00
   34500  6.57069375E-04 -1.19343529E-01  5.46147059E-02  1.31248145E-01  0.00000000E+00
   34600  2.51151669E-02 -1.35919826E-01  3.10756871E-02  1.41670989E-01  0.00000000E+00
   34700 -1.61446379E-02 -1.22316110E-01  4.18840147E-02  1.30292558E-01  0.00000000E+00
   34800 -4.68668559E-02 -1.38938182E-01  3.49715098E-02  1.50742586E-01  0.00000000E+00
   34900 -2.11543132E-02 -1.42398445E-01  4.14745156E-02  1.49816412E-01  0.00000000E+00
   35000  1.17599250E-02 -1.48969795E-01  1.56188149E-02  1.50247273E-01  0.00000000E+00
   35100  9.38536855E-03 -1.35383031E-01  3.45060177E-03  1.35751820E-01  0.00000000E+00
   35200  3.31655179E-02 -1.56051455E-01 -7.73127290E-03  1.59724077E-01  0.00000000E+00
   35300  2.31999216E-02 -1.21219636E-01  1.52951276E-02  1.24363892E-01  0.00000000E+00
   35400  9.78854303E-02 -1.07188816E-01  2.55094111E-02  1.47382936E-01  0.00000000E+00
   35500  9.73196254E-02 -1.25544855E-01  9.73051125E-03  1.59145540E-01  0.00000000E+00
   35600  5.04945697E-02 -1.23572238E-01  2.37655157E-02  1.35589820E-01  0.00000000E+00
   35700  6.47629065E-02 -1.13543307E-01  2.71400500E-02  1.33502431E-01  0.00000000E+00
   35800  8.68477613E-02 -1.28797986E-01 -2.69025449E-02  1.57655326E-01  0.00000000E+00
   35900  8.24279453E-02 -1.26549189E-01 -3.16984528E-02  1.54317385E-01  0.00000000E+00
   36000  7.46634400E-02 -1.11541152E-01 -6.27306624E-02  1.48159353E-01  0.00000000E+00
   36100  7.31629691E-02 -1.05811701E-01 -7.90358554E-02  1.50982126E-01  0.00000000E+00
   36200  5.42031712E-02 -8.94819681E-02 -7.43240313E-02  1.28331867E-01  0.00000000E+00
   36300  3.66034805E-02 -7.03298456E-02 -6.47123576E-02  1.02341542E-01  0.00000000E+00
   36400  4.67533087E-02 -8.62848873E-02 -6.92713275E-02  1.20122731E-01  0.00000000E+00
   36500  4.24593581E-02 -1.20071848E-01 -7.07458792E-02  1.45688110E-01  0.00000000E+00
   36600  6.94402084E-02 -1.22884576E-01 -8.04413917E-02  1.62460392E-01  0.00000000E+00
   36700  7.32962007E-02 -9.87201496E-02 -1.00299891E-01  1.58675988E-01  0.00000000E+00
   36800  8.83212066E-02 -6.97927699E-02 -1.11825303E-01  1.58671247E-01  0.00000000E+00
   36900  7.52816953E-02 -6.66285210E-02 -7.55437446E-02  1.25751942E-01  0.00000000E+00
   37000  5.35381714E-02 -4.89045345E-02 -9.67800886E-02  1.20931282E-01  0.00000000E+00
   37100  6.29738829E-02 -1.04166685E-01 -5.53661894E-02  1.33722934E-01  0.00000000E+00
   37200  7.33500944E-02 -1.03777370E-01 -6.36282605E-02  1.42121548E-01  0.00000000E+00
   37300  8.91499852E-02 -6.78946162E-02 -3.49957706E-02  1.17397201E-01  0.00000000E+00
   37400  7.61451637E-02 -9.04382237E-02 -2.46309900E-02  1.20763587E-01  0.00000000E+00
   37500  9.28179500E-02 -1.05904925E-01 -3.03899844E-02  1.44064486E-01  0.00000000E+00
   37600  8.44804311E-02 -8.99087396E-02 -6.69511437E-02  1.40367305E-01  0.00000000E+00
   37700  5.67097353E-02 -1.01514354E-01 -7.38484627E-02  1.37748879E-01  0.00000000E+00
   37800  5.91081184E-02 -1.32731318E-01 -3.88112055E-02  1.50391763E-01  0.00000000E+00
   37900  7.90343189E-02 -1.07952750E-01 -1.08644615E-01  1.72348113E-01  0.00000000E+00
   38000  7.62956334E-02 -8.03463383E-02 -1.21256273E-01  1.64254807E-01  0.00000000E+00
   38100  6.66519248E-02 -4.84877385E-02 -1.16570703E-01  1.42766483E-01  0.00000000E+00
   38200  4.05658195E-02 -7.04321235E-02 -1.29914478E-01  1.53245036E-01  0.00000000E+00
   38300  5.26752541E-02 -6.95438487E-02 -1.42799352E-01  1.67340025E-01  0.00000000E+00
   38400  5.68414344E-02 -6.31788502E-02 -1.63196396E-01  1.83998858E-01  0.00000000E+00
   38500  6.45947814E-02 -7.22978736E-02 -1.35407779E-01  1.66537488E-01  0.00000000E+00
   38600  4.22730378E-02 -7.50612501E-02 -1.24641810E-01  1.51514956E-01  0.00000000E+00
   38700  3.46023386E-02 -9.29682022E-02 -1.40054551E-01  1.71626588E-01  0.00000000E+00
   38800 -2.09650708E-02 -8.64828628E-02 -1.42878828E-01  1.68324625E-01  0.00000000E+00
   38900 -5.00627692E-02 -1.31649517E-02 -1.27952959E-01  1.38027376E-01  0.00000000E+00
   39000 -9.69061923E-02  4.30903253E-02 -1.36679984E-01  1.73000012E-01  0.00000000E+00
   39100 -9.97956454E-02  1.66169766E-02 -1.27438829E-01  1.62714320E-01  0.00000000E+00
   39200 -5.50902788E-02  3.72586187E-02 -1.54893857E-01  1.68568237E-01  0.00000000E+00
   39300 -6.98060982E-02  2.52685151E-02 -1.40303990E-01  1.58734366E-01  0.00000000E+00
   39400 -3.05383512E-02  5.73294472E-02 -1.30801374E-01  1.46041966E-01  0.00000000E+00
   39500 -4.38276546E-02  8.85081675E-02 -1.24435729E-01  1.58867271E-01  0.00000000E+00
   39600 -2.43852991E-02  7.68197768E-02 -1.15996882E-01  1.41248708E-01  0.00000000E+00
   39700 -6.67013074E-03  5.57767502E-02 -1.34954446E-01  1.46178791E-01  0.00000000E+00
   39800 -1.99130926E-02  3.96524460E-02 -1.40055962E-01  1.46916712E-01  0.00000000E+00
   39900  6.19860689E-03  2.28458829E-02 -1.64915522E-01  1.66605782E-01  0.00000000E+00
   40000  2.62024799E-02 -1.43028076E-04 -1.46347565E-01  1.48674814E-01  0.00000000E+00
   40100  2.05720631E-02 -8.35129017E-03 -1.68724701E-01  1.70179254E-01  0.00000000E+00
   40200  4.95316960E-02 -4.00443222E-03 -1.59920483E-01  1.67463384E-01  0.00000000E+00
   40300  7.21320366E-02  3.34721331E-02 -1.59383640E-01  1.78119508E-01  0.00000000E+00
   40400  6.09509998E-02  8.87991915E-03 -1.86838666E-01  1.96729674E-01  0.00000000E+00
   40500  5.87444278E-02  2.00219003E-02 -1.38319573E-01  1.51605041E-01  0.00000000E+00
   40600  5.87948098E-02  4.68350644E-03 -1.58308093E-01  1.68938501E-01  0.00000000E+00
   40700  8.98927025E-02  2.45666605E-02 -1.54863634E-01  1.80740045E-01  0.00000000E+00
   40800  1.04489164E-01  1.93505007E-02 -1.06478138E-01  1.50432780E-01  0.00000000E+00
   40900  1.12655243E-01 -1.61624364E-02 -9.57866506E-02  1.48753187E-01  0.00000000E+00
   41000  1.06946276E-01 -1.90203865E-04 -1.14646811E-01  1.56784672E-01  0.00000000E+00
   41100  1.13299241E-01  7.35159432E-03 -1.02249751E-01  1.52793245E-01  0.00000000E+00
   41200  9.99439188E-02  2.79894300E-02 -1.15031718E-01  1.54933828E-01  0.00000000E+00
   41300  1.08274906E-01  4.29402439E-02 -1.20860153E-01  1.67852603E-01  0.00000000E+00
   41400  1.07950845E-01  2.67463725E-02 -1.33433801E-01  1.73704728E-01  0.00000000E+00
   41500  1.06446973E-01  4.73057784E-02 -1.29928177E-01  1.74499644E-01  0.00000000E+00
   41600  1.12848870E-01  6.30699806E-03 -1.47616939E-01  1.85917741E-01  0.00000000E+00
   41700  1.05863793E-01 -1.40732224E-02 -1.45023796E-01  1.80103025E-01  0.00000000E+00
   41800  7.43373898E-02 -2.09063571E-02 -1.65723333E-01  1.82831470E-01  0.00000000E+00
   41900  9.37630383E-02  6.70304107E-03 -1.68159789E-01  1.92650338E-01  0.00000000E+00
   42000  4.96636272E-02 -2.56469477E-03 -1.71121318E-01  1.78200895E-01  0.00000000E+00
   42100  4.09191302E-02 -4.29135227E-02 -1.47153580E-01  1.58650943E-01  0.00000000E+00
   42200  5.27868032E-02 -2.96235581E-02 -9.33629035E-02  1.11268295E-01  0.00000000E+00
   42300  5.46563888E-02 -6.09837284E-02 -1.27894091E-01  1.51865844E-01  0.00000000E+00
   42400  5.29826686E-02 -3.80946874E-02 -1.16398593E-01  1.33442875E-01  0.00000000E+00
   42500  8.49652742E-02 -7.46178081E-02 -1.23430461E-01  1.67397711E-01  0.00000000E+00
   42600  8.72924928E-02 -1.04421242E-01 -1.05602111E-01  1.72266018E-01  0.00000000E+00
   42700  5.36756694E-02 -1.00873019E-01 -7.90922583E-02  1.38967726E-01  0.00000000E+00
   42800  6.55832795E-02 -1.09789618E-01 -8.44679232E-02  1.53263684E-01  0.00000000E+00
   42900  9.92478300E-02 -1.06569072E-01 -5.98630288E-02  1.57450567E-01  0.00000000E+00
   43000  1.02317739E-01 -1.06840255E-01 -5.36682995E-02  1.57365962E-01  0.00000000E+00
   43100  8.34662365E-02 -1.43623723E-01 -3.15673321E-02  1.69088388E-01  0.00000000E+00
   43200  7.72833870E-02 -1.33381633E-01 -5.63490708E-02  1.64129826E-01  0.00000000E+00
   43300  7.98135988E-02 -1.22476588E-01 -5.57741822E-02  1.56465602E-01  0.00000000E+00
   43400  5.73238068E-02 -1.09878881E-01 -2.94241753E-02  1.27378057E-01  0.00000000E+00
   43500  3.36640171E-02 -1.06728409E-01 -7.10637959E-02  1.32568029E-01  0.00000000E+00
   43600  3.87358990E-02 -6.40494512E-02 -5.46991932E-02  9.27081647E-02  0.00000000E+00
   43700  3.20845784E-02 -5.32817113E-02 -4.68717104E-02  7.78801526E-02  0.00000000E+00
   43800 -4.35413536E-02 -1.03554929E-01 -7.28303089E-02  1.33879523E-01  0.00000000E+00
   43900 -6.55203791E-02 -1.05111876E-01 -5.85663673E-02  1.37008926E-01  0.00000000E+00
   44000 -1.24043184E-01 -9.50800410E-02 -1.40884028E-02  1.56924850E-01  0.00000000E+00
   44100 -1.07382475E-01 -7.87022584E-02  2.10647251E-02  1.34791558E-01  0.00000000E+00
   44200 -1.12295366E-01 -8.50411471E-02  7.41660815E-02  1.59194389E-01  0.00000000E+00
   44300 -9.01703387E-02 -8.12834097E-02  7.83315436E-02  1.44476688E-01  0.00000000E+00
   44400 -1.13510668E-01 -8.88674643E-02  7.31277858E-02  1.61647057E-01  0.00000000E+00
   44500 -1.23391479E-01 -8.31494602E-02  5.61099699E-02  1.59020812E-01  0.00000000E+00
   44600 -9.79514714E-02 -9.27161483E-02  3.98937149E-02  1.40649505E-01  0.00000000E+00
   44700 -1.19234988E-01 -1.20857580E-01  4.55106961E-02  1.75769054E-01  0.00000000E+00
   44800 -8.62706622E-02 -1.04852804E-01  5.32203807E-02  1.45839455E-01  0.00000000E+00
   44900 -5.32075176E-02 -1.21359129E-01  7.49883017E-02  1.52257426E-01  0.00000000E+00
   45000 -1.51419010E-02 -1.00161377E-01  6.72637266E-02  1.21597646E-01  0.00000000E+00
   45100  2.10164672E-03 -1.37766274E-01  4.45710724E-02  1.44812098E-01  0.00000000E+00
   45200 -1.62329572E-02 -1.18888683E-01  9.99762648E-02  1.56183486E-01  0.00000000E+00
   45300  3.01637993E-02 -1.38875652E-01  6.99691475E-02  1.58404493E-01  0.00000000E+00
   45400  3.50816584E-02 -1.56157666E-01  8.45646736E-02  1.81016915E-01  0.00000000E+00
   45500  7.44921123E-03 -1.77918300E-01  7.06909881E-02  1.91592349E-01  0.00000000E+00
   45600 -6.05479738E-04 -1.59753131E-01  8.44099885E-02  1.80683358E-01  0.00000000E+00
   45700  6.70214308E-04 -1.51396941E-01  5.82603566E-02  1.62221306E-01  0.00000000E+00
   45800 -5.61491200E-03 -1.56168884E-01  3.98491860E-02  1.61270596E-01  0.00000000E+00
   45900 -1.00122662E-02 -1.18228018E-01  1.29015329E-02  1.19350573E-01  0.00000000E+00
   46000  7.29701084E-03 -1.41936718E-01 -5.25245297E-03  1.42221189E-01  0.00000000E+00
   46100  1.36889848E-03 -1.41860315E-01 -9.37300579E-03  1.42176215E-01  0.00000000E+00
   46200  5.00633067E-02 -1.50434144E-01  4.50336048E-03  1.58609731E-01  0.00000000E+00
   46300  6.90537757E-02 -1.56820694E-01  2.16835047E-02  1.72717481E-01  0.00000000E+00
   46400  5.51715119E-02 -1.33208607E-01  1.14240446E-02  1.44633805E-01  0.00000000E+00
   46500  6.28352728E-02 -1.59498269E-01 -4.92821870E-02  1.78372373E-01  0.00000000E+00
   46600  4.05095014E-02 -1.38262440E-01  8.01978485E-03  1.44297744E-01  0.00000000E+00
   46700  3.19736328E-02 -1.47501419E-01 -5.62189810E-03  1.51031743E-01  0.00000000E+00
   46800  5.03105574E-02 -1.41489392E-01 -3.31992848E-02  1.53793994E-01  0.00000000E+00
   46900 -3.46930940E-03 -1.51166953E-01 -1.80453255E-02  1.52279734E-01  0.00000000E+00
   47000  7.50775642E-03 -1.18602061E-01 -1.56400439E-02  1.19864199E-01  0.00000000E+00
   47100  1.43516404E-02 -1.20354817E-01  7.30762104E-03  1.21427562E-01  0.00000000E+00
   47200  2.52829637E-02 -1.32838545E-01  3.58035603E-03  1.35270567E-01  0.00000000E+00
   47300  8.79576788E-03 -1.32907489E-01 -2.24665873E-02  1.35079657E-01  0.00000000E+00
   47400  2.23080327E-02 -1.05314984E-01 -1.83426561E-03  1.07667352E-01  0.00000000E+00
   47500  4.07452338E-02 -1.49579767E-01 -3.22948905E-02  1.58357951E-01  0.00000000E+00
   47600  6.60925844E-02 -1.58374841E-01 -1.33403299E-02  1.72130138E-01  0.00000000E+00
   47700  7.62069161E-02 -1.64892076E-01 -2.00544139E-02  1.82754125E-01  0.00000000E+00
   47800  5.50904461E-02 -1.42238891E-01 -2.00758788E-02  1.53850253E-01  0.00000000E+00
   47900  5.13160724E-02 -1.48761090E-01 -4.40856777E-02  1.63421995E-01  0.00000000E+00
   48000  2.15709131E-02 -1.59050083E-01 -7.91464837E-03  1.60701198E-01  0.00000000E+00
   48100  8.59718295E-03 -1.51062573E-01 -8.89320212E-03  1.51568141E-01  0.00000000E+00
   48200 -3.50337686E-03 -1.52412470E-01  2.32524779E-02  1.54215798E-01  0.00000000E+00
   48300 -1.24059324E-02 -1.31191210E-01  4.27184054E-02  1.38527625E-01  0.00000000E+00
   48400  2.30016110E-02 -1.62361949E-01  2.37082841E-02  1.65688139E-01  0.00000000E+00
   48500  2.04733217E-03 -1.71069370E-01  1.97372363E-02  1.72216374E-01  0.00000000E+00
   48600  2.06081262E-02 -1.50609661E-01  3.09502484E-02  1.55131824E-01  0.00000000E+00
   48700  7.20856031E-02 -1.53389064E-01  4.05378420E-03  1.69531626E-01  0.00000000E+00
   48800  7.41656000E-02 -1.43592770E-01 -8.74164651E-04  1.61617400E-01  0.00000000E+00
   48900  6.29151145E-02 -1.20061777E-01 -7.15900437E-03  1.35736485E-01  0.00000000E+00
   49000  5.63697204E-02 -1.03991695E-01  3.92552931E-02  1.24630638E-01  0.00000000E+00
   49100  2.68812830E-02 -1.23056611E-01  3.51578757E-02  1.30773121E-01  0.00000000E+00
   49200  2.46688456E-02 -1.30410696E-01  7.05883490E-02  1.50327032E-01  0.00000000E+00
   49300  2.02711511E-02 -1.41660430E-01  1.49556285E-02  1.43882826E-01  0.00000000E+00
   49400 -1.79253264E-02 -1.69021723E-01 -1.33447192E-02  1.70492644E-01  0.00000000E+00
   49500 -2.47933412E-02 -1.56585602E-01 -2.36530231E-02  1.60291066E-01  0.00000000E+00
   49600 -5.20418094E-02 -1.29499994E-01 -1.55786797E-02  1.40432523E-01  0.00000000E+00
   49700 -1.13671161E-01 -1.32825924E-01 -1.69489102E-02  1.75644882E-01  0.00000000E+00
   49800 -1.24522792E-01 -8.36784432E-02 -2.39715220E-02  1.51929725E-01  0.00000000E+00
   49900 -1.22228493E-01 -1.10937066E-01 -2.48358698E-03  1.65084843E-01  0.00000000E+00
   50000 -1.64894336E-01 -7.86458123E-02 -3.36486243E-02  1.85762041E-01  0.00000000E+00
   50100 -1.36726182E-01 -6.97090484E-02 -5.19726886E-02  1.62032591E-01  0.00000000E+00
   50200 -1.57151199E-01 -5.29390504E-02 -2.51194712E-02  1.67720095E-01  0.00000000E+00
   50300 -1.49064198E-01 -3.66382157E-02 -2.49761114E-02  1.55519452E-01  0.00000000E+00
   50400 -1.12420333E-01 -4.98918945E-02 -1.87014808E-02  1.24407708E-01  0.00000000E+00
   50500 -1.16700106E-01 -7.97639385E-02 -2.82015966E-02  1.44140663E-01  0.00000000E+00
   50600 -1.28493654E-01 -1.01611870E-01 -1.64866971E-02  1.64643258E-01  0.00000000E+00
   50700 -9.17810806E-02 -1.10895736E-01  1.82878582E-02  1.45107122E-01  0.00000000E+00
   50800 -6.94009221E-02 -1.18668801E-01  3.83770846E-02  1.42729019E-01  0.00000000E+00
   50900 -9.04451111E-02 -1.22198179E-01  5.22248956E-02  1.60748725E-01  0.00000000E+00
   51000 -6.15155456E-02 -1.05385994E-01  3.69594269E-02  1.27500468E-01  0.00000000E+00
   51100 -7.76977998E-02 -7.63081302E-02  6.91301730E-02  1.28991704E-01  0.00000000E+00
   51200 -4.54031658E-02 -1.21474333E-01  4.41397825E-02  1.36988253E-01  0.00000000E+00
   51300 -2.95719083E-02 -1.42942106E-01  3.10682203E-02  1.49238661E-01  0.00000000E+00
   51400 -2.77647373E-02 -1.44656176E-01  1.30017197E-02  1.47869316E-01  0.00000000E+00
   51500  1.79102885E-02 -1.55326417E-01 -5.56717324E-02  1.65971130E-01  0.00000000E+00
   51600 -2.17274339E-02 -1.49309744E-01 -4.06079673E-02  1.56251362E-01  0.00000000E+00
   51700 -7.20925036E-02 -1.31942997E-01 -2.19715428E-02  1.51950756E-01  0.00000000E+00
   51800 -1.29662382E-02 -1.34689619E-01  2.31623108E-02  1.37280405E-01  0.00000000E+00
   51900  2.44329220E-02 -1.26674182E-01  6.45472055E-02  1.44255529E-01  0.00000000E+00
   52000  1.47029378E-02 -1.10791589E-01  8.29277130E-02  1.39168811E-01  0.00000000E+00
   52100  4.26677791E-02 -1.41552301E-01  8.54107324E-02  1.70741285E-01  0.00000000E+00
   52200 -7.50358249E-03 -1.21824509E-01  7.43420002E-02  1.42913428E-01  0.00000000E+00
   52300 -3.68574319E-02 -1.27250291E-01  7.60922988E-02  1.52778090E-01  0.00000000E+00
   52400 -5.24258711E-02 -1.24191113E-01  5.36661899E-02  1.45092951E-01  0.00000000E+00
   52500 -7.55430768E-02 -9.82443387E-02  5.64803145E-02  1.36193731E-01  0.00000000E+00
   52600 -7.73209623E-02 -1.37700661E-01  3.03931672E-02  1.60822100E-01  0.00000000E+00
   52700 -8.57246777E-02 -1.16857459E-01  5.24500741E-02  1.54127857E-01  0.00000000E+00
   52800 -3.14069107E-02 -1.48436714E-01  3.34762084E-02  1.55372162E-01  0.00000000E+00
   52900 -5.51578043E-02 -1.43657752E-01  3.82461167E-02  1.58564493E-01  0.00000000E+00
   53000 -3.95473734E-02 -1.29919408E-01  2.83382053E-02  1.38730318E-01  0.00000000E+00
   53100 -2.90583689E-02 -1.26395058E-01  5.29752676E-02  1.40094534E-01  0.00000000E+00
   53200 -4.24057062E-02 -1.37765147E-01  3.61298941E-02  1.48602991E-01  0.00000000E+00
   53300 -4.12355024E-02 -1.25360403E-01  7.67181815E-02  1.52647557E-01  0.00000000E+00
   53400 -3.83501742E-02 -1.56019970E-01  4.55153651E-02  1.66986871E-01  0.00000000E+00
   53500 -4.50166291E-02 -1.13442676E-01  8.12378311E-03  1.22318165E-01  0.00000000E+00
   53600 -5.40200663E-02 -1.55109970E-01 -7.86355461E-03  1.64435720E-01  0.00000000E+00
   53700 -7.13423709E-02 -1.37085572E-01 -2.01126863E-02  1.55841933E-01  0.00000000E+00
   53800 -9.03123234E-02 -1.10102517E-01 -2.04324795E-02  1.43862317E-01  0.00000000E+00
   53900 -9.58368194E-02 -1.14446398E-01  1.03642405E-02  1.49633189E-01  0.00000000E+00
   54000 -9.18106870E-02 -1.03280018E-01  1.61819368E-03  1.38197623E-01  0.00000000E+00
   54100 -1.15155463E-01 -1.13778839E-01  2.15916328E-02  1.63317493E-01  0.00000000E+00
   54200 -1.16870381E-01 -9.19739063E-02  2.70609645E-02  1.51162764E-01  0.00000000E+00
   54300 -1.35297648E-01 -9.82741218E-02  1.49600452E-02  1.67890022E-01  0.00000000E+00
   54400 -1.11472960E-01 -8.16058181E-02  4.09785477E-02  1.44100561E-01  0.00000000E+00
   54500 -9.14600610E-02 -1.07320149E-01  4.69255799E-02  1.48608772E-01  0.00000000E+00
   54600 -1.11159113E-01 -1.33396088E-01  6.61259526E-02  1.85805023E-01  0.00000000E+00
   54700 -9.76568262E-02 -1.47687230E-01  1.41920264E-02  1.77622597E-01  0.00000000E+00
   54800 -7.20333033E-02 -1.14322878E-01  4.30713036E-02  1.41822616E-01  0.00000000E+00
   54900 -3.87491082E-02 -1.29780991E-01  3.85092717E-02  1.40810380E-01  0.00000000E+00
   55000 -2.51191755E-02 -1.57519143E-01  2.10589096E-02  1.60893540E-01  0.00000000E+00
   55100 -3.82593370E-02 -1.65534050E-01 -3.80118237E-02  1.74098240E-01  0.00000000E+00
   55200 -4.03622276E-02 -1.33649408E-01 -1.56070057E-02  1.40480790E-01  0.00000000E+00
   55300 -8.21228265E-02 -1.42291000E-01  1.16118779E-02  1.64698885E-01  0.00000000E+00
   55400 -5.36940394E-02 -1.52296837E-01  1.77692865E-02  1.62459607E-01  0.00000000E+00
   55500 -7.03338582E-02 -1.48771179E-01  3.89084431E-02  1.69096370E-01  0.00000000E+00
   55600 -7.97974650E-02 -1.37320968E-01  4.24975571E-03  1.58879653E-01  0.00000000E+00
   55700 -1.05515706E-01 -1.43018079E-01 -1.61878880E-02  1.78465074E-01  0.00000000E+00
   55800 -1.09806056E-01 -1.41743197E-01 -2.39110600E-02  1.80887376E-01  0.00000000E+00
   55900 -8.89746567E-02 -1.14985328E-01 -3.57575779E-02  1.49722141E-01  0.00000000E+00
   56000 -9.43516194E-02 -1.09729110E-01 -4.09955154E-02  1.50410565E-01  0.00000000E+00
   56100 -1.11644692E-01 -1.00676764E-01  5.34467383E-03  1.50429098E-01  0.00000000E+00
   56200 -1.25681169E-01 -1.14492799E-01  2.57387598E-02  1.71950112E-01  0.00000000E+00
   56300 -1.29159651E-01 -9.64979759E-02  1.26802243E-02  1.61724652E-01  0.00000000E+00
   56400 -9.05759709E-02 -9.66865528E-02 -2.14197011E-02  1.34205438E-01  0.00000000E+00
   56500 -8.79933451E-02 -1.38152353E-01  1.52496744E-02  1.64503659E-01  0.00000000E+00
   56600 -8.89924227E-02 -1.16242788E-01  4.70897461E-02  1.53783878E-01  0.00000000E+00
   56700 -7.08895193E-02 -1.34684761E-01  3.84347080E-02  1.56979411E-01  0.00000000E+00
   56800 -6.35886732E-02 -1.42795508E-01  7.14426933E-02  1.71866619E-01  0.00000000E+00
   56900 -6.30095022E-02 -1.31955772E-01  5.83988919E-02  1.57457784E-01  0.00000000E+00
   57000 -8.65361816E-02 -1.27506687E-01  2.55142476E-02  1.56196808E-01  0.00000000E+00
   57100 -7.91712395E-02 -1.08963219E-01  2.12158850E-02  1.36349484E-01  0.00000000E+00
   57200 -8.98551533E-02 -1.33819967E-01  4.10417158E-02  1.66331460E-01  0.00000000E+00
   57300 -4.99528723E-02 -1.20868728E-01  5.39532901E-02  1.41476134E-01  0.00000000E+00
   57400 -5.32509472E-02 -1.63567410E-01  4.50348955E-02  1.77814799E-01  0.00000000E+00
   57500 -7.05909277E-03 -1.41251065E-01  4.00452283E-02  1.46987464E-01  0.00000000E+00
   57600  9.59843674E-04 -1.48479875E-01  1.85642886E-02  1.49638990E-01  0.00000000E+00
   57700 -5.42988312E-02 -1.36345663E-01  2.10088996E-02  1.48256119E-01  0.00000000E+00
   57800  2.61670378E-02 -1.38191195E-01  3.19560547E-03  1.40683091E-01  0.00000000E+00
   57900  2.86045797E-02 -1.39126233E-01  1.43131029E-02  1.42755720E-01  0.00000000E+00
   58000  2.63099495E-02 -1.51507263E-01  2.64431982E-02  1.56031750E-01  0.00000000E+00
   58100  3.76202038E-02 -1.20908387E-01  5.05189955E-02  1.36331533E-01  0.00000000E+00
   58200  5.38082004E-02 -1.46234010E-01  1.77844258E-02  1.56831100E-01  0.00000000E+00
   58300  4.46129706E-02 -1.19555618E-01  2.93137020E-02  1.30931875E-01  0.00000000E+00
   58400 -8.73068044E-03 -1.03511633E-01  2.39198565E-02  1.06597572E-01  0.00000000E+00
   58500 -4.13240666E-03 -1.16860832E-01 -6.39170660E-03  1.17108432E-01  0.00000000E+00
   58600  2.14897550E-02 -1.13712506E-01 -1.59469596E-02  1.16818873E-01  0.00000000E+00
   58700 -3.06553875E-03 -1.66581012E-01  1.47886159E-02  1.67264265E-01  0.00000000E+00
   58800 -2.68613837E-02 -1.38457757E-01  1.12666352E-02  1.41488592E-01  0.00000000E+00
   58900 -6.12523846E-02 -1.42793174E-01  2.27999743E-02  1.57040071E-01  0.00000000E+00
   59000 -6.24129758E-02 -1.34953373E-01  2.27407815E-02  1.50415875E-01  0.00000000E+00
   59100 -4.60361910E-02 -1.30731055E-01  2.38883318E-02  1.40643492E-01  0.00000000E+00
   59200 -8.86597129E-03 -1.28760769E-01  5.11134131E-02  1.38818306E-01  0.00000000E+00
   59300  1.35030357E-02 -1.59954435E-01  4.83508506E-02  1.67647123E-01  0.00000000E+00
   59400  1.46914354E-02 -1.69867365E-01  4.53875785E-02  1.76439203E-01  0.00000000E+00
   59500  1.77783439E-02 -1.10500550E-01  1.85377596E-02  1.13446418E-01  0.00000000E+00
   59600 -3.65933387E-03 -1.61584084E-01  3.73675407E-02  1.65888939E-01  0.00000000E+00
   59700 -1.86819450E-02 -1.70150914E-01  6.46945074E-02  1.82991060E-01  0.00000000E+00
   59800 -1.00016029E-01 -1.59771536E-01  6.04278957E-02  1.97943629E-01  0.00000000E+00
   59900 -3.96364371E-02 -1.66182113E-01  4.28117636E-02  1.76126060E-01  0.00000000E+00
   60000  2.12094225E-02 -1.69042214E-01  3.97604028E-02  1.74945704E-01  0.00000000E+00
   60100 -2.08745889E-02 -1.61312897E-01  1.68596614E-02  1.63529347E-01  0.00000000E+00
   60200 -6.43803723E-02 -1.41678583E-01 -6.37810647E-03  1.55750869E-01  0.00000000E+00
   60300 -1.37171671E-02 -1.43824853E-01 -2.03110180E-02  1.45898205E-01  0.00000000E+00
   60400 -3.54264608E-02 -1.26435498E-01 -5.47681138E-02  1.42269166E-01  0.00000000E+00
   60500 -5.84833445E-02 -1.26543254E-01 -4.70631752E-02  1.47134086E-01  0.00000000E+00
   60600 -8.04724583E-02 -1.40229154E-01 -4.21591119E-02  1.67085077E-01  0.00000000E+00
   60700 -6.40681785E-02 -1.11235822E-01 -5.57122716E-02  1.39935688E-01  0.00000000E+00
   60800 -9.65109598E-02 -1.16715262E-01 -6.98757181E-02  1.66791588E-01  0.00000000E+00
   60900 -9.97706664E-02 -1.14096874E-01 -1.77479577E-02  1.52601679E-01  0.00000000E+00
   61000 -1.01914592E-01 -1.09794450E-01 -5.36615640E-02  1.59125638E-01  0.00000000E+00
   61100 -7.02918565E-02 -1.11334216E-01 -9.06541454E-02  1.59857520E-01  0.00000000E+00
   61200 -3.48666612E-02 -1.22398089E-01 -7.72712328E-02  1.48888615E-01  0.00000000E+00
   61300 -5.71102688E-02 -8.95298915E-02 -1.10473323E-01  1.53236874E-01  0.00000000E+00
   61400 -5.12871025E-02 -9.13515957E-02 -1.14000919E-01  1.54827938E-01  0.00000000E+00
   61500 -2.84495415E-02 -1.00156333E-01 -1.08401782E-01  1.50305069E-01  0.00000000E+00
   61600  1.73772535E-02 -8.40034351E-02 -1.10169080E-01  1.39627262E-01  0.00000000E+00
   61700  2.68227534E-03 -8.55502928E-02 -1.55519679E-01  1.77517373E-01  0.00000000E+00
   61800 -2.50129001E-02 -6.87083680E-02 -1.47097849E-01  1.64268872E-01  0.00000000E+00
   61900 -3.34596017E-02 -3.16809307E-02 -1.45850164E-01  1.52955865E-01  0.00000000E+00
   62000 -1.22836324E-02 -5.70389832E-02 -1.41264853E-01  1.52840086E-01  0.00000000E+00
   62100  1.35263699E-02 -5.90681968E-02 -1.35794725E-01  1.48701788E-01  0.00000000E+00
   62200  7.69878109E-04 -5.35451272E-02 -1.61824117E-01  1.70454446E-01  0.00000000E+00
   62300  3.65911164E-02 -5.43811460E-02 -1.65839510E-01  1.78322634E-01  0.00000000E+00
   62400  6.50080596E-02 -6.07008383E-02 -1.33454936E-01  1.60377241E-01  0.00000000E+00
   62500  8.36019470E-02 -4.39432447E-02 -1.11443916E-01  1.46082308E-01  0.00000000E+00
   62600  8.58032886E-02 -1.97722296E-02 -9.81146408E-02  1.31831818E-01  0.00000000E+00
   62700  8.44875500E-02 -3.79415451E-02 -1.07497500E-01  1.41892281E-01  0.00000000E+00
   62800  6.93691383E-02 -5.30186292E-02 -1.17665355E-01  1.46520265E-01  0.00000000E+00
   62900  7.91799826E-02 -7.06204664E-02 -1.18670260E-01  1.59183386E-01  0.00000000E+00
   63000  6.86671948E-02 -6.27250435E-02 -1.15162658E-01  1.48027202E-01  0.00000000E+00
   63100  4.92561989E-02  3.00685241E-02 -6.38310250E-02  8.60505028E-02  0.00000000E+00
   63200  3.24359614E-02  4.13371115E-02 -1.13984585E-01  1.25512286E-01  0.00000000E+00
   63300  5.59312468E-02  2.27772247E-02 -1.16645858E-01  1.31352056E-01  0.00000000E+00
   63400  3.91212008E-02 -1.37632946E-02 -1.55710435E-01  1.61138562E-01  0.00000000E+00
   63500  9.07909899E-03 -2.32579328E-02 -1.47071180E-01  1.49175378E-01  0.00000000E+00
   63600  2.72941821E-02 -2.13994572E-02 -1.60394605E-01  1.64101610E-01  0.00000000E+00
   63700  2.46834113E-02  3.36487072E-04 -1.33889499E-01  1.36146179E-01  0.00000000E+00
   63800  3.17154385E-02  1.05871571E-02 -1.41218432E-01  1.45122715E-01  0.00000000E+00
   63900  4.25092217E-02 -9.20255817E-03 -1.14140200E-01  1.22146249E-01  0.00000000E+00
   64000  3.81505915E-02 -4.59858206E-02 -8.73117418E-02  1.05799355E-01  0.00000000E+00
   64100  2.05648795E-02 -8.69940004E-02 -1.18538777E-01  1.48466535E-01  0.00000000E+00
   64200 -2.63706793E-02 -6.42802077E-02 -1.39781062E-01  1.56096455E-01  0.00000000E+00
   64300 -2.31353158E-02 -2.90514372E-02 -1.25285878E-01  1.30674329E-01  0.00000000E+00
   64400 -2.37315540E-02 -3.23171953E-02 -1.34095472E-01  1.39961364E-01  0.00000000E+00
   64500 -2.54935150E-02 -4.49309498E-02 -1.26031437E-01  1.36208049E-01  0.00000000E+00
   64600 -7.40046563E-03 -6.34528654E-02 -1.65152209E-01  1.77077060E-01  0.00000000E+00
   64700  1.59825318E-03 -7.57679953E-02 -1.35770106E-01  1.55489116E-01  0.00000000E+00
   64800  1.48051918E-02 -6.36218121E-02 -1.36939038E-01  1.51720891E-01  0.00000000E+00
   64900 -1.65099231E-03 -8.71373787E-03 -1.25937171E-01  1.26249063E-01  0.00000000E+00
   65000  1.14678983E-02 -7.06862783E-02 -7.99508757E-02  1.07332219E-01  0.00000000E+00
   65100  1.12668750E-02 -1.15643218E-01 -8.68533102E-02  1.45064792E-01  0.00000000E+00
   65200  2.05214231E-02 -9.85741811E-02 -7.00475767E-02  1.22656679E-01  0.00000000E+00
   65300  2.43507930E-02 -9.70465881E-02 -5.17115665E-02  1.12628094E-01  0.00000000E+00
   65400  2.01623830E-02 -7.41623632E-02 -3.32217107E-02  8.37272946E-02  0.00000000E+00
   65500  6.89248565E-03 -7.38458342E-02 -4.38336947E-02  8.61516475E-02  0.00000000E+00
   65600 -2.71181393E-02 -8.03547614E-02 -6.48411404E-02  1.06755115E-01  0.00000000E+00
   65700  9.43699386E-03 -8.56467542E-02 -3.86070477E-02  9.44188937E-02  0.00000000E+00
   65800  1.52531681E-02 -1.11432434E-01 -4.55377770E-02  1.21340577E-01  0.00000000E+00
   65900  2.05899791E-02 -8.90623818E-02 -5.06839065E-02  1.04522311E-01  0.00000000E+00
   66000  1.38143146E-02 -8.07086897E-02 -6.93369935E-02  1.07295604E-01  0.00000000E+00
   66100  1.22012632E-02 -9.17108084E-02 -3.74177666E-02  9.97989602E-02  0.00000000E+00
   66200  5.78412189E-02 -6.68722536E-02 -4.95438859E-02  1.01351377E-01  0.00000000E+00
   66300  8.14769553E-02 -6.68031382E-02 -3.78564178E-02  1.11956518E-01  0.00000000E+00
   66400  1.07456752E-01 -5.65177953E-02  7.87323417E-03  1.21668412E-01  0.00000000E+00
   66500  8.14534642E-02 -9.09624730E-02 -5.87311485E-03  1.22242921E-01  0.00000000E+00
   66600  8.43236623E-02 -1.04139902E-01  2.65093691E-03  1.34024724E-01  0.00000000E+00
   66700  7.33091350E-02 -8.00528458E-02  1.31704401E-02  1.09344172E-01  0.00000000E+00
   66800  1.06234652E-01 -4.19357800E-02  1.53066421E-02  1.15233260E-01  0.00000000E+00
   66900  1.21969204E-01  7.64853428E-03  1.03954560E-02  1.22650121E-01  0.00000000E+00
   67000  1.31777975E-01 -2.00735873E-02  5.32592706E-02  1.43544187E-01  0.00000000E+00
   67100  1.30749473E-01  3.79079432E-03  4.62606898E-02  1.38743815E-01  0.00000000E+00
   67200  1.59550553E-01 -8.21274506E-03  4.58289732E-02  1.66205063E-01  0.00000000E+00
   67300  1.47123466E-01  3.05939210E-03  4.08396195E-02  1.52717218E-01  0.00000000E+00
   67400  1.44256462E-01 -1.19792630E-02  1.63073661E-02  1.45668665E-01  0.00000000E+00
   67500  1.71954507E-01 -5.04184308E-02  5.14223354E-02  1.86425930E-01  0.00000000E+00
   67600  1.75448615E-01 -3.29973521E-02  4.36767381E-02  1.83789823E-01  0.00000000E+00
   67700  1.65285470E-01 -3.90336007E-02  4.65317178E-02  1.76091196E-01  0.00000000E+00
   67800  1.24916142E-01 -2.56792664E-02  5.58252797E-02  1.39211814E-01  0.00000000E+00
   67900  8.26628589E-02 -4.71153483E-02  9.19017561E-02  1.32283548E-01  0.00000000E+00
   68000  4.62602785E-02 -7.90706530E-02  9.55508597E-02  1.32371252E-01  0.00000000E+00
   68100  6.04560247E-02 -1.04221496E-01  8.61602675E-02  1.48123742E-01  0.00000000E+00
   68200  9.83925077E-02 -1.09237529E-01  1.10592755E-01  1.83969239E-01  0.00000000E+00
   68300  9.48548333E-02 -5.88025251E-02  1.22591910E-01  1.65782848E-01  0.00000000E+00
   68400  9.12345613E-02 -4.73204760E-02  1.75827030E-01  2.03661772E-01  0.00000000E+00
   68500  8.74573691E-02 -1.52172894E-03  1.40431738E-01  1.65445399E-01  0.00000000E+00
   68600  6.65647695E-02  3.08322953E-02  1.34071853E-01  1.52829188E-01  0.00000000E+00
   68700  1.18507938E-01  3.44554668E-02  1.02754382E-01  1.60591947E-01  0.00000000E+00
   68800  1.35417801E-01  1.59299406E-02  1.15054926E-01  1.78407902E-01  0.00000000E+00
   68900  1.45549053E-01  2.86149702E-02  9.67431383E-02  1.77094828E-01  0.00000000E+00
   69000  1.45446151E-01  3.17123051E-02  7.94037479E-02  1.68716354E-01  0.00000000E+00
   69100  1.52219993E-01  2.45346059E-02  5.45981902E-02  1.63565997E-01  0.00000000E+00
   69200  1.51519777E-01  4.83810805E-02  5.44298031E-02  1.68111793E-01  0.00000000E+00
   69300  1.32322768E-01  5.89484110E-02  5.56616899E-02  1.55185224E-01  0.00000000E+00
   69400  1.39327383E-01  5.74558568E-02  4.44754573E-02  1.57134851E-01  0.00000000E+00
   69500  1.55692597E-01  4.32280916E-02  4.68736124E-02  1.68243835E-01  0.00000000E+00
   69600  1.78449508E-01  2.15660042E-02  3.72610544E-02  1.83569348E-01  0.00000000E+00
   69700  1.65751031E-01  1.10513660E-02  1.14710681E-02  1.66514631E-01  0.00000000E+00
   69800  1.44267871E-01  3.66658751E-03  7.75815918E-02  1.63846165E-01  0.00000000E+00
   69900  1.53168267E-01  1.63325207E-02  6.83892217E-02  1.68535916E-01  0.00000000E+00
   70000  1.22886189E-01  4.04447812E-02  9.16655950E-02  1.58554019E-01  0.00000000E+00
   70100  1.31358691E-01  4.12538143E-02  9.62047399E-02  1.67965279E-01  0.00000000E+00
   70200  1.12984978E-01 -5.39391771E-03  8.77895823E-02  1.43184183E-01  0.00000000E+00
   70300  9.75196406E-02 -2.20078433E-02  8.64671458E-02  1.32177883E-01  0.00000000E+00
   70400  1.11479601E-01 -2.75248914E-02  9.48029356E-02  1.48905734E-01  0.00000000E+00
   70500  9.31327268E-02 -6.73526532E-02  1.27340831E-01  1.71539418E-01  0.00000000E+00
   70600  9.57783296E-02 -6.53695631E-02  1.26241656E-01  1.71416521E-01  0.00000000E+00
   70700  9.77015424E-02 -1.59730756E-02  1.21069484E-01  1.56392297E-01  0.00000000E+00
   70800  7.90829172E-02 -2.15215998E-02  1.46061482E-01  1.67485055E-01  0.00000000E+00
   70900  5.14631379E-02  1.15304441E-02  1.58901239E-01  1.67424638E-01  0.00000000E+00
   71000  8.04092297E-02  1.79138893E-02  1.34663156E-01  1.57862970E-01  0.00000000E+00
   71100  9.42893303E-02 -2.25182404E-02  1.45799497E-01  1.75085814E-01  0.00000000E+00
   71200  2.91122770E-02 -5.83094700E-02  1.58559556E-01  1.71431187E-01  0.00000000E+00
   71300  3.05376293E-02 -4.88300091E-02  1.33458589E-01  1.45355122E-01  0.00000000E+00
   71400 -4.81403115E-03 -6.83313639E-02  1.62365047E-01  1.76223604E-01  0.00000000E+00
   71500 -1.21392366E-02 -8.34378081E-02  1.55529501E-01  1.76914257E-01  0.00000000E+00
   71600  7.45490797E-03 -5.90221574E-02  1.75547028E-01  1.85353581E-01  0.00000000E+00
   71700  2.54747179E-02 -2.74555846E-02  1.60757257E-01  1.65062612E-01  0.00000000E+00
   71800  3.60033795E-02 -4.33101619E-02  1.34604521E-01  1.45912270E-01  0.00000000E+00
   71900  4.92944491E-02 -6.33061468E-02  1.19065647E-01  1.43576597E-01  0.00000000E+00
   72000  3.48828105E-02 -5.43609684E-02  1.47299065E-01  1.60838242E-01  0.00000000E+00
   72100  4.59927458E-02 -3.00308997E-02  1.48328709E-01  1.58172670E-01  0.00000000E+00
   72200  5.63583914E-02 -3.20187188E-02  1.46784700E-01  1.60459387E-01  0.00000000E+00
   72300  4.78868587E-02 -2.86756248E-02  1.55207128E-01  1.64938460E-01  0.00000000E+00
   72400  8.45192130E-02 -3.22872405E-02  1.37351146E-01  1.64472796E-01  0.00000000E+00
   72500  4.77325960E-02 -5.63400899E-02  1.26500494E-01  1.46475191E-01  0.00000000E+00
   72600  8.51485578E-03 -2.21788304E-03  1.39634682E-01  1.39911637E-01  0.00000000E+00
   72700  4.40676972E-02  2.34726078E-02  1.19097691E-01  1.29140177E-01  0.00000000E+00
   72800  8.84269620E-02  3.01085879E-02  1.13429331E-01  1.46942396E-01  0.00000000E+00
   72900  6.86040165E-02  2.77386311E-02  1.23713960E-01  1.44156466E-01  0.00000000E+00
   73000  8.57797046E-02  2.51906241E-03  1.17813595E-01  1.45755091E-01  0.00000000E+00
   73100  9.31184524E-02 -6.67683579E-03  1.19220495E-01  1.51423752E-01  0.00000000E+00
   73200  1.24700903E-01  1.64374962E-02  1.29924986E-01  1.80834201E-01  0.00000000E+00
   73300  1.24499625E-01  7.43061938E-04  1.21308644E-01  1.73828927E-01  0.00000000E+00
   73400  8.80053788E-02  1.20046574E-02  1.28604466E-01  1.56295128E-01  0.00000000E+00
   73500  7.71465995E-02 -1.88409830E-02  1.41420234E-01  1.62192056E-01  0.00000000E+00
   73600  8.27588924E-02 -1.86022429E-02  1.52917379E-01  1.74867957E-01  0.00000000E+00
   73700  6.57775875E-02  1.99985496E-02  1.35382647E-01  1.51839040E-01  0.00000000E+00
   73800  8.57937430E-02  6.00273916E-02  1.23508354E-01  1.61920251E-01  0.00000000E+00
   73900  1.07568667E-01  4.43254574E-02  8.74851080E-02  1.45565822E-01  0.00000000E+00
   74000  1.05292360E-01  7.65665579E-02  9.42007797E-02  1.60694448E-01  0.00000000E+00
   74100  1.14570515E-01  4.59822509E-02  9.26195786E-02  1.54334561E-01  0.00000000E+00
   74200  1.09119481E-01  5.82662524E-02  5.30118651E-02  1.34581853E-01  0.00000000E+00
   74300  1.01197939E-01  6.46488641E-02  7.90392704E-02  1.43762668E-01  0.00000000E+00
   74400  9.94351825E-02  3.12642704E-02  9.73932407E-02  1.42654315E-01  0.00000000E+00
   74500  9.45180111E-02 -2.97393596E-03  7.59261772E-02  1.21273588E-01  0.00000000E+00
   74600  1.20377669E-01 -1.40243618E-04  9.43571031E-02  1.52951188E-01  0.00000000E+00
   74700  1.10926613E-01 -6.21722745E-04  1.25572662E-01  1.67551763E-01  0.00000000E+00
   74800  8.81047465E-02  3.55997468E-02  1.02479904E-01  1.39756642E-01  0.00000000E+00
   74900  1.07140113E-01  5.19575415E-02  1.03027303E-01  1.57458613E-01  0.00000000E+00
   75000  8.47243565E-02  3.61831177E-02  1.31082078E-01  1.60218431E-01  0.00000000E+00
   75100  1.02029449E-01  2.81116654E-02  1.04148983E-01  1.48483281E-01  0.00000000E+00
   75200  7.87685379E-02  5.85279860E-02  1.11999250E-01  1.48908830E-01  0.00000000E+00
   75300  4.60392318E-02  6.75875743E-02  1.15384551E-01  1.41425902E-01  0.00000000E+00
   75400  5.61524582E-02  7.76904284E-02  1.37548491E-01  1.67655864E-01  0.00000000E+00
   75500  7.10578118E-02  4.46802943E-02  1.15929761E-01  1.43126695E-01  0.00000000E+00
   75600  4.45837787E-02  3.99208355E-02  1.32857958E-01  1.45714184E-01  0.00000000E+00
   75700  2.25007635E-02  4.24663952E-02  1.49353463E-01  1.56895302E-01  0.00000000E+00
   75800  9.12235855E-03 -3.82571793E-03  1.54110150E-01  1.54427303E-01  0.00000000E+00
   75900  1.57271938E-03  2.20102457E-03  1.61530243E-01  1.61552893E-01  0.00000000E+00
   76000 -1.09018003E-03  1.79785172E-02  1.65632070E-01  1.66608518E-01  0.00000000E+00
   76100  1.45137978E-02  1.48977808E-02  1.64327282E-01  1.65638310E-01  0.00000000E+00
   76200  6.27901097E-03 -2.87350136E-02  1.59806867E-01  1.62491113E-01  0.00000000E+00
   76300  1.88943300E-02 -4.44528645E-02  1.51316822E-01  1.58839018E-01  0.00000000E+00
   76400  4.89816869E-02 -1.15539286E-02  1.40411962E-01  1.49158365E-01  0.00000000E+00
   76500  4.01513035E-02  2.38406318E-02  1.66275811E-01  1.72708275E-01  0.00000000E+00
   76600  5.31358726E-02 -1.68755982E-02  1.60582680E-01  1.69985305E-01  0.00000000E+00
   76700  5.23933938E-02  1.40959162E-02  1.64899451E-01  1.73596058E-01  0.00000000E+00
   76800  5.56704455E-02  3.78604078E-02  1.60392309E-01  1.73949135E-01  0.00000000E+00
   76900  4.81448020E-02  2.69673039E-02  1.53032172E-01  1.62677605E-01  0.00000000E+00
   77000  6.19084810E-02  3.58846886E-02  1.64242855E-01  1.79153806E-01  0.00000000E+00
   77100  6.16292765E-02  4.32143699E-02  1.59743407E-01  1.76588804E-01  0.00000000E+00
   77200  2.81282446E-02  2.23515225E-02  1.38101939E-01  1.42698753E-01  0.00000000E+00
   77300 -7.61178127E-03  4.13017194E-02  1.54056643E-01  1.59678491E-01  0.00000000E+00
   77400 -2.26135847E-02  5.28695599E-02  1.44642661E-01  1.55653667E-01  0.00000000E+00
   77500 -3.61893446E-02  5.78119028E-02  1.52533317E-01  1.67087694E-01  0.00000000E+00
   77600 -2.62624049E-02  6.41304648E-02  1.61238671E-01  1.75500254E-01  0.00000000E+00
   77700  2.26061114E-03  1.00401640E-01  1.25437461E-01  1.60686515E-01  0.00000000E+00
   77800  2.18969444E-02  8.02821754E-02  1.37505378E-01  1.60724711E-01  0.00000000E+00
   77900 -1.63513412E-02  5.45805144E-02  9.55996831E-02  1.11291052E-01  0.00000000E+00
   78000  4.48446181E-03  5.35330982E-02  1.46208277E-01  1.55765090E-01  0.00000000E+00
   78100  1.73347845E-02  1.99358616E-02  1.59186693E-01  1.61363987E-01  0.00000000E+00
   78200  1.75193491E-02 -1.18384611E-03  1.61820805E-01  1.62770704E-01  0.00000000E+00
   78300  2.73071743E-02 -2.26633412E-03  1.44047222E-01  1.46630216E-01  0.00000000E+00
   78400  2.47179470E-02  9.50722227E-03  1.46931996E-01  1.49299617E-01  0.00000000E+00
   78500  1.41734857E-02 -1.75851117E-02  1.24854626E-01  1.26881053E-01  0.00000000E+00
   78600  1.86313860E-02  9.63591318E-04  1.27332259E-01  1.28691730E-01  0.00000000E+00
   78700  4.26735451E-02  1.98955950E-02  1.39100671E-01  1.46853202E-01  0.00000000E+00
   78800  2.76603227E-02 -1.51694029E-02  1.27269952E-01  1.31121489E-01  0.00000000E+00
   78900  4.42553145E-02 -2.93456030E-02  1.36353635E-01  1.46328436E-01  0.00000000E+00
   79000  5.08302869E-02 -2.38869606E-02  1.85349450E-01  1.93671690E-01  0.00000000E+00
   79100  6.72327254E-02 -1.86523179E-02  1.42962716E-01  1.59080126E-01  0.00000000E+00
   79200  4.62649825E-02  1.44230131E-03  1.39055268E-01  1.46556803E-01  0.00000000E+00
   79300  2.36822574E-02  1.87585842E-02  1.53854531E-01  1.56792699E-01  0.00000000E+00
   79400  3.99013042E-02  3.01960554E-04  1.63790203E-01  1.68580651E-01  0.00000000E+00
   79500  5.60075721E-02  2.14519191E-02  1.39969192E-01  1.52277404E-01  0.00000000E+00
   79600  5.23475909E-02  5.88091411E-02  1.72750459E-01  1.89846007E-01  0.00000000E+00
   79700  4.78580477E-02  6.21611799E-02  1.68186166E-01  1.85582842E-01  0.00000000E+00
   79800  1.30237682E-02  5.06913427E-02  1.71251497E-01  1.79070673E-01  0.00000000E+00
   79900  1.57083161E-02  5.61645247E-02  1.59899712E-01  1.70203182E-01  0.00000000E+00
   80000  2.94640727E-02  9.74454439E-02  1.06995395E-01  1.47688052E-01  0.00000000E+00
   80100  2.41971049E-02  1.07301906E-01  1.23380870E-01  1.65293793E-01  0.00000000E+00
   80200 -2.62861762E-02  1.09288771E-01  1.19456227E-01  1.64026792E-01  0.00000000E+00
   80300 -3.95424557E-02  1.16622129E-01  7.58551960E-02  1.44631731E-01  0.00000000E+00
   80400 -3.36021407E-02  1.17386555E-01  7.24515636E-02  1.41978647E-01  0.00000000E+00
   80500 -5.35842712E-02  1.21090293E-01  8.23371447E-02  1.55927992E-01  0.00000000E+00
   80600 -4.54597973E-02  1.17624993E-01  7.73151044E-02  1.47918415E-01  0.00000000E+00
   80700 -6.81815456E-02  1.28668972E-01  6.16751016E-02  1.58139956E-01  0.00000000E+00
   80800 -8.09145153E-02  1.36156122E-01  5.40834508E-02  1.67363879E-01  0.00000000E+00
   80900 -1.02153514E-01  1.19710015E-01  5.08207103E-02  1.65374039E-01  0.00000000E+00
   81000 -1.12915056E-01  1.19626542E-01  2.17546158E-02  1.65932464E-01  0.00000000E+00
   81100 -1.42282247E-01  9.38009117E-02  3.43869480E-03  1.70454315E-01  0.00000000E+00
   81200 -1.24963309E-01  1.00272871E-01  2.90897213E-03  1.60246495E-01  0.00000000E+00
   81300 -1.35550427E-01  8.00967139E-02  2.08802401E-02  1.58825017E-01  0.00000000E+00
   81400 -1.10006076E-01  9.09191813E-02  9.94245054E-04  1.42718684E-01  0.00000000E+00
   81500 -1.37825065E-01  7.60174710E-02 -3.02909878E-02  1.60287081E-01  0.00000000E+00
   81600 -1.50206893E-01  8.14005210E-02 -4.57396167E-03  1.70906631E-01  0.00000000E+00
   81700 -1.46190082E-01  7.58807804E-02  5.35619950E-04  1.64711019E-01  0.00000000E+00
   81800 -1.47845710E-01  7.90468449E-02  2.36611963E-02  1.69312167E-01  0.00000000E+00
   81900 -1.20405385E-01  7.41391125E-02  3.47631120E-02  1.45610915E-01  0.00000000E+00
   82000 -1.22427058E-01  1.09665006E-01  2.75802285E-02  1.66659734E-01  0.00000000E+00
   82100 -1.02769928E-01  1.24181718E-01  5.98560699E-03  1.61302773E-01  0.00000000E+00
   82200 -7.00078756E-02  1.15379149E-01  3.02102256E-02  1.38297174E-01  0.00000000E+00
   82300 -1.04989986E-01  1.17558890E-01 -1.46233488E-02  1.58293500E-01  0.00000000E+00
   82400 -1.30282590E-01  1.28059543E-01  5.23658682E-03  1.82757276E-01  0.00000000E+00
   82500 -1.04461638E-01  1.44726108E-01  2.53781993E-02  1.80282925E-01  0.00000000E+00
   82600 -7.03329258E-02  1.38040704E-01 -1.21881002E-03  1.54930442E-01  0.00000000E+00
   82700 -7.89555700E-02  1.51546188E-01  2.74939159E-02  1.73078434E-01  0.00000000E+00
   82800 -6.88927778E-02  1.23971562E-01  3.58105224E-02  1.46279037E-01  0.00000000E+00
   82900 -9.51625420E-02  1.29137115E-01  4.64731679E-02  1.67009159E-01  0.00000000E+00
   83000 -6.42320228E-02  1.10355025E-01  8.19526907E-02  1.51724183E-01  0.00000000E+00
   83100 -7.26353691E-02  9.19425822E-02  2.55305025E-02  1.19921399E-01  0.00000000E+00
   83200 -1.04235207E-01  6.44811322E-02  3.69908981E-02  1.28027815E-01  0.00000000E+00
   83300 -9.95515669E-02  8.60804994E-02  8.84791424E-02  1.58584127E-01  0.00000000E+00
   83400 -9.38474424E-02  1.11170856E-01  9.47554234E-02  1.73622844E-01  0.00000000E+00
   83500 -8.98851980E-02  8.40686918E-02  7.51599091E-02  1.44207856E-01  0.00000000E+00
   83600 -7.18815781E-02  5.80753728E-02  1.01444252E-01  1.37224803E-01  0.00000000E+00
   83700 -7.02972588E-02  3.52478728E-02  1.28280589E-01  1.50466031E-01  0.00000000E+00
   83800 -4.61229082E-02 -3.82053182E-03  1.29560069E-01  1.37578089E-01  0.00000000E+00
   83900 -3.83006513E-02  4.03091759E-03  1.35803530E-01  1.41158730E-01  0.00000000E+00
   84000 -4.14893546E-02  1.11664612E-03  1.59993383E-01  1.65289128E-01  0.00000000E+00
   84100  2.53258514E-02 -3.41780757E-02  1.76101056E-01  1.81166006E-01  0.00000000E+00
   84200  1.97282031E-02 -5.23361830E-02  1.42939897E-01  1.53492971E-01  0.00000000E+00
   84300  1.29165340E-02 -5.28777517E-02  1.41945270E-01  1.52024186E-01  0.00000000E+00
   84400 -4.57990016E-03 -4.74372561E-02  1.65513004E-01  1.72237694E-01  0.00000000E+00
   84500  6.54723478E-02 -4.78350261E-02  1.35983609E-01  1.58323593E-01  0.00000000E+00
   84600  9.55866447E-02 -3.80060479E-02  1.12362845E-01  1.52337373E-01  0.00000000E+00
   84700  7.60599480E-02 -5.94511413E-02  6.94535494E-02  1.18925815E-01  0.00000000E+00
   84800  6.71052683E-02 -7.68539217E-02  4.13276167E-02  1.10080035E-01  0.00000000E+00
   84900  2.73387118E-02 -9.45962311E-02  4.02458275E-02  1.06374709E-01  0.00000000E+00
   85000  4.47820506E-02 -1.35193764E-01 -4.49013686E-03  1.42488410E-01  0.00000000E+00
   85100 -7.99317959E-03 -1.50493985E-01 -2.98757552E-02  1.53638833E-01  0.00000000E+00
   85200 -2.84069393E-02 -1.54628695E-01 -2.45300010E-02  1.59118536E-01  0.00000000E+00
   85300 -4.54131249E-02 -1.56011222E-01  3.59574620E-03  1.62526252E-01  0.00000000E+00
   85400 -5.65401160E-02 -1.30126278E-01 -1.28245147E-02  1.42457366E-01  0.00000000E+00
   85500 -8.07500000E-02 -1.55895355E-01 -1.19143900E-02  1.75971239E-01  0.00000000E+00
   85600 -1.00742208E-01 -1.46677751E-01 -2.36626658E-02  1.79508431E-01  0.00000000E+00
   85700 -8.14517994E-02 -1.57277582E-01 -3.14611258E-02  1.79890066E-01  0.00000000E+00
   85800 -6.78392037E-02 -1.52396415E-01 -1.59233654E-02  1.67572010E-01  0.00000000E+00
   85900  8.12475429E-03 -1.40907773E-01 -4.63953503E-02  1.48571668E-01  0.00000000E+00
   86000  3.22934038E-02 -1.45798514E-01 -1.76034988E-02  1.50366066E-01  0.00000000E+00
   86100  5.97522647E-02 -1.37030565E-01 -1.48413170E-02  1.50226408E-01  0.00000000E+00
   86200  8.37282725E-02 -1.36619418E-01 -5.48119345E-02  1.69350633E-01  0.00000000E+00
   86300  7.06545787E-02 -1.22421665E-01 -8.15286371E-02  1.63174913E-01  0.00000000E+00
   86400  3.56979109E-02 -1.13458894E-01 -7.17939620E-02  1.38930322E-01  0.00000000E+00
   86500  5.04046435E-02 -1.36714251E-01 -4.05998848E-02  1.51260587E-01  0.00000000E+00
   86600  4.79852045E-02 -1.43470129E-01 -5.83294991E-02  1.62137559E-01  0.00000000E+00
   86700  7.62684342E-02 -1.61467248E-01 -1.51558781E-02  1.79215643E-01  0.00000000E+00
   86800  6.17250026E-02 -1.31069600E-01 -6.32363081E-02  1.58076078E-01  0.00000000E+00
   86900  4.71827514E-02 -1.09275770E-01 -1.14220791E-01  1.64966042E-01  0.00000000E+00
   87000  2.03285894E-02 -1.10634149E-01 -1.30520111E-01  1.72303993E-01  0.00000000E+00
   87100 -5.43588393E-03 -1.18768439E-01 -1.12530871E-01  1.63703048E-01  0.00000000E+00
   87200 -6.74482402E-02 -1.00695758E-01 -9.98351133E-02  1.57022134E-01  0.00000000E+00
   87300 -8.02732721E-02 -9.01267827E-02 -1.04615194E-01  1.59721551E-01  0.00000000E+00
   87400 -2.19252366E-02 -9.30455722E-02 -1.13948271E-01  1.48736018E-01  0.00000000E+00
   87500  3.33289045E-05 -1.10174330E-01 -1.17652984E-01  1.61185014E-01  0.00000000E+00
   87600  4.86902922E-02 -9.52610968E-02 -1.04613998E-01  1.49631245E-01  0.00000000E+00
   87700  2.29541823E-02 -8.80881816E-02 -1.09930228E-01  1.42727282E-01  0.00000000E+00
   87800  4.92779757E-02 -1.11469440E-01 -1.06634417E-01  1.61940279E-01  0.00000000E+00
   87900  4.66449662E-02 -1.12093657E-01 -1.04145899E-01  1.59959711E-01  0.00000000E+00
   88000  6.27976406E-02 -1.21087072E-01 -7.79353498E-02  1.57097236E-01  0.00000000E+00
   88100  3.14203987E-02 -1.36240148E-01 -1.01686432E-01  1.72883631E-01  0.00000000E+00
   88200  7.36319348E-03 -1.53171264E-01 -8.54175651E-02  1.75532940E-01  0.00000000E+00
   88300 -2.06831459E-04 -1.24738581E-01 -8.01101010E-02  1.48247714E-01  0.00000000E+00
   88400  3.91272652E-02 -1.50432187E-01 -7.11255406E-02  1.70937498E-01  0.00000000E+00
   88500  5.01473161E-02 -9.32706071E-02 -9.14193104E-02  1.39898713E-01  0.00000000E+00
   88600  7.38928187E-02 -9.35197025E-02 -8.36489675E-02  1.45613300E-01  0.00000000E+00
   88700  5.88739284E-02 -7.70684620E-02 -1.35348320E-01  1.66507823E-01  0.00000000E+00
   88800  6.61354538E-02 -8.51723254E-02 -1.29760482E-01  1.68718718E-01  0.00000000E+00
   88900  4.61577260E-02 -9.27602376E-02 -1.16642092E-01  1.56014022E-01  0.00000000E+00
   89000 -3.32109444E-02 -8.94022398E-02 -8.56595367E-02  1.28192369E-01  0.00000000E+00
   89100 -3.97930884E-02 -7.15253947E-02 -5.85864528E-02  1.00656567E-01  0.00000000E+00
   89200 -3.00070123E-02 -1.07540359E-01 -4.21293860E-02  1.19332455E-01  0.00000000E+00
   89300 -2.84408233E-02 -9.84209609E-02 -3.30036851E-02  1.07632752E-01  0.00000000E+00
   89400 -1.14752825E-02 -1.34172001E-01 -4.28476061E-02  1.41314279E-01  0.00000000E+00
   89500 -2.86421536E-02 -1.52558912E-01 -4.61246173E-02  1.61932316E-01  0.00000000E+00
   89600 -2.45409163E-02 -1.42341077E-01 -4.80991012E-02  1.52239162E-01  0.00000000E+00
   89700 -1.66133128E-02 -1.35404107E-01 -5.77737904E-02  1.48148862E-01  0.00000000E+00
   89800 -1.06206016E-03 -1.21700329E-01 -4.19906526E-02  1.28745147E-01  0.00000000E+00
   89900  1.23133429E-02 -1.42598893E-01 -6.71898873E-02  1.58115602E-01  0.00000000E+00
   90000  3.35755429E-02 -1.33843952E-01 -4.30353556E-02  1.44546056E-01  0.00000000E+00
   90100 -3.77693838E-03 -1.41528664E-01 -5.10301815E-02  1.50494875E-01  0.00000000E+00
   90200 -1.18393989E-03 -1.15305011E-01 -5.75966045E-02  1.28895369E-01  0.00000000E+00
   90300  2.16653215E-02 -7.20699570E-02 -8.90468825E-02  1.16588216E-01  0.00000000E+00
   90400 -2.02300625E-03 -7.96640312E-02 -8.19414380E-02  1.14301573E-01  0.00000000E+00
   90500  7.85507758E-03 -5.54055614E-02 -7.14417420E-02  9.07491101E-02  0.00000000E+00
   90600  1.82818541E-02 -6.52134068E-02 -7.25167470E-02  9.92254666E-02  0.00000000E+00
   90700  6.00835667E-03 -9.65344191E-02  3.25824179E-03  9.67760847E-02  0.00000000E+00
   90800  6.83916649E-02 -1.08550062E-01  2.40615876E-02  1.30535419E-01  0.00000000E+00
   90900  9.92364935E-02 -1.10261635E-01  1.72550280E-02  1.49342712E-01  0.00000000E+00
   91000  1.29879395E-01 -1.06311875E-01 -1.67433075E-02  1.68674866E-01  0.00000000E+00
   91100  1.29794412E-01 -9.25904161E-02  1.18918342E-02  1.59878048E-01  0.00000000E+00
   91200  1.19349720E-01 -8.19982285E-02  1.07088796E-02  1.45198985E-01  0.00000000E+00
   91300  1.38216155E-01 -6.96241995E-02  2.58310671E-02  1.56902769E-01  0.00000000E+00
   91400  1.09807656E-01 -9.24570541E-02  4.45816489E-02  1.50311515E-01  0.00000000E+00
   91500  1.18749077E-01 -9.86899587E-02  6.08227077E-03  1.54525225E-01  0.00000000E+00
   91600  1.11488556E-01 -7.18665262E-02 -3.35431547E-02  1.36819731E-01  0.00000000E+00
   91700  1.29730913E-01 -9.76599564E-02 -2.52376919E-02  1.64330515E-01  0.00000000E+00
   91800  1.23979771E-01 -6.35533720E-02 -2.06974728E-02  1.40848855E-01  0.00000000E+00
   91900  1.22820024E-01 -1.04545103E-01 -2.96664156E-02  1.63995528E-01  0.00000000E+00
   92000  1.28118019E-01 -8.75777865E-02  4.56630384E-02  1.61768998E-01  0.00000000E+00
   92100  8.13653194E-02 -8.38342138E-02  2.74976775E-02  1.20019219E-01  0.00000000E+00
   92200  5.54628159E-02 -7.71092469E-02 -1.02440417E-02  9.55348119E-02  0.00000000E+00
   92300  7.97425044E-02 -1.07788223E-01 -8.81760005E-03  1.34368590E-01  0.00000000E+00
   92400  7.42183345E-02 -1.34311882E-01 -6.18405018E-02  1.65445732E-01  0.00000000E+00
   92500  6.31409042E-02 -1.38139336E-01 -7.96975062E-02  1.71525340E-01  0.00000000E+00
   92600  5.28068140E-02 -1.39823089E-01 -6.21869523E-02  1.61883517E-01  0.00000000E+00
   92700  6.31058939E-02 -1.28562580E-01 -6.42698778E-02  1.56975501E-01  0.00000000E+00
   92800  7.37954227E-02 -1.40182175E-01 -7.39369619E-02  1.74824143E-01  0.00000000E+00
   92900  8.33092893E-02 -1.32788459E-01 -8.98707820E-02  1.80693027E-01  0.00000000E+00
   93000  7.81004179E-02 -1.27490205E-01 -1.04647248E-01  1.82495135E-01  0.00000000E+00
   93100  1.01841324E-01 -1.14477712E-01 -8.16741340E-02  1.73630257E-01  0.00000000E+00
   93200  8.91481116E-02 -1.39581192E-01 -9.71274572E-02  1.92000099E-01  0.00000000E+00
   93300  7.48836832E-02 -1.12715812E-01 -1.18928554E-01  1.80156658E-01  0.00000000E+00
   93400  1.10927845E-01 -1.02488444E-01 -1.14374486E-01  1.89447594E-01  0.00000000E+00
   93500  9.55496501E-02 -1.51351896E-01 -5.94566561E-02  1.88606007E-01  0.00000000E+00
   93600  8.61352052E-02 -1.29728493E-01 -5.84430364E-02  1.66326017E-01  0.00000000E+00
   93700  1.20385617E-01 -1.30949165E-01 -1.91961824E-02  1.78910240E-01  0.00000000E+00
   93800  1.06501347E-01 -1.02056775E-01 -3.32822400E-02  1.51214516E-01  0.00000000E+00
   93900  1.01543027E-01 -1.09813546E-01 -1.25123342E-02  1.50088506E-01  0.00000000E+00
   94000  8.71381341E-02 -6.28644674E-02  1.28002986E-02  1.08207409E-01  0.00000000E+00
   94100  1.03200561E-01 -6.71466150E-02 -6.85107432E-03  1.23312453E-01  0.00000000E+00
   94200  1.31699806E-01 -7.53173265E-02  1.09776772E-02  1.52111959E-01  0.00000000E+00
   94300  1.13493593E-01 -8.40864597E-02  2.11304173E-02  1.42820947E-01  0.00000000E+00
   94400  1.10065117E-01 -9.86646128E-02  2.96075184E-02  1.50750260E-01  0.00000000E+00
   94500  8.81131637E-02 -9.94095556E-02  5.33870191E-02  1.43165510E-01  0.00000000E+00
   94600  1.13325656E-01 -7.25384740E-02  5.48376700E-02  1.45298674E-01  0.00000000E+00
   94700  1.12650227E-01 -7.15853684E-02  2.06693281E-02  1.35062059E-01  0.00000000E+00
   94800  1.05115640E-01 -7.46815157E-02  4.02955605E-02  1.35093889E-01  0.00000000E+00
   94900  7.55136589E-02 -1.13253622E-01  3.44999462E-02  1.40424150E-01  0.00000000E+00
   95000  7.21258117E-02 -1.48362684E-01 -3.93812085E-03  1.65012507E-01  0.00000000E+00
   95100  1.41083573E-02 -1.52772478E-01  2.27175687E-02  1.55095338E-01  0.00000000E+00
   95200 -1.05971174E-02 -1.66693248E-01 -5.51748922E-03  1.67120856E-01  0.00000000E+00
   95300 -3.21149997E-02 -1.61215979E-01  2.67221381E-03  1.64405310E-01  0.00000000E+00
   95400 -6.82267431E-03 -1.31463341E-01  1.01851049E-02  1.32033690E-01  0.00000000E+00
   95500  5.58580859E-04 -1.27843653E-01 -4.57466329E-02  1.35783159E-01  0.00000000E+00
   95600 -1.13297507E-02 -1.32499011E-01 -6.10058256E-02  1.46308106E-01  0.00000000E+00
   95700  7.55278669E-03 -1.60525188E-01 -1.07595792E-02  1.61062562E-01  0.00000000E+00
   95800 -2.96654773E-03 -1.36638606E-01 -4.81489365E-03  1.36755593E-01  0.00000000E+00
   95900  1.09068697E-02 -1.56241754E-01  2.90358115E-04  1.56622252E-01  0.00000000E+00
   96000  3.09985936E-05 -1.65758262E-01 -4.27122059E-03  1.65813286E-01  0.00000000E+00
   96100 -3.63324311E-02 -1.72773841E-01  2.30046640E-02  1.78045107E-01  0.00000000E+00
   96200 -3.76423414E-02 -1.37353828E-01  4.99101942E-02  1.50910727E-01  0.00000000E+00
   96300 -4.17589317E-02 -1.37089522E-01  6.18465638E-02  1.56084409E-01  0.00000000E+00
   96400 -3.93018374E-02 -1.27299048E-01  5.37094683E-02  1.43646751E-01  0.00000000E+00
   96500 -5.40752979E-02 -1.16542059E-01  5.12930326E-02  1.38337141E-01  0.00000000E+00
   96600 -5.46128707E-02 -1.42995431E-01  5.14820022E-02  1.61495064E-01  0.00000000E+00
   96700 -4.24609133E-02 -1.44181127E-01  5.99376077E-02  1.61813607E-01  0.00000000E+00
   96800 -4.47031512E-02 -1.34988954E-01  6.09178852E-02  1.54697699E-01  0.00000000E+00
   96900 -2.40222939E-03 -1.47042482E-01  2.01937683E-02  1.48442078E-01  0.00000000E+00
   97000  1.06740027E-02 -1.46624544E-01  2.43748455E-02  1.49019544E-01  0.00000000E+00
   97100  2.66014825E-02 -1.55885455E-01  7.61002932E-03  1.58321907E-01  0.00000000E+00
   97200  1.79371274E-02 -1.55771665E-01  7.12304309E-03  1.56962703E-01  0.00000000E+00
   97300 -3.15296991E-03 -1.49279866E-01  2.10796408E-02  1.50793803E-01  0.00000000E+00
   97400 -6.16277729E-03 -1.35750616E-01  3.70849296E-02  1.40859865E-01  0.00000000E+00
   97500 -1.11417392E-02 -1.67701457E-01  3.19594537E-02  1.71082798E-01  0.00000000E+00
   97600 -8.28382953E-03 -1.78077372E-01  2.13411691E-02  1.79542802E-01  0.00000000E+00
   97700  3.78415309E-02 -1.68760708E-01  1.95951744E-02  1.74057832E-01  0.00000000E+00
   97800  1.59504437E-02 -1.67847716E-01 -2.58250301E-02  1.70570234E-01  0.00000000E+00
   97900  1.62175796E-02 -1.26030448E-01 -7.75942852E-02  1.48887733E-01  0.00000000E+00
   98000 -8.50241420E-03 -1.17392635E-01 -2.84438808E-02  1.21088299E-01  0.00000000E+00
   98100 -1.51308062E-02 -1.26078035E-01 -4.94743243E-02  1.36280303E-01  0.00000000E+00
   98200  1.82382598E-02 -1.47112782E-01 -5.51124364E-02  1.58152412E-01  0.00000000E+00
   98300  8.66207126E-03 -1.46075414E-01 -1.93794061E-02  1.47609686E-01  0.00000000E+00
   98400 -2.11530215E-02 -1.50556148E-01 -5.18612388E-02  1.60636833E-01  0.00000000E+00
   98500 -7.64072944E-03 -1.11691763E-01 -6.87066870E-02  1.31354632E-01  0.00000000E+00
   98600 -2.99997450E-02 -1.38793513E-01 -7.53329419E-02  1.60744132E-01  0.00000000E+00
   98700 -7.83587379E-03 -1.37158187E-01 -5.22435947E-02  1.46980142E-01  0.00000000E+00
   98800 -4.15836149E-02 -1.50248119E-01 -3.86457703E-02  1.60615037E-01  0.00000000E+00
   98900 -6.96409319E-02 -1.12729280E-01  1.39485927E-03  1.32513002E-01  0.00000000E+00
   99000 -7.49486433E-02 -1.15866837E-01  2.20069441E-02  1.39738072E-01  0.00000000E+00
   99100 -9.26554159E-02 -1.18329993E-01  2.58730251E-02  1.52500580E-01  0.00000000E+00
   99200 -1.00998919E-01 -1.48996665E-01  3.59422712E-02  1.83555536E-01  0.00000000E+00
   99300 -1.29897462E-01 -8.94978357E-02  2.93288456E-02  1.60447482E-01  0.00000000E+00
   99400 -1.28863183E-01 -7.01522820E-02  2.56433791E-02  1.48945109E-01  0.00000000E+00
   99500 -1.23154064E-01 -7.59347463E-02  3.29378762E-02  1.48384342E-01  0.00000000E+00
   99600 -1.40422671E-01 -6.21995149E-02  3.10424826E-02  1.56687402E-01  0.00000000E+00
   99700 -1.33134133E-01 -5.86406405E-02  1.87778115E-02  1.46683429E-01  0.00000000E+00
   99800 -8.87884132E-02 -2.85331992E-02  6.49227901E-02  1.13633157E-01  0.00000000E+00
   99900 -9.39019005E-02 -4.12042126E-02  5.87249620E-02  1.18169265E-01  0.00000000E+00
