   #Iter             <M>           <M^2>           <M^4>      U_{Binder}            \chi        C_v(tot)             <E>       <E_{exc}>       <E_{lsf}>
       1  1.16850467E-01  1.36540316E-02  1.86432578E-04  6.66666667E-01 -1.73192343E-18 -4.04758255E-13 -4.13612043E-01 -4.11020850E-01  0.00000000E+00
      11  1.36701982E-01  1.88806704E-02  3.69942410E-04  6.54078110E-01  2.42613376E-02  4.59137052E+00 -4.18501809E-01 -4.16157977E-01  0.00000000E+00
      21  1.49267869E-01  2.24258444E-02  5.14368788E-04  6.59077439E-01  1.81983686E-02  2.24821298E+00 -4.21869777E-01 -4.19542191E-01  0.00000000E+00
      31  1.62855088E-01  2.68910121E-02  7.63435284E-04  6.48085891E-01  4.63575855E-02  5.17627387E+00 -4.30183833E-01 -4.27813675E-01  0.00000000E+00
      41  1.59312988E-01  2.56996677E-02  6.94576669E-04  6.49454883E-01  4.00558082E-02  4.75516497E+00 -4.27578006E-01 -4.25226643E-01  0.00000000E+00
      51  1.63687346E-01  2.70731592E-02  7.62817374E-04  6.53086302E-01  3.51056119E-02  4.12585803E+00 -4.28916906E-01 -4.26524117E-01  0.00000000E+00
      61  1.62145134E-01  2.65398306E-02  7.30812950E-04  6.54149278E-01  3.12354192E-02  3.71023966E+00 -4.28202480E-01 -4.25840260E-01  0.00000000E+00
      71  1.62419939E-01  2.66025605E-02  7.31282134E-04  6.55557424E-01  2.79130435E-02  3.52275853E+00 -4.27650451E-01 -4.25288651E-01  0.00000000E+00
      81  1.64633240E-01  2.73085479E-02  7.67612976E-04  6.56897536E-01  2.56682131E-02  3.63362148E+00 -4.29927729E-01 -4.27546452E-01  0.00000000E+00
      91  1.64940130E-01  2.73821415E-02  7.68774072E-04  6.58223144E-01  2.22093870E-02  3.27456541E+00 -4.30042352E-01 -4.27663953E-01  0.00000000E+00
     101  1.63650409E-01  2.69690574E-02  7.47133402E-04  6.57590850E-01  2.35535608E-02  3.40770844E+00 -4.28992566E-01 -4.26612754E-01  0.00000000E+00
     111  1.59702914E-01  2.57932926E-02  6.93430887E-04  6.52569167E-01  3.61929033E-02  4.17003452E+00 -4.27347309E-01 -4.24986349E-01  0.00000000E+00
     121  1.57611512E-01  2.51369578E-02  6.60399677E-04  6.51614425E-01  3.71090585E-02  3.96808514E+00 -4.26292515E-01 -4.23922692E-01  0.00000000E+00
     131  1.57255125E-01  2.50283553E-02  6.55590472E-04  6.51143552E-01  3.75625541E-02  4.07907438E+00 -4.26345308E-01 -4.23966109E-01  0.00000000E+00
     141  1.55429152E-01  2.44565657E-02  6.27034399E-04  6.50554728E-01  3.74575321E-02  4.13102576E+00 -4.25617372E-01 -4.23217839E-01  0.00000000E+00
     151  1.54412622E-01  2.41526208E-02  6.12763152E-04  6.49859087E-01  3.88408958E-02  4.40442863E+00 -4.25121674E-01 -4.22713566E-01  0.00000000E+00
     161  1.54515026E-01  2.41592150E-02  6.10660684E-04  6.51250921E-01  3.56969481E-02  4.07459397E+00 -4.25460933E-01 -4.23069197E-01  0.00000000E+00
     171  1.52458342E-01  2.35512564E-02  5.83135010E-04  6.49555134E-01  3.86334137E-02  3.81132113E+00 -4.25020288E-01 -4.22644957E-01  0.00000000E+00
     181  1.51441025E-01  2.32354831E-02  5.67634068E-04  6.49535701E-01  3.78033456E-02  3.97160051E+00 -4.23719862E-01 -4.21330359E-01  0.00000000E+00
     191  1.53472380E-01  2.38781040E-02  6.00749829E-04  6.48785269E-01  4.07203661E-02  3.99966303E+00 -4.24656610E-01 -4.22290455E-01  0.00000000E+00
     201  1.54065498E-01  2.40570328E-02  6.09212765E-04  6.49115957E-01  4.02837664E-02  3.92717486E+00 -4.24946699E-01 -4.22569856E-01  0.00000000E+00
     211  1.49645406E-01  2.29542852E-02  5.70485158E-04  6.39092798E-01  7.03761834E-02  4.40718207E+00 -4.23751822E-01 -4.21379555E-01  0.00000000E+00
     221  1.47731041E-01  2.24482847E-02  5.50251617E-04  6.36023159E-01  7.83218953E-02  4.41685040E+00 -4.23467862E-01 -4.21085593E-01  0.00000000E+00
     231  1.47037178E-01  2.22045380E-02  5.36755163E-04  6.37112931E-01  7.33980349E-02  4.17230047E+00 -4.23506912E-01 -4.21129747E-01  0.00000000E+00
     241  1.46883112E-01  2.21193961E-02  5.30163768E-04  6.38804562E-01  6.83937380E-02  4.13661362E+00 -4.22868440E-01 -4.20483177E-01  0.00000000E+00
     251  1.46045666E-01  2.18507912E-02  5.16898559E-04  6.39130869E-01  6.54692878E-02  3.99671584E+00 -4.22620420E-01 -4.20224710E-01  0.00000000E+00
     261  1.45183207E-01  2.15797514E-02  5.03731980E-04  6.39433485E-01  6.29749744E-02  3.92074477E+00 -4.22384398E-01 -4.19974407E-01  0.00000000E+00
     271  1.46017127E-01  2.18066844E-02  5.12580323E-04  6.40696541E-01  6.09780935E-02  3.76033230E+00 -4.22473377E-01 -4.20056128E-01  0.00000000E+00
     281  1.46541835E-01  2.19379317E-02  5.16736710E-04  6.42104119E-01  5.81832464E-02  3.59572008E+00 -4.22715604E-01 -4.20293598E-01  0.00000000E+00
     291  1.46969008E-01  2.20395260E-02  5.19409212E-04  6.43562085E-01  5.51969080E-02  3.56066352E+00 -4.22859910E-01 -4.20439529E-01  0.00000000E+00
     301  1.47837589E-01  2.22834210E-02  5.29451752E-04  6.44580375E-01  5.36691681E-02  3.48454331E+00 -4.23038703E-01 -4.20617985E-01  0.00000000E+00
     311  1.48924593E-01  2.26059638E-02  5.44437279E-04  6.44875574E-01  5.36642825E-02  3.56136439E+00 -4.23537922E-01 -4.21132596E-01  0.00000000E+00
     321  1.49311903E-01  2.27039593E-02  5.47584877E-04  6.45899132E-01  5.14653129E-02  3.48742150E+00 -4.23652066E-01 -4.21243748E-01  0.00000000E+00
     331  1.50035763E-01  2.29151442E-02  5.57098134E-04  6.46356843E-01  5.07746755E-02  3.41741166E+00 -4.23968121E-01 -4.21565640E-01  0.00000000E+00
     341  1.50161303E-01  2.29342191E-02  5.56547087E-04  6.47294083E-01  4.84379451E-02  3.35189323E+00 -4.23926002E-01 -4.21518336E-01  0.00000000E+00
     351  1.49354415E-01  2.26835761E-02  5.44586208E-04  6.47205069E-01  4.73120987E-02  3.27037582E+00 -4.23654706E-01 -4.21241007E-01  0.00000000E+00
     361  1.49725115E-01  2.27876014E-02  5.48980541E-04  6.47597916E-01  4.64528598E-02  3.28187730E+00 -4.23499634E-01 -4.21080493E-01  0.00000000E+00
     371  1.50480431E-01  2.30113350E-02  5.59229756E-04  6.47965372E-01  4.60741681E-02  3.54023167E+00 -4.24218413E-01 -4.21804323E-01  0.00000000E+00
     381  1.51338132E-01  2.32708379E-02  5.71638626E-04  6.48134838E-01  4.61536125E-02  3.66599502E+00 -4.24713569E-01 -4.22296651E-01  0.00000000E+00
     391  1.51721269E-01  2.33781590E-02  5.76040419E-04  6.48673358E-01  4.50497330E-02  3.62440042E+00 -4.24676099E-01 -4.22266097E-01  0.00000000E+00
     401  1.52355961E-01  2.35764179E-02  5.86295429E-04  6.48407492E-01  4.57105760E-02  3.65219894E+00 -4.25080615E-01 -4.22668464E-01  0.00000000E+00
     411  1.52380623E-01  2.35703688E-02  5.84909829E-04  6.49058353E-01  4.40075356E-02  3.59859729E+00 -4.25058934E-01 -4.22642933E-01  0.00000000E+00
     421  1.52181682E-01  2.35126484E-02  5.82473219E-04  6.48802344E-01  4.43678059E-02  3.50918122E+00 -4.24961676E-01 -4.22543854E-01  0.00000000E+00
     431  1.51213933E-01  2.32496409E-02  5.72095736E-04  6.47211064E-01  4.82100726E-02  3.83784267E+00 -4.24571726E-01 -4.22148528E-01  0.00000000E+00
     441  1.51540264E-01  2.33358672E-02  5.75094062E-04  6.47978054E-01  4.66316867E-02  3.77075592E+00 -4.24660116E-01 -4.22243916E-01  0.00000000E+00
     451  1.51957904E-01  2.34533020E-02  5.79880516E-04  6.48593920E-01  4.54617887E-02  3.63953340E+00 -4.24836435E-01 -4.22419211E-01  0.00000000E+00
     461  1.51844333E-01  2.34130075E-02  5.77624580E-04  6.48755120E-01  4.47346722E-02  3.60311355E+00 -4.24626291E-01 -4.22205495E-01  0.00000000E+00
     471  1.52224879E-01  2.35240770E-02  5.82649989E-04  6.49037024E-01  4.41517387E-02  3.57342531E+00 -4.24875448E-01 -4.22452755E-01  0.00000000E+00
     481  1.52721252E-01  2.36727400E-02  5.89638495E-04  6.49274360E-01  4.38122671E-02  3.57872339E+00 -4.25113310E-01 -4.22694728E-01  0.00000000E+00
     491  1.52724435E-01  2.36625479E-02  5.88254370E-04  6.49796167E-01  4.24105715E-02  3.52592834E+00 -4.25046064E-01 -4.22627797E-01  0.00000000E+00
     501  1.52482817E-01  2.35814433E-02  5.83874332E-04  6.50008608E-01  4.14863612E-02  3.50195425E+00 -4.24803781E-01 -4.22385552E-01  0.00000000E+00
     511  1.52882626E-01  2.37054839E-02  5.90170980E-04  6.49926734E-01  4.17315320E-02  3.49031930E+00 -4.24962365E-01 -4.22552096E-01  0.00000000E+00
     521  1.53651539E-01  2.39450283E-02  6.02148922E-04  6.49932374E-01  4.22144360E-02  3.55160104E+00 -4.25408989E-01 -4.23001878E-01  0.00000000E+00
     531  1.53387742E-01  2.38656740E-02  5.98496186E-04  6.49738240E-01  4.24205792E-02  3.64927173E+00 -4.25264664E-01 -4.22858456E-01  0.00000000E+00
     541  1.53114579E-01  2.37741914E-02  5.93525082E-04  6.49969159E-01  4.14466106E-02  3.68003497E+00 -4.24911003E-01 -4.22502605E-01  0.00000000E+00
     551  1.53626465E-01  2.39398718E-02  6.02649201E-04  6.49490582E-01  4.25343909E-02  3.90790675E+00 -4.25099653E-01 -4.22694175E-01  0.00000000E+00
     561  1.54200904E-01  2.41193232E-02  6.11741098E-04  6.49477282E-01  4.28637291E-02  3.83512565E+00 -4.25158595E-01 -4.22751081E-01  0.00000000E+00
     571  1.54381368E-01  2.41727857E-02  6.14226932E-04  6.49607988E-01  4.25843414E-02  3.85637968E+00 -4.25219680E-01 -4.22818085E-01  0.00000000E+00
     581  1.54620048E-01  2.42412228E-02  6.17124220E-04  6.49940160E-01  4.19169892E-02  3.79632767E+00 -4.25396802E-01 -4.22991917E-01  0.00000000E+00
     591  1.54619649E-01  2.42396665E-02  6.17081803E-04  6.49919272E-01  4.17370755E-02  3.79512745E+00 -4.25481494E-01 -4.23079701E-01  0.00000000E+00
     601  1.54938848E-01  2.43343393E-02  6.21375407E-04  6.50221036E-01  4.12175515E-02  3.75967674E+00 -4.25665533E-01 -4.23260340E-01  0.00000000E+00
     611  1.55169617E-01  2.44012520E-02  6.24299947E-04  6.50499484E-01  4.06336591E-02  3.75377032E+00 -4.25730337E-01 -4.23327573E-01  0.00000000E+00
     621  1.55074720E-01  2.43665827E-02  6.22190826E-04  6.50688327E-01  3.99772400E-02  3.71396346E+00 -4.25589488E-01 -4.23183329E-01  0.00000000E+00
     631  1.54986296E-01  2.43496996E-02  6.22108928E-04  6.50249805E-01  4.12997623E-02  3.74700745E+00 -4.25467109E-01 -4.23057558E-01  0.00000000E+00
     641  1.55558872E-01  2.45299707E-02  6.31335299E-04  6.50260441E-01  4.16086771E-02  3.84382017E+00 -4.25833089E-01 -4.23429494E-01  0.00000000E+00
     651  1.55499032E-01  2.45226087E-02  6.31792487E-04  6.49796997E-01  4.30213710E-02  3.87178435E+00 -4.25921563E-01 -4.23520946E-01  0.00000000E+00
     661  1.55414558E-01  2.45068152E-02  6.31682537E-04  6.49406497E-01  4.43359411E-02  3.96810643E+00 -4.25779451E-01 -4.23374778E-01  0.00000000E+00
     671  1.55011331E-01  2.43837295E-02  6.25818995E-04  6.49145362E-01  4.45979023E-02  3.89091032E+00 -4.25691210E-01 -4.23284154E-01  0.00000000E+00
     681  1.54714608E-01  2.42854089E-02  6.20525398E-04  6.49290552E-01  4.37921643E-02  3.83444235E+00 -4.25539589E-01 -4.23128437E-01  0.00000000E+00
     691  1.53793737E-01  2.40337336E-02  6.10325714E-04  6.47793046E-01  4.78626608E-02  4.07912857E+00 -4.25160359E-01 -4.22750276E-01  0.00000000E+00
     701  1.53609948E-01  2.39706137E-02  6.06772550E-04  6.47997001E-01  4.70311954E-02  4.04199068E+00 -4.24990058E-01 -4.22580990E-01  0.00000000E+00
     711  1.53406494E-01  2.39024440E-02  6.03046692E-04  6.48160117E-01  4.63147884E-02  4.06130087E+00 -4.25050508E-01 -4.22648054E-01  0.00000000E+00
     721  1.53254086E-01  2.38530988E-02  6.00463354E-04  6.48216359E-01  4.59874027E-02  4.02223834E+00 -4.25023394E-01 -4.22621940E-01  0.00000000E+00
     731  1.52743855E-01  2.37094472E-02  5.94437477E-04  6.47513839E-01  4.75540198E-02  4.11737857E+00 -4.24892772E-01 -4.22486892E-01  0.00000000E+00
     741  1.52637914E-01  2.36800091E-02  5.93258593E-04  6.47337685E-01  4.79199098E-02  4.11068878E+00 -4.24793165E-01 -4.22387970E-01  0.00000000E+00
     751  1.52079987E-01  2.35132682E-02  5.85685724E-04  6.46884007E-01  4.83304332E-02  4.16808542E+00 -4.24500736E-01 -4.22093162E-01  0.00000000E+00
     761  1.51991800E-01  2.34820773E-02  5.83880897E-04  6.47036348E-01  4.77810267E-02  4.19576881E+00 -4.24370287E-01 -4.21963000E-01  0.00000000E+00
     771  1.52375644E-01  2.36024525E-02  5.90139801E-04  6.46882382E-01  4.82261888E-02  4.22464284E+00 -4.24599831E-01 -4.22191400E-01  0.00000000E+00
     781  1.52638394E-01  2.36789274E-02  5.93484400E-04  6.47171223E-01  4.77657295E-02  4.22438266E+00 -4.24652182E-01 -4.22245237E-01  0.00000000E+00
     791  1.52897732E-01  2.37524663E-02  5.96491335E-04  6.47576011E-01  4.70503068E-02  4.20464723E+00 -4.24666881E-01 -4.22261332E-01  0.00000000E+00
     801  1.52930977E-01  2.37576695E-02  5.96363115E-04  6.47806086E-01  4.64270564E-02  4.18812041E+00 -4.24653289E-01 -4.22251710E-01  0.00000000E+00
     811  1.53376073E-01  2.39011682E-02  6.04148470E-04  6.47479669E-01  4.73263408E-02  4.27180410E+00 -4.24918786E-01 -4.22520211E-01  0.00000000E+00
     821  1.53575598E-01  2.39601785E-02  6.06860929E-04  6.47639008E-01  4.70458392E-02  4.33113922E+00 -4.25060544E-01 -4.22667242E-01  0.00000000E+00
     831  1.53827654E-01  2.40331533E-02  6.09992710E-04  6.47968215E-01  4.64798192E-02  4.26508921E+00 -4.25197584E-01 -4.22803289E-01  0.00000000E+00
     841  1.54481274E-01  2.42449248E-02  6.21471981E-04  6.47581566E-01  4.77673194E-02  4.39225344E+00 -4.25583998E-01 -4.23194373E-01  0.00000000E+00
     851  1.54471437E-01  2.42420931E-02  6.21383841E-04  6.47549225E-01  4.77933728E-02  4.40213257E+00 -4.25538159E-01 -4.23146721E-01  0.00000000E+00
     861  1.54428949E-01  2.42226914E-02  6.19909854E-04  6.47821780E-01  4.70052538E-02  4.36629549E+00 -4.25512781E-01 -4.23121609E-01  0.00000000E+00
     871  1.54200142E-01  2.41513456E-02  6.16392526E-04  6.47748018E-01  4.69136981E-02  4.33190225E+00 -4.25416691E-01 -4.23026865E-01  0.00000000E+00
     881  1.53471380E-01  2.39547937E-02  6.08604124E-04  6.46467970E-01  5.03873843E-02  4.43769933E+00 -4.25159471E-01 -4.22767882E-01  0.00000000E+00
     891  1.53489464E-01  2.39536429E-02  6.07973192E-04  6.46800539E-01  4.95459386E-02  4.36810688E+00 -4.25177254E-01 -4.22785865E-01  0.00000000E+00
     901  1.53385500E-01  2.39218080E-02  6.06447722E-04  6.46748420E-01  4.95546068E-02  4.41768958E+00 -4.25196880E-01 -4.22805521E-01  0.00000000E+00
     911  1.53637970E-01  2.39993841E-02  6.10315201E-04  6.46790203E-01  4.95623825E-02  4.50059425E+00 -4.25317909E-01 -4.22927182E-01  0.00000000E+00
     921  1.53538597E-01  2.39761660E-02  6.09789453E-04  6.46410647E-01  5.04797915E-02  4.55839363E+00 -4.25353336E-01 -4.22959303E-01  0.00000000E+00
     931  1.53663197E-01  2.40103580E-02  6.11125811E-04  6.46644300E-01  4.99668821E-02  4.52267676E+00 -4.25361374E-01 -4.22968044E-01  0.00000000E+00
     941  1.53471518E-01  2.39500956E-02  6.08060110E-04  6.46645394E-01  4.97922231E-02  4.46405333E+00 -4.25320363E-01 -4.22926510E-01  0.00000000E+00
     951  1.52976116E-01  2.38069299E-02  6.01831263E-04  6.46046100E-01  5.08781106E-02  4.45473642E+00 -4.25158263E-01 -4.22765363E-01  0.00000000E+00
     961  1.53175494E-01  2.38639700E-02  6.04242798E-04  6.46324611E-01  5.03759418E-02  4.43913179E+00 -4.25158782E-01 -4.22764268E-01  0.00000000E+00
     971  1.53230929E-01  2.38747428E-02  6.04238990E-04  6.46645939E-01  4.95959106E-02  4.41429042E+00 -4.25315406E-01 -4.22921455E-01  0.00000000E+00
     981  1.53110214E-01  2.38365374E-02  6.02265479E-04  6.46670109E-01  4.94420347E-02  4.38737966E+00 -4.25270725E-01 -4.22877189E-01  0.00000000E+00
     991  1.53054470E-01  2.38174441E-02  6.01169145E-04  6.46747602E-01  4.91876076E-02  4.37468517E+00 -4.25200709E-01 -4.22806264E-01  0.00000000E+00
    1001  1.53249607E-01  2.38765871E-02  6.04055797E-04  6.46807639E-01  4.91087295E-02  4.37937624E+00 -4.25243027E-01 -4.22851191E-01  0.00000000E+00
    1011  1.53197748E-01  2.38571332E-02  6.02843522E-04  6.46941368E-01  4.86615437E-02  4.35064394E+00 -4.25195022E-01 -4.22805696E-01  0.00000000E+00
    1021  1.53074913E-01  2.38190652E-02  6.00980329E-04  6.46906619E-01  4.86054286E-02  4.38285616E+00 -4.25088213E-01 -4.22698825E-01  0.00000000E+00
    1031  1.52999877E-01  2.37920643E-02  5.99358038E-04  6.47060041E-01  4.80989014E-02  4.39287416E+00 -4.24866630E-01 -4.22476821E-01  0.00000000E+00
    1041  1.52968764E-01  2.37765600E-02  5.98115899E-04  6.47332003E-01  4.73475440E-02  4.34784417E+00 -4.24801791E-01 -4.22412901E-01  0.00000000E+00
    1051  1.52859216E-01  2.37380576E-02  5.95885066E-04  6.47506682E-01  4.67198309E-02  4.35167752E+00 -4.24777371E-01 -4.22388945E-01  0.00000000E+00
    1061  1.52961124E-01  2.37640071E-02  5.96661222E-04  6.47817953E-01  4.60649507E-02  4.29445976E+00 -4.24762293E-01 -4.22373042E-01  0.00000000E+00
    1071  1.52895083E-01  2.37400746E-02  5.95218664E-04  6.47960717E-01  4.55962312E-02  4.27404295E+00 -4.24698747E-01 -4.22309569E-01  0.00000000E+00
    1081  1.52857206E-01  2.37241210E-02  5.94100964E-04  6.48149040E-01  4.50472128E-02  4.23877010E+00 -4.24687947E-01 -4.22295493E-01  0.00000000E+00
    1091  1.52896626E-01  2.37318458E-02  5.94107137E-04  6.48374404E-01  4.45038245E-02  4.20043505E+00 -4.24707730E-01 -4.22313164E-01  0.00000000E+00
    1101  1.53089814E-01  2.37904473E-02  5.96923352E-04  6.48445954E-01  4.44396197E-02  4.24718744E+00 -4.24801833E-01 -4.22408601E-01  0.00000000E+00
    1111  1.53166536E-01  2.38112762E-02  5.97710758E-04  6.48597803E-01  4.41046803E-02  4.22674424E+00 -4.24867294E-01 -4.22471147E-01  0.00000000E+00
    1121  1.53293724E-01  2.38478875E-02  5.99289284E-04  6.48750732E-01  4.38075448E-02  4.22307033E+00 -4.24956206E-01 -4.22558150E-01  0.00000000E+00
    1131  1.53304608E-01  2.38482019E-02  5.99053044E-04  6.48898451E-01  4.34280407E-02  4.19877239E+00 -4.24952677E-01 -4.22553496E-01  0.00000000E+00
    1141  1.53481330E-01  2.38997461E-02  6.01311240E-04  6.49093437E-01  4.30926453E-02  4.20554530E+00 -4.25022199E-01 -4.22623811E-01  0.00000000E+00
    1151  1.53492336E-01  2.39012753E-02  6.01250692E-04  6.49173664E-01  4.28604529E-02  4.17524276E+00 -4.25028484E-01 -4.22629940E-01  0.00000000E+00
    1161  1.53437887E-01  2.38793973E-02  5.99766203E-04  6.49398303E-01  4.22118485E-02  4.11741816E+00 -4.25041226E-01 -4.22642195E-01  0.00000000E+00
    1171  1.53146697E-01  2.37939970E-02  5.95964280E-04  6.49115510E-01  4.26982408E-02  4.09453614E+00 -4.24959654E-01 -4.22561656E-01  0.00000000E+00
    1181  1.53047526E-01  2.37628858E-02  5.94393548E-04  6.49123349E-01  4.26046441E-02  4.05853635E+00 -4.24909301E-01 -4.22513033E-01  0.00000000E+00
    1191  1.53000502E-01  2.37470772E-02  5.93516542E-04  6.49174426E-01  4.24267108E-02  4.05584288E+00 -4.24872751E-01 -4.22476679E-01  0.00000000E+00
    1201  1.53390937E-01  2.38729933E-02  6.00322614E-04  6.48884747E-01  4.32164729E-02  4.09584670E+00 -4.25036154E-01 -4.22642351E-01  0.00000000E+00
    1211  1.53441812E-01  2.38865236E-02  6.00825106E-04  6.48988843E-01  4.29553350E-02  4.10777896E+00 -4.24993680E-01 -4.22600690E-01  0.00000000E+00
    1221  1.53510640E-01  2.39037941E-02  6.01313451E-04  6.49210983E-01  4.24711669E-02  4.07759338E+00 -4.24991967E-01 -4.22601755E-01  0.00000000E+00
    1231  1.53482002E-01  2.38904409E-02  6.00278304E-04  6.49423288E-01  4.18984447E-02  4.03647528E+00 -4.24968404E-01 -4.22575219E-01  0.00000000E+00
    1241  1.53552377E-01  2.39092066E-02  6.00937659E-04  6.49588914E-01  4.15416549E-02  4.02173219E+00 -4.25032075E-01 -4.22637994E-01  0.00000000E+00
    1251  1.53652359E-01  2.39382153E-02  6.02219061E-04  6.49692282E-01  4.13274320E-02  3.99152217E+00 -4.25077721E-01 -4.22685112E-01  0.00000000E+00
    1261  1.53500986E-01  2.38908608E-02  5.99865382E-04  6.49676760E-01  4.12194948E-02  3.96936451E+00 -4.24943742E-01 -4.22552665E-01  0.00000000E+00
    1271  1.53112595E-01  2.37839785E-02  5.95541244E-04  6.49069124E-01  4.27516642E-02  3.99840690E+00 -4.24785784E-01 -4.22394283E-01  0.00000000E+00
    1281  1.52813032E-01  2.36969970E-02  5.91747508E-04  6.48740115E-01  4.33370392E-02  4.00952921E+00 -4.24672351E-01 -4.22279761E-01  0.00000000E+00
    1291  1.52752390E-01  2.36751474E-02  5.90433263E-04  6.48873037E-01  4.29202790E-02  3.98695503E+00 -4.24612000E-01 -4.22219097E-01  0.00000000E+00
    1301  1.52598233E-01  2.36324007E-02  5.88687875E-04  6.48643369E-01  4.34633251E-02  3.97821369E+00 -4.24542268E-01 -4.22149638E-01  0.00000000E+00
    1311  1.51886199E-01  2.34518439E-02  5.82251620E-04  6.47113161E-01  4.80140953E-02  4.05810950E+00 -4.24297157E-01 -4.21901852E-01  0.00000000E+00
    1321  1.51204171E-01  2.32706405E-02  5.75484309E-04  6.45761665E-01  5.12172674E-02  4.10339832E+00 -4.24139785E-01 -4.21743928E-01  0.00000000E+00
    1331  1.50626989E-01  2.31134216E-02  5.69366293E-04  6.44743513E-01  5.33507220E-02  4.08074407E+00 -4.24057652E-01 -4.21660788E-01  0.00000000E+00
    1341  1.50195960E-01  2.29923399E-02  5.64386064E-04  6.44132208E-01  5.44281533E-02  4.13492382E+00 -4.23853762E-01 -4.21457047E-01  0.00000000E+00
    1351  1.50271327E-01  2.30122915E-02  5.65138848E-04  6.44275174E-01  5.40899470E-02  4.11957579E+00 -4.23878489E-01 -4.21479538E-01  0.00000000E+00
    1361  1.50270895E-01  2.30119897E-02  5.65177610E-04  6.44241444E-01  5.40683764E-02  4.14569884E+00 -4.23879125E-01 -4.21481293E-01  0.00000000E+00
    1371  1.50563036E-01  2.31026812E-02  5.69785105E-04  6.44151560E-01  5.44205962E-02  4.18893120E+00 -4.24035141E-01 -4.21637190E-01  0.00000000E+00
    1381  1.50851498E-01  2.31926198E-02  5.74405061E-04  6.44043124E-01  5.47962385E-02  4.20126171E+00 -4.24145249E-01 -4.21747552E-01  0.00000000E+00
    1391  1.51041817E-01  2.32473436E-02  5.76740437E-04  6.44276565E-01  5.44532114E-02  4.19814104E+00 -4.24283766E-01 -4.21887589E-01  0.00000000E+00
    1401  1.51270029E-01  2.33149341E-02  5.79823552E-04  6.44445471E-01  5.42773610E-02  4.22063263E+00 -4.24429328E-01 -4.22034077E-01  0.00000000E+00
    1411  1.51243801E-01  2.33041583E-02  5.79104247E-04  6.44558075E-01  5.39206051E-02  4.23254475E+00 -4.24390381E-01 -4.21993862E-01  0.00000000E+00
    1421  1.51435258E-01  2.33598500E-02  5.81544364E-04  6.44760299E-01  5.36370686E-02  4.20794613E+00 -4.24466671E-01 -4.22072074E-01  0.00000000E+00
    1431  1.51732272E-01  2.34529274E-02  5.86345709E-04  6.44664679E-01  5.40177958E-02  4.21604323E+00 -4.24603198E-01 -4.22208685E-01  0.00000000E+00
    1441  1.51834548E-01  2.34822139E-02  5.87628308E-04  6.44775121E-01  5.37966921E-02  4.25887242E+00 -4.24727602E-01 -4.22334354E-01  0.00000000E+00
    1451  1.51975530E-01  2.35219178E-02  5.89250328E-04  6.44996103E-01  5.34039978E-02  4.22736556E+00 -4.24729103E-01 -4.22334870E-01  0.00000000E+00
    1461  1.51789721E-01  2.34639088E-02  5.86403663E-04  6.44962116E-01  5.32072942E-02  4.21552383E+00 -4.24617913E-01 -4.22222873E-01  0.00000000E+00
    1471  1.51983925E-01  2.35234232E-02  5.89373680E-04  6.44967233E-01  5.32726041E-02  4.27747651E+00 -4.24779600E-01 -4.22383721E-01  0.00000000E+00
    1481  1.52064358E-01  2.35447194E-02  5.90131614E-04  6.45153448E-01  5.28759534E-02  4.26301828E+00 -4.24872646E-01 -4.22478768E-01  0.00000000E+00
    1491  1.51871273E-01  2.34841326E-02  5.87149107E-04  6.45122795E-01  5.26372206E-02  4.24473559E+00 -4.24772979E-01 -4.22379170E-01  0.00000000E+00
    1501  1.51942467E-01  2.35019348E-02  5.87679375E-04  6.45340205E-01  5.21566860E-02  4.22960427E+00 -4.24781391E-01 -4.22388556E-01  0.00000000E+00
    1511  1.51964577E-01  2.35056059E-02  5.87607685E-04  6.45494228E-01  5.17739872E-02  4.24933107E+00 -4.24751847E-01 -4.22359280E-01  0.00000000E+00
    1521  1.52034300E-01  2.35230040E-02  5.88104503E-04  6.45719143E-01  5.12971663E-02  4.24747551E+00 -4.24802595E-01 -4.22409963E-01  0.00000000E+00
    1531  1.52170686E-01  2.35613977E-02  5.89655749E-04  6.45941371E-01  5.09085161E-02  4.21693177E+00 -4.24802986E-01 -4.22410948E-01  0.00000000E+00
    1541  1.52421891E-01  2.36381176E-02  5.93354816E-04  6.46029198E-01  5.09342019E-02  4.18693864E+00 -4.24851272E-01 -4.22459976E-01  0.00000000E+00
    1551  1.52553023E-01  2.36761508E-02  5.95039480E-04  6.46163743E-01  5.06882927E-02  4.18237497E+00 -4.24922166E-01 -4.22531952E-01  0.00000000E+00
    1561  1.52580515E-01  2.36834861E-02  5.95276792E-04  6.46241862E-01  5.05560176E-02  4.22611836E+00 -4.24945137E-01 -4.22554724E-01  0.00000000E+00
    1571  1.52505650E-01  2.36590466E-02  5.93955895E-04  6.46297228E-01  5.03552555E-02  4.20166500E+00 -4.24872626E-01 -4.22479919E-01  0.00000000E+00
    1581  1.52444513E-01  2.36425012E-02  5.93451462E-04  6.46102812E-01  5.06186857E-02  4.26158791E+00 -4.24805187E-01 -4.22411445E-01  0.00000000E+00
    1591  1.52593415E-01  2.36854644E-02  5.95288767E-04  6.46293838E-01  5.03101331E-02  4.25089605E+00 -4.24866121E-01 -4.22472077E-01  0.00000000E+00
    1601  1.52857856E-01  2.37723089E-02  6.00236804E-04  6.45954861E-01  5.10723262E-02  4.33606739E+00 -4.25042615E-01 -4.22648815E-01  0.00000000E+00
    1611  1.52889939E-01  2.37784117E-02  6.00216984E-04  6.46148255E-01  5.06069572E-02  4.29767075E+00 -4.25058999E-01 -4.22664762E-01  0.00000000E+00
    1621  1.53004702E-01  2.38103660E-02  6.01469210E-04  6.46361122E-01  5.02113472E-02  4.26461581E+00 -4.25091286E-01 -4.22697347E-01  0.00000000E+00
    1631  1.53063621E-01  2.38244372E-02  6.01796078E-04  6.46586774E-01  4.97138978E-02  4.23265424E+00 -4.25096557E-01 -4.22703243E-01  0.00000000E+00
    1641  1.53213245E-01  2.38683978E-02  6.03755090E-04  6.46741180E-01  4.94796828E-02  4.20431765E+00 -4.25147519E-01 -4.22753707E-01  0.00000000E+00
    1651  1.53342759E-01  2.39082501E-02  6.05747247E-04  6.46756145E-01  4.94983474E-02  4.24457166E+00 -4.25248818E-01 -4.22855487E-01  0.00000000E+00
    1661  1.53396804E-01  2.39225327E-02  6.06242395E-04  6.46889415E-01  4.92102241E-02  4.22602806E+00 -4.25323689E-01 -4.22931167E-01  0.00000000E+00
    1671  1.53289635E-01  2.38901319E-02  6.04715371E-04  6.46822801E-01  4.92687871E-02  4.23926575E+00 -4.25253386E-01 -4.22859826E-01  0.00000000E+00
    1681  1.53262813E-01  2.38784071E-02  6.03864110E-04  6.46973538E-01  4.88290387E-02  4.21663692E+00 -4.25193365E-01 -4.22799255E-01  0.00000000E+00
    1691  1.53357379E-01  2.39054234E-02  6.05013704E-04  6.47100472E-01  4.85805189E-02  4.19969218E+00 -4.25245248E-01 -4.22851775E-01  0.00000000E+00
    1701  1.53029021E-01  2.38127957E-02  6.01150456E-04  6.46620662E-01  4.95819873E-02  4.23104114E+00 -4.25102650E-01 -4.22708751E-01  0.00000000E+00
    1711  1.53159455E-01  2.38509872E-02  6.02853073E-04  6.46753795E-01  4.93627822E-02  4.23136589E+00 -4.25078862E-01 -4.22684465E-01  0.00000000E+00
    1721  1.53315595E-01  2.39001194E-02  6.05463459E-04  6.46681366E-01  4.95233788E-02  4.27176938E+00 -4.25170774E-01 -4.22777121E-01  0.00000000E+00
    1731  1.53361790E-01  2.39116714E-02  6.05814535E-04  6.46817995E-01  4.91950943E-02  4.24682443E+00 -4.25192863E-01 -4.22800969E-01  0.00000000E+00
    1741  1.53489767E-01  2.39484592E-02  6.07369591E-04  6.46998432E-01  4.88834406E-02  4.22911913E+00 -4.25241724E-01 -4.22850388E-01  0.00000000E+00
    1751  1.53526968E-01  2.39566155E-02  6.07483804E-04  6.47172421E-01  4.84735022E-02  4.20025809E+00 -4.25246899E-01 -4.22855966E-01  0.00000000E+00
    1761  1.53544049E-01  2.39585285E-02  6.07293716E-04  6.47339150E-01  4.80551925E-02  4.16678737E+00 -4.25292906E-01 -4.22901520E-01  0.00000000E+00
    1771  1.53609822E-01  2.39763746E-02  6.07959294E-04  6.47478007E-01  4.77593506E-02  4.15903553E+00 -4.25329247E-01 -4.22937137E-01  0.00000000E+00
    1781  1.53568239E-01  2.39633160E-02  6.07292777E-04  6.47480592E-01  4.77235114E-02  4.12431225E+00 -4.25313421E-01 -4.22923044E-01  0.00000000E+00
    1791  1.53303507E-01  2.38903167E-02  6.04350931E-04  6.47041110E-01  4.87580218E-02  4.15682960E+00 -4.25182633E-01 -4.22790840E-01  0.00000000E+00
    1801  1.53216704E-01  2.38614494E-02  6.02792863E-04  6.47098742E-01  4.84741920E-02  4.14081335E+00 -4.25179624E-01 -4.22787211E-01  0.00000000E+00
    1811  1.52814680E-01  2.37542292E-02  5.98697340E-04  6.46325140E-01  5.04593687E-02  4.18460632E+00 -4.25039588E-01 -4.22646895E-01  0.00000000E+00
    1821  1.52561192E-01  2.36871835E-02  5.96222149E-04  6.45790664E-01  5.17605200E-02  4.19849153E+00 -4.24937077E-01 -4.22545603E-01  0.00000000E+00
    1831  1.52596061E-01  2.36946918E-02  5.96323611E-04  6.45954873E-01  5.13672650E-02  4.18703139E+00 -4.24994325E-01 -4.22603068E-01  0.00000000E+00
    1841  1.52561626E-01  2.36812466E-02  5.95454601E-04  6.46069262E-01  5.09985315E-02  4.17417306E+00 -4.24965135E-01 -4.22573805E-01  0.00000000E+00
    1851  1.52387265E-01  2.36332418E-02  5.93495787E-04  6.45798997E-01  5.16471855E-02  4.16559490E+00 -4.24930340E-01 -4.22541158E-01  0.00000000E+00
    1861  1.52651540E-01  2.37182058E-02  5.98111779E-04  6.45596962E-01  5.21932831E-02  4.21061540E+00 -4.25053885E-01 -4.22664352E-01  0.00000000E+00
    1871  1.52951831E-01  2.38145337E-02  6.03253009E-04  6.45436456E-01  5.27655550E-02  4.29192986E+00 -4.25243576E-01 -4.22854487E-01  0.00000000E+00
    1881  1.52875417E-01  2.37933177E-02  6.02386643E-04  6.45313979E-01  5.30359092E-02  4.28633368E+00 -4.25236767E-01 -4.22846540E-01  0.00000000E+00
    1891  1.52764547E-01  2.37568917E-02  6.00457239E-04  6.45365002E-01  5.27170778E-02  4.29415558E+00 -4.25134466E-01 -4.22744274E-01  0.00000000E+00
    1901  1.52669149E-01  2.37257299E-02  5.98823539E-04  6.45400233E-01  5.24629419E-02  4.28343772E+00 -4.25054183E-01 -4.22663537E-01  0.00000000E+00
    1911  1.52653900E-01  2.37197044E-02  5.98451814E-04  6.45440287E-01  5.22909913E-02  4.28145720E+00 -4.25054351E-01 -4.22662872E-01  0.00000000E+00
    1921  1.52721815E-01  2.37387935E-02  5.99262112E-04  6.45530984E-01  5.20837527E-02  4.28280723E+00 -4.25009094E-01 -4.22618858E-01  0.00000000E+00
    1931  1.52750085E-01  2.37450187E-02  5.99379350E-04  6.45647510E-01  5.17811371E-02  4.30347362E+00 -4.25044104E-01 -4.22653467E-01  0.00000000E+00
    1941  1.52805948E-01  2.37596460E-02  5.99869644E-04  6.45794175E-01  5.14745243E-02  4.29687392E+00 -4.25029123E-01 -4.22639271E-01  0.00000000E+00
    1951  1.52841431E-01  2.37678523E-02  6.00052802E-04  6.45930651E-01  5.11432034E-02  4.29537847E+00 -4.24997236E-01 -4.22605712E-01  0.00000000E+00
    1961  1.52854589E-01  2.37719695E-02  6.00284948E-04  6.45916352E-01  5.11551149E-02  4.27585056E+00 -4.25009139E-01 -4.22618663E-01  0.00000000E+00
    1971  1.52843757E-01  2.37665872E-02  5.99866470E-04  6.46002914E-01  5.08951181E-02  4.25875566E+00 -4.24983400E-01 -4.22592841E-01  0.00000000E+00
    1981  1.52796860E-01  2.37496006E-02  5.98843958E-04  6.46100625E-01  5.05620212E-02  4.23751720E+00 -4.24968907E-01 -4.22580168E-01  0.00000000E+00
    1991  1.52846361E-01  2.37620933E-02  5.99230890E-04  6.46244220E-01  5.02309618E-02  4.21380756E+00 -4.24963024E-01 -4.22574196E-01  0.00000000E+00
