   #Iter           <M>_x           <M>_y           <M>_z             <M>        M_{stdv}
       0 -6.71831098E-03 -7.79604582E-03  5.18097686E-03  1.15220030E-02  0.00000000E+00
     100 -2.91452369E-02 -1.92084389E-02  5.90923087E-03  3.54023723E-02  0.00000000E+00
     200  3.96262266E-03 -4.07054353E-02  4.47687698E-02  6.06372624E-02  0.00000000E+00
     300 -4.43686620E-02 -2.50402194E-02  3.35660046E-02  6.10103878E-02  0.00000000E+00
     400 -4.97590418E-03 -1.86782712E-02  1.67649262E-02  2.55871098E-02  0.00000000E+00
     500 -1.55443344E-03 -2.90477698E-03 -9.16806450E-03  9.74204287E-03  0.00000000E+00
     600  1.57093826E-02 -7.45538343E-03  1.61638354E-02  2.37410408E-02  0.00000000E+00
     700 -1.63866421E-02  5.45644548E-03 -1.67660489E-03  1.73524015E-02  0.00000000E+00
     800 -5.40182036E-02  6.21807022E-03  1.36600235E-02  5.60644892E-02  0.00000000E+00
     900 -3.37509857E-02  2.70613593E-02  4.98692480E-02  6.60180891E-02  0.00000000E+00
    1000  5.83589544E-03  2.12202570E-02  2.91218813E-02  3.65026157E-02  0.00000000E+00
    1100 -1.24357801E-02 -3.95813548E-02 -3.60274641E-02  5.49482524E-02  0.00000000E+00
    1200 -3.25486319E-02 -2.28203910E-02 -5.62108401E-02  6.88465121E-02  0.00000000E+00
    1300 -4.27342501E-02  4.06623633E-02 -4.99431845E-02  7.72914329E-02  0.00000000E+00
    1400 -3.13967112E-02  2.92217576E-02 -4.37388879E-02  6.12597332E-02  0.00000000E+00
    1500 -2.34399649E-02  1.20973408E-02 -1.62861273E-02  3.10002508E-02  0.00000000E+00
    1600  1.08269835E-02  2.02105472E-02 -2.84832773E-02  3.65648311E-02  0.00000000E+00
    1700 -7.88991908E-04  2.00387882E-02 -4.29173492E-02  4.73716625E-02  0.00000000E+00
    1800 -1.07209086E-02 -1.45724214E-02 -1.19295271E-02  2.16704167E-02  0.00000000E+00
    1900 -4.08320965E-03 -3.81549280E-02  2.59451229E-02  4.63208434E-02  0.00000000E+00
    2000  3.76522950E-03 -3.03568850E-02  1.56267687E-02  3.43498664E-02  0.00000000E+00
    2100 -3.76268692E-02 -1.77956629E-03 -7.56009159E-03  3.84200876E-02  0.00000000E+00
    2200 -7.53745713E-03  1.65514115E-02 -3.81057435E-02  4.22233368E-02  0.00000000E+00
    2300  2.34972783E-02  3.40559313E-02 -4.19331865E-02  5.89094277E-02  0.00000000E+00
    2400  2.77716933E-03  4.57285578E-02 -6.47817827E-02  7.93441430E-02  0.00000000E+00
    2500  2.47852303E-03  5.13023896E-02 -6.98176195E-02  8.66751306E-02  0.00000000E+00
    2600 -4.53276436E-02 -3.07547634E-02 -2.94696466E-02  6.22005692E-02  0.00000000E+00
    2700 -2.38953371E-02 -3.19604042E-02 -6.10005780E-02  7.28939304E-02  0.00000000E+00
    2800  3.77325099E-02 -4.22745194E-02 -9.74595566E-03  5.74966168E-02  0.00000000E+00
    2900  2.53249168E-02 -2.40242622E-02  2.99154134E-02  4.59722585E-02  0.00000000E+00
    3000  2.18221020E-02 -2.48896221E-02  2.77557602E-02  4.31981440E-02  0.00000000E+00
    3100  2.47826201E-02 -9.78494513E-03  2.72556054E-02  3.81155012E-02  0.00000000E+00
    3200  1.53211319E-02 -5.03049341E-02  4.87231063E-02  7.16886641E-02  0.00000000E+00
    3300 -1.42064563E-02  1.09673590E-02  3.74676458E-02  4.15443238E-02  0.00000000E+00
    3400 -1.84116456E-02 -4.71109417E-02  3.35616619E-02  6.07026743E-02  0.00000000E+00
    3500  3.43325277E-03 -4.91593947E-02  1.01574710E-02  5.03150826E-02  0.00000000E+00
    3600  3.63997411E-02 -5.26996886E-02  1.10246479E-02  6.49903162E-02  0.00000000E+00
    3700  8.79539456E-03 -2.71899117E-02  5.47553308E-03  2.90969367E-02  0.00000000E+00
    3800  1.05508942E-02 -4.32360667E-02  1.11176435E-03  4.45187023E-02  0.00000000E+00
    3900  1.96394542E-02 -5.70611252E-02  5.55822452E-03  6.06017659E-02  0.00000000E+00
    4000  4.18328772E-02 -2.36631811E-02 -5.37442360E-03  4.83613501E-02  0.00000000E+00
    4100  2.63897575E-02 -4.02641935E-02 -4.67187425E-03  4.83678714E-02  0.00000000E+00
    4200  3.19281286E-02 -4.16352390E-02 -6.08981136E-03  5.28203022E-02  0.00000000E+00
    4300  1.16532788E-02 -2.54603090E-02 -2.23938425E-03  2.80898751E-02  0.00000000E+00
    4400  2.77678110E-03 -4.37643105E-02 -1.95681809E-02  4.80201946E-02  0.00000000E+00
    4500 -5.11724127E-02 -2.72460741E-02 -7.89359321E-03  5.85087445E-02  0.00000000E+00
    4600  5.50751035E-04 -3.30028241E-02 -4.55942070E-02  5.62878445E-02  0.00000000E+00
    4700 -1.20820657E-02 -3.49585820E-02 -1.28242439E-02  3.91476692E-02  0.00000000E+00
    4800 -5.30997700E-02 -8.86125809E-03 -2.09305929E-02  5.77598233E-02  0.00000000E+00
    4900 -6.30669361E-02 -4.91454934E-03  3.11781383E-03  6.33349192E-02  0.00000000E+00
    5000 -6.22127873E-03  3.19298259E-03  2.60377843E-02  2.69604461E-02  0.00000000E+00
    5100 -7.09591330E-03 -6.69620924E-02  1.90519613E-02  6.99803618E-02  0.00000000E+00
    5200 -1.64558055E-02  6.46461956E-03  4.10011427E-02  4.46506276E-02  0.00000000E+00
    5300 -1.54300984E-02  1.12158429E-02  1.88315919E-02  2.68050727E-02  0.00000000E+00
    5400 -3.80197441E-02  3.37888026E-02 -4.15952636E-03  5.10341629E-02  0.00000000E+00
    5500  1.53607398E-02  3.88141562E-03 -3.50227690E-02  3.84397198E-02  0.00000000E+00
    5600  2.12936797E-03 -3.43776170E-03 -4.03514041E-03  5.71268515E-03  0.00000000E+00
    5700  7.44372159E-03 -1.81099341E-03 -1.43605971E-03  7.79428994E-03  0.00000000E+00
    5800 -1.21309254E-02  6.03159524E-03 -5.61145187E-02  5.77267590E-02  0.00000000E+00
    5900  8.84706578E-03 -1.27381372E-02 -7.48391615E-02  7.64292536E-02  0.00000000E+00
    6000  3.31526125E-02  1.56070043E-02 -6.87822701E-02  7.79337858E-02  0.00000000E+00
    6100  1.73764859E-02  3.76056416E-02  1.59556247E-03  4.14568736E-02  0.00000000E+00
    6200  2.53596125E-02  1.04810793E-03 -1.29796986E-02  2.85075613E-02  0.00000000E+00
    6300 -5.13494977E-03  3.50657030E-03 -3.06430117E-02  3.12675216E-02  0.00000000E+00
    6400 -3.46047346E-02 -1.01398720E-02 -1.08221890E-02  3.76486977E-02  0.00000000E+00
    6500 -7.26210846E-03  2.47830118E-02 -3.69091974E-02  4.50469171E-02  0.00000000E+00
    6600 -3.99313924E-02  2.82577802E-02 -1.95844227E-02  5.26931480E-02  0.00000000E+00
    6700  2.15067175E-02 -3.87489028E-03  1.29813302E-02  2.54178796E-02  0.00000000E+00
    6800  4.11717690E-02 -5.49312350E-03  2.63177632E-02  4.91722852E-02  0.00000000E+00
    6900  2.03257847E-02  1.49401707E-02  5.47414316E-02  6.02741285E-02  0.00000000E+00
    7000  2.88517899E-02 -1.77952070E-02  7.40546195E-02  8.14443481E-02  0.00000000E+00
    7100 -2.77774851E-02  4.31698290E-02  7.39377288E-02  9.00111691E-02  0.00000000E+00
    7200 -2.39705409E-02  2.46727889E-02  4.27095484E-02  5.48401210E-02  0.00000000E+00
    7300 -3.84715280E-02  3.07306737E-02  7.12773360E-02  8.66307763E-02  0.00000000E+00
    7400 -3.65788781E-02  2.20010341E-02  4.31299513E-02  6.06815666E-02  0.00000000E+00
    7500 -5.22903829E-03  1.45015316E-02  5.13833561E-02  5.36459369E-02  0.00000000E+00
    7600  2.40478069E-02 -2.16844688E-02  2.05663882E-02  3.83599991E-02  0.00000000E+00
    7700  1.09437424E-02 -4.26911928E-02  2.74474572E-02  5.19198069E-02  0.00000000E+00
    7800  3.15399203E-02 -9.43387106E-03  1.66100578E-02  3.68735476E-02  0.00000000E+00
    7900  4.91128020E-03 -3.00596947E-02 -1.44080254E-02  3.36941703E-02  0.00000000E+00
    8000  1.67331660E-02 -9.84964289E-03 -4.79991936E-02  5.17777645E-02  0.00000000E+00
    8100  2.59283035E-02  3.30579073E-02 -6.06918456E-03  4.24492304E-02  0.00000000E+00
    8200 -2.85424662E-03  2.17410068E-02 -2.98099608E-02  3.70061058E-02  0.00000000E+00
    8300  6.93450033E-03  3.19610917E-02 -4.10962246E-02  5.25214085E-02  0.00000000E+00
    8400 -1.36128781E-03  2.56311506E-02 -1.27131657E-02  2.86432116E-02  0.00000000E+00
    8500  3.69894456E-02  2.05882943E-02  3.35369268E-02  5.40076143E-02  0.00000000E+00
    8600  9.63006906E-03  4.27871788E-02  1.90988984E-02  4.78356438E-02  0.00000000E+00
    8700 -3.96880271E-03  6.10519735E-02 -2.36088326E-03  6.12263720E-02  0.00000000E+00
    8800  9.10972388E-03  3.18253859E-02  5.32336628E-03  3.35288008E-02  0.00000000E+00
    8900 -9.33444941E-04  2.77465684E-02  1.20310929E-02  3.02570747E-02  0.00000000E+00
    9000 -4.27287304E-02  3.85616296E-02 -1.35467950E-02  5.91291749E-02  0.00000000E+00
    9100 -3.37662121E-02  3.22814700E-02 -6.68163219E-03  4.71899840E-02  0.00000000E+00
    9200 -1.98325727E-02  4.71981951E-02  1.23474574E-02  5.26636522E-02  0.00000000E+00
    9300  7.47663240E-04  6.85891719E-02  5.34151917E-03  6.88009108E-02  0.00000000E+00
    9400  5.38880509E-03  5.89774999E-02  3.99177242E-02  7.14199511E-02  0.00000000E+00
    9500 -1.16455409E-02  5.58997993E-02  3.47547740E-02  6.68453476E-02  0.00000000E+00
    9600 -2.69824526E-02  6.96812568E-02  1.78532507E-02  7.68262251E-02  0.00000000E+00
    9700 -1.11819796E-02  5.65761177E-02  4.75845512E-02  7.47675282E-02  0.00000000E+00
    9800 -8.88286124E-03  1.31418453E-02  4.13978752E-02  4.43328027E-02  0.00000000E+00
    9900 -4.44220094E-02  2.57224973E-02  2.56149399E-02  5.73679957E-02  0.00000000E+00
   10000 -3.13415221E-02 -5.17066503E-03  2.90263120E-02  4.30296824E-02  0.00000000E+00
   10100 -3.90762067E-02  2.50319183E-03  3.37506534E-02  5.16945114E-02  0.00000000E+00
   10200  3.53968108E-02 -1.12451495E-02  5.93912390E-02  7.00478898E-02  0.00000000E+00
   10300 -7.83929113E-03 -1.73744551E-02  7.78027154E-02  8.01036123E-02  0.00000000E+00
   10400  4.62761336E-02 -2.96450079E-02  7.92209401E-02  9.64171375E-02  0.00000000E+00
   10500  5.68884351E-02  3.30308883E-03  8.45934738E-02  1.01996374E-01  0.00000000E+00
   10600  4.59476411E-02 -2.21170745E-02  7.12600287E-02  8.76261513E-02  0.00000000E+00
   10700  3.55228062E-03  2.90945737E-02  6.14707180E-02  6.81011166E-02  0.00000000E+00
   10800  2.36237587E-02  3.56773526E-02  5.44751589E-02  6.92711946E-02  0.00000000E+00
   10900  4.64118257E-02  2.68755466E-02  2.37990332E-02  5.86749227E-02  0.00000000E+00
   11000  2.89812000E-02  4.95995408E-02  2.55286820E-02  6.28628508E-02  0.00000000E+00
   11100  1.59308235E-02 -9.03286525E-03  2.65819975E-02  3.22798139E-02  0.00000000E+00
   11200 -1.40764040E-02  3.46901557E-02  4.37424009E-02  5.75755998E-02  0.00000000E+00
   11300 -3.66752008E-02  1.59743960E-03  1.18809860E-02  3.85847119E-02  0.00000000E+00
   11400  1.63193460E-02 -5.68921226E-02 -5.14269658E-03  5.94094437E-02  0.00000000E+00
   11500  2.98005691E-02 -5.72681654E-02  2.96521864E-06  6.45578554E-02  0.00000000E+00
   11600  3.93221930E-02 -1.26299919E-02 -9.70672899E-03  4.24260786E-02  0.00000000E+00
   11700  1.05555755E-02 -1.93819493E-02  9.40168830E-03  2.39889949E-02  0.00000000E+00
   11800 -1.04547687E-02 -1.82136938E-03 -1.55723435E-02  1.88445604E-02  0.00000000E+00
   11900 -2.01705903E-02  3.37461552E-02 -2.76489418E-03  3.94119315E-02  0.00000000E+00
   12000 -3.07080458E-02  4.27308663E-02 -1.19527876E-02  5.39609131E-02  0.00000000E+00
   12100 -9.63033967E-03  7.02964026E-03 -4.41242546E-02  4.57067734E-02  0.00000000E+00
   12200 -1.23023565E-02  1.45093375E-02 -8.11430645E-02  8.33430607E-02  0.00000000E+00
   12300 -3.12857612E-02  2.11154220E-02 -7.21059033E-02  8.13874756E-02  0.00000000E+00
   12400 -6.42106529E-03  5.06826993E-03 -7.94940945E-02  7.99138818E-02  0.00000000E+00
   12500  2.44116651E-03  9.01241681E-03 -2.48347356E-02  2.65320004E-02  0.00000000E+00
   12600  6.09420277E-04  1.26684366E-04 -1.52918311E-02  1.53044941E-02  0.00000000E+00
   12700  1.81238916E-03  2.83589149E-02  3.21398670E-02  4.29008608E-02  0.00000000E+00
   12800  4.10364668E-03 -9.03457611E-03  5.83857529E-03  1.15131422E-02  0.00000000E+00
   12900  1.47464438E-02 -3.60898823E-02 -2.04953845E-02  4.40454083E-02  0.00000000E+00
   13000  2.81617671E-02 -2.38397206E-02 -3.93114713E-02  5.39148326E-02  0.00000000E+00
   13100  7.77336234E-03 -2.67854626E-02 -3.78997660E-02  4.70561200E-02  0.00000000E+00
   13200 -1.10883461E-02  8.70938975E-03 -4.76478318E-02  4.96902482E-02  0.00000000E+00
   13300 -1.28716189E-02 -5.65780372E-03 -7.96238696E-03  1.61582463E-02  0.00000000E+00
   13400  1.26677662E-02 -1.56315110E-02  2.39810773E-03  2.02624618E-02  0.00000000E+00
   13500  4.15099618E-02 -3.25596616E-02 -1.97387064E-02  5.63278352E-02  0.00000000E+00
   13600  3.76817954E-02 -4.03885144E-02  7.87975563E-03  5.57964188E-02  0.00000000E+00
   13700  5.88022954E-02 -2.84029481E-02  6.97035301E-03  6.56736114E-02  0.00000000E+00
   13800  6.47608812E-02 -3.24456049E-02  7.60700861E-03  7.28323800E-02  0.00000000E+00
   13900  2.67815164E-02  8.70836359E-03  7.42280080E-03  2.91235847E-02  0.00000000E+00
   14000  3.15926604E-02  6.43956178E-06 -5.22367930E-03  3.20216030E-02  0.00000000E+00
   14100  6.02175914E-02 -2.90172882E-02  3.07473665E-03  6.69149858E-02  0.00000000E+00
   14200  8.10953541E-02 -7.33883882E-03  3.54443838E-03  8.15038530E-02  0.00000000E+00
   14300  2.15069500E-02 -2.41788949E-02  2.55125914E-02  4.12075257E-02  0.00000000E+00
   14400  1.74015395E-02  2.62417180E-02  1.54092504E-02  3.50554752E-02  0.00000000E+00
   14500  2.27528207E-02  1.40847564E-02  5.20471970E-02  5.85233451E-02  0.00000000E+00
   14600  3.32740691E-02  2.61800341E-02  5.28624593E-02  6.77273760E-02  0.00000000E+00
   14700 -2.93229659E-03  4.33400973E-02  3.81479122E-02  5.78119849E-02  0.00000000E+00
   14800  4.95915286E-02  1.84566735E-02  2.59222706E-02  5.89231077E-02  0.00000000E+00
   14900  6.27216232E-02  1.78918118E-02  1.38194710E-02  6.66715586E-02  0.00000000E+00
   15000  6.45838623E-02  2.53697899E-02  3.54801085E-02  7.79329174E-02  0.00000000E+00
   15100  4.95349091E-03  3.10952518E-02  2.21970619E-02  3.85248143E-02  0.00000000E+00
   15200  7.08405806E-03  3.04802799E-02 -4.01782508E-03  3.15495524E-02  0.00000000E+00
   15300  9.94104532E-03  4.10618483E-02 -2.58055490E-02  4.95058191E-02  0.00000000E+00
   15400  2.94453519E-02 -2.12643609E-02 -1.25353517E-02  3.84231289E-02  0.00000000E+00
   15500 -3.02466074E-04 -2.90384536E-02 -4.48593757E-02  5.34386271E-02  0.00000000E+00
   15600 -1.55744075E-02 -6.87562112E-03 -9.10842680E-03  1.93080236E-02  0.00000000E+00
   15700 -2.69309198E-02 -3.57477942E-02 -1.99858825E-02  4.90164741E-02  0.00000000E+00
   15800 -6.40740005E-02 -2.62561503E-02 -3.42944119E-02  7.72720496E-02  0.00000000E+00
   15900 -1.51763005E-02 -1.28566193E-03 -3.25388777E-02  3.59270314E-02  0.00000000E+00
   16000  1.29881625E-02  1.75762952E-02  1.72461019E-02  2.78396579E-02  0.00000000E+00
   16100  3.63870056E-02  2.65139598E-02  1.27882671E-02  4.68032479E-02  0.00000000E+00
   16200  1.75247798E-02  1.79542113E-02 -1.85657810E-02  3.12115337E-02  0.00000000E+00
   16300  3.77517487E-04  1.95249053E-03  3.93855841E-03  4.41214019E-03  0.00000000E+00
   16400  3.96592740E-02  5.54124116E-02  3.36509551E-02  7.59985537E-02  0.00000000E+00
   16500  5.96981798E-02  2.38780412E-02 -9.61940579E-03  6.50120489E-02  0.00000000E+00
   16600  2.87405198E-02  5.04590479E-02  1.39547810E-02  5.97232694E-02  0.00000000E+00
   16700  3.01840213E-02  7.20963245E-02  2.08316043E-02  8.08882617E-02  0.00000000E+00
   16800  6.38282144E-02  6.28324235E-02  1.92767984E-02  9.16163160E-02  0.00000000E+00
   16900 -1.14358344E-02  3.64843485E-02 -3.21613944E-03  3.83696435E-02  0.00000000E+00
   17000 -1.42560975E-02  7.26406984E-02  4.18813350E-02  8.50526519E-02  0.00000000E+00
   17100 -2.45605398E-02  4.68569625E-02  4.45368525E-02  6.91543656E-02  0.00000000E+00
   17200 -1.11971889E-02  2.93663470E-02  2.17360056E-02  3.82127376E-02  0.00000000E+00
   17300  1.73060443E-02  9.15066606E-03 -1.08446091E-02  2.23794416E-02  0.00000000E+00
   17400  1.23032102E-02 -5.25787727E-03 -1.12084673E-02  1.74540538E-02  0.00000000E+00
   17500  1.51983156E-02 -1.24025162E-02 -3.35594945E-02  3.88722379E-02  0.00000000E+00
   17600 -2.62356951E-02 -4.68099666E-02 -4.62507935E-03  5.38597812E-02  0.00000000E+00
   17700  2.61179703E-02 -2.33774066E-02 -2.80400284E-02  4.48875785E-02  0.00000000E+00
   17800  5.85314179E-03 -6.11132564E-03 -1.92131176E-02  2.09940815E-02  0.00000000E+00
   17900  1.96122670E-02 -6.32352342E-03 -1.25445548E-02  2.41245481E-02  0.00000000E+00
   18000 -9.81628359E-06 -2.86860123E-02 -4.23596629E-02  5.11588549E-02  0.00000000E+00
   18100  6.10153381E-04 -2.21628543E-02 -1.91598472E-02  2.93029716E-02  0.00000000E+00
   18200 -1.77609650E-02 -3.25670356E-02 -5.10724927E-04  3.70988480E-02  0.00000000E+00
   18300 -7.27556009E-03 -1.25156194E-02 -1.45966226E-02  2.05581102E-02  0.00000000E+00
   18400  5.27455920E-02  4.42151979E-04 -2.36908807E-03  5.28006207E-02  0.00000000E+00
   18500  3.01393237E-02 -1.85444089E-02 -6.48982015E-03  3.59776556E-02  0.00000000E+00
   18600  2.63659070E-02  8.47873913E-03 -5.14142870E-02  5.83993063E-02  0.00000000E+00
   18700  2.57450242E-02  2.24355096E-02 -4.19671316E-02  5.41054387E-02  0.00000000E+00
   18800  2.64399968E-02  1.92725058E-02 -1.86577251E-02  3.76644875E-02  0.00000000E+00
   18900  4.11059897E-03  5.78242370E-03 -4.03733017E-03  8.16293346E-03  0.00000000E+00
   19000  3.13968195E-02 -2.42288086E-02 -2.71222343E-02  4.80459263E-02  0.00000000E+00
   19100 -1.42229267E-02  5.29672327E-04 -4.59610765E-02  4.81143715E-02  0.00000000E+00
   19200 -1.56874138E-03 -2.07032917E-02 -7.01495004E-02  7.31576356E-02  0.00000000E+00
   19300 -1.33846508E-02  1.39286232E-02 -4.78118936E-02  5.15667780E-02  0.00000000E+00
   19400 -4.87931810E-02  1.60254533E-02 -1.12658831E-02  5.25786058E-02  0.00000000E+00
   19500 -3.48635138E-02 -3.96252461E-02  2.76674691E-02  5.95912206E-02  0.00000000E+00
   19600 -1.86514911E-03 -1.61746076E-02 -8.67688547E-03  1.84495272E-02  0.00000000E+00
   19700  5.31221355E-05 -1.28025661E-02 -1.99900456E-02  2.37383750E-02  0.00000000E+00
   19800  4.02435970E-02 -5.72070487E-03 -2.54766055E-02  4.79721898E-02  0.00000000E+00
   19900  1.65825568E-02  1.30819603E-02 -1.95893795E-02  2.88073370E-02  0.00000000E+00
   20000 -2.36252422E-02  1.59417710E-02 -4.48808549E-02  5.31656211E-02  0.00000000E+00
   20100 -1.74979760E-02  2.51464262E-02 -5.30789370E-02  6.12853609E-02  0.00000000E+00
   20200 -1.06520936E-02  8.69080728E-02  3.15405096E-03  8.76152285E-02  0.00000000E+00
   20300 -7.48357013E-03  6.26182470E-02  1.77596934E-02  6.55168328E-02  0.00000000E+00
   20400 -6.36255538E-02  1.42699814E-02  1.64712914E-02  6.72543449E-02  0.00000000E+00
   20500 -5.55859754E-02  3.09278251E-02  1.24725042E-02  6.48220209E-02  0.00000000E+00
   20600 -3.66379589E-02  6.01164628E-02  2.02396343E-02  7.32527947E-02  0.00000000E+00
   20700 -4.20905497E-02  1.50469433E-02  6.64280500E-03  4.51901730E-02  0.00000000E+00
   20800  1.85961811E-03  1.34628761E-02 -2.50268689E-03  1.38192132E-02  0.00000000E+00
   20900 -2.37156137E-02  2.53942433E-02  3.78090288E-02  5.13499813E-02  0.00000000E+00
   21000  1.54597812E-02  3.50132681E-02  2.35335291E-02  4.49306218E-02  0.00000000E+00
   21100  2.15140125E-02  4.23267227E-02  3.57620763E-02  5.94418227E-02  0.00000000E+00
   21200  1.86693409E-02 -1.57418550E-02  2.24296897E-02  3.31578237E-02  0.00000000E+00
   21300  7.60310162E-03 -3.45423636E-02  5.51948701E-03  3.57973012E-02  0.00000000E+00
   21400 -3.43845663E-02 -6.00795724E-02  1.32559400E-02  7.04810143E-02  0.00000000E+00
   21500 -5.26410690E-02 -6.10632915E-02  2.12209983E-02  8.33674905E-02  0.00000000E+00
   21600 -1.19059031E-02 -4.83431440E-02  3.20884128E-02  5.92323927E-02  0.00000000E+00
   21700  2.22733744E-02 -4.43990754E-02  5.62028296E-02  7.50075940E-02  0.00000000E+00
   21800  4.09307291E-02 -2.24209278E-02  8.33710533E-02  9.55445190E-02  0.00000000E+00
   21900  2.69945146E-02 -3.36266938E-02  4.42353946E-02  6.17756302E-02  0.00000000E+00
   22000  2.24470513E-02 -4.34594978E-02  2.96271162E-02  5.71870971E-02  0.00000000E+00
   22100  2.56983170E-02 -5.66335220E-02  3.32193041E-02  7.05073150E-02  0.00000000E+00
   22200  3.19146623E-02 -8.74942339E-02  2.74065444E-02  9.70819515E-02  0.00000000E+00
   22300  3.96759983E-02 -2.76887979E-02  2.76356966E-02  5.57188128E-02  0.00000000E+00
   22400 -2.01944409E-03 -1.08280845E-02  2.41324741E-02  2.65273797E-02  0.00000000E+00
   22500 -5.25805291E-03  1.93982389E-02  6.03026401E-02  6.35637255E-02  0.00000000E+00
   22600 -3.34158699E-02  1.20824391E-02  2.17055320E-02  4.16381534E-02  0.00000000E+00
   22700 -1.75239574E-02 -7.63584810E-03  9.05508246E-03  2.11515904E-02  0.00000000E+00
   22800  4.66592964E-04 -2.23940112E-02  1.84189162E-02  2.89994124E-02  0.00000000E+00
   22900  3.13111674E-03 -2.21266914E-02  4.25818385E-03  2.27492086E-02  0.00000000E+00
   23000  2.20104604E-03 -1.79800101E-02  1.54293081E-02  2.37947245E-02  0.00000000E+00
   23100 -5.15045167E-02 -3.72497486E-02  1.92936993E-02  6.64266953E-02  0.00000000E+00
   23200 -1.73134580E-02 -2.31365412E-02 -1.64484410E-02  3.32506628E-02  0.00000000E+00
   23300 -4.23066954E-02 -7.21956183E-03  4.67872491E-03  4.31725493E-02  0.00000000E+00
   23400 -6.13678806E-02  1.16861524E-02  2.14929856E-02  6.60645999E-02  0.00000000E+00
   23500 -5.78523973E-02 -1.18554293E-02  7.38320271E-03  5.95143912E-02  0.00000000E+00
   23600 -8.42594571E-02 -4.45686070E-02  2.73968574E-02  9.91796584E-02  0.00000000E+00
   23700 -5.63535239E-02 -2.47360249E-02  1.81364398E-03  6.15701217E-02  0.00000000E+00
   23800 -5.98373165E-03 -5.96978054E-03  4.11866590E-02  4.20450259E-02  0.00000000E+00
   23900 -1.06880577E-02  1.57349417E-02  4.25549146E-02  4.66126991E-02  0.00000000E+00
   24000 -2.61416131E-02  3.03618325E-02  2.35195415E-02  4.64585153E-02  0.00000000E+00
   24100 -2.91414285E-03  1.64535817E-02  2.93437389E-02  3.37678485E-02  0.00000000E+00
   24200 -9.41355562E-03  1.85540035E-02 -4.49851765E-03  2.12862100E-02  0.00000000E+00
   24300 -2.06240157E-02  4.18076329E-02 -2.57346116E-03  4.66888734E-02  0.00000000E+00
   24400  1.05140602E-02  3.66287202E-02 -1.73882758E-02  4.18874771E-02  0.00000000E+00
   24500  8.50856027E-03 -2.37818843E-02 -4.08780381E-02  4.80519262E-02  0.00000000E+00
   24600  1.59481061E-02 -3.41655166E-02 -4.89999134E-02  6.18273089E-02  0.00000000E+00
   24700  1.00872280E-02 -6.28468841E-02 -6.81819739E-02  9.32752088E-02  0.00000000E+00
   24800  2.63853122E-02 -6.39391707E-02 -6.18709870E-02  9.28031319E-02  0.00000000E+00
   24900  1.29013808E-02 -2.68184061E-02 -3.83957390E-02  4.85788566E-02  0.00000000E+00
   25000  3.74438982E-02 -1.33507062E-02 -1.49961961E-02  4.24873248E-02  0.00000000E+00
   25100  5.42849302E-02 -2.97674933E-02 -2.21468070E-02  6.57528582E-02  0.00000000E+00
   25200  1.77189876E-02 -2.49319166E-02 -3.15543956E-02  4.39459084E-02  0.00000000E+00
   25300  5.69823928E-03 -3.10299443E-02 -3.87328718E-02  4.99556076E-02  0.00000000E+00
   25400  2.61000828E-02  2.77376659E-02 -5.87689811E-02  7.00313185E-02  0.00000000E+00
   25500 -2.68772561E-02  1.62735070E-02 -5.51092749E-02  6.34369459E-02  0.00000000E+00
   25600 -2.92165437E-02 -2.35978927E-03 -6.78371454E-02  7.38989400E-02  0.00000000E+00
   25700 -8.16790623E-03  6.90435633E-03 -4.52503267E-02  4.64970633E-02  0.00000000E+00
   25800 -5.36866639E-02 -4.44461284E-02 -5.12790145E-02  8.65289173E-02  0.00000000E+00
   25900 -4.00125133E-02  1.35943963E-02 -1.81560433E-02  4.59940294E-02  0.00000000E+00
   26000 -4.07378690E-02  4.17438142E-03 -7.48005150E-03  4.16287233E-02  0.00000000E+00
   26100 -2.02348378E-02  1.02641675E-02 -1.62822479E-02  2.79269296E-02  0.00000000E+00
   26200 -1.93445503E-02  1.43761043E-02  6.31915069E-02  6.76317273E-02  0.00000000E+00
   26300 -3.61209524E-02 -1.77121012E-02  7.32924604E-02  8.36075743E-02  0.00000000E+00
   26400 -5.82529657E-02 -2.59780420E-03  4.91117952E-02  7.62372942E-02  0.00000000E+00
   26500 -6.45077018E-02  1.05423282E-02  1.59622331E-02  6.72843010E-02  0.00000000E+00
   26600 -1.67748540E-02  1.29391072E-02  1.19605701E-02  2.43284085E-02  0.00000000E+00
   26700  4.17708525E-03  1.30980273E-02  3.59806869E-02  3.85177386E-02  0.00000000E+00
   26800  2.19739938E-02 -1.33151269E-02  4.05740439E-02  4.80250148E-02  0.00000000E+00
   26900  3.31635078E-02 -6.26996769E-02  1.24935583E-02  7.20219184E-02  0.00000000E+00
   27000  4.80902266E-02 -3.60374158E-02  3.58636000E-02  6.99825909E-02  0.00000000E+00
   27100  5.19102941E-02 -1.14652428E-02  7.17998362E-02  8.93383843E-02  0.00000000E+00
   27200  6.50531515E-02 -3.10678767E-03  3.92980880E-02  7.60651324E-02  0.00000000E+00
   27300  6.95615205E-02  2.75109884E-02  3.64805783E-02  8.32255503E-02  0.00000000E+00
   27400 -2.10845268E-02  3.17159990E-02  2.14078508E-03  3.81450497E-02  0.00000000E+00
   27500 -6.64069289E-02 -2.16203504E-02 -1.75787722E-03  6.98599305E-02  0.00000000E+00
   27600 -4.46874701E-02  3.07364373E-03  2.40548882E-02  5.08434353E-02  0.00000000E+00
   27700 -4.80414105E-02  1.47607029E-02  3.35496531E-04  5.02590095E-02  0.00000000E+00
   27800 -1.04302645E-02 -6.35721783E-03  1.22135829E-02  1.72735707E-02  0.00000000E+00
   27900 -3.32707722E-02  2.50573843E-02  3.82164795E-03  4.18260897E-02  0.00000000E+00
   28000 -2.96014722E-02  2.03412890E-02 -1.15066949E-02  3.77149734E-02  0.00000000E+00
   28100 -3.08362232E-02 -8.71802442E-03 -5.80482607E-02  6.63059363E-02  0.00000000E+00
   28200 -2.90879756E-03  2.56891727E-02  8.23768299E-04  2.58664511E-02  0.00000000E+00
   28300 -3.36777560E-03  9.76528645E-03 -4.59957420E-02  4.71413939E-02  0.00000000E+00
   28400  2.94275845E-02 -2.29009195E-02 -4.21687218E-02  5.62906381E-02  0.00000000E+00
   28500  2.20881901E-03 -5.79966993E-02 -3.86694485E-02  6.97411088E-02  0.00000000E+00
   28600 -2.15536255E-02  7.19490584E-03 -3.71338043E-02  4.35344101E-02  0.00000000E+00
   28700 -1.49644332E-03 -1.92992729E-02 -1.43804184E-02  2.41142636E-02  0.00000000E+00
   28800 -1.40134494E-02  9.55662579E-04  4.80428377E-03  1.48449048E-02  0.00000000E+00
   28900 -4.63280791E-03 -1.10809237E-02  1.06329707E-02  1.60408804E-02  0.00000000E+00
   29000 -3.79590787E-03 -3.14689194E-03  4.69962760E-03  6.81163307E-03  0.00000000E+00
   29100 -1.93303661E-02 -1.00571194E-02  8.25358738E-04  2.18057314E-02  0.00000000E+00
   29200 -1.39455128E-02 -4.17598905E-02 -4.17090883E-03  4.42240010E-02  0.00000000E+00
   29300 -3.68083625E-03  2.10424013E-03 -1.66821192E-02  1.72124804E-02  0.00000000E+00
   29400 -1.08196045E-02  9.24734502E-03 -2.52805358E-02  2.90117686E-02  0.00000000E+00
   29500  2.67948901E-02  3.62238422E-02  2.30074086E-02  5.05912417E-02  0.00000000E+00
   29600  2.92527991E-02  3.77290704E-02  4.05618526E-02  6.26456135E-02  0.00000000E+00
   29700  3.90277442E-02  3.99465870E-02  2.61230143E-02  6.16547362E-02  0.00000000E+00
   29800  1.41742071E-02 -1.69518502E-02  6.44897163E-04  2.21063173E-02  0.00000000E+00
   29900  3.61411141E-02 -9.10051664E-03 -3.87888272E-03  3.74705919E-02  0.00000000E+00
   30000 -3.73182553E-02  2.85476811E-02 -1.93420672E-02  5.08108044E-02  0.00000000E+00
   30100 -2.84608580E-02 -1.31620496E-02 -2.86964015E-02  4.25058048E-02  0.00000000E+00
   30200 -5.73493229E-02  2.49758854E-02 -3.02936446E-02  6.95013999E-02  0.00000000E+00
   30300 -6.58105155E-02 -1.74461167E-02 -4.02744435E-02  7.91038668E-02  0.00000000E+00
   30400 -8.57554122E-02 -4.53344053E-03 -2.21463011E-02  8.86848435E-02  0.00000000E+00
   30500 -4.42814402E-02  2.02689617E-02 -3.24523040E-02  5.85220368E-02  0.00000000E+00
   30600 -4.85408332E-02  2.23463764E-03  1.66390977E-02  5.13621034E-02  0.00000000E+00
   30700 -1.98513687E-02  1.37238280E-02 -2.22362652E-02  3.28157247E-02  0.00000000E+00
   30800 -1.10752962E-02  2.05508287E-02 -5.46489064E-02  5.94264396E-02  0.00000000E+00
   30900 -8.27871272E-03 -1.18457026E-02 -4.14046511E-02  4.38543372E-02  0.00000000E+00
   31000 -5.61704664E-03 -1.26650340E-02 -4.58003072E-02  4.78499994E-02  0.00000000E+00
   31100  3.83326181E-02  3.27209772E-02  3.24291426E-02  5.99308038E-02  0.00000000E+00
   31200  4.10263835E-03  7.77985788E-03  2.19324006E-02  2.36302355E-02  0.00000000E+00
   31300  3.60405744E-02 -8.65867371E-03 -1.94530063E-02  4.18606628E-02  0.00000000E+00
   31400  2.91785661E-02 -1.51352567E-02  2.22092242E-02  3.96700687E-02  0.00000000E+00
   31500  2.30188045E-02 -7.46947453E-02 -4.29911278E-03  7.82793249E-02  0.00000000E+00
   31600 -2.01922519E-02 -5.07142226E-02  8.10633833E-03  5.51848905E-02  0.00000000E+00
   31700 -2.50348539E-02 -4.48958535E-02 -2.13598069E-02  5.56652757E-02  0.00000000E+00
   31800 -3.78370524E-02 -3.27366868E-02 -6.35600412E-02  8.08901232E-02  0.00000000E+00
   31900  1.82514759E-03 -9.83887862E-03 -6.90130843E-02  6.97347869E-02  0.00000000E+00
   32000 -1.37249410E-02 -3.96206407E-02 -5.15182823E-02  6.64251654E-02  0.00000000E+00
   32100 -5.38800188E-02 -4.33662592E-02 -5.75590576E-02  8.99818536E-02  0.00000000E+00
   32200 -4.71561597E-02 -2.89111482E-02 -1.85501629E-02  5.83409499E-02  0.00000000E+00
   32300 -5.44700579E-03 -7.11669753E-03 -2.25690235E-02  2.42832880E-02  0.00000000E+00
   32400 -2.56627164E-02 -1.54061060E-03 -4.77150467E-02  5.42003153E-02  0.00000000E+00
   32500  2.54020219E-03  1.47199382E-03 -3.10676802E-03  4.27450588E-03  0.00000000E+00
   32600  3.26145629E-02 -1.68619833E-03  1.31239398E-02  3.51964596E-02  0.00000000E+00
   32700  5.09632625E-03 -2.41760734E-02  6.76953626E-03  2.56179953E-02  0.00000000E+00
   32800  2.67845327E-04 -3.95780833E-02  3.41949111E-02  5.23047643E-02  0.00000000E+00
   32900 -1.23917712E-02 -4.92825689E-02  5.50833152E-02  7.49433066E-02  0.00000000E+00
   33000 -1.45877657E-02 -7.62501671E-02  6.64401920E-03  7.79168395E-02  0.00000000E+00
   33100 -1.52402681E-03 -5.25537939E-02 -1.47678639E-02  5.46105641E-02  0.00000000E+00
   33200  5.02916128E-02 -4.45826221E-02  6.43118920E-03  6.75145666E-02  0.00000000E+00
   33300  1.77193577E-02 -4.49232688E-02  2.70028120E-02  5.53283614E-02  0.00000000E+00
   33400  2.88187283E-02 -4.23029371E-02  2.41910038E-02  5.66150356E-02  0.00000000E+00
   33500  3.73066536E-02 -7.67234550E-02 -1.46135209E-02  8.65553577E-02  0.00000000E+00
   33600  4.67578601E-02 -5.45615261E-02 -4.46498712E-02  8.45982778E-02  0.00000000E+00
   33700  4.36746880E-02 -2.24708288E-02 -3.25883480E-02  5.89441850E-02  0.00000000E+00
   33800  1.74897216E-02 -3.52653868E-02 -1.93363736E-02  4.38569631E-02  0.00000000E+00
   33900  1.93175729E-02  2.57844551E-03  6.24736664E-03  2.04657419E-02  0.00000000E+00
   34000  2.84683557E-02 -1.37193556E-02 -2.03748279E-03  3.16673227E-02  0.00000000E+00
   34100  1.54832851E-02 -1.39747940E-02  2.52059273E-03  2.10090546E-02  0.00000000E+00
   34200 -2.41982904E-02  2.03567937E-02  4.85106980E-02  5.79072027E-02  0.00000000E+00
   34300 -3.69079551E-02  1.50354474E-02  4.02990266E-02  5.66769210E-02  0.00000000E+00
   34400 -6.53268146E-03 -2.39080037E-02 -8.53054424E-03  2.62114241E-02  0.00000000E+00
   34500 -8.39479878E-03 -1.83127279E-02  4.41355197E-03  2.06229991E-02  0.00000000E+00
   34600  2.93668480E-03 -7.61448857E-03  5.66023674E-03  9.93190988E-03  0.00000000E+00
   34700 -5.07416066E-03 -1.14227197E-02 -3.64275313E-02  3.85122146E-02  0.00000000E+00
   34800 -2.01784875E-02  1.00434536E-02 -1.50659114E-02  2.71113261E-02  0.00000000E+00
   34900 -1.16483865E-02  9.96153730E-03 -1.54016844E-02  2.17285299E-02  0.00000000E+00
   35000  2.74352209E-02 -1.66834964E-02 -1.22596499E-02  3.43704730E-02  0.00000000E+00
   35100  1.95337700E-02 -1.25786649E-02 -3.58203149E-02  4.26952684E-02  0.00000000E+00
   35200  2.78981634E-02 -4.40449335E-02 -4.94920944E-02  7.18869327E-02  0.00000000E+00
   35300 -1.31261184E-02 -4.98591154E-03 -1.55441421E-02  2.09469485E-02  0.00000000E+00
   35400  2.83415384E-02 -4.83012862E-03 -6.81548443E-03  2.95469757E-02  0.00000000E+00
   35500  3.02835827E-02  6.98522315E-03  1.30518659E-02  3.37081582E-02  0.00000000E+00
   35600 -2.59431815E-02  1.49975225E-02  4.10232258E-02  5.08023563E-02  0.00000000E+00
   35700  5.92183783E-03  8.37619546E-03  4.63678371E-02  4.74890001E-02  0.00000000E+00
   35800  4.15987988E-02  1.02579539E-02 -1.35556702E-02  4.49382007E-02  0.00000000E+00
   35900  1.00067473E-02 -2.37445131E-04  2.23633324E-03  1.02563423E-02  0.00000000E+00
   36000  3.72704457E-02  3.59610577E-02 -2.66809225E-02  5.82593805E-02  0.00000000E+00
   36100  4.52509839E-02  4.90011634E-02 -6.50326528E-02  9.31558452E-02  0.00000000E+00
   36200  2.90801932E-03  6.21456724E-02 -2.11794965E-02  6.57199532E-02  0.00000000E+00
   36300 -2.37722639E-02  3.67796060E-02 -8.13739623E-03  4.45429811E-02  0.00000000E+00
   36400 -1.77826847E-02  1.92515269E-02 -2.69126640E-02  3.75650987E-02  0.00000000E+00
   36500 -2.54565241E-02 -1.91048438E-02 -1.88801861E-02  3.70066359E-02  0.00000000E+00
   36600  2.40824030E-02 -2.02459443E-02 -3.09986649E-02  4.41676082E-02  0.00000000E+00
   36700  3.95962419E-02 -6.62207204E-03 -5.35186527E-02  6.69026188E-02  0.00000000E+00
   36800  4.07492771E-02  3.47849943E-02 -5.84853203E-02  7.93160267E-02  0.00000000E+00
   36900 -1.51786967E-02  3.65736456E-02  8.19281407E-03  4.04369458E-02  0.00000000E+00
   37000 -7.70194086E-02  1.18696069E-02  2.67365934E-03  7.79745172E-02  0.00000000E+00
   37100 -4.09518476E-02 -7.43705729E-03  6.63123916E-03  4.21466129E-02  0.00000000E+00
   37200 -2.18323040E-02 -1.46942533E-02  1.44449645E-02  3.00204527E-02  0.00000000E+00
   37300 -1.53105970E-03 -3.98786680E-03  2.55099282E-02  2.58651051E-02  0.00000000E+00
   37400 -5.98058713E-02  1.15106016E-02  3.09352590E-02  6.83097829E-02  0.00000000E+00
   37500 -3.87829695E-02 -1.59168592E-02  1.49908335E-02  4.45217949E-02  0.00000000E+00
   37600 -2.62168246E-02 -5.34517420E-03  1.94577448E-03  2.68268302E-02  0.00000000E+00
   37700 -3.09023684E-02 -1.47200111E-02  1.39535326E-02  3.69639848E-02  0.00000000E+00
   37800 -2.47437680E-02 -1.35919365E-02  5.03315420E-02  5.77083955E-02  0.00000000E+00
   37900 -1.60122574E-02  1.27262676E-02  1.25138981E-02  2.39780717E-02  0.00000000E+00
   38000  2.89438485E-02  3.73337392E-02 -2.23970930E-02  5.22798644E-02  0.00000000E+00
   38100  2.77447750E-03  2.97534117E-02  1.28457925E-03  2.99100882E-02  0.00000000E+00
   38200 -5.06768873E-02  9.59399717E-03  2.61219371E-03  5.16431529E-02  0.00000000E+00
   38300 -2.51768962E-02 -2.99100314E-02 -1.02655853E-02  4.04211371E-02  0.00000000E+00
   38400 -6.08275766E-03 -3.56454513E-02 -4.21435227E-02  5.55308441E-02  0.00000000E+00
   38500  4.93336369E-02 -6.49031122E-02 -1.69036672E-02  8.32583669E-02  0.00000000E+00
   38600  3.89949057E-02 -8.05448568E-02 -5.03825337E-03  8.96295745E-02  0.00000000E+00
   38700  5.66213068E-02 -5.03543397E-02 -5.34088976E-03  7.59608914E-02  0.00000000E+00
   38800  6.86636445E-03 -4.14224504E-02 -3.51112522E-03  4.21342421E-02  0.00000000E+00
   38900 -1.48877882E-02  7.32419149E-03  1.92340509E-02  2.54015497E-02  0.00000000E+00
   39000 -2.89659972E-02  3.44838435E-02 -3.62219619E-03  4.51805795E-02  0.00000000E+00
   39100 -2.93168722E-02  2.92305741E-03 -1.40102876E-02  3.26237861E-02  0.00000000E+00
   39200 -8.21427322E-03 -1.03029627E-02 -3.78778563E-03  1.37103116E-02  0.00000000E+00
   39300 -1.16693668E-02 -1.71039743E-02  9.61367180E-03  2.28285511E-02  0.00000000E+00
   39400  4.36017517E-02  1.99548588E-02  2.12544827E-02  5.24505689E-02  0.00000000E+00
   39500  1.12608266E-02  5.69022183E-02  1.09218894E-02  5.90250483E-02  0.00000000E+00
   39600  6.63682919E-03  2.52272140E-02  3.09313417E-03  2.62683708E-02  0.00000000E+00
   39700  1.43569333E-03  9.08562371E-03  9.69746276E-03  1.33660225E-02  0.00000000E+00
   39800  5.41481550E-03 -7.11110438E-03  4.28401588E-02  4.37626238E-02  0.00000000E+00
   39900  2.64321345E-02 -1.95631130E-03  2.32853342E-02  3.52801881E-02  0.00000000E+00
   40000  4.30572432E-02 -2.31276216E-02  1.95012597E-02  5.26223546E-02  0.00000000E+00
   40100  1.54527255E-02 -5.33097831E-02  2.70680248E-02  6.17527138E-02  0.00000000E+00
   40200  4.57021726E-02 -2.47689792E-02 -1.36785060E-02  5.37521389E-02  0.00000000E+00
   40300  7.41105391E-02  3.20257344E-03 -2.17835660E-02  7.73120445E-02  0.00000000E+00
   40400  7.66289074E-02 -1.74911998E-02 -6.66867996E-02  1.03077935E-01  0.00000000E+00
   40500  4.51423973E-02 -3.45089447E-02 -3.99054276E-02  6.94344759E-02  0.00000000E+00
   40600  1.82010895E-02 -4.87028860E-02 -3.17364931E-02  6.09135105E-02  0.00000000E+00
   40700  2.85757049E-02 -1.95931548E-02 -3.83664859E-02  5.16957432E-02  0.00000000E+00
   40800  4.52168949E-02 -4.37051102E-02 -3.38043635E-04  6.28873479E-02  0.00000000E+00
   40900  3.49169792E-02 -4.98137379E-02 -8.97635503E-03  6.14912910E-02  0.00000000E+00
   41000  3.45010001E-02  5.37101953E-03 -1.67749450E-03  3.49568427E-02  0.00000000E+00
   41100  3.67168768E-02 -6.89444547E-03 -2.68606204E-03  3.74550044E-02  0.00000000E+00
   41200  3.19382301E-02  2.56496901E-02  1.81645125E-02  4.48096715E-02  0.00000000E+00
   41300  3.93886733E-02  6.98291324E-02 -1.79462515E-02  8.21562126E-02  0.00000000E+00
   41400  6.50550233E-02  1.50248971E-02 -2.31291117E-02  7.06601684E-02  0.00000000E+00
   41500  6.07998969E-02  1.55999926E-02 -3.27790486E-02  7.08128043E-02  0.00000000E+00
   41600  5.75991601E-02 -8.99993665E-03 -4.54422942E-02  7.39166031E-02  0.00000000E+00
   41700  1.51355168E-02 -3.72253316E-02 -2.98040117E-02  5.00308734E-02  0.00000000E+00
   41800 -8.63412628E-03 -4.78016214E-02 -4.35151306E-02  6.52158703E-02  0.00000000E+00
   41900 -6.91408517E-03 -5.41433467E-02 -3.60438829E-02  6.54099997E-02  0.00000000E+00
   42000  9.15764296E-03 -5.73218283E-02 -6.81453909E-02  8.95178682E-02  0.00000000E+00
   42100  1.37934464E-03 -5.59508509E-02 -6.43247313E-02  8.52647134E-02  0.00000000E+00
   42200  1.85950883E-02 -1.03179432E-02  2.23121508E-02  3.08231947E-02  0.00000000E+00
   42300  2.92140994E-02 -3.90189495E-02 -2.85554745E-02  5.64920981E-02  0.00000000E+00
   42400 -1.00554536E-02 -1.68160880E-02 -9.79032244E-03  2.19030449E-02  0.00000000E+00
   42500  3.51688959E-02 -5.35235691E-02 -7.37246800E-03  6.44668673E-02  0.00000000E+00
   42600  6.26763350E-02 -4.96847998E-02 -1.99621231E-02  8.24341474E-02  0.00000000E+00
   42700  1.97611392E-02 -3.64699943E-02  1.38292689E-02  4.37242699E-02  0.00000000E+00
   42800  2.82725648E-02 -3.85799746E-02  2.88140902E-02  5.58390917E-02  0.00000000E+00
   42900  2.78288606E-02 -2.78127962E-02  2.10450526E-02  4.46194056E-02  0.00000000E+00
   43000  1.67213552E-02 -1.13671183E-02  2.97425761E-02  3.59643703E-02  0.00000000E+00
   43100 -8.01295168E-03 -3.44113020E-02  3.92417525E-02  5.28039794E-02  0.00000000E+00
   43200 -1.22782643E-02 -1.43616427E-02  4.93922668E-03  1.95296829E-02  0.00000000E+00
   43300  3.65802101E-03 -3.15883401E-02 -1.23286257E-02  3.41057086E-02  0.00000000E+00
   43400 -7.32904604E-03 -1.22439425E-02  2.14555961E-02  2.57676473E-02  0.00000000E+00
   43500 -2.22646484E-02 -1.92712731E-03 -2.33661745E-02  3.23327466E-02  0.00000000E+00
   43600 -6.10817778E-03  3.90026940E-02 -1.84540015E-02  4.35783220E-02  0.00000000E+00
   43700 -3.87694546E-02  6.39437506E-02  1.34426040E-02  7.59774799E-02  0.00000000E+00
   43800 -1.10317360E-01  7.32308720E-03  3.28606896E-04  1.10560642E-01  0.00000000E+00
   43900 -6.90321886E-02 -9.98472673E-03  6.68866083E-03  7.00705074E-02  0.00000000E+00
   44000 -1.14875067E-01  3.87549774E-03  2.67397490E-02  1.18009807E-01  0.00000000E+00
   44100 -4.82271830E-02 -8.23360163E-03  5.10015167E-02  7.06739562E-02  0.00000000E+00
   44200 -2.83314488E-02  3.37079000E-03  4.60835033E-02  5.42007610E-02  0.00000000E+00
   44300 -2.18053729E-02  5.07139415E-02  1.64195244E-02  5.75932195E-02  0.00000000E+00
   44400 -2.90832863E-02  4.30499376E-02 -2.77393728E-03  5.20271986E-02  0.00000000E+00
   44500 -3.39988083E-02  5.14898750E-02  1.82190464E-02  6.43355255E-02  0.00000000E+00
   44600  1.11102336E-02  5.02140487E-02  1.36025716E-02  5.31969729E-02  0.00000000E+00
   44700 -2.25051509E-02  3.04446802E-02 -2.62331882E-03  3.79505226E-02  0.00000000E+00
   44800  2.22216458E-02  2.12390764E-02  1.91272303E-02  3.62042933E-02  0.00000000E+00
   44900  3.34636966E-02 -1.28771552E-02  7.95982664E-03  3.67287211E-02  0.00000000E+00
   45000  3.41593354E-02 -2.72037949E-03  3.49545378E-03  3.44453024E-02  0.00000000E+00
   45100  2.81395945E-02  2.95040966E-03 -3.97453600E-02  4.87876556E-02  0.00000000E+00
   45200 -6.07512207E-03 -8.86265868E-03  4.08846139E-03  1.14964927E-02  0.00000000E+00
   45300  3.00417646E-02  5.52129920E-03 -1.82681474E-02  3.55909761E-02  0.00000000E+00
   45400  4.35331129E-02 -3.39170369E-02 -9.07904770E-03  5.59278680E-02  0.00000000E+00
   45500  1.30685631E-02 -6.36815406E-02 -2.46844598E-03  6.50555085E-02  0.00000000E+00
   45600  1.37662884E-03 -1.69369861E-02  7.43515966E-03  1.85482669E-02  0.00000000E+00
   45700 -1.38929666E-02  1.42511992E-02  1.27012079E-02  2.36099954E-02  0.00000000E+00
   45800  3.91143742E-03 -2.03556286E-02 -8.19966349E-04  2.07442355E-02  0.00000000E+00
   45900  1.10397117E-02  1.32545208E-03 -1.13046603E-03  1.11763148E-02  0.00000000E+00
   46000  4.03307759E-02  1.22449865E-02 -7.31828677E-03  4.27792999E-02  0.00000000E+00
   46100  6.27257213E-02  6.55690929E-03 -2.27025862E-02  6.70292219E-02  0.00000000E+00
   46200  8.01089789E-02 -4.42195722E-02 -6.70620611E-03  9.17485273E-02  0.00000000E+00
   46300  5.07179615E-02 -5.40152589E-02 -3.41742282E-03  7.41730315E-02  0.00000000E+00
   46400  1.90060252E-02 -4.25997873E-02 -1.83241593E-02  5.01173192E-02  0.00000000E+00
   46500  2.75916586E-02 -6.57845005E-02 -6.06752886E-02  9.36503645E-02  0.00000000E+00
   46600 -1.64440495E-02 -3.21454532E-02  1.34356593E-02  3.85260155E-02  0.00000000E+00
   46700 -6.09525896E-02 -2.77682505E-02 -1.01019540E-02  6.77373117E-02  0.00000000E+00
   46800 -1.51876725E-02 -1.59476337E-03 -6.23563692E-02  6.41991078E-02  0.00000000E+00
   46900 -5.95116569E-02  1.42441896E-03 -3.82187348E-02  7.07413455E-02  0.00000000E+00
   47000 -4.69815872E-02  2.52304011E-02 -3.47023395E-02  6.36246418E-02  0.00000000E+00
   47100 -1.12297025E-02  3.51965110E-02 -1.70399822E-02  4.06849062E-02  0.00000000E+00
   47200 -1.08751113E-02  4.03328564E-02 -2.26327853E-02  4.75105285E-02  0.00000000E+00
   47300 -4.12364479E-02  1.01557677E-02 -1.16813031E-02  4.40458522E-02  0.00000000E+00
   47400 -2.61519305E-02  2.42700701E-02  1.89090291E-02  4.03795883E-02  0.00000000E+00
   47500  1.32011588E-02  4.94811502E-03  6.36172196E-03  1.54669306E-02  0.00000000E+00
   47600  9.47483745E-03 -3.84223253E-02  1.58072732E-02  4.26135837E-02  0.00000000E+00
   47700  2.29365243E-02 -2.73353089E-02  1.07417960E-02  3.72651236E-02  0.00000000E+00
   47800 -2.39352677E-02 -8.86175694E-03  9.91417744E-03  2.73809914E-02  0.00000000E+00
   47900 -3.56721977E-02 -2.24023699E-02 -2.20539150E-02  4.75473136E-02  0.00000000E+00
   48000 -6.07801010E-02 -5.10263147E-02  1.15218760E-02  8.01913904E-02  0.00000000E+00
   48100 -2.88942018E-02 -1.68177171E-02  1.97846525E-02  3.88476895E-02  0.00000000E+00
   48200 -3.91468777E-03 -3.15813724E-02  7.18449457E-02  7.85773764E-02  0.00000000E+00
   48300 -1.37904918E-02 -3.63797786E-02  8.26884185E-02  9.13840276E-02  0.00000000E+00
   48400  6.05098481E-03 -4.82310187E-02  5.40256460E-02  7.26747275E-02  0.00000000E+00
   48500 -3.75685458E-02 -5.00866936E-02  3.54309252E-02  7.19404126E-02  0.00000000E+00
   48600 -1.26818093E-03 -5.50650498E-02  5.18172491E-02  7.56227168E-02  0.00000000E+00
   48700  1.93693482E-02 -4.40249628E-02  1.38158178E-02  5.00424403E-02  0.00000000E+00
   48800  3.73119588E-02 -4.02290947E-02  2.60416781E-02  6.07349267E-02  0.00000000E+00
   48900  2.87352764E-02 -2.77363022E-02  7.39785379E-03  4.06170753E-02  0.00000000E+00
   49000  1.98475738E-02  2.64882799E-03  5.33864591E-02  5.70180365E-02  0.00000000E+00
   49100 -1.94044337E-02 -1.58111313E-02  4.93232070E-02  5.53109633E-02  0.00000000E+00
   49200 -3.71655803E-02  7.24936731E-03  6.54924469E-02  7.56511354E-02  0.00000000E+00
   49300 -6.79099594E-02  2.03568245E-02 -6.16562095E-03  7.11630365E-02  0.00000000E+00
   49400 -6.82114548E-02 -2.35867853E-02  2.58550562E-02  7.66656568E-02  0.00000000E+00
   49500 -5.90127126E-02  4.58027414E-03  9.77701263E-03  5.99922423E-02  0.00000000E+00
   49600 -8.53869133E-02  1.63368821E-02  1.98235113E-02  8.91672041E-02  0.00000000E+00
   49700 -8.85993635E-02 -5.79718366E-04  3.03129473E-02  9.36432489E-02  0.00000000E+00
   49800 -6.42055443E-02 -1.97459545E-02  3.40903411E-02  7.53286532E-02  0.00000000E+00
   49900 -5.57483901E-02 -5.01864363E-02  4.91851141E-02  8.96980314E-02  0.00000000E+00
   50000 -9.57756964E-02 -3.81542185E-02  3.63344765E-02  1.09311127E-01  0.00000000E+00
   50100 -2.15622214E-02 -3.37057322E-02  3.37789472E-02  5.23643299E-02  0.00000000E+00
   50200 -6.13958392E-02 -1.37810881E-02  5.82284961E-02  8.57317049E-02  0.00000000E+00
   50300 -4.05964653E-02  1.80383595E-02  3.94482476E-02  5.94106021E-02  0.00000000E+00
   50400  4.89307129E-03 -8.67718716E-03  1.72205341E-02  1.98942836E-02  0.00000000E+00
   50500 -9.79414025E-03 -2.66332793E-02  5.77476758E-03  2.89586721E-02  0.00000000E+00
   50600 -8.90960117E-03 -1.47476690E-02  1.55148271E-02  2.31858705E-02  0.00000000E+00
   50700 -2.41908389E-03 -2.89113915E-02  5.26850454E-02  6.01451123E-02  0.00000000E+00
   50800  1.65914554E-02 -3.41594311E-02  3.64670406E-02  5.26496740E-02  0.00000000E+00
   50900 -7.24637035E-04 -4.14478176E-02  4.23345852E-02  5.92508548E-02  0.00000000E+00
   51000  3.82403566E-02 -1.00830215E-02 -1.96057654E-02  4.41404376E-02  0.00000000E+00
   51100  9.63594742E-03  1.45409998E-02  9.00954880E-03  1.96332404E-02  0.00000000E+00
   51200  3.18409194E-02 -1.03498186E-02 -1.71927976E-02  3.76371517E-02  0.00000000E+00
   51300  5.70359258E-02 -2.91828223E-02 -1.84376915E-02  6.66684514E-02  0.00000000E+00
   51400  4.72054777E-02 -3.91557143E-02 -1.85546477E-04  6.13315703E-02  0.00000000E+00
   51500  6.68686152E-02 -3.36458503E-02 -2.74258707E-02  7.97222261E-02  0.00000000E+00
   51600  1.76240677E-02 -1.61484285E-02 -3.61084146E-02  4.33035462E-02  0.00000000E+00
   51700  2.53523484E-03 -4.67014664E-03 -2.82901346E-02  2.87848814E-02  0.00000000E+00
   51800  4.26831353E-02 -1.21444780E-02 -7.62837728E-03  4.50281082E-02  0.00000000E+00
   51900  5.76140891E-02 -4.90038094E-03  1.16999080E-02  5.89939391E-02  0.00000000E+00
   52000  2.07592254E-02  4.58285858E-02  2.28354333E-02  5.52508980E-02  0.00000000E+00
   52100  3.40926736E-02  1.01102997E-02  3.96492108E-02  5.32596327E-02  0.00000000E+00
   52200 -5.25418058E-03  2.57714443E-02  1.99073522E-02  3.29860035E-02  0.00000000E+00
   52300 -4.79644157E-02  3.33747709E-03  2.91519592E-02  5.62277569E-02  0.00000000E+00
   52400 -4.84991869E-02  2.87523725E-02 -1.23693619E-02  5.77223627E-02  0.00000000E+00
   52500 -6.30332663E-02  4.41999440E-02 -1.18568016E-02  7.78935906E-02  0.00000000E+00
   52600 -6.39748362E-02  4.90417630E-02 -1.63381690E-02  8.22484647E-02  0.00000000E+00
   52700 -4.43500918E-02  4.38120821E-02  1.61166222E-03  6.23620609E-02  0.00000000E+00
   52800  3.18516830E-02  2.70334836E-02 -1.13317119E-02  4.32867952E-02  0.00000000E+00
   52900  1.96945195E-02  2.57449146E-03 -1.42278548E-02  2.44322319E-02  0.00000000E+00
   53000  2.92853579E-02  2.86709612E-02  1.93202702E-02  4.53092600E-02  0.00000000E+00
   53100  7.77107213E-03  5.21451386E-02  7.93883351E-03  5.33153835E-02  0.00000000E+00
   53200  1.15086440E-02  3.14587131E-03 -3.16010394E-02  3.37782635E-02  0.00000000E+00
   53300 -2.93761537E-03  1.59085285E-02 -2.74102749E-02  3.18281955E-02  0.00000000E+00
   53400  4.84915072E-04 -2.84284734E-02 -2.62428832E-02  3.86924044E-02  0.00000000E+00
   53500 -5.37999473E-03  1.26444647E-02 -6.28618901E-02  6.43462824E-02  0.00000000E+00
   53600  1.00711801E-03 -3.52750098E-02 -6.67606633E-02  7.55137522E-02  0.00000000E+00
   53700 -3.71547466E-03 -3.65737642E-02 -1.50724007E-02  3.97318794E-02  0.00000000E+00
   53800 -4.49561360E-02 -1.80963829E-02 -2.99416241E-02  5.69652007E-02  0.00000000E+00
   53900 -2.42516640E-02  1.16836894E-02 -1.97473234E-02  3.33857543E-02  0.00000000E+00
   54000 -1.96787088E-02  1.79227499E-02 -5.04123796E-02  5.70077588E-02  0.00000000E+00
   54100 -4.00838778E-02  8.49804793E-03 -1.83136197E-02  4.48812071E-02  0.00000000E+00
   54200  4.42967830E-03  3.31921446E-02  9.71685050E-03  3.48677171E-02  0.00000000E+00
   54300  2.22611953E-02  4.38169875E-02 -8.11801738E-03  4.98135666E-02  0.00000000E+00
   54400  3.72810791E-02  2.39485130E-02 -1.40030654E-02  4.64703773E-02  0.00000000E+00
   54500  4.19055081E-02  4.82254245E-04  5.09964891E-03  4.22174206E-02  0.00000000E+00
   54600  2.59750209E-02 -1.46471090E-02  1.51558918E-02  3.34505691E-02  0.00000000E+00
   54700  3.16223280E-02 -6.45700721E-02 -1.68057264E-03  7.19172453E-02  0.00000000E+00
   54800  3.51518548E-02 -3.13060436E-02  1.38055374E-02  4.90541958E-02  0.00000000E+00
   54900  4.33344242E-02 -3.32279016E-02 -4.70000152E-03  5.48092673E-02  0.00000000E+00
   55000  5.10185647E-02 -5.32066754E-02 -7.63018949E-03  7.41084613E-02  0.00000000E+00
   55100  2.51650231E-02 -4.91088365E-02 -4.43914410E-02  7.08205920E-02  0.00000000E+00
   55200  8.69358993E-03 -1.82144807E-02 -3.27993198E-02  3.85115722E-02  0.00000000E+00
   55300 -7.23371844E-02 -3.65879229E-02  1.26690321E-02  8.20478441E-02  0.00000000E+00
   55400 -5.02671037E-02 -1.56618526E-02  3.56998195E-02  6.36125180E-02  0.00000000E+00
   55500 -7.20118915E-02 -3.68757658E-02  1.66304437E-03  8.09215691E-02  0.00000000E+00
   55600 -5.04465206E-02 -6.93284835E-03 -4.25824503E-02  6.63790697E-02  0.00000000E+00
   55700 -5.81925816E-02 -2.95597263E-02 -3.97418635E-02  7.64170771E-02  0.00000000E+00
   55800 -4.94042246E-02 -1.34671683E-02 -3.07162684E-02  5.97129063E-02  0.00000000E+00
   55900 -5.30707723E-02 -1.60719219E-02 -3.22138945E-02  6.41291552E-02  0.00000000E+00
   56000 -7.80651857E-02  1.06428867E-02  4.31270870E-04  7.87885160E-02  0.00000000E+00
   56100 -8.93113046E-02 -2.11036053E-03  3.16613681E-02  9.47808260E-02  0.00000000E+00
   56200 -9.56074229E-02 -7.88589354E-03  3.82896175E-02  1.03291149E-01  0.00000000E+00
   56300 -9.50782966E-02 -7.63865142E-03  1.92691822E-02  9.73115249E-02  0.00000000E+00
   56400 -4.56221725E-02  1.09028385E-02 -7.97391542E-03  4.75798050E-02  0.00000000E+00
   56500 -2.33621656E-02 -2.70547418E-02  4.07923737E-02  5.42380640E-02  0.00000000E+00
   56600 -1.37514207E-02 -1.70135324E-02  5.23924470E-02  5.67761425E-02  0.00000000E+00
   56700  6.23145022E-03 -9.38861854E-03  5.92373139E-02  6.02995563E-02  0.00000000E+00
   56800 -2.63888489E-02 -1.73012114E-02  7.25225645E-02  7.90899843E-02  0.00000000E+00
   56900 -7.04586863E-03  2.42419569E-03  5.45470174E-02  5.50535929E-02  0.00000000E+00
   57000 -2.73849876E-02 -2.52373431E-02  2.33670527E-02  4.39645332E-02  0.00000000E+00
   57100 -2.05221727E-02 -1.00021120E-02  3.81905010E-02  4.44940016E-02  0.00000000E+00
   57200 -3.11838540E-02 -3.45035454E-02  3.98755366E-02  6.12616178E-02  0.00000000E+00
   57300  1.93664083E-02 -1.23782188E-02  2.04685775E-02  3.07772763E-02  0.00000000E+00
   57400  2.50196817E-02 -3.99869483E-02  1.86352979E-02  5.07170074E-02  0.00000000E+00
   57500  4.75304515E-02 -1.57615568E-02 -2.60901320E-02  5.64647278E-02  0.00000000E+00
   57600  2.72028168E-02 -1.41280784E-02 -2.92357921E-02  4.23595017E-02  0.00000000E+00
   57700 -1.48200385E-02 -8.94781267E-03  4.87436611E-04  1.73186168E-02  0.00000000E+00
   57800  4.83614220E-02 -2.27671656E-02 -1.35873579E-02  5.51524003E-02  0.00000000E+00
   57900  1.68719383E-02 -4.43109639E-02  1.38535046E-02  4.93967956E-02  0.00000000E+00
   58000  1.64479933E-02 -6.89194389E-02  1.49677453E-02  7.24186367E-02  0.00000000E+00
   58100 -1.24886250E-04 -4.23734738E-02  3.76216174E-02  5.66649184E-02  0.00000000E+00
   58200  9.54789600E-03 -5.03820747E-02 -2.06075053E-02  5.52646817E-02  0.00000000E+00
   58300  6.32095116E-03 -2.39706700E-02  1.75092984E-02  3.03500078E-02  0.00000000E+00
   58400 -2.38973617E-02  3.66090551E-02  4.70525724E-03  4.39709706E-02  0.00000000E+00
   58500 -3.19864002E-02  5.71325276E-02 -2.71632379E-02  7.08879186E-02  0.00000000E+00
   58600  5.99786351E-04  8.38697739E-02 -5.07633497E-02  9.80378314E-02  0.00000000E+00
   58700  2.38596977E-02  3.64517487E-04 -1.34400010E-02  2.73870713E-02  0.00000000E+00
   58800  1.90511377E-02 -4.38403101E-03 -9.77766313E-03  2.18579110E-02  0.00000000E+00
   58900 -2.05022962E-02 -1.98632089E-02  8.60717684E-04  2.85592726E-02  0.00000000E+00
   59000 -3.25719379E-02  2.09776943E-02  3.20247855E-04  3.87439977E-02  0.00000000E+00
   59100 -5.16864021E-03 -7.95143181E-03  1.90578471E-03  9.67326857E-03  0.00000000E+00
   59200  1.31440795E-02 -1.20164820E-02  4.30538597E-02  4.65918179E-02  0.00000000E+00
   59300 -7.05077389E-03 -3.70654310E-02  2.95389227E-02  4.79177164E-02  0.00000000E+00
   59400 -1.31488805E-02 -5.21577233E-02  1.60944773E-02  5.61458223E-02  0.00000000E+00
   59500  6.29319140E-03  3.54456017E-02  1.47030074E-02  3.88866734E-02  0.00000000E+00
   59600 -2.11728058E-02 -7.60432610E-04  1.02362852E-02  2.35297152E-02  0.00000000E+00
   59700 -1.49660127E-02 -2.74070428E-03  4.55573291E-02  4.80308571E-02  0.00000000E+00
   59800 -5.73962330E-02 -1.79771484E-02  7.28741234E-03  6.05855742E-02  0.00000000E+00
   59900 -1.17071983E-02 -1.37139457E-02 -6.89582891E-03  1.93050060E-02  0.00000000E+00
   60000  3.56661283E-02 -6.89546212E-02 -6.01478341E-03  7.78652048E-02  0.00000000E+00
   60100  4.39882447E-03 -6.02283189E-02 -3.85544451E-02  7.16466697E-02  0.00000000E+00
   60200 -3.62791181E-02 -3.41154767E-02 -5.24055860E-02  7.22937453E-02  0.00000000E+00
   60300  2.52439911E-02  6.90758946E-03 -5.02800226E-02  5.66838121E-02  0.00000000E+00
   60400 -1.31456512E-02  3.92634014E-02 -6.12102642E-02  7.38993861E-02  0.00000000E+00
   60500 -2.85274082E-02  1.09516096E-02 -3.90624948E-02  4.95946496E-02  0.00000000E+00
   60600 -3.16663831E-02 -9.66127543E-03 -2.57139339E-02  4.19202393E-02  0.00000000E+00
   60700 -2.29653251E-03 -1.00885176E-02 -3.82554430E-02  3.96299276E-02  0.00000000E+00
   60800 -1.81825532E-02 -1.65393833E-02 -7.87039474E-02  8.24528215E-02  0.00000000E+00
   60900 -3.60706893E-02 -1.54264093E-03 -6.64869043E-03  3.67107539E-02  0.00000000E+00
   61000 -8.16848194E-03 -4.06459598E-03 -1.87363196E-02  2.08397387E-02  0.00000000E+00
   61100 -2.88318297E-02  6.61625183E-03 -4.98626226E-02  5.79769810E-02  0.00000000E+00
   61200  6.29969678E-03  2.11826736E-02 -3.64635751E-02  4.26378253E-02  0.00000000E+00
   61300 -2.41341695E-02  3.77823034E-02 -6.80989916E-02  8.15317929E-02  0.00000000E+00
   61400 -3.25492570E-02  2.42777988E-02 -5.69163911E-02  6.99166734E-02  0.00000000E+00
   61500 -6.41656254E-03 -4.61666077E-04 -4.06282929E-02  4.11344575E-02  0.00000000E+00
   61600  1.59306881E-02  3.08920702E-02 -4.70959670E-02  5.85332123E-02  0.00000000E+00
   61700 -5.30048428E-03  1.23858155E-02 -5.83994927E-02  5.99333321E-02  0.00000000E+00
   61800 -3.96840984E-02  5.99200286E-02 -5.04907590E-02  8.78325352E-02  0.00000000E+00
   61900 -4.18689735E-02  4.91268905E-02 -5.72557459E-02  8.62825750E-02  0.00000000E+00
   62000 -1.88257823E-02  3.19872658E-02 -4.28388638E-02  5.66812447E-02  0.00000000E+00
   62100 -9.41116720E-05  3.27267211E-02 -3.67458263E-02  4.92067362E-02  0.00000000E+00
   62200  1.10055822E-02  4.00557521E-02 -6.62102117E-02  7.81625118E-02  0.00000000E+00
   62300  4.88858665E-02 -1.45883418E-04 -9.19538804E-02  1.04141084E-01  0.00000000E+00
   62400  6.40411817E-02 -1.74292614E-02 -6.28438479E-02  9.14024142E-02  0.00000000E+00
   62500  3.05192823E-02 -9.37550085E-03 -2.36880108E-02  3.97548546E-02  0.00000000E+00
   62600  1.56857328E-03 -6.34540609E-03  1.52183578E-02  1.65626995E-02  0.00000000E+00
   62700  8.23313257E-03 -3.07129147E-02 -4.86843588E-03  3.21678297E-02  0.00000000E+00
   62800 -1.67603656E-02 -2.85669061E-02  2.13410012E-02  3.94007146E-02  0.00000000E+00
   62900 -9.58982438E-03 -3.07617993E-02 -1.32068052E-02  3.48234509E-02  0.00000000E+00
   63000 -4.79772836E-03 -7.09582087E-03 -6.79034978E-03  1.09305865E-02  0.00000000E+00
   63100  6.97418561E-03  6.92900728E-02  3.13043392E-02  7.63525710E-02  0.00000000E+00
   63200 -1.17543453E-02  3.38964534E-02  1.42541451E-02  3.86045961E-02  0.00000000E+00
   63300  3.81418058E-02 -4.45263466E-04  2.14221242E-02  4.37481773E-02  0.00000000E+00
   63400  8.34753385E-03 -3.00384373E-02 -5.17857001E-04  3.11810393E-02  0.00000000E+00
   63500 -1.50617251E-02 -5.55916721E-02  1.83992504E-03  5.76252974E-02  0.00000000E+00
   63600  8.45619029E-03 -4.46410267E-02  2.27319994E-02  5.08042539E-02  0.00000000E+00
   63700 -7.60089338E-03  1.06677536E-02  3.73536571E-02  3.95837119E-02  0.00000000E+00
   63800  4.42629223E-03  9.72186766E-03  2.07729200E-02  2.33585312E-02  0.00000000E+00
   63900  2.94234338E-02  4.22325493E-03  3.75612654E-02  4.79001357E-02  0.00000000E+00
   64000  5.69297844E-02 -3.50556301E-02  3.23182128E-02  7.42587667E-02  0.00000000E+00
   64100  4.62744510E-02 -6.33721704E-02  3.76233383E-03  7.85589712E-02  0.00000000E+00
   64200 -6.72403441E-03 -2.05868883E-02 -1.78235655E-02  2.80483884E-02  0.00000000E+00
   64300  7.54532680E-03 -1.01796408E-02  2.24437204E-02  2.57735840E-02  0.00000000E+00
   64400  1.77693898E-02 -1.12898218E-02  2.25594774E-02  3.08567871E-02  0.00000000E+00
   64500  5.20885625E-02 -3.57767386E-02  1.18461480E-03  6.32028218E-02  0.00000000E+00
   64600  6.53022729E-02 -2.04862440E-02 -8.80985553E-03  6.90049751E-02  0.00000000E+00
   64700  8.66991069E-03 -1.09404223E-02 -2.68712764E-03  1.42155143E-02  0.00000000E+00
   64800  1.81315602E-02 -2.73064367E-03  1.76757539E-02  2.54684543E-02  0.00000000E+00
   64900  5.93719360E-02  1.47914268E-02  3.92864312E-02  7.27133878E-02  0.00000000E+00
   65000  5.62164080E-02 -1.50045183E-02  3.58676554E-02  6.83513628E-02  0.00000000E+00
   65100  3.55682334E-02 -3.58574584E-02  2.85277321E-02  5.80059312E-02  0.00000000E+00
   65200  1.98442427E-02 -2.00963452E-02  2.83365408E-02  4.00077068E-02  0.00000000E+00
   65300  3.16862112E-02 -9.92541548E-03  2.65747414E-02  4.25293631E-02  0.00000000E+00
   65400  1.91337084E-02  6.92051261E-02  5.24477503E-02  8.89168982E-02  0.00000000E+00
   65500  7.57961171E-03  6.33464518E-02  3.12283952E-02  7.10312335E-02  0.00000000E+00
   65600  7.35603103E-03  4.91935915E-02 -2.03895865E-02  5.37573798E-02  0.00000000E+00
   65700  2.99031752E-02  3.54035950E-02  3.53884226E-02  5.83091321E-02  0.00000000E+00
   65800 -5.89047691E-03  1.29480561E-02  3.31124901E-02  3.60386859E-02  0.00000000E+00
   65900  1.99727733E-02  6.52848900E-02  2.53982029E-02  7.28429629E-02  0.00000000E+00
   66000  8.67907298E-03  6.03608229E-02  3.48856428E-02  7.02549879E-02  0.00000000E+00
   66100 -7.05334350E-03  5.13925625E-02  7.11819560E-02  8.80784650E-02  0.00000000E+00
   66200  2.88779562E-04  7.08129199E-02  7.11927888E-02  1.00413974E-01  0.00000000E+00
   66300 -2.13419920E-02  2.70845779E-02  9.05240929E-02  9.68693263E-02  0.00000000E+00
   66400 -3.55931198E-02  2.44064392E-02  9.29738312E-02  1.02502087E-01  0.00000000E+00
   66500 -5.73522981E-02 -3.69849178E-03  7.08887792E-02  9.12588843E-02  0.00000000E+00
   66600 -9.57123257E-02  9.66427641E-03  5.22590826E-02  1.09477209E-01  0.00000000E+00
   66700 -6.77457007E-02  1.38120526E-02  4.09406348E-02  8.03516542E-02  0.00000000E+00
   66800 -2.53764094E-02  1.81407381E-02  4.14991801E-02  5.19156092E-02  0.00000000E+00
   66900 -2.44834851E-02  4.06953338E-02  3.66142017E-02  5.99679164E-02  0.00000000E+00
   67000 -3.68592525E-02  2.40521036E-02  1.96725959E-02  4.82091196E-02  0.00000000E+00
   67100 -6.06393383E-02  2.17338414E-02 -6.63056144E-03  6.47568803E-02  0.00000000E+00
   67200 -5.53820933E-02  2.35989083E-02  2.54686306E-02  6.53661676E-02  0.00000000E+00
   67300 -4.49424035E-02  2.30714382E-02  2.06642415E-02  5.45813317E-02  0.00000000E+00
   67400 -1.19867943E-02  4.81916320E-03 -2.39923735E-02  2.72496157E-02  0.00000000E+00
   67500  4.69235441E-02 -3.22535056E-02  3.47339743E-02  6.66975006E-02  0.00000000E+00
   67600  3.14584522E-02 -4.49185103E-02  1.59952678E-02  5.71240351E-02  0.00000000E+00
   67700  3.17662055E-02 -1.59339313E-02  9.18757113E-03  3.67068583E-02  0.00000000E+00
   67800 -7.42586586E-03  4.69079616E-03  2.77937257E-02  2.91485547E-02  0.00000000E+00
   67900 -7.26033496E-02  1.25433960E-02 -6.63392433E-03  7.39769701E-02  0.00000000E+00
   68000 -7.24682176E-02 -2.22345090E-02 -1.31465148E-02  7.69340419E-02  0.00000000E+00
   68100 -1.08111175E-02 -1.35681449E-02 -2.67912985E-02  3.19178398E-02  0.00000000E+00
   68200  3.79682073E-02 -1.79405391E-02  1.47368658E-02  4.45041899E-02  0.00000000E+00
   68300  2.30284130E-02  1.48894795E-02  3.73044869E-02  4.62993428E-02  0.00000000E+00
   68400  2.95266807E-02  2.46399285E-02  9.71296652E-02  1.04465893E-01  0.00000000E+00
   68500  2.43128002E-02  5.51241637E-02  7.19530327E-02  9.38457489E-02  0.00000000E+00
   68600  1.51723070E-02  7.15821527E-02  8.06761850E-03  7.36158268E-02  0.00000000E+00
   68700  4.64316075E-02  4.31961929E-02 -4.67443264E-02  7.87834837E-02  0.00000000E+00
   68800  3.08103195E-02  4.20974654E-02 -2.53671512E-03  5.22293720E-02  0.00000000E+00
   68900  5.41354031E-02  2.94184412E-02  5.25146342E-03  6.18357860E-02  0.00000000E+00
   69000  2.16057625E-02 -2.07711967E-03  1.84312222E-02  2.84751357E-02  0.00000000E+00
   69100  1.04977212E-02 -1.06093134E-02  1.95932212E-04  1.49264219E-02  0.00000000E+00
   69200  6.37286009E-03  7.05499636E-03  1.93007494E-02  2.15152329E-02  0.00000000E+00
   69300 -9.28295845E-03 -1.03300474E-02  2.78386808E-02  3.11106950E-02  0.00000000E+00
   69400  6.24679069E-02 -2.41448036E-02  3.23559609E-02  7.43782168E-02  0.00000000E+00
   69500  4.03083485E-02 -2.49373706E-02  4.90066231E-02  6.81783288E-02  0.00000000E+00
   69600  6.98140464E-02 -1.79343835E-02  2.47740863E-02  7.62194105E-02  0.00000000E+00
   69700  7.74704104E-02 -1.80668625E-02  1.61720940E-02  8.11764291E-02  0.00000000E+00
   69800  2.85976324E-02 -2.63253780E-02  4.84400081E-02  6.21070406E-02  0.00000000E+00
   69900  1.06692189E-03 -3.65240900E-02  3.68436405E-02  5.18902816E-02  0.00000000E+00
   70000 -1.81337576E-02 -1.20460051E-03  4.25570529E-02  4.62751227E-02  0.00000000E+00
   70100  1.15811130E-02  6.06238822E-03  3.76896645E-02  3.98921740E-02  0.00000000E+00
   70200 -1.20504021E-02 -7.06786526E-02  3.11087204E-02  7.81564880E-02  0.00000000E+00
   70300 -1.67289843E-02 -6.41535365E-02  2.62475930E-02  7.13054787E-02  0.00000000E+00
   70400 -2.62080359E-02 -5.81271052E-02  1.28556612E-02  6.50452883E-02  0.00000000E+00
   70500 -5.70596528E-02 -5.92649571E-02  5.08481055E-02  9.67143679E-02  0.00000000E+00
   70600 -2.79805070E-02 -6.81359170E-02  2.22945130E-02  7.69575030E-02  0.00000000E+00
   70700 -2.95021812E-02 -1.92079308E-02  2.02607566E-02  4.06179956E-02  0.00000000E+00
   70800 -4.52812859E-02 -5.69730701E-03  5.00958786E-02  6.77676266E-02  0.00000000E+00
   70900 -4.69820405E-02  3.56538589E-02  7.32927246E-02  9.40762099E-02  0.00000000E+00
   71000 -1.68677422E-02  3.84434239E-02  2.34020479E-02  4.80632231E-02  0.00000000E+00
   71100 -1.07573664E-02 -3.98965533E-02  3.12952488E-02  5.18348193E-02  0.00000000E+00
   71200 -7.76400094E-02 -8.06284349E-02  3.70190805E-02  1.17895411E-01  0.00000000E+00
   71300 -6.16477613E-02 -4.13797105E-02 -2.42086232E-02  7.80947140E-02  0.00000000E+00
   71400 -5.37266102E-02 -5.02215448E-02  1.25760978E-02  7.46117312E-02  0.00000000E+00
   71500 -3.34559020E-02 -4.85388605E-02  4.02809931E-02  7.13994171E-02  0.00000000E+00
   71600 -3.61882818E-03 -3.04187401E-02  6.34908408E-02  7.04945568E-02  0.00000000E+00
   71700  1.25575084E-02  1.10224134E-02  7.20245726E-02  7.39372955E-02  0.00000000E+00
   71800  9.09913675E-03 -2.59252121E-02  2.43341174E-02  3.67023185E-02  0.00000000E+00
   71900  2.45053384E-02 -3.37017457E-02 -3.94239026E-03  4.18552471E-02  0.00000000E+00
   72000  7.44573755E-03 -1.67648984E-02 -1.62369363E-02  2.44977331E-02  0.00000000E+00
   72100  4.98893158E-02  2.20808370E-02 -5.11224930E-03  5.47963711E-02  0.00000000E+00
   72200  7.02151025E-02  1.52580922E-02  2.26733908E-02  7.53462186E-02  0.00000000E+00
   72300  5.08435502E-02  8.06466546E-03  4.47343640E-02  6.82002108E-02  0.00000000E+00
   72400  8.50659386E-02 -5.04626459E-03  8.30234620E-03  8.56189678E-02  0.00000000E+00
   72500  3.30266630E-02 -1.91171587E-02  2.97756779E-02  4.84026572E-02  0.00000000E+00
   72600  3.38513404E-02  4.18136315E-02  2.05720875E-02  5.75977761E-02  0.00000000E+00
   72700  4.95957332E-02  9.26925178E-03 -1.40859353E-02  5.23838654E-02  0.00000000E+00
   72800  5.82721240E-02 -2.21287905E-04 -1.99576195E-02  6.15954218E-02  0.00000000E+00
   72900 -6.54358381E-03 -1.69075713E-02  1.23190263E-02  2.19190069E-02  0.00000000E+00
   73000 -5.28425482E-03 -3.61926398E-02  1.11059047E-02  3.82252749E-02  0.00000000E+00
   73100 -1.61896731E-02 -3.00801911E-02 -8.93961255E-04  3.41719560E-02  0.00000000E+00
   73200  2.00882157E-02 -5.93219742E-02  2.58042609E-02  6.77384154E-02  0.00000000E+00
   73300  1.76838923E-02 -5.59334930E-02  5.61869902E-02  8.12296347E-02  0.00000000E+00
   73400 -1.90738573E-02 -2.86801838E-02  3.21162942E-02  4.70937504E-02  0.00000000E+00
   73500  8.38020416E-03 -3.54382698E-02 -1.09054212E-02  3.80135108E-02  0.00000000E+00
   73600  1.31152584E-02 -7.58180981E-03 -3.25675364E-02  3.59184948E-02  0.00000000E+00
   73700  1.55456218E-02  5.31456831E-02  1.07629351E-03  5.53831057E-02  0.00000000E+00
   73800  2.07629739E-02  4.54126536E-02  3.53641013E-03  5.00591289E-02  0.00000000E+00
   73900  3.39280618E-02  2.70259239E-02 -3.32267145E-02  5.46399899E-02  0.00000000E+00
   74000  2.15204086E-02  5.08185319E-02 -2.18028814E-02  5.93381565E-02  0.00000000E+00
   74100  1.71096991E-02  5.90898049E-02 -3.71731510E-02  7.18762131E-02  0.00000000E+00
   74200  1.29911944E-02  6.03765692E-02 -5.33633706E-02  8.16195476E-02  0.00000000E+00
   74300 -2.28886414E-02  6.41987969E-02 -4.34361411E-02  8.08212458E-02  0.00000000E+00
   74400  7.88248726E-03  2.61286617E-02 -3.87595176E-02  4.74040164E-02  0.00000000E+00
   74500  6.76668951E-04 -1.79193386E-02 -1.71226105E-02  2.47940389E-02  0.00000000E+00
   74600  3.35738543E-02 -6.01711177E-02  1.12312943E-02  6.98133875E-02  0.00000000E+00
   74700  4.59463206E-02 -2.45978169E-02  3.29112955E-02  6.16382215E-02  0.00000000E+00
   74800  3.86657903E-02  1.40462428E-02  2.27812520E-02  4.70247352E-02  0.00000000E+00
   74900  5.74610078E-02  3.31664435E-02 -2.61166769E-04  6.63464287E-02  0.00000000E+00
   75000  2.76363837E-02  4.46578463E-03 -2.89437289E-02  4.02672619E-02  0.00000000E+00
   75100  1.85989917E-02 -1.14831921E-02 -2.61941053E-02  3.41162328E-02  0.00000000E+00
   75200 -2.76854989E-02  4.81385592E-02  9.60391612E-03  5.63563921E-02  0.00000000E+00
   75300  1.91817219E-03  6.12871081E-02 -7.66602863E-03  6.17944738E-02  0.00000000E+00
   75400  1.62531331E-02  5.47845356E-02  1.36113361E-02  5.87433243E-02  0.00000000E+00
   75500  1.63273405E-02 -3.86360785E-03 -5.57066820E-02  5.81785522E-02  0.00000000E+00
   75600  1.18518268E-02  2.44653745E-02 -5.55223295E-02  6.18202994E-02  0.00000000E+00
   75700 -2.70025398E-02  3.48175914E-02 -6.07884858E-02  7.50775721E-02  0.00000000E+00
   75800 -1.85103523E-02 -9.71655910E-03 -3.19015778E-02  3.81412550E-02  0.00000000E+00
   75900 -2.22438303E-02 -8.92526764E-03 -1.47190724E-02  2.81264907E-02  0.00000000E+00
   76000 -2.88269437E-02  2.27236043E-02  4.86003299E-03  3.70266768E-02  0.00000000E+00
   76100 -2.54320016E-02  2.90339624E-02 -5.32893444E-03  3.89635114E-02  0.00000000E+00
   76200 -1.32544262E-02 -3.85318302E-02 -2.61662076E-02  4.84257387E-02  0.00000000E+00
   76300  1.12988734E-03 -2.53705315E-02 -4.52272205E-02  5.18694707E-02  0.00000000E+00
   76400  6.01779023E-02 -9.88111533E-03 -4.20283444E-02  7.40634734E-02  0.00000000E+00
   76500  4.10009121E-02  1.36042045E-02  9.79953721E-03  4.42965021E-02  0.00000000E+00
   76600  5.44418256E-02 -2.71879909E-02  3.16727012E-02  6.86021809E-02  0.00000000E+00
   76700  1.68440875E-02  1.24944747E-02  5.20849954E-02  5.61487482E-02  0.00000000E+00
   76800  1.26523873E-02  3.78280873E-02  4.29619873E-02  5.86240518E-02  0.00000000E+00
   76900  3.32926793E-02  1.51753566E-02  2.68128560E-02  4.53610317E-02  0.00000000E+00
   77000  2.61818610E-02  5.65024418E-02  4.04688536E-02  7.42680542E-02  0.00000000E+00
   77100  3.46363840E-03  6.21483862E-02  5.24089403E-02  8.13702386E-02  0.00000000E+00
   77200 -2.60731843E-02  4.66410810E-02  1.10074034E-02  5.45560657E-02  0.00000000E+00
   77300 -2.76957072E-02  2.35766866E-02  1.63055771E-02  3.98595558E-02  0.00000000E+00
   77400 -5.85638449E-02  1.61214960E-02  3.42078640E-02  6.97122982E-02  0.00000000E+00
   77500 -7.41297397E-02  5.82768091E-02  2.85387354E-02  9.85183445E-02  0.00000000E+00
   77600 -2.07371062E-02  5.15593344E-02  4.22925707E-02  6.98359082E-02  0.00000000E+00
   77700  9.66674145E-04  6.03549960E-02  3.77676308E-02  7.12043113E-02  0.00000000E+00
   77800  1.21137345E-02  5.17528501E-02  3.14735051E-02  6.17712034E-02  0.00000000E+00
   77900 -5.66581937E-02  1.80287272E-02 -2.04699558E-02  6.28824698E-02  0.00000000E+00
   78000 -5.15962224E-02  2.62071664E-02 -4.87251017E-04  5.78724731E-02  0.00000000E+00
   78100 -1.51364293E-02 -4.76938526E-03  2.07344467E-02  2.61108369E-02  0.00000000E+00
   78200 -1.34448417E-02  1.73374732E-02  4.81215908E-02  5.28870424E-02  0.00000000E+00
   78300 -7.93723218E-03 -7.42990766E-03  5.81687134E-02  5.91760289E-02  0.00000000E+00
   78400 -1.46140624E-04  8.67701290E-03  4.47568508E-02  4.55904332E-02  0.00000000E+00
   78500  1.73222918E-02 -2.00436513E-02  2.00681302E-03  2.65675939E-02  0.00000000E+00
   78600 -7.37841428E-04 -3.06092265E-02 -1.04679981E-02  3.23581232E-02  0.00000000E+00
   78700 -4.61052964E-03 -2.20687955E-02 -1.63303219E-02  2.78382494E-02  0.00000000E+00
   78800  2.91236612E-03 -6.95707132E-02 -2.43901107E-02  7.37796958E-02  0.00000000E+00
   78900  4.34231657E-03 -5.82489541E-02 -2.28089417E-02  6.27060139E-02  0.00000000E+00
   79000 -1.48987087E-02 -4.43741538E-02  7.46986757E-03  4.74008013E-02  0.00000000E+00
   79100  1.21926974E-02 -1.66070053E-02 -1.86607714E-02  2.77971021E-02  0.00000000E+00
   79200 -2.78259603E-02  2.45379894E-02 -1.25422631E-02  3.91625504E-02  0.00000000E+00
   79300 -6.48641113E-02  4.73983665E-02  9.24768552E-03  8.08670376E-02  0.00000000E+00
   79400 -4.03480016E-02  4.15396766E-02  1.52296572E-02  5.98786141E-02  0.00000000E+00
   79500 -1.67671873E-02  4.81847883E-02 -2.51662196E-02  5.68880568E-02  0.00000000E+00
   79600 -1.32670632E-02  5.01493203E-02 -3.60552099E-03  5.19997026E-02  0.00000000E+00
   79700 -3.67416169E-02  5.40435335E-02  3.69840065E-02  7.50897241E-02  0.00000000E+00
   79800 -2.67366052E-02  3.59869952E-02  9.51561723E-02  1.05188436E-01  0.00000000E+00
   79900 -2.11768454E-02  8.11022853E-03  4.51597322E-02  5.05335137E-02  0.00000000E+00
   80000 -8.71741879E-03  2.37854255E-02  2.47159355E-02  3.53923343E-02  0.00000000E+00
   80100 -2.59803790E-03  6.60008114E-03  2.99768455E-02  3.08045798E-02  0.00000000E+00
   80200 -2.78897095E-02  3.48613140E-02  3.22804368E-02  5.50924106E-02  0.00000000E+00
   80300 -1.33240459E-02  2.07104818E-03  1.86461200E-02  2.30108068E-02  0.00000000E+00
   80400  2.30201962E-02 -1.16599143E-02  1.52529280E-02  2.99755708E-02  0.00000000E+00
   80500 -3.79625158E-02  1.18009670E-02  7.29597297E-03  4.04183950E-02  0.00000000E+00
   80600 -3.19936902E-02  2.92489188E-02  1.17043993E-02  4.49008733E-02  0.00000000E+00
   80700 -6.59063389E-02  2.08427757E-02 -5.64161005E-03  6.93534035E-02  0.00000000E+00
   80800 -5.05063147E-02  4.50056064E-02 -6.28909116E-03  6.79407470E-02  0.00000000E+00
   80900 -1.00356261E-01  3.83744749E-02  2.14782624E-02  1.09568678E-01  0.00000000E+00
   81000 -5.91883879E-02  2.14466069E-02 -1.10933047E-02  6.39240457E-02  0.00000000E+00
   81100 -8.77362697E-02  9.51654312E-03 -6.96713049E-03  8.85254682E-02  0.00000000E+00
   81200 -8.90130501E-02  1.24911707E-02  8.27474326E-03  9.02652969E-02  0.00000000E+00
   81300 -7.44446189E-02  8.26605692E-03  3.22914282E-02  8.15663247E-02  0.00000000E+00
   81400 -4.16572701E-02 -5.93655603E-03  4.68822882E-03  4.23385208E-02  0.00000000E+00
   81500 -5.52801389E-02 -1.91617939E-02  9.18882673E-03  5.92241728E-02  0.00000000E+00
   81600 -6.14442470E-02  9.36652049E-03  3.51503304E-02  7.14049922E-02  0.00000000E+00
   81700 -8.09893554E-02 -1.24297156E-02  3.95218617E-02  9.09711551E-02  0.00000000E+00
   81800 -6.26636954E-02  3.98485600E-03  4.15260802E-02  7.52796994E-02  0.00000000E+00
   81900 -1.72387822E-02  1.74834910E-03  5.91346235E-02  6.16209058E-02  0.00000000E+00
   82000 -3.86444173E-02  1.51602581E-02  6.03172501E-02  7.32215479E-02  0.00000000E+00
   82100 -1.60100869E-02  2.87015288E-02  3.71605311E-02  4.96085245E-02  0.00000000E+00
   82200 -2.22451293E-04  3.15586269E-03  5.56727059E-02  5.57625245E-02  0.00000000E+00
   82300 -1.72589286E-02  1.06590065E-04  9.31044170E-03  1.96103621E-02  0.00000000E+00
   82400 -3.30197937E-02  4.19866487E-02  4.15603613E-02  6.76790150E-02  0.00000000E+00
   82500 -2.36251544E-02  7.87532788E-02  3.95141064E-02  9.12227573E-02  0.00000000E+00
   82600  1.30977579E-02  7.39826056E-02  7.08944064E-03  7.54667964E-02  0.00000000E+00
   82700 -9.34580021E-03  6.33989183E-02  3.15502635E-02  7.14295873E-02  0.00000000E+00
   82800 -8.89400325E-03  3.64278116E-02  1.38006141E-02  3.99567979E-02  0.00000000E+00
   82900 -5.86368225E-02  2.35630136E-02  4.50402110E-02  7.76022755E-02  0.00000000E+00
   83000 -2.93715700E-02 -2.73617589E-03  4.28975791E-02  5.20612915E-02  0.00000000E+00
   83100 -1.57658901E-02 -2.88340160E-02 -1.48618507E-02  3.60671371E-02  0.00000000E+00
   83200 -1.01428184E-02 -2.27197695E-02  1.78757972E-02  3.06367234E-02  0.00000000E+00
   83300 -2.15261691E-02 -5.39571155E-03  4.03639714E-02  4.60623473E-02  0.00000000E+00
   83400 -6.63377835E-03  8.63801566E-03  2.20654525E-02  2.46070422E-02  0.00000000E+00
   83500 -5.40665972E-03 -1.35677581E-02  6.51263676E-04  1.46198555E-02  0.00000000E+00
   83600  6.87220254E-03 -1.22928240E-03  3.51516846E-02  3.58382370E-02  0.00000000E+00
   83700  1.96915680E-02  3.56552873E-03  3.12669010E-02  3.71226338E-02  0.00000000E+00
   83800  3.63057630E-02 -2.97431750E-02 -7.75858303E-03  4.75705844E-02  0.00000000E+00
   83900  3.74544480E-02 -9.89476649E-03 -2.91447317E-03  3.88488897E-02  0.00000000E+00
   84000  4.59254739E-02 -5.04332963E-03 -1.72196096E-03  4.62336401E-02  0.00000000E+00
   84100  8.95750873E-02 -1.61070133E-02  5.10096463E-02  1.04331760E-01  0.00000000E+00
   84200  6.92657925E-02 -1.56182221E-02 -1.84507132E-03  7.10287488E-02  0.00000000E+00
   84300  6.20641708E-02 -1.82891372E-02 -1.12361360E-02  6.56711854E-02  0.00000000E+00
   84400  3.05151402E-02 -3.02652455E-05 -2.99052546E-02  4.27258581E-02  0.00000000E+00
   84500  4.96925919E-02 -1.80930313E-02 -5.22745761E-02  7.43595507E-02  0.00000000E+00
   84600  6.67772885E-02 -1.40319642E-02 -4.92229657E-02  8.41368090E-02  0.00000000E+00
   84700  7.32861012E-02 -2.07299686E-02 -8.99401370E-02  1.17855049E-01  0.00000000E+00
   84800  5.50468836E-02 -1.60985666E-02 -9.62590802E-02  1.12049693E-01  0.00000000E+00
   84900  1.66334438E-02 -2.67095486E-02 -5.37557570E-02  6.22876621E-02  0.00000000E+00
   85000  4.57085892E-02 -3.10923398E-02 -8.56459400E-02  1.01937411E-01  0.00000000E+00
   85100 -2.34629449E-02 -2.68100206E-02 -5.61658859E-02  6.65123577E-02  0.00000000E+00
   85200 -4.53875783E-02  1.24341912E-02 -2.38526957E-02  5.27597618E-02  0.00000000E+00
   85300 -5.85296146E-02 -1.19638951E-02 -2.28806278E-02  6.39716633E-02  0.00000000E+00
   85400 -4.95192458E-02 -1.80712995E-02 -2.00652026E-02  5.64033680E-02  0.00000000E+00
   85500 -7.81730845E-02 -4.30920256E-02 -1.64560191E-05  8.92633972E-02  0.00000000E+00
   85600 -8.96962152E-02 -4.21113039E-02 -1.68123687E-02  1.00505864E-01  0.00000000E+00
   85700 -6.13023514E-02 -2.15540887E-02 -1.33661699E-02  6.63416274E-02  0.00000000E+00
   85800 -4.62895221E-02 -3.07865306E-02  3.42190185E-02  6.52799475E-02  0.00000000E+00
   85900  8.74364317E-03  6.68575139E-03 -5.71164244E-03  1.24005414E-02  0.00000000E+00
   86000  2.20058063E-02  3.61132037E-02  3.83689211E-02  5.71016033E-02  0.00000000E+00
   86100  2.00981536E-02  3.75944080E-02  1.24856119E-02  4.44203309E-02  0.00000000E+00
   86200  4.33081936E-02  1.34043034E-02 -6.16899032E-02  7.65566401E-02  0.00000000E+00
   86300  2.27231674E-02  1.18460068E-02 -8.39921680E-02  8.78143184E-02  0.00000000E+00
   86400 -4.60990284E-02  1.53778477E-02 -4.20792206E-02  6.42826526E-02  0.00000000E+00
   86500 -3.91925048E-02  8.31275356E-03 -1.29908993E-03  4.00854330E-02  0.00000000E+00
   86600 -4.57976423E-02 -2.87058396E-02 -2.08872035E-02  5.79458759E-02  0.00000000E+00
   86700 -1.38267603E-03 -5.57286205E-02  2.33458564E-02  6.04369088E-02  0.00000000E+00
   86800 -2.98886176E-02  1.32471324E-02 -1.66340434E-02  3.66811584E-02  0.00000000E+00
   86900 -9.63089384E-03 -1.07656280E-02 -4.18693343E-02  4.42910151E-02  0.00000000E+00
   87000 -1.94003137E-02  2.71313871E-03 -3.27959098E-02  3.82008507E-02  0.00000000E+00
   87100 -4.45425160E-02  4.47157025E-03  1.97194321E-03  4.48098118E-02  0.00000000E+00
   87200 -4.82586431E-02 -1.53204527E-02 -1.32550628E-02  5.23384142E-02  0.00000000E+00
   87300 -5.32908029E-02 -4.90106204E-03 -2.98311620E-02  6.12684936E-02  0.00000000E+00
   87400  1.85286772E-02  7.37810422E-03 -1.53514053E-02  2.51677164E-02  0.00000000E+00
   87500  1.77634586E-02 -2.98923818E-02 -1.34616930E-02  3.72868895E-02  0.00000000E+00
   87600  6.18285448E-02 -2.44156605E-02 -8.65920603E-03  6.70363728E-02  0.00000000E+00
   87700  4.73408263E-02 -2.42296660E-02  1.56029371E-02  5.54227588E-02  0.00000000E+00
   87800  7.04416915E-02 -3.25678680E-02 -1.07788193E-02  7.83510107E-02  0.00000000E+00
   87900  4.64510788E-02 -2.17149078E-02 -1.38904772E-02  5.31242440E-02  0.00000000E+00
   88000  7.17465964E-02 -4.26180726E-02  1.86961914E-03  8.34707714E-02  0.00000000E+00
   88100  4.90301831E-02 -5.19744846E-02 -1.11096723E-02  7.23099628E-02  0.00000000E+00
   88200 -8.08900290E-03 -7.46304765E-02 -7.13625878E-03  7.54060089E-02  0.00000000E+00
   88300 -3.27627695E-02 -6.35023420E-02  1.23910642E-02  7.25223068E-02  0.00000000E+00
   88400  9.44982046E-03 -7.89369778E-02  7.69322656E-04  7.95043234E-02  0.00000000E+00
   88500  2.00516612E-02 -5.03622694E-02 -3.05816500E-03  5.42934588E-02  0.00000000E+00
   88600  6.72941780E-04 -4.50886177E-02  1.39134014E-02  4.71913025E-02  0.00000000E+00
   88700  5.23343546E-03 -1.19717714E-02 -3.95830548E-02  4.16836945E-02  0.00000000E+00
   88800  1.97939256E-02 -2.60991537E-02 -4.58782728E-02  5.63718124E-02  0.00000000E+00
   88900  4.68108564E-03 -3.52131958E-02 -8.48855725E-04  3.55331152E-02  0.00000000E+00
   89000 -3.16978081E-02 -3.54967558E-02  4.16392047E-02  6.32344375E-02  0.00000000E+00
   89100 -6.09507715E-02 -3.23159544E-02  6.86348688E-02  9.73142470E-02  0.00000000E+00
   89200 -5.77787790E-02 -4.19632859E-02  6.26112606E-02  9.49709146E-02  0.00000000E+00
   89300 -5.32826806E-02  1.00387965E-02  3.53296452E-02  6.47147998E-02  0.00000000E+00
   89400 -3.42695078E-02 -7.14603361E-03  3.03429093E-02  4.63266349E-02  0.00000000E+00
   89500 -3.80967897E-02  1.60279799E-02  3.96591195E-03  4.15209583E-02  0.00000000E+00
   89600  1.03694024E-02 -1.13122439E-02  5.89591383E-04  1.53570500E-02  0.00000000E+00
   89700 -1.47187163E-02 -1.04287138E-03 -1.70045334E-02  2.25140478E-02  0.00000000E+00
   89800  1.06639091E-02  1.98291254E-02 -6.28072475E-03  2.33743593E-02  0.00000000E+00
   89900  2.59660296E-02 -3.58027724E-02 -2.15705174E-02  4.92073209E-02  0.00000000E+00
   90000  4.53754421E-02 -2.04602196E-02  1.73316938E-02  5.27061567E-02  0.00000000E+00
   90100  3.09642351E-02 -6.36118592E-02  6.70832963E-03  7.10651403E-02  0.00000000E+00
   90200  6.55872526E-04 -4.34658933E-02 -4.21906585E-02  6.05785912E-02  0.00000000E+00
   90300 -4.98807207E-04 -1.10631189E-02 -5.50576069E-02  5.61603195E-02  0.00000000E+00
   90400 -3.39987839E-02 -1.67499704E-02 -6.26426763E-02  7.32160072E-02  0.00000000E+00
   90500 -4.64654655E-03  4.11812192E-02 -4.14381441E-02  5.86054861E-02  0.00000000E+00
   90600  2.39204133E-02  2.92140652E-02 -1.52600154E-02  4.07248799E-02  0.00000000E+00
   90700  2.19414875E-03 -5.57063390E-03  5.87092203E-02  5.90137170E-02  0.00000000E+00
   90800  5.69913511E-02 -3.12357114E-02  2.95773232E-02  7.14037941E-02  0.00000000E+00
   90900  4.43734536E-02 -3.70184635E-03  3.43908193E-02  5.62622032E-02  0.00000000E+00
   91000  4.60938446E-02 -1.32042645E-02 -5.13256425E-03  4.82217619E-02  0.00000000E+00
   91100  3.02437084E-02 -2.17045472E-02  2.74265268E-02  4.62383352E-02  0.00000000E+00
   91200  4.28249600E-03  1.00800875E-02  1.38000028E-02  1.76178322E-02  0.00000000E+00
   91300  2.95731267E-02  2.96718910E-02  1.28979594E-04  4.18928105E-02  0.00000000E+00
   91400  9.96119810E-03 -2.85617661E-03  2.38738771E-02  2.60258568E-02  0.00000000E+00
   91500  1.74717806E-02 -4.40650498E-02  4.64003910E-03  4.76290006E-02  0.00000000E+00
   91600  2.46115050E-02 -3.71455780E-02 -2.76595657E-02  5.24458933E-02  0.00000000E+00
   91700  9.64423080E-03 -3.33460533E-02 -1.34827787E-02  3.72391699E-02  0.00000000E+00
   91800 -1.07885711E-03 -1.27272973E-02 -1.21028775E-02  1.75962403E-02  0.00000000E+00
   91900  1.50569790E-02 -5.89823235E-02  7.64995531E-03  6.13526602E-02  0.00000000E+00
   92000  3.85737879E-02 -3.34364831E-02  3.79488775E-02  6.36085908E-02  0.00000000E+00
   92100  3.44702554E-02 -2.83168394E-02  4.61315994E-02  6.41729411E-02  0.00000000E+00
   92200 -1.45738178E-02 -1.76638628E-02  2.87985042E-02  3.67935056E-02  0.00000000E+00
   92300  4.54859002E-02 -2.50104037E-02  1.72989819E-03  5.19372694E-02  0.00000000E+00
   92400 -2.67698204E-03 -4.27158927E-02 -2.57485835E-02  4.99480057E-02  0.00000000E+00
   92500  1.27522249E-02 -2.76247294E-02 -3.93825052E-02  4.97667222E-02  0.00000000E+00
   92600  4.10452621E-02 -4.76971867E-02 -3.52578238E-02  7.21307791E-02  0.00000000E+00
   92700  3.67364622E-02 -2.28414775E-02 -2.00242229E-02  4.76683360E-02  0.00000000E+00
   92800  5.40149800E-02 -2.09983493E-02 -4.72311070E-02  7.47617965E-02  0.00000000E+00
   92900  6.53705134E-02 -3.19967326E-02 -4.47120083E-02  8.54181398E-02  0.00000000E+00
   93000  4.76322420E-02 -4.43037108E-02 -7.35203892E-02  9.81676979E-02  0.00000000E+00
   93100  7.15735255E-02 -2.54063787E-02 -4.75045290E-02  8.95819954E-02  0.00000000E+00
   93200  4.24566488E-02 -5.68021097E-02 -3.92354689E-02  8.10460901E-02  0.00000000E+00
   93300  4.48629582E-02 -4.28833487E-02 -5.57995329E-02  8.34581002E-02  0.00000000E+00
   93400  8.44884728E-02 -4.20744618E-02 -4.76692445E-02  1.05739866E-01  0.00000000E+00
   93500  3.17046439E-02 -7.71053733E-02 -7.30193070E-03  8.36883578E-02  0.00000000E+00
   93600  3.40366609E-02 -7.63313612E-02  1.29090588E-02  8.45672206E-02  0.00000000E+00
   93700  8.02491118E-02 -7.81854360E-02  2.87284648E-02  1.15664199E-01  0.00000000E+00
   93800  4.37525019E-02 -6.11947024E-02  1.24203819E-02  7.62452550E-02  0.00000000E+00
   93900  2.41700917E-02 -3.04840014E-02  3.20767458E-02  5.04220716E-02  0.00000000E+00
   94000 -8.53416545E-03  4.56019603E-02  3.92075379E-02  6.07420924E-02  0.00000000E+00
   94100 -2.04721376E-03  2.66084178E-02  2.67052729E-02  3.77540803E-02  0.00000000E+00
   94200  1.76387253E-02  4.23167931E-02  2.97708057E-02  5.46638498E-02  0.00000000E+00
   94300  3.19038661E-02  5.25343221E-02  2.39334524E-02  6.59584855E-02  0.00000000E+00
   94400  7.21479483E-03  6.51759919E-02  1.88803410E-02  6.82380426E-02  0.00000000E+00
   94500  2.85535040E-02  6.07436175E-02  4.00230556E-02  7.81468786E-02  0.00000000E+00
   94600  2.59519673E-02  7.87807046E-02  2.24214350E-02  8.59222019E-02  0.00000000E+00
   94700  3.72265480E-02  3.06577370E-02 -2.12031722E-03  4.82722328E-02  0.00000000E+00
   94800  1.64574257E-02  9.11175127E-03  3.26668032E-04  1.88142920E-02  0.00000000E+00
   94900  4.01104727E-03  2.72172540E-03 -1.56909888E-03  5.09493480E-03  0.00000000E+00
   95000  4.97703056E-03 -2.83682931E-02 -7.07128737E-03  2.96569384E-02  0.00000000E+00
   95100 -3.69231458E-02 -3.54001340E-02  1.64980435E-02  5.37463824E-02  0.00000000E+00
   95200 -6.25967205E-02 -4.44449665E-02 -2.73874510E-02  8.15093672E-02  0.00000000E+00
   95300 -6.09236269E-02 -5.26965914E-02 -1.93029361E-02  8.28324961E-02  0.00000000E+00
   95400 -4.58274051E-02 -1.41388608E-02 -7.98415381E-03  4.86189794E-02  0.00000000E+00
   95500 -7.06117287E-03 -1.23052752E-02 -5.76138367E-02  5.93349318E-02  0.00000000E+00
   95600 -1.88316984E-02 -5.13593947E-03 -4.52096511E-02  4.92435102E-02  0.00000000E+00
   95700 -1.13061905E-02 -1.68350377E-03 -3.32619200E-02  3.51712873E-02  0.00000000E+00
   95800 -2.50014733E-02  8.91072782E-03  2.81933161E-04  2.65434403E-02  0.00000000E+00
   95900 -5.39097254E-03  1.83281636E-02 -1.95011612E-03  1.92038309E-02  0.00000000E+00
   96000 -7.21143424E-03 -8.20733182E-03  5.14208762E-03  1.20750215E-02  0.00000000E+00
   96100 -3.17052595E-02 -3.86295833E-02  3.83267307E-02  6.29794130E-02  0.00000000E+00
   96200 -1.65150134E-02 -1.09669754E-02  2.49056273E-02  3.18325382E-02  0.00000000E+00
   96300 -5.49990922E-03 -2.23357588E-02 -5.93214903E-03  2.37555365E-02  0.00000000E+00
   96400 -1.76497052E-02 -2.39971860E-02 -1.71130220E-02  3.43545128E-02  0.00000000E+00
   96500 -3.09697238E-02  4.80412671E-03 -3.25526550E-02  4.51871528E-02  0.00000000E+00
   96600 -4.88066105E-02 -2.01265109E-02 -1.72253247E-02  5.55326344E-02  0.00000000E+00
   96700 -5.54125702E-02 -3.29484566E-02 -1.69356250E-03  6.44904790E-02  0.00000000E+00
   96800 -4.04676017E-02 -3.68566982E-02  1.10479247E-02  5.58399466E-02  0.00000000E+00
   96900 -5.09515981E-03 -4.31172998E-02  3.26164093E-03  4.35396428E-02  0.00000000E+00
   97000 -6.48691066E-04  3.86274817E-03 -4.04301191E-03  5.62917124E-03  0.00000000E+00
   97100  2.58339358E-02 -1.85950902E-02 -5.33394443E-03  3.22741473E-02  0.00000000E+00
   97200  4.44157750E-02 -3.34925704E-02  8.68865205E-03  5.63028064E-02  0.00000000E+00
   97300  4.40920087E-02  7.05761211E-03  1.74338435E-02  4.79359367E-02  0.00000000E+00
   97400  4.19833293E-02  1.96730273E-03  3.41453415E-02  5.41514041E-02  0.00000000E+00
   97500  4.18901907E-02 -1.33280798E-02  3.30481666E-02  5.49964281E-02  0.00000000E+00
   97600  1.22975125E-02 -2.17289580E-02 -3.25463775E-03  2.51787429E-02  0.00000000E+00
   97700  2.69659381E-02 -5.69849490E-02 -1.20568540E-02  6.41857769E-02  0.00000000E+00
   97800  1.39442685E-02 -1.62218665E-02 -3.62690164E-02  4.21073999E-02  0.00000000E+00
   97900 -9.56300381E-03  2.06309902E-02 -3.00984525E-02  3.77227470E-02  0.00000000E+00
   98000 -3.89357311E-02  8.20962527E-03 -1.09378266E-02  4.12677253E-02  0.00000000E+00
   98100 -6.16795340E-02 -5.83517047E-03 -6.07725328E-03  6.22522862E-02  0.00000000E+00
   98200 -1.75884689E-02 -3.60420950E-02  1.61786224E-03  4.01373184E-02  0.00000000E+00
   98300 -3.66896270E-02 -4.19476351E-02  1.52684565E-02  5.77828571E-02  0.00000000E+00
   98400 -4.56826868E-02 -5.58484861E-02 -1.48702326E-02  7.36687525E-02  0.00000000E+00
   98500 -2.00368437E-03 -4.16592302E-02 -4.97517455E-02  6.49210474E-02  0.00000000E+00
   98600 -2.51103180E-02 -6.34431196E-02 -3.87199082E-02  7.84524619E-02  0.00000000E+00
   98700  6.43795333E-04 -2.64181541E-02 -4.01873400E-02  4.80973558E-02  0.00000000E+00
   98800 -1.24502069E-02 -2.87786207E-02 -2.49435801E-02  4.00674287E-02  0.00000000E+00
   98900 -5.80709659E-02  1.13901415E-02 -9.65265853E-03  5.99595382E-02  0.00000000E+00
   99000 -5.23145316E-02  3.21943825E-02 -1.44683051E-02  6.31080053E-02  0.00000000E+00
   99100 -5.58711023E-02  2.39197365E-02  2.13272300E-02  6.44095071E-02  0.00000000E+00
   99200 -3.45100100E-02 -1.14988136E-02  3.32561881E-02  4.92862816E-02  0.00000000E+00
   99300 -6.99813294E-02  2.60423093E-02  3.33376346E-02  8.17739948E-02  0.00000000E+00
   99400 -3.57333612E-02  7.30970394E-02  3.75581885E-02  8.96139933E-02  0.00000000E+00
   99500  3.90630592E-03  5.61637896E-02  3.64458373E-02  6.70666053E-02  0.00000000E+00
   99600 -3.34152821E-02  4.37905200E-02  3.68915773E-02  6.62961477E-02  0.00000000E+00
   99700 -3.06676082E-02  4.12916446E-02  2.63612941E-02  5.77963661E-02  0.00000000E+00
   99800  1.41175174E-02  3.32125229E-02  2.63517127E-02  4.46854421E-02  0.00000000E+00
   99900  1.33170312E-03  3.80766503E-02  3.11153131E-02  4.91911317E-02  0.00000000E+00
