   #Iter             <M>           <M^2>           <M^4>      U_{Binder}            \chi        C_v(tot)             <E>       <E_{exc}>       <E_{lsf}>
       1  3.17553951E-02  1.00840512E-03  1.01688088E-06  6.66666667E-01  1.10845210E-17  1.87914265E-13 -3.55128591E-01 -3.52461749E-01  0.00000000E+00
      11  3.32697083E-02  1.70062319E-03  7.77059346E-06  1.04394520E-01  7.14399246E-02  1.73541860E+00 -3.53125756E-01 -3.50479737E-01  0.00000000E+00
      21  4.26043549E-02  2.25697992E-03  8.87153518E-06  4.19473385E-01  5.31632265E-02  1.42900244E+00 -3.47072704E-01 -3.44284558E-01  0.00000000E+00
      31  5.27192380E-02  3.21205997E-03  1.47322300E-05  5.24029600E-01  5.20674800E-02  1.86071631E+00 -3.51138109E-01 -3.48492162E-01  0.00000000E+00
      41  4.62449198E-02  2.50727298E-03  9.98173273E-06  4.70724928E-01  4.43595992E-02  1.60689845E+00 -3.49903793E-01 -3.47260980E-01  0.00000000E+00
      51  5.14219472E-02  3.03740517E-03  1.37622738E-05  5.02762947E-01  4.73084163E-02  1.58677245E+00 -3.51690963E-01 -3.49030641E-01  0.00000000E+00
      61  5.25161830E-02  3.07345686E-03  1.31097420E-05  5.37386132E-01  3.79618275E-02  1.52316388E+00 -3.51632821E-01 -3.48969227E-01  0.00000000E+00
      71  5.24946879E-02  3.03450967E-03  1.24671108E-05  5.48697737E-01  3.35472932E-02  1.37924781E+00 -3.52222889E-01 -3.49610186E-01  0.00000000E+00
      81  5.21488676E-02  2.98085254E-03  1.18204091E-05  5.56564694E-01  3.14453928E-02  1.30461401E+00 -3.53502935E-01 -3.50893012E-01  0.00000000E+00
      91  5.06830215E-02  2.80792421E-03  1.05215182E-05  5.55177861E-01  2.87751785E-02  1.48858036E+00 -3.52008465E-01 -3.49405863E-01  0.00000000E+00
     101  4.99651408E-02  2.71953585E-03  9.78183961E-06  5.59130855E-01  2.68338195E-02  1.52743075E+00 -3.51946044E-01 -3.49329486E-01  0.00000000E+00
     111  4.82835789E-02  2.56369688E-03  8.99712211E-06  5.43701533E-01  2.79614971E-02  1.40195676E+00 -3.51838855E-01 -3.49232344E-01  0.00000000E+00
     121  4.78110972E-02  2.59770499E-03  9.66699471E-06  5.22481096E-01  3.75162336E-02  1.42715693E+00 -3.51720004E-01 -3.49108093E-01  0.00000000E+00
     131  4.63510284E-02  2.44432965E-03  8.70338756E-06  5.14434843E-01  3.56040913E-02  1.49201648E+00 -3.51283540E-01 -3.48661829E-01  0.00000000E+00
     141  4.78694728E-02  2.63953116E-03  1.04612490E-05  4.99494680E-01  4.18767192E-02  1.43551459E+00 -3.51236552E-01 -3.48587525E-01  0.00000000E+00
     151  5.01093640E-02  2.92269512E-03  1.33077151E-05  4.80703720E-01  4.95413429E-02  1.41638937E+00 -3.51855190E-01 -3.49204977E-01  0.00000000E+00
     161  4.95474796E-02  2.82797524E-03  1.23186570E-05  4.86558581E-01  4.48820438E-02  1.28921822E+00 -3.52107166E-01 -3.49480230E-01  0.00000000E+00
     171  4.80775724E-02  2.67016024E-03  1.12194999E-05  4.75461228E-01  4.31596354E-02  1.27331134E+00 -3.52103311E-01 -3.49476522E-01  0.00000000E+00
     181  4.82968837E-02  2.66555190E-03  1.08760777E-05  4.89757345E-01  4.00620773E-02  1.21864254E+00 -3.52084604E-01 -3.49443818E-01  0.00000000E+00
     191  4.98336841E-02  2.82550110E-03  1.19551433E-05  5.00836787E-01  4.11620543E-02  1.21321273E+00 -3.52379854E-01 -3.49746055E-01  0.00000000E+00
     201  5.09195978E-02  2.93651954E-03  1.26760324E-05  5.09999756E-01  4.13556582E-02  1.28358972E+00 -3.52824256E-01 -3.50184368E-01  0.00000000E+00
     211  5.36270283E-02  3.30457230E-03  1.69978090E-05  4.81150771E-01  5.15828558E-02  1.66974369E+00 -3.53553261E-01 -3.50930169E-01  0.00000000E+00
     221  5.47700014E-02  3.41923311E-03  1.76925193E-05  4.95558274E-01  5.04718130E-02  1.61266762E+00 -3.53510751E-01 -3.50886302E-01  0.00000000E+00
     231  5.42103943E-02  3.34814193E-03  1.69777179E-05  4.95163975E-01  4.92559821E-02  1.60069276E+00 -3.53651775E-01 -3.51032694E-01  0.00000000E+00
     241  5.27602346E-02  3.19996261E-03  1.58855299E-05  4.82880825E-01  5.00916268E-02  1.63383548E+00 -3.53034795E-01 -3.50414735E-01  0.00000000E+00
     251  5.36142849E-02  3.31164923E-03  1.69826756E-05  4.83825912E-01  5.25987834E-02  1.72439603E+00 -3.53246452E-01 -3.50621018E-01  0.00000000E+00
     261  5.23238250E-02  3.18194823E-03  1.59976187E-05  4.73318738E-01  5.34419718E-02  1.68921587E+00 -3.52980055E-01 -3.50353440E-01  0.00000000E+00
     271  5.14099814E-02  3.09361651E-03  1.52789131E-05  4.67844872E-01  5.42198102E-02  1.73004208E+00 -3.52463124E-01 -3.49831136E-01  0.00000000E+00
     281  5.15882491E-02  3.10214358E-03  1.52162984E-05  4.72935250E-01  5.30365628E-02  1.77666111E+00 -3.52843802E-01 -3.50195434E-01  0.00000000E+00
     291  5.21065283E-02  3.14612786E-03  1.53960245E-05  4.81516906E-01  5.18624121E-02  1.71304256E+00 -3.52809328E-01 -3.50165668E-01  0.00000000E+00
     301  5.31340443E-02  3.24826227E-03  1.59875513E-05  4.94921920E-01  5.11402571E-02  1.71736658E+00 -3.53166407E-01 -3.50520392E-01  0.00000000E+00
     311  5.23290194E-02  3.15119735E-03  1.52035842E-05  4.89643651E-01  4.96766220E-02  1.66808249E+00 -3.53107092E-01 -3.50468495E-01  0.00000000E+00
     321  5.16144387E-02  3.08214094E-03  1.46619366E-05  4.85524030E-01  5.03046412E-02  1.64631970E+00 -3.53152941E-01 -3.50510922E-01  0.00000000E+00
     331  5.13601658E-02  3.05742713E-03  1.44250095E-05  4.85621720E-01  5.04814918E-02  1.66106923E+00 -3.53156354E-01 -3.50514720E-01  0.00000000E+00
     341  5.26652886E-02  3.22637763E-03  1.63597313E-05  4.76128807E-01  5.44742496E-02  1.69064179E+00 -3.53359949E-01 -3.50708042E-01  0.00000000E+00
     351  5.15890211E-02  3.12502008E-03  1.56471706E-05  4.65916772E-01  5.57794774E-02  1.64476084E+00 -3.53297537E-01 -3.50641999E-01  0.00000000E+00
     361  5.08763106E-02  3.04397451E-03  1.49885876E-05  4.60790627E-01  5.48148182E-02  1.68066417E+00 -3.53123529E-01 -3.50473214E-01  0.00000000E+00
     371  5.02896396E-02  2.97243199E-03  1.43785467E-05  4.57537296E-01  5.33479510E-02  1.64298829E+00 -3.53025872E-01 -3.50376973E-01  0.00000000E+00
     381  4.99000418E-02  2.93445935E-03  1.40305935E-05  4.56876501E-01  5.34756150E-02  1.68328242E+00 -3.52900648E-01 -3.50248580E-01  0.00000000E+00
     391  5.02130689E-02  2.95901729E-03  1.41110716E-05  4.62790437E-01  5.26598247E-02  1.65912218E+00 -3.52923279E-01 -3.50271836E-01  0.00000000E+00
     401  4.94913334E-02  2.88386473E-03  1.35627172E-05  4.56404717E-01  5.22757213E-02  1.64320801E+00 -3.52879790E-01 -3.50224546E-01  0.00000000E+00
     411  5.03970945E-02  2.97390784E-03  1.40764712E-05  4.69460737E-01  5.22237494E-02  1.60934466E+00 -3.53052189E-01 -3.50393635E-01  0.00000000E+00
     421  5.01216609E-02  2.93751762E-03  1.37209804E-05  4.69966975E-01  5.11764872E-02  1.62349910E+00 -3.52898686E-01 -3.50240391E-01  0.00000000E+00
     431  5.06634794E-02  2.99719487E-03  1.42292644E-05  4.72003272E-01  5.17865092E-02  1.63099800E+00 -3.53031690E-01 -3.50369517E-01  0.00000000E+00
     441  5.15335877E-02  3.08830703E-03  1.48471886E-05  4.81101959E-01  5.20499661E-02  1.60866656E+00 -3.53207061E-01 -3.50550905E-01  0.00000000E+00
     451  5.20252189E-02  3.14120768E-03  1.52597212E-05  4.84495996E-01  5.22891522E-02  1.60457344E+00 -3.53433277E-01 -3.50784737E-01  0.00000000E+00
     461  5.11139943E-02  3.05172378E-03  1.46706766E-05  4.74904322E-01  5.28304824E-02  1.59520668E+00 -3.53301212E-01 -3.50654396E-01  0.00000000E+00
     471  5.12304468E-02  3.05406171E-03  1.45634820E-05  4.79538806E-01  5.16777764E-02  1.56300122E+00 -3.53440427E-01 -3.50790080E-01  0.00000000E+00
     481  5.16478288E-02  3.09391664E-03  1.48223854E-05  4.83845605E-01  5.13066362E-02  1.52791339E+00 -3.53441865E-01 -3.50793888E-01  0.00000000E+00
     491  5.13194830E-02  3.05135979E-03  1.44400158E-05  4.83036862E-01  5.02540814E-02  1.53442217E+00 -3.53343007E-01 -3.50692113E-01  0.00000000E+00
     501  5.21382756E-02  3.15541563E-03  1.55657585E-05  4.78882224E-01  5.25817182E-02  1.59447925E+00 -3.53511598E-01 -3.50860850E-01  0.00000000E+00
     511  5.24393132E-02  3.17674458E-03  1.55637804E-05  4.85921730E-01  5.13601294E-02  1.58182373E+00 -3.53624865E-01 -3.50971620E-01  0.00000000E+00
     521  5.27372935E-02  3.20033548E-03  1.56267779E-05  4.91422468E-01  5.04276916E-02  1.64839281E+00 -3.53908155E-01 -3.51253352E-01  0.00000000E+00
     531  5.31601754E-02  3.25381234E-03  1.61328466E-05  4.92068967E-01  5.14738412E-02  1.67088504E+00 -3.54046310E-01 -3.51391453E-01  0.00000000E+00
     541  5.30892660E-02  3.24543436E-03  1.60154744E-05  4.93157655E-01  5.13723044E-02  1.63189081E+00 -3.54007069E-01 -3.51354879E-01  0.00000000E+00
     551  5.34591988E-02  3.28831898E-03  1.63435419E-05  4.96178094E-01  5.17896761E-02  1.60590800E+00 -3.54088467E-01 -3.51440552E-01  0.00000000E+00
     561  5.31654102E-02  3.24928665E-03  1.59660637E-05  4.95918742E-01  5.08623420E-02  1.64554176E+00 -3.53820285E-01 -3.51173822E-01  0.00000000E+00
     571  5.30758335E-02  3.23170721E-03  1.57303158E-05  4.97943986E-01  4.98922381E-02  1.65308694E+00 -3.53819079E-01 -3.51174393E-01  0.00000000E+00
     581  5.19792782E-02  3.14162468E-03  1.52203703E-05  4.85961836E-01  5.29142187E-02  1.66206190E+00 -3.53640076E-01 -3.50994746E-01  0.00000000E+00
     591  5.13321068E-02  3.07995731E-03  1.48128253E-05  4.79492188E-01  5.35390167E-02  1.65423971E+00 -3.53478120E-01 -3.50831939E-01  0.00000000E+00
     601  5.11486578E-02  3.05435886E-03  1.45577707E-05  4.79844138E-01  5.27210276E-02  1.62756706E+00 -3.53462142E-01 -3.50810948E-01  0.00000000E+00
     611  5.15682832E-02  3.09774231E-03  1.48516190E-05  4.84104226E-01  5.27548136E-02  1.59590065E+00 -3.53499168E-01 -3.50838960E-01  0.00000000E+00
     621  5.13284912E-02  3.06829362E-03  1.45757578E-05  4.83921157E-01  5.21803019E-02  1.57405058E+00 -3.53383639E-01 -3.50719433E-01  0.00000000E+00
     631  5.12094873E-02  3.05147998E-03  1.43988762E-05  4.84550301E-01  5.16254810E-02  1.56030445E+00 -3.53434795E-01 -3.50774130E-01  0.00000000E+00
     641  5.16225117E-02  3.09041925E-03  1.46049909E-05  4.90264084E-01  5.12004088E-02  1.52940328E+00 -3.53460933E-01 -3.50804807E-01  0.00000000E+00
     651  5.13708497E-02  3.06750688E-03  1.44589227E-05  4.87795264E-01  5.15622273E-02  1.54305161E+00 -3.53419421E-01 -3.50766273E-01  0.00000000E+00
     661  5.14128572E-02  3.06721334E-03  1.43970952E-05  4.89887868E-01  5.10074058E-02  1.55060253E+00 -3.53317940E-01 -3.50665723E-01  0.00000000E+00
     671  5.18464501E-02  3.11217872E-03  1.47230742E-05  4.93303170E-01  5.10306120E-02  1.56985416E+00 -3.53381433E-01 -3.50724579E-01  0.00000000E+00
     681  5.17901840E-02  3.10297433E-03  1.46136814E-05  4.94079805E-01  5.06247529E-02  1.59959400E+00 -3.53388944E-01 -3.50729603E-01  0.00000000E+00
     691  5.13904246E-02  3.06090888E-03  1.43079425E-05  4.90956227E-01  5.05263276E-02  1.60482090E+00 -3.53399961E-01 -3.50739474E-01  0.00000000E+00
     701  5.09838419E-02  3.02151529E-03  1.40334428E-05  4.87618572E-01  5.07946431E-02  1.59054965E+00 -3.53304656E-01 -3.50643191E-01  0.00000000E+00
     711  5.07580112E-02  2.99582371E-03  1.38398879E-05  4.85981427E-01  5.04679574E-02  1.60627268E+00 -3.53287162E-01 -3.50625771E-01  0.00000000E+00
     721  5.05700929E-02  2.97366506E-03  1.36410228E-05  4.85788741E-01  5.00928910E-02  1.58875249E+00 -3.53196592E-01 -3.50527507E-01  0.00000000E+00
     731  5.07011463E-02  2.98750059E-03  1.37773154E-05  4.85450278E-01  5.01607010E-02  1.60068673E+00 -3.53264661E-01 -3.50595724E-01  0.00000000E+00
     741  5.10487914E-02  3.02309443E-03  1.40183804E-05  4.88703099E-01  5.01872885E-02  1.59641288E+00 -3.53325303E-01 -3.50657127E-01  0.00000000E+00
     751  5.08396372E-02  2.99622999E-03  1.37905278E-05  4.87953572E-01  4.95190257E-02  1.58457165E+00 -3.53234214E-01 -3.50564193E-01  0.00000000E+00
     761  5.05102722E-02  2.96039066E-03  1.35303277E-05  4.85377218E-01  4.92232544E-02  1.56713650E+00 -3.53141034E-01 -3.50471875E-01  0.00000000E+00
     771  5.07266775E-02  2.98666035E-03  1.38173312E-05  4.83665386E-01  4.97480269E-02  1.55577426E+00 -3.53184810E-01 -3.50516711E-01  0.00000000E+00
     781  5.07912153E-02  2.99663726E-03  1.39431177E-05  4.82428577E-01  5.01601420E-02  1.55947885E+00 -3.53147439E-01 -3.50479198E-01  0.00000000E+00
     791  5.04143977E-02  2.95939587E-03  1.36867197E-05  4.79078849E-01  5.02677887E-02  1.54884009E+00 -3.53072352E-01 -3.50404484E-01  0.00000000E+00
     801  5.00621184E-02  2.92656111E-03  1.34609038E-05  4.76112818E-01  5.05759324E-02  1.52464751E+00 -3.53012579E-01 -3.50344574E-01  0.00000000E+00
     811  5.04434972E-02  2.96996809E-03  1.38353817E-05  4.77162985E-01  5.11867085E-02  1.55643240E+00 -3.53120417E-01 -3.50452079E-01  0.00000000E+00
     821  5.06135868E-02  2.98151273E-03  1.38329332E-05  4.81295889E-01  5.05076087E-02  1.55695514E+00 -3.53121073E-01 -3.50454951E-01  0.00000000E+00
     831  5.07779735E-02  2.99425508E-03  1.38589954E-05  4.84732316E-01  5.00353445E-02  1.53364849E+00 -3.53152558E-01 -3.50485416E-01  0.00000000E+00
     841  5.11596048E-02  3.03350083E-03  1.41211429E-05  4.88482664E-01  5.00766355E-02  1.52096559E+00 -3.53177473E-01 -3.50509121E-01  0.00000000E+00
     851  5.13067693E-02  3.04999624E-03  1.42560384E-05  4.89166940E-01  5.02470079E-02  1.52213832E+00 -3.53194322E-01 -3.50526867E-01  0.00000000E+00
     861  5.12650437E-02  3.04157407E-03  1.41657388E-05  4.89587642E-01  4.97486070E-02  1.52851496E+00 -3.53180425E-01 -3.50513093E-01  0.00000000E+00
     871  5.07838373E-02  2.99500238E-03  1.38734495E-05  4.84452293E-01  5.00536041E-02  1.51864709E+00 -3.53056554E-01 -3.50391230E-01  0.00000000E+00
     881  5.14864088E-02  3.09251617E-03  1.51748443E-05  4.71093346E-01  5.31412106E-02  1.59191768E+00 -3.53198415E-01 -3.50535228E-01  0.00000000E+00
     891  5.16163983E-02  3.10105243E-03  1.51655545E-05  4.74323187E-01  5.25557297E-02  1.63390212E+00 -3.53385596E-01 -3.50720484E-01  0.00000000E+00
     901  5.14086800E-02  3.07481019E-03  1.49359352E-05  4.73407657E-01  5.19731364E-02  1.62103237E+00 -3.53377161E-01 -3.50711541E-01  0.00000000E+00
     911  5.11551976E-02  3.04738154E-03  1.47118595E-05  4.71928598E-01  5.18010162E-02  1.62216080E+00 -3.53353786E-01 -3.50688218E-01  0.00000000E+00
     921  5.06728230E-02  3.00414479E-03  1.44428301E-05  4.66555396E-01  5.25087988E-02  1.62661948E+00 -3.53396484E-01 -3.50729796E-01  0.00000000E+00
     931  5.11847373E-02  3.06368036E-03  1.49562946E-05  4.68851631E-01  5.33983511E-02  1.62559945E+00 -3.53436096E-01 -3.50770469E-01  0.00000000E+00
     941  5.13798109E-02  3.07920412E-03  1.49889936E-05  4.73044112E-01  5.28588527E-02  1.60521850E+00 -3.53471743E-01 -3.50806588E-01  0.00000000E+00
     951  5.11084665E-02  3.04953929E-03  1.47509963E-05  4.71272824E-01  5.26356330E-02  1.58921930E+00 -3.53438260E-01 -3.50774997E-01  0.00000000E+00
     961  5.09714630E-02  3.03417151E-03  1.46295265E-05  4.70301475E-01  5.24692945E-02  1.58962177E+00 -3.53388687E-01 -3.50722113E-01  0.00000000E+00
     971  5.12562172E-02  3.06544294E-03  1.48714838E-05  4.72470717E-01  5.27293864E-02  1.62096708E+00 -3.53562245E-01 -3.50897423E-01  0.00000000E+00
     981  5.14424824E-02  3.08162325E-03  1.49448201E-05  4.75421664E-01  5.23745767E-02  1.62481390E+00 -3.53564249E-01 -3.50900907E-01  0.00000000E+00
     991  5.17560609E-02  3.11122974E-03  1.50834472E-05  4.80584162E-01  5.20431736E-02  1.62337163E+00 -3.53635495E-01 -3.50971688E-01  0.00000000E+00
    1001  5.25485648E-02  3.21864945E-03  1.63070713E-05  4.75304477E-01  5.50220398E-02  1.63806606E+00 -3.53735526E-01 -3.51073522E-01  0.00000000E+00
    1011  5.24840169E-02  3.21491399E-03  1.63121765E-05  4.73919820E-01  5.53883134E-02  1.64140864E+00 -3.53754007E-01 -3.51093274E-01  0.00000000E+00
    1021  5.23629884E-02  3.19767205E-03  1.61260368E-05  4.74299305E-01  5.48405623E-02  1.63370364E+00 -3.53727568E-01 -3.51068865E-01  0.00000000E+00
    1031  5.24589023E-02  3.20771128E-03  1.61685130E-05  4.76208699E-01  5.48388001E-02  1.62486878E+00 -3.53647144E-01 -3.50985709E-01  0.00000000E+00
    1041  5.24440727E-02  3.19952510E-03  1.60267078E-05  4.78142391E-01  5.40410174E-02  1.61655714E+00 -3.53618116E-01 -3.50957470E-01  0.00000000E+00
    1051  5.24722427E-02  3.19786212E-03  1.59491502E-05  4.80127527E-01  5.34853233E-02  1.60260739E+00 -3.53610581E-01 -3.50952789E-01  0.00000000E+00
    1061  5.24894058E-02  3.19645741E-03  1.58900481E-05  4.81598666E-01  5.30995565E-02  1.58247640E+00 -3.53616748E-01 -3.50957287E-01  0.00000000E+00
    1071  5.22059971E-02  3.16870565E-03  1.56886439E-05  4.79164767E-01  5.33305490E-02  1.57575553E+00 -3.53558053E-01 -3.50898567E-01  0.00000000E+00
    1081  5.22437454E-02  3.16711300E-03  1.56029273E-05  4.81489312E-01  5.26645250E-02  1.57865794E+00 -3.53584764E-01 -3.50925612E-01  0.00000000E+00
    1091  5.21011247E-02  3.14667882E-03  1.54054417E-05  4.81381426E-01  5.19964556E-02  1.57883754E+00 -3.53544830E-01 -3.50886142E-01  0.00000000E+00
    1101  5.22439058E-02  3.15781323E-03  1.54239972E-05  4.84411997E-01  5.15435613E-02  1.60028750E+00 -3.53614640E-01 -3.50956711E-01  0.00000000E+00
    1111  5.24134622E-02  3.17500108E-03  1.55128632E-05  4.87040649E-01  5.14764857E-02  1.58593348E+00 -3.53619405E-01 -3.50962394E-01  0.00000000E+00
    1121  5.26559491E-02  3.19940244E-03  1.56568363E-05  4.90146960E-01  5.13469483E-02  1.56929009E+00 -3.53645328E-01 -3.50989964E-01  0.00000000E+00
    1131  5.30568573E-02  3.25182808E-03  1.62345126E-05  4.88244114E-01  5.25555033E-02  1.56993674E+00 -3.53729306E-01 -3.51075513E-01  0.00000000E+00
    1141  5.31049583E-02  3.25138709E-03  1.61556021E-05  4.90593432E-01  5.18880310E-02  1.57344284E+00 -3.53724326E-01 -3.51070160E-01  0.00000000E+00
    1151  5.30581826E-02  3.24101695E-03  1.60173098E-05  4.91716849E-01  5.12377882E-02  1.55658550E+00 -3.53700716E-01 -3.51048730E-01  0.00000000E+00
    1161  5.30081009E-02  3.23437529E-03  1.59430556E-05  4.91993244E-01  5.10778011E-02  1.55539291E+00 -3.53674521E-01 -3.51023114E-01  0.00000000E+00
    1171  5.29991151E-02  3.23104388E-03  1.58770256E-05  4.93053442E-01  5.07915781E-02  1.54321690E+00 -3.53681167E-01 -3.51032786E-01  0.00000000E+00
    1181  5.27396678E-02  3.20953481E-03  1.58036318E-05  4.88610898E-01  5.15044212E-02  1.54953930E+00 -3.53710498E-01 -3.51065320E-01  0.00000000E+00
    1191  5.24242418E-02  3.17870588E-03  1.55871303E-05  4.85785617E-01  5.17862718E-02  1.55220433E+00 -3.53596469E-01 -3.50950193E-01  0.00000000E+00
    1201  5.23980434E-02  3.17497169E-03  1.55293402E-05  4.86486299E-01  5.16673947E-02  1.55040439E+00 -3.53590279E-01 -3.50942804E-01  0.00000000E+00
    1211  5.26064026E-02  3.19428398E-03  1.56149415E-05  4.89880341E-01  5.13586104E-02  1.54200882E+00 -3.53584165E-01 -3.50939271E-01  0.00000000E+00
    1221  5.25592096E-02  3.18660713E-03  1.55297588E-05  4.90215754E-01  5.10320893E-02  1.54829912E+00 -3.53574648E-01 -3.50927529E-01  0.00000000E+00
    1231  5.26526247E-02  3.19382671E-03  1.55406390E-05  4.92162320E-01  5.07182006E-02  1.54048763E+00 -3.53555458E-01 -3.50908064E-01  0.00000000E+00
    1241  5.29391646E-02  3.22808430E-03  1.58924851E-05  4.91628937E-01  5.11996409E-02  1.55946197E+00 -3.53653811E-01 -3.51009675E-01  0.00000000E+00
    1251  5.32711531E-02  3.27648449E-03  1.64807746E-05  4.88270881E-01  5.27805945E-02  1.55641247E+00 -3.53683903E-01 -3.51040068E-01  0.00000000E+00
    1261  5.29471206E-02  3.24362721E-03  1.62495936E-05  4.85175298E-01  5.29684002E-02  1.54495629E+00 -3.53662819E-01 -3.51019170E-01  0.00000000E+00
    1271  5.28684823E-02  3.23107018E-03  1.61120560E-05  4.85557399E-01  5.24587399E-02  1.52752477E+00 -3.53636819E-01 -3.50994562E-01  0.00000000E+00
    1281  5.28257318E-02  3.22246715E-03  1.60003912E-05  4.86391325E-01  5.19672876E-02  1.51990075E+00 -3.53604189E-01 -3.50962954E-01  0.00000000E+00
    1291  5.28068726E-02  3.22219599E-03  1.60259918E-05  4.85482971E-01  5.21743568E-02  1.51141631E+00 -3.53573476E-01 -3.50933051E-01  0.00000000E+00
    1301  5.27002705E-02  3.21244798E-03  1.59376736E-05  4.85208383E-01  5.23547497E-02  1.50641555E+00 -3.53610290E-01 -3.50971736E-01  0.00000000E+00
    1311  5.28928495E-02  3.23404305E-03  1.61160413E-05  4.86375749E-01  5.25063589E-02  1.50661791E+00 -3.53692330E-01 -3.51054967E-01  0.00000000E+00
    1321  5.29152173E-02  3.23238304E-03  1.60511433E-05  4.87918511E-01  5.20218668E-02  1.50585088E+00 -3.53732055E-01 -3.51096902E-01  0.00000000E+00
    1331  5.35739877E-02  3.32524105E-03  1.71659922E-05  4.82510682E-01  5.47538589E-02  1.56185475E+00 -3.53929374E-01 -3.51294399E-01  0.00000000E+00
    1341  5.36928318E-02  3.33780649E-03  1.72839019E-05  4.82871792E-01  5.47318904E-02  1.56034903E+00 -3.53961862E-01 -3.51327300E-01  0.00000000E+00
    1351  5.36865616E-02  3.33492789E-03  1.72248505E-05  4.83748519E-01  5.44665473E-02  1.55719532E+00 -3.53975735E-01 -3.51340151E-01  0.00000000E+00
    1361  5.37513532E-02  3.34015522E-03  1.72368502E-05  4.85004596E-01  5.42579438E-02  1.54562184E+00 -3.53970969E-01 -3.51334625E-01  0.00000000E+00
    1371  5.39123980E-02  3.36737944E-03  1.76381460E-05  4.81501425E-01  5.54473699E-02  1.56119822E+00 -3.54010341E-01 -3.51374202E-01  0.00000000E+00
    1381  5.39431433E-02  3.36906400E-03  1.76209918E-05  4.82523572E-01  5.52510694E-02  1.54949938E+00 -3.54000220E-01 -3.51365611E-01  0.00000000E+00
    1391  5.38200558E-02  3.35676973E-03  1.75122137E-05  4.81944019E-01  5.53677834E-02  1.54524724E+00 -3.53981238E-01 -3.51346891E-01  0.00000000E+00
    1401  5.39258515E-02  3.36609829E-03  1.75467194E-05  4.83796328E-01  5.51186624E-02  1.54436451E+00 -3.54004182E-01 -3.51370218E-01  0.00000000E+00
    1411  5.41464530E-02  3.39224002E-03  1.77897863E-05  4.84680795E-01  5.53954967E-02  1.56463942E+00 -3.54010114E-01 -3.51377212E-01  0.00000000E+00
    1421  5.42879655E-02  3.40718208E-03  1.78962990E-05  4.86132340E-01  5.53470354E-02  1.56650110E+00 -3.54011972E-01 -3.51379730E-01  0.00000000E+00
    1431  5.46936310E-02  3.46057347E-03  1.84881815E-05  4.85391694E-01  5.64517320E-02  1.59741583E+00 -3.54110202E-01 -3.51479669E-01  0.00000000E+00
    1441  5.45797828E-02  3.44947742E-03  1.83990049E-05  4.84573828E-01  5.66135040E-02  1.58855945E+00 -3.54114063E-01 -3.51483705E-01  0.00000000E+00
    1451  5.47291590E-02  3.46388476E-03  1.84743233E-05  4.86760096E-01  5.63823927E-02  1.58553929E+00 -3.54130216E-01 -3.51498310E-01  0.00000000E+00
    1461  5.46297093E-02  3.45038887E-03  1.83322292E-05  4.86715754E-01  5.60671319E-02  1.58915082E+00 -3.54087676E-01 -3.51455324E-01  0.00000000E+00
    1471  5.46247611E-02  3.44878267E-03  1.83142256E-05  4.86742093E-01  5.59389210E-02  1.57692596E+00 -3.54117037E-01 -3.51486107E-01  0.00000000E+00
    1481  5.46056435E-02  3.44145206E-03  1.81919906E-05  4.87993447E-01  5.53081566E-02  1.56049817E+00 -3.54092057E-01 -3.51462387E-01  0.00000000E+00
    1491  5.46559879E-02  3.44832294E-03  1.82740889E-05  4.87730361E-01  5.54730148E-02  1.55598533E+00 -3.54072552E-01 -3.51442832E-01  0.00000000E+00
    1501  5.46796490E-02  3.44720877E-03  1.82147220E-05  4.89064448E-01  5.50276908E-02  1.55836794E+00 -3.54075826E-01 -3.51446190E-01  0.00000000E+00
    1511  5.46443023E-02  3.43989628E-03  1.81118714E-05  4.89787170E-01  5.46127982E-02  1.55198722E+00 -3.54100527E-01 -3.51471766E-01  0.00000000E+00
    1521  5.45522443E-02  3.42759647E-03  1.79895426E-05  4.89589628E-01  5.43423926E-02  1.53797024E+00 -3.54104556E-01 -3.51476189E-01  0.00000000E+00
    1531  5.44954273E-02  3.41780831E-03  1.78725862E-05  4.89999336E-01  5.39101546E-02  1.53460053E+00 -3.54073935E-01 -3.51444249E-01  0.00000000E+00
    1541  5.45388252E-02  3.41963825E-03  1.78440745E-05  4.91357739E-01  5.35609958E-02  1.52647170E+00 -3.54043773E-01 -3.51413273E-01  0.00000000E+00
    1551  5.47493565E-02  3.44512763E-03  1.80861616E-05  4.92057536E-01  5.38594857E-02  1.52211267E+00 -3.54076874E-01 -3.51446478E-01  0.00000000E+00
    1561  5.47992547E-02  3.44617285E-03  1.80277760E-05  4.94004348E-01  5.33275438E-02  1.53570779E+00 -3.54120435E-01 -3.51491206E-01  0.00000000E+00
    1571  5.47072044E-02  3.43307352E-03  1.78886922E-05  4.94069191E-01  5.29642717E-02  1.54442718E+00 -3.54042581E-01 -3.51410928E-01  0.00000000E+00
    1581  5.46024186E-02  3.41868344E-03  1.77483112E-05  4.93804820E-01  5.26110127E-02  1.53331590E+00 -3.54032412E-01 -3.51399837E-01  0.00000000E+00
    1591  5.45993355E-02  3.41800763E-03  1.77326797E-05  4.94050630E-01  5.25702089E-02  1.52727138E+00 -3.54043044E-01 -3.51409399E-01  0.00000000E+00
    1601  5.46971627E-02  3.43378189E-03  1.79474725E-05  4.92616160E-01  5.31816863E-02  1.53479003E+00 -3.54060867E-01 -3.51426309E-01  0.00000000E+00
    1611  5.45017437E-02  3.41136721E-03  1.77668060E-05  4.91101509E-01  5.30523249E-02  1.52743950E+00 -3.54001008E-01 -3.51365589E-01  0.00000000E+00
    1621  5.47312751E-02  3.43838091E-03  1.80140380E-05  4.92095750E-01  5.32859006E-02  1.54117570E+00 -3.54062857E-01 -3.51428318E-01  0.00000000E+00
    1631  5.49278354E-02  3.46148373E-03  1.82120563E-05  4.93344060E-01  5.34721800E-02  1.52884127E+00 -3.54072023E-01 -3.51435671E-01  0.00000000E+00
    1641  5.52009583E-02  3.49350574E-03  1.84724799E-05  4.95476933E-01  5.37059984E-02  1.52336596E+00 -3.54131570E-01 -3.51494549E-01  0.00000000E+00
    1651  5.52537427E-02  3.50036552E-03  1.85267468E-05  4.95976115E-01  5.38298682E-02  1.51643760E+00 -3.54129848E-01 -3.51492409E-01  0.00000000E+00
    1661  5.53009523E-02  3.50278066E-03  1.84968317E-05  4.97483642E-01  5.34924788E-02  1.50888462E+00 -3.54158302E-01 -3.51519358E-01  0.00000000E+00
    1671  5.50430036E-02  3.47592061E-03  1.83025775E-05  4.95046598E-01  5.36853540E-02  1.52191468E+00 -3.54071625E-01 -3.51433078E-01  0.00000000E+00
    1681  5.49476819E-02  3.46179252E-03  1.81562073E-05  4.94987872E-01  5.32469586E-02  1.52249884E+00 -3.54001255E-01 -3.51362209E-01  0.00000000E+00
    1691  5.51669423E-02  3.48935344E-03  1.84456722E-05  4.95009384E-01  5.36581086E-02  1.52709123E+00 -3.54043957E-01 -3.51403898E-01  0.00000000E+00
    1701  5.56174212E-02  3.55537894E-03  1.93586229E-05  4.89516849E-01  5.55976045E-02  1.59812541E+00 -3.54171715E-01 -3.51531179E-01  0.00000000E+00
    1711  5.57646242E-02  3.57125707E-03  1.94814504E-05  4.90835861E-01  5.55353207E-02  1.58963080E+00 -3.54165589E-01 -3.51526040E-01  0.00000000E+00
    1721  5.57862053E-02  3.57929882E-03  1.96418424E-05  4.88948046E-01  5.62132467E-02  1.61770930E+00 -3.54193942E-01 -3.51553887E-01  0.00000000E+00
    1731  5.58356194E-02  3.58394749E-03  1.96769536E-05  4.89361762E-01  5.61089264E-02  1.62943520E+00 -3.54206587E-01 -3.51566918E-01  0.00000000E+00
    1741  5.56836948E-02  3.56684524E-03  1.95252234E-05  4.88428638E-01  5.60897088E-02  1.63024443E+00 -3.54136966E-01 -3.51498432E-01  0.00000000E+00
    1751  5.56138653E-02  3.55813271E-03  1.94374324E-05  4.88231728E-01  5.59765265E-02  1.63336656E+00 -3.54093214E-01 -3.51452221E-01  0.00000000E+00
    1761  5.57393378E-02  3.57068415E-03  1.95047825E-05  4.90062457E-01  5.58056326E-02  1.63639991E+00 -3.54158856E-01 -3.51518403E-01  0.00000000E+00
    1771  5.58976100E-02  3.58642449E-03  1.95845888E-05  4.92460532E-01  5.55735746E-02  1.63261505E+00 -3.54192424E-01 -3.51552403E-01  0.00000000E+00
    1781  5.58258501E-02  3.57641431E-03  1.94763706E-05  4.92435630E-01  5.53337863E-02  1.63914677E+00 -3.54171708E-01 -3.51532041E-01  0.00000000E+00
    1791  5.59721851E-02  3.59604061E-03  1.97219650E-05  4.91630186E-01  5.57267926E-02  1.63509655E+00 -3.54220046E-01 -3.51580879E-01  0.00000000E+00
    1801  5.56773201E-02  3.56886014E-03  1.95314638E-05  4.88842800E-01  5.64175553E-02  1.63424318E+00 -3.54191674E-01 -3.51555276E-01  0.00000000E+00
    1811  5.57221162E-02  3.57054075E-03  1.94885450E-05  4.90446049E-01  5.60193400E-02  1.62509260E+00 -3.54187540E-01 -3.51551073E-01  0.00000000E+00
    1821  5.56664695E-02  3.56272563E-03  1.93934396E-05  4.90705683E-01  5.58248163E-02  1.61957998E+00 -3.54191423E-01 -3.51556233E-01  0.00000000E+00
    1831  5.54400041E-02  3.53852330E-03  1.92088773E-05  4.88628397E-01  5.59402566E-02  1.62330809E+00 -3.54145331E-01 -3.51511368E-01  0.00000000E+00
    1841  5.53254101E-02  3.52567374E-03  1.90879534E-05  4.88136845E-01  5.59214260E-02  1.61916526E+00 -3.54105326E-01 -3.51472396E-01  0.00000000E+00
    1851  5.52220911E-02  3.51123191E-03  1.89426840E-05  4.87845221E-01  5.55580385E-02  1.60671292E+00 -3.54098916E-01 -3.51467166E-01  0.00000000E+00
    1861  5.54869961E-02  3.54919471E-03  1.94918842E-05  4.84210003E-01  5.65970512E-02  1.63903610E+00 -3.54184710E-01 -3.51552462E-01  0.00000000E+00
    1871  5.58484666E-02  3.59746874E-03  2.00092021E-05  4.84635549E-01  5.75631645E-02  1.67298463E+00 -3.54282662E-01 -3.51651635E-01  0.00000000E+00
    1881  5.60002282E-02  3.61718320E-03  2.02469969E-05  4.84179794E-01  5.78928563E-02  1.67907962E+00 -3.54339801E-01 -3.51709621E-01  0.00000000E+00
    1891  5.61091349E-02  3.62770638E-03  2.02976242E-05  4.85885687E-01  5.76899632E-02  1.67044811E+00 -3.54346212E-01 -3.51716927E-01  0.00000000E+00
    1901  5.59239472E-02  3.61189177E-03  2.01924711E-05  4.84060523E-01  5.82834456E-02  1.67265020E+00 -3.54320206E-01 -3.51692025E-01  0.00000000E+00
    1911  5.60082919E-02  3.62261257E-03  2.03226222E-05  4.83803912E-01  5.84374436E-02  1.67791298E+00 -3.54302046E-01 -3.51673946E-01  0.00000000E+00
    1921  5.57982003E-02  3.59996869E-03  2.01413357E-05  4.81952519E-01  5.85392015E-02  1.69024269E+00 -3.54214059E-01 -3.51585606E-01  0.00000000E+00
    1931  5.56178666E-02  3.57987321E-03  1.99753437E-05  4.80437601E-01  5.85387917E-02  1.68227679E+00 -3.54200415E-01 -3.51571454E-01  0.00000000E+00
    1941  5.55616043E-02  3.57269736E-03  1.98835702E-05  4.80745039E-01  5.84280197E-02  1.67059988E+00 -3.54189703E-01 -3.51562294E-01  0.00000000E+00
    1951  5.54760313E-02  3.55976469E-03  1.97417125E-05  4.80696815E-01  5.80152212E-02  1.67491812E+00 -3.54141861E-01 -3.51513680E-01  0.00000000E+00
    1961  5.53919825E-02  3.54760933E-03  1.96101866E-05  4.80615608E-01  5.76738697E-02  1.67948936E+00 -3.54086354E-01 -3.51458469E-01  0.00000000E+00
    1971  5.54693884E-02  3.55348981E-03  1.96083804E-05  4.82380869E-01  5.73489041E-02  1.67430291E+00 -3.54077915E-01 -3.51450607E-01  0.00000000E+00
    1981  5.55556226E-02  3.56118145E-03  1.96345507E-05  4.83926562E-01  5.71223996E-02  1.66697360E+00 -3.54051687E-01 -3.51423180E-01  0.00000000E+00
    1991  5.56943486E-02  3.57575493E-03  1.97274517E-05  4.85702703E-01  5.70189507E-02  1.66023843E+00 -3.54073291E-01 -3.51445215E-01  0.00000000E+00
