   #Iter             <M>           <M^2>           <M^4>      U_{Binder}            \chi        C_v(tot)             <E>       <E_{exc}>       <E_{lsf}>
       1  5.24923395E-01  2.75544571E-01  7.59248104E-02  6.66666667E-01  7.58130292E-15 -4.63665375E-12 -1.28072005E+00 -1.28053549E+00  0.00000000E+00
      11  5.24563154E-01  2.75166550E-01  7.57166815E-02  6.66666440E-01  2.70129450E-05  2.02732511E-01 -1.28122454E+00 -1.28099789E+00  0.00000000E+00
      21  5.24566669E-01  2.75170407E-01  7.57189917E-02  6.66665615E-01  1.25297862E-04  8.65844720E-01 -1.28134136E+00 -1.28111081E+00  0.00000000E+00
      31  5.24788545E-01  2.75403316E-01  7.58473168E-02  6.66665215E-01  1.73070799E-04  1.12982905E+00 -1.28119464E+00 -1.28097943E+00  0.00000000E+00
      41  5.24742913E-01  2.75355492E-01  7.58210508E-02  6.66664891E-01  2.11837594E-04  1.09718309E+00 -1.28136668E+00 -1.28115334E+00  0.00000000E+00
      51  5.24637054E-01  2.75244370E-01  7.57598289E-02  6.66665058E-01  1.91765561E-04  9.52878116E-01 -1.28123431E+00 -1.28102505E+00  0.00000000E+00
      61  5.24909060E-01  2.75529996E-01  7.59173017E-02  6.66664369E-01  2.74183310E-04  7.73269633E-01 -1.28131469E+00 -1.28110327E+00  0.00000000E+00
      71  5.25141666E-01  2.75774322E-01  7.60520866E-02  6.66663994E-01  3.19335522E-04  9.26206505E-01 -1.28138142E+00 -1.28116912E+00  0.00000000E+00
      81  5.25200570E-01  2.75836102E-01  7.60860651E-02  6.66664432E-01  2.67164000E-04  7.97663586E-01 -1.28127757E+00 -1.28106621E+00  0.00000000E+00
      91  5.25310975E-01  2.75952070E-01  7.61500402E-02  6.66664498E-01  2.59407696E-04  7.40518961E-01 -1.28122140E+00 -1.28100774E+00  0.00000000E+00
     101  5.25397442E-01  2.76042917E-01  7.62001842E-02  6.66664515E-01  2.57438501E-04  7.87484092E-01 -1.28127027E+00 -1.28105824E+00  0.00000000E+00
     111  5.25347290E-01  2.75990179E-01  7.61710248E-02  6.66664716E-01  2.33239662E-04  7.02075035E-01 -1.28125157E+00 -1.28103609E+00  0.00000000E+00
     121  5.25339461E-01  2.75981980E-01  7.61665290E-02  6.66664585E-01  2.48917971E-04  6.58458225E-01 -1.28125619E+00 -1.28104123E+00  0.00000000E+00
     131  5.25326888E-01  2.75968752E-01  7.61592078E-02  6.66664673E-01  2.38397913E-04  6.62267266E-01 -1.28127717E+00 -1.28106452E+00  0.00000000E+00
     141  5.25350076E-01  2.75993109E-01  7.61726448E-02  6.66664702E-01  2.34847355E-04  6.33184819E-01 -1.28130561E+00 -1.28109039E+00  0.00000000E+00
     151  5.25351113E-01  2.75994218E-01  7.61732781E-02  6.66664610E-01  2.45827129E-04  7.01543796E-01 -1.28140046E+00 -1.28118411E+00  0.00000000E+00
     161  5.25388986E-01  2.76034022E-01  7.61952628E-02  6.66664561E-01  2.51842193E-04  7.78891581E-01 -1.28140368E+00 -1.28118628E+00  0.00000000E+00
     171  5.25371509E-01  2.76015646E-01  7.61851053E-02  6.66664618E-01  2.44935522E-04  7.98152012E-01 -1.28141850E+00 -1.28120205E+00  0.00000000E+00
     181  5.25372014E-01  2.76016163E-01  7.61853746E-02  6.66664687E-01  2.36677779E-04  8.70252267E-01 -1.28152279E+00 -1.28130446E+00  0.00000000E+00
     191  5.25327264E-01  2.75969129E-01  7.61593969E-02  6.66664756E-01  2.28385463E-04  9.14824740E-01 -1.28147755E+00 -1.28126058E+00  0.00000000E+00
     201  5.25215885E-01  2.75852214E-01  7.60949835E-02  6.66664304E-01  2.82316374E-04  9.07992628E-01 -1.28151222E+00 -1.28129561E+00  0.00000000E+00
     211  5.25178056E-01  2.75812473E-01  7.60730523E-02  6.66664335E-01  2.78549975E-04  9.26713502E-01 -1.28144608E+00 -1.28122852E+00  0.00000000E+00
     221  5.25213209E-01  2.75849401E-01  7.60934289E-02  6.66664316E-01  2.80901121E-04  9.31659456E-01 -1.28144642E+00 -1.28122919E+00  0.00000000E+00
     231  5.25206362E-01  2.75842196E-01  7.60894405E-02  6.66664375E-01  2.73821242E-04  9.21688333E-01 -1.28145747E+00 -1.28124041E+00  0.00000000E+00
     241  5.25221800E-01  2.75858407E-01  7.60983768E-02  6.66664405E-01  2.70222903E-04  9.25417737E-01 -1.28139811E+00 -1.28118042E+00  0.00000000E+00
     251  5.25205126E-01  2.75840882E-01  7.60886961E-02  6.66664458E-01  2.63845938E-04  8.98685909E-01 -1.28141102E+00 -1.28119116E+00  0.00000000E+00
     261  5.25178728E-01  2.75813135E-01  7.60733706E-02  6.66664542E-01  2.53830494E-04  8.68082774E-01 -1.28138613E+00 -1.28116636E+00  0.00000000E+00
     271  5.25159953E-01  2.75793402E-01  7.60624699E-02  6.66664609E-01  2.45724974E-04  8.61972169E-01 -1.28132589E+00 -1.28110495E+00  0.00000000E+00
     281  5.25128833E-01  2.75760733E-01  7.60444694E-02  6.66664530E-01  2.55135113E-04  8.42555080E-01 -1.28131303E+00 -1.28109214E+00  0.00000000E+00
     291  5.25086735E-01  2.75716529E-01  7.60201007E-02  6.66664490E-01  2.59887405E-04  8.14439757E-01 -1.28127205E+00 -1.28105174E+00  0.00000000E+00
     301  5.25081271E-01  2.75710782E-01  7.60169212E-02  6.66664536E-01  2.54419290E-04  8.09690772E-01 -1.28126507E+00 -1.28104388E+00  0.00000000E+00
     311  5.25072831E-01  2.75701911E-01  7.60120209E-02  6.66664573E-01  2.49971060E-04  7.98500216E-01 -1.28123627E+00 -1.28101550E+00  0.00000000E+00
     321  5.25064693E-01  2.75693359E-01  7.60073002E-02  6.66664597E-01  2.47096870E-04  8.30458053E-01 -1.28120939E+00 -1.28098786E+00  0.00000000E+00
     331  5.25061320E-01  2.75689819E-01  7.60053494E-02  6.66664591E-01  2.47803465E-04  8.23401138E-01 -1.28120351E+00 -1.28098140E+00  0.00000000E+00
     341  5.25056675E-01  2.75684924E-01  7.60026310E-02  6.66664676E-01  2.37700743E-04  7.94752584E-01 -1.28120146E+00 -1.28097951E+00  0.00000000E+00
     351  5.25057906E-01  2.75686209E-01  7.60033321E-02  6.66664709E-01  2.33694524E-04  7.91135225E-01 -1.28119992E+00 -1.28097774E+00  0.00000000E+00
     361  5.25068121E-01  2.75696932E-01  7.60092394E-02  6.66664732E-01  2.31018716E-04  7.88256756E-01 -1.28122204E+00 -1.28099958E+00  0.00000000E+00
     371  5.25080218E-01  2.75709631E-01  7.60162365E-02  6.66664754E-01  2.28349241E-04  8.02687468E-01 -1.28126330E+00 -1.28104176E+00  0.00000000E+00
     381  5.25101891E-01  2.75732389E-01  7.60287836E-02  6.66664768E-01  2.26795854E-04  8.02882315E-01 -1.28130708E+00 -1.28108515E+00  0.00000000E+00
     391  5.25093098E-01  2.75723149E-01  7.60236829E-02  6.66664791E-01  2.24031208E-04  7.91714580E-01 -1.28129131E+00 -1.28106979E+00  0.00000000E+00
     401  5.25089077E-01  2.75718926E-01  7.60213543E-02  6.66664791E-01  2.24027368E-04  8.05247280E-01 -1.28126260E+00 -1.28104140E+00  0.00000000E+00
     411  5.25086421E-01  2.75716126E-01  7.60197983E-02  6.66664843E-01  2.17808888E-04  8.04030820E-01 -1.28128697E+00 -1.28106590E+00  0.00000000E+00
     421  5.25098236E-01  2.75728529E-01  7.60266317E-02  6.66664870E-01  2.14591422E-04  8.22046674E-01 -1.28130969E+00 -1.28108772E+00  0.00000000E+00
     431  5.25100350E-01  2.75730737E-01  7.60278358E-02  6.66664928E-01  2.07651529E-04  8.32032392E-01 -1.28132115E+00 -1.28109932E+00  0.00000000E+00
     441  5.25105873E-01  2.75736533E-01  7.60310275E-02  6.66664950E-01  2.05075603E-04  8.33787271E-01 -1.28132341E+00 -1.28110139E+00  0.00000000E+00
     451  5.25120725E-01  2.75752126E-01  7.60396216E-02  6.66664972E-01  2.02464008E-04  8.25712979E-01 -1.28136416E+00 -1.28114184E+00  0.00000000E+00
     461  5.25104709E-01  2.75735316E-01  7.60303613E-02  6.66664926E-01  2.07870353E-04  8.47216828E-01 -1.28136153E+00 -1.28113930E+00  0.00000000E+00
     471  5.25098342E-01  2.75728633E-01  7.60266805E-02  6.66664906E-01  2.10271698E-04  8.58733529E-01 -1.28134570E+00 -1.28112466E+00  0.00000000E+00
     481  5.25100856E-01  2.75731283E-01  7.60281533E-02  6.66664856E-01  2.16206578E-04  8.65255374E-01 -1.28132266E+00 -1.28110196E+00  0.00000000E+00
     491  5.25110579E-01  2.75741491E-01  7.60337795E-02  6.66664872E-01  2.14356310E-04  8.77916155E-01 -1.28132677E+00 -1.28110522E+00  0.00000000E+00
     501  5.25101105E-01  2.75731535E-01  7.60282819E-02  6.66664902E-01  2.10731548E-04  8.61898886E-01 -1.28132883E+00 -1.28110785E+00  0.00000000E+00
     511  5.25119965E-01  2.75751362E-01  7.60392374E-02  6.66664809E-01  2.21881778E-04  8.87718339E-01 -1.28136237E+00 -1.28114102E+00  0.00000000E+00
     521  5.25119589E-01  2.75750959E-01  7.60390067E-02  6.66664847E-01  2.17337608E-04  8.93243680E-01 -1.28139689E+00 -1.28117581E+00  0.00000000E+00
     531  5.25118197E-01  2.75749488E-01  7.60381854E-02  6.66664890E-01  2.12147498E-04  8.77227060E-01 -1.28139435E+00 -1.28117333E+00  0.00000000E+00
     541  5.25108999E-01  2.75739826E-01  7.60328549E-02  6.66664900E-01  2.10944667E-04  8.71628850E-01 -1.28138700E+00 -1.28116599E+00  0.00000000E+00
     551  5.25107601E-01  2.75738354E-01  7.60320386E-02  6.66664918E-01  2.08767020E-04  8.65740834E-01 -1.28138448E+00 -1.28116392E+00  0.00000000E+00
     561  5.25103337E-01  2.75733871E-01  7.60295612E-02  6.66664941E-01  2.06081004E-04  8.48872558E-01 -1.28138252E+00 -1.28116228E+00  0.00000000E+00
     571  5.25106269E-01  2.75736943E-01  7.60312477E-02  6.66664975E-01  2.01968733E-04  8.48073418E-01 -1.28139171E+00 -1.28117165E+00  0.00000000E+00
     581  5.25093941E-01  2.75724009E-01  7.60241291E-02  6.66664914E-01  2.09310286E-04  8.67847616E-01 -1.28140322E+00 -1.28118275E+00  0.00000000E+00
     591  5.25056718E-01  2.75684955E-01  7.60026340E-02  6.66664740E-01  2.30110631E-04  8.68944782E-01 -1.28138886E+00 -1.28116837E+00  0.00000000E+00
     601  5.25016738E-01  2.75643015E-01  7.59795566E-02  6.66664539E-01  2.54039581E-04  8.60652682E-01 -1.28140479E+00 -1.28118453E+00  0.00000000E+00
     611  5.24989953E-01  2.75614915E-01  7.59640930E-02  6.66664421E-01  2.68142717E-04  8.61362449E-01 -1.28141425E+00 -1.28119428E+00  0.00000000E+00
     621  5.24961839E-01  2.75585423E-01  7.59478648E-02  6.66664298E-01  2.82846351E-04  9.00198904E-01 -1.28138372E+00 -1.28116389E+00  0.00000000E+00
     631  5.24950472E-01  2.75573479E-01  7.59412717E-02  6.66664342E-01  2.77505595E-04  8.84017275E-01 -1.28137541E+00 -1.28115548E+00  0.00000000E+00
     641  5.24969922E-01  2.75593899E-01  7.59525260E-02  6.66664345E-01  2.77182117E-04  8.80643639E-01 -1.28139080E+00 -1.28117096E+00  0.00000000E+00
     651  5.24972463E-01  2.75596559E-01  7.59539837E-02  6.66664383E-01  2.72673357E-04  8.82861139E-01 -1.28139587E+00 -1.28117637E+00  0.00000000E+00
     661  5.24960052E-01  2.75583523E-01  7.59467927E-02  6.66664409E-01  2.69596085E-04  8.63345031E-01 -1.28139733E+00 -1.28117793E+00  0.00000000E+00
     671  5.24949738E-01  2.75572686E-01  7.59408107E-02  6.66664448E-01  2.64907175E-04  8.57649138E-01 -1.28139784E+00 -1.28117803E+00  0.00000000E+00
     681  5.24938545E-01  2.75560941E-01  7.59343442E-02  6.66664419E-01  2.68325594E-04  8.45804226E-01 -1.28138373E+00 -1.28116381E+00  0.00000000E+00
     691  5.24915559E-01  2.75536821E-01  7.59210652E-02  6.66664360E-01  2.75399289E-04  8.52935089E-01 -1.28137351E+00 -1.28115360E+00  0.00000000E+00
     701  5.24897218E-01  2.75517572E-01  7.59104644E-02  6.66664331E-01  2.78730775E-04  8.41982747E-01 -1.28136543E+00 -1.28114525E+00  0.00000000E+00
     711  5.24898087E-01  2.75518480E-01  7.59109586E-02  6.66664357E-01  2.75695422E-04  8.47522013E-01 -1.28137864E+00 -1.28115844E+00  0.00000000E+00
     721  5.24892290E-01  2.75512390E-01  7.59076003E-02  6.66664370E-01  2.74134123E-04  8.44157073E-01 -1.28137038E+00 -1.28115017E+00  0.00000000E+00
     731  5.24883094E-01  2.75502734E-01  7.59022763E-02  6.66664385E-01  2.72358004E-04  8.50929846E-01 -1.28136548E+00 -1.28114497E+00  0.00000000E+00
     741  5.24885251E-01  2.75504991E-01  7.59035117E-02  6.66664420E-01  2.68111000E-04  8.46446805E-01 -1.28134041E+00 -1.28111975E+00  0.00000000E+00
     751  5.24895495E-01  2.75515745E-01  7.59094374E-02  6.66664419E-01  2.68235336E-04  8.47569822E-01 -1.28134397E+00 -1.28112315E+00  0.00000000E+00
     761  5.24904141E-01  2.75524823E-01  7.59144402E-02  6.66664417E-01  2.68534772E-04  8.44616797E-01 -1.28134283E+00 -1.28112187E+00  0.00000000E+00
     771  5.24904010E-01  2.75524684E-01  7.59143635E-02  6.66664419E-01  2.68249323E-04  8.61614332E-01 -1.28133161E+00 -1.28111107E+00  0.00000000E+00
     781  5.24896078E-01  2.75516354E-01  7.59097692E-02  6.66664436E-01  2.66272057E-04  8.52151372E-01 -1.28131974E+00 -1.28109949E+00  0.00000000E+00
     791  5.24893466E-01  2.75513611E-01  7.59082572E-02  6.66664438E-01  2.65980129E-04  8.46867696E-01 -1.28131413E+00 -1.28109369E+00  0.00000000E+00
     801  5.24902171E-01  2.75522748E-01  7.59132913E-02  6.66664443E-01  2.65454070E-04  8.40965570E-01 -1.28131628E+00 -1.28109572E+00  0.00000000E+00
     811  5.24899947E-01  2.75520405E-01  7.59119902E-02  6.66664486E-01  2.60317062E-04  8.47652501E-01 -1.28131809E+00 -1.28109782E+00  0.00000000E+00
     821  5.24895897E-01  2.75516148E-01  7.59096379E-02  6.66664514E-01  2.56956289E-04  8.46574826E-01 -1.28131100E+00 -1.28109035E+00  0.00000000E+00
     831  5.24891665E-01  2.75511701E-01  7.59071824E-02  6.66664536E-01  2.54300870E-04  8.35244390E-01 -1.28131430E+00 -1.28109382E+00  0.00000000E+00
     841  5.24896438E-01  2.75516706E-01  7.59099351E-02  6.66664559E-01  2.51538956E-04  8.44631173E-01 -1.28130793E+00 -1.28108703E+00  0.00000000E+00
     851  5.24900043E-01  2.75520486E-01  7.59120132E-02  6.66664582E-01  2.48838674E-04  8.53718567E-01 -1.28129735E+00 -1.28107661E+00  0.00000000E+00
     861  5.24906342E-01  2.75527093E-01  7.59156475E-02  6.66664610E-01  2.45537362E-04  8.56124351E-01 -1.28130110E+00 -1.28108012E+00  0.00000000E+00
     871  5.24894621E-01  2.75514792E-01  7.59088731E-02  6.66664592E-01  2.47643681E-04  8.58001417E-01 -1.28130679E+00 -1.28108589E+00  0.00000000E+00
     881  5.24884613E-01  2.75504282E-01  7.59030791E-02  6.66664605E-01  2.46059792E-04  8.67505670E-01 -1.28129876E+00 -1.28107819E+00  0.00000000E+00
     891  5.24881155E-01  2.75500647E-01  7.59010699E-02  6.66664632E-01  2.42832293E-04  8.54401516E-01 -1.28130992E+00 -1.28108917E+00  0.00000000E+00
     901  5.24876100E-01  2.75495339E-01  7.58981436E-02  6.66664640E-01  2.41912079E-04  8.44765119E-01 -1.28131959E+00 -1.28109917E+00  0.00000000E+00
     911  5.24883929E-01  2.75503559E-01  7.59026746E-02  6.66664631E-01  2.42917423E-04  8.40022032E-01 -1.28132580E+00 -1.28110598E+00  0.00000000E+00
     921  5.24886584E-01  2.75506341E-01  7.59042017E-02  6.66664657E-01  2.39891212E-04  8.35506662E-01 -1.28132011E+00 -1.28110028E+00  0.00000000E+00
     931  5.24891914E-01  2.75511933E-01  7.59072784E-02  6.66664677E-01  2.37502530E-04  8.30416785E-01 -1.28132587E+00 -1.28110615E+00  0.00000000E+00
     941  5.24889984E-01  2.75509905E-01  7.59061593E-02  6.66664685E-01  2.36547839E-04  8.42194446E-01 -1.28132699E+00 -1.28110735E+00  0.00000000E+00
     951  5.24893759E-01  2.75513866E-01  7.59083394E-02  6.66664695E-01  2.35371850E-04  8.46779522E-01 -1.28133111E+00 -1.28111126E+00  0.00000000E+00
     961  5.24897003E-01  2.75517267E-01  7.59102088E-02  6.66664716E-01  2.32841139E-04  8.43856539E-01 -1.28134158E+00 -1.28112190E+00  0.00000000E+00
     971  5.24888424E-01  2.75508263E-01  7.59052491E-02  6.66664706E-01  2.33960664E-04  8.48344394E-01 -1.28133999E+00 -1.28112027E+00  0.00000000E+00
     981  5.24889501E-01  2.75509393E-01  7.59058721E-02  6.66664706E-01  2.33988323E-04  8.51387676E-01 -1.28135033E+00 -1.28113069E+00  0.00000000E+00
     991  5.24896784E-01  2.75517036E-01  7.59100812E-02  6.66664717E-01  2.32679148E-04  8.48107305E-01 -1.28135790E+00 -1.28113827E+00  0.00000000E+00
   #Iter             <M>           <M^2>           <M^4>      U_{Binder}            \chi        C_v(tot)             <E>       <E_{exc}>       <E_{lsf}>
       1  5.25208223E-01  2.75843678E-01  7.60897345E-02  6.66666667E-01  8.29034197E-16 -6.52926779E-11 -1.28137854E+00 -1.28116884E+00  0.00000000E+00
      11  5.24712034E-01  2.75322778E-01  7.58026974E-02  6.66666380E-01  3.41753977E-05  4.13601585E-01 -1.28088677E+00 -1.28065038E+00  0.00000000E+00
      21  5.24541394E-01  2.75143866E-01  7.57043579E-02  6.66665738E-01  1.10676585E-04  7.96388015E-01 -1.28102919E+00 -1.28079957E+00  0.00000000E+00
      31  5.24748760E-01  2.75361497E-01  7.58242139E-02  6.66665525E-01  1.36166572E-04  1.00481519E+00 -1.28112532E+00 -1.28091352E+00  0.00000000E+00
      41  5.24645982E-01  2.75253741E-01  7.57649899E-02  6.66665048E-01  1.93108379E-04  1.14465929E+00 -1.28140547E+00 -1.28119555E+00  0.00000000E+00
      51  5.24451362E-01  2.75049634E-01  7.56527444E-02  6.66664714E-01  2.32828609E-04  9.61561871E-01 -1.28130515E+00 -1.28110118E+00  0.00000000E+00
      61  5.24543579E-01  2.75146356E-01  7.57059459E-02  6.66664779E-01  2.25094346E-04  7.96405708E-01 -1.28130356E+00 -1.28108886E+00  0.00000000E+00
      71  5.24796458E-01  2.75411839E-01  7.58522499E-02  6.66664166E-01  2.98391077E-04  8.89577129E-01 -1.28126893E+00 -1.28105369E+00  0.00000000E+00
      81  5.24849210E-01  2.75467122E-01  7.58826074E-02  6.66664593E-01  2.47523943E-04  7.27789114E-01 -1.28120268E+00 -1.28098698E+00  0.00000000E+00
      91  5.24959926E-01  2.75583349E-01  7.59466511E-02  6.66664609E-01  2.45795373E-04  6.52570671E-01 -1.28109924E+00 -1.28088333E+00  0.00000000E+00
     101  5.25088959E-01  2.75718892E-01  7.60214327E-02  6.66664363E-01  2.75278689E-04  7.21947853E-01 -1.28117897E+00 -1.28096427E+00  0.00000000E+00
     111  5.25127763E-01  2.75759615E-01  7.60438589E-02  6.66664504E-01  2.58438879E-04  7.45368189E-01 -1.28120761E+00 -1.28099020E+00  0.00000000E+00
     121  5.25111167E-01  2.75742232E-01  7.60343238E-02  6.66664275E-01  2.85573741E-04  7.21118164E-01 -1.28119578E+00 -1.28097432E+00  0.00000000E+00
     131  5.25143981E-01  2.75776693E-01  7.60533281E-02  6.66664284E-01  2.84550903E-04  7.42691324E-01 -1.28120121E+00 -1.28098203E+00  0.00000000E+00
     141  5.25189970E-01  2.75824977E-01  7.60799399E-02  6.66664381E-01  2.73076426E-04  7.01142459E-01 -1.28124560E+00 -1.28102728E+00  0.00000000E+00
     151  5.25260851E-01  2.75899457E-01  7.61210575E-02  6.66664271E-01  2.86321429E-04  7.68528680E-01 -1.28135288E+00 -1.28113238E+00  0.00000000E+00
     161  5.25298663E-01  2.75939156E-01  7.61429368E-02  6.66664393E-01  2.71719529E-04  7.26888217E-01 -1.28135105E+00 -1.28113166E+00  0.00000000E+00
     171  5.25320016E-01  2.75961563E-01  7.61552740E-02  6.66664522E-01  2.56355695E-04  7.35438825E-01 -1.28142884E+00 -1.28121073E+00  0.00000000E+00
     181  5.25273473E-01  2.75912660E-01  7.61282801E-02  6.66664547E-01  2.53365566E-04  7.40202866E-01 -1.28148515E+00 -1.28126647E+00  0.00000000E+00
     191  5.25223494E-01  2.75860172E-01  7.60993342E-02  6.66664478E-01  2.61587441E-04  8.35748465E-01 -1.28145861E+00 -1.28124046E+00  0.00000000E+00
     201  5.25189331E-01  2.75824266E-01  7.60795039E-02  6.66664572E-01  2.50216661E-04  8.50108558E-01 -1.28148901E+00 -1.28127033E+00  0.00000000E+00
     211  5.25169035E-01  2.75802927E-01  7.60677089E-02  6.66664675E-01  2.37846486E-04  8.87312510E-01 -1.28144271E+00 -1.28122280E+00  0.00000000E+00
     221  5.25155617E-01  2.75788834E-01  7.60599352E-02  6.66664676E-01  2.37827858E-04  8.77504709E-01 -1.28142255E+00 -1.28120242E+00  0.00000000E+00
     231  5.25100471E-01  2.75730944E-01  7.60280390E-02  6.66664538E-01  2.54159908E-04  8.91832721E-01 -1.28142719E+00 -1.28120555E+00  0.00000000E+00
     241  5.25034024E-01  2.75661208E-01  7.59896330E-02  6.66664336E-01  2.78273108E-04  8.94981163E-01 -1.28138659E+00 -1.28116396E+00  0.00000000E+00
     251  5.24969560E-01  2.75593574E-01  7.59524071E-02  6.66664081E-01  3.08713480E-04  8.91166226E-01 -1.28140452E+00 -1.28118172E+00  0.00000000E+00
     261  5.24922154E-01  2.75543812E-01  7.59249918E-02  6.66664034E-01  3.14234250E-04  9.40936039E-01 -1.28137114E+00 -1.28114985E+00  0.00000000E+00
     271  5.24892024E-01  2.75512165E-01  7.59075351E-02  6.66664111E-01  3.05016901E-04  9.72622935E-01 -1.28134616E+00 -1.28112344E+00  0.00000000E+00
     281  5.24892926E-01  2.75513106E-01  7.59080469E-02  6.66664141E-01  3.01443926E-04  9.80799554E-01 -1.28136382E+00 -1.28114215E+00  0.00000000E+00
     291  5.24885363E-01  2.75505140E-01  7.59036283E-02  6.66664268E-01  2.86260108E-04  9.63031394E-01 -1.28136100E+00 -1.28113981E+00  0.00000000E+00
     301  5.24901914E-01  2.75522502E-01  7.59131808E-02  6.66664332E-01  2.78692812E-04  9.47440340E-01 -1.28135938E+00 -1.28113830E+00  0.00000000E+00
     311  5.24924677E-01  2.75546395E-01  7.59263434E-02  6.66664350E-01  2.76504181E-04  9.50914296E-01 -1.28138035E+00 -1.28115959E+00  0.00000000E+00
     321  5.24947362E-01  2.75570204E-01  7.59394564E-02  6.66664387E-01  2.72122421E-04  9.49584026E-01 -1.28134953E+00 -1.28112906E+00  0.00000000E+00
     331  5.24972177E-01  2.75596251E-01  7.59538057E-02  6.66664420E-01  2.68279117E-04  9.26129486E-01 -1.28137584E+00 -1.28115431E+00  0.00000000E+00
     341  5.25001942E-01  2.75627511E-01  7.59710457E-02  6.66664382E-01  2.72823916E-04  9.12559402E-01 -1.28135198E+00 -1.28113037E+00  0.00000000E+00
     351  5.24983777E-01  2.75608442E-01  7.59605378E-02  6.66664365E-01  2.74800114E-04  9.63815010E-01 -1.28134081E+00 -1.28111903E+00  0.00000000E+00
     361  5.24985805E-01  2.75610564E-01  7.59616998E-02  6.66664399E-01  2.70781508E-04  9.41193397E-01 -1.28133189E+00 -1.28111019E+00  0.00000000E+00
     371  5.24991911E-01  2.75616963E-01  7.59652134E-02  6.66664460E-01  2.63508128E-04  9.21131971E-01 -1.28133100E+00 -1.28110954E+00  0.00000000E+00
     381  5.25006838E-01  2.75632636E-01  7.59738537E-02  6.66664458E-01  2.63765700E-04  9.77434166E-01 -1.28136177E+00 -1.28113969E+00  0.00000000E+00
     391  5.25015858E-01  2.75642094E-01  7.59790531E-02  6.66664521E-01  2.56192009E-04  9.41087553E-01 -1.28135765E+00 -1.28113600E+00  0.00000000E+00
     401  5.25013098E-01  2.75639184E-01  7.59774351E-02  6.66664581E-01  2.49035449E-04  9.26099310E-01 -1.28137243E+00 -1.28115125E+00  0.00000000E+00
     411  5.25012930E-01  2.75638999E-01  7.59773240E-02  6.66664622E-01  2.44187683E-04  9.03229348E-01 -1.28137023E+00 -1.28114946E+00  0.00000000E+00
     421  5.25018842E-01  2.75645193E-01  7.59807234E-02  6.66664689E-01  2.36139955E-04  8.80053820E-01 -1.28136982E+00 -1.28114931E+00  0.00000000E+00
     431  5.25040866E-01  2.75668324E-01  7.59934808E-02  6.66664667E-01  2.38782045E-04  8.78236323E-01 -1.28140189E+00 -1.28118114E+00  0.00000000E+00
     441  5.25060574E-01  2.75689017E-01  7.60048861E-02  6.66664684E-01  2.36809441E-04  8.72958914E-01 -1.28139423E+00 -1.28117369E+00  0.00000000E+00
     451  5.25085285E-01  2.75714973E-01  7.60192053E-02  6.66664654E-01  2.40435278E-04  8.63119560E-01 -1.28141362E+00 -1.28119273E+00  0.00000000E+00
     461  5.25073829E-01  2.75702941E-01  7.60125696E-02  6.66664659E-01  2.39824979E-04  8.70944173E-01 -1.28139188E+00 -1.28117097E+00  0.00000000E+00
     471  5.25070016E-01  2.75698931E-01  7.60103524E-02  6.66664686E-01  2.36626186E-04  8.59969339E-01 -1.28139671E+00 -1.28117592E+00  0.00000000E+00
     481  5.25054895E-01  2.75683076E-01  7.60016358E-02  6.66664573E-01  2.50109345E-04  8.60368010E-01 -1.28138319E+00 -1.28116251E+00  0.00000000E+00
     491  5.25072283E-01  2.75701333E-01  7.60116998E-02  6.66664584E-01  2.48798138E-04  8.74889240E-01 -1.28139941E+00 -1.28117810E+00  0.00000000E+00
     501  5.25051400E-01  2.75679403E-01  7.59996082E-02  6.66664584E-01  2.48761880E-04  8.61025708E-01 -1.28138424E+00 -1.28116290E+00  0.00000000E+00
     511  5.25048055E-01  2.75675888E-01  7.59976670E-02  6.66664598E-01  2.47041208E-04  8.99317747E-01 -1.28140633E+00 -1.28118491E+00  0.00000000E+00
     521  5.25040159E-01  2.75667589E-01  7.59930832E-02  6.66664634E-01  2.42793391E-04  8.98537744E-01 -1.28141614E+00 -1.28119453E+00  0.00000000E+00
     531  5.25021049E-01  2.75647526E-01  7.59820262E-02  6.66664615E-01  2.44995356E-04  8.93254741E-01 -1.28142020E+00 -1.28119918E+00  0.00000000E+00
     541  5.24999570E-01  2.75624974E-01  7.59695958E-02  6.66664607E-01  2.45914745E-04  8.82614641E-01 -1.28141628E+00 -1.28119545E+00  0.00000000E+00
     551  5.24994089E-01  2.75619214E-01  7.59664146E-02  6.66664632E-01  2.42893811E-04  8.79635034E-01 -1.28143317E+00 -1.28121249E+00  0.00000000E+00
     561  5.25001568E-01  2.75627060E-01  7.59707316E-02  6.66664668E-01  2.38687096E-04  8.68956778E-01 -1.28142886E+00 -1.28120832E+00  0.00000000E+00
     571  5.25011900E-01  2.75637904E-01  7.59767045E-02  6.66664691E-01  2.35922297E-04  8.60330595E-01 -1.28143155E+00 -1.28121059E+00  0.00000000E+00
     581  5.25020846E-01  2.75647299E-01  7.59818846E-02  6.66664687E-01  2.36454204E-04  8.51184193E-01 -1.28142617E+00 -1.28120455E+00  0.00000000E+00
     591  5.25010336E-01  2.75636268E-01  7.59758097E-02  6.66664660E-01  2.39625765E-04  8.57035914E-01 -1.28141234E+00 -1.28119044E+00  0.00000000E+00
     601  5.25008193E-01  2.75634009E-01  7.59745555E-02  6.66664699E-01  2.34918344E-04  8.55653449E-01 -1.28142416E+00 -1.28120230E+00  0.00000000E+00
     611  5.25023269E-01  2.75649844E-01  7.59832900E-02  6.66664678E-01  2.37465204E-04  8.52383157E-01 -1.28143969E+00 -1.28121794E+00  0.00000000E+00
     621  5.25003984E-01  2.75629612E-01  7.59721554E-02  6.66664593E-01  2.47626124E-04  8.94877850E-01 -1.28140193E+00 -1.28118013E+00  0.00000000E+00
     631  5.24986871E-01  2.75611648E-01  7.59622581E-02  6.66664571E-01  2.50270873E-04  8.97538541E-01 -1.28137537E+00 -1.28115370E+00  0.00000000E+00
     641  5.24994398E-01  2.75619546E-01  7.59666052E-02  6.66664598E-01  2.46960948E-04  9.06984234E-01 -1.28137683E+00 -1.28115502E+00  0.00000000E+00
     651  5.24987474E-01  2.75612270E-01  7.59625894E-02  6.66664623E-01  2.44053283E-04  8.98052990E-01 -1.28137669E+00 -1.28115504E+00  0.00000000E+00
     661  5.24974496E-01  2.75598644E-01  7.59550783E-02  6.66664622E-01  2.44105273E-04  8.96599911E-01 -1.28138556E+00 -1.28116447E+00  0.00000000E+00
     671  5.24959372E-01  2.75582764E-01  7.59463245E-02  6.66664627E-01  2.43528995E-04  9.14953951E-01 -1.28138444E+00 -1.28116301E+00  0.00000000E+00
     681  5.24951561E-01  2.75574565E-01  7.59418069E-02  6.66664620E-01  2.44295489E-04  9.17092792E-01 -1.28136682E+00 -1.28114473E+00  0.00000000E+00
     691  5.24935325E-01  2.75557524E-01  7.59324206E-02  6.66664596E-01  2.47191035E-04  9.19756972E-01 -1.28136107E+00 -1.28113917E+00  0.00000000E+00
     701  5.24936919E-01  2.75559193E-01  7.59333366E-02  6.66664613E-01  2.45089318E-04  9.01547179E-01 -1.28136021E+00 -1.28113858E+00  0.00000000E+00
     711  5.24932322E-01  2.75554361E-01  7.59306675E-02  6.66664641E-01  2.41795737E-04  9.07659492E-01 -1.28136343E+00 -1.28114187E+00  0.00000000E+00
     721  5.24932823E-01  2.75554880E-01  7.59309457E-02  6.66664675E-01  2.37679266E-04  9.02292367E-01 -1.28136707E+00 -1.28114581E+00  0.00000000E+00
     731  5.24934043E-01  2.75556157E-01  7.59316440E-02  6.66664698E-01  2.35016397E-04  8.87846373E-01 -1.28137795E+00 -1.28115679E+00  0.00000000E+00
     741  5.24923342E-01  2.75544924E-01  7.59254553E-02  6.66664690E-01  2.35944767E-04  8.78177306E-01 -1.28136311E+00 -1.28114200E+00  0.00000000E+00
     751  5.24915589E-01  2.75536789E-01  7.59209780E-02  6.66664665E-01  2.38936468E-04  8.77211866E-01 -1.28135551E+00 -1.28113476E+00  0.00000000E+00
     761  5.24920345E-01  2.75541784E-01  7.59237324E-02  6.66664657E-01  2.39886895E-04  8.85996785E-01 -1.28136282E+00 -1.28114191E+00  0.00000000E+00
     771  5.24927394E-01  2.75549181E-01  7.59278055E-02  6.66664672E-01  2.38039871E-04  8.89789096E-01 -1.28136716E+00 -1.28114637E+00  0.00000000E+00
     781  5.24921119E-01  2.75542589E-01  7.59241672E-02  6.66664695E-01  2.35344171E-04  8.76223017E-01 -1.28136511E+00 -1.28114414E+00  0.00000000E+00
     791  5.24916385E-01  2.75537618E-01  7.59214268E-02  6.66664700E-01  2.34706025E-04  8.66651305E-01 -1.28135473E+00 -1.28113381E+00  0.00000000E+00
     801  5.24920585E-01  2.75542024E-01  7.59238515E-02  6.66664715E-01  2.32951353E-04  8.66079222E-01 -1.28134778E+00 -1.28112604E+00  0.00000000E+00
     811  5.24928755E-01  2.75550600E-01  7.59285769E-02  6.66664719E-01  2.32463376E-04  8.71307320E-01 -1.28134718E+00 -1.28112525E+00  0.00000000E+00
     821  5.24926361E-01  2.75548086E-01  7.59271914E-02  6.66664720E-01  2.32389121E-04  8.77105766E-01 -1.28133303E+00 -1.28111092E+00  0.00000000E+00
     831  5.24919354E-01  2.75540735E-01  7.59231444E-02  6.66664700E-01  2.34683355E-04  8.60126924E-01 -1.28133187E+00 -1.28110959E+00  0.00000000E+00
     841  5.24923641E-01  2.75545237E-01  7.59256269E-02  6.66664694E-01  2.35479489E-04  8.65113900E-01 -1.28131503E+00 -1.28109291E+00  0.00000000E+00
     851  5.24928326E-01  2.75550151E-01  7.59283313E-02  6.66664711E-01  2.33374352E-04  8.60978098E-01 -1.28131006E+00 -1.28108822E+00  0.00000000E+00
     861  5.24938654E-01  2.75560992E-01  7.59343030E-02  6.66664723E-01  2.32033275E-04  8.55672851E-01 -1.28131354E+00 -1.28109209E+00  0.00000000E+00
     871  5.24939965E-01  2.75562367E-01  7.59350581E-02  6.66664734E-01  2.30663296E-04  8.55104878E-01 -1.28130946E+00 -1.28108804E+00  0.00000000E+00
     881  5.24936902E-01  2.75559144E-01  7.59332748E-02  6.66664765E-01  2.26959241E-04  8.52764941E-01 -1.28131127E+00 -1.28108951E+00  0.00000000E+00
     891  5.24935056E-01  2.75557200E-01  7.59321972E-02  6.66664793E-01  2.23650857E-04  8.45670926E-01 -1.28132973E+00 -1.28110798E+00  0.00000000E+00
     901  5.24930639E-01  2.75552557E-01  7.59296320E-02  6.66664822E-01  2.20162271E-04  8.39169293E-01 -1.28132185E+00 -1.28109992E+00  0.00000000E+00
     911  5.24931692E-01  2.75553659E-01  7.59302358E-02  6.66664838E-01  2.18291013E-04  8.36592936E-01 -1.28132917E+00 -1.28110753E+00  0.00000000E+00
     921  5.24936102E-01  2.75558288E-01  7.59327852E-02  6.66664844E-01  2.17595210E-04  8.41802074E-01 -1.28133161E+00 -1.28111007E+00  0.00000000E+00
     931  5.24938734E-01  2.75561047E-01  7.59343009E-02  6.66664864E-01  2.15133759E-04  8.41251849E-01 -1.28132669E+00 -1.28110535E+00  0.00000000E+00
     941  5.24952438E-01  2.75575441E-01  7.59422421E-02  6.66664831E-01  2.19128832E-04  8.46737254E-01 -1.28134436E+00 -1.28112278E+00  0.00000000E+00
     951  5.24951928E-01  2.75574903E-01  7.59419412E-02  6.66664849E-01  2.17027437E-04  8.54744502E-01 -1.28134427E+00 -1.28112267E+00  0.00000000E+00
     961  5.24964209E-01  2.75587799E-01  7.59490524E-02  6.66664835E-01  2.18601118E-04  8.56179873E-01 -1.28136077E+00 -1.28113920E+00  0.00000000E+00
     971  5.24966471E-01  2.75590176E-01  7.59503649E-02  6.66664825E-01  2.19855984E-04  8.51957092E-01 -1.28135603E+00 -1.28113457E+00  0.00000000E+00
     981  5.24970974E-01  2.75594902E-01  7.59529669E-02  6.66664837E-01  2.18378201E-04  8.46469236E-01 -1.28136159E+00 -1.28114023E+00  0.00000000E+00
     991  5.24979072E-01  2.75603403E-01  7.59576513E-02  6.66664843E-01  2.17718994E-04  8.48007510E-01 -1.28136166E+00 -1.28114058E+00  0.00000000E+00
    1001  5.24977766E-01  2.75602027E-01  7.59568877E-02  6.66664866E-01  2.14972374E-04  8.45031388E-01 -1.28135626E+00 -1.28113508E+00  0.00000000E+00
    1011  5.24979190E-01  2.75603520E-01  7.59577085E-02  6.66664876E-01  2.13786059E-04  8.35476964E-01 -1.28135250E+00 -1.28113117E+00  0.00000000E+00
    1021  5.24972413E-01  2.75596403E-01  7.59537835E-02  6.66664884E-01  2.12864288E-04  8.50935825E-01 -1.28134842E+00 -1.28112702E+00  0.00000000E+00
    1031  5.24984500E-01  2.75609098E-01  7.59607854E-02  6.66664865E-01  2.15104438E-04  8.44174285E-01 -1.28134780E+00 -1.28112639E+00  0.00000000E+00
    1041  5.24985686E-01  2.75610343E-01  7.59614713E-02  6.66664866E-01  2.15027699E-04  8.45761286E-01 -1.28133965E+00 -1.28111791E+00  0.00000000E+00
    1051  5.24983487E-01  2.75608034E-01  7.59601986E-02  6.66664866E-01  2.14984646E-04  8.51669754E-01 -1.28133817E+00 -1.28111651E+00  0.00000000E+00
    1061  5.24991547E-01  2.75616498E-01  7.59648661E-02  6.66664859E-01  2.15818139E-04  8.55745774E-01 -1.28135228E+00 -1.28113043E+00  0.00000000E+00
    1071  5.24988452E-01  2.75613244E-01  7.59630687E-02  6.66664876E-01  2.13827226E-04  8.59085512E-01 -1.28133978E+00 -1.28111792E+00  0.00000000E+00
    1081  5.24996531E-01  2.75621726E-01  7.59677423E-02  6.66664883E-01  2.12978248E-04  8.52346191E-01 -1.28134689E+00 -1.28112518E+00  0.00000000E+00
    1091  5.24999009E-01  2.75624324E-01  7.59691700E-02  6.66664903E-01  2.10618569E-04  8.45087419E-01 -1.28134027E+00 -1.28111835E+00  0.00000000E+00
    1101  5.24995730E-01  2.75620883E-01  7.59672746E-02  6.66664896E-01  2.11443206E-04  8.51335944E-01 -1.28132193E+00 -1.28110021E+00  0.00000000E+00
    1111  5.24991041E-01  2.75615956E-01  7.59645549E-02  6.66664912E-01  2.09487077E-04  8.41934141E-01 -1.28132092E+00 -1.28109907E+00  0.00000000E+00
    1121  5.24983022E-01  2.75607541E-01  7.59599214E-02  6.66664891E-01  2.12051817E-04  8.42658195E-01 -1.28133376E+00 -1.28111164E+00  0.00000000E+00
    1131  5.24971898E-01  2.75595870E-01  7.59534984E-02  6.66664846E-01  2.17395229E-04  8.33886898E-01 -1.28133700E+00 -1.28111506E+00  0.00000000E+00
    1141  5.24977719E-01  2.75601981E-01  7.59568650E-02  6.66664853E-01  2.16487791E-04  8.39663354E-01 -1.28134599E+00 -1.28112393E+00  0.00000000E+00
    1151  5.24986027E-01  2.75610704E-01  7.59616736E-02  6.66664853E-01  2.16603086E-04  8.38345890E-01 -1.28135706E+00 -1.28113493E+00  0.00000000E+00
    1161  5.24989949E-01  2.75614820E-01  7.59639408E-02  6.66664861E-01  2.15636669E-04  8.31887358E-01 -1.28135501E+00 -1.28113295E+00  0.00000000E+00
    1171  5.24992531E-01  2.75617533E-01  7.59654382E-02  6.66664852E-01  2.16693504E-04  8.30838788E-01 -1.28135792E+00 -1.28113607E+00  0.00000000E+00
    1181  5.24993949E-01  2.75619018E-01  7.59662534E-02  6.66664867E-01  2.14844058E-04  8.28503677E-01 -1.28135923E+00 -1.28113722E+00  0.00000000E+00
    1191  5.24999396E-01  2.75624738E-01  7.59694055E-02  6.66664870E-01  2.14587572E-04  8.43307199E-01 -1.28136828E+00 -1.28114662E+00  0.00000000E+00
    1201  5.24999231E-01  2.75624558E-01  7.59693005E-02  6.66664896E-01  2.11378426E-04  8.45092429E-01 -1.28137452E+00 -1.28115280E+00  0.00000000E+00
    1211  5.24997546E-01  2.75622786E-01  7.59683200E-02  6.66664913E-01  2.09400347E-04  8.39476006E-01 -1.28136762E+00 -1.28114592E+00  0.00000000E+00
    1221  5.24993833E-01  2.75618887E-01  7.59661710E-02  6.66664912E-01  2.09538869E-04  8.55932074E-01 -1.28135202E+00 -1.28113057E+00  0.00000000E+00
    1231  5.24983001E-01  2.75607522E-01  7.59599148E-02  6.66664874E-01  2.14044677E-04  8.51964930E-01 -1.28135720E+00 -1.28113605E+00  0.00000000E+00
    1241  5.24974519E-01  2.75598618E-01  7.59550084E-02  6.66664866E-01  2.14983540E-04  8.44242884E-01 -1.28135917E+00 -1.28113831E+00  0.00000000E+00
    1251  5.24972610E-01  2.75596614E-01  7.59539038E-02  6.66664866E-01  2.14970345E-04  8.38679968E-01 -1.28135086E+00 -1.28113008E+00  0.00000000E+00
    1261  5.24982700E-01  2.75607212E-01  7.59597501E-02  6.66664846E-01  2.17351789E-04  8.33675277E-01 -1.28135195E+00 -1.28113094E+00  0.00000000E+00
    1271  5.24984789E-01  2.75609406E-01  7.59609603E-02  6.66664842E-01  2.17864241E-04  8.40705849E-01 -1.28135623E+00 -1.28113530E+00  0.00000000E+00
    1281  5.24990769E-01  2.75615691E-01  7.59644317E-02  6.66664812E-01  2.21463019E-04  8.60283998E-01 -1.28135842E+00 -1.28113742E+00  0.00000000E+00
    1291  5.24989521E-01  2.75614378E-01  7.59637046E-02  6.66664826E-01  2.19750084E-04  8.57520565E-01 -1.28135484E+00 -1.28113376E+00  0.00000000E+00
    1301  5.24994644E-01  2.75619755E-01  7.59666672E-02  6.66664833E-01  2.18936356E-04  8.48980683E-01 -1.28135783E+00 -1.28113692E+00  0.00000000E+00
    1311  5.24997968E-01  2.75623244E-01  7.59685895E-02  6.66664839E-01  2.18284942E-04  8.44606601E-01 -1.28136582E+00 -1.28114474E+00  0.00000000E+00
    1321  5.25007588E-01  2.75633350E-01  7.59741647E-02  6.66664819E-01  2.20639050E-04  8.44958750E-01 -1.28136543E+00 -1.28114456E+00  0.00000000E+00
    1331  5.25004950E-01  2.75630578E-01  7.59726352E-02  6.66664826E-01  2.19732709E-04  8.50092528E-01 -1.28137028E+00 -1.28114918E+00  0.00000000E+00
    1341  5.25002433E-01  2.75627935E-01  7.59711783E-02  6.66664826E-01  2.19800173E-04  8.53810381E-01 -1.28136903E+00 -1.28114805E+00  0.00000000E+00
    1351  5.25008981E-01  2.75634812E-01  7.59749696E-02  6.66664823E-01  2.20126274E-04  8.56441312E-01 -1.28137862E+00 -1.28115785E+00  0.00000000E+00
    1361  5.25010462E-01  2.75636366E-01  7.59758267E-02  6.66664823E-01  2.20138694E-04  8.75706444E-01 -1.28136597E+00 -1.28114504E+00  0.00000000E+00
    1371  5.25010268E-01  2.75636161E-01  7.59757113E-02  6.66664831E-01  2.19152414E-04  8.72734937E-01 -1.28136165E+00 -1.28114062E+00  0.00000000E+00
    1381  5.25007650E-01  2.75633412E-01  7.59741958E-02  6.66664832E-01  2.19071129E-04  8.71543849E-01 -1.28135909E+00 -1.28113802E+00  0.00000000E+00
    1391  5.25009156E-01  2.75634991E-01  7.59750640E-02  6.66664842E-01  2.17885429E-04  8.74094785E-01 -1.28136527E+00 -1.28114423E+00  0.00000000E+00
    1401  5.25010809E-01  2.75636729E-01  7.59760242E-02  6.66664834E-01  2.18886606E-04  8.76282814E-01 -1.28136291E+00 -1.28114190E+00  0.00000000E+00
    1411  5.25013067E-01  2.75639096E-01  7.59773245E-02  6.66664853E-01  2.16616861E-04  8.70176516E-01 -1.28135904E+00 -1.28113801E+00  0.00000000E+00
    1421  5.25013416E-01  2.75639462E-01  7.59775263E-02  6.66664853E-01  2.16576106E-04  8.67436568E-01 -1.28136695E+00 -1.28114609E+00  0.00000000E+00
    1431  5.25011428E-01  2.75637374E-01  7.59763758E-02  6.66664852E-01  2.16712728E-04  8.66274120E-01 -1.28135764E+00 -1.28113669E+00  0.00000000E+00
    1441  5.25015016E-01  2.75641141E-01  7.59784508E-02  6.66664858E-01  2.15965362E-04  8.58495384E-01 -1.28135766E+00 -1.28113675E+00  0.00000000E+00
    1451  5.25018513E-01  2.75644813E-01  7.59804748E-02  6.66664859E-01  2.15864975E-04  8.60605376E-01 -1.28135311E+00 -1.28113216E+00  0.00000000E+00
    1461  5.25014959E-01  2.75641082E-01  7.59784193E-02  6.66664853E-01  2.16555049E-04  8.54829262E-01 -1.28134473E+00 -1.28112368E+00  0.00000000E+00
    1471  5.25014794E-01  2.75640912E-01  7.59783300E-02  6.66664835E-01  2.18749124E-04  8.55497248E-01 -1.28134246E+00 -1.28112138E+00  0.00000000E+00
    1481  5.25013019E-01  2.75639048E-01  7.59773016E-02  6.66664839E-01  2.18270023E-04  8.48563249E-01 -1.28134458E+00 -1.28112338E+00  0.00000000E+00
    1491  5.25012441E-01  2.75638439E-01  7.59769633E-02  6.66664850E-01  2.16951609E-04  8.57616775E-01 -1.28133455E+00 -1.28111331E+00  0.00000000E+00
    1501  5.25016181E-01  2.75642367E-01  7.59791293E-02  6.66664847E-01  2.17338732E-04  8.64730912E-01 -1.28134277E+00 -1.28112138E+00  0.00000000E+00
    1511  5.25016217E-01  2.75642402E-01  7.59791465E-02  6.66664857E-01  2.16136318E-04  8.64982151E-01 -1.28134993E+00 -1.28112862E+00  0.00000000E+00
    1521  5.25018368E-01  2.75644658E-01  7.59803877E-02  6.66664868E-01  2.14822793E-04  8.67132396E-01 -1.28135532E+00 -1.28113383E+00  0.00000000E+00
    1531  5.25018457E-01  2.75644751E-01  7.59804369E-02  6.66664875E-01  2.13886181E-04  8.60272124E-01 -1.28135039E+00 -1.28112891E+00  0.00000000E+00
    1541  5.25008818E-01  2.75634634E-01  7.59748651E-02  6.66664852E-01  2.16693386E-04  8.58792800E-01 -1.28134416E+00 -1.28112247E+00  0.00000000E+00
    1551  5.24995478E-01  2.75620641E-01  7.59671670E-02  6.66664783E-01  2.24923304E-04  8.69101614E-01 -1.28135326E+00 -1.28113136E+00  0.00000000E+00
    1561  5.24991013E-01  2.75615950E-01  7.59645781E-02  6.66664797E-01  2.23266976E-04  8.65922973E-01 -1.28136164E+00 -1.28113985E+00  0.00000000E+00
    1571  5.24991213E-01  2.75616160E-01  7.59646933E-02  6.66664799E-01  2.22988732E-04  8.65827981E-01 -1.28136375E+00 -1.28114229E+00  0.00000000E+00
    1581  5.24993061E-01  2.75618098E-01  7.59657601E-02  6.66664806E-01  2.22150186E-04  8.61040565E-01 -1.28136515E+00 -1.28114375E+00  0.00000000E+00
    1591  5.24991794E-01  2.75616767E-01  7.59650254E-02  6.66664811E-01  2.21607485E-04  8.56325605E-01 -1.28136419E+00 -1.28114276E+00  0.00000000E+00
    1601  5.24996236E-01  2.75621430E-01  7.59675946E-02  6.66664815E-01  2.21049156E-04  8.55687340E-01 -1.28135447E+00 -1.28113282E+00  0.00000000E+00
    1611  5.24996604E-01  2.75621815E-01  7.59678047E-02  6.66664825E-01  2.19901103E-04  8.59638449E-01 -1.28135399E+00 -1.28113236E+00  0.00000000E+00
    1621  5.24996015E-01  2.75621196E-01  7.59674637E-02  6.66664825E-01  2.19943849E-04  8.60691105E-01 -1.28135675E+00 -1.28113511E+00  0.00000000E+00
    1631  5.24997206E-01  2.75622445E-01  7.59681495E-02  6.66664835E-01  2.18737265E-04  8.58639506E-01 -1.28135582E+00 -1.28113401E+00  0.00000000E+00
    1641  5.24986733E-01  2.75611455E-01  7.59620985E-02  6.66664804E-01  2.22363526E-04  8.51452910E-01 -1.28135310E+00 -1.28113147E+00  0.00000000E+00
    1651  5.24986394E-01  2.75611098E-01  7.59619001E-02  6.66664811E-01  2.21599526E-04  8.51818388E-01 -1.28135781E+00 -1.28113621E+00  0.00000000E+00
    1661  5.24983711E-01  2.75608280E-01  7.59603469E-02  6.66664812E-01  2.21481441E-04  8.51710680E-01 -1.28135572E+00 -1.28113437E+00  0.00000000E+00
    1671  5.24985891E-01  2.75610568E-01  7.59616061E-02  6.66664819E-01  2.20604261E-04  8.51806368E-01 -1.28135718E+00 -1.28113584E+00  0.00000000E+00
    1681  5.24990795E-01  2.75615717E-01  7.59644443E-02  6.66664819E-01  2.20630429E-04  8.47444712E-01 -1.28135465E+00 -1.28113338E+00  0.00000000E+00
    1691  5.24992195E-01  2.75617186E-01  7.59652533E-02  6.66664824E-01  2.20053081E-04  8.46450360E-01 -1.28135033E+00 -1.28112911E+00  0.00000000E+00
    1701  5.24992283E-01  2.75617278E-01  7.59653033E-02  6.66664826E-01  2.19771609E-04  8.48831021E-01 -1.28134545E+00 -1.28112429E+00  0.00000000E+00
    1711  5.24996303E-01  2.75621500E-01  7.59676327E-02  6.66664818E-01  2.20707280E-04  8.48807286E-01 -1.28134859E+00 -1.28112742E+00  0.00000000E+00
    1721  5.24993403E-01  2.75618456E-01  7.59659555E-02  6.66664814E-01  2.21255828E-04  8.54061973E-01 -1.28134968E+00 -1.28112831E+00  0.00000000E+00
    1731  5.24989976E-01  2.75614857E-01  7.59639700E-02  6.66664820E-01  2.20498162E-04  8.49306783E-01 -1.28135275E+00 -1.28113150E+00  0.00000000E+00
    1741  5.24990483E-01  2.75615386E-01  7.59642596E-02  6.66664831E-01  2.19204104E-04  8.56922005E-01 -1.28134793E+00 -1.28112645E+00  0.00000000E+00
    1751  5.24991480E-01  2.75616433E-01  7.59648365E-02  6.66664832E-01  2.19075230E-04  8.58433226E-01 -1.28134489E+00 -1.28112359E+00  0.00000000E+00
    1761  5.24993845E-01  2.75618916E-01  7.59662042E-02  6.66664835E-01  2.18675274E-04  8.59474946E-01 -1.28134150E+00 -1.28112008E+00  0.00000000E+00
    1771  5.24994325E-01  2.75619420E-01  7.59664811E-02  6.66664838E-01  2.18326547E-04  8.54733190E-01 -1.28134337E+00 -1.28112197E+00  0.00000000E+00
    1781  5.24994574E-01  2.75619683E-01  7.59666285E-02  6.66664829E-01  2.19432081E-04  8.52970958E-01 -1.28134085E+00 -1.28111930E+00  0.00000000E+00
    1791  5.24993107E-01  2.75618142E-01  7.59657788E-02  6.66664831E-01  2.19196689E-04  8.50157610E-01 -1.28134221E+00 -1.28112053E+00  0.00000000E+00
    1801  5.24985560E-01  2.75610220E-01  7.59614146E-02  6.66664819E-01  2.20620576E-04  8.49359292E-01 -1.28133890E+00 -1.28111719E+00  0.00000000E+00
    1811  5.24987844E-01  2.75612620E-01  7.59627399E-02  6.66664809E-01  2.21841508E-04  8.54161558E-01 -1.28134670E+00 -1.28112497E+00  0.00000000E+00
    1821  5.24992143E-01  2.75617134E-01  7.59652280E-02  6.66664809E-01  2.21826571E-04  8.52489176E-01 -1.28134722E+00 -1.28112544E+00  0.00000000E+00
    1831  5.24997356E-01  2.75622607E-01  7.59682444E-02  6.66664812E-01  2.21499948E-04  8.54170014E-01 -1.28134727E+00 -1.28112527E+00  0.00000000E+00
    1841  5.24999499E-01  2.75624856E-01  7.59694824E-02  6.66664819E-01  2.20561766E-04  8.49900086E-01 -1.28134851E+00 -1.28112649E+00  0.00000000E+00
    1851  5.25005879E-01  2.75631558E-01  7.59731798E-02  6.66664806E-01  2.22195346E-04  8.51773634E-01 -1.28134707E+00 -1.28112521E+00  0.00000000E+00
    1861  5.25006378E-01  2.75632082E-01  7.59734679E-02  6.66664809E-01  2.21853451E-04  8.54203215E-01 -1.28134528E+00 -1.28112330E+00  0.00000000E+00
    1871  5.25007308E-01  2.75633057E-01  7.59740051E-02  6.66664811E-01  2.21526655E-04  8.48452592E-01 -1.28134394E+00 -1.28112198E+00  0.00000000E+00
    1881  5.25012624E-01  2.75638640E-01  7.59770834E-02  6.66664808E-01  2.21961190E-04  8.42182368E-01 -1.28134657E+00 -1.28112461E+00  0.00000000E+00
    1891  5.25015212E-01  2.75641355E-01  7.59785782E-02  6.66664817E-01  2.20852907E-04  8.37902436E-01 -1.28134863E+00 -1.28112662E+00  0.00000000E+00
    1901  5.25016222E-01  2.75642413E-01  7.59791584E-02  6.66664830E-01  2.19272575E-04  8.39804932E-01 -1.28134200E+00 -1.28111998E+00  0.00000000E+00
    1911  5.25015818E-01  2.75641987E-01  7.59789211E-02  6.66664841E-01  2.18022284E-04  8.36939448E-01 -1.28134100E+00 -1.28111898E+00  0.00000000E+00
    1921  5.25019789E-01  2.75646158E-01  7.59812233E-02  6.66664830E-01  2.19288561E-04  8.33880627E-01 -1.28134055E+00 -1.28111856E+00  0.00000000E+00
    1931  5.25023002E-01  2.75649534E-01  7.59830856E-02  6.66664823E-01  2.20146923E-04  8.38884175E-01 -1.28134336E+00 -1.28112129E+00  0.00000000E+00
    1941  5.25022815E-01  2.75649335E-01  7.59829742E-02  6.66664832E-01  2.19083270E-04  8.34669792E-01 -1.28133852E+00 -1.28111643E+00  0.00000000E+00
    1951  5.25024826E-01  2.75651447E-01  7.59841379E-02  6.66664834E-01  2.18893246E-04  8.35120991E-01 -1.28133417E+00 -1.28111204E+00  0.00000000E+00
    1961  5.25021514E-01  2.75647970E-01  7.59822216E-02  6.66664831E-01  2.19242392E-04  8.31392109E-01 -1.28132830E+00 -1.28110625E+00  0.00000000E+00
    1971  5.25025400E-01  2.75652049E-01  7.59844695E-02  6.66664836E-01  2.18637129E-04  8.27056121E-01 -1.28132726E+00 -1.28110518E+00  0.00000000E+00
    1981  5.25020558E-01  2.75646966E-01  7.59816674E-02  6.66664834E-01  2.18848472E-04  8.25751546E-01 -1.28132313E+00 -1.28110107E+00  0.00000000E+00
    1991  5.25021778E-01  2.75648245E-01  7.59823708E-02  6.66664841E-01  2.17953733E-04  8.25828291E-01 -1.28132615E+00 -1.28110414E+00  0.00000000E+00
