 --------------------------------------------------------------
             __  __          ___   _______    ____  ___        
            / / / /__  ___  / _ | / __/ _ \  / __/ / _ \       
           / /_/ / _ \/ _ \/ __ |_\ \/ // / / _ \_/ // /       
           \____/ .__/ .__/_/ |_/___/____/  \___(_)___/        
               /_/  /_/                                        
 --------------------------------------------------------------
                https://github.com/UppASD/UppASD               
 --------------------------------------------------------------
              Division of Materials Theory                     
              Department of Physics and Astronomy              
              Uppsala University                               
              Sweden                                           
 ---------------------Production-version-----------------------
 Git revision: 
 --------------------------------------------------------------
 RNG: Mersenne-Twister (mtprng)
 --------------------------------------------------------------
 Execution Date: 20/12/2025  Execution Time: 22:12:51:476
 --------------------------------------------------------------
 Using OpenMP with 16  threads out of 16 possible.
 --------------------------------------------------------------
 Read input file using new format
 done.
  Set up types of atoms done
  Set up chemical information of alloy done
  Set up global coordinates done
  Set up damping
  done
  Set up temperature
  done
 Write input data done.
 Set up Hamiltonian
  Set up neighbour map for exchange nntype           1          32
 done
  Mount Heisenberg Hamiltonian done
  Set up anisotropies done
  Calculate mean-field estimate of Tc:   621.6 K.
  Max eigenvalue:    80.353 meV
  Set up neighbour map for Dzyaloshinskii-Moriya exchange done
  Mount Dzyaloshinskii-Moriya Hamiltonian done
 Initialize metatype 
 Initialize magnetic moments 
  Start random init spins  done
 Enter initial phase:  S 
  Performing initial phase:  1    Temp.   500.0       nsteps      50000       dt     0.1000E-14   lambda      1.000         0.000    
  IP  1   10% done. Mbar:  0.380344
  IP  1   20% done. Mbar:  0.353039
  IP  1   30% done. Mbar:  0.340941
  IP  1   40% done. Mbar:  0.333825
  IP  1   50% done. Mbar:  0.338453
  IP  1   60% done. Mbar:  0.474158
  IP  1   70% done. Mbar:  0.333037
  IP  1   80% done. Mbar:  0.376603
  IP  1   90% done. Mbar:  0.404905
  IP  1  100% done. Mbar:  0.310004
  Performing initial phase:  2    Temp.   400.0       nsteps      50000       dt     0.1000E-14   lambda      1.000         0.000    
  IP  2   10% done. Mbar:  0.593390
  IP  2   20% done. Mbar:  0.661525
  IP  2   30% done. Mbar:  0.624321
  IP  2   40% done. Mbar:  0.530329
  IP  2   50% done. Mbar:  0.553895
  IP  2   60% done. Mbar:  0.578928
  IP  2   70% done. Mbar:  0.677189
  IP  2   80% done. Mbar:  0.644255
  IP  2   90% done. Mbar:  0.565507
  IP  2  100% done. Mbar:  0.549098
  Performing initial phase:  3    Temp.   300.0       nsteps      50000       dt     0.1000E-14   lambda      1.000         0.000    
  IP  3   10% done. Mbar:  1.152996
  IP  3   20% done. Mbar:  1.058477
  IP  3   30% done. Mbar:  1.133279
  IP  3   40% done. Mbar:  1.115135
  IP  3   50% done. Mbar:  1.145674
  IP  3   60% done. Mbar:  1.045685
  IP  3   70% done. Mbar:  1.118032
  IP  3   80% done. Mbar:  1.195558
  IP  3   90% done. Mbar:  1.059512
  IP  3  100% done. Mbar:  1.164412
  Performing initial phase:  4    Temp.   200.0       nsteps      50000       dt     0.1000E-14   lambda      1.000         0.000    
  IP  4   10% done. Mbar:  1.802546
  IP  4   20% done. Mbar:  1.769140
  IP  4   30% done. Mbar:  1.794152
  IP  4   40% done. Mbar:  1.792708
  IP  4   50% done. Mbar:  1.779835
  IP  4   60% done. Mbar:  1.768265
  IP  4   70% done. Mbar:  1.763912
  IP  4   80% done. Mbar:  1.799752
  IP  4   90% done. Mbar:  1.751129
  IP  4  100% done. Mbar:  1.810168
  Performing initial phase:  5    Temp.   100.0       nsteps      50000       dt     0.1000E-14   lambda      1.000         0.000    
  IP  5   10% done. Mbar:  2.184672
  IP  5   20% done. Mbar:  2.221947
  IP  5   30% done. Mbar:  2.194510
  IP  5   40% done. Mbar:  2.192333
  IP  5   50% done. Mbar:  2.202217
  IP  5   60% done. Mbar:  2.193984
  IP  5   70% done. Mbar:  2.216441
  IP  5   80% done. Mbar:  2.205856
  IP  5   90% done. Mbar:  2.203578
  IP  5  100% done. Mbar:  2.206265
 Enter measurement phase:
 ------------------------------------------
            Simulation data                
 ------------------------------------------
  Number of atoms   10000
  Number of ensembles   1
  Gradient: N
  Temperature:    0.00 K
  Number of simulation steps:    500000
  Time step:  1000.    as
  Simulation time:  500.0    ps
  Damping parameter:  1.000    
  Sample averages: Y
  Sample moments: Y
  Spin correlation: N
 ------------------------------------------
         Progress of simulation:           
  MP   5% done. Mbar:  2.577954. Ebar:   -6.176178. U: 0.66667. 
  MP  10% done. Mbar:  2.577738. Ebar:   -6.176180. U: 0.66667. 
  MP  15% done. Mbar:  2.577665. Ebar:   -6.176182. U: 0.66667. 
  MP  20% done. Mbar:  2.577636. Ebar:   -6.176183. U: 0.66667. 
  MP  25% done. Mbar:  2.577631. Ebar:   -6.176184. U: 0.66667. 
  MP  30% done. Mbar:  2.577638. Ebar:   -6.176185. U: 0.66667. 
  MP  35% done. Mbar:  2.577654. Ebar:   -6.176186. U: 0.66667. 
  MP  40% done. Mbar:  2.577675. Ebar:   -6.176187. U: 0.66667. 
  MP  45% done. Mbar:  2.577701. Ebar:   -6.176187. U: 0.66667. 
  MP  50% done. Mbar:  2.577724. Ebar:   -6.176188. U: 0.66667. 
  MP  55% done. Mbar:  2.577740. Ebar:   -6.176188. U: 0.66667. 
  MP  60% done. Mbar:  2.577749. Ebar:   -6.176188. U: 0.66667. 
  MP  65% done. Mbar:  2.577752. Ebar:   -6.176189. U: 0.66667. 
  MP  70% done. Mbar:  2.577752. Ebar:   -6.176189. U: 0.66667. 
  MP  75% done. Mbar:  2.577751. Ebar:   -6.176189. U: 0.66667. 
  MP  80% done. Mbar:  2.577750. Ebar:   -6.176189. U: 0.66667. 
  MP  85% done. Mbar:  2.577748. Ebar:   -6.176189. U: 0.66667. 
  MP  90% done. Mbar:  2.577747. Ebar:   -6.176190. U: 0.66667. 
  MP  95% done. Mbar:  2.577746. Ebar:   -6.176190. U: 0.66667. 
  MP 100% done. Mbar:  2.577746. Ebar:   -6.176190. U: 0.66667. 
 Simulation finished
 ----------------TIME CONSUMPTION REPORT----------------------
 CATEGORY                 TIME(sec)           PERCENT
   Startup                 3.82E-02               0.0
   Initial                 2.09E+01               1.0
   Measurement             1.20E+02               5.8
   Hamiltonian             5.30E+02              25.5
   Evolution               4.87E+02              23.4
   RNG                     7.89E+02              38.0
   Energy                  1.32E+01               0.6
   Moments                 5.33E+01               2.6
   PrintRestart            1.01E-02               0.0
   SpinCorr                3.73E+00               0.2
 -------------------------------------------------------------
 Total wall time           2.08E+03      Sampled percent  97.1
 --------------MAIN PROGRAM PHASES TIME REPORT----------------
 CATEGORY                   EXECUTION TIME    TOTAL CPU TIME
  Time for initialization :           0.08              0.61
  Time for initial phase  :         581.00           9295.69
  Time for meas. phase    :        1538.74          23922.01
  Time for cleanup        :           0.10              0.11
 -------------------------------------------------------------
  Time total              :        2119.92          33218.42
  Time for one meas. iter :           0.00              0.05
 -------------------MEMORY CONSUMPTION REPORT-----------------------
 126 allocations and 125 deallocations, remaining memory(B):24
 Memory occupation peak: 49692 kB
 For the array: "red_atom_list" in routine "magninit"
 -----------------END MEMORY CONSUMPTION REPORT---------------------
