   #Iter           <M>_x           <M>_y           <M>_z             <M>        M_{stdv}
       0 -4.00724985E-03  2.54879479E-03  6.82443897E-03  8.31428731E-03  0.00000000E+00
     100 -9.13024283E-03 -3.15064568E-03 -2.33447205E-03  9.93668265E-03  0.00000000E+00
     200 -2.53914407E-03 -6.87088943E-03  7.98368311E-04  7.36843037E-03  0.00000000E+00
     300 -9.10675063E-03  7.89796856E-03  9.62598102E-04  1.20928661E-02  0.00000000E+00
     400 -1.28361875E-02 -1.22901163E-02 -3.37634604E-03  1.80890680E-02  0.00000000E+00
     500 -8.73332266E-04  1.02002787E-02  3.26113718E-03  1.07444595E-02  0.00000000E+00
     600 -1.10931159E-02 -1.33291166E-02 -7.76593636E-03  1.90008509E-02  0.00000000E+00
     700  6.08521347E-03  9.55436652E-03 -5.92981056E-03  1.27858670E-02  0.00000000E+00
     800  9.48011887E-04 -5.43376410E-03 -6.33107989E-03  8.39685009E-03  0.00000000E+00
     900 -7.06798871E-04  7.82240562E-03 -1.82111441E-03  8.06263307E-03  0.00000000E+00
    1000 -1.11010826E-02 -6.63154789E-04 -3.51092623E-03  1.16619215E-02  0.00000000E+00
    1100  3.40677418E-03 -3.97506619E-03 -1.14870966E-02  1.26238128E-02  0.00000000E+00
    1200  3.13760357E-03  9.58019413E-03 -5.08061967E-03  1.12888162E-02  0.00000000E+00
    1300 -5.80822802E-03  1.05757760E-04 -4.01648587E-03  7.06249645E-03  0.00000000E+00
    1400 -4.07993367E-03  2.55002874E-03 -9.35335219E-03  1.05182557E-02  0.00000000E+00
    1500  6.74965836E-03  3.02103247E-03  7.76710746E-03  1.07243873E-02  0.00000000E+00
    1600  8.95770857E-03 -1.58824437E-04 -3.06182618E-04  8.96434693E-03  0.00000000E+00
    1700  2.14735317E-02  8.04851238E-03 -1.85988768E-03  2.30076139E-02  0.00000000E+00
    1800 -4.28306447E-03 -2.22309897E-03 -9.20756711E-03  1.03954847E-02  0.00000000E+00
    1900 -6.33021616E-03 -1.23002518E-03  9.30494974E-03  1.13210727E-02  0.00000000E+00
    2000  7.23869494E-03  8.36282819E-03  2.74800686E-03  1.13968040E-02  0.00000000E+00
    2100 -7.16768559E-03  1.23319905E-02 -5.09086704E-03  1.51449870E-02  0.00000000E+00
    2200  1.80217174E-03  4.86335597E-03 -9.20069781E-03  1.05618604E-02  0.00000000E+00
    2300  5.69813524E-03 -7.05020329E-04  5.62073967E-03  8.03483126E-03  0.00000000E+00
    2400 -9.99272645E-03  2.88502346E-03  9.20636773E-05  1.04012700E-02  0.00000000E+00
    2500  1.16467827E-03 -8.87180646E-03 -1.43963893E-02  1.69505590E-02  0.00000000E+00
    2600 -5.99332284E-03  2.91626316E-03  5.42831507E-03  8.59599406E-03  0.00000000E+00
    2700 -5.36911671E-03 -1.15296249E-02 -6.60988848E-03  1.43335373E-02  0.00000000E+00
    2800  1.10742233E-02  5.62737485E-03 -4.64277550E-03  1.32612644E-02  0.00000000E+00
    2900 -4.99533750E-03 -7.65362202E-04  8.20637800E-04  5.11982641E-03  0.00000000E+00
    3000 -4.24086210E-03  7.23571298E-03 -8.22332489E-03  1.17457876E-02  0.00000000E+00
    3100  9.11098835E-03  3.85746427E-03  2.06338159E-03  1.01068137E-02  0.00000000E+00
    3200 -1.27205879E-02  3.27137183E-03  1.85990436E-03  1.32655371E-02  0.00000000E+00
    3300  1.68376230E-03 -2.67376798E-03  1.01802507E-03  3.31970868E-03  0.00000000E+00
    3400  1.54172189E-02 -3.57661490E-03 -8.98381800E-03  1.81986757E-02  0.00000000E+00
    3500  5.20866243E-04 -1.49786898E-03  9.64139319E-03  9.77094549E-03  0.00000000E+00
    3600  4.91480918E-03  2.92447135E-03 -2.93080131E-03  6.42631140E-03  0.00000000E+00
    3700 -1.18345725E-02 -6.22481459E-03  7.49275099E-04  1.33927904E-02  0.00000000E+00
    3800  4.48825480E-04 -1.09527559E-02  2.32877429E-03  1.12065827E-02  0.00000000E+00
    3900  1.30744952E-02  5.67158032E-03 -9.88145101E-03  1.73422122E-02  0.00000000E+00
    4000  1.98274309E-03 -4.15682152E-03 -1.30991033E-02  1.38851338E-02  0.00000000E+00
    4100 -7.67924369E-05 -9.47245678E-03 -7.84680234E-03  1.23006358E-02  0.00000000E+00
    4200  1.96798423E-03  7.13984870E-03 -4.96306070E-03  8.91528871E-03  0.00000000E+00
    4300 -5.44372845E-03  9.70435881E-03  2.77081916E-03  1.14667431E-02  0.00000000E+00
    4400  1.19147532E-02  1.27373375E-03 -1.06481570E-03  1.20298617E-02  0.00000000E+00
    4500 -9.61838638E-03 -1.15538477E-03  4.62686399E-03  1.07357413E-02  0.00000000E+00
    4600  3.83890565E-03  5.37112169E-03 -4.69260692E-03  8.09979657E-03  0.00000000E+00
    4700  4.02359845E-04 -7.83520005E-03  2.52957064E-03  8.24323849E-03  0.00000000E+00
    4800  3.61540876E-03 -9.36604999E-03  6.58618226E-03  1.20071591E-02  0.00000000E+00
    4900  1.07958550E-03 -4.25803562E-03  4.79340160E-03  6.50177446E-03  0.00000000E+00
    5000  1.05299277E-02  8.01675403E-03 -1.93067683E-03  1.33744247E-02  0.00000000E+00
    5100 -5.50779194E-03 -2.52006377E-03 -1.08848300E-03  6.15396528E-03  0.00000000E+00
    5200  1.70380918E-03  1.60385189E-02 -5.97102340E-03  1.71985515E-02  0.00000000E+00
    5300  1.74676646E-03  1.22688791E-02 -6.90285610E-03  1.41854154E-02  0.00000000E+00
    5400 -8.82916143E-03  7.19795891E-03 -2.91586954E-03  1.17586989E-02  0.00000000E+00
    5500 -4.06203982E-03 -2.64118574E-03 -6.75133185E-03  8.31002475E-03  0.00000000E+00
    5600 -6.60548040E-03 -1.88691246E-03 -6.00980634E-03  9.12746308E-03  0.00000000E+00
    5700 -4.55229352E-04  2.76363083E-03  4.04840057E-03  4.92284839E-03  0.00000000E+00
    5800  2.07516814E-03 -8.54190162E-03 -1.58880728E-02  1.81576778E-02  0.00000000E+00
    5900  1.25268890E-03  7.96259478E-04 -1.13680710E-02  1.14645670E-02  0.00000000E+00
    6000 -3.36805707E-03 -5.72383393E-03  7.57013386E-03  1.00704027E-02  0.00000000E+00
    6100 -1.41451305E-02  2.96302539E-03  2.92315105E-03  1.47447974E-02  0.00000000E+00
    6200 -7.94006152E-03 -1.94586534E-03  3.03882477E-03  8.72154945E-03  0.00000000E+00
    6300 -4.87603336E-03  1.70382528E-02 -1.73839385E-03  1.78072955E-02  0.00000000E+00
    6400 -7.09319058E-03 -2.44917718E-03  9.59805136E-03  1.21833662E-02  0.00000000E+00
    6500  3.46917433E-03 -1.24561333E-03 -4.47501460E-03  5.79762699E-03  0.00000000E+00
    6600 -2.37691872E-03  7.56214829E-04 -4.29951244E-03  4.97065495E-03  0.00000000E+00
    6700 -2.67354089E-04  3.09742751E-03 -1.71135445E-03  3.54884058E-03  0.00000000E+00
    6800  4.15179953E-03 -8.14602525E-03 -1.33301439E-02  1.61644023E-02  0.00000000E+00
    6900  2.51484641E-03  5.34678642E-03  4.18344582E-04  5.92347784E-03  0.00000000E+00
    7000 -1.14344673E-02 -2.88077593E-03 -6.10230076E-03  1.32771980E-02  0.00000000E+00
    7100 -1.13547085E-02 -4.21358901E-03  8.80223169E-03  1.49720747E-02  0.00000000E+00
    7200 -5.17334382E-03 -1.90279926E-03  1.84698021E-03  5.81338690E-03  0.00000000E+00
    7300  3.50941043E-03 -9.52865916E-03  6.01709011E-03  1.18032487E-02  0.00000000E+00
    7400 -1.07956834E-02 -3.42120471E-03  9.60290972E-03  1.48481412E-02  0.00000000E+00
    7500  1.42674981E-03  7.20537261E-03 -1.92232235E-03  7.59264991E-03  0.00000000E+00
    7600 -1.45035502E-02  8.97438403E-03  2.12037944E-04  1.70568900E-02  0.00000000E+00
    7700  9.13774239E-03  2.49309964E-03 -1.16766737E-02  1.50352449E-02  0.00000000E+00
    7800 -8.30531499E-03 -3.54790560E-03 -5.52455237E-03  1.05870945E-02  0.00000000E+00
    7900  9.04597089E-03 -1.93073207E-03 -3.89797328E-03  1.00375052E-02  0.00000000E+00
    8000  6.00247048E-03 -1.74079344E-03 -9.78202725E-03  1.16081037E-02  0.00000000E+00
    8100  3.04029795E-03  1.28260878E-02  5.46377177E-03  1.42690133E-02  0.00000000E+00
    8200 -5.14550520E-03  4.96219966E-03  8.70905384E-03  1.12670878E-02  0.00000000E+00
    8300 -1.84843816E-03 -4.71774106E-03  3.48896219E-03  6.15196404E-03  0.00000000E+00
    8400  4.78931785E-03 -3.37294881E-03  8.16807150E-03  1.00514547E-02  0.00000000E+00
    8500  1.55567048E-02 -1.73367712E-03  1.05710663E-02  1.88882011E-02  0.00000000E+00
    8600 -1.18597860E-03  2.00431812E-03 -8.66802662E-04  2.48499159E-03  0.00000000E+00
    8700  2.06552590E-03 -2.47524488E-03  2.76253889E-03  4.24556893E-03  0.00000000E+00
    8800 -6.25745707E-03 -8.06434998E-03 -3.56162445E-03  1.08108593E-02  0.00000000E+00
    8900  4.81358111E-03 -3.26091342E-03  4.96623710E-03  7.64641291E-03  0.00000000E+00
    9000 -1.08111330E-02  7.69370636E-03  5.99743918E-03  1.45616960E-02  0.00000000E+00
    9100 -5.96681486E-03  9.42968086E-03  1.07270230E-02  1.54787204E-02  0.00000000E+00
    9200  1.23454745E-02 -7.15494414E-04 -2.93000290E-05  1.23662254E-02  0.00000000E+00
    9300  7.85370811E-03  7.64084841E-03  1.92963409E-03  1.11259509E-02  0.00000000E+00
    9400  1.93607617E-03  5.86529984E-03  3.15398361E-03  6.93525383E-03  0.00000000E+00
    9500  1.06434045E-03  3.66084720E-03  7.86524494E-04  3.89271674E-03  0.00000000E+00
    9600 -2.18309220E-03  8.70752081E-04  1.71005760E-03  2.90661276E-03  0.00000000E+00
    9700 -9.08203279E-04  9.55729405E-03 -1.49780489E-03  9.71648713E-03  0.00000000E+00
    9800  6.12751145E-03 -3.84450523E-03  1.14382890E-02  1.35337014E-02  0.00000000E+00
    9900  6.14005910E-03 -6.88950763E-04  8.97597145E-03  1.08969281E-02  0.00000000E+00
   10000 -1.26286631E-04  7.15005220E-04  8.16926373E-04  1.09295447E-03  0.00000000E+00
   10100 -8.89907547E-03 -7.08030618E-03 -3.63078146E-03  1.19376235E-02  0.00000000E+00
   10200 -8.57975559E-03 -2.38197385E-03  8.69454537E-03  1.24451245E-02  0.00000000E+00
   10300  4.70616687E-03  7.27858103E-04  1.14664550E-02  1.24160128E-02  0.00000000E+00
   10400 -8.30286541E-03  4.45624563E-03  4.13187044E-03  1.02892202E-02  0.00000000E+00
   10500  4.15429314E-03 -1.67093540E-03  1.67505531E-03  4.78079354E-03  0.00000000E+00
   10600  8.92934630E-03 -2.16785924E-03  9.38911069E-03  1.31372843E-02  0.00000000E+00
   10700  9.74516677E-04 -2.53677226E-03 -7.34616628E-03  7.83269144E-03  0.00000000E+00
   10800  1.06668672E-02  1.55239018E-03 -1.05294181E-03  1.08305428E-02  0.00000000E+00
   10900 -6.79758400E-03  8.47451958E-03 -5.29254241E-03  1.20845205E-02  0.00000000E+00
   11000 -4.85899550E-04  4.17342647E-03 -3.14674934E-03  5.24934456E-03  0.00000000E+00
   11100  5.60274981E-03 -1.66051486E-02  7.67153418E-03  1.91304522E-02  0.00000000E+00
   11200  2.43941047E-03  1.38168244E-02  8.73605803E-03  1.65279784E-02  0.00000000E+00
   11300 -8.66590340E-03  1.18082699E-02  3.01227858E-05  1.46469801E-02  0.00000000E+00
   11400  3.36768904E-03 -4.77853575E-04  1.13257400E-02  1.18254835E-02  0.00000000E+00
   11500  2.11310017E-03  9.48982468E-03  1.63734411E-02  1.90423617E-02  0.00000000E+00
   11600  3.64247553E-03  7.23824080E-03  4.40702649E-03  9.22397097E-03  0.00000000E+00
   11700  1.43865763E-03 -7.65579133E-04 -5.20658383E-03  5.45567249E-03  0.00000000E+00
   11800 -1.61139506E-02  1.42202761E-02 -3.05630349E-03  2.17075251E-02  0.00000000E+00
   11900 -8.84264300E-04 -6.84520077E-03  6.42509784E-03  9.42977089E-03  0.00000000E+00
   12000  5.27793548E-03 -5.64666944E-03  5.43274560E-04  7.74833053E-03  0.00000000E+00
   12100  1.47017980E-02 -1.08821798E-02 -1.70886216E-02  2.50316937E-02  0.00000000E+00
   12200  1.12661713E-02 -5.55421919E-03 -3.37784077E-03  1.30071433E-02  0.00000000E+00
   12300 -3.53072995E-03 -3.58785752E-03 -3.35425579E-04  5.04492675E-03  0.00000000E+00
   12400 -9.21208889E-03  8.25278609E-03  1.06720543E-02  1.63359665E-02  0.00000000E+00
   12500 -2.09727451E-03  7.54592769E-03  1.69568498E-02  1.86781782E-02  0.00000000E+00
   12600  9.93917727E-03 -6.10353465E-04  5.89094775E-03  1.15699197E-02  0.00000000E+00
   12700 -8.42397114E-03  8.81782988E-04  9.42155046E-03  1.26691138E-02  0.00000000E+00
   12800 -1.47503461E-02 -8.98799378E-03 -8.56227287E-03  1.92787256E-02  0.00000000E+00
   12900 -1.49467399E-03  2.19615392E-03 -3.35682419E-04  2.67765290E-03  0.00000000E+00
   13000  4.69515167E-04 -5.16031944E-03  2.66995784E-03  5.82906648E-03  0.00000000E+00
   13100 -8.93385688E-03  2.28189743E-03 -1.27723274E-02  1.57528791E-02  0.00000000E+00
   13200  8.57616210E-03  5.09847876E-03 -5.33835294E-03  1.13156111E-02  0.00000000E+00
   13300  3.51503198E-03 -9.60263118E-03  7.71013187E-03  1.28067212E-02  0.00000000E+00
   13400  3.45656619E-03 -3.26136255E-04  4.81832362E-03  5.93889360E-03  0.00000000E+00
   13500  3.33681093E-03 -8.23647567E-03 -5.75678814E-03  1.05884110E-02  0.00000000E+00
   13600 -1.00846746E-03 -2.77141519E-03  2.82104514E-03  4.08118174E-03  0.00000000E+00
   13700 -1.26857187E-02 -6.64498982E-03  4.12902903E-03  1.49041011E-02  0.00000000E+00
   13800  3.87908964E-03 -4.57761689E-03  1.42187772E-02  1.54329368E-02  0.00000000E+00
   13900 -2.15732476E-03 -2.23204572E-03  2.84113891E-04  3.11717804E-03  0.00000000E+00
   14000 -4.43076342E-03  1.24022409E-02  9.82574186E-03  1.64314469E-02  0.00000000E+00
   14100  1.24246915E-02 -4.21371064E-03  9.22310799E-04  1.31521471E-02  0.00000000E+00
   14200 -1.63256397E-03 -3.07970065E-04 -6.01101732E-03  6.23638035E-03  0.00000000E+00
   14300  7.41734556E-03  5.30708782E-03  5.33199165E-04  9.13600009E-03  0.00000000E+00
   14400 -5.76606015E-03  7.22290667E-03  3.75795362E-03  9.97697579E-03  0.00000000E+00
   14500 -6.43801957E-03  9.14762094E-03  6.92789622E-03  1.31576142E-02  0.00000000E+00
   14600 -1.20654405E-03 -6.25276773E-03 -1.85081121E-03  6.63161783E-03  0.00000000E+00
   14700  6.82707114E-03  1.20120067E-03 -2.37510003E-03  7.32754281E-03  0.00000000E+00
   14800  9.36822040E-03  7.01653454E-03  7.30671578E-03  1.37979493E-02  0.00000000E+00
   14900 -3.10027933E-03 -1.07884412E-02 -3.39771900E-03  1.17280301E-02  0.00000000E+00
   15000 -9.66885664E-03  1.83184581E-03 -1.25062779E-03  9.92000593E-03  0.00000000E+00
   15100 -1.14622327E-02  8.51371124E-03 -2.39625964E-03  1.44778492E-02  0.00000000E+00
   15200 -1.46209913E-02 -2.48080443E-03 -1.43417449E-02  2.06304005E-02  0.00000000E+00
   15300  6.28173833E-04  1.37354582E-02 -1.11192274E-02  1.76831737E-02  0.00000000E+00
   15400  3.20056986E-03 -6.30944125E-03 -6.89296585E-03  9.87753382E-03  0.00000000E+00
   15500  1.11745483E-02 -1.38952344E-02  1.30856223E-02  2.21174497E-02  0.00000000E+00
   15600 -9.80121076E-03 -1.31573297E-02  4.06892630E-03  1.69037043E-02  0.00000000E+00
   15700  1.93493195E-03 -9.17776558E-03 -6.62041454E-03  1.14806459E-02  0.00000000E+00
   15800 -1.50712454E-02  4.72063468E-03  3.27365538E-03  1.61289693E-02  0.00000000E+00
   15900  2.43823993E-02  3.19251857E-03 -5.34199841E-03  2.51640719E-02  0.00000000E+00
   16000  7.83157921E-03  4.19247500E-03 -2.11916159E-02  2.29781432E-02  0.00000000E+00
   16100  1.39764047E-03 -4.86370183E-03 -3.53315211E-03  6.17188449E-03  0.00000000E+00
   16200 -1.10871939E-02 -4.04386335E-03 -1.32580651E-02  1.77497884E-02  0.00000000E+00
   16300 -7.97563801E-04 -2.40569134E-03  3.63674459E-03  4.43276099E-03  0.00000000E+00
   16400  6.48504081E-03  7.58508936E-03 -5.00543126E-04  9.99199071E-03  0.00000000E+00
   16500 -6.44925362E-03  8.59157935E-04 -6.40637650E-03  9.13086439E-03  0.00000000E+00
   16600 -1.95818576E-03  4.12063024E-03  9.79304489E-03  1.08036019E-02  0.00000000E+00
   16700  6.16664386E-03  6.60101363E-03  8.97563635E-03  1.27343208E-02  0.00000000E+00
   16800  6.43351573E-03 -7.02118376E-03  9.37525912E-03  1.33634812E-02  0.00000000E+00
   16900 -4.33918379E-03 -7.00770334E-03  4.63845968E-03  9.45789248E-03  0.00000000E+00
   17000 -1.81286145E-03  7.29411142E-03  7.02705524E-04  7.54879613E-03  0.00000000E+00
   17100  4.18391064E-03 -1.13980551E-02  7.22345332E-03  1.41279526E-02  0.00000000E+00
   17200  7.83736451E-03  9.16291328E-04 -6.05936451E-03  9.94885775E-03  0.00000000E+00
   17300  1.06978389E-02 -2.88819993E-03 -1.88817399E-02  2.18930481E-02  0.00000000E+00
   17400 -6.08151497E-03  2.74006447E-03  7.10938748E-03  9.74864954E-03  0.00000000E+00
   17500 -7.83295141E-04  2.86090664E-03 -3.11321959E-03  4.30005515E-03  0.00000000E+00
   17600 -3.88510622E-03 -4.09720567E-03 -7.71870260E-04  5.69885324E-03  0.00000000E+00
   17700  8.64002419E-04  2.23698657E-03  1.30770274E-02  1.32950838E-02  0.00000000E+00
   17800  2.30771293E-03  1.05248875E-02  2.25146758E-04  1.07772672E-02  0.00000000E+00
   17900  7.84939698E-03  2.87694081E-03 -2.41413209E-03  8.70160072E-03  0.00000000E+00
   18000 -8.63717537E-03 -1.57740927E-03  1.24692038E-02  1.52502479E-02  0.00000000E+00
   18100 -1.34296201E-02 -1.00389597E-03  1.17555702E-02  1.78761275E-02  0.00000000E+00
   18200 -1.89212697E-02  7.96889664E-04 -8.36987628E-03  2.07051759E-02  0.00000000E+00
   18300 -2.15262313E-02 -1.66009781E-03 -3.40624072E-03  2.18571964E-02  0.00000000E+00
   18400 -6.44968408E-03 -1.21119215E-04 -1.11859075E-02  1.29126922E-02  0.00000000E+00
   18500 -4.56726735E-03 -4.08443251E-03  5.23018053E-03  8.05588657E-03  0.00000000E+00
   18600  2.06229416E-03  5.36979451E-03 -3.01894999E-03  6.49629196E-03  0.00000000E+00
   18700 -7.21737230E-03  3.69317504E-04  2.95258537E-03  7.80670345E-03  0.00000000E+00
   18800  8.45591181E-03 -5.52914265E-03 -1.33364149E-02  1.67312231E-02  0.00000000E+00
   18900  2.34565580E-03  2.52799490E-04 -5.17082132E-04  2.41523966E-03  0.00000000E+00
   19000 -1.89496044E-03  3.99966216E-03 -2.66929679E-03  5.16849280E-03  0.00000000E+00
   19100  5.29988133E-04  2.46276451E-03 -2.55539046E-03  3.58833065E-03  0.00000000E+00
   19200  1.35064571E-03 -2.35940483E-03 -5.23677121E-03  5.90040742E-03  0.00000000E+00
   19300 -1.19547652E-03  9.96656225E-03 -1.25908495E-02  1.61025159E-02  0.00000000E+00
   19400 -5.64386921E-03 -6.08422746E-03  6.18318028E-03  1.03490484E-02  0.00000000E+00
   19500  1.58322556E-02  1.06128746E-02  7.90560775E-03  2.06347294E-02  0.00000000E+00
   19600  9.44014624E-04 -9.90470924E-03  5.70469478E-03  1.14690004E-02  0.00000000E+00
   19700  1.17899604E-04 -2.29600401E-04  2.72378554E-03  2.73598690E-03  0.00000000E+00
   19800  1.76972918E-02 -8.33471115E-03  7.76058380E-03  2.10449093E-02  0.00000000E+00
   19900  6.71556926E-05  7.05234344E-03  5.51580642E-03  8.95344505E-03  0.00000000E+00
   20000 -1.31321796E-02  4.77850248E-03 -1.51432712E-02  2.06059916E-02  0.00000000E+00
   20100  7.26137401E-04  6.91216287E-03 -1.75955511E-02  1.89184748E-02  0.00000000E+00
   20200  1.21608757E-03  5.21594691E-03  6.42810915E-03  8.36693243E-03  0.00000000E+00
   20300 -2.02604890E-03  3.00650762E-03  3.52863284E-03  5.05917107E-03  0.00000000E+00
   20400 -6.17490789E-03 -1.81981742E-02  5.59605527E-03  2.00154657E-02  0.00000000E+00
   20500 -3.34046717E-03 -4.97607433E-03  8.43763958E-03  1.03495796E-02  0.00000000E+00
   20600  2.77757094E-03  5.97745542E-03 -2.11269222E-03  6.92158523E-03  0.00000000E+00
   20700  4.55752497E-03  5.02594762E-03  3.34956764E-03  7.56642496E-03  0.00000000E+00
   20800  2.38685404E-03  8.04122745E-03  1.17204372E-03  8.46948036E-03  0.00000000E+00
   20900 -3.07257903E-03 -6.60513124E-03  7.74802544E-03  1.06348671E-02  0.00000000E+00
   21000  6.19012013E-03  1.79205318E-03 -5.11959565E-03  8.23038890E-03  0.00000000E+00
   21100  2.74267802E-03 -1.01284390E-03  9.06901322E-03  9.52864819E-03  0.00000000E+00
   21200  2.37665583E-04 -1.12703021E-02 -8.56156791E-03  1.41554456E-02  0.00000000E+00
   21300 -2.92615802E-03  5.91738607E-03  5.89144699E-03  8.84799448E-03  0.00000000E+00
   21400  4.05863172E-03  1.07873430E-04  9.52668505E-03  1.03557644E-02  0.00000000E+00
   21500 -1.23202311E-02 -3.54646096E-03 -6.13593507E-03  1.42132043E-02  0.00000000E+00
   21600  4.03312468E-03  3.53239670E-03 -1.31876186E-03  5.52114607E-03  0.00000000E+00
   21700  1.08727673E-02 -3.69327135E-03  1.31153998E-02  1.74318970E-02  0.00000000E+00
   21800  1.13143520E-02 -1.05309285E-02  7.66591593E-03  1.72534426E-02  0.00000000E+00
   21900  7.39734327E-03 -1.99163604E-04  7.15110180E-04  7.43449636E-03  0.00000000E+00
   22000  1.19208875E-02  1.25786326E-02 -7.47068893E-03  1.88716918E-02  0.00000000E+00
   22100 -4.29183827E-03  2.31730021E-03  1.14943196E-02  1.24863581E-02  0.00000000E+00
   22200 -7.48521336E-03 -1.82958430E-04 -1.50695222E-02  1.68271327E-02  0.00000000E+00
   22300 -1.37097584E-03  1.50401908E-02  8.36002982E-03  1.72620106E-02  0.00000000E+00
   22400 -5.28812754E-03 -2.82382406E-03  9.13784843E-03  1.09287945E-02  0.00000000E+00
   22500 -5.69690661E-03 -2.47678177E-03  9.32113515E-03  1.12014621E-02  0.00000000E+00
   22600  1.17387977E-03 -7.03967745E-03 -2.78979424E-03  7.66276740E-03  0.00000000E+00
   22700 -2.30061344E-03 -5.28465993E-03  2.72008545E-03  6.37332862E-03  0.00000000E+00
   22800 -7.42937983E-03  8.34753442E-04 -1.36410828E-03  7.59955850E-03  0.00000000E+00
   22900  3.77551863E-03  1.54527029E-02 -5.51747985E-03  1.68369579E-02  0.00000000E+00
   23000 -1.82374630E-03 -1.96394252E-03 -2.36318745E-03  3.57320245E-03  0.00000000E+00
   23100 -2.67199029E-02 -1.11631854E-02  1.25170887E-02  3.15475424E-02  0.00000000E+00
   23200  4.78013690E-03  2.57397040E-03  1.83599246E-03  5.73113433E-03  0.00000000E+00
   23300 -9.81298937E-03  3.74807221E-03  1.67817816E-03  1.06376260E-02  0.00000000E+00
   23400  1.03060876E-02  2.75632145E-03  3.84154912E-03  1.13388822E-02  0.00000000E+00
   23500  3.03225724E-03  3.77187537E-03 -7.01867595E-03  8.52545834E-03  0.00000000E+00
   23600 -1.90805135E-03 -1.81310895E-02 -3.07618719E-03  1.84889154E-02  0.00000000E+00
   23700  3.46168623E-03 -1.02091208E-02  5.69835413E-03  1.21934679E-02  0.00000000E+00
   23800 -2.63408688E-03  4.05228516E-03  1.03718410E-02  1.14426620E-02  0.00000000E+00
   23900 -3.41178492E-03  7.97809291E-03 -4.04972464E-03  9.57551630E-03  0.00000000E+00
   24000 -6.42851004E-03  2.00237697E-03  1.37764184E-03  6.87263792E-03  0.00000000E+00
   24100 -1.07814405E-03  8.90547732E-04  2.44370589E-04  1.41957277E-03  0.00000000E+00
   24200  8.84240972E-03  1.00458629E-02 -1.58225815E-02  2.07234567E-02  0.00000000E+00
   24300  3.53676962E-03  1.66768771E-03  5.35614213E-03  6.63160464E-03  0.00000000E+00
   24400  7.52097789E-03 -3.72492733E-03  3.89149873E-03  9.25115962E-03  0.00000000E+00
   24500  1.29748772E-02  1.43596088E-04  1.27491236E-02  1.81908826E-02  0.00000000E+00
   24600 -1.15854488E-02 -3.15148196E-03 -4.78221601E-03  1.29237785E-02  0.00000000E+00
   24700 -5.48744230E-03  8.34952899E-03 -1.23921547E-03  1.00678852E-02  0.00000000E+00
   24800 -1.00070129E-03 -2.74742030E-03 -2.00603345E-03  3.54596836E-03  0.00000000E+00
   24900 -4.19945685E-04  2.75961002E-03  2.47100910E-03  3.72796028E-03  0.00000000E+00
   25000  5.56737658E-03  6.23496243E-03  1.22418177E-02  1.48233781E-02  0.00000000E+00
   25100 -1.14496823E-02  2.46079875E-03 -4.44415062E-04  1.17195674E-02  0.00000000E+00
   25200  2.51411430E-02  1.38805179E-02  8.13224628E-04  2.87299005E-02  0.00000000E+00
   25300 -7.29387647E-03  7.32534273E-03  5.96878250E-03  1.19368189E-02  0.00000000E+00
   25400  2.14599585E-03  4.04999409E-03  4.49772040E-03  6.42162278E-03  0.00000000E+00
   25500 -4.55402243E-04  1.72309404E-03  8.96192966E-03  9.13743003E-03  0.00000000E+00
   25600 -1.00194124E-03 -4.82452084E-03 -5.93939898E-03  7.71727593E-03  0.00000000E+00
   25700  1.18173350E-02 -1.05742586E-02  7.81212613E-03  1.76774904E-02  0.00000000E+00
   25800 -1.66377651E-02 -3.59965844E-03 -3.46867854E-03  1.73725213E-02  0.00000000E+00
   25900 -2.92262204E-03 -2.70825726E-03 -7.64216201E-03  8.61852755E-03  0.00000000E+00
   26000  1.90684408E-03 -5.88958370E-03  9.42628564E-04  6.26193254E-03  0.00000000E+00
   26100  7.24866420E-03 -7.49447790E-03 -1.98490404E-03  1.06136787E-02  0.00000000E+00
   26200 -1.87342078E-03  6.22114591E-03  6.97055505E-03  9.52895585E-03  0.00000000E+00
   26300  3.73064500E-03  2.69116470E-03  3.12748383E-03  5.56248458E-03  0.00000000E+00
   26400  2.20030526E-03 -7.95856628E-03  2.13175520E-02  2.28608430E-02  0.00000000E+00
   26500 -5.72666389E-03 -1.62743752E-02 -4.48121837E-03  1.78250186E-02  0.00000000E+00
   26600  8.59332508E-04  5.79010770E-03  2.16543090E-03  6.24122509E-03  0.00000000E+00
   26700  1.91343179E-04 -1.17418527E-03 -2.30221209E-03  2.59142891E-03  0.00000000E+00
   26800  1.03520129E-04  3.65269309E-03  8.03010292E-04  3.74135119E-03  0.00000000E+00
   26900  7.74734666E-03 -6.40195031E-03 -1.24976407E-02  1.60373742E-02  0.00000000E+00
   27000 -1.96913043E-03  1.06793997E-02 -9.14043684E-04  1.08978222E-02  0.00000000E+00
   27100  1.44484027E-03 -6.28607189E-04  4.60554832E-03  4.86762630E-03  0.00000000E+00
   27200 -2.94754257E-03 -5.95359029E-03 -5.98962597E-04  6.67023244E-03  0.00000000E+00
   27300 -1.71604353E-03 -1.21610714E-02  3.87414227E-03  1.28780993E-02  0.00000000E+00
   27400 -1.08479449E-02 -3.44556386E-03 -3.52693151E-03  1.19159165E-02  0.00000000E+00
   27500 -9.86822351E-03 -1.00138085E-02  2.17046207E-03  1.42256494E-02  0.00000000E+00
   27600  4.19631361E-03 -4.12897979E-03 -6.68554187E-03  8.90808577E-03  0.00000000E+00
   27700 -2.62027345E-03  7.20351009E-03 -1.55484067E-02  1.73352052E-02  0.00000000E+00
   27800  7.97993948E-03 -3.45497507E-03 -9.33224045E-04  8.74569574E-03  0.00000000E+00
   27900  1.06043117E-03  3.62119487E-03  1.18533821E-03  3.95507184E-03  0.00000000E+00
   28000 -7.98346388E-04  5.74375307E-03 -9.03224052E-03  1.07335653E-02  0.00000000E+00
   28100 -9.84606930E-03 -2.48044440E-03 -3.41930736E-03  1.07139791E-02  0.00000000E+00
   28200  9.74205281E-03  7.64917219E-03 -5.50998416E-03  1.35564506E-02  0.00000000E+00
   28300 -4.65468019E-03 -1.16277607E-04 -5.34487084E-06  4.65613538E-03  0.00000000E+00
   28400  1.05010434E-02 -8.56622239E-03  1.01029193E-03  1.35894359E-02  0.00000000E+00
   28500 -5.63762266E-03 -6.44872156E-03 -4.32321703E-03  9.59473838E-03  0.00000000E+00
   28600 -5.08444758E-03  5.52774818E-03 -4.70328679E-03  8.86163155E-03  0.00000000E+00
   28700 -1.09618495E-02 -1.66044982E-02 -9.19451844E-03  2.19182726E-02  0.00000000E+00
   28800  4.41980815E-03  2.40459395E-03  1.63923807E-02  1.71472132E-02  0.00000000E+00
   28900 -8.37694128E-04 -8.12186875E-04  3.31511344E-03  3.51444961E-03  0.00000000E+00
   29000  7.13067486E-04  7.75681217E-03 -1.63835402E-03  7.95995001E-03  0.00000000E+00
   29100 -6.08966340E-03  1.13501026E-02  1.70298626E-03  1.29926515E-02  0.00000000E+00
   29200  2.46594938E-03 -1.11241117E-02  6.59521851E-03  1.31652449E-02  0.00000000E+00
   29300  2.66203354E-03  1.44314907E-02  1.68845824E-03  1.47717717E-02  0.00000000E+00
   29400  3.94529226E-03  4.51534443E-03 -7.66742128E-03  9.73360238E-03  0.00000000E+00
   29500  8.00505626E-03  9.34037658E-03  2.25836511E-02  2.57166261E-02  0.00000000E+00
   29600  9.17190613E-03  5.46039427E-03 -2.73761638E-04  1.06777672E-02  0.00000000E+00
   29700 -7.81977512E-04  1.05864769E-02  1.83781998E-03  1.07732337E-02  0.00000000E+00
   29800  4.26203070E-03 -1.50946339E-04 -2.18608902E-02  2.22729928E-02  0.00000000E+00
   29900  3.04921614E-03  3.33239873E-03 -1.29714197E-02  1.37353679E-02  0.00000000E+00
   30000 -3.68102412E-03 -4.00007632E-04  7.61259878E-03  8.46531776E-03  0.00000000E+00
   30100  3.31099913E-03  2.84197544E-03 -1.21166667E-02  1.28783986E-02  0.00000000E+00
   30200 -2.33965355E-03  8.58486245E-03  5.39499726E-03  1.04057598E-02  0.00000000E+00
   30300 -1.40302731E-02 -7.93798373E-03  8.90565562E-03  1.84165918E-02  0.00000000E+00
   30400 -7.03538611E-03 -1.15157616E-02  1.86968132E-03  1.36236974E-02  0.00000000E+00
   30500  1.80640810E-04  8.94343999E-03  9.69559050E-03  1.31917484E-02  0.00000000E+00
   30600 -3.77546233E-03 -4.31732772E-03  2.76537340E-03  6.36715985E-03  0.00000000E+00
   30700  1.04569341E-02  4.34666088E-03 -5.15876012E-03  1.24440242E-02  0.00000000E+00
   30800  5.27012092E-03  2.86666736E-03  2.93821827E-03  6.68020081E-03  0.00000000E+00
   30900 -5.47716628E-03 -3.04157706E-03 -6.00126665E-03  8.67558315E-03  0.00000000E+00
   31000  1.18632420E-02 -3.63148443E-03  7.65947249E-04  1.24302399E-02  0.00000000E+00
   31100  1.08972678E-02  4.77214350E-03  5.24584828E-03  1.30016431E-02  0.00000000E+00
   31200 -5.48855138E-03 -4.47453254E-03  1.16131133E-02  1.36018395E-02  0.00000000E+00
   31300 -1.19900215E-02  4.74810256E-03 -9.43483721E-04  1.29304004E-02  0.00000000E+00
   31400  1.63877131E-03 -1.44248832E-04  4.28083099E-03  4.58605419E-03  0.00000000E+00
   31500  1.22053090E-02 -6.73950991E-03  9.27939794E-03  1.67480682E-02  0.00000000E+00
   31600  7.53461255E-04 -7.08822856E-03  2.37178958E-03  7.51239468E-03  0.00000000E+00
   31700  5.70789364E-03  7.78580870E-03  4.09516657E-03  1.04866227E-02  0.00000000E+00
   31800  5.34363984E-03  1.03548078E-02 -7.21824108E-03  1.37069156E-02  0.00000000E+00
   31900 -7.69739374E-03  1.76686172E-03  5.29659247E-03  9.50923564E-03  0.00000000E+00
   32000 -3.39636584E-03 -7.03186826E-03  4.73011105E-03  9.12997386E-03  0.00000000E+00
   32100 -1.79637797E-02 -6.75917869E-03 -7.08612601E-03  2.04596446E-02  0.00000000E+00
   32200 -6.02887999E-03  4.22795346E-03  5.96642891E-03  9.47740779E-03  0.00000000E+00
   32300 -7.31579683E-04  2.42221998E-03 -6.75053391E-03  7.20916546E-03  0.00000000E+00
   32400 -4.42644518E-03 -8.13175331E-03  8.92257580E-04  9.30134143E-03  0.00000000E+00
   32500  1.37794881E-02  8.82438400E-03  1.29484174E-02  2.08663739E-02  0.00000000E+00
   32600 -6.71273168E-03  4.67482954E-03  2.05375889E-04  8.18272430E-03  0.00000000E+00
   32700 -3.13596900E-03  2.79983675E-03 -1.45220525E-04  4.20648029E-03  0.00000000E+00
   32800 -5.21885025E-03 -7.54829023E-03  1.94997604E-04  9.17884020E-03  0.00000000E+00
   32900 -6.71344279E-03 -4.11904265E-03  6.18234221E-03  1.00129008E-02  0.00000000E+00
   33000 -7.10605767E-03  7.36173221E-03  2.44748993E-03  1.05205211E-02  0.00000000E+00
   33100  6.37626823E-03  2.15722017E-03 -3.45819043E-03  7.56765991E-03  0.00000000E+00
   33200  1.49529519E-02  1.17721314E-03  6.15039005E-03  1.62112275E-02  0.00000000E+00
   33300 -1.56334395E-03  1.21469262E-03  1.23089197E-02  1.24671178E-02  0.00000000E+00
   33400  1.42057117E-02  4.22372589E-03 -7.34964831E-04  1.48385403E-02  0.00000000E+00
   33500  1.25914690E-03  7.34431712E-04 -9.86736981E-03  9.97445877E-03  0.00000000E+00
   33600 -3.10840899E-03  2.98037621E-04 -2.80686830E-05  3.12279054E-03  0.00000000E+00
   33700  4.59229521E-03  6.33585558E-04 -5.57646790E-04  4.66921577E-03  0.00000000E+00
   33800  3.55570292E-03  1.35755511E-02 -1.04116539E-02  1.74740134E-02  0.00000000E+00
   33900  1.91560624E-02  8.64748228E-03 -2.70814216E-03  2.11912178E-02  0.00000000E+00
   34000 -9.03414050E-03  3.86140076E-03  3.19234920E-04  9.82995531E-03  0.00000000E+00
   34100 -3.72486361E-03  1.09248548E-02 -9.79080417E-03  1.51356172E-02  0.00000000E+00
   34200 -5.67944645E-03 -5.05568682E-03  2.88575981E-03  8.13287716E-03  0.00000000E+00
   34300  1.45773808E-02 -3.42872202E-03  1.18452754E-02  1.90936302E-02  0.00000000E+00
   34400 -6.92787780E-03 -3.73964321E-03 -7.21898862E-03  1.06814895E-02  0.00000000E+00
   34500  4.62135972E-03 -8.27203736E-03 -3.41650232E-03  1.00725397E-02  0.00000000E+00
   34600 -2.32957309E-03 -5.66467837E-03 -1.07321447E-02  1.23569585E-02  0.00000000E+00
   34700  6.57949509E-04 -3.86045713E-03  1.31914847E-03  4.13233341E-03  0.00000000E+00
   34800 -4.59993390E-03  6.18565666E-03  3.20713247E-03  8.34909809E-03  0.00000000E+00
   34900  2.53740756E-03  4.04857240E-03  1.09651516E-02  1.19609333E-02  0.00000000E+00
   35000 -8.24111829E-03  5.75816344E-03  9.42121171E-03  1.37779428E-02  0.00000000E+00
   35100  1.00310417E-02 -1.19082091E-02 -1.27421398E-02  2.01193779E-02  0.00000000E+00
   35200  6.24329322E-03 -1.12217583E-02  5.13194170E-03  1.38290779E-02  0.00000000E+00
   35300  3.70366946E-03 -1.11014807E-04  1.16615797E-02  1.22360914E-02  0.00000000E+00
   35400 -8.96150118E-03  6.84621786E-03 -2.05658833E-03  1.14633659E-02  0.00000000E+00
   35500  2.94414258E-03  8.34013568E-03  1.64738900E-03  8.99665100E-03  0.00000000E+00
   35600 -1.38500621E-02  1.35657662E-03 -9.88251111E-04  1.39513856E-02  0.00000000E+00
   35700  9.95903706E-03 -4.47633047E-03 -3.32634638E-03  1.14142251E-02  0.00000000E+00
   35800  8.14413821E-03  5.55168412E-04 -3.82353043E-03  9.01413246E-03  0.00000000E+00
   35900 -1.11110899E-02 -4.44858641E-04  3.26287130E-03  1.15888113E-02  0.00000000E+00
   36000  2.42007149E-03 -7.07812001E-03  4.99777749E-04  7.49708654E-03  0.00000000E+00
   36100 -2.26815554E-03  5.35912245E-03 -6.44295977E-03  8.68196139E-03  0.00000000E+00
   36200 -5.81686465E-04  3.37369896E-04  1.34045421E-02  1.34213981E-02  0.00000000E+00
   36300  7.90485979E-03 -4.97328883E-03 -5.95756276E-03  1.10775884E-02  0.00000000E+00
   36400 -1.42501257E-02  1.65935989E-03  1.26156145E-02  1.91042740E-02  0.00000000E+00
   36500  4.95836048E-03 -9.40356491E-04  5.14577211E-03  7.20753630E-03  0.00000000E+00
   36600 -3.95733131E-03 -3.16639700E-03 -6.28167116E-03  8.07130309E-03  0.00000000E+00
   36700 -1.05465722E-03 -1.53777579E-04 -1.21677645E-02  1.22143540E-02  0.00000000E+00
   36800  2.39435361E-03  7.99085929E-03  1.85369390E-03  8.54534625E-03  0.00000000E+00
   36900  4.41189502E-03  1.00669025E-02  1.72030494E-02  2.04145108E-02  0.00000000E+00
   37000 -8.54947720E-04  2.35154677E-03 -3.11817275E-03  3.99796312E-03  0.00000000E+00
   37100  1.55442295E-02 -1.38577717E-02  3.93446936E-03  2.11929459E-02  0.00000000E+00
   37200 -4.49830940E-03  3.34925059E-03  5.92081747E-03  8.15526495E-03  0.00000000E+00
   37300 -8.67110514E-03  2.40322000E-03 -7.62241574E-05  8.99829656E-03  0.00000000E+00
   37400  6.66708124E-03  3.20464509E-03  1.08540423E-03  7.47648479E-03  0.00000000E+00
   37500  1.20428762E-03 -1.89766165E-03 -4.07761556E-03  4.65600441E-03  0.00000000E+00
   37600  3.47817101E-04 -1.26655018E-03  4.65623014E-03  4.83793398E-03  0.00000000E+00
   37700 -7.74550103E-03  9.96590718E-03 -5.81422964E-03  1.38966672E-02  0.00000000E+00
   37800 -1.23216131E-02 -6.64792934E-04  5.24474621E-03  1.34078880E-02  0.00000000E+00
   37900  3.55789091E-03  2.22123158E-03 -8.81394699E-03  9.76105112E-03  0.00000000E+00
   38000 -8.63326080E-03  9.33027504E-03 -4.92994402E-03  1.36342060E-02  0.00000000E+00
   38100  2.99594739E-03  1.37929124E-03  8.38522397E-03  9.01055637E-03  0.00000000E+00
   38200  5.87763913E-04  3.55095248E-03 -4.18140267E-03  5.51714221E-03  0.00000000E+00
   38300 -6.78213818E-03 -5.80236768E-03 -1.76962960E-03  9.09925590E-03  0.00000000E+00
   38400 -4.89083703E-03  8.84358981E-03  4.09737552E-03  1.09049463E-02  0.00000000E+00
   38500 -9.03769029E-04 -7.42490919E-03  5.15392579E-03  9.08344791E-03  0.00000000E+00
   38600 -1.25971989E-02  8.96184863E-03 -4.08492639E-03  1.59903337E-02  0.00000000E+00
   38700  5.39908726E-03  7.98784106E-03 -1.19955476E-03  9.71569244E-03  0.00000000E+00
   38800  1.78574736E-02  6.22266833E-03  1.81059815E-03  1.89970848E-02  0.00000000E+00
   38900  3.00564070E-03  1.11914916E-02  7.96647942E-04  1.16154211E-02  0.00000000E+00
   39000 -4.23168714E-03  8.47430226E-03 -1.13340278E-02  1.47709567E-02  0.00000000E+00
   39100  1.08007499E-02 -9.03876622E-03  5.52521279E-03  1.51288952E-02  0.00000000E+00
   39200  8.76449074E-03 -2.37827836E-03  2.36929127E-03  9.38541672E-03  0.00000000E+00
   39300 -1.22193900E-03  5.66176378E-03  4.58678882E-03  7.38832428E-03  0.00000000E+00
   39400 -7.36572666E-03 -1.24237045E-02  3.89357852E-03  1.49586870E-02  0.00000000E+00
   39500  3.36125860E-05  4.58405494E-03  2.65331785E-04  4.59185044E-03  0.00000000E+00
   39600  1.19458898E-02 -1.80325853E-03  8.47681256E-03  1.47584679E-02  0.00000000E+00
   39700  9.45587039E-04 -9.26065337E-03  6.47552839E-03  1.13395901E-02  0.00000000E+00
   39800 -2.44598138E-03 -6.67930773E-03  6.80594372E-03  9.84463543E-03  0.00000000E+00
   39900  8.10021704E-03 -2.70398977E-03  4.97793157E-03  9.88457786E-03  0.00000000E+00
   40000 -2.13117268E-03 -8.06812223E-03 -3.47662027E-03  9.04009855E-03  0.00000000E+00
   40100  1.49666722E-03 -5.40869782E-03  1.68828929E-03  5.86040490E-03  0.00000000E+00
   40200  1.42543770E-02  2.34395516E-04  1.70968633E-03  1.43584551E-02  0.00000000E+00
   40300 -3.33052634E-03 -2.48768586E-03 -2.05421667E-02  2.09585686E-02  0.00000000E+00
   40400 -2.86035860E-03  9.19189271E-04 -1.35537421E-02  1.38827406E-02  0.00000000E+00
   40500 -4.81526106E-03  5.17007386E-03 -5.62268235E-03  9.02944957E-03  0.00000000E+00
   40600  1.56856385E-02  1.07738821E-02 -2.64704703E-04  1.90311812E-02  0.00000000E+00
   40700  1.89297791E-02 -4.63915998E-03  5.18152500E-03  2.01669666E-02  0.00000000E+00
   40800  7.54465105E-03 -1.16558141E-02  1.19954909E-02  1.83486120E-02  0.00000000E+00
   40900 -4.07011473E-03 -1.47166765E-03 -9.96487878E-03  1.08641819E-02  0.00000000E+00
   41000 -5.74241813E-04 -2.50249883E-03 -3.43115210E-03  4.28544732E-03  0.00000000E+00
   41100 -1.67507273E-02 -3.62423248E-03  2.22961402E-03  1.72827401E-02  0.00000000E+00
   41200  1.60217130E-02  2.26738230E-03  4.63812207E-03  1.68329584E-02  0.00000000E+00
   41300 -3.52240663E-03  7.47607853E-03 -1.06517717E-02  1.34818152E-02  0.00000000E+00
   41400  1.07570812E-02  1.32274848E-04 -1.15207656E-03  1.08194072E-02  0.00000000E+00
   41500  1.73542073E-03 -2.58217661E-03  1.50931645E-02  1.54104814E-02  0.00000000E+00
   41600 -5.84951109E-03 -6.69655319E-03 -1.09965745E-02  1.41416143E-02  0.00000000E+00
   41700 -2.73216662E-03 -1.52774336E-02  5.30137862E-03  1.64002843E-02  0.00000000E+00
   41800  3.42824319E-03  6.02175921E-03 -1.03247909E-02  1.24344579E-02  0.00000000E+00
   41900 -2.66262557E-03 -5.91177940E-03 -6.61777058E-03  9.26464236E-03  0.00000000E+00
   42000 -4.64280065E-03 -1.13238977E-02  1.33623888E-02  1.81201460E-02  0.00000000E+00
   42100  7.26714062E-03 -6.11527815E-03  9.89575207E-03  1.37161900E-02  0.00000000E+00
   42200  2.23419848E-03 -9.11922002E-03  5.08062121E-03  1.06754170E-02  0.00000000E+00
   42300  2.25053896E-03 -2.11881820E-03 -3.17360204E-03  4.43013161E-03  0.00000000E+00
   42400 -8.54485009E-03 -3.41200005E-04  9.24927592E-04  8.60153310E-03  0.00000000E+00
   42500  5.32069874E-03 -2.63656309E-02  1.62032937E-03  2.69459050E-02  0.00000000E+00
   42600 -8.57497637E-03  2.73884540E-03 -1.67089663E-02  1.89794902E-02  0.00000000E+00
   42700 -9.14968926E-03 -6.59712221E-03  1.92365893E-03  1.14428711E-02  0.00000000E+00
   42800  8.17553325E-03  8.67368025E-03 -7.22819913E-03  1.39398327E-02  0.00000000E+00
   42900 -1.10100761E-03  2.25424712E-04  1.36783606E-02  1.37244520E-02  0.00000000E+00
   43000 -5.91936908E-03  1.53995282E-02  1.45970168E-03  1.65624614E-02  0.00000000E+00
   43100  9.16126136E-03 -6.98681183E-03  1.22430079E-02  1.68117665E-02  0.00000000E+00
   43200 -6.74510793E-03 -8.34010879E-03 -9.25613945E-03  1.41679220E-02  0.00000000E+00
   43300 -1.05766221E-03  1.74219713E-03  2.28812410E-03  3.06421476E-03  0.00000000E+00
   43400 -2.34310474E-03 -1.95495799E-03  3.39797708E-03  4.56708319E-03  0.00000000E+00
   43500  2.45595389E-04 -4.21946945E-03 -4.16689080E-03  5.93525219E-03  0.00000000E+00
   43600  7.61513514E-03  9.49947381E-03  1.21218369E-03  1.22351819E-02  0.00000000E+00
   43700 -1.26643534E-02  4.54861909E-03  1.49856052E-02  2.01406094E-02  0.00000000E+00
   43800 -6.92610307E-03  2.19440361E-03 -2.23105704E-03  7.60025832E-03  0.00000000E+00
   43900  1.76538717E-03 -7.23634763E-03  6.95021986E-03  1.01875844E-02  0.00000000E+00
   44000 -1.50857824E-02  3.63550720E-03  9.22431430E-03  1.80523051E-02  0.00000000E+00
   44100  8.59043996E-03  1.57381625E-02 -3.03693508E-03  1.81853895E-02  0.00000000E+00
   44200 -3.32011260E-03  6.63300871E-03  1.32381255E-03  7.53474830E-03  0.00000000E+00
   44300 -1.21883766E-02  1.02793787E-02  2.28875186E-03  1.61077787E-02  0.00000000E+00
   44400 -5.34703288E-03 -2.76017551E-03 -3.58390963E-03  7.00383735E-03  0.00000000E+00
   44500 -1.19429705E-03 -2.74244817E-03  2.28307009E-03  3.76294784E-03  0.00000000E+00
   44600  7.44246184E-03 -8.56147702E-03  1.93742267E-03  1.15083767E-02  0.00000000E+00
   44700  7.86734808E-04  7.89713767E-04  9.07368352E-03  9.14189981E-03  0.00000000E+00
   44800 -6.72241236E-03  1.03146262E-02 -1.26742071E-02  1.76696878E-02  0.00000000E+00
   44900  6.90745395E-03 -9.58080513E-03  4.90786014E-03  1.27903025E-02  0.00000000E+00
   45000  7.81858131E-03  2.87863139E-03 -1.78009160E-02  1.96542449E-02  0.00000000E+00
   45100 -2.57500542E-03  2.73415824E-03 -4.52237098E-03  5.87861493E-03  0.00000000E+00
   45200 -8.00585931E-03  4.26400944E-03 -1.32453334E-03  9.16678506E-03  0.00000000E+00
   45300  4.81758135E-03  1.59764650E-02  4.87393881E-03  1.73842401E-02  0.00000000E+00
   45400  1.13641084E-03 -3.13788078E-03  3.35186597E-03  4.72998212E-03  0.00000000E+00
   45500  6.98947287E-04 -8.92784264E-03  3.71224618E-03  9.69410507E-03  0.00000000E+00
   45600 -7.27232998E-03  7.63293673E-03  6.01976066E-03  1.21402646E-02  0.00000000E+00
   45700 -4.51560982E-03  7.37980978E-03 -2.53867154E-03  9.01649475E-03  0.00000000E+00
   45800  8.48878403E-03  1.93305228E-04  2.15781792E-03  8.76087891E-03  0.00000000E+00
   45900  4.39350438E-03  3.98727108E-03  2.42279533E-03  6.40867761E-03  0.00000000E+00
   46000  2.89178939E-03 -4.96091331E-03  5.01005977E-03  7.62061715E-03  0.00000000E+00
   46100  1.00344775E-03 -6.19604953E-03  2.43207677E-03  6.73148829E-03  0.00000000E+00
   46200 -4.41726346E-03 -5.08825686E-03 -8.07329730E-03  1.05157360E-02  0.00000000E+00
   46300  1.94661909E-03 -1.01390785E-02 -1.34285234E-04  1.03251282E-02  0.00000000E+00
   46400 -1.80361024E-02 -1.31093028E-02 -6.49439856E-03  2.32235230E-02  0.00000000E+00
   46500  1.21252655E-02  3.09710907E-03 -9.42950858E-05  1.25149127E-02  0.00000000E+00
   46600 -1.40130875E-02 -2.86604558E-03  7.61618954E-03  1.62045420E-02  0.00000000E+00
   46700 -8.98135636E-03  6.39827313E-03  1.10636921E-03  1.10827214E-02  0.00000000E+00
   46800 -3.62777766E-03 -3.55728946E-03 -2.90480475E-03  5.85260366E-03  0.00000000E+00
   46900 -9.35039426E-03 -6.93652315E-03  2.16975797E-03  1.18428491E-02  0.00000000E+00
   47000 -1.47910108E-02 -4.30739785E-03  1.67400566E-03  1.54961277E-02  0.00000000E+00
   47100 -4.38413435E-03 -5.90303552E-04  6.47421081E-03  7.84120513E-03  0.00000000E+00
   47200 -1.02252824E-02 -1.07195558E-03  1.08300061E-02  1.49330011E-02  0.00000000E+00
   47300  1.69359725E-03 -3.45376915E-03  5.45100025E-03  6.67159626E-03  0.00000000E+00
   47400 -5.35983812E-03  2.23214201E-03  5.74171492E-03  8.16563610E-03  0.00000000E+00
   47500  2.28869498E-02 -4.75384125E-03 -1.12036817E-02  2.59216890E-02  0.00000000E+00
   47600  6.98570185E-03 -8.98478077E-03  1.11330744E-03  1.14352861E-02  0.00000000E+00
   47700 -4.49245257E-03  1.56436902E-03  6.85583081E-04  4.80618400E-03  0.00000000E+00
   47800 -4.49631616E-03  2.13998514E-03 -1.36179271E-02  1.44998046E-02  0.00000000E+00
   47900  2.10954167E-03 -7.56777547E-03  7.42487116E-03  1.08097226E-02  0.00000000E+00
   48000  1.22310619E-02  1.55295247E-03  2.31266806E-03  1.25442803E-02  0.00000000E+00
   48100  8.89803521E-03 -2.11613634E-03  7.67211806E-03  1.19379420E-02  0.00000000E+00
   48200 -6.44789326E-03 -1.57468474E-03  8.94913801E-03  1.11419043E-02  0.00000000E+00
   48300 -1.15256309E-03  3.78303135E-03  7.65956724E-03  8.62024931E-03  0.00000000E+00
   48400 -9.02383949E-03  6.98136821E-03  8.23831974E-03  1.40726363E-02  0.00000000E+00
   48500 -2.06206147E-02 -1.88752092E-02  1.37448520E-02  3.11513119E-02  0.00000000E+00
   48600 -5.47667221E-03 -3.60266954E-03 -6.48926722E-03  9.22408561E-03  0.00000000E+00
   48700  1.05550435E-02 -5.46487442E-03 -8.28425431E-03  1.44880180E-02  0.00000000E+00
   48800 -3.53144305E-03 -1.01988175E-02  3.99029788E-03  1.15069303E-02  0.00000000E+00
   48900 -1.50723844E-02  1.23471936E-02  1.12992271E-03  1.95168309E-02  0.00000000E+00
   49000  1.00489476E-02  3.69453419E-03  5.89420334E-03  1.22218069E-02  0.00000000E+00
   49100  4.15460229E-03  2.43071382E-03 -1.11308289E-02  1.21270129E-02  0.00000000E+00
   49200  1.14306357E-02  2.35540651E-03 -1.65053748E-03  1.17869270E-02  0.00000000E+00
   49300 -1.71410440E-03 -8.32145038E-03  9.03411630E-03  1.24016107E-02  0.00000000E+00
   49400 -9.36431458E-03 -5.27510951E-04  2.53347966E-03  9.71530619E-03  0.00000000E+00
   49500 -1.15952747E-03  1.03028988E-02 -3.06934534E-03  1.08127290E-02  0.00000000E+00
   49600  7.24952430E-04  7.78457630E-04  1.99940125E-02  2.00222897E-02  0.00000000E+00
   49700 -1.42269315E-02 -1.42460414E-02  2.43601425E-03  2.02802722E-02  0.00000000E+00
   49800  1.03950704E-02  6.21640154E-03  7.21707072E-03  1.40991931E-02  0.00000000E+00
   49900 -6.27796505E-03  8.56619066E-03  2.44635646E-03  1.08984920E-02  0.00000000E+00
   #Iter           <M>_x           <M>_y           <M>_z             <M>        M_{stdv}
       0 -7.60957449E-03  8.09261586E-03  3.60021258E-03  1.16772251E-02  0.00000000E+00
     100 -9.73850998E-03 -8.42185598E-03 -4.72572013E-03  1.37149067E-02  0.00000000E+00
     200  5.92092108E-03 -8.58522303E-03  4.48361129E-03  1.13519219E-02  0.00000000E+00
     300 -3.77733745E-03  2.62042504E-03 -2.75547167E-03  5.35980688E-03  0.00000000E+00
     400 -7.73620355E-03 -1.21691069E-02 -7.52103694E-03  1.62635176E-02  0.00000000E+00
     500 -4.13562354E-04  6.97558718E-03  8.26104602E-03  1.08201077E-02  0.00000000E+00
     600 -9.34902210E-03 -1.19658229E-02 -5.12926997E-03  1.60279301E-02  0.00000000E+00
     700  1.00474624E-02  8.28909663E-03 -6.26258017E-03  1.44526999E-02  0.00000000E+00
     800 -2.83278133E-03 -1.47274967E-02 -7.81233577E-03  1.69102454E-02  0.00000000E+00
     900  4.96117888E-03  2.12625911E-03 -4.44210171E-03  6.99046073E-03  0.00000000E+00
    1000 -8.32225776E-03 -2.79029502E-03 -6.71290677E-03  1.10502868E-02  0.00000000E+00
    1100  5.09956469E-03 -3.96823262E-03 -1.17115129E-02  1.33757977E-02  0.00000000E+00
    1200  1.64290477E-03  1.06009391E-02 -5.41113379E-03  1.20149663E-02  0.00000000E+00
    1300 -6.48854505E-03  2.97383326E-03  5.71104092E-03  9.14116456E-03  0.00000000E+00
    1400 -4.19651170E-03  2.96979320E-03 -1.21927986E-02  1.32323361E-02  0.00000000E+00
    1500  7.16237658E-03  6.29988946E-03  1.20476962E-03  9.61455747E-03  0.00000000E+00
    1600  4.07704634E-03  8.65549784E-05 -6.93161864E-04  4.13645646E-03  0.00000000E+00
    1700  1.65896023E-02  5.68348951E-03 -2.70909033E-05  1.75361824E-02  0.00000000E+00
    1800 -3.96242864E-03 -1.24205048E-03 -1.10529080E-02  1.18072141E-02  0.00000000E+00
    1900 -9.10447545E-03  7.96084229E-03  1.19165676E-02  1.69785472E-02  0.00000000E+00
    2000  2.77522547E-03  9.91103990E-03  9.18722930E-04  1.03331815E-02  0.00000000E+00
    2100 -1.29286335E-02  4.79345577E-03 -4.61016836E-03  1.45389282E-02  0.00000000E+00
    2200  3.46816663E-03  8.77660106E-03 -1.22751335E-02  1.54834043E-02  0.00000000E+00
    2300  8.10422851E-03  1.63948645E-03  4.52961933E-03  9.42782514E-03  0.00000000E+00
    2400 -1.29555586E-02  1.74072929E-03 -1.05334798E-03  1.31143501E-02  0.00000000E+00
    2500  3.06022343E-03 -9.30959243E-03 -1.60806870E-02  1.88314093E-02  0.00000000E+00
    2600 -6.94044884E-03  4.69185062E-03  4.49623924E-03  9.50786305E-03  0.00000000E+00
    2700 -8.40591959E-03 -8.74026628E-03 -6.37034077E-03  1.36979188E-02  0.00000000E+00
    2800  5.03476211E-03  8.59331418E-03 -4.00284834E-03  1.07339030E-02  0.00000000E+00
    2900 -1.88976864E-03  2.14262334E-04 -2.76829987E-03  3.35866314E-03  0.00000000E+00
    3000 -8.60945535E-04  4.41730747E-03 -3.28141447E-03  5.56969599E-03  0.00000000E+00
    3100  1.06357964E-03 -1.62134596E-03  2.31673320E-03  3.02112845E-03  0.00000000E+00
    3200 -8.39696225E-03 -6.71639456E-03  5.13278373E-03  1.19148814E-02  0.00000000E+00
    3300  2.32207234E-03 -6.23057643E-03 -5.97191822E-03  8.93733237E-03  0.00000000E+00
    3400  8.97325056E-03 -1.16888474E-02 -3.28545590E-03  1.50977680E-02  0.00000000E+00
    3500 -2.33424809E-04  3.99055424E-03  5.15642281E-03  6.52439319E-03  0.00000000E+00
    3600  7.81421921E-03 -1.91121223E-03 -3.67132319E-03  8.84270140E-03  0.00000000E+00
    3700 -1.08596036E-02 -6.66042821E-03  2.01626023E-03  1.28979688E-02  0.00000000E+00
    3800  8.16794623E-03 -1.19628385E-02 -7.93397588E-03  1.65158355E-02  0.00000000E+00
    3900  6.05788192E-03  2.59392762E-03 -1.03400609E-02  1.22614540E-02  0.00000000E+00
    4000  6.07550215E-05 -7.34962321E-03 -1.47226589E-02  1.64553134E-02  0.00000000E+00
    4100 -1.51142566E-03 -1.51253846E-03 -1.15110362E-02  1.17079518E-02  0.00000000E+00
    4200  1.76853643E-03  3.17773254E-03 -5.89673617E-03  6.92800134E-03  0.00000000E+00
    4300 -6.17280074E-03  5.03679765E-03 -1.44196842E-03  8.09642343E-03  0.00000000E+00
    4400  1.46430069E-02  1.64291769E-03 -1.70320164E-03  1.48329945E-02  0.00000000E+00
    4500 -8.18844414E-03 -6.06330630E-03  9.26719634E-03  1.37729891E-02  0.00000000E+00
    4600  4.64278831E-04  2.77381609E-03 -3.40213780E-03  4.41408566E-03  0.00000000E+00
    4700 -4.12534577E-03 -2.84106828E-03 -2.10881543E-03  5.43481823E-03  0.00000000E+00
    4800  9.81992475E-04 -6.38394442E-03  7.90112253E-03  1.02052336E-02  0.00000000E+00
    4900  1.15541090E-03 -3.67520142E-03  2.65693263E-03  4.67989004E-03  0.00000000E+00
    5000  1.16134671E-02  4.39394674E-03 -5.37803158E-04  1.24285405E-02  0.00000000E+00
    5100 -8.14601579E-03  3.08104372E-03 -7.07350751E-03  1.12198446E-02  0.00000000E+00
    5200  2.91788038E-04  5.01317408E-03 -3.73464071E-03  6.25816234E-03  0.00000000E+00
    5300  1.59938460E-03  5.24799679E-03 -4.12495486E-03  6.86401879E-03  0.00000000E+00
    5400 -6.65194851E-04  2.92293782E-03 -4.14996643E-03  5.11940144E-03  0.00000000E+00
    5500 -2.16946113E-03 -6.99404737E-03 -1.67728396E-03  7.51242581E-03  0.00000000E+00
    5600 -4.12600023E-03 -1.57393620E-03 -2.36061144E-04  4.42231590E-03  0.00000000E+00
    5700  2.95705872E-03 -6.30611456E-04  1.98667395E-03  3.61783643E-03  0.00000000E+00
    5800  1.20856122E-03 -3.46655399E-03 -1.38949253E-02  1.43717280E-02  0.00000000E+00
    5900 -8.51101182E-04 -2.53011003E-03 -4.04215543E-03  4.84405311E-03  0.00000000E+00
    6000  4.52368741E-03 -4.42318778E-03  3.23995476E-03  7.10813933E-03  0.00000000E+00
    6100 -1.10320445E-02  7.45487056E-03 -1.85271166E-03  1.34429774E-02  0.00000000E+00
    6200 -4.83072374E-03  1.00362083E-02  6.46421855E-03  1.28781789E-02  0.00000000E+00
    6300 -8.51030531E-03  1.10374931E-02 -2.10327434E-03  1.40952231E-02  0.00000000E+00
    6400 -1.22634808E-02 -6.68429302E-03  7.70427797E-03  1.59508192E-02  0.00000000E+00
    6500  7.53215032E-03 -3.13218305E-03 -8.61480675E-03  1.18641795E-02  0.00000000E+00
    6600 -6.11306118E-03 -3.59740194E-03  5.68645904E-04  7.11576952E-03  0.00000000E+00
    6700 -2.15291300E-03 -1.84807660E-03  2.19741622E-03  3.58874066E-03  0.00000000E+00
    6800  3.26232312E-03 -7.13859716E-03 -1.08841303E-02  1.34188902E-02  0.00000000E+00
    6900 -1.27690796E-03  3.65487776E-03 -6.54130225E-05  3.87206718E-03  0.00000000E+00
    7000 -8.60748570E-03  1.08587559E-03 -1.38478024E-02  1.63410394E-02  0.00000000E+00
    7100 -6.21967931E-03 -3.71365403E-03  9.12062670E-03  1.16473803E-02  0.00000000E+00
    7200 -6.83106966E-03  1.33098464E-03  3.90168425E-03  7.97860720E-03  0.00000000E+00
    7300 -2.09722387E-03 -5.65277001E-03  3.95840407E-03  7.21256677E-03  0.00000000E+00
    7400 -5.21142788E-03  3.79280601E-03  5.96875952E-03  8.78467121E-03  0.00000000E+00
    7500 -5.87673540E-03  3.24488674E-03  3.35610297E-03  7.50524723E-03  0.00000000E+00
    7600 -9.93942131E-03  4.28339833E-03  2.14644198E-03  1.10338937E-02  0.00000000E+00
    7700  1.07206368E-02 -3.92257355E-03 -5.02256614E-03  1.24717604E-02  0.00000000E+00
    7800 -1.29277222E-02  2.00170172E-03 -9.79285407E-03  1.63411383E-02  0.00000000E+00
    7900  6.96525559E-03 -6.41985328E-03 -6.35667950E-03  1.14077463E-02  0.00000000E+00
    8000  3.61957616E-03  1.00212361E-02 -1.16230832E-02  1.57677699E-02  0.00000000E+00
    8100  8.07355587E-03  1.06447991E-02  8.42129383E-03  1.57927908E-02  0.00000000E+00
    8200  2.26105282E-04  7.75260477E-03  1.05558873E-02  1.30988840E-02  0.00000000E+00
    8300  2.64347531E-03  7.31782984E-04  1.65172797E-05  2.74294384E-03  0.00000000E+00
    8400  1.75979507E-03 -2.03418183E-03  8.95217206E-03  9.34752154E-03  0.00000000E+00
    8500  7.58039537E-03 -6.26536721E-03  8.12000533E-03  1.27534978E-02  0.00000000E+00
    8600 -4.91934703E-03 -1.35902023E-03  1.51504339E-03  5.32374565E-03  0.00000000E+00
    8700 -3.66229366E-03 -3.42193459E-03  9.01228846E-03  1.03122924E-02  0.00000000E+00
    8800 -6.39045850E-03 -6.37568259E-03 -2.89142142E-03  9.47879772E-03  0.00000000E+00
    8900  4.41677265E-03 -5.60919044E-03 -5.59502097E-04  7.16128066E-03  0.00000000E+00
    9000 -8.42857814E-03  6.77970766E-03  2.98015058E-03  1.12199226E-02  0.00000000E+00
    9100 -8.23053754E-03  1.21773977E-02  7.03855222E-03  1.62963794E-02  0.00000000E+00
    9200  1.22201675E-02 -5.76136350E-03  2.47834453E-03  1.37356469E-02  0.00000000E+00
    9300  4.01835702E-03  7.85701951E-03  2.25414309E-03  9.10829896E-03  0.00000000E+00
    9400  2.95768559E-03  5.34080491E-03 -7.82749449E-03  9.92682079E-03  0.00000000E+00
    9500  4.11801850E-03  1.01996330E-03  8.82532875E-04  4.33327426E-03  0.00000000E+00
    9600 -6.75981013E-03 -3.27405335E-04  5.37318124E-03  8.64137164E-03  0.00000000E+00
    9700 -6.30135819E-03  3.82414008E-03 -3.63290739E-03  8.21761392E-03  0.00000000E+00
    9800  5.37742586E-03 -3.42273194E-03  8.75141256E-03  1.08267735E-02  0.00000000E+00
    9900  4.15511529E-03  1.24829655E-04  8.60810129E-03  9.55928729E-03  0.00000000E+00
   10000 -1.16932609E-03 -1.37055415E-03 -8.52638635E-04  1.99317205E-03  0.00000000E+00
   10100 -6.17844618E-03 -7.21355645E-03  2.82257751E-03  9.90835696E-03  0.00000000E+00
   10200 -1.04184475E-02 -8.42180065E-04  1.26141132E-02  1.63819770E-02  0.00000000E+00
   10300 -1.13719209E-03 -4.08109915E-03  8.10296893E-03  9.14366893E-03  0.00000000E+00
   10400 -9.84088309E-03  3.75877077E-03  4.22761523E-03  1.13509501E-02  0.00000000E+00
   10500 -2.56019096E-04  2.82723472E-04  1.03616850E-03  1.10413926E-03  0.00000000E+00
   10600  1.17320560E-02 -6.70556093E-03  9.40403720E-03  1.64633411E-02  0.00000000E+00
   10700 -3.44937400E-03 -9.00328806E-04 -5.97816305E-03  6.96040274E-03  0.00000000E+00
   10800  8.78231836E-03 -4.50011894E-03  3.95018659E-04  9.87604303E-03  0.00000000E+00
   10900 -6.75174141E-03  4.97272029E-03 -8.58630571E-03  1.20016084E-02  0.00000000E+00
   11000  4.24901384E-03  1.41005708E-03 -1.98278400E-03  4.89630595E-03  0.00000000E+00
   11100  8.58600196E-03 -9.66190816E-03  1.14936168E-02  1.72966797E-02  0.00000000E+00
   11200 -2.99020611E-03  7.72045713E-03  1.19683834E-02  1.45529719E-02  0.00000000E+00
   11300 -1.08061211E-02  6.35112708E-04  3.84332590E-04  1.08315896E-02  0.00000000E+00
   11400  1.44405135E-03 -6.76802255E-03  1.05546000E-02  1.26210536E-02  0.00000000E+00
   11500  6.30606319E-03  2.95217442E-03  1.29292516E-02  1.46849349E-02  0.00000000E+00
   11600  6.18294316E-03  9.11709776E-03  7.03328464E-05  1.10161338E-02  0.00000000E+00
   11700 -3.71810875E-03 -5.46370748E-03  1.24868040E-03  6.72574418E-03  0.00000000E+00
   11800 -9.38552987E-03  1.48990000E-02 -9.26449052E-03  1.98972148E-02  0.00000000E+00
   11900 -5.82512076E-03 -1.28687451E-02  1.07252024E-02  1.77360255E-02  0.00000000E+00
   12000 -3.70012459E-03 -5.94588119E-03  1.71625452E-03  7.21040600E-03  0.00000000E+00
   12100  8.24638449E-03 -8.77553098E-03 -1.55732332E-02  1.96859948E-02  0.00000000E+00
   12200  1.18003531E-02 -7.03724659E-03 -1.13295021E-02  1.78081103E-02  0.00000000E+00
   12300 -2.76646550E-03 -3.55966426E-03  4.13459299E-03  6.11713987E-03  0.00000000E+00
   12400 -9.96593049E-03  5.50546197E-03  5.89647688E-03  1.28217909E-02  0.00000000E+00
   12500  1.57423339E-03  3.50168294E-03  1.75434350E-02  1.79586220E-02  0.00000000E+00
   12600  1.12304875E-02  2.38195241E-03  1.82548407E-03  1.16245404E-02  0.00000000E+00
   12700  4.19441818E-04  1.21997972E-03  1.24795600E-02  1.25460631E-02  0.00000000E+00
   12800 -5.09140710E-03 -7.73838425E-03 -7.93488194E-03  1.21970229E-02  0.00000000E+00
   12900 -4.70022368E-03 -3.02465457E-03 -2.06015838E-03  5.95691954E-03  0.00000000E+00
   13000  3.48832150E-03 -5.98509575E-03  7.69612372E-03  1.03547129E-02  0.00000000E+00
   13100 -1.83433920E-02  6.23063743E-03 -1.64448015E-02  2.54112646E-02  0.00000000E+00
   13200  8.91213743E-03  7.05137809E-03 -3.94033019E-03  1.20280642E-02  0.00000000E+00
   13300  5.94693062E-03 -1.75883376E-02  3.92604159E-03  1.89770758E-02  0.00000000E+00
   13400  1.70776570E-03  1.23996147E-02  2.96837605E-03  1.28638316E-02  0.00000000E+00
   13500  4.24932597E-03 -1.36267285E-02 -3.45838956E-03  1.46868976E-02  0.00000000E+00
   13600 -2.69413628E-03 -6.34729360E-03  1.06252422E-02  1.26665812E-02  0.00000000E+00
   13700 -8.74175127E-03 -3.74555111E-03  8.76699401E-04  9.55070522E-03  0.00000000E+00
   13800  1.96172122E-03 -5.23104575E-03  1.48221509E-02  1.58400867E-02  0.00000000E+00
   13900  3.23966719E-03 -7.94680164E-04 -3.25753162E-03  4.66245347E-03  0.00000000E+00
   14000 -1.48669450E-03  1.32281899E-02  5.65512457E-03  1.44629078E-02  0.00000000E+00
   14100  8.73409745E-03 -3.84313710E-03  4.55700447E-04  9.55310546E-03  0.00000000E+00
   14200 -1.14941263E-03  3.74420839E-03 -5.87546648E-03  7.06125713E-03  0.00000000E+00
   14300  2.85646397E-03  2.19812751E-03  3.71583381E-03  5.17673371E-03  0.00000000E+00
   14400 -4.22046094E-03  7.75094484E-03  6.80318437E-03  1.11432829E-02  0.00000000E+00
   14500  2.85519376E-03  3.90549581E-03  1.00529044E-02  1.11564293E-02  0.00000000E+00
   14600  1.93045180E-03 -4.22632945E-03  2.66038367E-03  5.35407752E-03  0.00000000E+00
   14700  1.01938910E-02 -1.35665959E-03  4.74931101E-03  1.13274841E-02  0.00000000E+00
   14800  3.52112713E-03  8.41203984E-03  1.15247801E-02  1.46963025E-02  0.00000000E+00
   14900 -9.35960846E-03 -8.42357130E-03 -1.38592057E-02  1.87252879E-02  0.00000000E+00
   15000 -4.54770621E-03  1.63399712E-03 -2.85417228E-04  4.84076868E-03  0.00000000E+00
   15100 -8.38372076E-03  1.10726818E-02  4.17665647E-03  1.45029485E-02  0.00000000E+00
   15200 -1.33317084E-02 -3.76524944E-03 -6.95394219E-03  1.55006086E-02  0.00000000E+00
   15300 -1.69503842E-03  1.02221755E-02 -6.06602206E-03  1.20067752E-02  0.00000000E+00
   15400 -5.01804242E-03 -2.85393786E-03 -8.07150321E-03  9.92345076E-03  0.00000000E+00
   15500  1.15453030E-02 -8.69345871E-03  1.03618575E-02  1.77830913E-02  0.00000000E+00
   15600 -2.39007736E-04 -1.13637185E-02  4.50224516E-03  1.22254421E-02  0.00000000E+00
   15700 -6.68697397E-04 -9.88456819E-03  9.87592420E-04  9.95626352E-03  0.00000000E+00
   15800 -1.10190082E-02  5.69805445E-03  2.51337423E-03  1.26571488E-02  0.00000000E+00
   15900  2.32116990E-02  9.98095375E-03 -2.18520086E-03  2.53609446E-02  0.00000000E+00
   16000  4.84973713E-03  6.01335606E-03 -7.81802717E-03  1.09909940E-02  0.00000000E+00
   16100  1.95050645E-03 -6.46041654E-03 -5.29654511E-05  6.74864895E-03  0.00000000E+00
   16200 -7.53964182E-03 -5.90038650E-03 -1.15037735E-02  1.49665482E-02  0.00000000E+00
   16300 -7.69064813E-03 -1.77293225E-03 -1.47142779E-03  8.02835333E-03  0.00000000E+00
   16400  3.55355854E-03  1.19230417E-02 -8.07070002E-05  1.24415921E-02  0.00000000E+00
   16500 -7.38789492E-03 -4.29930272E-04 -1.15509061E-02  1.37182092E-02  0.00000000E+00
   16600  4.59072709E-03  3.41612856E-03  7.26113018E-03  9.24492948E-03  0.00000000E+00
   16700  8.47735876E-03  8.91076008E-03  5.38560683E-03  1.34265415E-02  0.00000000E+00
   16800  2.06433535E-03 -9.44452325E-03  7.25743161E-03  1.20884579E-02  0.00000000E+00
   16900 -6.40362192E-03 -2.30398711E-03  2.24343075E-04  6.80918939E-03  0.00000000E+00
   17000  2.78947298E-03  1.77507080E-03  1.69367220E-03  3.71491068E-03  0.00000000E+00
   17100  8.20583386E-03 -1.80617705E-02  8.86349193E-03  2.17284319E-02  0.00000000E+00
   17200  6.26464639E-03  7.83797123E-04 -3.97327893E-03  7.45969690E-03  0.00000000E+00
   17300  9.36605559E-03 -1.38147893E-03 -9.70840356E-03  1.35604049E-02  0.00000000E+00
   17400 -5.88329784E-03  4.50479933E-03  1.38948900E-03  7.53903775E-03  0.00000000E+00
   17500 -8.15802269E-04 -1.42969116E-03 -3.44714917E-03  3.81999837E-03  0.00000000E+00
   17600 -4.80886583E-03 -2.31973511E-05  4.67317930E-03  6.70554498E-03  0.00000000E+00
   17700  2.99464918E-03  1.34864765E-03  4.08042721E-03  5.23800156E-03  0.00000000E+00
   17800  1.28234226E-03  6.33616662E-03  2.01202000E-04  6.46775783E-03  0.00000000E+00
   17900  1.71312914E-03 -9.40208587E-04 -7.19770806E-03  7.45827091E-03  0.00000000E+00
   18000 -1.42338358E-02 -6.59472424E-03  1.71953876E-02  2.32760354E-02  0.00000000E+00
   18100 -9.03581948E-03 -2.00422956E-03  9.93175289E-03  1.35758125E-02  0.00000000E+00
   18200 -1.27938705E-02  4.05362457E-03 -2.86286587E-03  1.37226454E-02  0.00000000E+00
   18300 -1.35012763E-02 -3.67589605E-03 -1.40140319E-02  1.98037816E-02  0.00000000E+00
   18400 -9.03117877E-03 -7.49895724E-03 -4.11435442E-03  1.24388288E-02  0.00000000E+00
   18500 -9.26792710E-03 -5.62129577E-03  2.07429466E-03  1.10361287E-02  0.00000000E+00
   18600 -8.25594264E-03  8.90082992E-03  4.24846592E-03  1.28621470E-02  0.00000000E+00
   18700 -3.47526218E-03 -5.86291191E-03 -2.25777677E-03  7.17974507E-03  0.00000000E+00
   18800  1.10633934E-02 -1.15377813E-02 -3.56208063E-03  1.63770416E-02  0.00000000E+00
   18900  1.09074947E-03 -7.07543982E-03  8.45786345E-04  7.20880972E-03  0.00000000E+00
   19000  6.32175302E-03  4.24205513E-03  2.63467572E-03  8.05612246E-03  0.00000000E+00
   19100 -1.46341235E-04  1.12051118E-03  3.35077519E-03  3.53619223E-03  0.00000000E+00
   19200  2.89877895E-03  5.74803574E-04 -4.09474513E-04  2.98345235E-03  0.00000000E+00
   19300 -1.50809202E-03  6.56412441E-03 -7.32629199E-03  9.95171468E-03  0.00000000E+00
   19400 -7.39072596E-03 -3.69366031E-03  6.00300268E-03  1.02128350E-02  0.00000000E+00
   19500  1.00316183E-02 -5.23458166E-03  7.70930999E-03  1.36918834E-02  0.00000000E+00
   19600  5.11780996E-03 -1.05522864E-02  1.32152038E-03  1.18020822E-02  0.00000000E+00
   19700 -1.19803305E-03  3.17620729E-03  7.15435622E-04  3.46921087E-03  0.00000000E+00
   19800  4.95125022E-03 -1.08622037E-02  1.12736765E-02  1.64194436E-02  0.00000000E+00
   19900 -7.89050175E-03  6.46459590E-03  4.30046906E-03  1.10700069E-02  0.00000000E+00
   20000 -8.85038149E-03 -1.02455392E-03 -1.25713283E-02  1.54083503E-02  0.00000000E+00
   20100 -2.29831080E-03  3.83916183E-03 -1.47687924E-02  1.54317409E-02  0.00000000E+00
   20200 -4.35450918E-03  1.06987709E-02  7.61196576E-03  1.38335632E-02  0.00000000E+00
   20300 -3.49549877E-04  6.14688275E-03  5.33894510E-03  8.14927527E-03  0.00000000E+00
   20400  3.77902775E-04 -1.17076459E-02 -3.52894465E-03  1.22337743E-02  0.00000000E+00
   20500 -9.42029134E-03 -1.18547543E-02  6.76553218E-03  1.65846168E-02  0.00000000E+00
   20600  3.14238699E-03  8.25041924E-03 -3.38329403E-03  9.45466510E-03  0.00000000E+00
   20700  4.65731160E-03 -9.65701285E-04 -1.67295467E-03  5.04201424E-03  0.00000000E+00
   20800 -2.67635602E-03  4.78557600E-03  9.00819449E-04  5.55662621E-03  0.00000000E+00
   20900 -4.70997955E-03 -2.47633344E-03  2.52424570E-03  5.88964778E-03  0.00000000E+00
   21000  2.93904083E-03  5.19085951E-03 -4.41673121E-03  7.42229736E-03  0.00000000E+00
   21100  1.94174324E-03 -2.53133267E-03  1.93088075E-03  3.72911684E-03  0.00000000E+00
   21200 -1.19547152E-03 -1.04959667E-02 -8.57830638E-03  1.36081523E-02  0.00000000E+00
   21300 -2.67542459E-03  6.87405358E-03  7.10408156E-03  1.02410197E-02  0.00000000E+00
   21400  9.47954786E-03  3.01236103E-04  3.51400724E-03  1.01143867E-02  0.00000000E+00
   21500 -1.72810761E-02 -1.20424487E-02 -1.06456614E-03  2.10900323E-02  0.00000000E+00
   21600 -2.56790735E-03  2.65631407E-03 -5.37111772E-04  3.73344903E-03  0.00000000E+00
   21700  1.25050688E-02 -4.25661657E-03  9.49661968E-03  1.62690293E-02  0.00000000E+00
   21800  7.75882445E-03 -9.78524564E-03  1.21316142E-02  1.74105271E-02  0.00000000E+00
   21900  1.31927624E-02 -6.91645128E-03  2.96804255E-03  1.51886653E-02  0.00000000E+00
   22000  1.57767668E-02  9.23834926E-03 -5.37773004E-03  1.90571101E-02  0.00000000E+00
   22100 -6.01087928E-03  6.85366357E-03  8.74987886E-03  1.26358124E-02  0.00000000E+00
   22200 -6.46878731E-04 -1.84443790E-03 -7.11447398E-03  7.37808534E-03  0.00000000E+00
   22300  1.03063478E-03  6.52225877E-03  2.29958804E-03  6.99215079E-03  0.00000000E+00
   22400 -7.10785397E-03 -1.69187789E-03  1.47032789E-02  1.64186007E-02  0.00000000E+00
   22500 -4.31748065E-03 -4.14048768E-03  4.48651663E-03  7.47750686E-03  0.00000000E+00
   22600  1.14102001E-03 -8.13132732E-03 -5.26127543E-03  9.75199620E-03  0.00000000E+00
   22700  9.02080590E-03 -1.12543102E-03  3.63856992E-04  9.09801770E-03  0.00000000E+00
   22800 -8.86471365E-03  2.88644686E-03 -2.04711540E-03  9.54491514E-03  0.00000000E+00
   22900  1.46095011E-02  1.69979442E-02 -4.79111629E-03  2.29199133E-02  0.00000000E+00
   23000 -5.04451707E-03  3.33517296E-03  1.65943660E-04  6.04963375E-03  0.00000000E+00
   23100 -2.55489379E-02 -7.54791757E-03  1.45783789E-02  3.03685433E-02  0.00000000E+00
   23200  4.04891844E-03  6.75745832E-03  1.35694383E-03  7.99363998E-03  0.00000000E+00
   23300 -8.49118669E-03  1.26437539E-04  7.74140306E-04  8.52734021E-03  0.00000000E+00
   23400  3.98742931E-03  6.83333520E-03  6.64530156E-03  1.03321873E-02  0.00000000E+00
   23500 -1.19360233E-03  4.16475444E-03  7.84378376E-04  4.40285311E-03  0.00000000E+00
   23600 -5.71822789E-04 -1.68769106E-02  1.50029340E-03  1.69531110E-02  0.00000000E+00
   23700  1.70702619E-03 -7.88878148E-03  5.72457522E-03  9.89533087E-03  0.00000000E+00
   23800  5.75410613E-03  1.90122197E-03  7.28668263E-03  9.47734806E-03  0.00000000E+00
   23900  3.73038950E-04  5.58359202E-03  3.38467227E-03  6.54000492E-03  0.00000000E+00
   24000 -1.58024495E-03  5.72339365E-04 -6.32974837E-04  1.79594087E-03  0.00000000E+00
   24100  4.72797736E-03 -5.65159223E-03  4.09656417E-03  8.43066443E-03  0.00000000E+00
   24200  8.79529597E-03  4.64394957E-03 -1.77996846E-02  2.03900041E-02  0.00000000E+00
   24300  5.44149530E-03  3.46761594E-03  2.10112865E-03  6.78593936E-03  0.00000000E+00
   24400  3.69872810E-03 -8.37672801E-03  3.93307087E-03  9.96590227E-03  0.00000000E+00
   24500  1.23881525E-02  9.74870401E-04  1.20316280E-02  1.72967270E-02  0.00000000E+00
   24600 -1.07428724E-02  2.84364132E-04  1.43938321E-03  1.08426009E-02  0.00000000E+00
   24700 -2.12781123E-03  1.89919917E-04 -7.64042618E-03  7.93345841E-03  0.00000000E+00
   24800 -8.65305873E-03 -1.13508636E-03 -4.20325865E-03  9.68665214E-03  0.00000000E+00
   24900  2.84756643E-04  3.95071957E-03  4.68977651E-03  6.13867047E-03  0.00000000E+00
   25000  2.38536123E-03  8.12772451E-03  6.66333139E-03  1.07772835E-02  0.00000000E+00
   25100 -1.23482231E-02  1.59274661E-03 -9.92523728E-04  1.24900184E-02  0.00000000E+00
   25200  1.89935573E-02  2.26048479E-02 -2.50759584E-06  2.95251481E-02  0.00000000E+00
   25300  4.55404093E-03  8.09171397E-03  1.00295598E-02  1.36677428E-02  0.00000000E+00
   25400  1.02307747E-03  2.58810286E-05  6.75798004E-03  6.83503120E-03  0.00000000E+00
   25500 -3.33397369E-03  3.98707007E-03  2.50591778E-03  5.76989880E-03  0.00000000E+00
   25600 -2.42064737E-03 -3.05325573E-03 -5.06724273E-03  6.39209301E-03  0.00000000E+00
   25700  5.90381160E-03 -1.57388160E-02  6.63986213E-03  1.80735467E-02  0.00000000E+00
   25800 -1.37570652E-02 -5.37538545E-03 -2.70589254E-03  1.50157739E-02  0.00000000E+00
   25900 -4.56115634E-03  5.19014254E-04 -4.76945619E-03  6.61976097E-03  0.00000000E+00
   26000  4.58039318E-03 -2.33427948E-03  5.05928644E-04  5.16573578E-03  0.00000000E+00
   26100  3.95121285E-03 -1.08128846E-02 -3.41413549E-04  1.15172531E-02  0.00000000E+00
   26200 -2.54870833E-03  6.23788025E-03  5.10970709E-03  8.45672340E-03  0.00000000E+00
   26300  7.29432784E-04 -1.77526159E-03  3.72561588E-03  4.19092348E-03  0.00000000E+00
   26400  5.58369074E-03 -3.78134439E-03  1.63440263E-02  1.76805929E-02  0.00000000E+00
   26500 -9.30030761E-03 -1.07487533E-02  4.29521360E-03  1.48485784E-02  0.00000000E+00
   26600  6.83419378E-04 -2.19732829E-03 -4.02740671E-03  4.63846079E-03  0.00000000E+00
   26700  3.78449033E-03  3.29646128E-03  1.70557738E-03  5.30075639E-03  0.00000000E+00
   26800 -9.41390869E-03  5.65718465E-04 -3.91691182E-05  9.43097283E-03  0.00000000E+00
   26900  5.56114013E-03 -4.32578738E-03 -1.14121774E-02  1.34118049E-02  0.00000000E+00
   27000 -2.43446053E-03  9.61838664E-03 -1.34377960E-03  1.00122776E-02  0.00000000E+00
   27100  6.61186353E-03 -3.48531640E-04  4.40444927E-03  7.95219385E-03  0.00000000E+00
   27200 -2.55812878E-04 -6.23945147E-03  2.96474233E-03  6.91273405E-03  0.00000000E+00
   27300  3.03754345E-03  2.14840399E-03  8.51786409E-03  9.29496200E-03  0.00000000E+00
   27400 -9.87538936E-03 -3.25343257E-03  4.03743505E-03  1.11538792E-02  0.00000000E+00
   27500 -8.19602725E-03 -1.00504665E-02 -1.32534789E-03  1.30362298E-02  0.00000000E+00
   27600  5.40023922E-03  3.94546532E-04 -6.12901815E-03  8.17820972E-03  0.00000000E+00
   27700 -7.40362676E-04  5.64631694E-03 -8.75021985E-03  1.04400852E-02  0.00000000E+00
   27800  7.85199250E-03 -3.79050722E-04  6.47933613E-03  1.01872107E-02  0.00000000E+00
   27900 -1.05347498E-04  3.31694028E-03  2.85221302E-03  4.37587820E-03  0.00000000E+00
   28000 -2.69370793E-03  4.20775909E-03 -4.54273983E-03  6.75261313E-03  0.00000000E+00
   28100 -2.54742482E-03 -1.06346730E-02 -2.64924433E-03  1.12518505E-02  0.00000000E+00
   28200  8.93993473E-03  1.00261113E-02 -3.33993017E-03  1.38419823E-02  0.00000000E+00
   28300 -3.75738871E-03 -2.81767719E-03 -4.19785405E-04  4.71524065E-03  0.00000000E+00
   28400  9.62216626E-03 -1.75751979E-03 -4.41062113E-03  1.07297967E-02  0.00000000E+00
   28500 -2.03318257E-03 -5.24704157E-03 -6.09711054E-03  8.29698942E-03  0.00000000E+00
   28600 -1.17125308E-02  7.53326182E-03 -4.60088837E-03  1.46663419E-02  0.00000000E+00
   28700 -7.72517743E-03 -1.40022384E-02 -1.35194147E-02  2.09407646E-02  0.00000000E+00
   28800  1.96466996E-03  3.18785665E-03  4.62768929E-03  5.95297120E-03  0.00000000E+00
   28900 -5.84016672E-03 -5.71147390E-03  6.88269837E-03  1.06817610E-02  0.00000000E+00
   29000  1.74904959E-03  1.53571566E-03 -1.60078737E-03  2.82491013E-03  0.00000000E+00
   29100 -3.13742209E-03  5.68502488E-03  1.56457742E-03  6.67913376E-03  0.00000000E+00
   29200  5.81578111E-03 -5.58262566E-03  9.43640751E-03  1.24110759E-02  0.00000000E+00
   29300  3.65294205E-03  1.55797666E-02  1.43871169E-03  1.60668293E-02  0.00000000E+00
   29400  3.10927724E-03  7.33597657E-04 -3.67708389E-03  4.87100774E-03  0.00000000E+00
   29500  8.20307529E-03  2.61858250E-04  2.16590271E-02  2.31618753E-02  0.00000000E+00
   29600  8.80864661E-03  9.97485356E-03 -7.65090091E-03  1.53501219E-02  0.00000000E+00
   29700 -3.50189604E-03  7.61420753E-03  4.14374779E-03  9.34933570E-03  0.00000000E+00
   29800 -1.70525660E-03 -7.35507892E-03 -1.33991539E-02  1.53799353E-02  0.00000000E+00
   29900  7.49007087E-04  8.80145270E-03 -1.18692557E-02  1.47954660E-02  0.00000000E+00
   30000 -4.75269944E-03  4.02421345E-03  4.25168232E-03  7.54050717E-03  0.00000000E+00
   30100  6.33642700E-03  7.57587724E-03 -6.02222712E-03  1.15676896E-02  0.00000000E+00
   30200  8.16484899E-04  6.95488129E-03  4.69497335E-04  7.01836513E-03  0.00000000E+00
   30300 -1.44217387E-02 -3.03560724E-03  5.42364969E-03  1.57040579E-02  0.00000000E+00
   30400 -7.77989047E-03 -3.82778797E-03  4.29494673E-03  9.67601281E-03  0.00000000E+00
   30500  2.30076664E-03  9.82490565E-03  1.26165049E-02  1.61554478E-02  0.00000000E+00
   30600 -4.45356138E-03 -4.36334209E-03 -1.19765160E-03  6.34880560E-03  0.00000000E+00
   30700  1.16739036E-02  7.06830649E-03 -4.12661317E-03  1.42572760E-02  0.00000000E+00
   30800  3.36302829E-03  5.51577229E-03 -1.09932760E-03  6.55303169E-03  0.00000000E+00
   30900 -9.06801281E-03 -1.00144250E-03 -8.62469220E-03  1.25545633E-02  0.00000000E+00
   31000  1.32617846E-02 -3.51694528E-03 -6.16016147E-03  1.50396617E-02  0.00000000E+00
   31100  1.10752896E-02  5.09737925E-03  3.94005700E-03  1.28128593E-02  0.00000000E+00
   31200 -4.38678866E-03 -5.28459182E-03  7.26543718E-03  9.99786991E-03  0.00000000E+00
   31300 -9.75545182E-03  1.94157368E-04 -3.57629899E-03  1.03921341E-02  0.00000000E+00
   31400  3.10720872E-03 -8.46290325E-03  7.88167042E-03  1.19748155E-02  0.00000000E+00
   31500  1.15474438E-02 -1.28266218E-02  3.95510966E-03  1.77061734E-02  0.00000000E+00
   31600 -6.85564781E-04 -7.67705216E-03  5.60112827E-03  9.52784167E-03  0.00000000E+00
   31700  4.01437116E-03  3.62080116E-03 -1.86663193E-03  5.71923873E-03  0.00000000E+00
   31800  2.06892009E-03  1.43939702E-02 -3.85811619E-04  1.45470155E-02  0.00000000E+00
   31900 -2.64300883E-03  1.36787639E-03  2.84750858E-03  4.11884530E-03  0.00000000E+00
   32000 -7.58810212E-03 -1.23648421E-02  5.48920839E-03  1.55112869E-02  0.00000000E+00
   32100 -2.01857162E-02  2.21327982E-04 -1.52602438E-03  2.02445271E-02  0.00000000E+00
   32200 -1.28875482E-03 -1.03602543E-03  2.90692774E-03  3.34431855E-03  0.00000000E+00
   32300  5.59374153E-04  5.07185111E-03 -7.85706307E-03  9.36856517E-03  0.00000000E+00
   32400 -4.65582017E-03 -2.83926797E-03 -5.18400220E-04  5.47785020E-03  0.00000000E+00
   32500  1.35232537E-02  1.41786142E-02  8.29789870E-03  2.12783133E-02  0.00000000E+00
   32600 -3.06327240E-03  3.00907294E-03  1.51315684E-04  4.29663289E-03  0.00000000E+00
   32700 -3.83834121E-03  7.17188375E-04  2.63554037E-03  4.71097606E-03  0.00000000E+00
   32800 -1.97157631E-02 -1.36023562E-02 -6.73782174E-03  2.48823964E-02  0.00000000E+00
   32900 -3.19903491E-03 -6.25170573E-05  5.93227545E-03  6.74015021E-03  0.00000000E+00
   33000 -4.76801672E-03  2.47517646E-03  2.31740813E-03  5.85071469E-03  0.00000000E+00
   33100  9.18175702E-03  3.73419661E-03  2.52516605E-03  1.02286534E-02  0.00000000E+00
   33200  1.91782131E-02  1.30244819E-03  6.76309230E-03  2.03774298E-02  0.00000000E+00
   33300 -2.91402428E-03 -2.53490439E-03  1.00954967E-02  1.08090856E-02  0.00000000E+00
   33400  8.72931635E-03  6.16767068E-03 -8.07481190E-03  1.33956602E-02  0.00000000E+00
   33500  1.23222278E-03  4.91631187E-04 -5.79812888E-03  5.94797215E-03  0.00000000E+00
   33600 -4.91109634E-03  6.84040513E-03  5.35577106E-03  9.97969404E-03  0.00000000E+00
   33700 -9.33417541E-04  3.73604186E-04 -2.05046800E-04  1.02610554E-03  0.00000000E+00
   33800  1.18576962E-04  4.01352760E-03 -9.93813453E-03  1.07186278E-02  0.00000000E+00
   33900  1.88189267E-02  8.15673757E-03 -3.28100942E-03  2.07713599E-02  0.00000000E+00
   34000 -1.12883146E-02  2.37135445E-03 -3.44977482E-04  1.15398604E-02  0.00000000E+00
   34100 -4.03724247E-04  8.89841941E-03 -1.39393442E-02  1.65423752E-02  0.00000000E+00
   34200 -3.87835657E-03 -5.36099912E-03  4.86884443E-03  8.21508413E-03  0.00000000E+00
   34300  1.38882594E-02 -7.83512362E-03  1.37650074E-04  1.59465313E-02  0.00000000E+00
   34400 -9.60834520E-03  3.88005927E-03 -8.19634109E-03  1.32119327E-02  0.00000000E+00
   34500 -2.42275322E-03 -5.86824577E-03 -4.23038853E-05  6.34884487E-03  0.00000000E+00
   34600 -4.30782086E-03 -1.49879915E-03 -9.14090897E-03  1.02156711E-02  0.00000000E+00
   34700  1.90605617E-03 -2.79584704E-03  9.97190676E-04  3.52763377E-03  0.00000000E+00
   34800  2.40298160E-03  1.00372586E-02 -2.67414267E-03  1.06617034E-02  0.00000000E+00
   34900  2.51511072E-03  4.27037435E-03  5.21748769E-03  7.19611401E-03  0.00000000E+00
   35000 -9.89913309E-03  7.36888983E-03  4.43320865E-03  1.31128453E-02  0.00000000E+00
   35100 -3.15344312E-03 -7.89102524E-03 -1.18504254E-02  1.45823546E-02  0.00000000E+00
   35200  4.07054987E-04 -1.73829770E-02  7.09185810E-03  1.87783927E-02  0.00000000E+00
   35300  3.02193044E-03  3.70759676E-03  9.54095227E-03  1.06727741E-02  0.00000000E+00
   35400 -6.09300443E-03 -9.52021810E-04 -1.65319658E-03  6.38467755E-03  0.00000000E+00
   35500  5.62163144E-03  2.73965240E-03  1.97694973E-03  6.55871676E-03  0.00000000E+00
   35600 -8.34600161E-03 -3.22348957E-03  2.59720069E-03  9.31622666E-03  0.00000000E+00
   35700  8.19249555E-03 -1.98954221E-03  7.90567988E-06  8.43061825E-03  0.00000000E+00
   35800  8.52012843E-03 -2.84357017E-03 -9.04658028E-03  1.27482977E-02  0.00000000E+00
   35900 -1.43597790E-02 -1.88476093E-03  3.47915182E-03  1.48949681E-02  0.00000000E+00
