 --------------------------------------------------------------
             __  __          ___   _______    ____  ___        
            / / / /__  ___  / _ | / __/ _ \  / __/ / _ \       
           / /_/ / _ \/ _ \/ __ |_\ \/ // / / _ \_/ // /       
           \____/ .__/ .__/_/ |_/___/____/  \___(_)___/        
               /_/  /_/                                        
 --------------------------------------------------------------
                https://github.com/UppASD/UppASD               
 --------------------------------------------------------------
              Division of Materials Theory                     
              Department of Physics and Astronomy              
              Uppsala University                               
              Sweden                                           
 ---------------------Production-version-----------------------
 Git revision: 
 --------------------------------------------------------------
 RNG: Mersenne-Twister (mtprng)
 --------------------------------------------------------------
 Execution Date: 04/12/2025  Execution Time: 14:58:31:401
 --------------------------------------------------------------
 Using OpenMP with 16  threads out of 16 possible.
 --------------------------------------------------------------
 Read input file using new format
 ERROR: Reading ip_mcanneal data        5010
 ERROR: Reading temp data        5010
 ERROR: Reading hfield data        5010
                    **** ERROR ****                      
 ========================================================
  - Input data is inconsistent.
 Please ensure consistency between simulation method and input parameters.
 ========================================================
              *** Terminating program ***                
