 --------------------------------------------------------------
             __  __          ___   _______    ____  ___        
            / / / /__  ___  / _ | / __/ _ \  / __/ / _ \       
           / /_/ / _ \/ _ \/ __ |_\ \/ // / / _ \_/ // /       
           \____/ .__/ .__/_/ |_/___/____/  \___(_)___/        
               /_/  /_/                                        
 --------------------------------------------------------------
                https://github.com/UppASD/UppASD               
 --------------------------------------------------------------
              Division of Materials Theory                     
              Department of Physics and Astronomy              
              Uppsala University                               
              Sweden                                           
 ---------------------Production-version-----------------------
 Git revision: 
 --------------------------------------------------------------
 RNG: Mersenne-Twister (mtprng)
 --------------------------------------------------------------
 Execution Date: 20/12/2025  Execution Time: 18:57:34:936
 --------------------------------------------------------------
 Using OpenMP with 16  threads out of 16 possible.
 --------------------------------------------------------------
 Read input file using new format
 done.
  Set up types of atoms done
  Set up chemical information of alloy done
  Set up global coordinates done
  Set up damping
  done
  Set up temperature
  done
 Write input data done.
 Set up Hamiltonian
  Set up neighbour map for exchange nntype           1          32
 done
  Mount Heisenberg Hamiltonian done
  Set up anisotropies done
  Calculate mean-field estimate of Tc:   621.6 K.
  Max eigenvalue:    80.353 meV
  Set up neighbour map for Dzyaloshinskii-Moriya exchange done
  Mount Dzyaloshinskii-Moriya Hamiltonian done
 Initialize metatype 
 Initialize magnetic moments 
  Start random init spins  done
 Enter initial phase:  S 
  Performing initial phase:  1    Temp.   500.0       nsteps      50000       dt     0.1000E-14   lambda      1.000         0.000    
  IP  1   10% done. Mbar:  0.068560
  IP  1   20% done. Mbar:  0.081776
  IP  1   30% done. Mbar:  0.022199
  IP  1   40% done. Mbar:  0.062589
  IP  1   50% done. Mbar:  0.035083
  IP  1   60% done. Mbar:  0.182892
  IP  1   70% done. Mbar:  0.110956
  IP  1   80% done. Mbar:  0.068397
  IP  1   90% done. Mbar:  0.084510
  IP  1  100% done. Mbar:  0.038260
  Performing initial phase:  2    Temp.   400.0       nsteps      50000       dt     0.1000E-14   lambda      1.000         0.000    
  IP  2   10% done. Mbar:  0.051626
  IP  2   20% done. Mbar:  0.107914
  IP  2   30% done. Mbar:  0.127688
  IP  2   40% done. Mbar:  0.036004
  IP  2   50% done. Mbar:  0.123989
  IP  2   60% done. Mbar:  0.110185
  IP  2   70% done. Mbar:  0.086520
  IP  2   80% done. Mbar:  0.141188
  IP  2   90% done. Mbar:  0.078282
  IP  2  100% done. Mbar:  0.031321
  Performing initial phase:  3    Temp.   300.0       nsteps      50000       dt     0.1000E-14   lambda      1.000         0.000    
  IP  3   10% done. Mbar:  0.191437
  IP  3   20% done. Mbar:  0.144738
  IP  3   30% done. Mbar:  0.201159
  IP  3   40% done. Mbar:  0.218905
  IP  3   50% done. Mbar:  0.078063
  IP  3   60% done. Mbar:  0.123305
  IP  3   70% done. Mbar:  0.091245
  IP  3   80% done. Mbar:  0.258274
  IP  3   90% done. Mbar:  0.179963
  IP  3  100% done. Mbar:  0.223616
  Performing initial phase:  4    Temp.   200.0       nsteps      50000       dt     0.1000E-14   lambda      1.000         0.000    
  IP  4   10% done. Mbar:  0.365289
  IP  4   20% done. Mbar:  0.267250
  IP  4   30% done. Mbar:  0.277465
  IP  4   40% done. Mbar:  0.207073
  IP  4   50% done. Mbar:  0.281073
  IP  4   60% done. Mbar:  0.272127
  IP  4   70% done. Mbar:  0.234346
  IP  4   80% done. Mbar:  0.203528
  IP  4   90% done. Mbar:  0.154462
  IP  4  100% done. Mbar:  0.244042
  Performing initial phase:  5    Temp.   100.0       nsteps      50000       dt     0.1000E-14   lambda      1.000         0.000    
  IP  5   10% done. Mbar:  0.153036
  IP  5   20% done. Mbar:  0.145595
  IP  5   30% done. Mbar:  0.130815
  IP  5   40% done. Mbar:  0.118607
  IP  5   50% done. Mbar:  0.145095
  IP  5   60% done. Mbar:  0.174728
  IP  5   70% done. Mbar:  0.156592
  IP  5   80% done. Mbar:  0.204980
  IP  5   90% done. Mbar:  0.154810
  IP  5  100% done. Mbar:  0.169525
 Enter measurement phase:
 ------------------------------------------
            Simulation data                
 ------------------------------------------
  Number of atoms   10000
  Number of ensembles   1
  Gradient: N
  Temperature:    0.00 K
  Number of simulation steps:    500000
  Time step:  1000.    as
  Simulation time:  500.0    ps
  Damping parameter:  1.000    
  Sample averages: Y
  Sample moments: Y
  Spin correlation: N
 ------------------------------------------
         Progress of simulation:           
  MP   5% done. Mbar:  0.141302. Ebar:   -6.084947. U: 0.66654. 
  MP  10% done. Mbar:  0.138975. Ebar:   -6.085197. U: 0.66652. 
  MP  15% done. Mbar:  0.136326. Ebar:   -6.085427. U: 0.66642. 
  MP  20% done. Mbar:  0.133471. Ebar:   -6.085634. U: 0.66619. 
  MP  25% done. Mbar:  0.132478. Ebar:   -6.085711. U: 0.66604. 
  MP  30% done. Mbar:  0.131940. Ebar:   -6.085759. U: 0.66604. 
  MP  35% done. Mbar:  0.131302. Ebar:   -6.085809. U: 0.66607. 
  MP  40% done. Mbar:  0.130774. Ebar:   -6.085848. U: 0.66609. 
  MP  45% done. Mbar:  0.130437. Ebar:   -6.085874. U: 0.66612. 
  MP  50% done. Mbar:  0.130223. Ebar:   -6.085893. U: 0.66616. 
  MP  55% done. Mbar:  0.130095. Ebar:   -6.085909. U: 0.66620. 
  MP  60% done. Mbar:  0.130158. Ebar:   -6.085930. U: 0.66624. 
  MP  65% done. Mbar:  0.129664. Ebar:   -6.086949. U: 0.66629. 
  MP  70% done. Mbar:  0.127571. Ebar:   -6.087088. U: 0.66623. 
  MP  75% done. Mbar:  0.127263. Ebar:   -6.087102. U: 0.66617. 
  MP  80% done. Mbar:  0.127021. Ebar:   -6.087112. U: 0.66612. 
  MP  85% done. Mbar:  0.126810. Ebar:   -6.087121. U: 0.66610. 
  MP  90% done. Mbar:  0.126625. Ebar:   -6.087129. U: 0.66608. 
  MP  95% done. Mbar:  0.126464. Ebar:   -6.087137. U: 0.66607. 
  MP 100% done. Mbar:  0.126322. Ebar:   -6.087143. U: 0.66607. 
 Simulation finished
 ----------------TIME CONSUMPTION REPORT----------------------
 CATEGORY                 TIME(sec)           PERCENT
   Startup                 3.99E-02               0.0
   Initial                 1.61E+01               1.3
   Measurement             6.65E+01               5.3
   Hamiltonian             3.44E+02              27.3
   Evolution               2.71E+02              21.5
   RNG                     4.98E+02              39.5
   Energy                  3.76E+00               0.3
   Moments                 2.59E+01               2.1
   PrintRestart            8.52E-03               0.0
   SpinCorr                2.16E+00               0.2
 -------------------------------------------------------------
 Total wall time           1.26E+03      Sampled percent  97.4
 --------------MAIN PROGRAM PHASES TIME REPORT----------------
 CATEGORY                   EXECUTION TIME    TOTAL CPU TIME
  Time for initialization :           0.08              0.64
  Time for initial phase  :         383.85           6141.34
  Time for meas. phase    :         913.84          14015.09
  Time for cleanup        :           0.08              0.09
 -------------------------------------------------------------
  Time total              :        1297.85          20157.16
  Time for one meas. iter :           0.00              0.03
 -------------------MEMORY CONSUMPTION REPORT-----------------------
 126 allocations and 125 deallocations, remaining memory(B):24
 Memory occupation peak: 49692 kB
 For the array: "red_atom_list" in routine "magninit"
 -----------------END MEMORY CONSUMPTION REPORT---------------------
