 --------------------------------------------------------------
             __  __          ___   _______    ____  ___        
            / / / /__  ___  / _ | / __/ _ \  / __/ / _ \       
           / /_/ / _ \/ _ \/ __ |_\ \/ // / / _ \_/ // /       
           \____/ .__/ .__/_/ |_/___/____/  \___(_)___/        
               /_/  /_/                                        
 --------------------------------------------------------------
                https://github.com/UppASD/UppASD               
 --------------------------------------------------------------
              Division of Materials Theory                     
              Department of Physics and Astronomy              
              Uppsala University                               
              Sweden                                           
 ---------------------Production-version-----------------------
 Git revision: 
 --------------------------------------------------------------
 RNG: Mersenne-Twister (mtprng)
 --------------------------------------------------------------
 Execution Date: 21/12/2025  Execution Time: 00:03:29:597
 --------------------------------------------------------------
 Using OpenMP with 16  threads out of 16 possible.
 --------------------------------------------------------------
 Read input file using new format
 done.
  Set up types of atoms done
  Set up chemical information of alloy done
  Set up global coordinates done
  Set up damping
  done
  Set up temperature
  done
 Write input data done.
 Set up Hamiltonian
  Set up neighbour map for exchange nntype           1          32
 done
  Mount Heisenberg Hamiltonian done
  Set up anisotropies done
  Calculate mean-field estimate of Tc:   621.6 K.
  Max eigenvalue:    80.353 meV
  Set up neighbour map for Dzyaloshinskii-Moriya exchange done
  Mount Dzyaloshinskii-Moriya Hamiltonian done
 Initialize metatype 
 Initialize magnetic moments 
  Start random init spins  done
 Enter initial phase:  S 
  Performing initial phase:  1    Temp.   500.0       nsteps      50000       dt     0.1000E-14   lambda      1.000         0.000    
  IP  1   10% done. Mbar:  0.505120
  IP  1   20% done. Mbar:  0.446960
  IP  1   30% done. Mbar:  0.464728
  IP  1   40% done. Mbar:  0.459405
  IP  1   50% done. Mbar:  0.457806
  IP  1   60% done. Mbar:  0.578014
  IP  1   70% done. Mbar:  0.465768
  IP  1   80% done. Mbar:  0.487912
  IP  1   90% done. Mbar:  0.496802
  IP  1  100% done. Mbar:  0.409773
  Performing initial phase:  2    Temp.   400.0       nsteps      50000       dt     0.1000E-14   lambda      1.000         0.000    
  IP  2   10% done. Mbar:  0.762964
  IP  2   20% done. Mbar:  0.814201
  IP  2   30% done. Mbar:  0.812459
  IP  2   40% done. Mbar:  0.776143
  IP  2   50% done. Mbar:  0.759238
  IP  2   60% done. Mbar:  0.767134
  IP  2   70% done. Mbar:  0.791726
  IP  2   80% done. Mbar:  0.833317
  IP  2   90% done. Mbar:  0.765870
  IP  2  100% done. Mbar:  0.767761
  Performing initial phase:  3    Temp.   300.0       nsteps      50000       dt     0.1000E-14   lambda      1.000         0.000    
  IP  3   10% done. Mbar:  1.386337
  IP  3   20% done. Mbar:  1.346064
  IP  3   30% done. Mbar:  1.379485
  IP  3   40% done. Mbar:  1.364308
  IP  3   50% done. Mbar:  1.398858
  IP  3   60% done. Mbar:  1.338553
  IP  3   70% done. Mbar:  1.409976
  IP  3   80% done. Mbar:  1.439671
  IP  3   90% done. Mbar:  1.345460
  IP  3  100% done. Mbar:  1.407720
  Performing initial phase:  4    Temp.   200.0       nsteps      50000       dt     0.1000E-14   lambda      1.000         0.000    
  IP  4   10% done. Mbar:  2.013378
  IP  4   20% done. Mbar:  1.973311
  IP  4   30% done. Mbar:  2.007601
  IP  4   40% done. Mbar:  1.994506
  IP  4   50% done. Mbar:  1.997939
  IP  4   60% done. Mbar:  1.994120
  IP  4   70% done. Mbar:  1.974299
  IP  4   80% done. Mbar:  1.967465
  IP  4   90% done. Mbar:  1.979031
  IP  4  100% done. Mbar:  2.026317
  Performing initial phase:  5    Temp.   100.0       nsteps      50000       dt     0.1000E-14   lambda      1.000         0.000    
  IP  5   10% done. Mbar:  2.435001
  IP  5   20% done. Mbar:  2.446812
  IP  5   30% done. Mbar:  2.438403
  IP  5   40% done. Mbar:  2.457010
  IP  5   50% done. Mbar:  2.447009
  IP  5   60% done. Mbar:  2.445050
  IP  5   70% done. Mbar:  2.454960
  IP  5   80% done. Mbar:  2.461538
  IP  5   90% done. Mbar:  2.440512
  IP  5  100% done. Mbar:  2.445812
 Enter measurement phase:
 ------------------------------------------
            Simulation data                
 ------------------------------------------
  Number of atoms   10000
  Number of ensembles   1
  Gradient: N
  Temperature:    0.00 K
  Number of simulation steps:    500000
  Time step:  1000.    as
  Simulation time:  500.0    ps
  Damping parameter:  1.000    
  Sample averages: Y
  Sample moments: Y
  Spin correlation: N
 ------------------------------------------
         Progress of simulation:           
  MP   5% done. Mbar:  2.839764. Ebar:   -6.271283. U: 0.66667. 
  MP  10% done. Mbar:  2.839764. Ebar:   -6.271283. U: 0.66667. 
  MP  15% done. Mbar:  2.839764. Ebar:   -6.271283. U: 0.66667. 
  MP  20% done. Mbar:  2.839764. Ebar:   -6.271283. U: 0.66667. 
  MP  25% done. Mbar:  2.839764. Ebar:   -6.271283. U: 0.66667. 
  MP  30% done. Mbar:  2.839764. Ebar:   -6.271283. U: 0.66667. 
  MP  35% done. Mbar:  2.839764. Ebar:   -6.271283. U: 0.66667. 
  MP  40% done. Mbar:  2.839764. Ebar:   -6.271283. U: 0.66667. 
  MP  45% done. Mbar:  2.839764. Ebar:   -6.271283. U: 0.66667. 
  MP  50% done. Mbar:  2.839764. Ebar:   -6.271283. U: 0.66667. 
  MP  55% done. Mbar:  2.839764. Ebar:   -6.271283. U: 0.66667. 
  MP  60% done. Mbar:  2.839764. Ebar:   -6.271283. U: 0.66667. 
  MP  65% done. Mbar:  2.839764. Ebar:   -6.271283. U: 0.66667. 
  MP  70% done. Mbar:  2.839764. Ebar:   -6.271283. U: 0.66667. 
  MP  75% done. Mbar:  2.839764. Ebar:   -6.271283. U: 0.66667. 
  MP  80% done. Mbar:  2.839764. Ebar:   -6.271283. U: 0.66667. 
  MP  85% done. Mbar:  2.839764. Ebar:   -6.271283. U: 0.66667. 
  MP  90% done. Mbar:  2.839764. Ebar:   -6.271283. U: 0.66667. 
  MP  95% done. Mbar:  2.839764. Ebar:   -6.271283. U: 0.66667. 
  MP 100% done. Mbar:  2.839764. Ebar:   -6.271283. U: 0.66667. 
 Simulation finished
 ----------------TIME CONSUMPTION REPORT----------------------
 CATEGORY                 TIME(sec)           PERCENT
   Startup                 7.90E-02               0.0
   Initial                 1.93E+01               1.2
   Measurement             7.61E+01               4.9
   Hamiltonian             4.89E+02              31.5
   Evolution               3.11E+02              20.0
   RNG                     5.76E+02              37.1
   Energy                  1.03E+01               0.7
   Moments                 2.87E+01               1.8
   PrintRestart            9.57E-03               0.0
   SpinCorr                2.77E+00               0.2
 -------------------------------------------------------------
 Total wall time           1.55E+03      Sampled percent  97.5
 --------------MAIN PROGRAM PHASES TIME REPORT----------------
 CATEGORY                   EXECUTION TIME    TOTAL CPU TIME
  Time for initialization :           0.41              1.48
  Time for initial phase  :         475.57           7607.43
  Time for meas. phase    :        1121.33          17239.84
  Time for cleanup        :           0.00              0.00
 -------------------------------------------------------------
  Time total              :        1597.31          24848.76
  Time for one meas. iter :           0.00              0.03
 -------------------MEMORY CONSUMPTION REPORT-----------------------
 126 allocations and 125 deallocations, remaining memory(B):24
 Memory occupation peak: 49692 kB
 For the array: "red_atom_list" in routine "magninit"
 -----------------END MEMORY CONSUMPTION REPORT---------------------
