 --------------------------------------------------------------
             __  __          ___   _______    ____  ___        
            / / / /__  ___  / _ | / __/ _ \  / __/ / _ \       
           / /_/ / _ \/ _ \/ __ |_\ \/ // / / _ \_/ // /       
           \____/ .__/ .__/_/ |_/___/____/  \___(_)___/        
               /_/  /_/                                        
 --------------------------------------------------------------
                https://github.com/UppASD/UppASD               
 --------------------------------------------------------------
              Division of Materials Theory                     
              Department of Physics and Astronomy              
              Uppsala University                               
              Sweden                                           
 ---------------------Production-version-----------------------
 Git revision: 
 --------------------------------------------------------------
 RNG: Mersenne-Twister (mtprng)
 --------------------------------------------------------------
 Execution Date: 20/12/2025  Execution Time: 18:36:00:233
 --------------------------------------------------------------
 Using OpenMP with 16  threads out of 16 possible.
 --------------------------------------------------------------
 Read input file using new format
 done.
  Set up types of atoms done
  Set up chemical information of alloy done
  Set up global coordinates done
  Set up damping
  done
  Set up temperature
  done
 Write input data done.
 Set up Hamiltonian
  Set up neighbour map for exchange nntype           1          32
 done
  Mount Heisenberg Hamiltonian done
  Set up anisotropies done
  Calculate mean-field estimate of Tc:   621.6 K.
  Max eigenvalue:    80.353 meV
  Set up neighbour map for Dzyaloshinskii-Moriya exchange done
  Mount Dzyaloshinskii-Moriya Hamiltonian done
 Initialize metatype 
 Initialize magnetic moments 
  Start random init spins  done
 Enter initial phase:  S 
  Performing initial phase:  1    Temp.   500.0       nsteps      50000       dt     0.1000E-14   lambda      1.000         0.000    
  IP  1   10% done. Mbar:  0.098658
  IP  1   20% done. Mbar:  0.063608
  IP  1   30% done. Mbar:  0.054844
  IP  1   40% done. Mbar:  0.029274
  IP  1   50% done. Mbar:  0.083536
  IP  1   60% done. Mbar:  0.161392
  IP  1   70% done. Mbar:  0.072696
  IP  1   80% done. Mbar:  0.057395
  IP  1   90% done. Mbar:  0.124800
  IP  1  100% done. Mbar:  0.042118
  Performing initial phase:  2    Temp.   400.0       nsteps      50000       dt     0.1000E-14   lambda      1.000         0.000    
  IP  2   10% done. Mbar:  0.083459
  IP  2   20% done. Mbar:  0.111994
  IP  2   30% done. Mbar:  0.098050
  IP  2   40% done. Mbar:  0.050227
  IP  2   50% done. Mbar:  0.081310
  IP  2   60% done. Mbar:  0.055644
  IP  2   70% done. Mbar:  0.098500
  IP  2   80% done. Mbar:  0.122457
  IP  2   90% done. Mbar:  0.054345
  IP  2  100% done. Mbar:  0.120078
  Performing initial phase:  3    Temp.   300.0       nsteps      50000       dt     0.1000E-14   lambda      1.000         0.000    
  IP  3   10% done. Mbar:  0.151942
  IP  3   20% done. Mbar:  0.116847
  IP  3   30% done. Mbar:  0.209697
  IP  3   40% done. Mbar:  0.154433
  IP  3   50% done. Mbar:  0.201180
  IP  3   60% done. Mbar:  0.179089
  IP  3   70% done. Mbar:  0.162960
  IP  3   80% done. Mbar:  0.216959
  IP  3   90% done. Mbar:  0.141401
  IP  3  100% done. Mbar:  0.178184
  Performing initial phase:  4    Temp.   200.0       nsteps      50000       dt     0.1000E-14   lambda      1.000         0.000    
  IP  4   10% done. Mbar:  0.217809
  IP  4   20% done. Mbar:  0.256814
  IP  4   30% done. Mbar:  0.193657
  IP  4   40% done. Mbar:  0.224542
  IP  4   50% done. Mbar:  0.243024
  IP  4   60% done. Mbar:  0.299346
  IP  4   70% done. Mbar:  0.196594
  IP  4   80% done. Mbar:  0.163595
  IP  4   90% done. Mbar:  0.222895
  IP  4  100% done. Mbar:  0.296577
  Performing initial phase:  5    Temp.   100.0       nsteps      50000       dt     0.1000E-14   lambda      1.000         0.000    
  IP  5   10% done. Mbar:  0.287771
  IP  5   20% done. Mbar:  0.255107
  IP  5   30% done. Mbar:  0.203029
  IP  5   40% done. Mbar:  0.221999
  IP  5   50% done. Mbar:  0.259085
  IP  5   60% done. Mbar:  0.240784
  IP  5   70% done. Mbar:  0.256896
  IP  5   80% done. Mbar:  0.256430
  IP  5   90% done. Mbar:  0.239693
  IP  5  100% done. Mbar:  0.230025
 Enter measurement phase:
 ------------------------------------------
            Simulation data                
 ------------------------------------------
  Number of atoms   10000
  Number of ensembles   1
  Gradient: N
  Temperature:    0.00 K
  Number of simulation steps:    500000
  Time step:  1000.    as
  Simulation time:  500.0    ps
  Damping parameter:  1.000    
  Sample averages: Y
  Sample moments: Y
  Spin correlation: N
 ------------------------------------------
         Progress of simulation:           
  MP   5% done. Mbar:  0.232140. Ebar:   -6.085142. U: 0.66649. 
  MP  10% done. Mbar:  0.226703. Ebar:   -6.085909. U: 0.66640. 
  MP  15% done. Mbar:  0.225532. Ebar:   -6.086066. U: 0.66643. 
  MP  20% done. Mbar:  0.224262. Ebar:   -6.086169. U: 0.66647. 
  MP  25% done. Mbar:  0.222802. Ebar:   -6.086274. U: 0.66648. 
  MP  30% done. Mbar:  0.221702. Ebar:   -6.086354. U: 0.66647. 
  MP  35% done. Mbar:  0.221394. Ebar:   -6.086408. U: 0.66648. 
  MP  40% done. Mbar:  0.220345. Ebar:   -6.086780. U: 0.66649. 
  MP  45% done. Mbar:  0.219581. Ebar:   -6.086859. U: 0.66648. 
  MP  50% done. Mbar:  0.219485. Ebar:   -6.086869. U: 0.66648. 
  MP  55% done. Mbar:  0.219455. Ebar:   -6.086876. U: 0.66649. 
  MP  60% done. Mbar:  0.219408. Ebar:   -6.086881. U: 0.66650. 
  MP  65% done. Mbar:  0.219340. Ebar:   -6.086887. U: 0.66651. 
  MP  70% done. Mbar:  0.219257. Ebar:   -6.086892. U: 0.66652. 
  MP  75% done. Mbar:  0.219162. Ebar:   -6.086899. U: 0.66654. 
  MP  80% done. Mbar:  0.219061. Ebar:   -6.086906. U: 0.66655. 
  MP  85% done. Mbar:  0.218972. Ebar:   -6.086916. U: 0.66655. 
  MP  90% done. Mbar:  0.219067. Ebar:   -6.086938. U: 0.66656. 
  MP  95% done. Mbar:  0.220757. Ebar:   -6.087081. U: 0.66657. 
  MP 100% done. Mbar:  0.220854. Ebar:   -6.087101. U: 0.66658. 
 Simulation finished
 ----------------TIME CONSUMPTION REPORT----------------------
 CATEGORY                 TIME(sec)           PERCENT
   Startup                 4.54E-02               0.0
   Initial                 1.62E+01               1.3
   Measurement             6.61E+01               5.3
   Hamiltonian             3.42E+02              27.2
   Evolution               2.68E+02              21.3
   RNG                     4.95E+02              39.4
   Energy                  9.66E+00               0.8
   Moments                 2.51E+01               2.0
   PrintRestart            8.52E-03               0.0
   SpinCorr                1.91E+00               0.2
 -------------------------------------------------------------
 Total wall time           1.26E+03      Sampled percent  97.4
 --------------MAIN PROGRAM PHASES TIME REPORT----------------
 CATEGORY                   EXECUTION TIME    TOTAL CPU TIME
  Time for initialization :           0.09              0.73
  Time for initial phase  :         384.39           6149.70
  Time for meas. phase    :         910.12          13953.35
  Time for cleanup        :           0.00              0.00
 -------------------------------------------------------------
  Time total              :        1294.61          20103.78
  Time for one meas. iter :           0.00              0.03
 -------------------MEMORY CONSUMPTION REPORT-----------------------
 126 allocations and 125 deallocations, remaining memory(B):24
 Memory occupation peak: 49692 kB
 For the array: "red_atom_list" in routine "magninit"
 -----------------END MEMORY CONSUMPTION REPORT---------------------
