 --------------------------------------------------------------
             __  __          ___   _______    ____  ___        
            / / / /__  ___  / _ | / __/ _ \  / __/ / _ \       
           / /_/ / _ \/ _ \/ __ |_\ \/ // / / _ \_/ // /       
           \____/ .__/ .__/_/ |_/___/____/  \___(_)___/        
               /_/  /_/                                        
 --------------------------------------------------------------
                https://github.com/UppASD/UppASD               
 --------------------------------------------------------------
              Division of Materials Theory                     
              Department of Physics and Astronomy              
              Uppsala University                               
              Sweden                                           
 ---------------------Production-version-----------------------
 Git revision: 
 --------------------------------------------------------------
 RNG: Mersenne-Twister (mtprng)
 --------------------------------------------------------------
 Execution Date: 23/12/2025  Execution Time: 00:26:40:411
 --------------------------------------------------------------
 Using OpenMP with 16  threads out of 16 possible.
 --------------------------------------------------------------
 Read input file using new format
 done.
  Set up types of atoms done
  Set up chemical information of alloy done
  Set up global coordinates done
  Set up damping
  done
  Set up temperature
  done
 Write input data done.
 Set up Hamiltonian
  Set up neighbour map for exchange nntype           1          32
 done
  Mount Heisenberg Hamiltonian done
  Set up anisotropies done
  Calculate mean-field estimate of Tc:   621.6 K.
  Max eigenvalue:    80.353 meV
  Set up neighbour map for Dzyaloshinskii-Moriya exchange done
  Mount Dzyaloshinskii-Moriya Hamiltonian done
 Initialize metatype 
 Initialize magnetic moments 
  Start random init spins  done
 Enter initial phase:  S 
  Performing initial phase:  1    Temp.   900.0       nsteps      50000       dt     0.1000E-14   lambda      1.000         0.000    
  IP  1   10% done. Mbar:  0.022788
  IP  1   20% done. Mbar:  0.035381
  IP  1   30% done. Mbar:  0.021938
  IP  1   40% done. Mbar:  0.017479
  IP  1   50% done. Mbar:  0.056511
  IP  1   60% done. Mbar:  0.051352
  IP  1   70% done. Mbar:  0.042421
  IP  1   80% done. Mbar:  0.030662
  IP  1   90% done. Mbar:  0.026384
  IP  1  100% done. Mbar:  0.049913
  Performing initial phase:  2    Temp.   800.0       nsteps      50000       dt     0.1000E-14   lambda      1.000         0.000    
  IP  2   10% done. Mbar:  0.056490
  IP  2   20% done. Mbar:  0.085820
  IP  2   30% done. Mbar:  0.026778
  IP  2   40% done. Mbar:  0.051236
  IP  2   50% done. Mbar:  0.059636
  IP  2   60% done. Mbar:  0.028520
  IP  2   70% done. Mbar:  0.048479
  IP  2   80% done. Mbar:  0.031816
  IP  2   90% done. Mbar:  0.043787
  IP  2  100% done. Mbar:  0.060386
  Performing initial phase:  3    Temp.   700.0       nsteps      50000       dt     0.1000E-14   lambda      1.000         0.000    
  IP  3   10% done. Mbar:  0.046276
  IP  3   20% done. Mbar:  0.023449
  IP  3   30% done. Mbar:  0.018835
  IP  3   40% done. Mbar:  0.020031
  IP  3   50% done. Mbar:  0.029426
  IP  3   60% done. Mbar:  0.038744
  IP  3   70% done. Mbar:  0.038185
  IP  3   80% done. Mbar:  0.090531
  IP  3   90% done. Mbar:  0.051981
  IP  3  100% done. Mbar:  0.044948
  Performing initial phase:  4    Temp.   650.0       nsteps      50000       dt     0.1000E-14   lambda      1.000         0.000    
  IP  4   10% done. Mbar:  0.039216
  IP  4   20% done. Mbar:  0.081014
  IP  4   30% done. Mbar:  0.034592
  IP  4   40% done. Mbar:  0.028032
  IP  4   50% done. Mbar:  0.049420
  IP  4   60% done. Mbar:  0.030493
  IP  4   70% done. Mbar:  0.030053
  IP  4   80% done. Mbar:  0.038533
  IP  4   90% done. Mbar:  0.033336
  IP  4  100% done. Mbar:  0.080686
  Performing initial phase:  5    Temp.   600.0       nsteps      50000       dt     0.1000E-14   lambda      1.000         0.000    
  IP  5   10% done. Mbar:  0.021555
  IP  5   20% done. Mbar:  0.076754
  IP  5   30% done. Mbar:  0.066807
  IP  5   40% done. Mbar:  0.083956
  IP  5   50% done. Mbar:  0.042539
  IP  5   60% done. Mbar:  0.029034
  IP  5   70% done. Mbar:  0.050657
  IP  5   80% done. Mbar:  0.045092
  IP  5   90% done. Mbar:  0.065192
  IP  5  100% done. Mbar:  0.047514
 Enter measurement phase:
 ------------------------------------------
            Simulation data                
 ------------------------------------------
  Number of atoms   10000
  Number of ensembles   1
  Gradient: N
  Temperature:  450.00 K
  Number of simulation steps:    500000
  Time step:  1000.    as
  Simulation time:  500.0    ps
  Damping parameter:  1.000    
  Sample averages: Y
  Sample moments: Y
  Spin correlation: N
 ------------------------------------------
         Progress of simulation:           
  MP   5% done. Mbar:  0.111757. Ebar:   -2.785626. U: 0.43552. 
  MP  10% done. Mbar:  0.090980. Ebar:   -2.859454. U: 0.44625. 
  MP  15% done. Mbar:  0.035729. Ebar:   -2.803118. U: 0.45803. 
  MP  20% done. Mbar:  0.046884. Ebar:   -2.807139. U: 0.45675. 
  MP  25% done. Mbar:  0.070602. Ebar:   -2.872380. U: 0.45282. 
  MP  30% done. Mbar:  0.034423. Ebar:   -2.825624. U: 0.45440. 
  MP  35% done. Mbar:  0.055037. Ebar:   -2.816232. U: 0.45455. 
  MP  40% done. Mbar:  0.043870. Ebar:   -2.858919. U: 0.45497. 
  MP  45% done. Mbar:  0.012573. Ebar:   -2.763519. U: 0.44691. 
  MP  50% done. Mbar:  0.105023. Ebar:   -2.855357. U: 0.45050. 
  MP  55% done. Mbar:  0.058871. Ebar:   -2.776467. U: 0.43935. 
  MP  60% done. Mbar:  0.024163. Ebar:   -2.879894. U: 0.43434. 
  MP  65% done. Mbar:  0.079036. Ebar:   -2.811041. U: 0.43490. 
  MP  70% done. Mbar:  0.031563. Ebar:   -2.838250. U: 0.43811. 
  MP  75% done. Mbar:  0.058168. Ebar:   -2.784868. U: 0.44022. 
  MP  80% done. Mbar:  0.039127. Ebar:   -2.882024. U: 0.43947. 
  MP  85% done. Mbar:  0.045704. Ebar:   -2.837021. U: 0.44483. 
  MP  90% done. Mbar:  0.061389. Ebar:   -2.841988. U: 0.44547. 
  MP  95% done. Mbar:  0.113014. Ebar:   -2.816928. U: 0.44161. 
  MP 100% done. Mbar:  0.071801. Ebar:   -2.802677. U: 0.44055. 
 Simulation finished
 ----------------TIME CONSUMPTION REPORT----------------------
 CATEGORY                 TIME(sec)           PERCENT
   Startup                 5.81E-02               0.0
   Initial                 2.29E+01               0.9
   Measurement             1.54E+02               6.0
   Hamiltonian             7.04E+02              27.4
   Evolution               6.00E+02              23.3
   RNG                     9.55E+02              37.1
   Energy                  7.48E+00               0.3
   Moments                 5.32E+01               2.1
   PrintRestart            8.86E-03               0.0
   SpinCorr                5.33E+00               0.2
 -------------------------------------------------------------
 Total wall time           2.57E+03      Sampled percent  97.3
 --------------MAIN PROGRAM PHASES TIME REPORT----------------
 CATEGORY                   EXECUTION TIME    TOTAL CPU TIME
  Time for initialization :           0.13              1.11
  Time for initial phase  :         848.68          12632.61
  Time for meas. phase    :        1837.73          28518.74
  Time for cleanup        :           0.09              0.12
 -------------------------------------------------------------
  Time total              :        2686.63          41152.58
  Time for one meas. iter :           0.00              0.06
 -------------------MEMORY CONSUMPTION REPORT-----------------------
 126 allocations and 125 deallocations, remaining memory(B):24
 Memory occupation peak: 49692 kB
 For the array: "red_atom_list" in routine "magninit"
 -----------------END MEMORY CONSUMPTION REPORT---------------------
