# Bravais Lattice Basis
  1.00000000000000  0.00000000000000  0.00000000000000
  0.00000000000000  1.00000000000000  0.00000000000000
  0.00000000000000  0.00000000000000  1.00000000000000
# Spin axis
  0.00000000000000  1.00000000000000  0.00000000000000       l
# sites
     8
 -0.15860000000000 -0.15860000000000 -0.15860000000000    32  l a
 -0.34140000000000  0.15860000000000  0.34140000000000    32  l a
  0.34140000000000 -0.34140000000000  0.15860000000000    32  l a
  0.15860000000000  0.34140000000000 -0.34140000000000    32  l a
  0.13520000000000  0.13520000000000  0.13520000000000    26  l up
  0.36480000000000 -0.13520000000000 -0.36480000000000    26  l up
 -0.36480000000000  0.36480000000000 -0.13520000000000    26  l up
 -0.13520000000000 -0.36480000000000  0.36480000000000    26  l up
# data vectors
 -0.15860000000000 -0.15860000000000 -0.15860000000000    32  l a
 -0.34140000000000  0.15860000000000  0.34140000000000    32  l a
  0.34140000000000 -0.34140000000000  0.15860000000000    32  l a
  0.15860000000000  0.34140000000000 -0.34140000000000    32  l a
  0.13520000000000  0.13520000000000  0.13520000000000    26  l up
  0.36480000000000 -0.13520000000000 -0.36480000000000    26  l up
 -0.36480000000000  0.36480000000000 -0.13520000000000    26  l up
 -0.13520000000000 -0.36480000000000  0.36480000000000    26  l up

 spins = 1
 normalized spin axis (Wyckoff coordinates):
  0.00000000000000  1.00000000000000  0.00000000000000
 Hoholedry (cartesian coordinates): 48 elements
                        P

    0:  1.00000000  .000000000  .000000000
        .000000000  1.00000000  .000000000
        .000000000  .000000000  1.00000000

    1: -1.00000000  .000000000  .000000000
        .000000000  1.00000000  .000000000
        .000000000  .000000000  1.00000000

    2:  1.00000000  .000000000  .000000000
        .000000000 -1.00000000  .000000000
        .000000000  .000000000  1.00000000

    3: -1.00000000  .000000000  .000000000
        .000000000 -1.00000000  .000000000
        .000000000  .000000000  1.00000000

    4:  .000000000  1.00000000  .000000000
        1.00000000  .000000000  .000000000
        .000000000  .000000000  1.00000000

    5:  .000000000  1.00000000  .000000000
       -1.00000000  .000000000  .000000000
        .000000000  .000000000  1.00000000

    6:  .000000000 -1.00000000  .000000000
        1.00000000  .000000000  .000000000
        .000000000  .000000000  1.00000000

    7:  .000000000 -1.00000000  .000000000
       -1.00000000  .000000000  .000000000
        .000000000  .000000000  1.00000000

    8:  1.00000000  .000000000  .000000000
        .000000000  1.00000000  .000000000
        .000000000  .000000000 -1.00000000

    9: -1.00000000  .000000000  .000000000
        .000000000  1.00000000  .000000000
        .000000000  .000000000 -1.00000000

   10:  1.00000000  .000000000  .000000000
        .000000000 -1.00000000  .000000000
        .000000000  .000000000 -1.00000000

   11: -1.00000000  .000000000  .000000000
        .000000000 -1.00000000  .000000000
        .000000000  .000000000 -1.00000000

   12:  .000000000  1.00000000  .000000000
        1.00000000  .000000000  .000000000
        .000000000  .000000000 -1.00000000

   13:  .000000000  1.00000000  .000000000
       -1.00000000  .000000000  .000000000
        .000000000  .000000000 -1.00000000

   14:  .000000000 -1.00000000  .000000000
        1.00000000  .000000000  .000000000
        .000000000  .000000000 -1.00000000

   15:  .000000000 -1.00000000  .000000000
       -1.00000000  .000000000  .000000000
        .000000000  .000000000 -1.00000000

   16:  .000000000  .000000000  1.00000000
        .000000000  1.00000000  .000000000
        1.00000000  .000000000  .000000000

   17:  .000000000  .000000000  1.00000000
        .000000000  1.00000000  .000000000
       -1.00000000  .000000000  .000000000

   18:  .000000000  .000000000  1.00000000
        .000000000 -1.00000000  .000000000
        1.00000000  .000000000  .000000000

   19:  .000000000  .000000000  1.00000000
        .000000000 -1.00000000  .000000000
       -1.00000000  .000000000  .000000000

   20:  .000000000  .000000000  1.00000000
        1.00000000  .000000000  .000000000
        .000000000  1.00000000  .000000000

   21:  .000000000  .000000000  1.00000000
       -1.00000000  .000000000  .000000000
        .000000000  1.00000000  .000000000

   22:  .000000000  .000000000  1.00000000
        1.00000000  .000000000  .000000000
        .000000000 -1.00000000  .000000000

   23:  .000000000  .000000000  1.00000000
       -1.00000000  .000000000  .000000000
        .000000000 -1.00000000  .000000000

   24:  .000000000  .000000000 -1.00000000
        .000000000  1.00000000  .000000000
        1.00000000  .000000000  .000000000

   25:  .000000000  .000000000 -1.00000000
        .000000000  1.00000000  .000000000
       -1.00000000  .000000000  .000000000

   26:  .000000000  .000000000 -1.00000000
        .000000000 -1.00000000  .000000000
        1.00000000  .000000000  .000000000

   27:  .000000000  .000000000 -1.00000000
        .000000000 -1.00000000  .000000000
       -1.00000000  .000000000  .000000000

   28:  .000000000  .000000000 -1.00000000
        1.00000000  .000000000  .000000000
        .000000000  1.00000000  .000000000

   29:  .000000000  .000000000 -1.00000000
       -1.00000000  .000000000  .000000000
        .000000000  1.00000000  .000000000

   30:  .000000000  .000000000 -1.00000000
        1.00000000  .000000000  .000000000
        .000000000 -1.00000000  .000000000

   31:  .000000000  .000000000 -1.00000000
       -1.00000000  .000000000  .000000000
        .000000000 -1.00000000  .000000000

   32:  1.00000000  .000000000  .000000000
        .000000000  .000000000  1.00000000
        .000000000  1.00000000  .000000000

   33: -1.00000000  .000000000  .000000000
        .000000000  .000000000  1.00000000
        .000000000  1.00000000  .000000000

   34:  1.00000000  .000000000  .000000000
        .000000000  .000000000  1.00000000
        .000000000 -1.00000000  .000000000

   35: -1.00000000  .000000000  .000000000
        .000000000  .000000000  1.00000000
        .000000000 -1.00000000  .000000000

   36:  .000000000  1.00000000  .000000000
        .000000000  .000000000  1.00000000
        1.00000000  .000000000  .000000000

   37:  .000000000  1.00000000  .000000000
        .000000000  .000000000  1.00000000
       -1.00000000  .000000000  .000000000

   38:  .000000000 -1.00000000  .000000000
        .000000000  .000000000  1.00000000
        1.00000000  .000000000  .000000000

   39:  .000000000 -1.00000000  .000000000
        .000000000  .000000000  1.00000000
       -1.00000000  .000000000  .000000000

   40:  1.00000000  .000000000  .000000000
        .000000000  .000000000 -1.00000000
        .000000000  1.00000000  .000000000

   41: -1.00000000  .000000000  .000000000
        .000000000  .000000000 -1.00000000
        .000000000  1.00000000  .000000000

   42:  1.00000000  .000000000  .000000000
        .000000000  .000000000 -1.00000000
        .000000000 -1.00000000  .000000000

   43: -1.00000000  .000000000  .000000000
        .000000000  .000000000 -1.00000000
        .000000000 -1.00000000  .000000000

   44:  .000000000  1.00000000  .000000000
        .000000000  .000000000 -1.00000000
        1.00000000  .000000000  .000000000

   45:  .000000000  1.00000000  .000000000
        .000000000  .000000000 -1.00000000
       -1.00000000  .000000000  .000000000

   46:  .000000000 -1.00000000  .000000000
        .000000000  .000000000 -1.00000000
        1.00000000  .000000000  .000000000

   47:  .000000000 -1.00000000  .000000000
        .000000000  .000000000 -1.00000000
       -1.00000000  .000000000  .000000000
 Hoholedry (lattice coordinates): 48 elements
               P

    0:     1     0     0
           0     1     0
           0     0     1

    1:    -1     0     0
           0     1     0
           0     0     1

    2:     1     0     0
           0    -1     0
           0     0     1

    3:    -1     0     0
           0    -1     0
           0     0     1

    4:     0     1     0
           1     0     0
           0     0     1

    5:     0     1     0
          -1     0     0
           0     0     1

    6:     0    -1     0
           1     0     0
           0     0     1

    7:     0    -1     0
          -1     0     0
           0     0     1

    8:     1     0     0
           0     1     0
           0     0    -1

    9:    -1     0     0
           0     1     0
           0     0    -1

   10:     1     0     0
           0    -1     0
           0     0    -1

   11:    -1     0     0
           0    -1     0
           0     0    -1

   12:     0     1     0
           1     0     0
           0     0    -1

   13:     0     1     0
          -1     0     0
           0     0    -1

   14:     0    -1     0
           1     0     0
           0     0    -1

   15:     0    -1     0
          -1     0     0
           0     0    -1

   16:     0     0     1
           0     1     0
           1     0     0

   17:     0     0     1
           0     1     0
          -1     0     0

   18:     0     0     1
           0    -1     0
           1     0     0

   19:     0     0     1
           0    -1     0
          -1     0     0

   20:     0     0     1
           1     0     0
           0     1     0

   21:     0     0     1
          -1     0     0
           0     1     0

   22:     0     0     1
           1     0     0
           0    -1     0

   23:     0     0     1
          -1     0     0
           0    -1     0

   24:     0     0    -1
           0     1     0
           1     0     0

   25:     0     0    -1
           0     1     0
          -1     0     0

   26:     0     0    -1
           0    -1     0
           1     0     0

   27:     0     0    -1
           0    -1     0
          -1     0     0

   28:     0     0    -1
           1     0     0
           0     1     0

   29:     0     0    -1
          -1     0     0
           0     1     0

   30:     0     0    -1
           1     0     0
           0    -1     0

   31:     0     0    -1
          -1     0     0
           0    -1     0

   32:     1     0     0
           0     0     1
           0     1     0

   33:    -1     0     0
           0     0     1
           0     1     0

   34:     1     0     0
           0     0     1
           0    -1     0

   35:    -1     0     0
           0     0     1
           0    -1     0

   36:     0     1     0
           0     0     1
           1     0     0

   37:     0     1     0
           0     0     1
          -1     0     0

   38:     0    -1     0
           0     0     1
           1     0     0

   39:     0    -1     0
           0     0     1
          -1     0     0

   40:     1     0     0
           0     0    -1
           0     1     0

   41:    -1     0     0
           0     0    -1
           0     1     0

   42:     1     0     0
           0     0    -1
           0    -1     0

   43:    -1     0     0
           0     0    -1
           0    -1     0

   44:     0     1     0
           0     0    -1
           1     0     0

   45:     0     1     0
           0     0    -1
          -1     0     0

   46:     0    -1     0
           0     0    -1
           1     0     0

   47:     0    -1     0
           0     0    -1
          -1     0     0

 Preserve spin: order =  8
 in cartesian coordinates:
 element  1
  1.00000000000000  0.00000000000000  0.00000000000000
  0.00000000000000  1.00000000000000  0.00000000000000
  0.00000000000000  0.00000000000000  1.00000000000000
 element  2
  1.00000000000000  0.00000000000000  0.00000000000000
  0.00000000000000 -1.00000000000000  0.00000000000000
  0.00000000000000  0.00000000000000  1.00000000000000
 element  3
 -1.00000000000000  0.00000000000000  0.00000000000000
  0.00000000000000  1.00000000000000  0.00000000000000
  0.00000000000000  0.00000000000000 -1.00000000000000
 element  4
 -1.00000000000000  0.00000000000000  0.00000000000000
  0.00000000000000 -1.00000000000000  0.00000000000000
  0.00000000000000  0.00000000000000 -1.00000000000000
 element  5
  0.00000000000000  0.00000000000000 -1.00000000000000
  0.00000000000000  1.00000000000000  0.00000000000000
  1.00000000000000  0.00000000000000  0.00000000000000
 element  6
  0.00000000000000  0.00000000000000 -1.00000000000000
  0.00000000000000 -1.00000000000000  0.00000000000000
  1.00000000000000  0.00000000000000  0.00000000000000
 element  7
  0.00000000000000  0.00000000000000  1.00000000000000
  0.00000000000000  1.00000000000000  0.00000000000000
 -1.00000000000000  0.00000000000000  0.00000000000000
 element  8
  0.00000000000000  0.00000000000000  1.00000000000000
  0.00000000000000 -1.00000000000000  0.00000000000000
 -1.00000000000000  0.00000000000000  0.00000000000000

 Preserve unit cell: order =  1
 group order: 1
 group in lattice coordinates:
               P

    0:     1     0     0
           0     1     0
           0     0     1

 group in cartesian coordinates:
                        P

    0:  1.00000000  .000000000  .000000000
        .000000000  1.00000000  .000000000
        .000000000  .000000000  1.00000000

 Types:     8
 in Wyckoff coordinates:
  type  site                 1                 2                 3    label   rot
     1     0 -0.15860000000000 -0.15860000000000 -0.15860000000000    32 a     0
     2     1 -0.34140000000000  0.15860000000000  0.34140000000000    32 a     0
     3     2  0.34140000000000 -0.34140000000000  0.15860000000000    32 a     0
     4     3  0.15860000000000  0.34140000000000 -0.34140000000000    32 a     0
     5     4  0.13520000000000  0.13520000000000  0.13520000000000    26 up     0
     6     5  0.36480000000000 -0.13520000000000 -0.36480000000000    26 up     0
     7     6 -0.36480000000000  0.36480000000000 -0.13520000000000    26 up     0
     8     7 -0.13520000000000 -0.36480000000000  0.36480000000000    26 up     0
 group elements by axis and angle
  P           x           y           z  (2 pi)/ang   inv
  0  0.00000000  0.00000000  1.00000000           1     1
 
 For type: 1
 1 local group elements
 Selected local axis:      0.00000000  1.00000000  0.00000000
 Local Euler angles:  0.00000000000000  0.00000000000000  0.00000000000000     1
 3 representations for L = 1
 5 representations for L = 2
 7 representations for L = 3
 9 representations for L = 4
 11 representations for L = 5
 13 representations for L = 6
 15 representations for L = 7
 17 representations for L = 8
 
 For type: 2
 1 local group elements
 Selected local axis:      0.00000000  1.00000000  0.00000000
 Local Euler angles:  0.00000000000000  0.00000000000000  0.00000000000000     1
 3 representations for L = 1
 5 representations for L = 2
 7 representations for L = 3
 9 representations for L = 4
 11 representations for L = 5
 13 representations for L = 6
 15 representations for L = 7
 17 representations for L = 8
 
 For type: 3
 1 local group elements
 Selected local axis:      0.00000000  1.00000000  0.00000000
 Local Euler angles:  0.00000000000000  0.00000000000000  0.00000000000000     1
 3 representations for L = 1
 5 representations for L = 2
 7 representations for L = 3
 9 representations for L = 4
 11 representations for L = 5
 13 representations for L = 6
 15 representations for L = 7
 17 representations for L = 8
 
 For type: 4
 1 local group elements
 Selected local axis:      0.00000000  1.00000000  0.00000000
 Local Euler angles:  0.00000000000000  0.00000000000000  0.00000000000000     1
 3 representations for L = 1
 5 representations for L = 2
 7 representations for L = 3
 9 representations for L = 4
 11 representations for L = 5
 13 representations for L = 6
 15 representations for L = 7
 17 representations for L = 8
 
 For type: 5
 1 local group elements
 Selected local axis:      0.00000000  1.00000000  0.00000000
 Local Euler angles:  0.00000000000000  0.00000000000000  0.00000000000000     1
 3 representations for L = 1
 5 representations for L = 2
 7 representations for L = 3
 9 representations for L = 4
 11 representations for L = 5
 13 representations for L = 6
 15 representations for L = 7
 17 representations for L = 8
 
 For type: 6
 1 local group elements
 Selected local axis:      0.00000000  1.00000000  0.00000000
 Local Euler angles:  0.00000000000000  0.00000000000000  0.00000000000000     1
 3 representations for L = 1
 5 representations for L = 2
 7 representations for L = 3
 9 representations for L = 4
 11 representations for L = 5
 13 representations for L = 6
 15 representations for L = 7
 17 representations for L = 8
 
 For type: 7
 1 local group elements
 Selected local axis:      0.00000000  1.00000000  0.00000000
 Local Euler angles:  0.00000000000000  0.00000000000000  0.00000000000000     1
 3 representations for L = 1
 5 representations for L = 2
 7 representations for L = 3
 9 representations for L = 4
 11 representations for L = 5
 13 representations for L = 6
 15 representations for L = 7
 17 representations for L = 8
 
 For type: 8
 1 local group elements
 Selected local axis:      0.00000000  1.00000000  0.00000000
 Local Euler angles:  0.00000000000000  0.00000000000000  0.00000000000000     1
 3 representations for L = 1
 5 representations for L = 2
 7 representations for L = 3
 9 representations for L = 4
 11 representations for L = 5
 13 representations for L = 6
 15 representations for L = 7
 17 representations for L = 8

Nearest neighbor table
 type1 type2    distance
   1     5     0.50887653  
         6     0.51982070  
         6     0.56303957  
         2     0.61970290  
   2     6     0.50887653  
         5     0.51982070  
         5     0.56303957  
         1     0.61970290  
   3     7     0.50887653  
         5     0.51982070  
         5     0.56303957  
         1     0.61970290  
   4     8     0.50887653  
         5     0.51982070  
         5     0.56303957  
         1     0.61970290  
   5     1     0.50887653  
         2     0.51982070  
         2     0.56303957  
         6     0.61305165  
   6     2     0.50887653  
         1     0.51982070  
         1     0.56303957  
         5     0.61305165  
   7     3     0.50887653  
         1     0.51982070  
         1     0.56303957  
         5     0.61305165  
   8     4     0.50887653  
         1     0.51982070  
         1     0.56303957  
         5     0.61305165  

########################################################################
