   #Iter           <M>_x           <M>_y           <M>_z             <M>        M_{stdv}
       0 -1.32572764E-02  1.12340242E-02  5.66709079E-03  1.82777076E-02  0.00000000E+00
     100 -9.63652632E-03 -9.03475594E-03  8.40129881E-04  1.32361351E-02  0.00000000E+00
     200  2.59534376E-04 -4.68323251E-03  2.81470097E-03  5.47015232E-03  0.00000000E+00
     300 -7.46978751E-03  5.07376649E-03 -9.65214402E-04  9.08143550E-03  0.00000000E+00
     400 -6.82461013E-03 -9.78443519E-03 -7.71292473E-03  1.42056215E-02  0.00000000E+00
     500  1.10086839E-03  2.32610717E-03  5.20328959E-03  5.80490382E-03  0.00000000E+00
     600 -6.09823021E-03 -5.00885132E-03 -4.12053357E-03  8.90257267E-03  0.00000000E+00
     700  5.54447317E-03  5.56224987E-03 -1.08358259E-03  7.92804878E-03  0.00000000E+00
     800  2.00701293E-03 -8.55797534E-03 -2.67083912E-03  9.18697037E-03  0.00000000E+00
     900  4.78631111E-03  3.78870589E-03  1.10169999E-03  6.20296777E-03  0.00000000E+00
    1000 -1.18499466E-02 -3.11670874E-03  1.90760467E-03  1.24005670E-02  0.00000000E+00
    1100  3.82285695E-03  1.11710274E-03 -8.18826129E-03  9.10548059E-03  0.00000000E+00
    1200  3.49304115E-03  1.12206264E-02 -6.08253965E-03  1.32325766E-02  0.00000000E+00
    1300 -6.25319169E-03 -1.19148724E-03  5.61699830E-04  6.39042681E-03  0.00000000E+00
    1400 -4.61309660E-03  3.63309128E-03 -1.17816874E-02  1.31638965E-02  0.00000000E+00
    1500  6.71622789E-03  4.42145204E-03 -3.47235428E-03  8.75866425E-03  0.00000000E+00
    1600  7.19585137E-03 -4.19313581E-03 -2.74225890E-03  8.76827513E-03  0.00000000E+00
    1700  1.44926105E-02  5.31087759E-03  2.74052995E-03  1.56764691E-02  0.00000000E+00
    1800  1.88247518E-03 -9.56924401E-04 -1.20734773E-02  1.22567643E-02  0.00000000E+00
    1900 -7.98116378E-03  4.83858777E-03  3.14120286E-03  9.84774402E-03  0.00000000E+00
    2000  4.88436944E-03  7.07105121E-03 -6.87788116E-04  8.62147797E-03  0.00000000E+00
    2100 -7.66420352E-03  5.65662128E-03 -9.28866182E-04  9.57079790E-03  0.00000000E+00
    2200  1.36168097E-03  4.55465520E-03 -6.65208783E-03  8.17614405E-03  0.00000000E+00
    2300  8.75173673E-03 -4.01770634E-03  7.52596532E-04  9.65925782E-03  0.00000000E+00
    2400 -9.49721141E-03  7.62716955E-03 -2.65925003E-03  1.24676522E-02  0.00000000E+00
    2500  5.05428206E-03 -1.04978069E-02 -1.02502193E-02  1.55182703E-02  0.00000000E+00
    2600 -1.18711446E-02  7.18722208E-04  1.02112764E-02  1.56751651E-02  0.00000000E+00
    2700  1.55215333E-03 -9.02839165E-03 -5.17248003E-03  1.05202465E-02  0.00000000E+00
    2800  3.25053896E-03  4.30393413E-03  2.17684015E-03  5.81622606E-03  0.00000000E+00
    2900 -3.68337818E-03 -1.63278296E-03 -1.02254009E-03  4.15678280E-03  0.00000000E+00
    3000 -4.69382572E-03  5.84084660E-03 -8.46661871E-03  1.13062426E-02  0.00000000E+00
    3100  5.45076399E-03  3.69796699E-03 -5.00899201E-04  6.60580714E-03  0.00000000E+00
    3200 -1.09422623E-02 -7.75361169E-04  3.49277074E-03  1.15123298E-02  0.00000000E+00
    3300 -6.26329980E-04 -5.78388937E-03 -9.95224339E-04  5.90221459E-03  0.00000000E+00
    3400  1.23749712E-02 -5.99192864E-03 -3.53092487E-03  1.41954412E-02  0.00000000E+00
    3500 -1.55578858E-03 -6.81815920E-04  4.50358780E-03  4.81327894E-03  0.00000000E+00
    3600  8.37340736E-03  1.66887992E-03 -8.66739785E-03  1.21664661E-02  0.00000000E+00
    3700 -7.68815390E-03 -6.82392071E-03  1.23019789E-03  1.03531150E-02  0.00000000E+00
    3800  2.92124199E-03 -8.62582315E-03  3.90856590E-04  9.11544012E-03  0.00000000E+00
    3900  8.74046801E-03  4.62946335E-03 -8.27608729E-03  1.28965628E-02  0.00000000E+00
    4000  4.70970046E-03 -3.82945595E-03 -1.03904866E-02  1.20336288E-02  0.00000000E+00
    4100 -2.66305413E-03 -3.61144824E-03 -1.15469302E-02  1.23881400E-02  0.00000000E+00
    4200 -2.05020831E-03  4.91549689E-03 -8.62280653E-03  1.01350015E-02  0.00000000E+00
    4300 -7.80837181E-03  8.49011345E-03  2.09705109E-03  1.17239208E-02  0.00000000E+00
    4400  1.08530072E-02 -3.63333558E-04 -5.29285496E-03  1.20803183E-02  0.00000000E+00
    4500 -3.04095909E-03 -3.09179027E-03  3.66249094E-03  5.67630506E-03  0.00000000E+00
    4600  1.31792285E-04 -4.09625288E-03 -5.25770689E-03  6.66634372E-03  0.00000000E+00
    4700 -3.34495153E-03 -4.08403675E-03  3.18117086E-04  5.28859673E-03  0.00000000E+00
    4800  3.40012016E-03 -9.21850841E-03  6.13945893E-03  1.15859687E-02  0.00000000E+00
    4900  7.92267785E-04 -2.41079020E-03  7.73213421E-04  2.65282050E-03  0.00000000E+00
    5000  7.86230719E-03  1.85320481E-03  1.78593308E-03  8.27283503E-03  0.00000000E+00
    5100 -2.98515890E-03 -1.58368400E-03 -7.83996357E-04  3.46898818E-03  0.00000000E+00
    5200 -2.06669970E-03  1.36306535E-02 -1.68024992E-03  1.38884557E-02  0.00000000E+00
    5300  4.57526716E-03  8.49974185E-03 -3.51652856E-03  1.02734928E-02  0.00000000E+00
    5400 -5.31845462E-03  2.59356377E-03  2.30860098E-03  6.35154871E-03  0.00000000E+00
    5500 -6.98193198E-03  1.86784730E-03 -5.88497917E-03  9.32036520E-03  0.00000000E+00
    5600 -6.61710113E-03  1.41570961E-03  3.52631888E-03  7.63054296E-03  0.00000000E+00
    5700  1.71606002E-03  1.13304506E-03  5.11222028E-03  5.51030393E-03  0.00000000E+00
    5800 -2.30631536E-03 -7.28716405E-03 -7.35467721E-03  1.06072205E-02  0.00000000E+00
    5900  7.29272481E-05 -3.89829684E-03 -8.46242964E-03  9.31744343E-03  0.00000000E+00
    6000  5.47516598E-03 -5.98920233E-03  5.14332759E-03  9.60738287E-03  0.00000000E+00
    6100 -9.02665435E-03  7.25504153E-03  3.76332497E-03  1.21769755E-02  0.00000000E+00
    6200  2.66043444E-03  2.73754422E-03  1.24521786E-03  4.01529915E-03  0.00000000E+00
    6300 -8.00341858E-03  9.65860373E-03 -4.36226026E-03  1.32805365E-02  0.00000000E+00
    6400 -8.93334430E-03 -9.89383440E-03  9.41634242E-03  1.63205424E-02  0.00000000E+00
    6500  3.01842934E-03  4.13452439E-03 -6.13720648E-03  7.99190283E-03  0.00000000E+00
    6600 -2.60591321E-03 -2.51472638E-03 -3.11380423E-03  4.77602441E-03  0.00000000E+00
    6700  3.95467410E-03  1.26838787E-03  3.79673791E-04  4.17042051E-03  0.00000000E+00
    6800 -2.97769511E-03 -1.58652481E-02 -1.22374353E-02  2.02565443E-02  0.00000000E+00
    6900 -2.91569206E-04 -2.01874044E-03  2.01312089E-04  2.04959804E-03  0.00000000E+00
    7000 -7.01565205E-03 -5.56703301E-03 -8.07409768E-03  1.20582869E-02  0.00000000E+00
    7100 -3.21797734E-03 -2.34305224E-03  6.11778356E-03  7.29880453E-03  0.00000000E+00
    7200 -5.16983448E-03  1.96672119E-03 -5.68705924E-03  7.93333622E-03  0.00000000E+00
    7300  2.08542919E-03 -5.22940290E-03  5.22358994E-03  7.67994541E-03  0.00000000E+00
    7400 -7.92462424E-03 -4.42161307E-03  3.29278962E-03  9.65364154E-03  0.00000000E+00
    7500 -2.20993667E-03  3.68318127E-03 -5.15983103E-03  6.71368011E-03  0.00000000E+00
    7600 -7.36313643E-03  7.97336602E-03  2.63348095E-03  1.11680601E-02  0.00000000E+00
    7700  8.91530848E-03  3.75988836E-05 -6.28989918E-03  1.09108648E-02  0.00000000E+00
    7800 -4.92172270E-03  4.01229674E-03 -1.10828308E-02  1.27730583E-02  0.00000000E+00
    7900  1.07839098E-02 -4.01271314E-03 -1.26228836E-03  1.15753164E-02  0.00000000E+00
    8000  4.23724664E-03  3.63206148E-05 -6.99737844E-03  8.18039628E-03  0.00000000E+00
    8100  9.35425815E-03  9.07946227E-03  8.05489678E-03  1.53238423E-02  0.00000000E+00
    8200 -1.03654798E-03  7.52040563E-03  8.79383862E-03  1.16173375E-02  0.00000000E+00
    8300 -1.83805749E-04  6.15335203E-05  8.04318522E-04  8.27344675E-04  0.00000000E+00
    8400  2.16143081E-03 -1.02376916E-02  2.92631011E-03  1.08648702E-02  0.00000000E+00
    8500  1.05604082E-02  3.68770915E-03  1.14371851E-02  1.59978319E-02  0.00000000E+00
    8600  4.86144420E-03  1.28691400E-03 -4.39239370E-04  5.04804106E-03  0.00000000E+00
    8700 -2.66658770E-03 -1.23074358E-03  2.93787783E-03  4.15409988E-03  0.00000000E+00
    8800 -9.26202074E-03 -1.06532061E-02  1.39742459E-03  1.41855075E-02  0.00000000E+00
    8900  1.35207510E-03 -5.77647362E-03  8.13610928E-03  1.00693609E-02  0.00000000E+00
    9000 -4.86650873E-03  2.21138672E-03 -5.89417910E-04  5.37778318E-03  0.00000000E+00
    9100 -4.64902875E-03  1.05234505E-02  8.11754720E-03  1.40801652E-02  0.00000000E+00
    9200  1.48987971E-02 -3.64327964E-03 -1.44038285E-03  1.54052700E-02  0.00000000E+00
    9300  5.92419526E-03  7.43266546E-03 -3.52739382E-03  1.01382007E-02  0.00000000E+00
    9400  4.32030167E-03  3.38120781E-03  5.93885101E-03  8.08501850E-03  0.00000000E+00
    9500  8.68345985E-03 -7.18820084E-04  8.54088335E-03  1.22010600E-02  0.00000000E+00
    9600  4.72509227E-05  2.92417573E-03  4.82439799E-03  5.64161788E-03  0.00000000E+00
    9700 -8.95303151E-03  5.12990392E-03 -5.18669896E-03  1.15487893E-02  0.00000000E+00
    9800  3.51471105E-03  2.74531318E-04  3.03704527E-03  4.65319301E-03  0.00000000E+00
    9900  6.87158422E-03  3.49306223E-03  6.11781842E-03  9.84113081E-03  0.00000000E+00
   10000 -7.45807903E-04  9.43792742E-03  6.24582935E-03  1.13420054E-02  0.00000000E+00
   10100 -6.30870818E-03 -9.36783732E-03 -4.19539979E-03  1.20481349E-02  0.00000000E+00
   10200 -8.19238418E-03  3.64686406E-04  3.80791519E-03  9.04148068E-03  0.00000000E+00
   10300 -2.49068577E-03 -2.97163969E-03  1.15053097E-02  1.21411000E-02  0.00000000E+00
   10400 -9.10778451E-03  1.88451497E-03  1.18400087E-02  1.50561928E-02  0.00000000E+00
   10500  3.59080502E-03 -4.53974658E-03  5.96544202E-03  8.31202011E-03  0.00000000E+00
   10600  1.09394546E-02 -3.05503672E-03  9.64205593E-03  1.48987972E-02  0.00000000E+00
   10700 -2.45114680E-03 -3.48731776E-03 -3.60360448E-03  5.58170861E-03  0.00000000E+00
   10800  1.06052895E-02 -3.20497846E-05 -3.52265499E-03  1.11750745E-02  0.00000000E+00
   10900 -4.10070541E-03  6.54178404E-03 -4.47670531E-04  7.73376572E-03  0.00000000E+00
   11000  2.90505268E-03  2.49205035E-03 -3.25129140E-03  5.02200575E-03  0.00000000E+00
   11100  4.02912720E-03 -1.37461061E-02  4.35749277E-03  1.49725429E-02  0.00000000E+00
   11200 -3.65165324E-03  8.25190695E-03  6.64244023E-03  1.12049343E-02  0.00000000E+00
   11300 -8.04990202E-03  7.33734058E-03  8.80346239E-04  1.09276026E-02  0.00000000E+00
   11400  5.36406768E-03  5.28192931E-04  1.21917967E-02  1.33301207E-02  0.00000000E+00
   11500  1.91740812E-03  5.45602044E-03  1.32928299E-02  1.44963423E-02  0.00000000E+00
   11600  3.69546545E-03  5.49968534E-03  3.82460346E-03  7.65052909E-03  0.00000000E+00
   11700  1.28083667E-04 -1.79299546E-03 -6.39157043E-03  6.63953392E-03  0.00000000E+00
   11800 -1.33373931E-02  1.17505010E-02 -3.15922760E-03  1.80538375E-02  0.00000000E+00
   11900  1.91013347E-03 -6.54745883E-04  6.74981001E-03  7.04536991E-03  0.00000000E+00
   12000 -3.61199968E-03  2.26950251E-03 -3.72090165E-03  5.66059117E-03  0.00000000E+00
   12100  6.26317124E-03 -7.06652216E-03 -1.66923164E-02  1.91780206E-02  0.00000000E+00
   12200  1.24314590E-02 -1.14535336E-03 -5.39417769E-03  1.35996382E-02  0.00000000E+00
   12300 -7.95883066E-04 -6.41747720E-03 -3.04645127E-03  7.14830811E-03  0.00000000E+00
   12400 -9.18048675E-03  7.13490096E-03  3.99119563E-03  1.22929977E-02  0.00000000E+00
   12500 -3.90890557E-04 -3.64922859E-03  1.26408334E-02  1.31628391E-02  0.00000000E+00
   12600  1.01592114E-02  6.55881210E-03  2.06863737E-03  1.22681235E-02  0.00000000E+00
   12700 -3.66934640E-03 -2.72061682E-03  1.33968603E-02  1.41542123E-02  0.00000000E+00
   12800 -5.47452618E-03 -9.36302555E-03 -2.95036217E-03  1.12401655E-02  0.00000000E+00
   12900 -3.54602994E-03  2.25640318E-03 -3.28476307E-04  4.21587243E-03  0.00000000E+00
   13000  3.40082026E-03 -1.72433636E-03  4.04376826E-03  5.55796510E-03  0.00000000E+00
   13100 -1.27608805E-02  3.95920224E-03 -1.86397239E-02  2.29337014E-02  0.00000000E+00
   13200  3.35895058E-03  1.06481143E-02 -1.07271582E-02  1.54834366E-02  0.00000000E+00
   13300  9.05339438E-03 -5.70330378E-03  5.50397398E-03  1.20326786E-02  0.00000000E+00
   13400  6.16776975E-03  5.20175494E-03 -2.60212412E-03  8.47765817E-03  0.00000000E+00
   13500  2.15353019E-03 -1.19761524E-02 -5.04169598E-03  1.31713559E-02  0.00000000E+00
   13600 -2.43530279E-03 -3.67438816E-03  4.47144098E-03  6.27898180E-03  0.00000000E+00
   13700 -4.70579966E-03 -6.80401164E-03  6.24164535E-03  1.03632650E-02  0.00000000E+00
   13800 -9.44867170E-04 -3.85889714E-03  1.00358598E-02  1.07936251E-02  0.00000000E+00
   13900 -7.17791116E-03 -6.35703387E-03  1.74826631E-03  9.74631845E-03  0.00000000E+00
   14000 -2.09604359E-03  1.53122931E-02  5.38638447E-03  1.63668218E-02  0.00000000E+00
   14100  1.09567572E-02  3.04199293E-03  2.01723859E-03  1.15487445E-02  0.00000000E+00
   14200 -7.40131808E-03  7.23335600E-03 -1.68988381E-03  1.04860219E-02  0.00000000E+00
   14300  1.09046619E-02 -2.06110339E-03  1.47394561E-03  1.11951916E-02  0.00000000E+00
   14400 -5.69695842E-03  7.26296918E-04  2.23246757E-03  6.16171680E-03  0.00000000E+00
   14500 -3.03270513E-03  2.36738562E-03  6.25802698E-03  7.34606811E-03  0.00000000E+00
   14600  6.00226593E-03 -2.62459790E-03  5.64762445E-04  6.57530737E-03  0.00000000E+00
   14700 -1.14102345E-03 -3.77808544E-03  4.53933625E-04  3.97264645E-03  0.00000000E+00
   14800  5.46552955E-03  2.18993902E-03  5.16770455E-03  7.83409321E-03  0.00000000E+00
   14900 -4.88982759E-03 -1.22031868E-02 -8.84282648E-03  1.58437294E-02  0.00000000E+00
   15000 -2.77507320E-03  2.17500652E-03 -5.71742266E-03  6.71718739E-03  0.00000000E+00
   15100 -6.29453006E-03  1.71392728E-03  1.66248188E-03  6.73219886E-03  0.00000000E+00
   15200 -1.42640573E-02 -3.52711975E-03 -1.12197697E-02  1.84874859E-02  0.00000000E+00
   15300 -4.94123640E-04  7.92225696E-03 -1.23579519E-02  1.46875896E-02  0.00000000E+00
   15400  5.02928017E-03 -4.17712503E-03 -1.89195477E-03  6.80599187E-03  0.00000000E+00
   15500  1.36368422E-02 -9.41323571E-03  8.29700177E-03  1.85313980E-02  0.00000000E+00
   15600  8.73425742E-04 -1.13462233E-02  5.50877027E-03  1.26430299E-02  0.00000000E+00
   15700  5.81598078E-03 -1.15395623E-02 -4.41802070E-03  1.36567213E-02  0.00000000E+00
   15800 -1.65018979E-02  9.48421662E-03  4.15706065E-03  1.94818929E-02  0.00000000E+00
   15900  2.00476365E-02  6.52983888E-03 -3.62386456E-03  2.13934317E-02  0.00000000E+00
   16000  6.94398198E-03  3.96794086E-03 -1.69241910E-02  1.87187521E-02  0.00000000E+00
   16100  1.44752237E-03 -7.85997932E-03 -1.97391164E-03  8.23230971E-03  0.00000000E+00
   16200 -1.41468799E-02 -1.73346540E-03 -1.52592491E-02  2.08802250E-02  0.00000000E+00
   16300 -2.57796815E-03 -3.91993297E-04  1.82053976E-03  3.18024269E-03  0.00000000E+00
   16400 -3.76573965E-03  4.97295016E-03  3.30892934E-03  7.06116433E-03  0.00000000E+00
   16500 -7.32096325E-03  1.72232385E-03 -6.78877576E-03  1.01316523E-02  0.00000000E+00
   16600  1.43337211E-03  2.69398525E-03  9.38850959E-03  9.87199192E-03  0.00000000E+00
   16700  2.26075511E-03  5.07590974E-03  9.73112429E-03  1.12058312E-02  0.00000000E+00
   16800  3.69616041E-03 -1.16449975E-02  7.53486864E-03  1.43541567E-02  0.00000000E+00
   16900 -1.74049504E-03 -4.24728419E-03  4.75898737E-04  4.61467503E-03  0.00000000E+00
   17000  1.19982312E-03  5.31968948E-03 -1.64051308E-03  5.69473044E-03  0.00000000E+00
   17100  4.51379189E-03 -8.62456046E-03  7.46464365E-03  1.22669583E-02  0.00000000E+00
   17200  1.13081209E-02 -2.97447695E-03 -2.64487093E-03  1.19881798E-02  0.00000000E+00
   17300  1.19879932E-02 -3.12450702E-03 -8.97579761E-03  1.52983485E-02  0.00000000E+00
   17400 -3.78355675E-03  5.06559221E-03  3.27991332E-03  7.12273525E-03  0.00000000E+00
   17500 -1.46854125E-03  1.99731941E-03 -6.80089440E-04  2.57068471E-03  0.00000000E+00
   17600 -2.69502718E-03  2.15111923E-04  5.09825557E-03  5.77075857E-03  0.00000000E+00
   17700 -6.93749522E-03  2.66721256E-03  1.07557278E-02  1.30739643E-02  0.00000000E+00
   17800 -8.62257381E-06  1.45502501E-02 -3.35508521E-03  1.49320611E-02  0.00000000E+00
   17900  3.66054637E-03 -3.82450283E-03  1.49242910E-03  5.50034237E-03  0.00000000E+00
   18000 -1.00273945E-02 -3.06914002E-03  1.11585659E-02  1.53128003E-02  0.00000000E+00
   18100 -1.06194702E-02 -5.22418310E-03  7.89204613E-03  1.42249650E-02  0.00000000E+00
   18200 -1.69583322E-02  1.08904573E-03 -1.24575836E-02  2.10704162E-02  0.00000000E+00
   18300 -1.53750239E-02 -7.51451213E-03 -8.12368241E-03  1.89434281E-02  0.00000000E+00
   18400 -6.46077830E-03 -4.74080912E-03 -3.22668831E-03  8.63877565E-03  0.00000000E+00
   18500 -1.15252908E-02 -1.60901971E-03  1.90113431E-03  1.17913351E-02  0.00000000E+00
   18600  2.68132095E-03  1.05741642E-02 -1.13673941E-04  1.09094158E-02  0.00000000E+00
   18700 -6.16425301E-03 -1.63534964E-04  3.75408752E-05  6.16653616E-03  0.00000000E+00
   18800  9.37444506E-03 -1.02381382E-02 -3.74150822E-03  1.43770156E-02  0.00000000E+00
   18900 -4.65701123E-03 -2.57197997E-03  1.05798684E-03  5.42422075E-03  0.00000000E+00
   19000  2.11264230E-03  4.21113868E-03  5.39496125E-03  7.16258008E-03  0.00000000E+00
   19100 -9.53028699E-04  1.12834268E-03 -1.83361818E-03  2.35448010E-03  0.00000000E+00
   19200  2.37176983E-04 -4.80089884E-03 -8.75647027E-03  9.98902669E-03  0.00000000E+00
   19300 -4.17331667E-04  2.58319979E-03 -7.72784114E-03  8.15883666E-03  0.00000000E+00
   19400 -8.01852208E-05 -5.25489965E-03  1.82292301E-03  5.56268355E-03  0.00000000E+00
   19500  1.49320161E-02  5.96924344E-03  3.68702557E-03  1.64982159E-02  0.00000000E+00
   19600  4.82759857E-03 -8.92538800E-03  2.27839426E-03  1.03999682E-02  0.00000000E+00
   19700 -3.13227704E-05  1.33134425E-04 -3.16752212E-03  3.17047351E-03  0.00000000E+00
   19800  1.15393493E-02 -8.19455717E-03  3.41647747E-03  1.45595216E-02  0.00000000E+00
   19900 -5.97777705E-03  3.09537202E-03  8.41956973E-03  1.07798099E-02  0.00000000E+00
   20000 -5.59037950E-03  2.70423623E-03 -8.91988078E-03  1.08687400E-02  0.00000000E+00
   20100  6.83455559E-04  2.47435549E-03 -1.80820928E-02  1.82633958E-02  0.00000000E+00
   20200  1.00362985E-04  7.61481105E-03  1.05101545E-02  1.29791667E-02  0.00000000E+00
   20300  6.05783882E-04  4.17734711E-03  2.85717097E-03  5.09711967E-03  0.00000000E+00
   20400 -1.82964429E-03 -1.73112855E-02  2.31008122E-03  1.75603154E-02  0.00000000E+00
   20500 -5.13212125E-03 -7.80361689E-03  1.13104681E-02  1.46683944E-02  0.00000000E+00
   20600 -2.15668062E-03  9.67174641E-03 -4.03715609E-03  1.07001205E-02  0.00000000E+00
   20700  3.97293200E-03 -1.13466414E-03 -3.73532855E-03  5.56994890E-03  0.00000000E+00
   20800 -3.65629384E-04  9.65620422E-03 -1.50811897E-03  9.78010162E-03  0.00000000E+00
   20900 -1.21450404E-03 -1.36275919E-03  3.43566292E-03  3.89048999E-03  0.00000000E+00
   21000  5.57982989E-03 -1.63756035E-03 -6.16768585E-03  8.47681864E-03  0.00000000E+00
   21100 -6.83028967E-04 -6.87641775E-03  3.70387840E-03  7.84030387E-03  0.00000000E+00
   21200 -1.17338406E-03 -8.11535871E-03 -5.26496392E-03  9.74452268E-03  0.00000000E+00
   21300  1.41749774E-03  6.55260074E-03  4.99912715E-03  8.36284333E-03  0.00000000E+00
   21400  4.19442201E-03  9.25446009E-04  6.56603776E-03  7.84617602E-03  0.00000000E+00
   21500 -1.02269339E-02 -5.37526683E-03 -3.41588525E-03  1.20479020E-02  0.00000000E+00
   21600 -3.91362783E-03  3.50662806E-04 -5.10644289E-03  6.44322948E-03  0.00000000E+00
   21700  6.77398722E-03 -2.64745504E-03  8.52867159E-03  1.12086645E-02  0.00000000E+00
   21800  1.22059442E-02 -1.44086198E-02  7.14808985E-03  2.01912998E-02  0.00000000E+00
   21900  8.04385799E-03 -6.69717867E-03 -3.19365498E-03  1.09432758E-02  0.00000000E+00
   22000  1.49875675E-02  6.71122187E-03 -1.81280453E-03  1.65213177E-02  0.00000000E+00
   22100 -3.97292066E-03 -4.19126936E-04  8.04854159E-03  8.98547649E-03  0.00000000E+00
   22200 -7.92373759E-03  2.69613110E-03 -9.69676896E-03  1.28094523E-02  0.00000000E+00
   22300 -2.58744203E-03  1.16964939E-02  4.98640817E-03  1.29756346E-02  0.00000000E+00
   22400 -1.05686123E-02 -2.08925675E-03  1.03032387E-02  1.49069543E-02  0.00000000E+00
   22500 -3.56944959E-03  4.32517338E-03  9.23490199E-03  1.08042357E-02  0.00000000E+00
   22600  1.21030777E-03 -1.71292593E-03 -7.01632364E-03  7.32309754E-03  0.00000000E+00
   22700 -1.76189428E-03 -6.75024939E-03 -3.51098951E-03  7.81006951E-03  0.00000000E+00
   22800 -6.93708791E-03 -3.04609793E-03 -2.49495728E-03  7.97663545E-03  0.00000000E+00
   22900  4.47876222E-03  1.23075871E-02 -7.48892200E-03  1.50870793E-02  0.00000000E+00
   23000 -2.76093646E-03 -1.72726609E-03 -8.74618912E-03  9.33284749E-03  0.00000000E+00
   23100 -2.28788167E-02 -7.19913663E-03  8.18548728E-03  2.53430468E-02  0.00000000E+00
   23200  7.26665834E-03  9.09925528E-03  5.88549802E-03  1.30475997E-02  0.00000000E+00
   23300 -9.14741889E-03  7.16670142E-03 -4.15456273E-03  1.23408781E-02  0.00000000E+00
   23400  4.96336918E-03  6.62031258E-03  3.71529023E-03  9.07011322E-03  0.00000000E+00
   23500  2.50899116E-03  1.98553695E-03 -2.39493405E-03  3.99663643E-03  0.00000000E+00
   23600  1.42940122E-03 -1.12783495E-02  4.20326642E-03  1.21207180E-02  0.00000000E+00
   23700  2.52716103E-03 -8.12888342E-03  4.18135779E-03  9.48414685E-03  0.00000000E+00
   23800 -2.59938179E-03 -2.70829427E-03  8.60223360E-03  9.38563085E-03  0.00000000E+00
   23900  4.27042404E-04  9.38182432E-04  6.51652839E-05  1.03285914E-03  0.00000000E+00
   24000 -8.04145664E-03  9.10294657E-03 -2.09013967E-04  1.21479360E-02  0.00000000E+00
   24100  1.09883438E-03 -1.16448119E-03  2.75810757E-03  3.18913951E-03  0.00000000E+00
   24200  5.96565039E-03  8.38006705E-03 -1.11546804E-02  1.51737076E-02  0.00000000E+00
   24300  1.99660647E-03  1.34612223E-03  2.92398403E-03  3.78789719E-03  0.00000000E+00
   24400  7.57788787E-04 -3.79964167E-03  7.63337641E-04  3.94894987E-03  0.00000000E+00
   24500  1.40664907E-02 -2.44249455E-03  1.32108968E-02  1.94514712E-02  0.00000000E+00
   24600 -1.03494979E-02 -7.65889725E-03  2.90860141E-03  1.31996506E-02  0.00000000E+00
   24700 -1.10100315E-02  6.11791518E-03 -6.61637764E-03  1.42276538E-02  0.00000000E+00
   24800  6.69336986E-05 -2.28378099E-04 -4.31580598E-03  4.32236254E-03  0.00000000E+00
   24900  1.12076307E-03  6.84968938E-03  2.11010273E-03  7.25443920E-03  0.00000000E+00
   25000  8.53196931E-03  7.79142148E-03  8.20863008E-03  1.41732973E-02  0.00000000E+00
   25100 -3.79019964E-03  3.61332494E-03 -2.48989469E-03  5.79838823E-03  0.00000000E+00
   25200  1.61029525E-02  7.07777882E-03 -2.71998218E-03  1.77988296E-02  0.00000000E+00
   25300 -2.72460687E-03  3.46554425E-03  4.85145137E-03  6.55515522E-03  0.00000000E+00
   25400 -1.51845510E-03  2.42430384E-03  5.79090385E-03  6.45891031E-03  0.00000000E+00
   25500 -2.34779936E-03  2.53608212E-03  7.45802616E-03  8.21985575E-03  0.00000000E+00
   25600 -3.17975547E-04  3.56912722E-03 -7.90961655E-03  8.68342165E-03  0.00000000E+00
   25700  1.21925868E-02 -1.34108248E-02  3.80116708E-03  1.85191324E-02  0.00000000E+00
   25800 -1.03753672E-02 -3.88216782E-03 -6.22261153E-03  1.27059186E-02  0.00000000E+00
   25900 -3.33780353E-03 -2.28817693E-04 -5.86018137E-03  6.74796381E-03  0.00000000E+00
   26000 -1.12969833E-04 -2.84540865E-03  2.25793585E-03  3.63419687E-03  0.00000000E+00
   26100  2.21565958E-03 -1.21737078E-02 -4.27174813E-03  1.30903071E-02  0.00000000E+00
   26200 -2.02058771E-03 -8.96883046E-05  7.93353791E-03  8.18729763E-03  0.00000000E+00
   26300  2.30309957E-03 -3.16626262E-03  1.04512071E-02  1.11605205E-02  0.00000000E+00
   26400  3.08636337E-03 -4.89515402E-03  1.32248398E-02  1.44355312E-02  0.00000000E+00
   26500 -7.40864972E-03 -1.21359526E-02  3.73998809E-03  1.47022769E-02  0.00000000E+00
   26600  2.94280381E-03  5.06149053E-03  1.06449134E-03  5.95079175E-03  0.00000000E+00
   26700  1.52642265E-03  6.43678832E-03  1.65366807E-03  6.81885827E-03  0.00000000E+00
   26800 -4.93626767E-03  5.18510818E-03 -2.34382069E-04  7.16289189E-03  0.00000000E+00
   26900  6.36575847E-03 -2.48135284E-03 -6.48506144E-03  9.41997955E-03  0.00000000E+00
   27000  5.47041754E-03  9.86457001E-03 -8.56509354E-03  1.41631930E-02  0.00000000E+00
   27100  3.36694485E-03  5.22763250E-04  4.15825722E-03  5.37593733E-03  0.00000000E+00
   27200 -2.36283803E-03 -7.42100362E-03 -8.63267507E-03  1.16265806E-02  0.00000000E+00
   27300 -3.90414377E-03 -5.05046984E-03  6.48818071E-03  9.10198182E-03  0.00000000E+00
   27400 -5.10994180E-03 -3.60269154E-03  1.46062420E-05  6.25228797E-03  0.00000000E+00
   27500 -7.76794543E-03 -1.32818620E-02  4.40738694E-03  1.60054332E-02  0.00000000E+00
   27600  5.22309822E-03 -2.14951426E-03 -7.37446211E-03  9.28891049E-03  0.00000000E+00
   27700 -7.39515599E-03  9.87845211E-03 -1.01069912E-02  1.59506558E-02  0.00000000E+00
   27800  1.05498577E-02  1.58868274E-03  5.44583961E-04  1.06826955E-02  0.00000000E+00
   27900 -9.62342646E-04  3.48026123E-03  9.82212881E-04  3.74206677E-03  0.00000000E+00
   28000  3.11418529E-03  5.38905924E-03 -8.04817762E-03  1.01741473E-02  0.00000000E+00
   28100  2.37261820E-03  1.44666920E-03 -7.15163974E-04  2.86942997E-03  0.00000000E+00
   28200  1.09337025E-02  4.21692295E-03 -2.83322145E-03  1.20563441E-02  0.00000000E+00
   28300 -3.42143905E-03 -2.62989073E-03  7.74226085E-03  8.86369976E-03  0.00000000E+00
   28400  1.21488911E-02 -9.20971088E-03 -1.06506463E-03  1.52823000E-02  0.00000000E+00
   28500 -2.09760711E-03 -2.20004100E-03 -8.43223564E-04  3.15454624E-03  0.00000000E+00
   28600 -5.59483439E-03  3.60510297E-03 -7.19125469E-03  9.79862660E-03  0.00000000E+00
   28700 -6.62926917E-03 -1.38502641E-02 -8.66106647E-03  1.76292682E-02  0.00000000E+00
   28800  3.83565625E-03  3.44655073E-03  1.18821561E-02  1.29528609E-02  0.00000000E+00
   28900 -6.70029534E-05 -3.65967537E-03  4.10712263E-03  5.50146976E-03  0.00000000E+00
   29000  2.83521821E-03 -6.58567048E-04  1.19863315E-03  3.14783962E-03  0.00000000E+00
   29100 -3.93598940E-03  7.38613249E-03  3.07033993E-03  8.91481648E-03  0.00000000E+00
   29200  7.08388843E-03 -1.04798320E-02  7.38030779E-03  1.46450435E-02  0.00000000E+00
   29300 -1.30585083E-03  1.98556896E-02 -2.01996481E-03  2.00008478E-02  0.00000000E+00
   29400  8.54274118E-04  7.88489079E-03 -4.41124452E-03  9.07526117E-03  0.00000000E+00
   29500  5.56489281E-03  7.60859532E-03  1.80290392E-02  2.03446555E-02  0.00000000E+00
   29600  3.92762608E-03  2.09894541E-03 -1.81366536E-03  4.80845095E-03  0.00000000E+00
   29700 -3.17668893E-03  5.21135755E-03 -3.00881237E-03  6.80459785E-03  0.00000000E+00
   29800 -1.22685866E-03  2.21445108E-03 -1.54435567E-02  1.56496779E-02  0.00000000E+00
   29900 -1.89279490E-04  6.37003272E-03 -8.43741839E-03  1.05737019E-02  0.00000000E+00
   30000 -3.76037400E-03  7.61446429E-05  2.53855898E-03  4.53767477E-03  0.00000000E+00
   30100  6.77825316E-03  3.86152708E-03 -1.72418987E-02  1.89245655E-02  0.00000000E+00
   30200 -1.07883318E-03  5.92808268E-03 -7.61464980E-04  6.07337420E-03  0.00000000E+00
   30300 -9.85167416E-03 -6.13818269E-03  4.63199101E-03  1.24975242E-02  0.00000000E+00
   30400 -9.56591376E-03 -7.79024787E-03  1.10082780E-04  1.23372114E-02  0.00000000E+00
   30500  9.08408089E-04  2.62079355E-03  1.30384737E-02  1.33302498E-02  0.00000000E+00
   30600 -3.48185418E-03 -7.82253626E-04 -5.16984942E-03  6.28192425E-03  0.00000000E+00
   30700  7.00321386E-03  4.38504535E-03 -4.60054160E-03  9.45719885E-03  0.00000000E+00
   30800  6.28209015E-03  5.16608992E-03  8.18250234E-03  1.15371784E-02  0.00000000E+00
   30900 -8.29386983E-03 -4.06452892E-03 -5.63005994E-03  1.08169426E-02  0.00000000E+00
   31000  1.30064719E-02 -5.09007170E-03  8.60987401E-04  1.39935142E-02  0.00000000E+00
   31100  1.04069252E-02 -2.98970531E-03  2.79843783E-03  1.11836346E-02  0.00000000E+00
   31200 -6.53197871E-03 -6.25626994E-03  8.92392590E-03  1.27060660E-02  0.00000000E+00
   31300 -8.56339146E-03  1.05785925E-04 -4.33491977E-03  9.59866622E-03  0.00000000E+00
   31400  3.15872671E-03 -7.47347015E-03  6.95089258E-03  1.06838765E-02  0.00000000E+00
   31500  6.51775485E-03 -4.67423819E-03  3.84382303E-03  8.89407704E-03  0.00000000E+00
   31600 -5.99650809E-03 -5.15821347E-03  5.73800078E-03  9.77189483E-03  0.00000000E+00
   31700  6.51321041E-03  5.09375960E-03  6.64771415E-03  1.06094486E-02  0.00000000E+00
   31800  4.30581585E-03  1.08672824E-02 -2.76121969E-03  1.20109205E-02  0.00000000E+00
   31900 -8.26055877E-03 -1.62804198E-04  9.32402412E-03  1.24579598E-02  0.00000000E+00
   32000  1.44414659E-03 -4.71732489E-03  5.41894223E-03  7.32827731E-03  0.00000000E+00
   32100 -1.48150350E-02 -7.75883684E-03 -5.71972770E-03  1.76748436E-02  0.00000000E+00
   32200 -2.04562406E-03  5.09228018E-03  5.65624381E-03  7.88092566E-03  0.00000000E+00
   32300 -3.93231338E-03 -2.81017362E-03 -5.09981440E-03  7.02625585E-03  0.00000000E+00
   32400 -1.65204526E-03 -1.14286566E-02  2.14585477E-04  1.15494369E-02  0.00000000E+00
   32500  7.09606737E-03  1.02833075E-02  1.25626539E-02  1.77178119E-02  0.00000000E+00
   32600 -4.53288663E-03  3.26349434E-04 -2.15850364E-03  5.03117313E-03  0.00000000E+00
   32700 -4.70536150E-03 -3.89600194E-03 -7.20250080E-03  9.44432506E-03  0.00000000E+00
   32800 -7.11043316E-03 -1.13563615E-02  2.89002676E-03  1.37068399E-02  0.00000000E+00
   32900 -3.38364253E-03  3.86116828E-04  1.47175726E-03  3.71001245E-03  0.00000000E+00
   33000 -2.56388341E-03  1.01799695E-02  5.54149147E-03  1.18706952E-02  0.00000000E+00
   33100  9.33280718E-03 -3.18242009E-03  2.98509175E-03  1.03024201E-02  0.00000000E+00
   33200  1.97987146E-02  1.67747892E-03  5.94740370E-03  2.07406520E-02  0.00000000E+00
   33300  6.13184243E-03 -6.14988578E-04  1.28980006E-02  1.42946187E-02  0.00000000E+00
   33400  7.70477015E-03 -1.55487627E-03 -4.34997390E-03  8.98350690E-03  0.00000000E+00
   33500 -4.99272489E-03  4.17949327E-03 -7.39895785E-03  9.85596485E-03  0.00000000E+00
   33600  4.02415577E-03 -6.47131731E-03  4.46565943E-03  8.83254728E-03  0.00000000E+00
   33700  2.37619450E-03 -2.81969740E-03 -1.41332271E-03  3.94898402E-03  0.00000000E+00
   33800  3.54863138E-03  5.74341593E-03 -7.29145670E-03  9.93704946E-03  0.00000000E+00
   33900  1.10045332E-02  8.27232987E-03 -2.86384449E-03  1.40617494E-02  0.00000000E+00
   34000 -1.05731114E-02 -2.61995954E-03  9.42064266E-04  1.09335428E-02  0.00000000E+00
   34100 -3.48116365E-05  1.12398134E-02 -1.21397909E-02  1.65441573E-02  0.00000000E+00
   34200  3.40062344E-03 -3.89277953E-03  1.01722808E-02  1.14102265E-02  0.00000000E+00
   34300  9.88885909E-03 -5.70989965E-03  7.93393288E-03  1.39046675E-02  0.00000000E+00
   34400 -8.39232410E-03 -6.91276706E-03 -7.75413594E-03  1.33545526E-02  0.00000000E+00
   34500  1.09125110E-03 -5.21753051E-03 -1.82868066E-03  5.63538167E-03  0.00000000E+00
   34600 -7.55807725E-03 -5.84379764E-03 -1.02443428E-02  1.40078928E-02  0.00000000E+00
   34700  2.80500633E-03 -3.83352998E-03  1.84656126E-03  5.09644985E-03  0.00000000E+00
   34800  8.36984129E-04  5.79225625E-03  1.88690368E-03  6.14907964E-03  0.00000000E+00
   34900  2.28474251E-03  3.94500698E-03  3.18771795E-03  5.56279374E-03  0.00000000E+00
   35000 -7.67459271E-03  3.89056351E-03  8.53667587E-03  1.21206721E-02  0.00000000E+00
   35100 -1.67302526E-03 -8.10489291E-03 -1.40067374E-02  1.62688966E-02  0.00000000E+00
   35200 -2.62164445E-03 -6.04323148E-03  7.35222561E-03  9.87162033E-03  0.00000000E+00
   35300  1.01476484E-02  1.95162877E-03  4.77368927E-03  1.13829579E-02  0.00000000E+00
   35400 -6.00614035E-03  7.61839194E-03 -5.79387121E-05  9.70139034E-03  0.00000000E+00
   35500 -1.88624852E-03 -2.29317340E-03 -3.46343982E-03  4.56201634E-03  0.00000000E+00
   35600 -1.05623913E-02 -6.44182016E-04 -8.84552598E-03  1.37921141E-02  0.00000000E+00
   35700  1.26093242E-02 -2.85199373E-04  6.89947961E-04  1.26314062E-02  0.00000000E+00
   35800  7.86921714E-03 -2.48932484E-03 -2.66356506E-03  8.67270981E-03  0.00000000E+00
   35900 -1.01001278E-02 -3.93656089E-03  6.15942329E-03  1.24678622E-02  0.00000000E+00
   36000  4.55062213E-03 -7.27262831E-03  5.51390079E-03  1.01981560E-02  0.00000000E+00
   36100 -3.87677312E-03  1.14137065E-02 -1.23698309E-03  1.21174334E-02  0.00000000E+00
   36200  1.18274599E-03  1.16305161E-03  7.36504528E-03  7.54953436E-03  0.00000000E+00
   36300  4.45550525E-03 -3.33625101E-03 -4.85189035E-03  7.38396491E-03  0.00000000E+00
   36400 -1.23367357E-02  5.73802209E-03  1.13750890E-02  1.77345030E-02  0.00000000E+00
   36500  4.49690638E-03  4.17813971E-03  5.84779928E-03  8.47795817E-03  0.00000000E+00
   36600  2.11113620E-03 -3.44830226E-03 -6.93587472E-03  8.02832751E-03  0.00000000E+00
   36700 -5.49186188E-03 -2.15292733E-03 -1.39300212E-02  1.51274959E-02  0.00000000E+00
   36800  3.16971922E-03  5.07158809E-03  5.52601890E-03  8.14278887E-03  0.00000000E+00
   36900  6.71896920E-04  9.52704441E-03  1.76376300E-02  2.00574677E-02  0.00000000E+00
   37000 -4.92534882E-03  5.32436894E-03 -1.46761892E-03  7.40012641E-03  0.00000000E+00
   37100  1.28646617E-02 -1.27822883E-02 -1.84885470E-03  1.82292260E-02  0.00000000E+00
   37200 -4.44342914E-04 -1.74708005E-03  2.07114303E-03  2.74579001E-03  0.00000000E+00
   37300 -8.48749303E-03  6.58202435E-03 -5.35262950E-04  1.07539336E-02  0.00000000E+00
   37400  7.42129879E-03  2.54439961E-03  2.72877818E-03  8.30637559E-03  0.00000000E+00
   37500  4.53871280E-03  7.04641949E-03 -2.85327533E-05  8.38169169E-03  0.00000000E+00
   37600 -5.26702085E-03  1.79866100E-03  6.74361711E-03  8.74374415E-03  0.00000000E+00
   37700 -8.09213027E-03  4.31887487E-03  4.83556880E-04  9.18526427E-03  0.00000000E+00
   37800 -6.78336759E-03 -1.13595888E-03  4.14773484E-03  8.03169862E-03  0.00000000E+00
   37900 -1.10565681E-04  2.33561179E-03 -1.07937726E-02  1.10441312E-02  0.00000000E+00
   38000 -8.90608427E-03  9.76123743E-03 -1.95152884E-03  1.33569666E-02  0.00000000E+00
   38100  4.97502331E-03  6.22856064E-04  1.53082315E-02  1.61084064E-02  0.00000000E+00
   38200 -4.90310913E-04  5.48885907E-03 -1.53961296E-03  5.72174683E-03  0.00000000E+00
   38300 -4.33758483E-03 -6.01016679E-04  1.48768044E-05  4.37905064E-03  0.00000000E+00
   38400 -6.83227923E-03  4.97797638E-03  6.35451966E-03  1.05754531E-02  0.00000000E+00
   38500  1.62376895E-03 -7.81564690E-03  8.26977237E-03  1.14939157E-02  0.00000000E+00
   38600 -6.95505192E-03  1.11053871E-02 -2.47295610E-03  1.33348372E-02  0.00000000E+00
   38700 -2.34048118E-03  8.90074480E-03  1.91229126E-04  9.20530709E-03  0.00000000E+00
   38800  1.57658578E-02  2.15684098E-03 -2.66623175E-03  1.61345290E-02  0.00000000E+00
   38900  2.46920760E-03  2.49669333E-03  2.26631617E-03  4.17931247E-03  0.00000000E+00
   39000 -7.74328933E-03  3.73109313E-03 -8.02412661E-03  1.17586646E-02  0.00000000E+00
   39100  1.44989229E-02 -4.94317759E-03  5.80087637E-03  1.63799858E-02  0.00000000E+00
   39200  6.26733354E-03 -6.26094136E-04 -3.98232516E-03  7.45187072E-03  0.00000000E+00
   39300 -7.10810751E-04  2.96194901E-03 -6.22143153E-04  3.10893165E-03  0.00000000E+00
   39400 -4.90916381E-03 -1.35085580E-02  7.47683831E-03  1.62013623E-02  0.00000000E+00
   39500  1.13204930E-03 -5.82040944E-03  4.59889515E-03  7.50390154E-03  0.00000000E+00
   39600  1.17510798E-02 -2.92766222E-03  7.96099479E-03  1.44926368E-02  0.00000000E+00
   39700  3.16660784E-03 -8.42888654E-03  3.31499037E-03  9.59493068E-03  0.00000000E+00
   39800 -2.06302492E-03 -5.84958419E-03  1.04567417E-02  1.21580078E-02  0.00000000E+00
   39900  5.06131330E-03 -2.48672515E-03  8.74073976E-04  5.70654883E-03  0.00000000E+00
   40000  2.16948204E-04  2.78137050E-04  2.14886468E-05  3.53395676E-04  0.00000000E+00
   40100  1.68783887E-03 -6.72030499E-03 -2.15409523E-03  7.25613020E-03  0.00000000E+00
   40200  1.08457981E-02 -9.87310616E-04 -5.19515108E-04  1.09030277E-02  0.00000000E+00
   40300  6.45327382E-03  4.11636895E-03 -1.31551009E-02  1.52199184E-02  0.00000000E+00
   40400 -4.86543282E-03  8.51097575E-04 -1.06025720E-02  1.16966378E-02  0.00000000E+00
   40500 -3.27684353E-04  4.67855747E-03 -4.63671298E-03  6.59510305E-03  0.00000000E+00
   40600  1.18384210E-02  9.96538893E-03  2.17495839E-03  1.56265042E-02  0.00000000E+00
   40700  1.31250783E-02 -6.43163298E-03  4.17603603E-03  1.52010809E-02  0.00000000E+00
   40800  5.48153785E-04 -3.58819833E-03  1.57956170E-02  1.62073180E-02  0.00000000E+00
   40900 -5.32006634E-03 -5.72855362E-03 -3.34549042E-03  8.50363090E-03  0.00000000E+00
   41000  5.30615346E-03 -2.64604708E-03 -3.31817865E-03  6.79464048E-03  0.00000000E+00
   41100 -1.32051623E-02 -7.35145109E-04  4.19927468E-03  1.38762623E-02  0.00000000E+00
   41200  1.56217856E-02  1.01664481E-02  8.15913857E-03  2.03462132E-02  0.00000000E+00
   41300 -2.06597005E-03  8.20197874E-03 -1.77629287E-02  1.96738995E-02  0.00000000E+00
   41400  1.05938411E-02  2.88718256E-04  2.22118409E-03  1.08280416E-02  0.00000000E+00
   41500  1.08021465E-02 -1.89243461E-03  9.52860204E-03  1.45279707E-02  0.00000000E+00
   41600 -3.82033133E-03  7.45956346E-04 -6.74961418E-03  7.79157711E-03  0.00000000E+00
   41700  4.76914327E-03 -1.55419557E-02  5.85841260E-03  1.72805704E-02  0.00000000E+00
   41800  6.00119729E-03  8.47337699E-03 -6.62627869E-03  1.23174695E-02  0.00000000E+00
   41900 -1.63250757E-03 -4.27616224E-03 -1.15117025E-02  1.23882985E-02  0.00000000E+00
   42000  6.76280420E-04 -8.37379978E-03  1.12945342E-02  1.40763767E-02  0.00000000E+00
   42100  7.90843651E-03 -5.13927907E-04  1.80601365E-05  7.92513824E-03  0.00000000E+00
   42200  3.03802704E-03 -2.78914312E-03  3.95706268E-03  5.71552909E-03  0.00000000E+00
   42300 -2.99024573E-03 -9.86457836E-04 -7.46076273E-03  8.09800278E-03  0.00000000E+00
   42400 -1.13292799E-02 -3.07982397E-03  8.81061089E-05  1.17407692E-02  0.00000000E+00
   42500  1.03521095E-02 -1.94733188E-02 -4.23070792E-03  2.24560728E-02  0.00000000E+00
   42600 -3.43606751E-03  9.26513267E-04 -1.16083678E-02  1.21416305E-02  0.00000000E+00
   42700 -1.19180561E-02 -1.01679745E-02  8.88651389E-03  1.80110493E-02  0.00000000E+00
   42800  1.11675911E-02  5.56339061E-03 -7.39329885E-03  1.45026644E-02  0.00000000E+00
   42900 -4.16148819E-05 -2.57426728E-04  7.00516574E-03  7.01001764E-03  0.00000000E+00
   43000 -7.93782161E-03  8.39051765E-03  3.77384790E-03  1.21512027E-02  0.00000000E+00
   43100  3.69531312E-03 -1.42018336E-02  9.72224079E-03  1.76031072E-02  0.00000000E+00
   43200 -3.57041311E-03 -9.52215982E-03 -1.58947092E-03  1.02929974E-02  0.00000000E+00
   43300  4.52766003E-03  6.58148011E-03  1.67039607E-04  7.99021201E-03  0.00000000E+00
   43400  1.96310280E-03 -2.04668446E-03  3.27331712E-03  4.33096928E-03  0.00000000E+00
   43500 -1.27389313E-03 -6.43487790E-03 -4.19029419E-03  7.78389508E-03  0.00000000E+00
   43600  8.12266156E-03  7.36254213E-03 -5.59009961E-03  1.23058470E-02  0.00000000E+00
   43700 -7.35432368E-03 -2.27315062E-03  1.33402020E-02  1.54017622E-02  0.00000000E+00
   43800 -5.05599120E-03  3.85925201E-03 -4.41562564E-03  7.74303706E-03  0.00000000E+00
   43900 -3.22735019E-03 -8.72004210E-03  1.02222018E-02  1.38184056E-02  0.00000000E+00
   44000 -9.70591499E-03  2.79161436E-03  2.31152779E-03  1.03605529E-02  0.00000000E+00
   44100  1.24286062E-02  9.29894981E-03 -2.90418904E-03  1.57916127E-02  0.00000000E+00
   44200  1.56241705E-04  6.97247544E-03 -3.45552240E-03  7.78334506E-03  0.00000000E+00
   44300 -2.41872335E-03  1.21259034E-02  1.66250986E-03  1.24760449E-02  0.00000000E+00
   44400 -1.10932924E-02  2.14011881E-03  4.85467376E-03  1.22967110E-02  0.00000000E+00
   44500 -1.78229842E-04 -5.71830780E-03  6.09730904E-04  5.75348431E-03  0.00000000E+00
   44600  7.15968104E-03 -1.39371899E-03  2.91289941E-03  7.85420067E-03  0.00000000E+00
   44700 -8.75355804E-04 -1.55687989E-03  1.28055728E-02  1.29295327E-02  0.00000000E+00
   44800 -1.05167073E-03  7.21391891E-03 -8.29087956E-03  1.10401685E-02  0.00000000E+00
   44900  6.66696224E-03 -3.41704122E-03  5.98910926E-03  9.59134954E-03  0.00000000E+00
   45000 -3.31465339E-03 -7.98449943E-04 -1.90639435E-02  1.93664243E-02  0.00000000E+00
   45100 -4.48578200E-03  2.48376127E-03 -5.32484253E-03  7.39224311E-03  0.00000000E+00
   45200 -4.02200825E-03  7.46711377E-03  5.49545164E-03  1.01061529E-02  0.00000000E+00
   45300  2.97488927E-03  1.68494275E-02  3.98143145E-03  1.75671560E-02  0.00000000E+00
   45400  3.68532384E-03 -3.29033412E-03  5.19869212E-04  4.96771320E-03  0.00000000E+00
   45500  9.98486372E-05 -4.10611291E-03  1.65941435E-03  4.42987460E-03  0.00000000E+00
   45600 -4.61424542E-03  3.58922273E-04  6.27308145E-03  7.79561651E-03  0.00000000E+00
   45700 -2.07132978E-03  8.06643486E-03 -7.53101676E-03  1.12282675E-02  0.00000000E+00
   45800  4.95225622E-03  1.77340686E-03 -2.88858910E-03  6.00114660E-03  0.00000000E+00
   45900  6.19017556E-03  4.83094396E-03  3.31543132E-03  8.52340177E-03  0.00000000E+00
   46000  3.70324072E-05 -3.13089626E-04  5.03123413E-03  5.04110240E-03  0.00000000E+00
   46100  3.69369802E-03 -1.29228591E-02  2.70216992E-05  1.34404026E-02  0.00000000E+00
   46200 -3.75788849E-03 -1.88447497E-03 -7.54028932E-03  8.63301424E-03  0.00000000E+00
   46300  2.04402635E-03 -6.51168071E-03  6.77966631E-04  6.85854709E-03  0.00000000E+00
   46400 -1.60776295E-02 -3.93948251E-03 -6.59169156E-03  1.78174097E-02  0.00000000E+00
   46500  1.40674034E-02 -2.77606100E-03 -4.91963379E-03  1.51591935E-02  0.00000000E+00
   46600 -9.82725295E-03 -5.16557119E-03  6.89430620E-03  1.30686451E-02  0.00000000E+00
   46700 -9.68994692E-03  1.04236602E-02  1.56557177E-03  1.43177784E-02  0.00000000E+00
   46800 -9.22198548E-03 -1.98010040E-03 -5.53992858E-03  1.09387670E-02  0.00000000E+00
   46900 -8.84328178E-03 -8.14726932E-03  6.05366852E-03  1.34621147E-02  0.00000000E+00
   47000 -4.09575541E-03 -1.99797655E-03 -1.12640149E-03  4.69424148E-03  0.00000000E+00
   47100 -1.10388560E-02 -1.66261807E-03  4.76680619E-03  1.21384959E-02  0.00000000E+00
   47200 -8.41139045E-03  2.46972359E-03  1.22904506E-02  1.50965625E-02  0.00000000E+00
   47300  2.93902871E-03 -6.25113942E-03  1.28662547E-03  7.02638163E-03  0.00000000E+00
   47400 -2.20970360E-04  6.04128898E-03  5.47452500E-03  8.15576020E-03  0.00000000E+00
   47500  1.56530970E-02 -1.20419495E-03 -8.41832802E-03  1.78139770E-02  0.00000000E+00
   47600  1.04568854E-02 -1.09905435E-03 -1.17359102E-03  1.05797773E-02  0.00000000E+00
   47700 -2.38623087E-03  2.21134038E-03 -4.91883975E-04  3.29029997E-03  0.00000000E+00
   47800 -5.64066624E-03 -2.18114707E-03 -1.41818233E-02  1.54174781E-02  0.00000000E+00
   47900 -2.12831824E-03 -7.93800857E-03  5.75335039E-03  1.00320865E-02  0.00000000E+00
   48000  1.01619865E-02  1.76709784E-03  9.62775027E-03  1.41096485E-02  0.00000000E+00
   48100  3.84049749E-03 -3.99251865E-03  4.65311704E-03  7.23471660E-03  0.00000000E+00
   48200 -3.31684646E-03 -2.91229056E-03  1.15064074E-02  1.23239733E-02  0.00000000E+00
   48300 -3.03737838E-03  6.83522054E-03  1.12415716E-02  1.35025493E-02  0.00000000E+00
   48400 -2.58013708E-03  6.78139687E-03  6.32435864E-03  9.62506951E-03  0.00000000E+00
   48500 -1.91369373E-02 -1.40719370E-02  6.31676300E-03  2.45793262E-02  0.00000000E+00
   48600 -2.56422270E-03 -8.09738727E-03 -1.85549949E-03  8.69400926E-03  0.00000000E+00
   48700  7.39688360E-03 -7.01029207E-04 -6.10469480E-03  9.61626890E-03  0.00000000E+00
   48800 -2.89141968E-03 -1.61768100E-03  1.09732471E-02  1.14625194E-02  0.00000000E+00
   48900 -6.55849179E-03  8.90755049E-03  2.89171040E-03  1.14332961E-02  0.00000000E+00
   49000  8.51790716E-03  2.93139848E-03  2.59196811E-03  9.37369395E-03  0.00000000E+00
   49100  5.17365792E-03  2.27372217E-03 -5.56422020E-03  7.93076889E-03  0.00000000E+00
   49200  4.38591145E-03  4.19522504E-03  3.54350219E-03  7.02798265E-03  0.00000000E+00
   49300 -2.09065368E-04 -3.62601643E-03  5.79872607E-03  6.84228964E-03  0.00000000E+00
   49400 -1.07599136E-02 -1.69778720E-03  3.07262160E-03  1.13180928E-02  0.00000000E+00
   49500  1.72770193E-06  6.61561875E-03 -7.38171945E-03  9.91242637E-03  0.00000000E+00
   49600  4.20102183E-03  2.53166447E-03  1.14281366E-02  1.24362461E-02  0.00000000E+00
   49700 -1.18568142E-02 -1.36570560E-02 -3.73592845E-04  1.80897428E-02  0.00000000E+00
   49800  2.86223944E-04  7.48957940E-03  7.40273647E-03  1.05345257E-02  0.00000000E+00
   49900  1.81860841E-04  2.76073209E-03 -4.82577052E-03  5.56262313E-03  0.00000000E+00
