   #Iter             <M>           <M^2>           <M^4>      U_{Binder}            \chi        C_v(tot)             <E>       <E_{exc}>       <E_{lsf}>
       1  1.27748224E-02  1.63196088E-04  2.66329632E-08  6.66666667E-01 -9.03776214E-19 -2.30674570E-15 -1.79693028E-01 -1.78182347E-01  0.00000000E+00
      11  1.07667057E-02  1.35466133E-04  2.53288823E-08  5.39920057E-01  1.41093275E-03  4.29331020E-02 -1.76893818E-01 -1.75076138E-01  0.00000000E+00
      21  8.89127382E-03  9.01491106E-05  1.17496284E-08  5.18074414E-01  8.00923635E-04  9.92368252E-02 -1.76030585E-01 -1.73877200E-01  0.00000000E+00
      31  9.97230929E-03  1.11637012E-04  1.75478476E-08  5.30661488E-01  8.80024280E-04  1.74447427E-01 -1.74792536E-01 -1.72663562E-01  0.00000000E+00
      41  1.01259290E-02  1.17990969E-04  2.13176293E-08  4.89588895E-01  1.11583729E-03  1.33526487E-01 -1.75007649E-01 -1.72988352E-01  0.00000000E+00
      51  1.10501629E-02  1.38352245E-04  2.79439179E-08  5.13375892E-01  1.17284107E-03  1.89667032E-01 -1.75867771E-01 -1.73867772E-01  0.00000000E+00
      61  1.09167693E-02  1.38948231E-04  2.90965081E-08  4.97641711E-01  1.42740680E-03  1.57005149E-01 -1.76022596E-01 -1.73984142E-01  0.00000000E+00
      71  1.07946555E-02  1.36280081E-04  2.88394984E-08  4.82391165E-01  1.42618783E-03  1.63040070E-01 -1.75937150E-01 -1.73955833E-01  0.00000000E+00
      81  1.07349174E-02  1.35758244E-04  2.89873535E-08  4.75730146E-01  1.48136403E-03  1.46000105E-01 -1.76234033E-01 -1.74249880E-01  0.00000000E+00
      91  1.06666977E-02  1.33312395E-04  2.79743162E-08  4.75316797E-01  1.41019449E-03  1.49643375E-01 -1.76295474E-01 -1.74326172E-01  0.00000000E+00
     101  1.06674667E-02  1.31297916E-04  2.62826647E-08  4.91802560E-01  1.26358101E-03  1.41197392E-01 -1.75944489E-01 -1.73952954E-01  0.00000000E+00
     111  1.10043363E-02  1.38256004E-04  2.77761225E-08  5.15624280E-01  1.23885634E-03  1.75562133E-01 -1.75583014E-01 -1.73601910E-01  0.00000000E+00
     121  1.08989402E-02  1.35009866E-04  2.64051965E-08  5.17122316E-01  1.17116799E-03  1.67515748E-01 -1.75758602E-01 -1.73796640E-01  0.00000000E+00
     131  1.12327548E-02  1.45856071E-04  3.38501894E-08  4.69615499E-01  1.42083105E-03  1.67537939E-01 -1.75317028E-01 -1.73341658E-01  0.00000000E+00
     141  1.11262969E-02  1.43810295E-04  3.32383094E-08  4.64280180E-01  1.44498079E-03  1.58581866E-01 -1.75392395E-01 -1.73406624E-01  0.00000000E+00
     151  1.12366935E-02  1.45258565E-04  3.28199628E-08  4.81518419E-01  1.37130674E-03  1.72071527E-01 -1.75159247E-01 -1.73168808E-01  0.00000000E+00
     161  1.10143428E-02  1.40701277E-04  3.12324878E-08  4.74116861E-01  1.39947941E-03  1.64328018E-01 -1.75296935E-01 -1.73306328E-01  0.00000000E+00
     171  1.11027156E-02  1.43458003E-04  3.23864553E-08  4.75443103E-01  1.45739038E-03  1.66809647E-01 -1.75381023E-01 -1.73380430E-01  0.00000000E+00
     181  1.09521076E-02  1.41168088E-04  3.19922919E-08  4.64880184E-01  1.53187198E-03  1.52843491E-01 -1.75440884E-01 -1.73417105E-01  0.00000000E+00
     191  1.08590124E-02  1.38761179E-04  3.09551162E-08  4.64110530E-01  1.50469907E-03  1.60731522E-01 -1.75355542E-01 -1.73338366E-01  0.00000000E+00
     201  1.05830050E-02  1.32370306E-04  2.87464912E-08  4.53132089E-01  1.47057276E-03  1.62027158E-01 -1.75370472E-01 -1.73361147E-01  0.00000000E+00
     211  1.07841562E-02  1.37076264E-04  3.07305228E-08  4.54839755E-01  1.50002172E-03  1.58962993E-01 -1.75454197E-01 -1.73450739E-01  0.00000000E+00
     221  1.06749851E-02  1.34527680E-04  2.97696694E-08  4.51685851E-01  1.48516003E-03  1.70586010E-01 -1.75579233E-01 -1.73577992E-01  0.00000000E+00
     231  1.08839009E-02  1.38817542E-04  3.08817318E-08  4.65814995E-01  1.46970154E-03  1.76356293E-01 -1.75782523E-01 -1.73782850E-01  0.00000000E+00
     241  1.08007843E-02  1.36855199E-04  2.99023904E-08  4.67815710E-01  1.45815188E-03  1.77773684E-01 -1.75492920E-01 -1.73486865E-01  0.00000000E+00
     251  1.07959129E-02  1.37747560E-04  3.18838599E-08  4.39879058E-01  1.53016803E-03  1.73689600E-01 -1.75533583E-01 -1.73534131E-01  0.00000000E+00
     261  1.08501513E-02  1.39335871E-04  3.23447407E-08  4.44663080E-01  1.56007455E-03  1.79584271E-01 -1.75479605E-01 -1.73473518E-01  0.00000000E+00
     271  1.07423992E-02  1.36955103E-04  3.16036191E-08  4.38358581E-01  1.55616724E-03  1.76963781E-01 -1.75349921E-01 -1.73345963E-01  0.00000000E+00
     281  1.06985203E-02  1.36036686E-04  3.13025628E-08  4.36172113E-01  1.55778343E-03  1.77053425E-01 -1.75498471E-01 -1.73474390E-01  0.00000000E+00
     291  1.05297103E-02  1.32326574E-04  3.00500675E-08  4.27955179E-01  1.54864571E-03  1.72465539E-01 -1.75521509E-01 -1.73506742E-01  0.00000000E+00
     301  1.05193426E-02  1.31881693E-04  2.95196986E-08  4.34253806E-01  1.53228334E-03  1.77541922E-01 -1.75458728E-01 -1.73438239E-01  0.00000000E+00
     311  1.07128405E-02  1.37316201E-04  3.26537223E-08  4.22744761E-01  1.62801886E-03  1.83758173E-01 -1.75558303E-01 -1.73550171E-01  0.00000000E+00
     321  1.07580541E-02  1.38070051E-04  3.26186225E-08  4.29644817E-01  1.61235856E-03  1.81998550E-01 -1.75705340E-01 -1.73693869E-01  0.00000000E+00
     331  1.06661025E-02  1.35724856E-04  3.16950730E-08  4.26475837E-01  1.58527156E-03  1.82135225E-01 -1.75811669E-01 -1.73796889E-01  0.00000000E+00
     341  1.06560214E-02  1.35019866E-04  3.10532699E-08  4.32206077E-01  1.54989459E-03  1.84330667E-01 -1.75778898E-01 -1.73755173E-01  0.00000000E+00
     351  1.07616027E-02  1.37296109E-04  3.14861848E-08  4.43221667E-01  1.55097330E-03  1.86977579E-01 -1.75759122E-01 -1.73726206E-01  0.00000000E+00
     361  1.07644853E-02  1.36878933E-04  3.10066412E-08  4.48354286E-01  1.51637696E-03  1.90153977E-01 -1.75778956E-01 -1.73759919E-01  0.00000000E+00
     371  1.08469671E-02  1.38338223E-04  3.12049790E-08  4.56476586E-01  1.49304007E-03  1.82457933E-01 -1.75775797E-01 -1.73756454E-01  0.00000000E+00
     381  1.07257915E-02  1.35854463E-04  3.03494406E-08  4.51872472E-01  1.50244896E-03  1.81018712E-01 -1.75805201E-01 -1.73774064E-01  0.00000000E+00
     391  1.06363876E-02  1.33535063E-04  2.93654933E-08  4.51059323E-01  1.47288362E-03  1.74624452E-01 -1.75822915E-01 -1.73782816E-01  0.00000000E+00
     401  1.06267959E-02  1.32904644E-04  2.88191803E-08  4.56148844E-01  1.44209594E-03  1.73360249E-01 -1.75828705E-01 -1.73787816E-01  0.00000000E+00
     411  1.06909914E-02  1.34517997E-04  2.92583791E-08  4.61025494E-01  1.45977193E-03  1.73815304E-01 -1.75812756E-01 -1.73763682E-01  0.00000000E+00
     421  1.07297737E-02  1.35545860E-04  2.97074016E-08  4.61022174E-01  1.47400212E-03  1.74444239E-01 -1.75906208E-01 -1.73850624E-01  0.00000000E+00
     431  1.07799515E-02  1.36500515E-04  2.99082318E-08  4.64941948E-01  1.46500311E-03  1.80174965E-01 -1.75976436E-01 -1.73911699E-01  0.00000000E+00
     441  1.07691439E-02  1.36537618E-04  3.00775476E-08  4.62205296E-01  1.48449473E-03  1.75937691E-01 -1.75932841E-01 -1.73874302E-01  0.00000000E+00
     451  1.07582928E-02  1.36183291E-04  2.98412124E-08  4.63650898E-01  1.47577883E-03  1.77013479E-01 -1.75995331E-01 -1.73936975E-01  0.00000000E+00
     461  1.07095952E-02  1.34778786E-04  2.92071759E-08  4.64048821E-01  1.44985686E-03  1.75436547E-01 -1.76030632E-01 -1.73975331E-01  0.00000000E+00
     471  1.08075778E-02  1.37291781E-04  3.03316273E-08  4.63604187E-01  1.47907205E-03  1.75594798E-01 -1.76167259E-01 -1.74108587E-01  0.00000000E+00
     481  1.08702608E-02  1.38601166E-04  3.06417872E-08  4.68309295E-01  1.47550231E-03  1.73747917E-01 -1.76129986E-01 -1.74077410E-01  0.00000000E+00
     491  1.08073559E-02  1.37868102E-04  3.06577034E-08  4.62360993E-01  1.52102407E-03  1.71638226E-01 -1.76116478E-01 -1.74064174E-01  0.00000000E+00
     501  1.08425313E-02  1.38149574E-04  3.04247269E-08  4.68618621E-01  1.48636676E-03  1.69351499E-01 -1.76104267E-01 -1.74046483E-01  0.00000000E+00
     511  1.08622620E-02  1.38426116E-04  3.04177259E-08  4.70861429E-01  1.47541464E-03  1.71029921E-01 -1.76163666E-01 -1.74109095E-01  0.00000000E+00
     521  1.07213262E-02  1.35409318E-04  2.94757310E-08  4.64146309E-01  1.47722670E-03  1.68527405E-01 -1.76203101E-01 -1.74152958E-01  0.00000000E+00
     531  1.06889715E-02  1.34651354E-04  2.92249360E-08  4.62707395E-01  1.47251697E-03  1.71636985E-01 -1.76107459E-01 -1.74057718E-01  0.00000000E+00
     541  1.06232257E-02  1.32936996E-04  2.85619865E-08  4.61264697E-01  1.44990847E-03  1.72249726E-01 -1.76149564E-01 -1.74099776E-01  0.00000000E+00
     551  1.05666332E-02  1.31598548E-04  2.80380034E-08  4.60335771E-01  1.43985502E-03  1.74728128E-01 -1.76158580E-01 -1.74109597E-01  0.00000000E+00
     561  1.04928931E-02  1.29880006E-04  2.74337727E-08  4.57899660E-01  1.42789922E-03  1.73767685E-01 -1.76132676E-01 -1.74078552E-01  0.00000000E+00
     571  1.05134239E-02  1.30555272E-04  2.78168025E-08  4.56002220E-01  1.44551334E-03  1.72096277E-01 -1.76102491E-01 -1.74048752E-01  0.00000000E+00
     581  1.04839402E-02  1.30512187E-04  2.85094320E-08  4.42088673E-01  1.48709545E-03  1.72564532E-01 -1.76051488E-01 -1.73997239E-01  0.00000000E+00
     591  1.04797167E-02  1.30499617E-04  2.85020575E-08  4.42125536E-01  1.49257999E-03  1.74271203E-01 -1.75951204E-01 -1.73891128E-01  0.00000000E+00
     601  1.04765054E-02  1.30493958E-04  2.84572803E-08  4.42953657E-01  1.49702969E-03  1.77712499E-01 -1.76038756E-01 -1.73981336E-01  0.00000000E+00
     611  1.05128923E-02  1.31454772E-04  2.89434698E-08  4.41688434E-01  1.51125699E-03  1.76007095E-01 -1.76024358E-01 -1.73962600E-01  0.00000000E+00
     621  1.05807551E-02  1.32602517E-04  2.91010069E-08  4.48325101E-01  1.49077397E-03  1.75093152E-01 -1.76073090E-01 -1.74006481E-01  0.00000000E+00
     631  1.05406919E-02  1.31703131E-04  2.87238249E-08  4.48013046E-01  1.48693382E-03  1.73057205E-01 -1.76042135E-01 -1.73981354E-01  0.00000000E+00
     641  1.05752630E-02  1.32598303E-04  2.90953805E-08  4.48396698E-01  1.49885782E-03  1.79536555E-01 -1.76024840E-01 -1.73971491E-01  0.00000000E+00
     651  1.06113346E-02  1.33904130E-04  2.99801398E-08  4.42654561E-01  1.53795654E-03  1.79336411E-01 -1.76045740E-01 -1.73994741E-01  0.00000000E+00
     661  1.06213965E-02  1.34388671E-04  3.01607834E-08  4.43332269E-01  1.55751324E-03  1.76204078E-01 -1.76017977E-01 -1.73967111E-01  0.00000000E+00
     671  1.06532350E-02  1.34681567E-04  2.99785661E-08  4.49099351E-01  1.52975849E-03  1.73171402E-01 -1.75998893E-01 -1.73946760E-01  0.00000000E+00
     681  1.06640439E-02  1.35188123E-04  3.03462739E-08  4.46513488E-01  1.54969369E-03  1.70773624E-01 -1.75989495E-01 -1.73938385E-01  0.00000000E+00
     691  1.07094358E-02  1.36279167E-04  3.08034658E-08  4.47134631E-01  1.55841887E-03  1.77014575E-01 -1.75904500E-01 -1.73859494E-01  0.00000000E+00
     701  1.07388807E-02  1.36980024E-04  3.10984632E-08  4.47537001E-01  1.56342264E-03  1.74307890E-01 -1.75903589E-01 -1.73855295E-01  0.00000000E+00
     711  1.06709101E-02  1.35767178E-04  3.08041368E-08  4.42944833E-01  1.58092128E-03  1.70443176E-01 -1.75945125E-01 -1.73897363E-01  0.00000000E+00
     721  1.06433569E-02  1.35171584E-04  3.05262581E-08  4.43094498E-01  1.58032087E-03  1.72234890E-01 -1.75989444E-01 -1.73940034E-01  0.00000000E+00
     731  1.06493668E-02  1.34936919E-04  3.02728584E-08  4.45794803E-01  1.55414182E-03  1.71065624E-01 -1.76033011E-01 -1.73981330E-01  0.00000000E+00
     741  1.06924042E-02  1.35668450E-04  3.03637435E-08  4.50109353E-01  1.54064449E-03  1.70919321E-01 -1.76045647E-01 -1.73993123E-01  0.00000000E+00
     751  1.06952031E-02  1.35721337E-04  3.04221201E-08  4.49481440E-01  1.54014101E-03  1.71544529E-01 -1.76128512E-01 -1.74078448E-01  0.00000000E+00
     761  1.07604575E-02  1.37544904E-04  3.17383834E-08  4.40790503E-01  1.57071366E-03  1.70668372E-01 -1.76128628E-01 -1.74076777E-01  0.00000000E+00
     771  1.07381608E-02  1.36854523E-04  3.13508813E-08  4.42030849E-01  1.55547874E-03  1.69800362E-01 -1.76147843E-01 -1.74092948E-01  0.00000000E+00
     781  1.07004178E-02  1.36328155E-04  3.15455117E-08  4.34223106E-01  1.57589371E-03  1.68988102E-01 -1.76089204E-01 -1.74032598E-01  0.00000000E+00
     791  1.06858555E-02  1.35846788E-04  3.12862769E-08  4.34888847E-01  1.56362598E-03  1.70092495E-01 -1.76071007E-01 -1.74012492E-01  0.00000000E+00
     801  1.06249913E-02  1.34581972E-04  3.08381721E-08  4.32463763E-01  1.56595429E-03  1.71393471E-01 -1.76058273E-01 -1.74003176E-01  0.00000000E+00
     811  1.05912875E-02  1.33553977E-04  3.03530340E-08  4.32759541E-01  1.54336347E-03  1.72571280E-01 -1.76043328E-01 -1.73983000E-01  0.00000000E+00
     821  1.06081393E-02  1.34166598E-04  3.07207510E-08  4.31118569E-01  1.56179931E-03  1.69485796E-01 -1.76031233E-01 -1.73970424E-01  0.00000000E+00
     831  1.06314762E-02  1.34475779E-04  3.06453058E-08  4.35122120E-01  1.54833661E-03  1.69068173E-01 -1.76031882E-01 -1.73972862E-01  0.00000000E+00
     841  1.06162905E-02  1.33824004E-04  3.02437744E-08  4.37079979E-01  1.52457720E-03  1.68663584E-01 -1.76046331E-01 -1.73986919E-01  0.00000000E+00
     851  1.06439244E-02  1.34930956E-04  3.12646457E-08  4.27587562E-01  1.56207731E-03  1.67865519E-01 -1.76055025E-01 -1.73994428E-01  0.00000000E+00
     861  1.06412175E-02  1.34675205E-04  3.10696594E-08  4.28994956E-01  1.54777366E-03  1.73054191E-01 -1.76007659E-01 -1.73945881E-01  0.00000000E+00
     871  1.06227231E-02  1.34269499E-04  3.08798720E-08  4.29048131E-01  1.54687548E-03  1.71958200E-01 -1.76012004E-01 -1.73949744E-01  0.00000000E+00
     881  1.06723626E-02  1.35465012E-04  3.14206463E-08  4.29258329E-01  1.55686935E-03  1.71526133E-01 -1.76031360E-01 -1.73971931E-01  0.00000000E+00
     891  1.07288008E-02  1.36976865E-04  3.22146949E-08  4.27680792E-01  1.57881640E-03  1.73321390E-01 -1.76030106E-01 -1.73972739E-01  0.00000000E+00
     901  1.07501570E-02  1.37183268E-04  3.21180782E-08  4.31113000E-01  1.56060200E-03  1.70947494E-01 -1.76051494E-01 -1.73996654E-01  0.00000000E+00
     911  1.07289447E-02  1.36674354E-04  3.19082621E-08  4.30612622E-01  1.55675467E-03  1.69567232E-01 -1.76050398E-01 -1.73993688E-01  0.00000000E+00
     921  1.07203094E-02  1.36563397E-04  3.18692065E-08  4.30385060E-01  1.56211585E-03  1.71783206E-01 -1.76078125E-01 -1.74019459E-01  0.00000000E+00
     931  1.07693371E-02  1.37525410E-04  3.20626429E-08  4.34917095E-01  1.55550486E-03  1.71196224E-01 -1.76103702E-01 -1.74048837E-01  0.00000000E+00
     941  1.07802652E-02  1.37804458E-04  3.21316775E-08  4.35991553E-01  1.55864899E-03  1.68779229E-01 -1.76112371E-01 -1.74057636E-01  0.00000000E+00
     951  1.07341833E-02  1.36928272E-04  3.18479686E-08  4.33794317E-01  1.56696852E-03  1.67341333E-01 -1.76116563E-01 -1.74062284E-01  0.00000000E+00
     961  1.06942287E-02  1.35964290E-04  3.14919608E-08  4.32156411E-01  1.55918479E-03  1.69905424E-01 -1.76129329E-01 -1.74070627E-01  0.00000000E+00
     971  1.07181200E-02  1.36320283E-04  3.14876655E-08  4.35195367E-01  1.54795355E-03  1.69094302E-01 -1.76115118E-01 -1.74053246E-01  0.00000000E+00
     981  1.06671019E-02  1.35119953E-04  3.10142787E-08  4.33758812E-01  1.54006327E-03  1.68460367E-01 -1.76105849E-01 -1.74045103E-01  0.00000000E+00
     991  1.06589053E-02  1.34902155E-04  3.08547266E-08  4.34851377E-01  1.53695909E-03  1.67091480E-01 -1.76100461E-01 -1.74043685E-01  0.00000000E+00
