 --------------------------------------------------------------
             __  __          ___   _______    ____  ___        
            / / / /__  ___  / _ | / __/ _ \  / __/ / _ \       
           / /_/ / _ \/ _ \/ __ |_\ \/ // / / _ \_/ // /       
           \____/ .__/ .__/_/ |_/___/____/  \___(_)___/        
               /_/  /_/                                        
 --------------------------------------------------------------
                https://github.com/UppASD/UppASD               
 --------------------------------------------------------------
              Division of Materials Theory                     
              Department of Physics and Astronomy              
              Uppsala University                               
              Sweden                                           
 ---------------------Production-version-----------------------
 Git revision: 
 --------------------------------------------------------------
 RNG: Mersenne-Twister (mtprng)
 --------------------------------------------------------------
 Execution Date: 20/12/2025  Execution Time: 20:11:49:778
 --------------------------------------------------------------
 Using OpenMP with 16  threads out of 16 possible.
 --------------------------------------------------------------
 Read input file using new format
 done.
  Set up types of atoms done
  Set up chemical information of alloy done
  Set up global coordinates done
  Set up damping
  done
  Set up temperature
  done
 Write input data done.
 Set up Hamiltonian
  Set up neighbour map for exchange nntype           1          32
 done
  Mount Heisenberg Hamiltonian done
  Set up anisotropies done
  Calculate mean-field estimate of Tc:   621.6 K.
  Max eigenvalue:    80.353 meV
  Set up neighbour map for Dzyaloshinskii-Moriya exchange done
  Mount Dzyaloshinskii-Moriya Hamiltonian done
 Initialize metatype 
 Initialize magnetic moments 
  Start random init spins  done
 Enter initial phase:  S 
  Performing initial phase:  1    Temp.   500.0       nsteps      50000       dt     0.1000E-14   lambda      1.000         0.000    
  IP  1   10% done. Mbar:  0.078886
  IP  1   20% done. Mbar:  0.062306
  IP  1   30% done. Mbar:  0.046789
  IP  1   40% done. Mbar:  0.047457
  IP  1   50% done. Mbar:  0.085639
  IP  1   60% done. Mbar:  0.159682
  IP  1   70% done. Mbar:  0.099803
  IP  1   80% done. Mbar:  0.076089
  IP  1   90% done. Mbar:  0.128533
  IP  1  100% done. Mbar:  0.029554
  Performing initial phase:  2    Temp.   400.0       nsteps      50000       dt     0.1000E-14   lambda      1.000         0.000    
  IP  2   10% done. Mbar:  0.108209
  IP  2   20% done. Mbar:  0.134039
  IP  2   30% done. Mbar:  0.102717
  IP  2   40% done. Mbar:  0.034301
  IP  2   50% done. Mbar:  0.058535
  IP  2   60% done. Mbar:  0.040390
  IP  2   70% done. Mbar:  0.128180
  IP  2   80% done. Mbar:  0.098358
  IP  2   90% done. Mbar:  0.060873
  IP  2  100% done. Mbar:  0.066949
  Performing initial phase:  3    Temp.   300.0       nsteps      50000       dt     0.1000E-14   lambda      1.000         0.000    
  IP  3   10% done. Mbar:  0.205421
  IP  3   20% done. Mbar:  0.111387
  IP  3   30% done. Mbar:  0.180339
  IP  3   40% done. Mbar:  0.220318
  IP  3   50% done. Mbar:  0.139735
  IP  3   60% done. Mbar:  0.176212
  IP  3   70% done. Mbar:  0.169838
  IP  3   80% done. Mbar:  0.308886
  IP  3   90% done. Mbar:  0.135512
  IP  3  100% done. Mbar:  0.266558
  Performing initial phase:  4    Temp.   200.0       nsteps      50000       dt     0.1000E-14   lambda      1.000         0.000    
  IP  4   10% done. Mbar:  0.282592
  IP  4   20% done. Mbar:  0.249971
  IP  4   30% done. Mbar:  0.253782
  IP  4   40% done. Mbar:  0.300294
  IP  4   50% done. Mbar:  0.243302
  IP  4   60% done. Mbar:  0.329868
  IP  4   70% done. Mbar:  0.204387
  IP  4   80% done. Mbar:  0.216372
  IP  4   90% done. Mbar:  0.259608
  IP  4  100% done. Mbar:  0.340335
  Performing initial phase:  5    Temp.   100.0       nsteps      50000       dt     0.1000E-14   lambda      1.000         0.000    
  IP  5   10% done. Mbar:  0.326794
  IP  5   20% done. Mbar:  0.300075
  IP  5   30% done. Mbar:  0.253728
  IP  5   40% done. Mbar:  0.286047
  IP  5   50% done. Mbar:  0.289650
  IP  5   60% done. Mbar:  0.295363
  IP  5   70% done. Mbar:  0.335102
  IP  5   80% done. Mbar:  0.345990
  IP  5   90% done. Mbar:  0.286520
  IP  5  100% done. Mbar:  0.307175
 Enter measurement phase:
 ------------------------------------------
            Simulation data                
 ------------------------------------------
  Number of atoms   10000
  Number of ensembles   1
  Gradient: N
  Temperature:    0.00 K
  Number of simulation steps:    500000
  Time step:  1000.    as
  Simulation time:  500.0    ps
  Damping parameter:  1.000    
  Sample averages: Y
  Sample moments: Y
  Spin correlation: N
 ------------------------------------------
         Progress of simulation:           
  MP   5% done. Mbar:  0.309855. Ebar:   -6.085859. U: 0.66656. 
  MP  10% done. Mbar:  0.308658. Ebar:   -6.086520. U: 0.66654. 
  MP  15% done. Mbar:  0.291867. Ebar:   -6.087906. U: 0.66600. 
  MP  20% done. Mbar:  0.288893. Ebar:   -6.088334. U: 0.66568. 
  MP  25% done. Mbar:  0.287477. Ebar:   -6.088470. U: 0.66559. 
  MP  30% done. Mbar:  0.286981. Ebar:   -6.088488. U: 0.66569. 
  MP  35% done. Mbar:  0.286797. Ebar:   -6.088494. U: 0.66583. 
  MP  40% done. Mbar:  0.286730. Ebar:   -6.088497. U: 0.66596. 
  MP  45% done. Mbar:  0.286714. Ebar:   -6.088499. U: 0.66608. 
  MP  50% done. Mbar:  0.286721. Ebar:   -6.088501. U: 0.66617. 
  MP  55% done. Mbar:  0.286739. Ebar:   -6.088503. U: 0.66624. 
  MP  60% done. Mbar:  0.286762. Ebar:   -6.088504. U: 0.66630. 
  MP  65% done. Mbar:  0.286787. Ebar:   -6.088505. U: 0.66635. 
  MP  70% done. Mbar:  0.286811. Ebar:   -6.088506. U: 0.66639. 
  MP  75% done. Mbar:  0.286836. Ebar:   -6.088507. U: 0.66642. 
  MP  80% done. Mbar:  0.286858. Ebar:   -6.088508. U: 0.66645. 
  MP  85% done. Mbar:  0.286880. Ebar:   -6.088509. U: 0.66647. 
  MP  90% done. Mbar:  0.286900. Ebar:   -6.088509. U: 0.66649. 
  MP  95% done. Mbar:  0.286918. Ebar:   -6.088510. U: 0.66651. 
  MP 100% done. Mbar:  0.286935. Ebar:   -6.088510. U: 0.66653. 
 Simulation finished
 ----------------TIME CONSUMPTION REPORT----------------------
 CATEGORY                 TIME(sec)           PERCENT
   Startup                 4.00E-02               0.0
   Initial                 1.66E+01               1.3
   Measurement             7.31E+01               5.7
   Hamiltonian             3.48E+02              26.9
   Evolution               2.75E+02              21.2
   RNG                     5.03E+02              38.9
   Energy                  9.17E+00               0.7
   Moments                 2.62E+01               2.0
   PrintRestart            9.22E-03               0.0
   SpinCorr                3.15E+00               0.2
 -------------------------------------------------------------
 Total wall time           1.29E+03      Sampled percent  97.0
 --------------MAIN PROGRAM PHASES TIME REPORT----------------
 CATEGORY                   EXECUTION TIME    TOTAL CPU TIME
  Time for initialization :           0.08              0.64
  Time for initial phase  :         416.23           6256.10
  Time for meas. phase    :         974.62          14427.68
  Time for cleanup        :           0.01              0.11
 -------------------------------------------------------------
  Time total              :        1390.94          20684.54
  Time for one meas. iter :           0.00              0.03
 -------------------MEMORY CONSUMPTION REPORT-----------------------
 126 allocations and 125 deallocations, remaining memory(B):24
 Memory occupation peak: 49692 kB
 For the array: "red_atom_list" in routine "magninit"
 -----------------END MEMORY CONSUMPTION REPORT---------------------
