 --------------------------------------------------------------
             __  __          ___   _______    ____  ___        
            / / / /__  ___  / _ | / __/ _ \  / __/ / _ \       
           / /_/ / _ \/ _ \/ __ |_\ \/ // / / _ \_/ // /       
           \____/ .__/ .__/_/ |_/___/____/  \___(_)___/        
               /_/  /_/                                        
 --------------------------------------------------------------
                https://github.com/UppASD/UppASD               
 --------------------------------------------------------------
              Division of Materials Theory                     
              Department of Physics and Astronomy              
              Uppsala University                               
              Sweden                                           
 ---------------------Production-version-----------------------
 Git revision: 
 --------------------------------------------------------------
 RNG: Mersenne-Twister (mtprng)
 --------------------------------------------------------------
 Execution Date: 22/12/2025  Execution Time: 23:41:11:834
 --------------------------------------------------------------
 Using OpenMP with 16  threads out of 16 possible.
 --------------------------------------------------------------
 Read input file using new format
 done.
  Set up types of atoms done
  Set up chemical information of alloy done
  Set up global coordinates done
  Set up damping
  done
  Set up temperature
  done
 Write input data done.
 Set up Hamiltonian
  Set up neighbour map for exchange nntype           1          32
 done
  Mount Heisenberg Hamiltonian done
  Set up anisotropies done
  Calculate mean-field estimate of Tc:   621.6 K.
  Max eigenvalue:    80.353 meV
  Set up neighbour map for Dzyaloshinskii-Moriya exchange done
  Mount Dzyaloshinskii-Moriya Hamiltonian done
 Initialize metatype 
 Initialize magnetic moments 
  Start random init spins  done
 Enter initial phase:  S 
  Performing initial phase:  1    Temp.   1000.       nsteps      50000       dt     0.1000E-14   lambda      1.000         0.000    
  IP  1   10% done. Mbar:  0.019648
  IP  1   20% done. Mbar:  0.022630
  IP  1   30% done. Mbar:  0.032067
  IP  1   40% done. Mbar:  0.022704
  IP  1   50% done. Mbar:  0.058115
  IP  1   60% done. Mbar:  0.052776
  IP  1   70% done. Mbar:  0.055720
  IP  1   80% done. Mbar:  0.036452
  IP  1   90% done. Mbar:  0.023508
  IP  1  100% done. Mbar:  0.039437
  Performing initial phase:  2    Temp.   900.0       nsteps      50000       dt     0.1000E-14   lambda      1.000         0.000    
  IP  2   10% done. Mbar:  0.052897
  IP  2   20% done. Mbar:  0.079917
  IP  2   30% done. Mbar:  0.028444
  IP  2   40% done. Mbar:  0.049446
  IP  2   50% done. Mbar:  0.059023
  IP  2   60% done. Mbar:  0.031580
  IP  2   70% done. Mbar:  0.041154
  IP  2   80% done. Mbar:  0.028656
  IP  2   90% done. Mbar:  0.028355
  IP  2  100% done. Mbar:  0.049976
  Performing initial phase:  3    Temp.   800.0       nsteps      50000       dt     0.1000E-14   lambda      1.000         0.000    
  IP  3   10% done. Mbar:  0.050689
  IP  3   20% done. Mbar:  0.004707
  IP  3   30% done. Mbar:  0.024922
  IP  3   40% done. Mbar:  0.014032
  IP  3   50% done. Mbar:  0.045181
  IP  3   60% done. Mbar:  0.048486
  IP  3   70% done. Mbar:  0.026642
  IP  3   80% done. Mbar:  0.073786
  IP  3   90% done. Mbar:  0.049247
  IP  3  100% done. Mbar:  0.027533
  Performing initial phase:  4    Temp.   700.0       nsteps      50000       dt     0.1000E-14   lambda      1.000         0.000    
  IP  4   10% done. Mbar:  0.017476
  IP  4   20% done. Mbar:  0.067925
  IP  4   30% done. Mbar:  0.058017
  IP  4   40% done. Mbar:  0.024702
  IP  4   50% done. Mbar:  0.037015
  IP  4   60% done. Mbar:  0.035288
  IP  4   70% done. Mbar:  0.026056
  IP  4   80% done. Mbar:  0.038010
  IP  4   90% done. Mbar:  0.031957
  IP  4  100% done. Mbar:  0.077356
  Performing initial phase:  5    Temp.   600.0       nsteps      50000       dt     0.1000E-14   lambda      1.000         0.000    
  IP  5   10% done. Mbar:  0.016851
  IP  5   20% done. Mbar:  0.065969
  IP  5   30% done. Mbar:  0.053351
  IP  5   40% done. Mbar:  0.068529
  IP  5   50% done. Mbar:  0.049393
  IP  5   60% done. Mbar:  0.021817
  IP  5   70% done. Mbar:  0.078874
  IP  5   80% done. Mbar:  0.076506
  IP  5   90% done. Mbar:  0.057091
  IP  5  100% done. Mbar:  0.024909
 Enter measurement phase:
 ------------------------------------------
            Simulation data                
 ------------------------------------------
  Number of atoms   10000
  Number of ensembles   1
  Gradient: N
  Temperature:  525.00 K
  Number of simulation steps:    500000
  Time step:  1000.    as
  Simulation time:  500.0    ps
  Damping parameter:  1.000    
  Sample averages: Y
  Sample moments: Y
  Spin correlation: N
 ------------------------------------------
         Progress of simulation:           
  MP   5% done. Mbar:  0.080302. Ebar:   -2.387850. U: 0.46371. 
  MP  10% done. Mbar:  0.065900. Ebar:   -2.432114. U: 0.45150. 
  MP  15% done. Mbar:  0.037579. Ebar:   -2.420991. U: 0.44544. 
  MP  20% done. Mbar:  0.061820. Ebar:   -2.421609. U: 0.43478. 
  MP  25% done. Mbar:  0.026560. Ebar:   -2.471167. U: 0.42681. 
  MP  30% done. Mbar:  0.053665. Ebar:   -2.448139. U: 0.44346. 
  MP  35% done. Mbar:  0.088428. Ebar:   -2.436795. U: 0.44352. 
  MP  40% done. Mbar:  0.051974. Ebar:   -2.497521. U: 0.44315. 
  MP  45% done. Mbar:  0.050432. Ebar:   -2.396079. U: 0.44338. 
  MP  50% done. Mbar:  0.071319. Ebar:   -2.482008. U: 0.44491. 
  MP  55% done. Mbar:  0.059678. Ebar:   -2.425946. U: 0.44545. 
  MP  60% done. Mbar:  0.052687. Ebar:   -2.509763. U: 0.43638. 
  MP  65% done. Mbar:  0.033985. Ebar:   -2.402156. U: 0.43927. 
  MP  70% done. Mbar:  0.058885. Ebar:   -2.438458. U: 0.44047. 
  MP  75% done. Mbar:  0.051405. Ebar:   -2.426754. U: 0.44057. 
  MP  80% done. Mbar:  0.058151. Ebar:   -2.513676. U: 0.44091. 
  MP  85% done. Mbar:  0.037405. Ebar:   -2.436761. U: 0.44281. 
  MP  90% done. Mbar:  0.041419. Ebar:   -2.412768. U: 0.44322. 
  MP  95% done. Mbar:  0.060364. Ebar:   -2.459683. U: 0.44535. 
  MP 100% done. Mbar:  0.045537. Ebar:   -2.465469. U: 0.44739. 
 Simulation finished
 ----------------TIME CONSUMPTION REPORT----------------------
 CATEGORY                 TIME(sec)           PERCENT
   Startup                 8.29E-02               0.0
   Initial                 1.97E+01               1.3
   Measurement             8.05E+01               5.2
   Hamiltonian             4.55E+02              29.3
   Evolution               3.19E+02              20.5
   RNG                     5.92E+02              38.1
   Energy                  1.42E+01               0.9
   Moments                 2.81E+01               1.8
   PrintRestart            9.04E-03               0.0
   SpinCorr                2.38E+00               0.2
 -------------------------------------------------------------
 Total wall time           1.55E+03      Sampled percent  97.3
 --------------MAIN PROGRAM PHASES TIME REPORT----------------
 CATEGORY                   EXECUTION TIME    TOTAL CPU TIME
  Time for initialization :           0.25              1.50
  Time for initial phase  :         470.52           7511.08
  Time for meas. phase    :        1126.73          17351.86
  Time for cleanup        :           0.14              0.10
 -------------------------------------------------------------
  Time total              :        1597.64          24864.54
  Time for one meas. iter :           0.00              0.03
 -------------------MEMORY CONSUMPTION REPORT-----------------------
 126 allocations and 125 deallocations, remaining memory(B):24
 Memory occupation peak: 49692 kB
 For the array: "red_atom_list" in routine "magninit"
 -----------------END MEMORY CONSUMPTION REPORT---------------------
