 --------------------------------------------------------------
             __  __          ___   _______    ____  ___        
            / / / /__  ___  / _ | / __/ _ \  / __/ / _ \       
           / /_/ / _ \/ _ \/ __ |_\ \/ // / / _ \_/ // /       
           \____/ .__/ .__/_/ |_/___/____/  \___(_)___/        
               /_/  /_/                                        
 --------------------------------------------------------------
                https://github.com/UppASD/UppASD               
 --------------------------------------------------------------
              Division of Materials Theory                     
              Department of Physics and Astronomy              
              Uppsala University                               
              Sweden                                           
 ---------------------Production-version-----------------------
 Git revision: 
 --------------------------------------------------------------
 RNG: Mersenne-Twister (mtprng)
 --------------------------------------------------------------
 Execution Date: 20/12/2025  Execution Time: 20:52:08:239
 --------------------------------------------------------------
 Using OpenMP with 16  threads out of 16 possible.
 --------------------------------------------------------------
 Read input file using new format
 done.
  Set up types of atoms done
  Set up chemical information of alloy done
  Set up global coordinates done
  Set up damping
  done
  Set up temperature
  done
 Write input data done.
 Set up Hamiltonian
  Set up neighbour map for exchange nntype           1          32
 done
  Mount Heisenberg Hamiltonian done
  Set up anisotropies done
  Calculate mean-field estimate of Tc:   621.6 K.
  Max eigenvalue:    80.353 meV
  Set up neighbour map for Dzyaloshinskii-Moriya exchange done
  Mount Dzyaloshinskii-Moriya Hamiltonian done
 Initialize metatype 
 Initialize magnetic moments 
  Start random init spins  done
 Enter initial phase:  S 
  Performing initial phase:  1    Temp.   500.0       nsteps      50000       dt     0.1000E-14   lambda      1.000         0.000    
  IP  1   10% done. Mbar:  0.213807
  IP  1   20% done. Mbar:  0.205269
  IP  1   30% done. Mbar:  0.167932
  IP  1   40% done. Mbar:  0.162906
  IP  1   50% done. Mbar:  0.193917
  IP  1   60% done. Mbar:  0.284212
  IP  1   70% done. Mbar:  0.165007
  IP  1   80% done. Mbar:  0.216948
  IP  1   90% done. Mbar:  0.212524
  IP  1  100% done. Mbar:  0.161876
  Performing initial phase:  2    Temp.   400.0       nsteps      50000       dt     0.1000E-14   lambda      1.000         0.000    
  IP  2   10% done. Mbar:  0.248443
  IP  2   20% done. Mbar:  0.357866
  IP  2   30% done. Mbar:  0.349705
  IP  2   40% done. Mbar:  0.274138
  IP  2   50% done. Mbar:  0.229625
  IP  2   60% done. Mbar:  0.298396
  IP  2   70% done. Mbar:  0.343325
  IP  2   80% done. Mbar:  0.344111
  IP  2   90% done. Mbar:  0.258048
  IP  2  100% done. Mbar:  0.319449
  Performing initial phase:  3    Temp.   300.0       nsteps      50000       dt     0.1000E-14   lambda      1.000         0.000    
  IP  3   10% done. Mbar:  0.580464
  IP  3   20% done. Mbar:  0.605949
  IP  3   30% done. Mbar:  0.706175
  IP  3   40% done. Mbar:  0.606030
  IP  3   50% done. Mbar:  0.617693
  IP  3   60% done. Mbar:  0.612825
  IP  3   70% done. Mbar:  0.670720
  IP  3   80% done. Mbar:  0.735828
  IP  3   90% done. Mbar:  0.568312
  IP  3  100% done. Mbar:  0.756863
  Performing initial phase:  4    Temp.   200.0       nsteps      50000       dt     0.1000E-14   lambda      1.000         0.000    
  IP  4   10% done. Mbar:  1.028447
  IP  4   20% done. Mbar:  0.963874
  IP  4   30% done. Mbar:  0.951571
  IP  4   40% done. Mbar:  0.941953
  IP  4   50% done. Mbar:  0.935306
  IP  4   60% done. Mbar:  0.912042
  IP  4   70% done. Mbar:  0.891974
  IP  4   80% done. Mbar:  0.907191
  IP  4   90% done. Mbar:  0.928645
  IP  4  100% done. Mbar:  1.004902
  Performing initial phase:  5    Temp.   100.0       nsteps      50000       dt     0.1000E-14   lambda      1.000         0.000    
  IP  5   10% done. Mbar:  1.010173
  IP  5   20% done. Mbar:  0.948680
  IP  5   30% done. Mbar:  0.959306
  IP  5   40% done. Mbar:  0.984257
  IP  5   50% done. Mbar:  0.985553
  IP  5   60% done. Mbar:  1.011142
  IP  5   70% done. Mbar:  0.972761
  IP  5   80% done. Mbar:  0.986715
  IP  5   90% done. Mbar:  0.934099
  IP  5  100% done. Mbar:  0.933129
 Enter measurement phase:
 ------------------------------------------
            Simulation data                
 ------------------------------------------
  Number of atoms   10000
  Number of ensembles   1
  Gradient: N
  Temperature:    0.00 K
  Number of simulation steps:    500000
  Time step:  1000.    as
  Simulation time:  500.0    ps
  Damping parameter:  1.000    
  Sample averages: Y
  Sample moments: Y
  Spin correlation: N
 ------------------------------------------
         Progress of simulation:           
  MP   5% done. Mbar:  0.910299. Ebar:   -6.101213. U: 0.66654. 
  MP  10% done. Mbar:  0.876569. Ebar:   -6.101859. U: 0.66630. 
  MP  15% done. Mbar:  0.861279. Ebar:   -6.102232. U: 0.66600. 
  MP  20% done. Mbar:  0.860905. Ebar:   -6.102298. U: 0.66610. 
  MP  25% done. Mbar:  0.861129. Ebar:   -6.102320. U: 0.66625. 
  MP  30% done. Mbar:  0.861237. Ebar:   -6.102328. U: 0.66635. 
  MP  35% done. Mbar:  0.861320. Ebar:   -6.102332. U: 0.66643. 
  MP  40% done. Mbar:  0.861394. Ebar:   -6.102334. U: 0.66648. 
  MP  45% done. Mbar:  0.861460. Ebar:   -6.102336. U: 0.66652. 
  MP  50% done. Mbar:  0.861523. Ebar:   -6.102339. U: 0.66654. 
  MP  55% done. Mbar:  0.861612. Ebar:   -6.102343. U: 0.66656. 
  MP  60% done. Mbar:  0.861829. Ebar:   -6.102351. U: 0.66658. 
  MP  65% done. Mbar:  0.862147. Ebar:   -6.102372. U: 0.66659. 
  MP  70% done. Mbar:  0.861785. Ebar:   -6.102386. U: 0.66660. 
  MP  75% done. Mbar:  0.861652. Ebar:   -6.102388. U: 0.66661. 
  MP  80% done. Mbar:  0.861647. Ebar:   -6.102389. U: 0.66662. 
  MP  85% done. Mbar:  0.861728. Ebar:   -6.102390. U: 0.66662. 
  MP  90% done. Mbar:  0.861933. Ebar:   -6.102393. U: 0.66663. 
  MP  95% done. Mbar:  0.861438. Ebar:   -6.102431. U: 0.66663. 
  MP 100% done. Mbar:  0.859845. Ebar:   -6.102535. U: 0.66663. 
 Simulation finished
 ----------------TIME CONSUMPTION REPORT----------------------
 CATEGORY                 TIME(sec)           PERCENT
   Startup                 3.89E-02               0.0
   Initial                 1.62E+01               1.3
   Measurement             6.70E+01               5.3
   Hamiltonian             3.38E+02              26.7
   Evolution               2.73E+02              21.6
   RNG                     4.99E+02              39.5
   Energy                  9.87E+00               0.8
   Moments                 2.50E+01               2.0
   PrintRestart            8.93E-03               0.0
   SpinCorr                1.97E+00               0.2
 -------------------------------------------------------------
 Total wall time           1.26E+03      Sampled percent  97.3
 --------------MAIN PROGRAM PHASES TIME REPORT----------------
 CATEGORY                   EXECUTION TIME    TOTAL CPU TIME
  Time for initialization :           0.08              0.62
  Time for initial phase  :         387.97           6207.28
  Time for meas. phase    :         914.29          14008.80
  Time for cleanup        :           0.01              0.10
 -------------------------------------------------------------
  Time total              :        1302.35          20216.79
  Time for one meas. iter :           0.00              0.03
 -------------------MEMORY CONSUMPTION REPORT-----------------------
 126 allocations and 125 deallocations, remaining memory(B):24
 Memory occupation peak: 49692 kB
 For the array: "red_atom_list" in routine "magninit"
 -----------------END MEMORY CONSUMPTION REPORT---------------------
