   #Iter           <M>_x           <M>_y           <M>_z             <M>        M_{stdv}
       0 -1.40510218E-02  3.63511194E-03  1.89725746E-02  2.38873154E-02  0.00000000E+00
     100 -1.15631819E-02 -8.24119615E-03 -1.15828632E-02  1.83244975E-02  0.00000000E+00
     200 -1.22587394E-03 -1.33857996E-02  1.14230654E-02  1.76399779E-02  0.00000000E+00
     300 -7.59536446E-03  6.58215552E-03 -9.21532142E-03  1.36358528E-02  0.00000000E+00
     400  8.35078624E-03 -1.98123253E-02 -1.67501393E-02  2.72549267E-02  0.00000000E+00
     500  6.04765592E-03  1.27895769E-02 -4.06132695E-03  1.47187566E-02  0.00000000E+00
     600 -1.90341408E-03  2.54523948E-03 -8.40071512E-05  3.17935314E-03  0.00000000E+00
     700  9.95591698E-03 -1.34158167E-03 -1.76224569E-02  2.02847507E-02  0.00000000E+00
     800 -1.21990007E-02 -1.48435443E-02 -3.11893710E-04  1.92157150E-02  0.00000000E+00
     900 -2.72906080E-04  5.56882065E-03 -2.86828579E-03  6.27003226E-03  0.00000000E+00
    1000 -1.31013269E-02 -2.98819843E-03 -2.59688188E-03  1.36864127E-02  0.00000000E+00
    1100 -6.56950694E-03 -2.12000855E-02 -2.13116639E-02  3.07699377E-02  0.00000000E+00
    1200 -1.07723295E-02  1.65536429E-02 -2.35508551E-03  1.98900127E-02  0.00000000E+00
    1300  6.82264296E-03  1.41763750E-02  1.15764262E-03  1.57752401E-02  0.00000000E+00
    1400  9.74065140E-04  1.07695241E-02 -3.27233102E-03  1.12977698E-02  0.00000000E+00
    1500  1.07082352E-02  5.96050088E-03  8.12501434E-03  1.47040719E-02  0.00000000E+00
    1600  1.61959988E-02 -5.97723512E-03  3.71498101E-03  1.76589581E-02  0.00000000E+00
    1700  8.49743739E-03  8.30821152E-03  5.45637602E-03  1.30768827E-02  0.00000000E+00
    1800  1.18792776E-02 -2.74950169E-03 -5.36193816E-03  1.33201868E-02  0.00000000E+00
    1900 -9.55051204E-03 -4.55387665E-03  2.56484002E-02  2.77450988E-02  0.00000000E+00
    2000  5.41874419E-03  1.15022144E-02  5.93157656E-03  1.40302290E-02  0.00000000E+00
    2100 -2.36038864E-02  1.65613448E-02 -1.16611721E-02  3.11031273E-02  0.00000000E+00
    2200  1.00130039E-02 -4.09144297E-03 -3.27628089E-02  3.45021999E-02  0.00000000E+00
    2300  8.52561509E-03  1.96650433E-03 -6.41142007E-03  1.08470991E-02  0.00000000E+00
    2400 -1.28193249E-02  4.14702889E-03 -1.59576343E-02  2.08848996E-02  0.00000000E+00
    2500 -1.74840858E-03 -5.32755274E-03 -9.56567631E-03  1.10879175E-02  0.00000000E+00
    2600 -2.05417266E-02 -2.72771137E-03  1.75065162E-03  2.07958583E-02  0.00000000E+00
    2700 -2.51088196E-03 -1.28379178E-02 -2.48817180E-03  1.33156923E-02  0.00000000E+00
    2800  2.78850623E-02  8.52769313E-03  5.23449253E-03  2.96259711E-02  0.00000000E+00
    2900 -2.04257983E-02  5.46089088E-03  3.59182419E-03  2.14461131E-02  0.00000000E+00
    3000 -4.31919451E-03 -4.17691808E-04  5.32210801E-03  6.86693099E-03  0.00000000E+00
    3100 -4.52553669E-03  2.99083983E-03 -6.15462332E-03  8.20396206E-03  0.00000000E+00
    3200 -7.84857446E-04 -3.00069209E-03  4.43037828E-03  5.40817954E-03  0.00000000E+00
    3300 -5.26709274E-03  2.03905299E-03  6.80493527E-03  8.84348048E-03  0.00000000E+00
    3400  4.74581053E-03 -1.00741619E-02 -2.67739794E-03  1.14533801E-02  0.00000000E+00
    3500  8.65727525E-03  6.88909171E-03  9.86559290E-03  1.48235597E-02  0.00000000E+00
    3600  2.06905487E-02 -1.26360270E-02 -2.13557842E-02  3.23084741E-02  0.00000000E+00
    3700 -2.46274460E-02  7.80371470E-03 -8.35423017E-04  2.58477657E-02  0.00000000E+00
    3800  1.40018621E-02 -2.54332914E-02 -6.35291054E-03  2.97197565E-02  0.00000000E+00
    3900  4.52307440E-03 -2.04753088E-02  2.39130724E-03  2.11048530E-02  0.00000000E+00
    4000 -2.72831185E-03 -7.25969818E-03 -1.30109843E-02  1.51470332E-02  0.00000000E+00
    4100 -3.16503765E-03 -4.00592854E-03 -1.89427951E-02  1.96187261E-02  0.00000000E+00
    4200  1.17775234E-02  4.35092554E-03 -1.71524508E-02  2.12566973E-02  0.00000000E+00
    4300 -1.27709779E-02 -2.82568075E-03  8.24459412E-03  1.54614255E-02  0.00000000E+00
    4400  1.27291633E-02 -6.21630591E-03 -8.72558718E-04  1.41927945E-02  0.00000000E+00
    4500 -2.81448373E-02 -6.12967708E-04  8.82601562E-03  2.95026465E-02  0.00000000E+00
    4600  1.41801083E-02 -1.91101987E-04 -6.75506180E-03  1.57080505E-02  0.00000000E+00
    4700 -1.56257701E-02 -5.80129708E-03 -4.83224111E-03  1.73542587E-02  0.00000000E+00
    4800 -8.45226661E-03 -3.01680948E-03  6.35020402E-03  1.09939548E-02  0.00000000E+00
    4900 -1.85913626E-02  5.16238980E-03  2.52809679E-03  1.94597098E-02  0.00000000E+00
    5000  2.02485173E-02  1.37879793E-02  6.41387219E-03  2.53228865E-02  0.00000000E+00
    5100 -4.51408516E-03 -7.65459808E-03  1.94786330E-03  9.09747262E-03  0.00000000E+00
    5200  3.37995853E-04  1.05894223E-02  1.18262471E-02  1.58779792E-02  0.00000000E+00
    5300  1.52434368E-03  7.20631159E-03 -9.30174202E-03  1.18649465E-02  0.00000000E+00
    5400 -1.58928915E-03  9.69655229E-03 -1.55319761E-03  9.94793391E-03  0.00000000E+00
    5500  9.51830734E-04 -1.22736561E-03  1.93327252E-03  2.47990941E-03  0.00000000E+00
    5600 -1.63036844E-02 -3.34122539E-03  1.23659749E-02  2.07338189E-02  0.00000000E+00
    5700  9.62197731E-03 -1.78166649E-02 -1.36154721E-02  2.44007598E-02  0.00000000E+00
    5800  5.68961627E-03  1.90744801E-03 -2.63355945E-02  2.70106206E-02  0.00000000E+00
    5900  9.09764720E-03  3.37383683E-03 -2.03202037E-02  2.25180069E-02  0.00000000E+00
    6000  4.05650924E-03 -3.31169560E-03 -3.44199210E-03  6.26657040E-03  0.00000000E+00
    6100 -1.65300397E-02 -1.03632671E-02  9.54605854E-03  2.17201922E-02  0.00000000E+00
    6200 -4.00295917E-05 -1.67538109E-03 -7.13537149E-03  7.32953139E-03  0.00000000E+00
    6300 -1.04721968E-02  1.63094822E-02 -1.50269110E-02  2.45249703E-02  0.00000000E+00
    6400 -3.56069889E-02 -8.28083245E-03  1.71061253E-02  4.03614837E-02  0.00000000E+00
    6500 -2.27064508E-03  5.49017152E-03  1.78498448E-03  6.20354592E-03  0.00000000E+00
    6600 -8.38302438E-03  2.20519662E-03 -3.95818798E-03  9.52917845E-03  0.00000000E+00
    6700  7.82422896E-03 -1.24723919E-03  5.14648751E-03  9.44777742E-03  0.00000000E+00
    6800 -2.63072229E-03  2.17779574E-04 -1.34375894E-02  1.36944126E-02  0.00000000E+00
    6900 -2.58336524E-03  1.35286006E-02  1.20945183E-02  1.83295985E-02  0.00000000E+00
    7000 -1.73470913E-02 -6.47098557E-03  1.56698814E-02  2.42557295E-02  0.00000000E+00
    7100 -2.51008684E-02  1.23081759E-02  1.10326285E-02  3.00543454E-02  0.00000000E+00
    7200  4.92612055E-03 -1.21782375E-03  5.41473644E-04  5.10322957E-03  0.00000000E+00
    7300 -4.30462378E-03 -1.30904525E-02  1.91268497E-02  2.35738438E-02  0.00000000E+00
    7400 -1.61558425E-02 -3.64573840E-03  4.96505638E-03  1.72902990E-02  0.00000000E+00
    7500 -3.73100701E-03  1.99060159E-02  9.12403574E-03  2.22130122E-02  0.00000000E+00
    7600  4.77368144E-03  3.56833042E-03 -2.92360264E-03  6.63840861E-03  0.00000000E+00
    7700  3.59492377E-03 -1.02434242E-02 -1.64286843E-02  1.96914419E-02  0.00000000E+00
    7800 -2.65321430E-03  4.54436630E-03  5.76221315E-03  7.80345510E-03  0.00000000E+00
    7900  1.32325483E-02 -1.36165657E-02 -1.12680385E-02  2.20789467E-02  0.00000000E+00
    8000  6.76500093E-03  2.28096343E-02 -8.92637662E-03  2.54111168E-02  0.00000000E+00
    8100 -1.74260911E-03  1.26740872E-02  1.02318949E-02  1.63817229E-02  0.00000000E+00
    8200 -1.39274381E-02  6.19009432E-03  1.20348586E-02  1.94197997E-02  0.00000000E+00
    8300  3.34654149E-03  1.09873699E-02 -7.60322267E-03  1.37742743E-02  0.00000000E+00
    8400  6.13100629E-03 -1.04600628E-02  2.55311052E-02  2.82637486E-02  0.00000000E+00
    8500  3.06468085E-02 -5.05829458E-03  4.70293412E-03  3.14154549E-02  0.00000000E+00
    8600 -1.54970863E-04  1.60247879E-02  2.49664549E-03  1.62188495E-02  0.00000000E+00
    8700  4.76664856E-05  1.83061147E-02 -6.08812913E-03  1.92920041E-02  0.00000000E+00
    8800 -4.96565897E-03 -4.65809853E-03  1.98900869E-02  2.10231113E-02  0.00000000E+00
    8900  3.39792797E-03 -6.62461675E-03 -1.62528745E-03  7.62056565E-03  0.00000000E+00
    9000 -2.09464811E-02  9.16549237E-03  2.25268360E-03  2.29746796E-02  0.00000000E+00
    9100 -1.57585847E-02  1.55373873E-02  8.03579961E-03  2.35439476E-02  0.00000000E+00
    9200  1.82722345E-02  8.38553702E-03  4.81365263E-04  2.01102834E-02  0.00000000E+00
    9300  4.07598808E-03  1.33733179E-02 -4.30960197E-03  1.46298318E-02  0.00000000E+00
    9400 -1.16649681E-02  1.82608231E-02 -3.99315732E-03  2.20334847E-02  0.00000000E+00
    9500 -1.84044532E-03  1.14928739E-02 -8.29912571E-03  1.42950648E-02  0.00000000E+00
    9600 -1.94221397E-02 -4.24160527E-04 -7.41441496E-03  2.07935800E-02  0.00000000E+00
    9700  9.37764777E-03  6.97681676E-03  6.92095972E-03  1.35836642E-02  0.00000000E+00
    9800 -3.73771099E-04 -1.15961919E-02  7.20730015E-03  1.36585705E-02  0.00000000E+00
    9900 -4.38239481E-03 -5.28620384E-03  1.30692850E-03  6.98980668E-03  0.00000000E+00
   10000  1.95885365E-03 -7.31262502E-03  6.99528744E-03  1.03075525E-02  0.00000000E+00
   10100 -1.37905900E-02 -1.41082941E-05 -8.86558342E-05  1.37908822E-02  0.00000000E+00
   10200  2.90672226E-03  1.22516783E-03  2.69756546E-02  2.71594553E-02  0.00000000E+00
   10300 -4.45676657E-03 -1.42974749E-02  2.45032017E-02  2.87173720E-02  0.00000000E+00
   10400  3.72349324E-03 -9.10122823E-03  1.24127454E-02  1.58358140E-02  0.00000000E+00
   10500  2.10523163E-02  8.00173917E-04 -3.55272702E-03  2.13649753E-02  0.00000000E+00
   10600 -6.56361400E-03 -8.54675182E-03  4.34002929E-03  1.16173943E-02  0.00000000E+00
   10700  1.10402969E-02 -4.69411990E-03 -1.44375891E-02  1.87714383E-02  0.00000000E+00
   10800  1.08076645E-02 -1.69837931E-02 -3.62121460E-03  2.04540469E-02  0.00000000E+00
   10900 -2.39665134E-03  2.31798906E-03  8.95527856E-04  3.45238773E-03  0.00000000E+00
   11000 -4.70849793E-03  1.13190869E-02  7.02956060E-03  1.41317516E-02  0.00000000E+00
   11100  6.99223791E-03 -2.00159885E-02  7.53732955E-03  2.25020560E-02  0.00000000E+00
   11200 -1.62370441E-02  6.44758826E-03  1.25769825E-02  2.15265762E-02  0.00000000E+00
   11300 -1.60954690E-02 -4.95298209E-03 -1.04310777E-02  1.98091780E-02  0.00000000E+00
   11400  1.33397625E-02 -2.71124609E-02  6.52316569E-03  3.09125620E-02  0.00000000E+00
   11500  1.11920999E-02  6.42682936E-03  3.04987541E-03  1.32615600E-02  0.00000000E+00
   11600  2.82790572E-04  9.66452080E-03 -1.19343786E-02  1.53594377E-02  0.00000000E+00
   11700  1.18780186E-03 -1.67750462E-02  1.80137243E-02  2.46436059E-02  0.00000000E+00
   11800 -1.16629988E-02  1.03023568E-02 -6.80025567E-03  1.69825667E-02  0.00000000E+00
   11900 -6.25089950E-03 -1.40283396E-03  1.75452863E-02  1.86782965E-02  0.00000000E+00
   12000  1.01025643E-03 -1.47832665E-02  5.06787785E-03  1.56604269E-02  0.00000000E+00
   12100  8.68029574E-03 -3.34944065E-03 -3.47181117E-02  3.59431992E-02  0.00000000E+00
   12200  3.59019901E-03 -6.00281706E-03 -1.41905019E-02  1.58206727E-02  0.00000000E+00
   12300 -1.13190979E-02  2.52552118E-04  9.22295792E-03  1.46030378E-02  0.00000000E+00
   12400  1.72076573E-03 -1.71081213E-03  1.63965130E-02  1.65750882E-02  0.00000000E+00
   12500  4.21000083E-03  1.92063568E-02  1.80805111E-02  2.67116666E-02  0.00000000E+00
   12600  2.07208589E-02  2.14229745E-04 -1.53979095E-03  2.07790964E-02  0.00000000E+00
   12700 -8.14135233E-03  1.17070112E-02  4.39962357E-03  1.49228824E-02  0.00000000E+00
   12800 -8.34933617E-03 -6.08326786E-03 -2.13009403E-02  2.36737750E-02  0.00000000E+00
   12900  8.61142872E-03 -2.03717597E-02 -9.32179932E-03  2.40012758E-02  0.00000000E+00
   13000 -4.63237475E-03 -5.45868572E-03 -1.58351524E-03  7.33237111E-03  0.00000000E+00
   13100 -2.96688595E-03  1.78126609E-02 -9.39393723E-03  2.03553275E-02  0.00000000E+00
   13200  2.59478028E-03  1.10691535E-02  5.95815406E-03  1.28358344E-02  0.00000000E+00
   13300  1.55490539E-02 -1.51344773E-02  7.43018952E-04  2.17112311E-02  0.00000000E+00
   13400  1.86255486E-02  5.12832349E-03  9.31492056E-04  1.93411076E-02  0.00000000E+00
   13500 -1.36387659E-03 -9.66070017E-03 -7.70909997E-03  1.24346093E-02  0.00000000E+00
   13600 -2.20540439E-03 -1.81600812E-02  9.82574914E-03  2.07653004E-02  0.00000000E+00
   13700 -6.65517283E-03  7.05310277E-03 -1.02458298E-03  9.75127450E-03  0.00000000E+00
   13800  3.97224397E-03 -5.32077541E-03  1.20442920E-02  1.37533393E-02  0.00000000E+00
   13900  1.42904964E-03  1.30403521E-02 -8.00027914E-04  1.31427931E-02  0.00000000E+00
   14000 -1.82386996E-03  2.16873422E-02 -5.91870065E-03  2.25543417E-02  0.00000000E+00
   14100  1.94760799E-02 -8.88144959E-03  5.69347687E-03  2.21497971E-02  0.00000000E+00
   14200  2.11589454E-02 -1.80211554E-03  8.77013874E-03  2.29752894E-02  0.00000000E+00
   14300 -2.52925443E-02 -2.60610107E-03  8.24808483E-03  2.67307961E-02  0.00000000E+00
   14400 -1.40359534E-02  1.76777906E-02  3.21246133E-04  2.25746643E-02  0.00000000E+00
   14500 -2.13822022E-03  9.33064889E-03  2.15764823E-02  2.36046094E-02  0.00000000E+00
   14600  3.03804362E-03  1.14914887E-03  9.20868529E-03  9.76473947E-03  0.00000000E+00
   14700  2.14439428E-03  8.52818811E-03  5.26687623E-03  1.02502880E-02  0.00000000E+00
   14800  1.57300619E-03  6.64636843E-03  1.09924891E-02  1.29415369E-02  0.00000000E+00
   14900 -2.26412835E-03 -6.09689303E-03 -8.32753145E-03  1.05662747E-02  0.00000000E+00
   15000 -5.37916044E-03  2.51891804E-04  4.02243552E-03  6.72151799E-03  0.00000000E+00
   15100 -1.48510862E-02  4.02286028E-03  5.49275392E-04  1.53960992E-02  0.00000000E+00
   15200 -1.84473787E-02  6.01199370E-03 -2.63252225E-02  3.27027092E-02  0.00000000E+00
   15300  1.10511472E-02  2.09824917E-03 -2.12295833E-02  2.40255220E-02  0.00000000E+00
   15400  1.70829622E-02 -1.77474660E-02 -3.16248994E-03  2.48354885E-02  0.00000000E+00
   15500  1.10141295E-02 -1.00427568E-02 -6.03121858E-04  1.49174988E-02  0.00000000E+00
   15600 -1.38698757E-03 -3.72957479E-03  5.78412281E-03  7.02065092E-03  0.00000000E+00
   15700 -2.79418900E-03 -1.46120450E-02 -2.35398336E-03  1.50618919E-02  0.00000000E+00
   15800 -2.38080542E-02  1.15257274E-02 -4.02301143E-03  2.67553819E-02  0.00000000E+00
   15900  2.40595256E-02  1.00105763E-02 -1.90184218E-04  2.60597118E-02  0.00000000E+00
   16000  5.42979126E-04  1.26128738E-02 -2.82404701E-04  1.26277142E-02  0.00000000E+00
   16100  7.34471287E-03  3.24669139E-03 -1.74756940E-04  8.03220717E-03  0.00000000E+00
   16200  2.84710076E-03 -1.09038940E-02 -1.19356005E-02  1.64152200E-02  0.00000000E+00
   16300 -1.62145684E-03 -4.76295256E-04  6.70362968E-03  6.91336607E-03  0.00000000E+00
   16400  8.27736984E-03  2.21540845E-02  7.35725613E-04  2.36613526E-02  0.00000000E+00
   16500  3.74563417E-04  7.10581405E-04 -1.59978182E-02  1.60179715E-02  0.00000000E+00
   16600  1.75617759E-03  5.12964453E-03  1.21573662E-02  1.33116102E-02  0.00000000E+00
   16700  4.94122501E-03  3.76695278E-02  1.59201817E-02  4.11929753E-02  0.00000000E+00
   16800  1.15639614E-02  1.45664216E-03  2.11974574E-02  2.41904777E-02  0.00000000E+00
   16900 -2.16312804E-02 -8.52359323E-03  5.21369963E-03  2.38274337E-02  0.00000000E+00
   17000 -1.73859323E-04  1.74118885E-02  8.83789760E-04  1.74351705E-02  0.00000000E+00
   17100  7.25925838E-03 -2.64326020E-02  4.76030605E-03  2.78215706E-02  0.00000000E+00
   17200  8.71026824E-03 -1.64696390E-03  8.66293499E-03  1.23946644E-02  0.00000000E+00
   17300  2.00095136E-02 -4.13157100E-03 -1.40050642E-02  2.47707960E-02  0.00000000E+00
   17400  1.85508162E-03 -3.12003297E-03  4.99900501E-03  6.17786246E-03  0.00000000E+00
   17500  9.40529787E-03 -1.26097153E-02 -3.82883711E-03  1.61902607E-02  0.00000000E+00
   17600 -9.02143193E-03 -1.76847330E-02  1.98839905E-03  1.99521865E-02  0.00000000E+00
   17700  7.55190878E-03 -6.95461611E-03 -7.92432240E-03  1.29689204E-02  0.00000000E+00
   17800 -1.19876013E-02 -4.21266355E-03  9.45511367E-03  1.58381910E-02  0.00000000E+00
   17900 -4.96604239E-03 -5.56721522E-03 -8.55373344E-03  1.13499700E-02  0.00000000E+00
   18000 -2.02585187E-02 -6.68811228E-03  1.09769762E-02  2.39923411E-02  0.00000000E+00
   18100 -1.45818082E-02  5.26309012E-03  6.81311386E-03  1.69336283E-02  0.00000000E+00
   18200 -1.81263279E-02 -6.02899520E-03  1.53605131E-02  2.45124032E-02  0.00000000E+00
   18300 -2.72294763E-03 -7.39901088E-03 -2.22835688E-02  2.36372004E-02  0.00000000E+00
   18400  1.53815543E-03 -7.89594606E-03 -2.24263576E-02  2.38254780E-02  0.00000000E+00
   18500 -7.01312243E-03 -1.07893239E-02 -4.04513484E-03  1.34891257E-02  0.00000000E+00
   18600  9.23748807E-03  1.90337007E-02  2.06507642E-03  2.12574102E-02  0.00000000E+00
   18700 -2.68973769E-03  3.26133323E-03 -2.79238772E-03  5.06640034E-03  0.00000000E+00
   18800  1.32639057E-02  4.36520040E-04 -8.65387092E-03  1.58433338E-02  0.00000000E+00
   18900 -4.51527831E-03 -1.13283991E-02  4.32199452E-03  1.29383153E-02  0.00000000E+00
   19000 -3.78578157E-03  9.15388231E-03 -9.55356342E-03  1.37621320E-02  0.00000000E+00
   19100 -1.36536948E-03 -4.07230677E-03  6.95017645E-04  4.35097297E-03  0.00000000E+00
   19200  1.40774913E-02 -1.29247414E-02 -1.68110331E-02  2.54526136E-02  0.00000000E+00
   19300 -9.58171019E-03  9.19292263E-03 -4.12105404E-03  1.39033119E-02  0.00000000E+00
   19400 -1.51004261E-02  3.23818736E-03  8.61852613E-03  1.76858055E-02  0.00000000E+00
   19500  3.92233258E-03 -2.19548728E-03  1.33653574E-02  1.41009800E-02  0.00000000E+00
   19600  2.15603129E-02 -8.08048026E-03  4.84913826E-03  2.35298830E-02  0.00000000E+00
   19700 -1.79483925E-03  1.33403473E-02  7.26476566E-03  1.52958535E-02  0.00000000E+00
   19800  1.91516456E-02 -1.79510633E-02  1.16901018E-02  2.87347295E-02  0.00000000E+00
   19900 -1.81271837E-02  4.40644396E-03 -7.40463036E-03  2.00708767E-02  0.00000000E+00
   20000 -1.50309461E-02  1.25025862E-02 -1.12882674E-02  2.25758496E-02  0.00000000E+00
   20100 -9.82871124E-03  1.74938918E-03 -1.69474238E-02  1.96692425E-02  0.00000000E+00
   20200  4.82455951E-03  1.90236410E-02  1.56854551E-04  1.96265100E-02  0.00000000E+00
   20300  3.03151515E-03  2.76240605E-03  1.49462603E-02  1.54987635E-02  0.00000000E+00
   20400 -1.10237533E-02 -1.28481108E-02  1.23246011E-02  2.09402216E-02  0.00000000E+00
   20500 -2.03271214E-02 -1.22380236E-02  1.06243457E-02  2.59968807E-02  0.00000000E+00
   20600  5.48188457E-03  2.41295991E-02 -9.37314477E-03  2.64602429E-02  0.00000000E+00
   20700 -6.97920299E-04 -5.42878161E-03  2.44356474E-03  5.99414474E-03  0.00000000E+00
   20800  1.23266341E-02  1.20732710E-02  5.04058608E-04  1.72616296E-02  0.00000000E+00
   20900 -7.11918190E-03 -5.75367101E-03  9.05184355E-03  1.28733583E-02  0.00000000E+00
   21000 -3.52090159E-03  3.61458950E-03 -1.06522213E-02  1.17869345E-02  0.00000000E+00
   21100  6.77870911E-03  1.08160983E-02  1.61293545E-02  2.05692721E-02  0.00000000E+00
   21200 -3.66398526E-04 -2.39355856E-02 -1.19736937E-03  2.39683166E-02  0.00000000E+00
   21300 -9.31731712E-03 -5.39299312E-03  4.49974127E-03  1.16680952E-02  0.00000000E+00
   21400 -1.33060925E-03 -4.86158198E-03  1.18111435E-02  1.28416748E-02  0.00000000E+00
   21500 -2.26809877E-02 -9.55921055E-03  8.95044243E-03  2.61900006E-02  0.00000000E+00
   21600  4.32653502E-03 -5.16855692E-03 -8.80652813E-03  1.10899875E-02  0.00000000E+00
   21700  2.74433570E-02 -1.33648739E-02  1.66184804E-02  3.47553103E-02  0.00000000E+00
   21800  1.59676449E-02 -1.52526497E-02  1.65907128E-02  2.76199341E-02  0.00000000E+00
   21900 -8.81036081E-03 -1.71631220E-02 -4.21515737E-03  1.97474750E-02  0.00000000E+00
   22000  1.22484777E-02  1.52999544E-02 -4.44945772E-03  2.00975493E-02  0.00000000E+00
   22100  1.19385451E-03 -5.25365867E-03  1.85943350E-02  1.93591196E-02  0.00000000E+00
   22200  1.16385636E-02 -1.74110843E-02 -6.01560063E-03  2.17896643E-02  0.00000000E+00
   22300 -7.85540684E-04  2.09323119E-02  2.23842568E-02  3.06567074E-02  0.00000000E+00
   22400 -6.54859828E-03  6.45586825E-03  1.32504954E-02  1.61287942E-02  0.00000000E+00
   22500 -7.50144749E-03  7.83739830E-03  1.31358337E-02  1.70366268E-02  0.00000000E+00
   22600 -1.90942107E-03 -1.83788461E-03 -1.48220210E-02  1.50570918E-02  0.00000000E+00
   22700  1.00098680E-02  1.48341427E-03  5.62600095E-03  1.15779905E-02  0.00000000E+00
   22800  2.14959270E-03 -1.63002319E-03 -6.81436450E-03  7.32893498E-03  0.00000000E+00
   22900  5.48271936E-03  1.73637987E-02  7.88920200E-04  1.82259187E-02  0.00000000E+00
   23000  1.37753262E-03 -7.99924370E-03  1.68989545E-02  1.87472707E-02  0.00000000E+00
   23100 -2.97993885E-02 -1.26193620E-02  2.21087040E-02  3.91924310E-02  0.00000000E+00
   23200  4.30491806E-03  6.54802177E-03 -8.38063855E-03  1.14736224E-02  0.00000000E+00
   23300 -1.36820583E-02 -4.59614551E-03  2.03720212E-02  2.49668284E-02  0.00000000E+00
   23400 -5.92828259E-03  8.41571497E-03  1.07868434E-02  1.49105595E-02  0.00000000E+00
   23500 -4.96517270E-03  1.17260138E-02 -4.05213096E-03  1.33630874E-02  0.00000000E+00
   23600 -9.03717805E-03 -1.99516168E-02  3.50710997E-03  2.21819165E-02  0.00000000E+00
   23700  3.37611749E-03 -8.15518784E-03  1.55075956E-02  1.78435080E-02  0.00000000E+00
   23800  1.32078253E-02  9.76103065E-05  1.67379279E-02  2.13216887E-02  0.00000000E+00
   23900 -7.63806526E-03  2.02722339E-02  2.16097105E-03  2.17709280E-02  0.00000000E+00
   24000 -1.15155834E-02  8.72361242E-03  8.81076975E-03  1.69215761E-02  0.00000000E+00
   24100  1.07416430E-02 -1.73426102E-02 -8.66629814E-04  2.04181309E-02  0.00000000E+00
   24200  8.97071005E-03  1.37149001E-02 -9.80739717E-03  1.90986168E-02  0.00000000E+00
   24300 -2.77364690E-03  2.07539166E-02  6.83826971E-03  2.20268042E-02  0.00000000E+00
   24400  1.31261671E-02  4.54283255E-03  3.36061352E-03  1.42908122E-02  0.00000000E+00
   24500  1.45826516E-02 -7.21328090E-03  1.38658258E-02  2.13763017E-02  0.00000000E+00
   24600  3.89307633E-03 -1.04254811E-02  7.26970833E-03  1.32926806E-02  0.00000000E+00
   24700 -5.82130560E-03 -9.11571664E-03 -1.20940957E-02  1.62250128E-02  0.00000000E+00
   24800 -6.20490065E-04  2.85535823E-03  4.04570442E-03  4.99057139E-03  0.00000000E+00
   24900 -3.78097944E-03  9.68074061E-03  6.12439122E-03  1.20631966E-02  0.00000000E+00
   25000  7.85973790E-04  4.01401713E-03  1.57842618E-02  1.63056128E-02  0.00000000E+00
   25100  6.92700725E-03  8.69506377E-03 -3.41305224E-03  1.16291225E-02  0.00000000E+00
   25200  1.10285726E-02  9.95862136E-03 -1.03377479E-02  1.81017288E-02  0.00000000E+00
   25300  5.40257096E-03  4.52217271E-04  1.23406093E-02  1.34789803E-02  0.00000000E+00
   25400  9.35490592E-03  1.13285421E-02  7.41943736E-03  1.64589848E-02  0.00000000E+00
   25500 -1.07440268E-02  4.70130816E-03  6.36162372E-03  1.33419139E-02  0.00000000E+00
   25600 -8.01548168E-03 -1.53400985E-02 -5.57032460E-03  1.81822739E-02  0.00000000E+00
   25700  1.67005843E-02  2.25139419E-03  7.47806575E-03  1.84363706E-02  0.00000000E+00
   25800 -2.59393469E-02 -3.38734464E-03 -1.26484450E-02  2.90569610E-02  0.00000000E+00
   25900  3.68357280E-03  4.38780847E-03 -1.38190740E-02  1.49595581E-02  0.00000000E+00
   26000  1.09726513E-02 -5.07167694E-03 -9.52917720E-04  1.21255530E-02  0.00000000E+00
   26100  1.53059674E-02 -1.09780977E-02 -1.17683170E-02  2.22100102E-02  0.00000000E+00
   26200 -7.47715947E-03  2.62244206E-03  8.03723055E-03  1.12863719E-02  0.00000000E+00
   26300 -9.58290852E-03 -2.83295652E-03  3.14677940E-03  1.04766406E-02  0.00000000E+00
   26400 -6.80304871E-03  3.83631691E-03  1.11063034E-02  1.35775098E-02  0.00000000E+00
   26500 -1.71351711E-03 -7.33030913E-03  5.15403733E-03  9.12324907E-03  0.00000000E+00
   26600 -1.02422565E-02  2.28071639E-03 -9.04285509E-03  1.38520292E-02  0.00000000E+00
   26700 -1.11146885E-03  2.66193466E-03  2.22601489E-03  3.64367966E-03  0.00000000E+00
   26800 -1.33154267E-02  6.82883559E-04  1.52011497E-02  2.02198385E-02  0.00000000E+00
   26900  9.56263261E-03 -1.80217740E-02 -1.33136344E-02  2.43614684E-02  0.00000000E+00
   27000 -2.97026879E-03  1.03331350E-02 -5.19408117E-04  1.07641052E-02  0.00000000E+00
   27100  1.51114795E-02 -8.12596162E-03  2.36049722E-02  2.91818912E-02  0.00000000E+00
   27200  7.91515223E-03  4.06229239E-03  7.54612138E-03  1.16660105E-02  0.00000000E+00
   27300  5.90792048E-03  2.19770451E-02 -7.12363601E-05  2.27573968E-02  0.00000000E+00
   27400 -3.54473848E-02 -1.37274404E-03  2.57121052E-03  3.55670161E-02  0.00000000E+00
   27500 -6.59513801E-03 -1.43089775E-02 -5.42695317E-03  1.66641683E-02  0.00000000E+00
   27600 -6.56261359E-03 -7.87338644E-03  9.00755133E-03  1.36452956E-02  0.00000000E+00
   27700  8.17926065E-05  4.30095869E-03 -2.58464746E-02  2.62020073E-02  0.00000000E+00
   27800  2.64573332E-02 -4.43894882E-04 -1.52809174E-03  2.65051427E-02  0.00000000E+00
   27900  8.17280878E-03  1.07823440E-02  7.19378407E-03  1.53233245E-02  0.00000000E+00
   28000 -6.78677837E-03  9.20737838E-03 -6.87650058E-03  1.33462518E-02  0.00000000E+00
   28100  2.94037218E-03 -3.80834100E-03 -1.52181292E-02  1.59605986E-02  0.00000000E+00
   28200  1.72694788E-02  2.75742115E-02 -6.35466625E-03  3.31504724E-02  0.00000000E+00
   28300  1.51799434E-02 -1.51377062E-02 -2.10795716E-02  3.00654148E-02  0.00000000E+00
   28400  1.11229188E-02 -9.62536494E-03  4.31021959E-03  1.53279146E-02  0.00000000E+00
   28500 -5.14058104E-03 -1.74801800E-02 -7.85047966E-03  1.98396647E-02  0.00000000E+00
   28600 -1.25121912E-02  1.64646453E-02 -8.71271254E-03  2.24399384E-02  0.00000000E+00
   28700 -6.97933765E-03 -3.20712026E-02 -9.54563551E-03  3.41817546E-02  0.00000000E+00
   28800 -1.71580208E-04  1.95476394E-03  7.49081032E-03  7.74356385E-03  0.00000000E+00
   28900  5.72143627E-03 -6.30841194E-03 -5.47477645E-03  1.01244294E-02  0.00000000E+00
   29000 -8.25345701E-03 -1.12692229E-02  3.28240884E-03  1.43488378E-02  0.00000000E+00
   29100 -2.77896847E-03  1.51048331E-02 -9.80629154E-03  1.82220197E-02  0.00000000E+00
   29200 -2.69500370E-03 -1.81042234E-02  9.66702923E-03  2.06996957E-02  0.00000000E+00
   29300  4.04676780E-03  8.17560407E-03  5.04925765E-03  1.04264967E-02  0.00000000E+00
   29400  1.72594355E-02 -4.62033399E-03  1.23694908E-03  1.79099314E-02  0.00000000E+00
   29500 -1.23039673E-03  1.56975845E-02  2.56282498E-02  3.00788169E-02  0.00000000E+00
   29600  1.10082130E-02  8.91255414E-03 -9.18005458E-03  1.68786189E-02  0.00000000E+00
   29700 -8.34343829E-03 -1.29358355E-04  9.47439386E-03  1.26251271E-02  0.00000000E+00
   29800 -6.64976221E-03 -1.06987366E-02 -1.10048665E-02  1.67269061E-02  0.00000000E+00
   29900  1.65375584E-02  3.24732926E-03 -1.29510750E-02  2.12547954E-02  0.00000000E+00
   30000 -1.52756690E-02  4.98040255E-03  9.37423851E-03  1.86017961E-02  0.00000000E+00
   30100  5.28991160E-04  3.50053430E-03 -1.87301176E-02  1.90617648E-02  0.00000000E+00
   30200 -2.60986100E-03  1.00029824E-02  1.10651414E-02  1.51429318E-02  0.00000000E+00
   30300 -1.60589598E-02 -4.59292666E-03  2.07510305E-03  1.68312572E-02  0.00000000E+00
   30400 -1.78983823E-02 -5.96202366E-03 -6.64307398E-03  2.00007062E-02  0.00000000E+00
   30500 -5.99153541E-03  5.14784628E-03  4.12041195E-03  8.90935534E-03  0.00000000E+00
   30600 -1.51878285E-02 -1.92924930E-02  7.34483385E-03  2.56284413E-02  0.00000000E+00
   30700  1.20443763E-02 -2.46298958E-03 -1.32707066E-03  1.23650489E-02  0.00000000E+00
   30800 -5.24063391E-03  3.44197964E-03 -9.63599552E-04  6.34349996E-03  0.00000000E+00
   30900 -1.62903609E-02 -6.90007015E-03 -1.62124728E-02  2.39964810E-02  0.00000000E+00
   31000  1.36798578E-02  6.05105529E-03 -1.57336562E-02  2.17094845E-02  0.00000000E+00
   31100  1.28284121E-02  7.05373780E-03  7.57930215E-03  1.64854237E-02  0.00000000E+00
   31200 -1.85721283E-02 -2.31151609E-03  7.82515150E-04  1.87317747E-02  0.00000000E+00
   31300  3.80422539E-03 -9.22415677E-03 -1.28311592E-02  1.62541025E-02  0.00000000E+00
   31400  1.62247799E-02 -9.00571802E-04  7.35933840E-03  1.78385643E-02  0.00000000E+00
   31500  7.94777103E-03 -2.71284136E-02 -7.54462158E-03  2.92581476E-02  0.00000000E+00
   31600  5.36156208E-03 -1.33126994E-02 -3.96138998E-03  1.48884829E-02  0.00000000E+00
   31700  6.25548226E-04 -1.48279269E-02 -9.92756993E-03  1.78554017E-02  0.00000000E+00
   31800 -4.14238959E-03  1.02844405E-02 -1.72812510E-02  2.05321880E-02  0.00000000E+00
   31900  2.07345137E-03  9.17909736E-03  8.02915807E-03  1.23702226E-02  0.00000000E+00
   32000 -6.55524457E-03 -1.48442132E-02  1.86851755E-02  2.47478824E-02  0.00000000E+00
   32100 -3.43786422E-02 -1.84263979E-02 -1.51756899E-02  4.18536109E-02  0.00000000E+00
   32200 -1.08460646E-02 -4.41277412E-03  5.31559094E-03  1.28594401E-02  0.00000000E+00
   32300  1.89871187E-02  2.38944022E-02 -3.19625724E-04  3.05213908E-02  0.00000000E+00
   32400 -1.57392025E-02 -1.63417347E-03  1.89859441E-03  1.59373046E-02  0.00000000E+00
   32500  2.17602809E-02  1.48619483E-02  2.67187864E-02  3.75270686E-02  0.00000000E+00
   32600 -1.35447103E-02 -5.06967296E-03  2.80966044E-03  1.47327850E-02  0.00000000E+00
   32700 -1.94345771E-02 -1.04241648E-02  5.38923060E-03  2.27026387E-02  0.00000000E+00
   32800 -2.55134258E-02 -5.16795848E-03  2.25863154E-03  2.61293725E-02  0.00000000E+00
   32900 -6.15248756E-03 -4.97227754E-03  1.43609386E-03  8.03983910E-03  0.00000000E+00
   33000 -4.94807797E-03 -1.42417541E-02 -1.06876109E-02  1.84806943E-02  0.00000000E+00
   33100 -5.81637181E-03  1.48681803E-02  1.01445301E-03  1.59975649E-02  0.00000000E+00
   33200  3.17278611E-02 -1.90048925E-03  3.91050294E-03  3.20243823E-02  0.00000000E+00
   33300 -7.25591310E-03 -1.88007950E-03  7.03879897E-03  1.02823959E-02  0.00000000E+00
   33400  1.10141909E-02 -2.70388261E-03 -1.05220109E-03  1.13899302E-02  0.00000000E+00
   33500  2.04730860E-03 -6.91317276E-03 -1.70046074E-02  1.84699784E-02  0.00000000E+00
   33600  6.47044677E-03  1.02446729E-04 -1.35080660E-02  1.49781515E-02  0.00000000E+00
   33700  1.51930490E-02  2.26265171E-03 -1.11861332E-02  1.90020501E-02  0.00000000E+00
   33800  1.48218486E-02  7.43790047E-03 -8.52248202E-03  1.86451671E-02  0.00000000E+00
   33900  3.85230492E-02  1.77745948E-02 -1.61417801E-04  4.24262607E-02  0.00000000E+00
   34000 -1.37860768E-02  8.50855279E-03 -2.07107858E-03  1.63321998E-02  0.00000000E+00
   34100 -2.36880168E-02  2.04072662E-03 -9.73557102E-03  2.56917895E-02  0.00000000E+00
   34200 -1.30135674E-02  1.72610142E-02  1.49875779E-02  2.63044300E-02  0.00000000E+00
   34300  5.43673170E-03 -6.17571880E-03  7.36240766E-03  1.10409511E-02  0.00000000E+00
   34400 -3.71366400E-03 -1.87018340E-03 -1.06522711E-02  1.14350236E-02  0.00000000E+00
   34500  1.05225013E-02 -9.68737833E-03 -1.32890186E-02  1.95234819E-02  0.00000000E+00
   34600  6.38676576E-03  1.54728724E-03 -2.50171488E-02  2.58658580E-02  0.00000000E+00
   34700  4.80199703E-04 -2.47345145E-04 -1.20984870E-02  1.21105392E-02  0.00000000E+00
   34800  1.28818766E-03  3.28842996E-03  2.75448457E-03  4.47888204E-03  0.00000000E+00
   34900  2.29889159E-03 -1.17148898E-03  4.75916888E-03  5.41359191E-03  0.00000000E+00
   35000 -5.92009571E-03  7.69020123E-03  3.35493015E-03  1.02685094E-02  0.00000000E+00
   35100 -1.12399988E-02 -4.15299246E-03 -1.34296805E-02  1.79983677E-02  0.00000000E+00
   35200 -8.95969967E-04 -1.60412431E-02  1.43437641E-02  2.15375907E-02  0.00000000E+00
   35300  9.12360155E-03  1.74830700E-02  2.37793909E-02  3.08926735E-02  0.00000000E+00
   35400 -1.13085370E-02  1.51244099E-02  1.51207141E-02  2.41922876E-02  0.00000000E+00
   35500  3.99961670E-03 -9.15298429E-04  1.23254087E-02  1.29903967E-02  0.00000000E+00
   35600 -1.88560428E-02 -3.24961728E-03  1.08144968E-02  2.19787102E-02  0.00000000E+00
   35700  1.44938926E-02 -4.71300091E-03  9.42818425E-05  1.52412004E-02  0.00000000E+00
   35800  1.59849534E-02 -6.28684262E-03 -1.54625570E-02  2.31113348E-02  0.00000000E+00
   35900 -1.95585253E-02 -1.09467912E-02  8.16599121E-03  2.38548017E-02  0.00000000E+00
   36000  1.57423257E-02  9.23153076E-04 -7.31556610E-03  1.73836285E-02  0.00000000E+00
   36100  7.74599507E-03  1.41551481E-02 -7.02047368E-03  1.75970369E-02  0.00000000E+00
   36200 -1.95183455E-02  9.55506143E-03  2.11204423E-02  3.03040937E-02  0.00000000E+00
   36300  1.58810967E-02 -1.46359151E-02 -1.03764274E-04  2.15969907E-02  0.00000000E+00
   36400 -1.48164294E-02 -5.11155996E-03  1.83552247E-02  2.41364641E-02  0.00000000E+00
   36500 -7.18606137E-03  2.07880041E-03 -1.06342168E-02  1.30018251E-02  0.00000000E+00
   36600  8.79480942E-04 -1.13912073E-02 -1.70105831E-02  2.04912915E-02  0.00000000E+00
   36700  1.21654467E-02 -1.78698766E-03 -1.74286803E-02  2.13295644E-02  0.00000000E+00
   36800  1.74191406E-02  2.34652368E-02  8.60173154E-03  3.04636436E-02  0.00000000E+00
   36900 -4.12621413E-03  2.95972544E-02  3.31071020E-02  4.45993645E-02  0.00000000E+00
   37000 -3.25011174E-03  6.09540678E-04  5.27696011E-03  6.22744523E-03  0.00000000E+00
   37100  1.73514121E-02 -1.51590517E-02 -3.51979570E-03  2.33078809E-02  0.00000000E+00
   37200 -6.32555464E-03  1.19643110E-03 -2.90619919E-03  7.06329120E-03  0.00000000E+00
   37300 -4.85598277E-03  1.65262125E-02 -2.76247475E-03  1.74449860E-02  0.00000000E+00
   37400 -1.37728350E-02 -7.19411295E-03  1.69317932E-02  2.29811198E-02  0.00000000E+00
   37500  2.48966231E-03 -1.00298573E-02 -1.65460385E-02  1.95081482E-02  0.00000000E+00
   37600  1.09319521E-02  3.32579526E-03  5.06678972E-03  1.24996340E-02  0.00000000E+00
   37700 -1.17164040E-02  2.43577008E-03 -1.61510274E-04  1.19680066E-02  0.00000000E+00
   37800 -6.79283561E-04  2.86042546E-03  3.57027681E-03  4.62496881E-03  0.00000000E+00
   37900  7.78908034E-03  1.64123794E-02 -2.20878381E-02  2.85991008E-02  0.00000000E+00
   38000  3.50196227E-03  1.46739079E-02 -1.38340539E-02  2.04687166E-02  0.00000000E+00
   38100 -5.28370866E-03  2.83118235E-03  5.21582916E-03  7.94594516E-03  0.00000000E+00
   38200 -8.85654377E-03  2.94396014E-03 -6.58448296E-03  1.14219387E-02  0.00000000E+00
   38300  1.38510150E-03 -1.01945081E-02 -1.70054973E-02  1.98754482E-02  0.00000000E+00
   38400 -1.52934628E-03  2.30822738E-02  7.30962223E-03  2.42602729E-02  0.00000000E+00
   38500  7.29255849E-03 -6.09408534E-04  1.92836217E-02  2.06254904E-02  0.00000000E+00
   38600  4.32343720E-04  4.57556465E-03 -1.39647599E-03  4.80342151E-03  0.00000000E+00
   38700  7.49951684E-03  8.27401710E-03  2.57181985E-03  1.14593355E-02  0.00000000E+00
   38800  5.82645006E-03 -1.25137513E-03  1.07668340E-02  1.23060219E-02  0.00000000E+00
   38900  5.91351390E-03  1.30014112E-02 -1.48539961E-03  1.43601097E-02  0.00000000E+00
   39000 -2.81967099E-03  1.29206512E-02 -1.56573322E-02  2.04950195E-02  0.00000000E+00
   39100  1.07773844E-02 -1.45290832E-02 -4.23556344E-03  1.85791892E-02  0.00000000E+00
   39200  6.09302025E-03 -2.29078842E-02  2.18412585E-03  2.38047571E-02  0.00000000E+00
   39300 -4.28356108E-03  5.32965774E-03 -2.33993437E-03  7.22699385E-03  0.00000000E+00
   39400  7.07208261E-03  2.01006071E-03  2.98509429E-03  7.93507936E-03  0.00000000E+00
   39500 -9.93120917E-04  4.07776664E-03  8.60026243E-05  4.19784068E-03  0.00000000E+00
   39600  2.29545803E-02 -2.08734566E-02  8.56879550E-03  3.21875473E-02  0.00000000E+00
   39700 -4.67839845E-04 -4.86353759E-03  3.70668582E-03  6.13289424E-03  0.00000000E+00
   39800  2.55762862E-03 -6.75628840E-03  1.56350826E-02  1.72233767E-02  0.00000000E+00
   39900 -7.41426792E-03 -6.07429780E-03  1.27336076E-03  9.66901806E-03  0.00000000E+00
   40000 -1.56149087E-03 -1.04313829E-02 -1.41870346E-04  1.05485605E-02  0.00000000E+00
   40100  1.21201156E-02 -1.26864166E-02 -2.68899686E-03  1.77502978E-02  0.00000000E+00
   40200  1.52603850E-02 -8.48139420E-03 -7.78533289E-03  1.91160876E-02  0.00000000E+00
   40300  1.56351939E-02 -2.10700906E-03 -2.29107145E-02  2.78172539E-02  0.00000000E+00
   40400  1.17357060E-02  5.47336804E-03 -1.99240180E-02  2.37623872E-02  0.00000000E+00
   40500 -1.55313625E-03 -2.65931775E-03 -1.33603248E-02  1.37106704E-02  0.00000000E+00
   40600  1.75339001E-02  6.10445302E-03 -2.08448103E-02  2.79142995E-02  0.00000000E+00
   40700  1.74278003E-02 -3.34781323E-03 -1.23465203E-02  2.16188030E-02  0.00000000E+00
   40800 -2.97823406E-03 -2.15543168E-02  8.45304422E-03  2.33433589E-02  0.00000000E+00
   40900  1.22418317E-02 -1.04996517E-02 -1.89177915E-02  2.48593637E-02  0.00000000E+00
   41000 -1.01720265E-03  4.28487008E-03 -8.22517625E-03  9.32996984E-03  0.00000000E+00
   41100 -7.27281116E-03  3.17682227E-03 -2.86306817E-03  8.43701021E-03  0.00000000E+00
   41200  1.52938093E-02  5.27971835E-03  5.31189188E-03  1.70291581E-02  0.00000000E+00
   41300 -3.28475793E-03  4.93524397E-03 -1.38969308E-02  1.51086384E-02  0.00000000E+00
   41400  8.68560649E-03 -8.60140576E-03  2.05151724E-02  2.38808761E-02  0.00000000E+00
   41500  8.29225503E-03  6.74199698E-03  1.05831992E-02  1.50406158E-02  0.00000000E+00
   41600  5.35763835E-03 -6.97799748E-03 -3.15087308E-02  3.27138633E-02  0.00000000E+00
   41700 -2.47144443E-03 -1.68205113E-02 -1.62093518E-02  2.34900133E-02  0.00000000E+00
   41800 -5.66358285E-03  9.10431614E-03 -1.58430538E-02  1.91302665E-02  0.00000000E+00
   41900  5.20868605E-03 -8.29351026E-03 -4.70859256E-03  1.08666263E-02  0.00000000E+00
   42000 -6.09323226E-03 -7.93725665E-03 -2.28762269E-03  1.02645380E-02  0.00000000E+00
   42100  1.54052456E-02 -1.85257061E-02 -9.69765177E-03  2.59724437E-02  0.00000000E+00
   42200  1.68995007E-02  1.14338295E-02  1.60247581E-02  2.59445265E-02  0.00000000E+00
   42300  8.52870141E-03 -1.62227669E-02 -1.58167738E-02  2.42092388E-02  0.00000000E+00
   42400  8.30644060E-03 -8.17464743E-03  1.29054884E-02  1.73888886E-02  0.00000000E+00
   42500  1.36358948E-02 -3.16622583E-02 -2.83944155E-03  3.45904417E-02  0.00000000E+00
   42600  3.47441376E-03  1.38013844E-03 -8.50441728E-03  9.28985718E-03  0.00000000E+00
   42700 -9.05355945E-03 -7.20168963E-03 -5.47636335E-03  1.27992901E-02  0.00000000E+00
   42800  1.00898056E-02  1.23644675E-03  4.27110781E-03  1.10261208E-02  0.00000000E+00
   42900  1.46071172E-02  6.09239048E-03  5.46254152E-03  1.67428927E-02  0.00000000E+00
   43000 -5.80021068E-03  1.07890590E-02 -1.53481908E-02  1.96370364E-02  0.00000000E+00
   43100  1.13857234E-03 -1.05856292E-02  1.55594642E-02  1.88533504E-02  0.00000000E+00
   43200 -4.00962295E-03 -1.34167250E-02 -2.14352070E-02  2.56037826E-02  0.00000000E+00
   43300  7.10700311E-03  7.23470319E-03 -9.43831782E-03  1.38539621E-02  0.00000000E+00
   43400 -1.14869546E-02  1.48979481E-03  1.72437129E-02  2.07729451E-02  0.00000000E+00
   43500 -6.30391586E-03  4.57888067E-03 -2.06222058E-03  8.05966855E-03  0.00000000E+00
   43600  2.15680948E-04  2.09736421E-02 -2.74290394E-03  2.11533379E-02  0.00000000E+00
   43700 -1.24071010E-02  1.09750691E-02  2.49965550E-02  2.99869315E-02  0.00000000E+00
   43800 -1.93073850E-02  7.36944402E-03 -5.01780643E-03  2.12664572E-02  0.00000000E+00
   43900 -2.69167767E-03 -2.09205455E-02  4.84149070E-03  2.16414969E-02  0.00000000E+00
   44000 -4.17298866E-02  3.05008488E-03  2.56853882E-03  4.19199695E-02  0.00000000E+00
   44100  1.57738185E-02  1.17617276E-02  8.61323514E-03  2.14788129E-02  0.00000000E+00
   44200  1.00486163E-02  1.46811970E-02  3.13610015E-03  1.80650867E-02  0.00000000E+00
   44300 -1.28853325E-02  1.44468377E-02 -8.64931512E-04  1.93775907E-02  0.00000000E+00
   44400  1.16385956E-02  3.06695104E-03 -1.58793162E-02  1.99252548E-02  0.00000000E+00
   44500 -2.09215293E-02 -2.79778331E-03  8.91688076E-03  2.29139421E-02  0.00000000E+00
   44600  1.48068923E-02  6.86385295E-03 -3.18776942E-03  1.66288428E-02  0.00000000E+00
   44700  2.34336015E-03 -6.81359205E-04 -9.74868345E-03  1.00494983E-02  0.00000000E+00
   44800  2.94271150E-03  9.02257995E-03 -1.45043636E-02  1.73332935E-02  0.00000000E+00
   44900  4.18872920E-03 -9.70387362E-03  7.63497851E-03  1.30385395E-02  0.00000000E+00
   45000  1.69228887E-02  6.48009816E-03  1.01949050E-03  1.81497988E-02  0.00000000E+00
   45100 -3.34107496E-03 -1.08302337E-02 -1.04912049E-02  1.54441614E-02  0.00000000E+00
   45200 -1.82867347E-02  1.30721156E-02  5.24697916E-03  2.30828002E-02  0.00000000E+00
   45300 -2.49957729E-03  1.02255754E-02  1.95636859E-02  2.22159421E-02  0.00000000E+00
   45400 -2.64157286E-03 -2.13638734E-02  6.82727323E-03  2.25832826E-02  0.00000000E+00
   45500  9.07181811E-03 -3.39503956E-02  1.26055257E-03  3.51641329E-02  0.00000000E+00
   45600 -8.32471736E-03  1.32980803E-02  5.47335487E-03  1.66161810E-02  0.00000000E+00
   45700 -7.11207931E-03 -1.72507684E-03 -1.55082109E-03  7.48081602E-03  0.00000000E+00
   45800  1.35554837E-02 -1.19435006E-02  1.19483125E-02  2.16601135E-02  0.00000000E+00
   45900  1.27909544E-02  7.70227368E-03 -7.03100870E-03  1.65035941E-02  0.00000000E+00
   46000 -3.00328397E-03 -9.37925257E-03  1.46612469E-02  1.76618871E-02  0.00000000E+00
   46100 -1.07144810E-02  7.79959432E-03  8.11425028E-03  1.55394605E-02  0.00000000E+00
   46200 -1.02378728E-02 -2.15808203E-02 -1.28944253E-02  2.71442820E-02  0.00000000E+00
   46300 -9.13504456E-03 -1.59303695E-02  4.78924783E-03  1.89779505E-02  0.00000000E+00
   46400 -2.48393965E-02 -3.19152470E-03 -1.20791761E-02  2.78044591E-02  0.00000000E+00
   46500  1.49181951E-02 -1.25798728E-02 -2.01397795E-02  2.80431179E-02  0.00000000E+00
   46600 -1.95418903E-02  5.79305759E-03  2.93204419E-02  3.57090087E-02  0.00000000E+00
   46700 -3.11172058E-02 -2.81609597E-03  8.09414894E-04  3.12548563E-02  0.00000000E+00
   46800  8.09778596E-04  3.68947392E-03 -1.23397107E-02  1.29048990E-02  0.00000000E+00
   46900 -2.42516337E-02 -7.51153510E-03  6.24233193E-04  2.53959557E-02  0.00000000E+00
   47000 -1.93867012E-03  7.08250443E-03 -9.31752852E-05  7.34363619E-03  0.00000000E+00
   47100  8.14877358E-03 -8.76830770E-03  1.15406313E-03  1.20257055E-02  0.00000000E+00
   47200 -7.80990816E-03 -3.67230167E-03  8.43083065E-03  1.20647988E-02  0.00000000E+00
   47300 -6.15585452E-04 -1.28599099E-02 -1.36982195E-03  1.29473024E-02  0.00000000E+00
   47400 -4.96368262E-03 -1.22131758E-02  6.94212534E-03  1.48994266E-02  0.00000000E+00
   47500  3.04883852E-02 -1.10003532E-02 -2.05609835E-02  3.83836351E-02  0.00000000E+00
   47600  6.44108371E-03 -7.49969152E-03 -1.75611945E-03  1.00407613E-02  0.00000000E+00
   47700 -3.42294880E-03  7.54731182E-04 -1.04934801E-02  1.10634227E-02  0.00000000E+00
   47800 -6.43195284E-03  1.55780630E-03 -7.75956853E-03  1.01984156E-02  0.00000000E+00
   47900 -8.68289655E-03 -1.29719206E-02  9.70385814E-03  1.83801055E-02  0.00000000E+00
   48000  2.97712151E-03  2.93364746E-03  4.36149355E-03  6.04087459E-03  0.00000000E+00
   48100  8.10128410E-03  8.00138322E-03  2.64376423E-02  2.87854454E-02  0.00000000E+00
   48200 -1.19740671E-02  7.71625182E-03  2.29182566E-02  2.69845384E-02  0.00000000E+00
   48300  8.02150100E-03 -4.03965668E-03  1.87763344E-02  2.08137944E-02  0.00000000E+00
   48400  1.00124226E-02 -1.46378436E-03 -4.90164054E-03  1.12435471E-02  0.00000000E+00
   48500 -2.31210893E-02 -1.81580108E-02  7.42868927E-03  3.03229871E-02  0.00000000E+00
   48600 -4.30696028E-03 -9.48030447E-03  1.35406875E-02  1.70814606E-02  0.00000000E+00
   48700  6.40146890E-03 -5.99608522E-03 -4.67245182E-03  9.93799014E-03  0.00000000E+00
   48800 -7.17924243E-04 -1.12720382E-02  4.46824894E-03  1.21465842E-02  0.00000000E+00
   48900 -5.40575215E-03  8.70781226E-03 -2.12292873E-02  2.35739430E-02  0.00000000E+00
   49000  6.17386030E-03  8.53561702E-03  1.81228346E-02  2.09621192E-02  0.00000000E+00
   49100 -9.09492318E-03  4.34713653E-03 -2.32412073E-02  2.53331589E-02  0.00000000E+00
   49200  2.09247162E-03  9.43778395E-03  1.77246567E-03  9.82811467E-03  0.00000000E+00
   49300 -1.01174387E-02 -7.39569330E-04 -1.65655222E-02  1.94248823E-02  0.00000000E+00
   49400 -2.00656894E-02 -7.70972021E-03  2.14126124E-02  3.03409236E-02  0.00000000E+00
   49500 -9.28481932E-03  1.36935645E-02 -1.14457092E-02  2.01177990E-02  0.00000000E+00
   49600 -2.14059691E-02  1.89939720E-02  2.22828600E-02  3.62699922E-02  0.00000000E+00
   49700 -3.96488673E-02 -1.88162445E-02 -1.28933287E-02  4.57419027E-02  0.00000000E+00
   49800  4.80410690E-03  6.47240015E-03  2.07430028E-03  8.32310810E-03  0.00000000E+00
   49900 -1.68340911E-02 -6.96690036E-04  9.90653758E-04  1.68776004E-02  0.00000000E+00
   50000 -4.01221669E-02 -1.88448929E-02 -2.20653730E-03  4.43822833E-02  0.00000000E+00
   50100 -6.48271324E-03 -1.00713385E-02 -3.02707980E-03  1.23539727E-02  0.00000000E+00
   50200 -1.24364812E-02 -5.11192861E-04  1.16539830E-02  1.70511789E-02  0.00000000E+00
   50300  2.99977620E-04 -6.60118755E-03  1.63310514E-04  6.61001770E-03  0.00000000E+00
   50400  9.60952816E-03 -1.18116812E-02 -3.44801307E-03  1.56124193E-02  0.00000000E+00
   50500  8.96148801E-03 -2.97423092E-03  7.26500853E-03  1.19136336E-02  0.00000000E+00
   50600  8.94091307E-03  8.44878538E-03  1.37125508E-02  1.84216164E-02  0.00000000E+00
   50700 -1.85442277E-02  5.32295839E-03  1.66807464E-02  2.55043049E-02  0.00000000E+00
   50800  5.86092564E-03  9.21079331E-06  7.87959365E-03  9.82031213E-03  0.00000000E+00
   50900 -2.51420421E-03  8.77614377E-03  9.68966719E-03  1.33128349E-02  0.00000000E+00
   51000  1.51208251E-02  4.44914944E-04 -4.38493419E-03  1.57500778E-02  0.00000000E+00
   51100 -1.17507000E-02  5.06329039E-03  9.87190837E-03  1.61607684E-02  0.00000000E+00
   51200  1.56648993E-02 -5.15773132E-03 -2.43780699E-02  2.94326613E-02  0.00000000E+00
   51300 -4.53119991E-03 -1.54153253E-02  2.71347553E-03  1.62949985E-02  0.00000000E+00
   51400 -9.19354103E-03  1.01999861E-03 -4.77663585E-03  1.04104680E-02  0.00000000E+00
   51500  5.50610462E-03 -6.18327595E-04 -2.74151839E-02  2.79694802E-02  0.00000000E+00
   51600 -2.14279235E-02 -1.58279942E-02 -6.12875819E-03  2.73357455E-02  0.00000000E+00
   51700 -7.33060917E-03  1.68888010E-02  1.96024947E-02  2.68928843E-02  0.00000000E+00
   51800  1.08901958E-02  9.19536666E-03 -3.38796239E-03  1.46502362E-02  0.00000000E+00
   51900  7.76023635E-03  1.40247439E-02 -1.30910257E-02  2.06951603E-02  0.00000000E+00
   52000 -7.03559154E-03  9.25383997E-03  8.61719270E-03  1.44702838E-02  0.00000000E+00
   52100 -2.62901925E-03 -5.78763373E-03  1.45785250E-03  6.52179272E-03  0.00000000E+00
   52200 -2.03980563E-02  1.03230499E-02 -1.19753455E-03  2.28927969E-02  0.00000000E+00
   52300 -1.64134213E-02 -1.22113343E-03  5.33136806E-03  1.73007240E-02  0.00000000E+00
   52400 -2.48497692E-03 -1.75363253E-03  1.22866384E-02  1.26574808E-02  0.00000000E+00
   52500 -5.71366061E-04  1.34197929E-02 -1.26441991E-02  1.84470342E-02  0.00000000E+00
   52600 -2.49979851E-03  4.93935055E-03 -9.08151739E-03  1.06357950E-02  0.00000000E+00
   52700 -8.86215987E-04 -7.99259419E-03 -6.67428923E-03  1.04505061E-02  0.00000000E+00
   52800  1.66420411E-02 -1.47159338E-02 -8.59141220E-03  2.38186608E-02  0.00000000E+00
   52900 -4.49629415E-03 -2.59146036E-02  5.49028288E-03  2.68686909E-02  0.00000000E+00
   53000  1.00952227E-02  1.40584342E-02 -1.48952774E-02  2.28346750E-02  0.00000000E+00
   53100 -1.25173564E-02  1.57878132E-02  1.31848229E-02  2.40785966E-02  0.00000000E+00
   53200  1.27242439E-02 -1.72084615E-02  4.28393360E-03  2.18263514E-02  0.00000000E+00
   53300  1.79940625E-02  4.11547277E-03 -3.91930597E-03  1.88701976E-02  0.00000000E+00
   53400  5.78621619E-03 -6.01387003E-03 -6.78468723E-03  1.07554131E-02  0.00000000E+00
   53500  2.88212984E-03  7.10378914E-03 -1.52651170E-02  1.70819873E-02  0.00000000E+00
   53600  8.30113857E-03 -1.13317697E-02  5.76074667E-03  1.51823618E-02  0.00000000E+00
   53700  3.64717374E-03 -6.06682034E-03  1.64850901E-03  7.26813368E-03  0.00000000E+00
   53800 -1.22071523E-03  2.42155959E-03  8.32873104E-03  8.75910139E-03  0.00000000E+00
   53900 -6.38427469E-03  1.84688753E-02 -8.61039097E-03  2.13540898E-02  0.00000000E+00
   54000 -4.17316883E-03  3.77725898E-03  8.18087146E-03  9.93024075E-03  0.00000000E+00
   54100  1.85809340E-02 -1.02949582E-02 -2.96844774E-03  2.14487518E-02  0.00000000E+00
   54200  9.90653237E-03  9.42298265E-03  7.67788442E-03  1.56806216E-02  0.00000000E+00
   54300 -9.29766511E-03 -1.83869842E-04 -9.71772462E-03  1.34504482E-02  0.00000000E+00
   54400  6.19570036E-04  3.33391814E-03 -5.55940460E-03  6.51197794E-03  0.00000000E+00
   54500 -7.49656245E-03 -2.60069511E-03 -3.38742519E-03  8.62767136E-03  0.00000000E+00
   54600 -1.01288977E-03 -1.79143866E-02  1.18129462E-02  2.14824787E-02  0.00000000E+00
   54700 -5.65685946E-03 -3.29351512E-02 -1.02815452E-02  3.49633296E-02  0.00000000E+00
   54800 -5.45389977E-03  1.14099468E-02  3.73179583E-03  1.31855303E-02  0.00000000E+00
   54900  1.37818077E-02  9.33984111E-03 -9.72386826E-03  1.92801574E-02  0.00000000E+00
   55000  1.10800951E-02 -6.38077142E-03  1.38611931E-02  1.88577683E-02  0.00000000E+00
   55100 -1.15637963E-02 -1.59024396E-02 -1.59856829E-02  2.53406990E-02  0.00000000E+00
   55200  7.14201248E-03  1.36914607E-02  2.20472661E-03  1.55988864E-02  0.00000000E+00
   55300 -3.45998391E-02  3.74956791E-03  7.81353856E-03  3.56687469E-02  0.00000000E+00
   55400  2.02092370E-03 -9.19150648E-03  3.27565634E-03  9.96483057E-03  0.00000000E+00
   55500 -1.84088933E-02 -9.30217956E-03 -1.74862565E-04  2.06264024E-02  0.00000000E+00
   55600 -7.95170875E-03 -3.09297896E-03 -1.16108499E-02  1.44086094E-02  0.00000000E+00
   55700 -1.12530999E-02 -1.30332117E-02 -2.22550675E-02  2.81386725E-02  0.00000000E+00
   55800 -1.33390056E-02 -1.28205340E-02 -6.26786801E-03  1.95341069E-02  0.00000000E+00
   55900  4.83318515E-03  4.21191949E-03 -1.39731858E-03  6.56143610E-03  0.00000000E+00
   56000 -2.04730856E-02  2.59559404E-02 -4.15772061E-04  3.30610185E-02  0.00000000E+00
   56100 -9.63760374E-03  1.10559286E-02  2.09985393E-02  2.56135827E-02  0.00000000E+00
   56200 -1.39913756E-02 -1.08884914E-02  4.87327154E-03  1.83865878E-02  0.00000000E+00
   56300  5.13752977E-03 -8.40407761E-03  4.00619629E-03  1.06335479E-02  0.00000000E+00
   56400  1.98237443E-02 -2.25643045E-05  8.35755931E-04  1.98413668E-02  0.00000000E+00
   56500  3.74237500E-03 -8.29348889E-03  1.40793360E-02  1.67635030E-02  0.00000000E+00
   56600  6.10107037E-03 -2.50093679E-03  1.35276233E-02  1.50490643E-02  0.00000000E+00
   56700 -2.27256978E-03 -1.26656298E-03 -2.85703004E-03  3.86411385E-03  0.00000000E+00
   56800 -1.36036373E-02 -8.94045754E-03  9.74062376E-03  1.89702525E-02  0.00000000E+00
   56900 -1.20746226E-03  1.32693897E-03  5.52024020E-03  5.80446243E-03  0.00000000E+00
   57000 -1.00377588E-02 -4.04343736E-03  1.75905983E-02  2.06527271E-02  0.00000000E+00
   57100 -4.53206160E-03  1.06606275E-02  2.73839966E-02  2.97333454E-02  0.00000000E+00
   57200  8.20104895E-03 -1.32115077E-02  6.81143912E-03  1.69763613E-02  0.00000000E+00
   57300  1.56460985E-02 -1.90160158E-02 -2.94600522E-03  2.48009718E-02  0.00000000E+00
   57400  9.60538377E-03 -2.50023165E-03  1.47725419E-02  1.77972624E-02  0.00000000E+00
   57500  9.12143575E-04  1.00050522E-02  8.66935033E-03  1.32699175E-02  0.00000000E+00
   57600 -1.84447738E-03 -1.30607118E-02  1.75660563E-03  1.33067634E-02  0.00000000E+00
   57700 -2.22129957E-02 -2.10115206E-03  2.47244155E-02  3.33035845E-02  0.00000000E+00
   57800  9.69341117E-03 -1.83904646E-02 -4.21844428E-03  2.12124181E-02  0.00000000E+00
   57900  2.91958731E-03 -1.13515824E-03  6.95887636E-03  7.63141760E-03  0.00000000E+00
   58000  1.40983679E-02 -9.37242572E-03 -1.12140786E-02  2.03066960E-02  0.00000000E+00
   58100  8.18943763E-03  1.00366228E-02  9.64309258E-03  1.61489913E-02  0.00000000E+00
   58200  1.00987965E-02  4.27846533E-03 -5.36372960E-03  1.22090356E-02  0.00000000E+00
   58300 -1.08088411E-02  5.82228146E-03 -8.88299821E-04  1.23093089E-02  0.00000000E+00
   58400 -9.35177076E-03  1.53203461E-02 -2.98104876E-03  1.81949243E-02  0.00000000E+00
   58500 -3.93557419E-03 -7.44302421E-03 -1.21022016E-02  1.47428165E-02  0.00000000E+00
   58600  2.64516735E-03  1.91864920E-02 -4.71375279E-03  1.99333352E-02  0.00000000E+00
   58700  2.59697863E-02  1.34508689E-03  1.21460639E-03  2.60329470E-02  0.00000000E+00
   58800 -1.44627884E-02  1.21754876E-02 -8.99658160E-03  2.09368867E-02  0.00000000E+00
   58900 -1.37331380E-02 -4.58876963E-03 -5.10240473E-04  1.44884862E-02  0.00000000E+00
   59000  8.49541661E-03  5.01153571E-03 -4.54389981E-03  1.08597707E-02  0.00000000E+00
   59100  1.03261305E-02  2.68492742E-03  1.12078417E-03  1.07281855E-02  0.00000000E+00
   59200  1.62480231E-02  1.05332388E-02  1.33681610E-02  2.35298768E-02  0.00000000E+00
   59300  2.69742687E-03  4.50664692E-03  4.50791384E-03  6.92150745E-03  0.00000000E+00
   59400 -1.17805781E-02 -1.47716401E-02  9.82502458E-03  2.12958794E-02  0.00000000E+00
   59500  2.00404544E-02  3.21406035E-02  2.59359128E-02  4.59054439E-02  0.00000000E+00
   59600 -9.89084411E-03  1.21882332E-02  1.25297264E-02  2.00842194E-02  0.00000000E+00
   59700 -8.43267822E-03 -9.63060784E-03  1.86446515E-02  2.26159611E-02  0.00000000E+00
   59800 -2.63364665E-02 -1.23051063E-02 -1.02954012E-02  3.08386185E-02  0.00000000E+00
   59900  1.65409251E-02 -5.88322386E-03  7.76558671E-04  1.75732060E-02  0.00000000E+00
   60000  8.47593690E-03 -6.56522124E-03  2.11332449E-03  1.09274781E-02  0.00000000E+00
   60100 -1.18961599E-02 -7.04661896E-03 -7.40882038E-03  1.56864298E-02  0.00000000E+00
   60200 -1.29130935E-02  1.03218210E-02 -5.43967221E-03  1.74033907E-02  0.00000000E+00
   60300  9.76920817E-03  2.09793775E-02 -1.12962209E-02  2.57522099E-02  0.00000000E+00
   60400 -2.72971646E-02  2.48448820E-02 -7.70873310E-03  3.77071336E-02  0.00000000E+00
   60500  1.09945678E-03  3.41154102E-03 -7.65080844E-04  3.66507381E-03  0.00000000E+00
   60600 -8.48743943E-03  1.46165985E-02 -6.95508639E-04  1.69164213E-02  0.00000000E+00
   60700  7.24219978E-03  3.96345501E-03  1.40167881E-03  8.37395586E-03  0.00000000E+00
   60800  8.03928963E-03  4.65856235E-04 -1.38522119E-02  1.60228267E-02  0.00000000E+00
   60900  8.16211132E-03  1.24105611E-03  5.64957534E-03  1.00038984E-02  0.00000000E+00
   61000  9.57759195E-03 -5.82831218E-03 -4.39008897E-03  1.20404473E-02  0.00000000E+00
   61100  4.13314458E-03 -1.36512673E-02  9.93353361E-03  1.73814577E-02  0.00000000E+00
   61200  1.53460977E-02 -1.57567637E-02 -2.45152426E-04  2.19963273E-02  0.00000000E+00
   61300 -2.24779990E-02  1.06725471E-02 -3.88743696E-03  2.51848340E-02  0.00000000E+00
   61400  6.00753256E-03 -1.96413751E-03 -3.57533521E-03  7.26163242E-03  0.00000000E+00
   61500  1.42263270E-02 -1.22430734E-02 -1.22149180E-02  2.23938707E-02  0.00000000E+00
   61600  1.59974268E-02  1.73639625E-02  3.43751386E-03  2.38587795E-02  0.00000000E+00
   61700 -9.09619427E-03 -5.22126319E-03 -8.73759188E-03  1.36509286E-02  0.00000000E+00
   61800 -4.09824592E-03  1.50346410E-02  1.81329976E-03  1.56883430E-02  0.00000000E+00
   61900 -8.07374685E-03 -1.60409602E-02 -2.00921539E-03  1.80702723E-02  0.00000000E+00
   62000  1.29871991E-02 -1.11115822E-02 -1.37830143E-02  2.19569143E-02  0.00000000E+00
   62100  6.90276177E-03  7.93843124E-03  1.29637908E-02  1.66951096E-02  0.00000000E+00
   62200  1.56750360E-04 -1.30982679E-02 -1.23585811E-02  1.80089900E-02  0.00000000E+00
   62300  1.31239676E-02  1.80339658E-03 -1.23652600E-02  1.81215457E-02  0.00000000E+00
   62400 -1.09472575E-03  1.26542237E-02 -3.72083445E-03  1.32352715E-02  0.00000000E+00
   62500  1.54461623E-02 -1.22713986E-02  2.98926167E-03  1.99526148E-02  0.00000000E+00
   62600  1.87104881E-02 -7.02714772E-03  6.40035282E-03  2.09863690E-02  0.00000000E+00
   62700  1.41789041E-02  3.48415139E-03 -2.07175475E-02  2.53455599E-02  0.00000000E+00
   62800 -7.66171746E-03  3.83438702E-03  1.99508611E-02  2.17126990E-02  0.00000000E+00
   62900  2.64050224E-03  7.05131299E-03 -1.65671357E-02  1.81978915E-02  0.00000000E+00
   63000  8.83490431E-03  9.33663730E-03 -1.01662821E-03  1.28942570E-02  0.00000000E+00
   63100 -2.23224915E-02  3.42688371E-02  8.37922532E-03  4.17475537E-02  0.00000000E+00
   63200 -1.34886858E-03  1.14907350E-02 -1.38457117E-02  1.80432860E-02  0.00000000E+00
   63300  7.86880379E-03 -2.06797884E-02  9.11086319E-03  2.39286345E-02  0.00000000E+00
   63400 -2.60289697E-03 -7.35041763E-03  1.17619938E-02  1.41119882E-02  0.00000000E+00
   63500 -1.27357021E-02 -1.76464107E-02 -1.14104611E-02  2.45721904E-02  0.00000000E+00
   63600  1.05747960E-02 -1.26191895E-02  4.10331581E-03  1.69678359E-02  0.00000000E+00
   63700  9.50692761E-03  1.72428530E-02 -2.07052997E-03  1.97986047E-02  0.00000000E+00
   63800  1.26654252E-03 -3.82138280E-03 -7.19709124E-03  8.24652768E-03  0.00000000E+00
   63900 -5.39003635E-03 -2.44093430E-03  7.32050972E-03  9.41278464E-03  0.00000000E+00
   64000  1.13546452E-02 -2.56105943E-02  1.38706719E-02  3.12606150E-02  0.00000000E+00
   64100  1.09095450E-02 -1.42453786E-02  3.42625365E-03  1.82671344E-02  0.00000000E+00
   64200  6.21183549E-04  1.97431488E-02 -1.98410173E-02  2.79972099E-02  0.00000000E+00
   64300  8.83040996E-03 -1.48995138E-03  1.36401789E-02  1.63171865E-02  0.00000000E+00
   64400 -1.81009979E-03  3.09759687E-03  3.35725495E-04  3.60337053E-03  0.00000000E+00
   64500  3.23028513E-02 -7.24388555E-03 -3.05953595E-04  3.31065204E-02  0.00000000E+00
   64600  4.47082731E-03  1.41376870E-03 -5.29039598E-03  7.06932305E-03  0.00000000E+00
   64700 -2.05518806E-02 -2.19199046E-03 -4.79911248E-04  2.06740159E-02  0.00000000E+00
   64800 -2.21201426E-03  4.03152585E-03 -1.95042009E-03  4.99503216E-03  0.00000000E+00
   64900 -2.36389702E-04  8.27978702E-03  1.07483584E-02  1.35697443E-02  0.00000000E+00
   65000  4.92194080E-03 -1.03274105E-02 -3.09082634E-03  1.18504901E-02  0.00000000E+00
   65100 -2.04931686E-02 -1.02627947E-02 -3.09269465E-03  2.31270334E-02  0.00000000E+00
   65200 -2.03497257E-02  2.22557888E-02  3.69127958E-03  3.03818534E-02  0.00000000E+00
   65300  1.15869736E-02  6.43422893E-03 -4.84820347E-03  1.41124886E-02  0.00000000E+00
   65400 -4.53645293E-03  2.07995329E-02  9.13716785E-03  2.31665235E-02  0.00000000E+00
   65500  9.92737486E-03 -6.22819829E-03 -1.03295957E-03  1.17647878E-02  0.00000000E+00
   65600  1.97518236E-02 -2.03974109E-03  4.43432224E-03  2.03459650E-02  0.00000000E+00
   65700  1.72315115E-02 -5.02995701E-03  3.37414848E-03  1.82650030E-02  0.00000000E+00
   65800 -2.82097100E-02 -1.51822846E-02  6.00051138E-03  3.25928771E-02  0.00000000E+00
   65900  2.94215354E-02  1.64603147E-02 -1.40580444E-03  3.37423324E-02  0.00000000E+00
   66000  2.45636711E-02  2.24634419E-03 -1.04782533E-03  2.46884171E-02  0.00000000E+00
   66100  2.22519100E-03 -1.11561381E-02  1.20972727E-02  1.66058694E-02  0.00000000E+00
   66200  1.05080232E-02  1.64629943E-02 -5.48032428E-04  1.95383999E-02  0.00000000E+00
   66300 -1.36190820E-02 -1.07300274E-03  3.52869642E-03  1.41096573E-02  0.00000000E+00
   66400  5.07507625E-03 -3.05692804E-03  1.29365052E-02  1.42286463E-02  0.00000000E+00
   66500 -1.70629782E-02 -2.12747958E-02  6.24852909E-03  2.79786754E-02  0.00000000E+00
   66600 -2.03903919E-02 -4.08994556E-03  3.80813895E-03  2.11423192E-02  0.00000000E+00
   66700 -1.54619449E-02  9.46145614E-03  2.72727540E-04  1.81291277E-02  0.00000000E+00
   66800  8.22835544E-03 -8.86098270E-03  1.31147763E-02  1.78387277E-02  0.00000000E+00
   66900  8.32591672E-03  1.69981090E-02 -3.77610309E-03  1.93006620E-02  0.00000000E+00
   67000 -1.24460564E-02  1.70985537E-02 -3.06561274E-03  2.13696711E-02  0.00000000E+00
   67100 -1.14813086E-02  4.76488950E-03 -1.47074288E-03  1.25174959E-02  0.00000000E+00
   67200  2.36654031E-03 -9.70878862E-03  8.16944253E-03  1.29073964E-02  0.00000000E+00
   67300 -1.46118930E-02  6.02840177E-03 -3.13385766E-03  1.61142828E-02  0.00000000E+00
   67400  2.25984342E-02  8.59521268E-03 -6.83623134E-03  2.51257034E-02  0.00000000E+00
   67500  1.39156375E-02 -9.82170037E-03  1.70132580E-02  2.40740880E-02  0.00000000E+00
   67600  6.41545951E-03 -1.22177282E-02  6.18749268E-04  1.38135388E-02  0.00000000E+00
   67700  1.43668190E-02  1.02238658E-02  2.52497885E-03  1.78131535E-02  0.00000000E+00
   67800 -1.41783163E-02  9.08066216E-03 -1.63730251E-03  1.69163778E-02  0.00000000E+00
   67900 -1.02136491E-02  5.25949950E-03 -1.92080829E-02  2.23814971E-02  0.00000000E+00
   68000 -1.22038403E-02 -1.32453686E-02  6.14474263E-03  1.90297496E-02  0.00000000E+00
   68100  8.11415149E-03 -8.93140854E-03 -1.36102178E-02  1.81892150E-02  0.00000000E+00
   68200  2.11749827E-02 -2.43798180E-02  1.02032240E-02  3.38653392E-02  0.00000000E+00
   68300 -5.00008858E-03 -5.02754446E-03  5.09193243E-03  8.72953979E-03  0.00000000E+00
   68400  3.36001995E-03  9.81311982E-03  2.48499668E-02  2.69278277E-02  0.00000000E+00
   68500 -1.90760422E-03  1.72879682E-02 -6.44344287E-03  1.85480661E-02  0.00000000E+00
   68600 -9.90908920E-03  9.17039052E-03 -4.51020842E-03  1.42347494E-02  0.00000000E+00
   68700 -4.66568921E-03  3.78162844E-03 -2.93806621E-02  2.99882089E-02  0.00000000E+00
   68800 -7.12630972E-04 -8.74427195E-03  8.34778130E-03  1.21101440E-02  0.00000000E+00
   68900  5.40480287E-03  4.38856903E-03 -7.09228926E-05  6.96250403E-03  0.00000000E+00
   69000 -1.22076498E-02 -1.08954843E-02  8.12464205E-03  1.82687739E-02  0.00000000E+00
   69100  2.09095048E-02  1.16202162E-03 -5.50945136E-03  2.16543700E-02  0.00000000E+00
   69200 -7.80749284E-03 -1.16557814E-02 -1.63178371E-02  2.15194329E-02  0.00000000E+00
   69300 -3.86070932E-03  3.49053701E-03  2.42952225E-03  5.74382306E-03  0.00000000E+00
   69400  5.05987177E-03  1.41248730E-03  5.65282589E-03  7.71698538E-03  0.00000000E+00
   69500  1.19647003E-02 -8.17225933E-03  1.54654068E-02  2.11924204E-02  0.00000000E+00
   69600  2.10843633E-02 -2.38134875E-03 -3.96742738E-03  2.15861455E-02  0.00000000E+00
   69700  1.06618166E-02 -5.19073513E-03  2.31456783E-02  2.60065470E-02  0.00000000E+00
   69800 -8.69527539E-03 -5.34083756E-03  1.31703106E-02  1.66610156E-02  0.00000000E+00
   69900 -5.78287989E-03 -7.00525954E-03  3.52895377E-03  9.74519758E-03  0.00000000E+00
   70000 -4.67214028E-03  3.43692071E-03  1.22366109E-02  1.35416382E-02  0.00000000E+00
   70100  1.29695960E-02  1.26017063E-02  2.31219509E-03  1.82307342E-02  0.00000000E+00
   70200 -4.75765676E-03 -2.12186799E-02 -9.57178251E-03  2.37589287E-02  0.00000000E+00
   70300 -9.12291172E-03 -1.35590772E-02  1.28792698E-03  1.63931342E-02  0.00000000E+00
   70400  8.33080292E-03  3.61726173E-03  2.18430368E-02  2.36559742E-02  0.00000000E+00
   70500 -7.33758118E-03 -1.00556809E-02  3.08847581E-02  3.32990255E-02  0.00000000E+00
   70600  1.21442279E-03 -1.16343473E-02  5.89169199E-03  1.30975148E-02  0.00000000E+00
   70700  9.44776595E-03  1.63775497E-02  1.11284119E-03  1.89399797E-02  0.00000000E+00
   70800 -2.71792384E-03  9.29423868E-03 -1.36028872E-04  9.68444560E-03  0.00000000E+00
   70900 -2.29279823E-04  8.20200903E-03  9.03177709E-03  1.22023981E-02  0.00000000E+00
   71000 -4.12375579E-04  1.41265732E-02 -1.37412787E-02  1.97117443E-02  0.00000000E+00
   71100 -1.10778870E-02 -1.72026012E-02  8.76623422E-03  2.22597378E-02  0.00000000E+00
   71200 -2.15615557E-02 -1.12508510E-02  8.67987438E-03  2.58229075E-02  0.00000000E+00
   71300 -3.26431314E-03 -2.57009306E-03 -2.05772978E-02  2.09925297E-02  0.00000000E+00
   71400  1.07342524E-02  1.37924788E-02  1.95873358E-03  1.75867360E-02  0.00000000E+00
   71500 -1.78765776E-03 -7.25221366E-04 -3.22015164E-03  3.75380379E-03  0.00000000E+00
   71600  1.23208726E-02  5.37042456E-03  1.53510466E-02  2.04034310E-02  0.00000000E+00
   71700  1.95080937E-02 -2.10884780E-03 -3.19205569E-03  1.98796927E-02  0.00000000E+00
   71800 -3.25301255E-03 -6.41861351E-03 -5.03280483E-03  8.78121943E-03  0.00000000E+00
   71900  7.80491562E-03 -1.04284845E-02 -1.38264339E-02  1.89957961E-02  0.00000000E+00
   72000 -1.41964901E-02 -1.17415429E-02  7.07195211E-03  1.97336430E-02  0.00000000E+00
   72100  2.11719033E-02  8.50552025E-03  1.96697239E-02  3.01245980E-02  0.00000000E+00
   72200 -1.07700531E-03  1.31225887E-02  1.06490512E-02  1.69341244E-02  0.00000000E+00
   72300 -4.16562306E-03  1.46959745E-02  4.44891259E-03  1.59096482E-02  0.00000000E+00
   72400  2.19433714E-02  1.18538578E-02  3.12280829E-03  2.51351830E-02  0.00000000E+00
   72500 -1.00088478E-02  1.57360322E-03 -2.36873642E-03  1.04050072E-02  0.00000000E+00
   72600  1.77381752E-03  2.40135740E-02 -2.50495437E-02  3.47459034E-02  0.00000000E+00
   72700  1.80830747E-02 -1.61528690E-02 -1.21500999E-02  2.71207982E-02  0.00000000E+00
   72800  2.74847405E-02  3.14572511E-03  1.05978705E-02  2.96246756E-02  0.00000000E+00
   72900  6.26282303E-03  2.72176030E-03  8.50712558E-04  6.88147101E-03  0.00000000E+00
   73000 -6.78489452E-03 -3.38800870E-03  1.40588489E-02  1.59738733E-02  0.00000000E+00
   73100  1.45369125E-03 -1.56600786E-02 -6.28856086E-03  1.69380423E-02  0.00000000E+00
   73200  1.03117085E-02  5.10889889E-03  1.46729883E-02  1.86474869E-02  0.00000000E+00
   73300 -2.55392656E-03  1.82361856E-02  1.55086913E-02  2.40748938E-02  0.00000000E+00
   73400  3.63570532E-03  8.60074533E-04  1.08137905E-02  1.14409854E-02  0.00000000E+00
   73500  1.11219881E-02 -1.91597297E-02  6.59591245E-03  2.31149286E-02  0.00000000E+00
   73600  1.30520039E-02  4.87730871E-03  5.61976597E-05  1.39336321E-02  0.00000000E+00
   73700 -8.29713435E-03  3.11284704E-02  4.72446048E-03  3.25598623E-02  0.00000000E+00
   73800  1.60018235E-02  1.00210126E-02 -1.26220682E-05  1.88806570E-02  0.00000000E+00
   73900  6.89847689E-03 -8.86195753E-04 -1.05445154E-02  1.26317509E-02  0.00000000E+00
   74000  2.48271698E-02  3.34294817E-02  4.42665440E-03  4.18749791E-02  0.00000000E+00
   74100 -4.59990379E-03  6.13775874E-05 -2.50045226E-03  5.23594725E-03  0.00000000E+00
   74200  1.57065738E-03  2.28735436E-03 -9.31610735E-03  9.72053552E-03  0.00000000E+00
   74300  7.50952374E-03 -2.21164917E-02 -2.12638921E-03  2.34532233E-02  0.00000000E+00
   74400  1.81953108E-03 -5.47762085E-03  1.69524611E-03  6.01571965E-03  0.00000000E+00
   74500 -1.60594346E-03 -4.21299812E-03 -6.96687040E-03  8.29853545E-03  0.00000000E+00
   74600 -1.40761243E-02 -7.17151406E-03  1.77491110E-03  1.58971129E-02  0.00000000E+00
   74700  2.09408340E-02  1.40915210E-02  1.36373388E-02  2.86891357E-02  0.00000000E+00
   74800  4.80226250E-03  1.79394050E-02 -2.03653917E-02  2.75614433E-02  0.00000000E+00
   74900 -6.59560034E-04  1.63488584E-02  3.93507343E-03  1.68286955E-02  0.00000000E+00
   75000  4.05354866E-03 -4.28776607E-03 -1.08433837E-02  1.23448436E-02  0.00000000E+00
   75100 -3.14904615E-04  4.46309402E-03 -1.66723013E-02  1.72622132E-02  0.00000000E+00
   75200 -1.49719731E-02  1.15826478E-03  2.50475462E-02  2.92041286E-02  0.00000000E+00
   75300 -2.28447334E-03  8.33101287E-03  1.48916584E-02  1.72158672E-02  0.00000000E+00
   75400  1.00984505E-03 -7.82144641E-03  1.05413987E-02  1.31649496E-02  0.00000000E+00
   75500  7.38339955E-03 -1.99413906E-02 -3.75934568E-02  4.31907587E-02  0.00000000E+00
   75600 -1.31799546E-02  8.87386368E-03 -4.51136426E-04  1.58952881E-02  0.00000000E+00
   75700 -3.46552795E-03  1.05657226E-02 -9.95223700E-04  1.11639978E-02  0.00000000E+00
   75800  3.49584868E-03 -2.51902322E-02 -8.39561533E-04  2.54455029E-02  0.00000000E+00
   75900 -7.55117389E-03  1.43280713E-02  5.33083362E-03  1.70508546E-02  0.00000000E+00
   76000  1.18900539E-03  9.51203733E-03 -1.33268512E-02  1.64163806E-02  0.00000000E+00
   76100  8.31108922E-03 -1.48003788E-02 -1.95230900E-03  1.70861619E-02  0.00000000E+00
   76200  1.96383205E-02 -4.06838525E-03 -2.91745925E-02  3.54029976E-02  0.00000000E+00
   76300  7.11640821E-03  5.23809093E-04 -1.71587831E-02  1.85833656E-02  0.00000000E+00
   76400  1.24248009E-02  9.07050601E-03 -3.75215556E-03  1.58344065E-02  0.00000000E+00
   76500 -7.21675185E-03  1.66363583E-02  1.47088248E-02  2.33495065E-02  0.00000000E+00
   76600  1.97017845E-03 -7.56661858E-03 -3.64488365E-05  7.81899279E-03  0.00000000E+00
   76700  4.09080821E-03  1.05059823E-02  5.10335769E-03  1.23755660E-02  0.00000000E+00
   76800  6.71248819E-03  7.41336968E-03  1.39501008E-03  1.00976037E-02  0.00000000E+00
   76900 -4.54683696E-05 -7.32362078E-03 -9.54451668E-03  1.20305980E-02  0.00000000E+00
   77000  2.12348441E-02  1.67601647E-02  1.46937047E-02  3.07851698E-02  0.00000000E+00
   77100  6.23249652E-03  2.22153679E-04  1.43310897E-02  1.56292513E-02  0.00000000E+00
   77200 -2.31878859E-02  1.08674668E-02 -1.50901838E-02  2.97236192E-02  0.00000000E+00
   77300 -4.60681395E-03  9.63929318E-03 -2.95493068E-04  1.06876575E-02  0.00000000E+00
   77400 -1.25459541E-02  1.03166438E-02  4.20454596E-03  1.67783286E-02  0.00000000E+00
   77500 -2.87779215E-03  1.12927467E-02 -2.15700568E-03  1.18516028E-02  0.00000000E+00
   77600  1.68418136E-02  1.15948208E-02 -8.71113480E-03  2.22254454E-02  0.00000000E+00
   77700 -2.68171943E-03  9.56437628E-03 -1.25742343E-02  1.60243652E-02  0.00000000E+00
   77800  1.17404595E-02  8.23808576E-03 -5.00046569E-03  1.51891113E-02  0.00000000E+00
   77900 -5.77674620E-03 -1.70999422E-02 -1.57180681E-02  2.39340027E-02  0.00000000E+00
   78000  5.24268196E-03  8.49832531E-03  1.31711837E-02  1.65283795E-02  0.00000000E+00
   78100  1.42401450E-03 -1.05465003E-02  1.82598348E-04  1.06437695E-02  0.00000000E+00
   78200  4.43387617E-03 -1.63818901E-02  8.25297789E-03  1.88715984E-02  0.00000000E+00
   78300 -1.48647645E-02 -1.00194900E-02 -1.33713848E-04  1.79267756E-02  0.00000000E+00
   78400  1.31887416E-02 -3.78201471E-03  1.59934621E-02  2.10721943E-02  0.00000000E+00
   78500 -8.90079786E-03 -1.16189280E-02 -1.81774612E-02  2.33376046E-02  0.00000000E+00
   78600 -5.46393749E-03  7.09295498E-03 -1.77777446E-03  9.12825861E-03  0.00000000E+00
   78700 -1.35526209E-02  2.64806754E-02  7.04631573E-03  3.05704149E-02  0.00000000E+00
   78800  8.66975503E-04 -7.80762852E-03  7.03244296E-03  1.05435271E-02  0.00000000E+00
   78900  3.03832842E-04  4.58652151E-03 -9.37125202E-03  1.04378570E-02  0.00000000E+00
   79000  1.30525832E-02 -1.25272400E-02  2.42261565E-02  3.02358781E-02  0.00000000E+00
   79100  1.00755771E-02  2.91128433E-02 -1.24274821E-02  3.32192295E-02  0.00000000E+00
   79200 -1.76293240E-02  1.88956989E-02  6.65634287E-04  2.58511812E-02  0.00000000E+00
   79300 -1.65083416E-02  4.84605794E-03 -5.30459705E-03  1.80041209E-02  0.00000000E+00
   79400 -1.12571016E-02 -1.34693720E-02  1.26101428E-02  2.16139311E-02  0.00000000E+00
   79500 -1.66971982E-02 -1.57739493E-03 -1.33589061E-02  2.14416645E-02  0.00000000E+00
   79600  1.13724861E-02 -6.32696237E-05  2.61998586E-03  1.16705514E-02  0.00000000E+00
   79700 -1.79804435E-03 -7.41188837E-03  1.90782929E-02  2.05462968E-02  0.00000000E+00
   79800  8.42991198E-03 -7.44790076E-03  1.81279209E-02  2.13343891E-02  0.00000000E+00
   79900  7.93831140E-04 -2.29312701E-02 -7.42245595E-03  2.41156830E-02  0.00000000E+00
   80000  7.09586833E-03  3.48561818E-03  3.89366072E-06  7.90575086E-03  0.00000000E+00
   80100  1.56384805E-02  1.86759345E-02  2.32620304E-02  3.36819634E-02  0.00000000E+00
   80200  3.80006480E-03  2.45525203E-02  1.10755433E-02  2.72017353E-02  0.00000000E+00
   80300  6.62416871E-03 -6.27957866E-03 -7.98839298E-03  1.21295978E-02  0.00000000E+00
   80400  5.31132744E-03  3.90083687E-03 -3.08189051E-03  7.27494169E-03  0.00000000E+00
   80500 -2.41083303E-02  3.39062732E-03  1.11055771E-02  2.67589571E-02  0.00000000E+00
   80600  4.81360782E-03 -1.39598444E-02 -7.73319362E-04  1.47866866E-02  0.00000000E+00
   80700 -1.96092527E-02  1.57292787E-02 -1.07562074E-02  2.73428052E-02  0.00000000E+00
   80800  4.26894725E-03  8.04359215E-03 -3.34601492E-03  9.70149994E-03  0.00000000E+00
   80900 -2.50245366E-02  3.35999943E-03  2.28856545E-02  3.40774149E-02  0.00000000E+00
   81000 -8.34891695E-03 -6.38373437E-03 -1.69981343E-03  1.06464005E-02  0.00000000E+00
   81100 -2.08268718E-02  4.37911933E-03  6.41909376E-03  2.22292609E-02  0.00000000E+00
   81200 -4.82099161E-03 -6.42566115E-03 -3.87990302E-03  8.92102733E-03  0.00000000E+00
   81300  6.39285651E-03  1.96282213E-03  1.53600134E-04  6.68916124E-03  0.00000000E+00
   81400 -4.74796907E-03 -1.25986277E-03 -1.58563835E-02  1.65998603E-02  0.00000000E+00
   81500 -1.15143246E-02 -2.38546839E-03  2.43433013E-03  1.20081678E-02  0.00000000E+00
   81600 -5.14216678E-03  2.25729114E-02  7.66614977E-03  2.43874571E-02  0.00000000E+00
   81700  4.21661278E-03  4.63493375E-03 -5.73152777E-05  6.26623645E-03  0.00000000E+00
   81800  1.46229340E-02  1.06627117E-02  3.12229776E-03  1.83649766E-02  0.00000000E+00
   81900  1.03448000E-02  2.94194445E-03 -2.01361645E-04  1.07568802E-02  0.00000000E+00
   82000  1.26990787E-02  3.14721846E-03 -5.19746374E-03  1.40778270E-02  0.00000000E+00
   82100 -3.94941609E-03 -5.40961277E-03 -2.02797637E-02  2.13572146E-02  0.00000000E+00
   82200 -5.32760673E-03 -1.72680274E-02  1.63686620E-02  2.43823965E-02  0.00000000E+00
   82300 -2.18076169E-02  7.22833543E-04 -7.92420274E-03  2.32139534E-02  0.00000000E+00
   82400 -1.43296604E-02  1.46467935E-02  1.48378462E-02  2.52988025E-02  0.00000000E+00
   82500  1.42786916E-02  2.13029723E-02  9.65810429E-03  2.74039530E-02  0.00000000E+00
   82600  1.77377854E-02  1.02090045E-02 -5.54786288E-03  2.12045181E-02  0.00000000E+00
   82700  1.03102033E-02  9.51995517E-03  1.37111903E-03  1.40999931E-02  0.00000000E+00
   82800 -6.99839557E-03 -9.70757226E-03  5.92874674E-03  1.33553187E-02  0.00000000E+00
   82900  6.49445502E-03  4.27327718E-03  2.47403609E-02  2.59330735E-02  0.00000000E+00
   83000 -1.41452347E-02 -3.61145686E-04 -1.08684465E-02  1.78421193E-02  0.00000000E+00
   83100 -1.17597866E-02 -6.20745276E-03 -1.09018156E-02  1.71951921E-02  0.00000000E+00
   83200  8.23786005E-03  1.33588135E-02  2.53275594E-02  2.97960652E-02  0.00000000E+00
   83300 -1.34615898E-03  1.12666649E-02  2.24868984E-02  2.51875064E-02  0.00000000E+00
   83400 -1.31515115E-02  1.31466760E-02 -2.34154332E-02  2.99011681E-02  0.00000000E+00
   83500  2.57280327E-03 -1.08417725E-02 -9.72543547E-03  1.47901130E-02  0.00000000E+00
   83600  8.11514680E-03 -4.64797085E-03  4.49837089E-03  1.03776000E-02  0.00000000E+00
   83700  4.44853287E-03  8.24775826E-04 -7.93424067E-03  9.13355763E-03  0.00000000E+00
   83800  1.14144555E-02 -1.43590223E-03 -8.54417625E-03  1.43301974E-02  0.00000000E+00
   83900 -2.80524117E-03 -1.49158323E-03 -8.13424346E-03  8.73270378E-03  0.00000000E+00
   84000  1.01756393E-02 -1.01958203E-02  1.91751152E-02  2.39829821E-02  0.00000000E+00
   84100  1.55110092E-02 -7.89135272E-03  1.56175068E-02  2.33831429E-02  0.00000000E+00
   84200  9.20975969E-03 -9.64713929E-03 -2.21870455E-02  2.58872933E-02  0.00000000E+00
   84300 -7.39149459E-03  3.29585014E-03 -7.54023726E-03  1.10612838E-02  0.00000000E+00
   84400 -1.89214824E-02 -7.30632792E-03  1.05225354E-02  2.28501351E-02  0.00000000E+00
   84500  1.97465386E-03  5.67833206E-04 -4.53715836E-04  2.10417453E-03  0.00000000E+00
   84600  1.22834180E-02  5.10919724E-03 -1.70652690E-02  2.16381529E-02  0.00000000E+00
   84700  5.78911383E-03 -5.34047177E-03 -2.85249437E-02  2.95923452E-02  0.00000000E+00
   84800  1.05845572E-03 -3.51780701E-03 -2.30691853E-02  2.33598503E-02  0.00000000E+00
   84900 -9.11316400E-03  1.05658339E-02  7.84596190E-03  1.60076770E-02  0.00000000E+00
   85000  1.69646826E-02 -1.21311427E-02 -4.88929594E-03  2.14212580E-02  0.00000000E+00
   85100 -2.37733446E-02 -6.08664689E-03  4.43507961E-03  2.49377047E-02  0.00000000E+00
   85200 -3.65646867E-03 -5.03603750E-03  8.20672939E-03  1.02996041E-02  0.00000000E+00
   85300 -3.40699789E-03 -9.84565240E-03  1.10975533E-03  1.04774073E-02  0.00000000E+00
   85400  2.89406552E-03  5.94966366E-03  1.50505100E-03  6.78522597E-03  0.00000000E+00
   85500 -2.40538868E-02 -1.04648601E-02  1.82377715E-02  3.19486944E-02  0.00000000E+00
   85600 -2.53338742E-02  1.82513725E-02  3.16123370E-04  3.12252737E-02  0.00000000E+00
   85700  1.83089390E-02  5.28024375E-03  1.66847889E-02  2.53274634E-02  0.00000000E+00
   85800 -1.21643832E-02 -2.57317609E-03  2.18740733E-02  2.51608532E-02  0.00000000E+00
   85900  5.70992719E-03  1.54144787E-02 -7.20439649E-04  1.64538280E-02  0.00000000E+00
   86000  2.65478602E-02  1.11379788E-02  1.08467595E-02  3.07651693E-02  0.00000000E+00
   86100  1.05202013E-02 -1.41836270E-02 -2.41348003E-02  2.99054927E-02  0.00000000E+00
   86200 -1.87468095E-03 -5.73104526E-03 -2.18222202E-02  2.26399780E-02  0.00000000E+00
   86300 -1.12947838E-02  8.40848441E-03 -8.36892037E-03  1.63802802E-02  0.00000000E+00
   86400 -1.31871297E-03  1.48137333E-02 -1.46305291E-02  2.08623603E-02  0.00000000E+00
   86500  2.23187687E-03 -1.61634826E-02  2.15244145E-03  1.64582031E-02  0.00000000E+00
   86600 -4.68915414E-03 -1.02907345E-02 -1.17322689E-02  1.62951992E-02  0.00000000E+00
   86700  2.17077726E-02 -5.41255975E-03  5.84193088E-03  2.31225291E-02  0.00000000E+00
   86800 -2.30046162E-02  1.33538511E-02 -2.06563017E-02  3.36781903E-02  0.00000000E+00
   86900 -7.16145274E-03 -1.29369414E-02 -1.37714854E-02  2.02065501E-02  0.00000000E+00
   87000  6.64167882E-04  6.98293908E-03 -3.94476578E-03  8.04759183E-03  0.00000000E+00
   87100 -2.00371192E-02  8.40883731E-03  2.45437142E-02  3.27809182E-02  0.00000000E+00
   87200  3.14101378E-03  8.69951648E-04 -2.14731272E-03  3.90304181E-03  0.00000000E+00
   87300 -7.08326117E-03 -6.53696972E-03 -9.67284352E-03  1.36553456E-02  0.00000000E+00
   87400  3.34188668E-02 -2.68049648E-03 -4.81820356E-03  3.38706482E-02  0.00000000E+00
   87500  1.63357075E-02 -1.88466988E-02 -9.88894192E-03  2.68299193E-02  0.00000000E+00
   87600  3.15435555E-04  1.91574193E-03  4.05223997E-03  4.49335236E-03  0.00000000E+00
   87700  1.90879862E-03  9.19775119E-03  1.32798524E-03  9.48713254E-03  0.00000000E+00
   87800 -2.02581315E-03 -2.99050767E-02 -4.12837687E-03  3.02565865E-02  0.00000000E+00
   87900  5.81403882E-04 -9.57691837E-03 -1.10515059E-03  9.65798911E-03  0.00000000E+00
   88000  9.96133464E-03  4.93513609E-03  1.40613987E-02  1.79250297E-02  0.00000000E+00
   88100  5.99496879E-03 -7.39870643E-03 -1.06417342E-02  1.42803016E-02  0.00000000E+00
   88200 -1.11254380E-02 -2.03926884E-02  1.52151877E-03  2.32798653E-02  0.00000000E+00
   88300 -1.59897675E-02  2.97033817E-03 -1.53402644E-03  1.63355076E-02  0.00000000E+00
   88400  7.60359862E-03 -1.48160216E-02  4.87461302E-03  1.73519757E-02  0.00000000E+00
   88500  1.39463077E-03  1.39549644E-02 -1.08954202E-02  1.77593977E-02  0.00000000E+00
   88600  5.24425832E-03  1.05168452E-02  2.23229169E-02  2.52273442E-02  0.00000000E+00
   88700 -9.77260613E-03  1.32599619E-02 -1.58078939E-02  2.28302416E-02  0.00000000E+00
   88800 -1.12577386E-02  6.29863589E-03 -5.98307932E-03  1.42199413E-02  0.00000000E+00
   88900 -1.07022224E-02 -4.20686724E-03  1.81041893E-04  1.15007858E-02  0.00000000E+00
   89000 -2.19230418E-02 -9.23582669E-04  1.72979814E-02  2.79408827E-02  0.00000000E+00
   89100 -4.91327292E-03 -1.50337417E-02  1.74797487E-02  2.35731893E-02  0.00000000E+00
   89200 -1.39492126E-02  7.45210809E-04 -1.58497846E-03  1.40587349E-02  0.00000000E+00
   89300 -1.04393394E-02  2.41013872E-02 -1.22602214E-03  2.62937217E-02  0.00000000E+00
   89400 -3.47374918E-03 -9.46820376E-03 -1.87571553E-02  2.12965887E-02  0.00000000E+00
   89500 -1.23782587E-02  1.23160741E-02 -1.46337217E-02  2.27827298E-02  0.00000000E+00
   89600  4.14812652E-02  7.07089133E-03 -1.59268754E-02  4.49928686E-02  0.00000000E+00
   89700 -5.91583977E-03  2.75889602E-03 -3.34251283E-03  7.33355708E-03  0.00000000E+00
   89800  8.93767410E-03 -7.06467893E-03  7.72726153E-03  1.37659826E-02  0.00000000E+00
   89900  8.55557209E-03 -2.74852854E-02 -1.41833531E-02  3.20905941E-02  0.00000000E+00
   90000 -9.45044351E-03 -1.66649024E-02  2.28616892E-02  2.98276162E-02  0.00000000E+00
   90100  1.98353662E-03 -1.83438084E-02  1.09742628E-03  1.84833457E-02  0.00000000E+00
   90200 -5.24306605E-03 -3.24356318E-03  8.79722089E-04  6.22770862E-03  0.00000000E+00
   90300  3.25839580E-02  3.69475330E-03 -1.55402648E-02  3.62886394E-02  0.00000000E+00
   90400  8.44651363E-03 -1.77124188E-02 -1.06438483E-02  2.23240874E-02  0.00000000E+00
   90500 -2.25343346E-03  1.45618111E-02  5.70009127E-05  1.47352487E-02  0.00000000E+00
   90600  1.47281455E-02  9.97909839E-03 -7.11392093E-03  1.91600769E-02  0.00000000E+00
   90700 -9.68000586E-03 -1.64720894E-02  2.39128208E-02  3.06080911E-02  0.00000000E+00
   90800  2.15394120E-02 -3.20590351E-03 -8.21280476E-03  2.32738963E-02  0.00000000E+00
   90900  4.52700515E-03  9.83634524E-03  2.01078952E-02  2.28380146E-02  0.00000000E+00
   91000  1.38830449E-03  2.99295086E-03 -3.43359645E-03  4.76179890E-03  0.00000000E+00
   91100 -9.26535358E-03  2.23377263E-03  3.98476364E-03  1.03302884E-02  0.00000000E+00
   91200  1.15709820E-02  1.37084457E-03 -1.71537882E-02  2.07369065E-02  0.00000000E+00
   91300  7.46255357E-03  1.17510294E-03 -8.95085955E-03  1.17127477E-02  0.00000000E+00
   91400 -8.65959993E-03 -2.78897180E-03  1.28928367E-02  1.57794890E-02  0.00000000E+00
   91500 -6.19925158E-03 -9.93438418E-03 -1.64392082E-02  2.01834159E-02  0.00000000E+00
   91600  9.41003891E-03 -7.92100891E-03 -6.01915892E-03  1.36938486E-02  0.00000000E+00
   91700  8.78005206E-03 -8.38560631E-03 -4.24982510E-03  1.28634646E-02  0.00000000E+00
   91800 -1.35851117E-02  9.03543734E-03 -1.32615210E-02  2.10252783E-02  0.00000000E+00
   91900  9.80877021E-03 -3.22820984E-02 -1.21656542E-02  3.58657077E-02  0.00000000E+00
   92000  1.06659735E-03  3.94715559E-03 -4.67891418E-03  6.21368691E-03  0.00000000E+00
   92100 -3.54018299E-03 -1.49359673E-02  6.49615845E-04  1.53635287E-02  0.00000000E+00
   92200 -2.97654762E-02  6.40992006E-03  9.30359794E-03  3.18375185E-02  0.00000000E+00
   92300  1.77455487E-02 -8.66631360E-03 -9.99227376E-03  2.21326687E-02  0.00000000E+00
   92400 -1.50996515E-02 -1.06674014E-02 -5.39491819E-03  1.92587142E-02  0.00000000E+00
   92500 -1.04721950E-02 -7.57089013E-03  1.14585232E-02  1.72708714E-02  0.00000000E+00
   92600  3.33057355E-03 -1.99899342E-02  7.83261840E-03  2.17264838E-02  0.00000000E+00
   92700  5.13459588E-03 -6.91076019E-03  6.62012909E-03  1.08604231E-02  0.00000000E+00
   92800  3.19145481E-04  2.87672040E-03 -1.72196468E-02  1.74612030E-02  0.00000000E+00
   92900  3.80337773E-03  1.01604521E-02 -7.56636203E-03  1.32268780E-02  0.00000000E+00
   93000 -6.19607910E-03 -1.22864182E-02 -1.04662490E-02  1.72884307E-02  0.00000000E+00
   93100  3.62105781E-03  1.92770279E-02  8.91639472E-03  2.15457179E-02  0.00000000E+00
   93200 -2.24767287E-04 -2.52289347E-04 -9.89820208E-03  9.90396762E-03  0.00000000E+00
   93300  2.60448105E-03  5.16934639E-03  1.24765830E-02  1.37539299E-02  0.00000000E+00
   93400  2.39234787E-02 -3.32037063E-03 -5.69760974E-04  2.41595183E-02  0.00000000E+00
   93500  9.59000207E-03 -6.99722130E-03  1.75446614E-02  2.11835877E-02  0.00000000E+00
   93600 -7.16096033E-03 -8.12130671E-03  7.64885166E-03  1.32566929E-02  0.00000000E+00
   93700  2.60166536E-02 -5.93215989E-03  9.02842585E-03  2.81703614E-02  0.00000000E+00
   93800 -1.67796758E-02 -1.47045324E-02 -1.03442074E-02  2.45923448E-02  0.00000000E+00
   93900 -1.32047386E-02  7.05837557E-03  2.46983278E-02  2.88824026E-02  0.00000000E+00
   94000  5.03525242E-03  2.97975516E-02  9.78232739E-03  3.17638438E-02  0.00000000E+00
   94100  3.56136887E-03 -1.86010336E-02 -1.08107198E-03  1.89697263E-02  0.00000000E+00
   94200  1.00556626E-02  1.62201553E-02 -5.18892784E-03  1.97771272E-02  0.00000000E+00
   94300 -1.42873843E-03 -1.74408471E-04 -4.72975469E-04  1.51506357E-03  0.00000000E+00
   94400  2.52599500E-02 -5.07732640E-04  1.98050338E-03  2.53425583E-02  0.00000000E+00
   94500  7.44466791E-03 -7.05972006E-03  1.10075347E-02  1.50475429E-02  0.00000000E+00
   94600 -8.41469058E-03  1.06481301E-02  2.39145742E-03  1.37807388E-02  0.00000000E+00
   94700 -7.80067153E-04 -9.40685100E-03 -8.21127249E-03  1.25108891E-02  0.00000000E+00
   94800  3.84359515E-03  2.11073530E-03 -9.14038657E-05  4.38597559E-03  0.00000000E+00
   94900  7.30537797E-03  2.15788487E-05  3.78623007E-03  8.22827753E-03  0.00000000E+00
   95000 -6.68019334E-03 -6.38931116E-03 -2.89584215E-03  9.68680452E-03  0.00000000E+00
   95100  5.70161367E-03 -1.09410310E-02  5.71711964E-03  1.35977944E-02  0.00000000E+00
   95200 -2.16990732E-02 -2.94578501E-03 -7.44114135E-03  2.31278622E-02  0.00000000E+00
   95300  2.99925139E-03 -3.47190253E-03  3.32223740E-04  4.59999877E-03  0.00000000E+00
   95400 -8.72539865E-03 -2.56398256E-03 -5.55335912E-03  1.06558146E-02  0.00000000E+00
   95500  9.43983042E-03  4.38857408E-03 -4.14519480E-03  1.12050266E-02  0.00000000E+00
   95600 -1.16634729E-02 -6.03258498E-03  5.63535438E-03  1.42893632E-02  0.00000000E+00
   95700 -1.08793376E-02 -1.41940029E-02  5.25376484E-03  1.86395212E-02  0.00000000E+00
   95800  1.05685869E-02  1.11815231E-02  1.07772878E-02  1.87848721E-02  0.00000000E+00
   95900  3.92596800E-03  8.56574430E-03  1.49774178E-02  1.76948649E-02  0.00000000E+00
   96000  1.72404684E-02  1.77718902E-03 -2.61627556E-02  3.13828287E-02  0.00000000E+00
   96100 -1.06463379E-02 -3.61886149E-04  8.95231081E-03  1.39147167E-02  0.00000000E+00
   96200  1.00312477E-03  7.63583692E-03  3.98072638E-03  8.66939717E-03  0.00000000E+00
   96300  7.22933628E-04 -5.09700480E-03 -1.37170759E-02  1.46512887E-02  0.00000000E+00
   96400  1.11127136E-03 -3.89741436E-03 -2.81784935E-02  2.84684432E-02  0.00000000E+00
   96500 -9.62949501E-03  7.67079746E-04 -1.97163673E-02  2.19556536E-02  0.00000000E+00
   96600 -5.19577467E-03 -1.17495649E-02  2.37847102E-04  1.28493160E-02  0.00000000E+00
   96700 -1.56672965E-03  7.22914059E-03 -2.90533895E-03  7.94708185E-03  0.00000000E+00
   96800 -5.13685979E-03  1.12064807E-02  1.77414255E-03  1.24547228E-02  0.00000000E+00
   96900  7.84977186E-03 -6.84118680E-04  3.68827870E-03  8.70001933E-03  0.00000000E+00
   97000  5.81527538E-03  1.36123577E-02  8.45117048E-03  1.70451164E-02  0.00000000E+00
   97100  2.41859742E-02 -2.18691952E-03 -5.50671737E-03  2.49011627E-02  0.00000000E+00
   97200  1.58926142E-02 -2.80859589E-03  6.98692042E-04  1.61539954E-02  0.00000000E+00
   97300  2.11141462E-03 -7.39851789E-04  1.98539082E-02  1.99795676E-02  0.00000000E+00
   97400  1.94069336E-03 -1.86521653E-02 -5.93749715E-03  1.96703694E-02  0.00000000E+00
   97500  1.28395185E-02 -1.28720050E-02  8.57672627E-03  2.01022879E-02  0.00000000E+00
   97600 -1.77722212E-02  6.86268206E-03 -1.54674062E-02  2.45395376E-02  0.00000000E+00
   97700  1.55669519E-03 -1.33534913E-02  5.83845656E-03  1.46569644E-02  0.00000000E+00
   97800 -1.07099859E-02 -7.88336729E-03 -1.03091222E-02  1.68264458E-02  0.00000000E+00
   97900 -3.65480353E-03 -7.56460960E-03 -9.41329086E-03  1.26170897E-02  0.00000000E+00
   98000 -8.25047415E-03  8.49674797E-03  4.36415574E-03  1.26218424E-02  0.00000000E+00
   98100 -7.78684802E-03  9.34523248E-04 -1.09597794E-02  1.34768357E-02  0.00000000E+00
   98200  8.53247915E-03 -1.30183545E-02 -1.64199489E-02  2.26251072E-02  0.00000000E+00
   98300 -1.36480719E-02  1.30813653E-02  3.37864044E-03  1.92043536E-02  0.00000000E+00
   98400  6.34947367E-04  4.56604154E-03 -1.77862518E-02  1.83739665E-02  0.00000000E+00
   98500  1.32847830E-02  9.97515014E-03 -2.44731878E-03  1.67922139E-02  0.00000000E+00
   98600 -1.59743286E-02 -1.22688442E-02 -1.31038278E-02  2.40294406E-02  0.00000000E+00
   98700  6.01645370E-03  1.81158872E-02 -6.73428255E-03  2.02418785E-02  0.00000000E+00
   98800 -1.38085832E-02 -8.87213294E-03  3.97972762E-03  1.68887520E-02  0.00000000E+00
   98900 -1.63672863E-02 -3.09615757E-03  3.40880558E-03  1.70027706E-02  0.00000000E+00
   99000 -8.66411390E-03 -5.85487657E-03 -3.64855861E-03  1.10751266E-02  0.00000000E+00
   99100 -5.39782833E-03 -1.27226815E-03  8.27748275E-03  9.96353038E-03  0.00000000E+00
   99200 -1.24626592E-02 -2.61662067E-02  1.87237544E-03  2.90429688E-02  0.00000000E+00
   99300 -2.10044345E-02  1.11008387E-02  6.33798543E-03  2.45883091E-02  0.00000000E+00
   99400  7.49449682E-03  4.61641870E-03  1.60247513E-03  8.94688385E-03  0.00000000E+00
   99500 -4.80592352E-03  1.15728285E-02  2.11371737E-03  1.27080707E-02  0.00000000E+00
   99600 -1.09676822E-02 -1.07806750E-02  1.01977469E-02  1.84528331E-02  0.00000000E+00
   99700 -6.50231948E-03  2.26727314E-02  3.35332508E-03  2.38238892E-02  0.00000000E+00
   99800  3.08817075E-02 -2.51944805E-03  1.24969874E-02  3.34096119E-02  0.00000000E+00
   99900 -1.40035014E-02  8.77136575E-04  4.99172642E-03  1.48924395E-02  0.00000000E+00
