   #Iter             <M>           <M^2>           <M^4>      U_{Binder}            \chi        C_v(tot)             <E>       <E_{exc}>       <E_{lsf}>
       1  1.81138292E-02  3.28110810E-04  1.07656704E-07  6.66666667E-01 -9.06623284E-19 -1.03995007E-13 -2.85850795E-01 -2.83479510E-01  0.00000000E+00
      11  1.56162314E-02  3.17198201E-04  1.72944179E-07  4.27041376E-01  7.84288305E-03  2.14188311E-01 -2.85353521E-01 -2.82867527E-01  0.00000000E+00
      21  1.37731644E-02  2.36080816E-04  9.34575256E-08  4.41051712E-01  4.96047085E-03  4.16396787E-01 -2.80745020E-01 -2.78099635E-01  0.00000000E+00
      31  1.64627579E-02  3.21771622E-04  1.66624075E-07  4.63560168E-01  5.42768287E-03  2.94487093E-01 -2.81244711E-01 -2.78523862E-01  0.00000000E+00
      41  1.63419958E-02  3.10945307E-04  1.51895957E-07  4.76330902E-01  4.69349141E-03  3.32939030E-01 -2.81336226E-01 -2.78634944E-01  0.00000000E+00
      51  1.79211426E-02  3.90000258E-04  2.63516039E-07  4.22494653E-01  7.36175194E-03  3.87601585E-01 -2.81436327E-01 -2.78783178E-01  0.00000000E+00
      61  1.88448209E-02  4.14655880E-04  2.66042820E-07  4.84231716E-01  6.36664703E-03  3.56722452E-01 -2.81302004E-01 -2.78644060E-01  0.00000000E+00
      71  1.83043399E-02  4.03085436E-04  2.76122967E-07  4.33516762E-01  7.27658339E-03  3.49006208E-01 -2.81305364E-01 -2.78678194E-01  0.00000000E+00
      81  1.89087400E-02  4.23428203E-04  2.83408707E-07  4.73094938E-01  7.04676465E-03  3.06112738E-01 -2.81563665E-01 -2.78940393E-01  0.00000000E+00
      91  1.85939287E-02  4.03465212E-04  2.53468495E-07  4.80972293E-01  6.17439429E-03  2.86328249E-01 -2.81780073E-01 -2.79147363E-01  0.00000000E+00
     101  1.83558315E-02  3.91161042E-04  2.36278109E-07  4.85256297E-01  5.79936660E-03  4.23082205E-01 -2.81587764E-01 -2.78950361E-01  0.00000000E+00
     111  1.82549110E-02  3.93253596E-04  2.45565046E-07  4.70702445E-01  6.41832737E-03  4.30369097E-01 -2.81430906E-01 -2.78789733E-01  0.00000000E+00
     121  1.81685607E-02  3.87576143E-04  2.36967170E-07  4.74160926E-01  6.14749803E-03  3.90048674E-01 -2.81481338E-01 -2.78838914E-01  0.00000000E+00
     131  1.81366205E-02  3.94237570E-04  2.74586087E-07  4.11100405E-01  6.98396450E-03  3.89369510E-01 -2.81468873E-01 -2.78836576E-01  0.00000000E+00
     141  1.86197321E-02  4.12205082E-04  2.92110726E-07  4.26940701E-01  7.00643400E-03  3.59899231E-01 -2.81535758E-01 -2.78872473E-01  0.00000000E+00
     151  1.93317499E-02  4.41161928E-04  3.19374439E-07  4.53005642E-01  7.21335361E-03  3.94362494E-01 -2.81517929E-01 -2.78874678E-01  0.00000000E+00
     161  1.88550772E-02  4.21582655E-04  2.96080848E-07  4.44705218E-01  7.06611909E-03  3.80704169E-01 -2.81547193E-01 -2.78911636E-01  0.00000000E+00
     171  1.93531881E-02  4.41499666E-04  3.17001284E-07  4.57900500E-01  7.16077706E-03  4.08413396E-01 -2.81862165E-01 -2.79219461E-01  0.00000000E+00
     181  1.92656710E-02  4.33733379E-04  3.00833694E-07  4.66960330E-01  6.69163856E-03  4.01887900E-01 -2.81968931E-01 -2.79328036E-01  0.00000000E+00
     191  1.92613593E-02  4.30654182E-04  2.93685227E-07  4.72158529E-01  6.38008152E-03  3.93793797E-01 -2.81910998E-01 -2.79278121E-01  0.00000000E+00
     201  1.91075754E-02  4.21332517E-04  2.79157268E-07  4.75823281E-01  6.01418730E-03  4.01916521E-01 -2.81804602E-01 -2.79177349E-01  0.00000000E+00
     211  1.96353286E-02  4.42562896E-04  3.01109245E-07  4.87548421E-01  6.09800324E-03  3.96209483E-01 -2.82057404E-01 -2.79440053E-01  0.00000000E+00
     221  1.97588004E-02  4.47608141E-04  3.04200202E-07  4.93893063E-01  6.11738082E-03  4.00185472E-01 -2.82155974E-01 -2.79534455E-01  0.00000000E+00
     231  2.02145324E-02  4.73885838E-04  3.67770094E-07  4.54106785E-01  6.97946717E-03  4.35623219E-01 -2.82248859E-01 -2.79635707E-01  0.00000000E+00
     241  1.97860351E-02  4.56538029E-04  3.46304719E-07  4.46161382E-01  6.95725650E-03  4.50359881E-01 -2.81937906E-01 -2.79326088E-01  0.00000000E+00
     251  1.99417687E-02  4.61931160E-04  3.51775958E-07  4.50471296E-01  6.87235606E-03  4.44493481E-01 -2.81953352E-01 -2.79335789E-01  0.00000000E+00
     261  1.97727638E-02  4.53841431E-04  3.37464097E-07  4.53867477E-01  6.72500121E-03  4.40460359E-01 -2.81921752E-01 -2.79304026E-01  0.00000000E+00
     271  1.94068018E-02  4.37486705E-04  3.17425627E-07  4.47170750E-01  6.50933519E-03  4.38594614E-01 -2.81792525E-01 -2.79159985E-01  0.00000000E+00
     281  1.93274267E-02  4.34956172E-04  3.14047362E-07  4.46671678E-01  6.56751628E-03  4.28742169E-01 -2.81844990E-01 -2.79211643E-01  0.00000000E+00
     291  1.93020757E-02  4.32732323E-04  3.07499830E-07  4.52625005E-01  6.43441038E-03  4.24501555E-01 -2.81864544E-01 -2.79237656E-01  0.00000000E+00
     301  1.92139947E-02  4.32109000E-04  3.14166328E-07  4.39143501E-01  6.73058027E-03  4.46565758E-01 -2.81883672E-01 -2.79254991E-01  0.00000000E+00
     311  1.94109434E-02  4.43259425E-04  3.30555032E-07  4.39201864E-01  7.10953935E-03  4.55949938E-01 -2.82059366E-01 -2.79441969E-01  0.00000000E+00
     321  1.91959185E-02  4.33694128E-04  3.17532796E-07  4.37269765E-01  6.97436811E-03  4.74095591E-01 -2.82217311E-01 -2.79604198E-01  0.00000000E+00
     331  1.91705458E-02  4.32279633E-04  3.14798817E-07  4.38457943E-01  6.92719921E-03  4.83036646E-01 -2.82270509E-01 -2.79656336E-01  0.00000000E+00
     341  1.93086115E-02  4.38465257E-04  3.23198876E-07  4.39625695E-01  7.02056445E-03  4.74796298E-01 -2.82319429E-01 -2.79698579E-01  0.00000000E+00
     351  1.92136953E-02  4.34387452E-04  3.15821942E-07  4.42086973E-01  6.97549383E-03  4.66621599E-01 -2.82255241E-01 -2.79631439E-01  0.00000000E+00
     361  1.91145581E-02  4.30494233E-04  3.11809665E-07  4.39166893E-01  6.96549746E-03  4.77841124E-01 -2.82203164E-01 -2.79579692E-01  0.00000000E+00
     371  1.90941929E-02  4.28736552E-04  3.06315747E-07  4.44521764E-01  6.86073343E-03  4.66091994E-01 -2.82135704E-01 -2.79505640E-01  0.00000000E+00
     381  1.89192763E-02  4.20764888E-04  2.95941710E-07  4.42806631E-01  6.71929321E-03  4.72431123E-01 -2.82052983E-01 -2.79420736E-01  0.00000000E+00
     391  1.88273333E-02  4.18041593E-04  2.92286518E-07  4.42495290E-01  6.79921155E-03  4.72158246E-01 -2.82081993E-01 -2.79445769E-01  0.00000000E+00
     401  1.88817425E-02  4.18464424E-04  2.89333936E-07  4.49241717E-01  6.62500010E-03  4.58697724E-01 -2.82076121E-01 -2.79430776E-01  0.00000000E+00
     411  1.88665339E-02  4.18605427E-04  2.91762884E-07  4.44992209E-01  6.70148093E-03  4.66048705E-01 -2.82116676E-01 -2.79475621E-01  0.00000000E+00
     421  1.87669646E-02  4.13426172E-04  2.84406455E-07  4.45345855E-01  6.54831472E-03  4.66117762E-01 -2.81995976E-01 -2.79354600E-01  0.00000000E+00
     431  1.89460681E-02  4.22193563E-04  2.98941811E-07  4.40960892E-01  6.76359157E-03  4.73450126E-01 -2.82146916E-01 -2.79504740E-01  0.00000000E+00
     441  1.89844001E-02  4.23766287E-04  2.99771518E-07  4.43562608E-01  6.77629470E-03  4.82445675E-01 -2.82106124E-01 -2.79464857E-01  0.00000000E+00
     451  1.89769665E-02  4.22759455E-04  2.97440584E-07  4.45256385E-01  6.69879330E-03  4.80939807E-01 -2.82158819E-01 -2.79511849E-01  0.00000000E+00
     461  1.88133148E-02  4.16238823E-04  2.89787812E-07  4.42463003E-01  6.66283769E-03  4.68206995E-01 -2.82131878E-01 -2.79481376E-01  0.00000000E+00
     471  1.89102249E-02  4.19839583E-04  2.92945904E-07  4.46013205E-01  6.65695203E-03  4.72232283E-01 -2.82323977E-01 -2.79671131E-01  0.00000000E+00
     481  1.89787368E-02  4.22232328E-04  2.95346698E-07  4.47785378E-01  6.63523011E-03  4.64859529E-01 -2.82280194E-01 -2.79631536E-01  0.00000000E+00
     491  1.89947805E-02  4.21225185E-04  2.91007286E-07  4.53293864E-01  6.46235667E-03  4.52844228E-01 -2.82301480E-01 -2.79652326E-01  0.00000000E+00
     501  1.88904681E-02  4.16765365E-04  2.84929847E-07  4.53193774E-01  6.40803426E-03  4.52751961E-01 -2.82255970E-01 -2.79609332E-01  0.00000000E+00
     511  1.88864359E-02  4.17329135E-04  2.88125196E-07  4.48554532E-01  6.48462140E-03  4.57395316E-01 -2.82351024E-01 -2.79707856E-01  0.00000000E+00
     521  1.87315837E-02  4.10871760E-04  2.80715862E-07  4.45715017E-01  6.41701320E-03  4.72069317E-01 -2.82471249E-01 -2.79828998E-01  0.00000000E+00
     531  1.85443544E-02  4.04103357E-04  2.73789865E-07  4.41129488E-01  6.43955247E-03  4.64887323E-01 -2.82425928E-01 -2.79778551E-01  0.00000000E+00
     541  1.83692086E-02  3.97932316E-04  2.66886126E-07  4.38194065E-01  6.47101891E-03  4.59291184E-01 -2.82379911E-01 -2.79724641E-01  0.00000000E+00
     551  1.84812730E-02  4.04221309E-04  2.76803575E-07  4.35307484E-01  6.70196548E-03  4.59387154E-01 -2.82381488E-01 -2.79730762E-01  0.00000000E+00
     561  1.84202751E-02  4.01621001E-04  2.73157439E-07  4.35506496E-01  6.66459797E-03  4.52492143E-01 -2.82308378E-01 -2.79660554E-01  0.00000000E+00
     571  1.85673368E-02  4.07778722E-04  2.80498713E-07  4.37709823E-01  6.74141652E-03  4.40943347E-01 -2.82300303E-01 -2.79656879E-01  0.00000000E+00
     581  1.85504734E-02  4.06585146E-04  2.78114935E-07  4.39210286E-01  6.68070632E-03  4.40610639E-01 -2.82298328E-01 -2.79654750E-01  0.00000000E+00
     591  1.85116374E-02  4.04342032E-04  2.74221753E-07  4.40908526E-01  6.59474241E-03  4.31904529E-01 -2.82222862E-01 -2.79578234E-01  0.00000000E+00
     601  1.85653153E-02  4.06325814E-04  2.77793273E-07  4.39143650E-01  6.59405451E-03  4.32239932E-01 -2.82279467E-01 -2.79632500E-01  0.00000000E+00
     611  1.84937796E-02  4.02104762E-04  2.71539197E-07  4.40200068E-01  6.42614090E-03  4.33720177E-01 -2.82267797E-01 -2.79613239E-01  0.00000000E+00
     621  1.85279048E-02  4.02645835E-04  2.70364878E-07  4.44118018E-01  6.34889037E-03  4.42820449E-01 -2.82229868E-01 -2.79573148E-01  0.00000000E+00
     631  1.85209101E-02  4.02313384E-04  2.69097294E-07  4.45809451E-01  6.34105015E-03  4.39326465E-01 -2.82237136E-01 -2.79584916E-01  0.00000000E+00
     641  1.84927105E-02  4.00138249E-04  2.65133959E-07  4.48019206E-01  6.22004945E-03  4.52850554E-01 -2.82168411E-01 -2.79515367E-01  0.00000000E+00
     651  1.86686133E-02  4.09313652E-04  2.81952659E-07  4.39026326E-01  6.50225292E-03  4.57687312E-01 -2.82170030E-01 -2.79521195E-01  0.00000000E+00
     661  1.86483134E-02  4.08971374E-04  2.81259090E-07  4.39469187E-01  6.54666468E-03  4.57301861E-01 -2.82185099E-01 -2.79537315E-01  0.00000000E+00
     671  1.85986360E-02  4.07675961E-04  2.79828017E-07  4.38771480E-01  6.60601355E-03  4.57671011E-01 -2.82175739E-01 -2.79525013E-01  0.00000000E+00
     681  1.86324553E-02  4.08629189E-04  2.80684145E-07  4.39677768E-01  6.57329727E-03  4.63023457E-01 -2.82105082E-01 -2.79452303E-01  0.00000000E+00
     691  1.86510714E-02  4.09252619E-04  2.80228741E-07  4.42289931E-01  6.56574167E-03  4.65790014E-01 -2.82101584E-01 -2.79444760E-01  0.00000000E+00
     701  1.85937904E-02  4.09817892E-04  2.87527501E-07  4.29341479E-01  6.85437010E-03  4.62660557E-01 -2.82122846E-01 -2.79464767E-01  0.00000000E+00
     711  1.86095432E-02  4.09645811E-04  2.85978763E-07  4.31938324E-01  6.77328647E-03  4.58734932E-01 -2.82104224E-01 -2.79446400E-01  0.00000000E+00
     721  1.86291836E-02  4.10029292E-04  2.85015328E-07  4.34910555E-01  6.73607791E-03  4.62934656E-01 -2.82172886E-01 -2.79517963E-01  0.00000000E+00
     731  1.86747936E-02  4.10848947E-04  2.83759488E-07  4.39643025E-01  6.64177059E-03  4.57959148E-01 -2.82225303E-01 -2.79567323E-01  0.00000000E+00
     741  1.87949292E-02  4.16645460E-04  2.92536316E-07  4.38273098E-01  6.78027932E-03  4.56673578E-01 -2.82227368E-01 -2.79568302E-01  0.00000000E+00
     751  1.87360232E-02  4.13519283E-04  2.87917707E-07  4.38750989E-01  6.68237861E-03  4.54389809E-01 -2.82279246E-01 -2.79620796E-01  0.00000000E+00
     761  1.87746877E-02  4.14904383E-04  2.88584638E-07  4.41200630E-01  6.67540198E-03  4.48559536E-01 -2.82305091E-01 -2.79645297E-01  0.00000000E+00
     771  1.87554442E-02  4.13244904E-04  2.85247264E-07  4.43217957E-01  6.57515994E-03  4.46454149E-01 -2.82327416E-01 -2.79664871E-01  0.00000000E+00
     781  1.86698757E-02  4.09967232E-04  2.81480488E-07  4.41749977E-01  6.56711282E-03  4.41944976E-01 -2.82310767E-01 -2.79647225E-01  0.00000000E+00
     791  1.86131341E-02  4.10682293E-04  2.91481314E-07  4.23927017E-01  6.86984395E-03  4.51759181E-01 -2.82269969E-01 -2.79604913E-01  0.00000000E+00
     801  1.85779942E-02  4.10124853E-04  2.91849528E-07  4.21630258E-01  6.94999868E-03  4.51950759E-01 -2.82296213E-01 -2.79633481E-01  0.00000000E+00
     811  1.86948685E-02  4.14312577E-04  2.95052615E-07  4.27043067E-01  6.93197556E-03  4.70570242E-01 -2.82287719E-01 -2.79622077E-01  0.00000000E+00
     821  1.87494213E-02  4.16079205E-04  2.95746449E-07  4.30562238E-01  6.90245045E-03  4.64358834E-01 -2.82270141E-01 -2.79606131E-01  0.00000000E+00
     831  1.86726943E-02  4.12575713E-04  2.91027443E-07  4.30091189E-01  6.83483552E-03  4.57974488E-01 -2.82278793E-01 -2.79616430E-01  0.00000000E+00
     841  1.86661229E-02  4.11954669E-04  2.89674674E-07  4.31028632E-01  6.79465655E-03  4.57347401E-01 -2.82316798E-01 -2.79655437E-01  0.00000000E+00
     851  1.88635870E-02  4.22702594E-04  3.15913359E-07  4.10645082E-01  7.15156853E-03  4.64485246E-01 -2.82349092E-01 -2.79686977E-01  0.00000000E+00
     861  1.88243892E-02  4.20666702E-04  3.12092126E-07  4.12124605E-01  7.09182525E-03  4.60226425E-01 -2.82339584E-01 -2.79678537E-01  0.00000000E+00
     871  1.87976316E-02  4.18732594E-04  3.08259987E-07  4.13966605E-01  6.99263521E-03  4.55099786E-01 -2.82288858E-01 -2.79627132E-01  0.00000000E+00
     881  1.88811384E-02  4.23721337E-04  3.19324425E-07  4.07142639E-01  7.18967230E-03  4.68574623E-01 -2.82326322E-01 -2.79662820E-01  0.00000000E+00
     891  1.89271476E-02  4.24997202E-04  3.19070549E-07  4.11165398E-01  7.14008281E-03  4.72499089E-01 -2.82364219E-01 -2.79701202E-01  0.00000000E+00
     901  1.88383628E-02  4.20994154E-04  3.13792452E-07  4.09840901E-01  7.07055998E-03  4.69025899E-01 -2.82371232E-01 -2.79709885E-01  0.00000000E+00
     911  1.88938715E-02  4.22854544E-04  3.14650615E-07  4.13422600E-01  7.04552499E-03  4.62164093E-01 -2.82395327E-01 -2.79731003E-01  0.00000000E+00
     921  1.88746683E-02  4.21483930E-04  3.11367688E-07  4.15761400E-01  6.97650560E-03  4.62374399E-01 -2.82445125E-01 -2.79779050E-01  0.00000000E+00
     931  1.89656834E-02  4.24809913E-04  3.13629152E-07  4.20696857E-01  6.96387872E-03  4.64727531E-01 -2.82501156E-01 -2.79833170E-01  0.00000000E+00
     941  1.89439683E-02  4.23898071E-04  3.11833137E-07  4.21533612E-01  6.95439981E-03  4.61895094E-01 -2.82511525E-01 -2.79843969E-01  0.00000000E+00
     951  1.89025928E-02  4.22463457E-04  3.10311645E-07  4.20439842E-01  6.96844309E-03  4.54524327E-01 -2.82492699E-01 -2.79824186E-01  0.00000000E+00
     961  1.87927104E-02  4.18397068E-04  3.05375907E-07  4.18518033E-01  6.97653522E-03  4.55406430E-01 -2.82497539E-01 -2.79826951E-01  0.00000000E+00
     971  1.88254628E-02  4.19230240E-04  3.04812838E-07  4.21894907E-01  6.93387124E-03  4.55268710E-01 -2.82516179E-01 -2.79845759E-01  0.00000000E+00
     981  1.87083535E-02  4.14774834E-04  2.99895617E-07  4.18935869E-01  6.92747045E-03  4.53474232E-01 -2.82495092E-01 -2.79825279E-01  0.00000000E+00
     991  1.87629034E-02  4.16656905E-04  3.00368033E-07  4.23266353E-01  6.91014622E-03  4.52078436E-01 -2.82466049E-01 -2.79797588E-01  0.00000000E+00
    1001  1.89110089E-02  4.24824921E-04  3.16996055E-07  4.14519234E-01  7.18696795E-03  4.60872173E-01 -2.82477048E-01 -2.79809879E-01  0.00000000E+00
    1011  1.88579109E-02  4.22432873E-04  3.13442349E-07  4.14507947E-01  7.14562133E-03  4.60987282E-01 -2.82474276E-01 -2.79808772E-01  0.00000000E+00
    1021  1.88237807E-02  4.20713360E-04  3.10379602E-07  4.15480087E-01  7.09926538E-03  4.70723528E-01 -2.82399331E-01 -2.79734562E-01  0.00000000E+00
    1031  1.88170873E-02  4.20326486E-04  3.08859914E-07  4.17270805E-01  7.08483476E-03  4.65794919E-01 -2.82362425E-01 -2.79695890E-01  0.00000000E+00
    1041  1.88689216E-02  4.21771915E-04  3.08662157E-07  4.21628590E-01  7.03050350E-03  4.65231098E-01 -2.82395714E-01 -2.79728650E-01  0.00000000E+00
    1051  1.88030590E-02  4.18654224E-04  3.04646597E-07  4.20619171E-01  6.96242746E-03  4.68323042E-01 -2.82367286E-01 -2.79703682E-01  0.00000000E+00
    1061  1.87907598E-02  4.17690475E-04  3.02580212E-07  4.21890475E-01  6.90880486E-03  4.63685330E-01 -2.82345695E-01 -2.79685677E-01  0.00000000E+00
    1071  1.87506489E-02  4.15684644E-04  2.99275199E-07  4.22673477E-01  6.85532823E-03  4.62269065E-01 -2.82294769E-01 -2.79638534E-01  0.00000000E+00
    1081  1.86950862E-02  4.12992453E-04  2.95531986E-07  4.22437474E-01  6.78991668E-03  4.62399560E-01 -2.82252396E-01 -2.79597009E-01  0.00000000E+00
    1091  1.86413014E-02  4.10699868E-04  2.92509330E-07  4.21944760E-01  6.75949353E-03  4.64867445E-01 -2.82247222E-01 -2.79591803E-01  0.00000000E+00
    1101  1.86996086E-02  4.13070707E-04  2.95381562E-07  4.22950149E-01  6.78019885E-03  4.69318001E-01 -2.82193109E-01 -2.79538935E-01  0.00000000E+00
    1111  1.87170374E-02  4.13760052E-04  2.95979616E-07  4.23706882E-01  6.78417925E-03  4.64683853E-01 -2.82234168E-01 -2.79577080E-01  0.00000000E+00
    1121  1.87196162E-02  4.13321468E-04  2.94328963E-07  4.25703964E-01  6.72694731E-03  4.71335403E-01 -2.82224702E-01 -2.79570437E-01  0.00000000E+00
    1131  1.86814992E-02  4.11245301E-04  2.91151174E-07  4.26153954E-01  6.65737024E-03  4.70011690E-01 -2.82250202E-01 -2.79596740E-01  0.00000000E+00
    1141  1.86173563E-02  4.08533387E-04  2.87683371E-07  4.25436021E-01  6.62320403E-03  4.66199907E-01 -2.82258488E-01 -2.79604783E-01  0.00000000E+00
    1151  1.87208799E-02  4.13155341E-04  2.94664454E-07  4.24586892E-01  6.70411938E-03  4.67340281E-01 -2.82282068E-01 -2.79626624E-01  0.00000000E+00
    1161  1.87519295E-02  4.14641516E-04  2.96556761E-07  4.25035530E-01  6.73862805E-03  4.65549589E-01 -2.82289204E-01 -2.79635900E-01  0.00000000E+00
    1171  1.87569566E-02  4.14542155E-04  2.95548346E-07  4.26715926E-01  6.70783479E-03  4.69900038E-01 -2.82331710E-01 -2.79681627E-01  0.00000000E+00
    1181  1.87089339E-02  4.12340509E-04  2.92492302E-07  4.26568982E-01  6.66479426E-03  4.70888305E-01 -2.82332385E-01 -2.79684318E-01  0.00000000E+00
    1191  1.87159633E-02  4.13266629E-04  2.95442401E-07  4.23378418E-01  6.73570769E-03  4.73424762E-01 -2.82297296E-01 -2.79650677E-01  0.00000000E+00
    1201  1.87816145E-02  4.16524423E-04  3.01036809E-07  4.21614490E-01  6.82084421E-03  4.75418384E-01 -2.82322270E-01 -2.79675451E-01  0.00000000E+00
    1211  1.88423623E-02  4.18724039E-04  3.02672552E-07  4.24565369E-01  6.81165059E-03  4.83235449E-01 -2.82375863E-01 -2.79733913E-01  0.00000000E+00
    1221  1.87922446E-02  4.17580737E-04  3.04549143E-07  4.17822771E-01  6.89110035E-03  4.84998222E-01 -2.82376269E-01 -2.79736295E-01  0.00000000E+00
    1231  1.87342353E-02  4.15691505E-04  3.02984896E-07  4.15536460E-01  6.92186493E-03  4.83017873E-01 -2.82362115E-01 -2.79721405E-01  0.00000000E+00
    1241  1.86949343E-02  4.13842307E-04  3.00197283E-07  4.15727118E-01  6.88141673E-03  4.82639326E-01 -2.82356152E-01 -2.79715115E-01  0.00000000E+00
    1251  1.87270285E-02  4.14696661E-04  3.00257973E-07  4.18014429E-01  6.84433964E-03  4.83357519E-01 -2.82305091E-01 -2.79663456E-01  0.00000000E+00
    1261  1.87773349E-02  4.16503974E-04  3.02246447E-07  4.19233374E-01  6.83584809E-03  4.76787928E-01 -2.82290399E-01 -2.79648581E-01  0.00000000E+00
    1271  1.88106193E-02  4.17668723E-04  3.03661851E-07  4.19763464E-01  6.82661331E-03  4.72118097E-01 -2.82305439E-01 -2.79665296E-01  0.00000000E+00
    1281  1.87866973E-02  4.16381323E-04  3.01333883E-07  4.20645704E-01  6.78511703E-03  4.70703324E-01 -2.82341850E-01 -2.79702520E-01  0.00000000E+00
    1291  1.87983482E-02  4.16880618E-04  3.01955176E-07  4.20840992E-01  6.79168332E-03  4.64787164E-01 -2.82334519E-01 -2.79696850E-01  0.00000000E+00
    1301  1.87155822E-02  4.13518271E-04  2.98132743E-07  4.18835584E-01  6.76414642E-03  4.60484534E-01 -2.82327775E-01 -2.79689608E-01  0.00000000E+00
    1311  1.87355065E-02  4.14096105E-04  2.98030272E-07  4.20655572E-01  6.74614081E-03  4.65168790E-01 -2.82371856E-01 -2.79733679E-01  0.00000000E+00
    1321  1.87526944E-02  4.14285341E-04  2.97193717E-07  4.22809419E-01  6.69746699E-03  4.65533601E-01 -2.82367400E-01 -2.79730662E-01  0.00000000E+00
    1331  1.87610824E-02  4.14220896E-04  2.96172836E-07  4.24613110E-01  6.65692034E-03  4.64288801E-01 -2.82395321E-01 -2.79760173E-01  0.00000000E+00
    1341  1.87969464E-02  4.15449387E-04  2.96871613E-07  4.26661413E-01  6.64424792E-03  4.68342213E-01 -2.82370107E-01 -2.79737467E-01  0.00000000E+00
    1351  1.88707975E-02  4.19015744E-04  3.02898639E-07  4.24937056E-01  6.72815670E-03  4.66361980E-01 -2.82375705E-01 -2.79741153E-01  0.00000000E+00
    1361  1.89207903E-02  4.20796373E-04  3.03911151E-07  4.27887543E-01  6.71653351E-03  4.67700385E-01 -2.82405893E-01 -2.79772321E-01  0.00000000E+00
    1371  1.89410357E-02  4.21306735E-04  3.03416069E-07  4.30202527E-01  6.68913611E-03  4.66186454E-01 -2.82382723E-01 -2.79748851E-01  0.00000000E+00
    1381  1.89194945E-02  4.20274046E-04  3.01809727E-07  4.30430354E-01  6.66591409E-03  4.67255735E-01 -2.82362461E-01 -2.79726151E-01  0.00000000E+00
    1391  1.88817782E-02  4.18595312E-04  2.99279696E-07  4.30665793E-01  6.63885431E-03  4.66173264E-01 -2.82361828E-01 -2.79724661E-01  0.00000000E+00
    1401  1.88588059E-02  4.17343472E-04  2.97302498E-07  4.31029101E-01  6.59769386E-03  4.65337272E-01 -2.82356244E-01 -2.79716889E-01  0.00000000E+00
    1411  1.88773037E-02  4.17688789E-04  2.96712948E-07  4.33095890E-01  6.55997041E-03  4.69227899E-01 -2.82317257E-01 -2.79677569E-01  0.00000000E+00
    1421  1.88610978E-02  4.16757830E-04  2.95034762E-07  4.33781053E-01  6.52581327E-03  4.64226517E-01 -2.82303586E-01 -2.79663310E-01  0.00000000E+00
    1431  1.88514324E-02  4.17540824E-04  2.97120131E-07  4.31915507E-01  6.64853952E-03  4.66053768E-01 -2.82355985E-01 -2.79715592E-01  0.00000000E+00
    1441  1.88239145E-02  4.16187472E-04  2.94993615E-07  4.32307241E-01  6.61467806E-03  4.63712052E-01 -2.82359984E-01 -2.79718898E-01  0.00000000E+00
    1451  1.88114383E-02  4.15696524E-04  2.94358582E-07  4.32190490E-01  6.61238936E-03  4.63641795E-01 -2.82329785E-01 -2.79690304E-01  0.00000000E+00
    1461  1.88348126E-02  4.17073560E-04  2.96221219E-07  4.32364442E-01  6.66555277E-03  4.64955095E-01 -2.82327403E-01 -2.79688890E-01  0.00000000E+00
    1471  1.88211341E-02  4.16836884E-04  2.95737426E-07  4.32647786E-01  6.69532809E-03  4.60509671E-01 -2.82330289E-01 -2.79692750E-01  0.00000000E+00
    1481  1.88834865E-02  4.19885437E-04  3.01219390E-07  4.30491715E-01  6.76993478E-03  4.56159299E-01 -2.82326341E-01 -2.79690015E-01  0.00000000E+00
    1491  1.88029379E-02  4.17107904E-04  2.98525419E-07  4.28043206E-01  6.79753427E-03  4.55163168E-01 -2.82310430E-01 -2.79673510E-01  0.00000000E+00
    1501  1.87947364E-02  4.16403498E-04  2.96966681E-07  4.29103037E-01  6.75517623E-03  4.55546225E-01 -2.82340022E-01 -2.79704188E-01  0.00000000E+00
    1511  1.87955399E-02  4.16614908E-04  2.97745147E-07  4.28187265E-01  6.77455648E-03  4.57499398E-01 -2.82344991E-01 -2.79707623E-01  0.00000000E+00
    1521  1.87678190E-02  4.15079067E-04  2.95374508E-07  4.28534400E-01  6.72166354E-03  4.54946939E-01 -2.82346251E-01 -2.79710748E-01  0.00000000E+00
    1531  1.87961661E-02  4.15974375E-04  2.95993747E-07  4.29798803E-01  6.70353314E-03  4.52213381E-01 -2.82337656E-01 -2.79701623E-01  0.00000000E+00
    1541  1.87220141E-02  4.13350713E-04  2.93356080E-07  4.27683248E-01  6.72047262E-03  4.48252020E-01 -2.82341638E-01 -2.79705606E-01  0.00000000E+00
    1551  1.87267254E-02  4.13842905E-04  2.95407035E-07  4.25052021E-01  6.75424335E-03  4.47858157E-01 -2.82326567E-01 -2.79693704E-01  0.00000000E+00
    1561  1.87030180E-02  4.12472282E-04  2.93195516E-07  4.25557543E-01  6.70255847E-03  4.49358784E-01 -2.82338186E-01 -2.79705031E-01  0.00000000E+00
    1571  1.86969652E-02  4.12146634E-04  2.92195666E-07  4.26611470E-01  6.69194080E-03  4.46538014E-01 -2.82322374E-01 -2.79687563E-01  0.00000000E+00
    1581  1.86770111E-02  4.11504978E-04  2.91544913E-07  4.26102907E-01  6.70307531E-03  4.45215666E-01 -2.82338490E-01 -2.79700529E-01  0.00000000E+00
    1591  1.87168131E-02  4.14227129E-04  2.97652823E-07  4.21755283E-01  6.83503176E-03  4.48226620E-01 -2.82342779E-01 -2.79704083E-01  0.00000000E+00
    1601  1.87359688E-02  4.14731602E-04  2.97484586E-07  4.23487200E-01  6.81225534E-03  4.47620989E-01 -2.82344583E-01 -2.79704002E-01  0.00000000E+00
    1611  1.87623173E-02  4.16458114E-04  3.00248407E-07  4.22945542E-01  6.89123741E-03  4.44726051E-01 -2.82342152E-01 -2.79701173E-01  0.00000000E+00
    1621  1.87416873E-02  4.16249923E-04  3.00601731E-07  4.21688419E-01  6.95172016E-03  4.46628691E-01 -2.82321184E-01 -2.79680947E-01  0.00000000E+00
    1631  1.87237035E-02  4.15554562E-04  3.00084164E-07  4.20750437E-01  6.94941108E-03  4.46008668E-01 -2.82311527E-01 -2.79669650E-01  0.00000000E+00
    1641  1.87174997E-02  4.15635552E-04  3.00204962E-07  4.20743074E-01  6.98291522E-03  4.44290517E-01 -2.82313637E-01 -2.79670410E-01  0.00000000E+00
    1651  1.87583687E-02  4.16905097E-04  3.00534689E-07  4.23633218E-01  6.95488811E-03  4.44561643E-01 -2.82334876E-01 -2.79691510E-01  0.00000000E+00
    1661  1.87395772E-02  4.15791531E-04  2.98518747E-07  4.24428772E-01  6.91115322E-03  4.42658211E-01 -2.82336246E-01 -2.79692165E-01  0.00000000E+00
    1671  1.87863180E-02  4.17465486E-04  2.99959922E-07  4.26278897E-01  6.90259323E-03  4.43988954E-01 -2.82339798E-01 -2.79695536E-01  0.00000000E+00
    1681  1.87654697E-02  4.16328461E-04  2.98185676E-07  4.26552952E-01  6.86471816E-03  4.43421793E-01 -2.82333663E-01 -2.79687779E-01  0.00000000E+00
    1691  1.87916848E-02  4.17579532E-04  2.99763185E-07  4.26968319E-01  6.89322169E-03  4.41716819E-01 -2.82342749E-01 -2.79695703E-01  0.00000000E+00
    1701  1.88150611E-02  4.18708873E-04  3.02171780E-07  4.25475809E-01  6.91998443E-03  4.44801848E-01 -2.82335820E-01 -2.79689532E-01  0.00000000E+00
    1711  1.88088905E-02  4.18682148E-04  3.02362613E-07  4.25039582E-01  6.94195608E-03  4.48733121E-01 -2.82321981E-01 -2.79677216E-01  0.00000000E+00
    1721  1.88689749E-02  4.21432158E-04  3.05864545E-07  4.25946277E-01  6.99395126E-03  4.48332791E-01 -2.82337013E-01 -2.79689666E-01  0.00000000E+00
    1731  1.89061255E-02  4.22437771E-04  3.05739867E-07  4.28908979E-01  6.95141097E-03  4.46912466E-01 -2.82322789E-01 -2.79676465E-01  0.00000000E+00
    1741  1.88847953E-02  4.21763482E-04  3.05282827E-07  4.27937906E-01  6.96550695E-03  4.44551743E-01 -2.82319975E-01 -2.79673946E-01  0.00000000E+00
    1751  1.89230242E-02  4.23388594E-04  3.07120272E-07  4.28904259E-01  6.98473250E-03  4.42888586E-01 -2.82316265E-01 -2.79670716E-01  0.00000000E+00
    1761  1.88694066E-02  4.21684111E-04  3.05367157E-07  4.27564449E-01  7.01915536E-03  4.40359652E-01 -2.82336669E-01 -2.79691494E-01  0.00000000E+00
    1771  1.88729932E-02  4.21426575E-04  3.04394428E-07  4.28690290E-01  6.97713420E-03  4.43554456E-01 -2.82322759E-01 -2.79677934E-01  0.00000000E+00
    1781  1.88929182E-02  4.22545851E-04  3.05749872E-07  4.29182413E-01  7.01636271E-03  4.48173192E-01 -2.82300216E-01 -2.79656827E-01  0.00000000E+00
    1791  1.88932876E-02  4.22282642E-04  3.04802353E-07  4.30241779E-01  6.98671947E-03  4.47027316E-01 -2.82295503E-01 -2.79651304E-01  0.00000000E+00
    1801  1.89061038E-02  4.23483750E-04  3.08222577E-07  4.27112045E-01  7.06336745E-03  4.50542993E-01 -2.82320572E-01 -2.79678583E-01  0.00000000E+00
    1811  1.89004871E-02  4.23252404E-04  3.07584885E-07  4.27672165E-01  7.06133537E-03  4.48044082E-01 -2.82322538E-01 -2.79682467E-01  0.00000000E+00
    1821  1.89133133E-02  4.23826063E-04  3.08066200E-07  4.28327270E-01  7.07081674E-03  4.54166869E-01 -2.82320401E-01 -2.79680249E-01  0.00000000E+00
    1831  1.89035630E-02  4.23112115E-04  3.06708187E-07  4.28924942E-01  7.03389507E-03  4.56534921E-01 -2.82332498E-01 -2.79693796E-01  0.00000000E+00
    1841  1.88903425E-02  4.22522663E-04  3.05762183E-07  4.29096772E-01  7.02429100E-03  4.57780130E-01 -2.82332328E-01 -2.79695998E-01  0.00000000E+00
    1851  1.88723892E-02  4.21445214E-04  3.03921658E-07  4.29628072E-01  6.98156576E-03  4.54761837E-01 -2.82343145E-01 -2.79708651E-01  0.00000000E+00
    1861  1.88841173E-02  4.21938681E-04  3.04274044E-07  4.30301638E-01  6.98698334E-03  4.54179939E-01 -2.82361693E-01 -2.79726251E-01  0.00000000E+00
    1871  1.89209960E-02  4.23090242E-04  3.04648840E-07  4.32700689E-01  6.96103236E-03  4.50825583E-01 -2.82363303E-01 -2.79725357E-01  0.00000000E+00
    1881  1.89035053E-02  4.22328476E-04  3.03630333E-07  4.32555788E-01  6.95031703E-03  4.50332849E-01 -2.82383584E-01 -2.79746505E-01  0.00000000E+00
    1891  1.88666822E-02  4.20707657E-04  3.01429736E-07  4.32319461E-01  6.92571788E-03  4.48979088E-01 -2.82365287E-01 -2.79730262E-01  0.00000000E+00
    1901  1.88118234E-02  4.18531239E-04  2.99044609E-07  4.30938815E-01  6.91401549E-03  4.45977666E-01 -2.82366943E-01 -2.79731278E-01  0.00000000E+00
    1911  1.87987104E-02  4.17948597E-04  2.98001751E-07  4.31341131E-01  6.90444809E-03  4.45677525E-01 -2.82354943E-01 -2.79717484E-01  0.00000000E+00
    1921  1.87981072E-02  4.17973509E-04  2.97616994E-07  4.32143034E-01  6.90953784E-03  4.46379725E-01 -2.82327568E-01 -2.79690856E-01  0.00000000E+00
    1931  1.87874563E-02  4.17354686E-04  2.96527850E-07  4.32542102E-01  6.88616895E-03  4.46088274E-01 -2.82334836E-01 -2.79697942E-01  0.00000000E+00
    1941  1.87375158E-02  4.15463863E-04  2.94444364E-07  4.31388706E-01  6.88437139E-03  4.43666864E-01 -2.82317820E-01 -2.79682597E-01  0.00000000E+00
    1951  1.87346791E-02  4.14939407E-04  2.93143044E-07  4.32469803E-01  6.83964865E-03  4.48057601E-01 -2.82301284E-01 -2.79664983E-01  0.00000000E+00
    1961  1.87258511E-02  4.14630239E-04  2.92864346E-07  4.32163501E-01  6.84195172E-03  4.46764722E-01 -2.82294988E-01 -2.79658757E-01  0.00000000E+00
    1971  1.87258044E-02  4.14431603E-04  2.92349575E-07  4.32618096E-01  6.82089443E-03  4.46041946E-01 -2.82295350E-01 -2.79659927E-01  0.00000000E+00
    1981  1.87549824E-02  4.15750288E-04  2.94129681E-07  4.32778767E-01  6.84496635E-03  4.45348907E-01 -2.82289715E-01 -2.79655691E-01  0.00000000E+00
    1991  1.87227630E-02  4.14573787E-04  2.92790105E-07  4.32152833E-01  6.84828253E-03  4.43935321E-01 -2.82268633E-01 -2.79635263E-01  0.00000000E+00
