# Bravais Lattice Basis
  1.00000000000000  0.50000000000000  0.00000000000000
  0.00000000000000  0.86602540440000  0.00000000000000
  0.00000000000000  0.00000000000000 10.66652524630000
# Spin axis
  1.00000000000000  0.00000000000000  0.00000000000000       l
# sites
    10
 -0.33333333333333 -0.33333333333333 -0.01126290600106    77  l a
  0.33333333333333  0.33333333333333  0.06439468570963    77  l a
  0.00000000000000  0.00000000000000  0.14107097911097    77  l a
 -0.33333333333333 -0.33333333333333  0.21849402110891    77  l a
  0.33333333333333  0.33333333333333  0.29574247812064    77  l a
  0.00000000000000  0.00000000000000  0.37286537343968    77  l a
 -0.33333333333333 -0.33333333333333  0.44961110134749    77  l a
  0.33333333333333  0.33333333333333 -0.47245470774277    77  l a
  0.00000000000000  0.00000000000000 -0.39973397480872    26  l up
 -0.33333333333333 -0.33333333333333 -0.32750166236339    46  l b
# data vectors
 -0.33333333333333 -0.33333333333333 -0.01126290600106    77  l a
  0.33333333333333  0.33333333333333  0.06439468570963    77  l a
  0.00000000000000  0.00000000000000  0.14107097911097    77  l a
 -0.33333333333333 -0.33333333333333  0.21849402110891    77  l a
  0.33333333333333  0.33333333333333  0.29574247812064    77  l a
  0.00000000000000  0.00000000000000  0.37286537343968    77  l a
 -0.33333333333333 -0.33333333333333  0.44961110134749    77  l a
  0.33333333333333  0.33333333333333 -0.47245470774277    77  l a
  0.00000000000000  0.00000000000000 -0.39973397480872    26  l up
 -0.33333333333333 -0.33333333333333 -0.32750166236339    46  l b

 spins = 1
 normalized spin axis (Wyckoff coordinates):
  1.00000000000000  0.00000000000000  0.00000000000000
 Hoholedry (cartesian coordinates):  8 elements
                        P

    0:  1.00000000  .000000000  .000000000
        .000000000  1.00000000  .000000000
        .000000000  .000000000  1.00000000

    1: -1.00000000  .000000000  .000000000
        .000000000 -1.00000000  .000000000
        .000000000  .000000000  1.00000000

    2:  1.00000000  .000000000  .000000000
        .000000000 -1.00000000  .000000000
        .000000000  .000000000  1.00000000

    3: -1.00000000  .000000000  .000000000
        .000000000  1.00000000  .000000000
        .000000000  .000000000  1.00000000

    4:  1.00000000  .000000000  .000000000
        .000000000  1.00000000  .000000000
        .000000000  .000000000 -1.00000000

    5: -1.00000000  .000000000  .000000000
        .000000000 -1.00000000  .000000000
        .000000000  .000000000 -1.00000000

    6:  1.00000000  .000000000  .000000000
        .000000000 -1.00000000  .000000000
        .000000000  .000000000 -1.00000000

    7: -1.00000000  .000000000  .000000000
        .000000000  1.00000000  .000000000
        .000000000  .000000000 -1.00000000
 Hoholedry (lattice coordinates):  8 elements
               P

    0:     1     0     0
           0     1     0
           0     0     1

    1:    -1     0     0
           0    -1     0
           0     0     1

    2:     1     1     0
           0    -1     0
           0     0     1

    3:    -1    -1     0
           0     1     0
           0     0     1

    4:     1     0     0
           0     1     0
           0     0    -1

    5:    -1     0     0
           0    -1     0
           0     0    -1

    6:     1     1     0
           0    -1     0
           0     0    -1

    7:    -1    -1     0
           0     1     0
           0     0    -1

 Preserve spin: order =  4
 in cartesian coordinates:
 element  1
  1.00000000000000  0.00000000000000  0.00000000000000
  0.00000000000000  1.00000000000000  0.00000000000000
  0.00000000000000  0.00000000000000  1.00000000000000
 element  2
 -1.00000000000000  0.00000000000000  0.00000000000000
  0.00000000000000  1.00000000000000  0.00000000000000
  0.00000000000000  0.00000000000000  1.00000000000000
 element  3
 -1.00000000000000  0.00000000000000  0.00000000000000
  0.00000000000000 -1.00000000000000  0.00000000000000
  0.00000000000000  0.00000000000000 -1.00000000000000
 element  4
  1.00000000000000  0.00000000000000  0.00000000000000
  0.00000000000000 -1.00000000000000  0.00000000000000
  0.00000000000000  0.00000000000000 -1.00000000000000

 Preserve unit cell: order =  2
 group order: 2
 group in lattice coordinates:
               P

    0:     1     0     0
           0     1     0
           0     0     1

    1:    -1    -1     0
           0     1     0
           0     0     1

 group in cartesian coordinates:
                        P

    0:  1.00000000  .000000000  .000000000
        .000000000  1.00000000  .000000000
        .000000000  .000000000  1.00000000

    1: -1.00000000  .000000000  .000000000
        .000000000  1.00000000  .000000000
        .000000000  .000000000  1.00000000

 Types:    10
 in Wyckoff coordinates:
  type  site                 1                 2                 3    label   rot
     1     0 -0.33333333333333 -0.33333333333333 -0.01126290600106    77 a     0
     2     1  0.33333333333333  0.33333333333333  0.06439468570963    77 a     0
     3     2  0.00000000000000  0.00000000000000  0.14107097911097    77 a     0
     4     3 -0.33333333333333 -0.33333333333333  0.21849402110891    77 a     0
     5     4  0.33333333333333  0.33333333333333  0.29574247812064    77 a     0
     6     5  0.00000000000000  0.00000000000000  0.37286537343968    77 a     0
     7     6 -0.33333333333333 -0.33333333333333  0.44961110134749    77 a     0
     8     7  0.33333333333333  0.33333333333333 -0.47245470774277    77 a     0
     9     8  0.00000000000000  0.00000000000000 -0.39973397480872    26 up     0
    10     9 -0.33333333333333 -0.33333333333333 -0.32750166236339    46 b     0
 group elements by axis and angle
  P           x           y           z  (2 pi)/ang   inv
  0  0.00000000  0.00000000  1.00000000           1     1
  1  1.00000000  0.00000000  0.00000000           2    -1
 
 For type: 1
 2 local group elements
 Selected local axis:      1.00000000  0.00000000  0.00000000
 Local Euler angles:  0.00000000000000  0.00000000000000  0.00000000000000     1
                      3.14159265358979  0.00000000000000  0.00000000000000    -1
 2 representations for L = 1
 3 representations for L = 2
 4 representations for L = 3
 5 representations for L = 4
 6 representations for L = 5
 7 representations for L = 6
 8 representations for L = 7
 9 representations for L = 8
 
 For type: 2
 2 local group elements
 Selected local axis:      1.00000000  0.00000000  0.00000000
 Local Euler angles:  0.00000000000000  0.00000000000000  0.00000000000000     1
                      3.14159265358979  0.00000000000000  0.00000000000000    -1
 2 representations for L = 1
 3 representations for L = 2
 4 representations for L = 3
 5 representations for L = 4
 6 representations for L = 5
 7 representations for L = 6
 8 representations for L = 7
 9 representations for L = 8
 
 For type: 3
 2 local group elements
 Selected local axis:      1.00000000  0.00000000  0.00000000
 Local Euler angles:  0.00000000000000  0.00000000000000  0.00000000000000     1
                      3.14159265358979  0.00000000000000  0.00000000000000    -1
 2 representations for L = 1
 3 representations for L = 2
 4 representations for L = 3
 5 representations for L = 4
 6 representations for L = 5
 7 representations for L = 6
 8 representations for L = 7
 9 representations for L = 8
 
 For type: 4
 2 local group elements
 Selected local axis:      1.00000000  0.00000000  0.00000000
 Local Euler angles:  0.00000000000000  0.00000000000000  0.00000000000000     1
                      3.14159265358979  0.00000000000000  0.00000000000000    -1
 2 representations for L = 1
 3 representations for L = 2
 4 representations for L = 3
 5 representations for L = 4
 6 representations for L = 5
 7 representations for L = 6
 8 representations for L = 7
 9 representations for L = 8
 
 For type: 5
 2 local group elements
 Selected local axis:      1.00000000  0.00000000  0.00000000
 Local Euler angles:  0.00000000000000  0.00000000000000  0.00000000000000     1
                      3.14159265358979  0.00000000000000  0.00000000000000    -1
 2 representations for L = 1
 3 representations for L = 2
 4 representations for L = 3
 5 representations for L = 4
 6 representations for L = 5
 7 representations for L = 6
 8 representations for L = 7
 9 representations for L = 8
 
 For type: 6
 2 local group elements
 Selected local axis:      1.00000000  0.00000000  0.00000000
 Local Euler angles:  0.00000000000000  0.00000000000000  0.00000000000000     1
                      3.14159265358979  0.00000000000000  0.00000000000000    -1
 2 representations for L = 1
 3 representations for L = 2
 4 representations for L = 3
 5 representations for L = 4
 6 representations for L = 5
 7 representations for L = 6
 8 representations for L = 7
 9 representations for L = 8
 
 For type: 7
 2 local group elements
 Selected local axis:      1.00000000  0.00000000  0.00000000
 Local Euler angles:  0.00000000000000  0.00000000000000  0.00000000000000     1
                      3.14159265358979  0.00000000000000  0.00000000000000    -1
 2 representations for L = 1
 3 representations for L = 2
 4 representations for L = 3
 5 representations for L = 4
 6 representations for L = 5
 7 representations for L = 6
 8 representations for L = 7
 9 representations for L = 8
 
 For type: 8
 2 local group elements
 Selected local axis:      1.00000000  0.00000000  0.00000000
 Local Euler angles:  0.00000000000000  0.00000000000000  0.00000000000000     1
                      3.14159265358979  0.00000000000000  0.00000000000000    -1
 2 representations for L = 1
 3 representations for L = 2
 4 representations for L = 3
 5 representations for L = 4
 6 representations for L = 5
 7 representations for L = 6
 8 representations for L = 7
 9 representations for L = 8
 
 For type: 9
 2 local group elements
 Selected local axis:      1.00000000  0.00000000  0.00000000
 Local Euler angles:  0.00000000000000  0.00000000000000  0.00000000000000     1
                      3.14159265358979  0.00000000000000  0.00000000000000    -1
 2 representations for L = 1
 3 representations for L = 2
 4 representations for L = 3
 5 representations for L = 4
 6 representations for L = 5
 7 representations for L = 6
 8 representations for L = 7
 9 representations for L = 8
 
 For type: 10
 2 local group elements
 Selected local axis:      1.00000000  0.00000000  0.00000000
 Local Euler angles:  0.00000000000000  0.00000000000000  0.00000000000000     1
                      3.14159265358979  0.00000000000000  0.00000000000000    -1
 2 representations for L = 1
 3 representations for L = 2
 4 representations for L = 3
 5 representations for L = 4
 6 representations for L = 5
 7 representations for L = 6
 8 representations for L = 7
 9 representations for L = 8

Nearest neighbor table
 type1 type2    distance
   1     2     0.99226416  
         2     0.99226416  
         1     1.00000000  
         1     1.00000000  
   2     1     0.99226416  
         1     0.99226416  
         2     1.00000000  
         2     1.00000000  
   3     3     1.00000000  
         3     1.00000000  
         2     1.00112140  
         2     1.00112140  
   4     4     1.00000000  
         4     1.00000000  
         5     1.00611342  
         5     1.00611342  
   5     5     1.00000000  
         5     1.00000000  
         6     1.00501686  
         6     1.00501686  
   6     6     1.00000000  
         6     1.00000000  
         7     1.00172654  
         7     1.00172654  
   7     7     1.00000000  
         7     1.00000000  
         6     1.00172654  
         6     1.00172654  
   8     9     0.96695862  
         9     0.96695862  
         8     1.00000000  
         8     1.00000000  
   9    10     0.96278447  
        10     0.96278447  
         8     0.96695862  
         8     0.96695862  
  10     9     0.96278447  
         9     0.96278447  
        10     1.00000000  
        10     1.00000000  

########################################################################
