 --------------------------------------------------------------
             __  __          ___   _______    ____  ___        
            / / / /__  ___  / _ | / __/ _ \  / __/ / _ \       
           / /_/ / _ \/ _ \/ __ |_\ \/ // / / _ \_/ // /       
           \____/ .__/ .__/_/ |_/___/____/  \___(_)___/        
               /_/  /_/                                        
 --------------------------------------------------------------
                https://github.com/UppASD/UppASD               
 --------------------------------------------------------------
              Division of Materials Theory                     
              Department of Physics and Astronomy              
              Uppsala University                               
              Sweden                                           
 ---------------------Production-version-----------------------
 Git revision: 
 --------------------------------------------------------------
 RNG: Mersenne-Twister (mtprng)
 --------------------------------------------------------------
 Execution Date: 20/12/2025  Execution Time: 20:35:00:776
 --------------------------------------------------------------
 Using OpenMP with 16  threads out of 16 possible.
 --------------------------------------------------------------
 Read input file using new format
 done.
  Set up types of atoms done
  Set up chemical information of alloy done
  Set up global coordinates done
  Set up damping
  done
  Set up temperature
  done
 Write input data done.
 Set up Hamiltonian
  Set up neighbour map for exchange nntype           1          32
 done
  Mount Heisenberg Hamiltonian done
  Set up anisotropies done
  Calculate mean-field estimate of Tc:   621.6 K.
  Max eigenvalue:    80.353 meV
  Set up neighbour map for Dzyaloshinskii-Moriya exchange done
  Mount Dzyaloshinskii-Moriya Hamiltonian done
 Initialize metatype 
 Initialize magnetic moments 
  Start random init spins  done
 Enter initial phase:  S 
  Performing initial phase:  1    Temp.   500.0       nsteps      50000       dt     0.1000E-14   lambda      1.000         0.000    
  IP  1   10% done. Mbar:  0.073223
  IP  1   20% done. Mbar:  0.095730
  IP  1   30% done. Mbar:  0.038527
  IP  1   40% done. Mbar:  0.056087
  IP  1   50% done. Mbar:  0.073630
  IP  1   60% done. Mbar:  0.133439
  IP  1   70% done. Mbar:  0.099899
  IP  1   80% done. Mbar:  0.047651
  IP  1   90% done. Mbar:  0.132638
  IP  1  100% done. Mbar:  0.043459
  Performing initial phase:  2    Temp.   400.0       nsteps      50000       dt     0.1000E-14   lambda      1.000         0.000    
  IP  2   10% done. Mbar:  0.087537
  IP  2   20% done. Mbar:  0.151752
  IP  2   30% done. Mbar:  0.119398
  IP  2   40% done. Mbar:  0.061186
  IP  2   50% done. Mbar:  0.078432
  IP  2   60% done. Mbar:  0.077381
  IP  2   70% done. Mbar:  0.129992
  IP  2   80% done. Mbar:  0.079141
  IP  2   90% done. Mbar:  0.047153
  IP  2  100% done. Mbar:  0.104799
  Performing initial phase:  3    Temp.   300.0       nsteps      50000       dt     0.1000E-14   lambda      1.000         0.000    
  IP  3   10% done. Mbar:  0.161276
  IP  3   20% done. Mbar:  0.177093
  IP  3   30% done. Mbar:  0.243681
  IP  3   40% done. Mbar:  0.238751
  IP  3   50% done. Mbar:  0.208356
  IP  3   60% done. Mbar:  0.165034
  IP  3   70% done. Mbar:  0.159593
  IP  3   80% done. Mbar:  0.267258
  IP  3   90% done. Mbar:  0.204217
  IP  3  100% done. Mbar:  0.300085
  Performing initial phase:  4    Temp.   200.0       nsteps      50000       dt     0.1000E-14   lambda      1.000         0.000    
  IP  4   10% done. Mbar:  0.311119
  IP  4   20% done. Mbar:  0.286099
  IP  4   30% done. Mbar:  0.283470
  IP  4   40% done. Mbar:  0.345611
  IP  4   50% done. Mbar:  0.276466
  IP  4   60% done. Mbar:  0.308342
  IP  4   70% done. Mbar:  0.264885
  IP  4   80% done. Mbar:  0.241782
  IP  4   90% done. Mbar:  0.324714
  IP  4  100% done. Mbar:  0.282961
  Performing initial phase:  5    Temp.   100.0       nsteps      50000       dt     0.1000E-14   lambda      1.000         0.000    
  IP  5   10% done. Mbar:  0.276826
  IP  5   20% done. Mbar:  0.279169
  IP  5   30% done. Mbar:  0.292920
  IP  5   40% done. Mbar:  0.283503
  IP  5   50% done. Mbar:  0.282985
  IP  5   60% done. Mbar:  0.300984
  IP  5   70% done. Mbar:  0.270542
  IP  5   80% done. Mbar:  0.298557
  IP  5   90% done. Mbar:  0.253795
  IP  5  100% done. Mbar:  0.251370
 Enter measurement phase:
 ------------------------------------------
            Simulation data                
 ------------------------------------------
  Number of atoms   10000
  Number of ensembles   1
  Gradient: N
  Temperature:    0.00 K
  Number of simulation steps:    500000
  Time step:  1000.    as
  Simulation time:  500.0    ps
  Damping parameter:  1.000    
  Sample averages: Y
  Sample moments: Y
  Spin correlation: N
 ------------------------------------------
         Progress of simulation:           
  MP   5% done. Mbar:  0.272825. Ebar:   -6.087320. U: 0.66652. 
  MP  10% done. Mbar:  0.269264. Ebar:   -6.087633. U: 0.66656. 
  MP  15% done. Mbar:  0.265952. Ebar:   -6.087978. U: 0.66652. 
  MP  20% done. Mbar:  0.260407. Ebar:   -6.088434. U: 0.66639. 
  MP  25% done. Mbar:  0.256857. Ebar:   -6.089052. U: 0.66614. 
  MP  30% done. Mbar:  0.256241. Ebar:   -6.089156. U: 0.66607. 
  MP  35% done. Mbar:  0.255611. Ebar:   -6.089417. U: 0.66611. 
  MP  40% done. Mbar:  0.255217. Ebar:   -6.089434. U: 0.66615. 
  MP  45% done. Mbar:  0.255024. Ebar:   -6.089440. U: 0.66621. 
  MP  50% done. Mbar:  0.254949. Ebar:   -6.089444. U: 0.66626. 
  MP  55% done. Mbar:  0.254934. Ebar:   -6.089447. U: 0.66631. 
  MP  60% done. Mbar:  0.254946. Ebar:   -6.089450. U: 0.66635. 
  MP  65% done. Mbar:  0.254967. Ebar:   -6.089452. U: 0.66639. 
  MP  70% done. Mbar:  0.254991. Ebar:   -6.089454. U: 0.66642. 
  MP  75% done. Mbar:  0.255013. Ebar:   -6.089457. U: 0.66645. 
  MP  80% done. Mbar:  0.255031. Ebar:   -6.089459. U: 0.66647. 
  MP  85% done. Mbar:  0.255046. Ebar:   -6.089461. U: 0.66649. 
  MP  90% done. Mbar:  0.255056. Ebar:   -6.089463. U: 0.66651. 
  MP  95% done. Mbar:  0.255060. Ebar:   -6.089465. U: 0.66652. 
  MP 100% done. Mbar:  0.255057. Ebar:   -6.089468. U: 0.66654. 
 Simulation finished
 ----------------TIME CONSUMPTION REPORT----------------------
 CATEGORY                 TIME(sec)           PERCENT
   Startup                 4.06E-02               0.0
   Initial                 1.67E+01               1.3
   Measurement             6.83E+01               5.3
   Hamiltonian             3.46E+02              26.7
   Evolution               2.79E+02              21.5
   RNG                     5.08E+02              39.3
   Energy                  9.72E+00               0.8
   Moments                 2.67E+01               2.1
   PrintRestart            9.17E-03               0.0
   SpinCorr                2.32E+00               0.2
 -------------------------------------------------------------
 Total wall time           1.29E+03      Sampled percent  97.1
 --------------MAIN PROGRAM PHASES TIME REPORT----------------
 CATEGORY                   EXECUTION TIME    TOTAL CPU TIME
  Time for initialization :           0.09              0.65
  Time for initial phase  :         416.95           6343.13
  Time for meas. phase    :         937.51          14352.48
  Time for cleanup        :           0.02              0.00
 -------------------------------------------------------------
  Time total              :        1354.57          20696.26
  Time for one meas. iter :           0.00              0.03
 -------------------MEMORY CONSUMPTION REPORT-----------------------
 126 allocations and 125 deallocations, remaining memory(B):24
 Memory occupation peak: 49692 kB
 For the array: "red_atom_list" in routine "magninit"
 -----------------END MEMORY CONSUMPTION REPORT---------------------
