   #Iter           <M>_x           <M>_y           <M>_z             <M>        M_{stdv}
       0 -3.54468119E-04  1.45996387E-02  1.65821346E-02  2.20962052E-02  0.00000000E+00
     100 -1.27945054E-03 -1.28950447E-02  2.06156115E-03  1.31213264E-02  0.00000000E+00
     200 -2.90214907E-03 -9.31922927E-03  5.30567033E-03  1.11094843E-02  0.00000000E+00
     300 -2.03705974E-02  5.96722446E-03  2.41173075E-03  2.13631798E-02  0.00000000E+00
     400  4.95265102E-04 -2.23764114E-02 -9.54952452E-03  2.43339781E-02  0.00000000E+00
     500  5.49454350E-03  9.81084412E-03  9.83118799E-04  1.12875681E-02  0.00000000E+00
     600  6.15184408E-03 -9.62515244E-03 -8.22884356E-03  1.40784449E-02  0.00000000E+00
     700 -3.47522628E-03 -1.56692013E-03 -1.12667408E-02  1.18941954E-02  0.00000000E+00
     800 -1.01440167E-02 -1.08126592E-02  4.57396014E-04  1.48332021E-02  0.00000000E+00
     900  6.12385445E-03  6.54251804E-03  1.11586801E-03  9.03057567E-03  0.00000000E+00
    1000 -1.05394759E-02 -1.09440829E-02 -1.39760680E-02  2.06442239E-02  0.00000000E+00
    1100  1.18000341E-03 -2.80210542E-02 -1.64533585E-02  3.25159175E-02  0.00000000E+00
    1200 -8.75769705E-03  6.88014438E-03 -6.11117857E-03  1.27035486E-02  0.00000000E+00
    1300  5.00635129E-04  9.19810352E-03 -6.75512926E-03  1.14231132E-02  0.00000000E+00
    1400 -3.81875045E-03  6.84064635E-03 -6.02265262E-03  9.88178335E-03  0.00000000E+00
    1500 -3.16916938E-04 -4.46668937E-03  6.25600358E-03  7.69346028E-03  0.00000000E+00
    1600  1.27305349E-02 -4.77470628E-03  5.21391136E-03  1.45619096E-02  0.00000000E+00
    1700  1.25847699E-02  2.11034928E-02  4.07916378E-03  2.49072965E-02  0.00000000E+00
    1800  1.01512167E-02  4.40222553E-03 -4.90385898E-03  1.21026700E-02  0.00000000E+00
    1900 -1.11659948E-02 -7.62560228E-03  8.41684676E-03  1.59271014E-02  0.00000000E+00
    2000  7.65832187E-03  5.09182790E-04 -3.06522148E-03  8.26466840E-03  0.00000000E+00
    2100 -2.63137840E-02  1.93755203E-02 -5.18561474E-03  3.30865020E-02  0.00000000E+00
    2200  6.36992409E-03  4.04638243E-03 -1.47530263E-02  1.65710871E-02  0.00000000E+00
    2300  7.87700882E-03  1.99075504E-03 -1.09581083E-03  8.19824218E-03  0.00000000E+00
    2400 -6.57559222E-03  1.07427302E-02 -6.20623426E-03  1.40414390E-02  0.00000000E+00
    2500 -1.33180559E-04 -2.46142508E-03 -2.20276315E-02  2.21651281E-02  0.00000000E+00
    2600 -2.43807078E-02 -9.94889262E-03  1.35068626E-02  2.95945048E-02  0.00000000E+00
    2700 -5.31646395E-03 -1.16652360E-02 -1.10322634E-02  1.69131120E-02  0.00000000E+00
    2800  2.13604806E-02  7.33262015E-04 -1.26602237E-03  2.14105258E-02  0.00000000E+00
    2900 -1.22940172E-02  2.22464618E-03  1.25710920E-02  1.77235511E-02  0.00000000E+00
    3000 -7.85220930E-03  1.45687711E-02 -5.36888901E-03  1.73991739E-02  0.00000000E+00
    3100  1.91975660E-04 -6.02792281E-03 -3.87946000E-03  7.17097748E-03  0.00000000E+00
    3200 -3.36966128E-03  2.21274712E-03  8.42331329E-04  4.11829929E-03  0.00000000E+00
    3300 -7.69095435E-03  3.63981810E-03 -7.78968694E-03  1.15359558E-02  0.00000000E+00
    3400  1.37048430E-02 -1.14319233E-03  2.27366351E-03  1.39391232E-02  0.00000000E+00
    3500  1.53051166E-03 -2.29351146E-04  1.70829111E-04  1.55700047E-03  0.00000000E+00
    3600  1.13405250E-02 -1.80023707E-02 -1.53489915E-02  2.62351748E-02  0.00000000E+00
    3700 -1.72552500E-02 -2.90773161E-03 -6.71725832E-03  1.87435353E-02  0.00000000E+00
    3800  1.00379812E-02 -2.26699702E-02 -4.57534651E-03  2.52115531E-02  0.00000000E+00
    3900  1.37657597E-02 -1.27381951E-02 -5.67808824E-03  1.95958781E-02  0.00000000E+00
    4000  2.36492282E-03 -6.72059286E-03 -1.29572681E-02  1.47868193E-02  0.00000000E+00
    4100 -8.35477370E-03  6.23394601E-03 -1.58897848E-02  1.90039361E-02  0.00000000E+00
    4200  1.10124534E-02  1.45060636E-02 -5.47699747E-03  1.90183467E-02  0.00000000E+00
    4300 -9.42678736E-03  1.03223921E-02 -5.98396209E-03  1.52060481E-02  0.00000000E+00
    4400  1.19611493E-02  1.57778904E-03 -6.29628941E-03  1.36088857E-02  0.00000000E+00
    4500 -1.21562055E-02 -3.26479690E-03  3.35572118E-03  1.30266303E-02  0.00000000E+00
    4600  8.09324602E-03  1.36257157E-02 -1.46965335E-02  2.16136266E-02  0.00000000E+00
    4700 -3.40672490E-03 -3.47654728E-03 -5.03221492E-03  7.00109581E-03  0.00000000E+00
    4800 -1.24207615E-02  3.43004881E-03  8.48133733E-03  1.54263941E-02  0.00000000E+00
    4900 -7.29236271E-03  4.85216276E-03  6.11840075E-03  1.06844216E-02  0.00000000E+00
    5000  1.00490439E-02  3.50467491E-03  8.64842211E-03  1.37135420E-02  0.00000000E+00
    5100 -1.13413083E-02 -1.66717507E-02 -4.52600192E-03  2.06653633E-02  0.00000000E+00
    5200  8.73014821E-03  2.64328722E-03 -1.27922831E-03  9.21080236E-03  0.00000000E+00
    5300 -5.98326860E-03  2.08922626E-02  1.42574878E-03  2.17788636E-02  0.00000000E+00
    5400 -4.05088639E-03  2.60820387E-02 -1.34917785E-03  2.64292018E-02  0.00000000E+00
    5500 -1.46240925E-03 -1.24075819E-02 -3.32899243E-03  1.29293820E-02  0.00000000E+00
    5600 -1.07977317E-02 -6.27286465E-03  1.28295760E-02  1.79035712E-02  0.00000000E+00
    5700  2.16590486E-03 -1.33958348E-03 -1.80367572E-03  3.12071689E-03  0.00000000E+00
    5800  1.20613037E-02  2.38920012E-03 -3.52999466E-02  3.73800689E-02  0.00000000E+00
    5900  1.31627613E-02  1.82277296E-03 -5.57864020E-03  1.44118705E-02  0.00000000E+00
    6000 -4.22159989E-03 -2.05449765E-03  1.06537760E-03  4.81434270E-03  0.00000000E+00
    6100 -1.36249961E-02 -9.68485489E-04  7.20849130E-03  1.54447671E-02  0.00000000E+00
    6200  1.07853617E-03 -5.23738688E-03  4.64648628E-03  7.08401696E-03  0.00000000E+00
    6300 -3.43806906E-03  3.03673230E-03 -1.80211730E-02  1.85958258E-02  0.00000000E+00
    6400 -2.29436534E-02 -5.62558267E-03  1.89747593E-02  3.03001634E-02  0.00000000E+00
    6500  1.21361210E-04  8.34297410E-03 -1.14600247E-02  1.41757579E-02  0.00000000E+00
    6600 -1.58329355E-02 -2.81980397E-03 -1.12966715E-02  1.96531913E-02  0.00000000E+00
    6700  4.54641420E-03 -6.89343812E-03  1.69925620E-02  1.88927641E-02  0.00000000E+00
    6800 -1.36758038E-03  5.32448350E-03 -2.44477399E-02  2.50581800E-02  0.00000000E+00
    6900 -5.06568288E-03  4.90773712E-03  1.13292590E-02  1.33453788E-02  0.00000000E+00
    7000 -1.45287930E-02 -1.25774557E-03  1.45518169E-02  2.06015321E-02  0.00000000E+00
    7100 -1.83716016E-02  4.51493774E-03  6.70870892E-03  2.00725480E-02  0.00000000E+00
    7200 -7.68390744E-03  1.42587867E-05 -4.40942680E-03  8.85921450E-03  0.00000000E+00
    7300  2.10218511E-04 -1.98570221E-02  1.79399915E-02  2.67617042E-02  0.00000000E+00
    7400 -9.81544949E-03 -5.24669122E-03  1.85465307E-02  2.16297161E-02  0.00000000E+00
    7500 -6.84871453E-03  1.39451633E-02  4.13465453E-03  1.60769350E-02  0.00000000E+00
    7600 -4.04138335E-03  2.08808516E-03 -7.35281262E-03  8.64619757E-03  0.00000000E+00
    7700  5.07327858E-03 -5.92109113E-03 -7.23696150E-03  1.06381900E-02  0.00000000E+00
    7800 -7.91712748E-03  2.90065205E-03 -8.27271594E-03  1.18123884E-02  0.00000000E+00
    7900  2.82501655E-03 -5.26978291E-03 -1.65721122E-02  1.76177817E-02  0.00000000E+00
    8000  3.90176808E-03  1.93366207E-02 -9.29363015E-03  2.18059684E-02  0.00000000E+00
    8100  8.41746693E-04  2.12150936E-02  9.82605314E-03  2.33952998E-02  0.00000000E+00
    8200 -9.62111027E-03  1.59252712E-03  5.02615965E-03  1.09710613E-02  0.00000000E+00
    8300  4.24754574E-03  1.67039694E-02 -9.24655132E-03  1.95592165E-02  0.00000000E+00
    8400  7.53848831E-03 -1.21344461E-02  1.65609684E-02  2.18709685E-02  0.00000000E+00
    8500  2.92560143E-02 -1.07282970E-03  4.47102205E-03  2.96151207E-02  0.00000000E+00
    8600  1.92309325E-03  1.28481063E-02  1.08769143E-03  1.30366866E-02  0.00000000E+00
    8700 -6.63905979E-03  6.74593758E-03 -6.08563974E-04  9.48446829E-03  0.00000000E+00
    8800 -2.09976611E-03 -7.35236238E-03  1.28393964E-02  1.49437729E-02  0.00000000E+00
    8900  2.92237713E-03 -3.76242776E-03 -2.29560677E-03  5.28828528E-03  0.00000000E+00
    9000 -1.23909370E-02  3.13836873E-03 -2.72160630E-03  1.30687344E-02  0.00000000E+00
    9100 -6.70677774E-03  5.88803079E-03  6.37474021E-03  1.09675470E-02  0.00000000E+00
    9200  1.22657638E-02  8.92955026E-04  2.19420060E-03  1.24924315E-02  0.00000000E+00
    9300  7.48654532E-03  9.62393392E-03  3.36368406E-03  1.26484321E-02  0.00000000E+00
    9400  2.27734028E-03  1.35983432E-02  4.71429335E-03  1.45714028E-02  0.00000000E+00
    9500  6.19643001E-03  6.77949439E-03 -1.31692619E-02  1.60557388E-02  0.00000000E+00
    9600 -4.60333403E-03  3.93281501E-03 -4.28675893E-03  7.41849177E-03  0.00000000E+00
    9700  1.34928743E-02  1.45712206E-02 -1.52570756E-03  1.99174775E-02  0.00000000E+00
    9800  8.74549754E-03 -5.54303582E-03  6.03835408E-03  1.19862710E-02  0.00000000E+00
    9900  1.11558529E-02 -3.43340882E-03 -2.83562552E-03  1.20117493E-02  0.00000000E+00
   10000  4.84890851E-03 -1.00433826E-02  7.55723618E-03  1.34719437E-02  0.00000000E+00
   10100 -9.34908020E-03  1.25379525E-03 -4.05117332E-03  1.02659295E-02  0.00000000E+00
   10200  2.88207548E-03 -1.08602426E-02  2.19048700E-02  2.46185815E-02  0.00000000E+00
   10300 -1.20814389E-03 -1.51951132E-02  1.64357267E-02  2.24161591E-02  0.00000000E+00
   10400  1.62937368E-03 -2.66362771E-03  5.14412852E-03  6.01762656E-03  0.00000000E+00
   10500  4.98880627E-03  6.24592087E-03  5.81137642E-03  9.88290501E-03  0.00000000E+00
   10600  1.59448219E-03 -1.21969149E-02  1.27183023E-02  1.76935672E-02  0.00000000E+00
   10700  9.30609049E-03 -6.54827167E-03 -1.47754823E-02  1.86493447E-02  0.00000000E+00
   10800  1.08550137E-02 -3.13258533E-03 -1.07563511E-02  1.55994712E-02  0.00000000E+00
   10900 -5.73225092E-03  1.22976122E-03  4.76347502E-03  7.55392001E-03  0.00000000E+00
   11000  4.18629584E-03  8.75647498E-03 -7.24957585E-03  1.21143418E-02  0.00000000E+00
   11100 -4.15782058E-03 -1.47317931E-02  1.51499764E-02  2.15368286E-02  0.00000000E+00
   11200 -1.85180756E-04  1.06426268E-02  1.13975233E-02  1.55949778E-02  0.00000000E+00
   11300 -2.48451090E-02 -6.71980311E-03 -1.61843368E-02  3.04034200E-02  0.00000000E+00
   11400  1.46449466E-02 -2.23662666E-02  1.04108301E-02  2.86898889E-02  0.00000000E+00
   11500  9.68108862E-03  4.24459083E-03  1.82285059E-02  2.10717454E-02  0.00000000E+00
   11600  2.77774185E-03  1.23831454E-02  7.61808638E-03  1.48018032E-02  0.00000000E+00
   11700 -6.28567579E-03 -4.32176265E-03  9.71521071E-03  1.23520311E-02  0.00000000E+00
   11800 -1.03749349E-02  1.50986559E-02 -1.72701771E-02  2.51767294E-02  0.00000000E+00
   11900 -1.55637775E-02 -1.12472528E-02  2.69951070E-02  3.31280495E-02  0.00000000E+00
   12000 -8.79670489E-03 -7.72194324E-03  5.72241639E-03  1.30290627E-02  0.00000000E+00
   12100  1.24271051E-02 -1.10108353E-03 -2.02031718E-02  2.37447568E-02  0.00000000E+00
   12200  3.90464744E-03 -1.21181625E-02 -1.82488085E-02  2.22511831E-02  0.00000000E+00
   12300 -1.64859533E-02  2.62211499E-03  1.27305223E-02  2.09935309E-02  0.00000000E+00
   12400  3.33735606E-03 -5.76245817E-03  9.79142743E-03  1.18412804E-02  0.00000000E+00
   12500  3.94473470E-04  1.22857216E-02  1.14706184E-02  1.68127824E-02  0.00000000E+00
   12600  1.82043997E-02  7.83088195E-03  1.22576976E-02  2.33018031E-02  0.00000000E+00
   12700 -7.17479037E-03  7.70214744E-03  1.67152627E-02  1.97534984E-02  0.00000000E+00
   12800 -5.36972655E-03 -9.68043234E-03 -1.45941143E-02  1.83175573E-02  0.00000000E+00
   12900  5.88054179E-04 -8.53608842E-03  2.34060309E-03  8.87068408E-03  0.00000000E+00
   13000  1.36429416E-03 -4.89996667E-03  6.59016488E-03  8.32473694E-03  0.00000000E+00
   13100 -4.40540661E-03 -3.30313606E-05 -1.33393690E-02  1.40480412E-02  0.00000000E+00
   13200  8.89097227E-03  1.08979695E-02 -6.87064473E-03  1.56531430E-02  0.00000000E+00
   13300  1.02816911E-02 -1.59101576E-02  1.25839716E-03  1.89849901E-02  0.00000000E+00
   13400  1.07900400E-02  1.17328290E-02  1.51889260E-03  1.60122227E-02  0.00000000E+00
   13500  1.91259402E-02 -3.48571449E-03 -7.50807776E-03  2.08404180E-02  0.00000000E+00
   13600 -1.99250984E-04 -1.78933679E-02  1.72804042E-02  2.48761872E-02  0.00000000E+00
   13700 -1.68594197E-02  3.91064115E-03  7.25119124E-03  1.87646721E-02  0.00000000E+00
   13800  5.75421401E-03 -3.29493070E-03  1.37305479E-02  1.52478029E-02  0.00000000E+00
   13900 -7.01366215E-03  5.64410899E-04  4.00733494E-03  8.09745328E-03  0.00000000E+00
   14000 -6.04098594E-03  8.17981153E-03  2.03155062E-02  2.27183322E-02  0.00000000E+00
   14100  2.30968657E-02 -1.00922013E-02  1.00911853E-02  2.71505019E-02  0.00000000E+00
   14200  1.14383705E-02  1.02632809E-02 -1.96335617E-03  1.54927732E-02  0.00000000E+00
   14300 -1.54955624E-02 -6.21999565E-03  1.20522060E-03  1.67407693E-02  0.00000000E+00
   14400 -1.71383109E-02  1.99228193E-02 -3.41338904E-03  2.65007859E-02  0.00000000E+00
   14500  4.78142692E-03  5.76833778E-03  1.75631839E-02  1.90945330E-02  0.00000000E+00
   14600  1.30354141E-02  5.90181732E-03  6.93710909E-03  1.59021052E-02  0.00000000E+00
   14700  5.99425581E-03  3.81080601E-03  2.01890232E-03  7.38439650E-03  0.00000000E+00
   14800 -8.90346626E-04  1.85385406E-02  1.48386790E-02  2.37625040E-02  0.00000000E+00
   14900  1.27360717E-04 -1.20556850E-02 -1.41485458E-02  1.85886285E-02  0.00000000E+00
   15000 -1.03534523E-02  1.39419636E-03  1.14456795E-03  1.05094145E-02  0.00000000E+00
   15100 -1.23121716E-02 -6.60904495E-03  8.08486315E-03  1.61441648E-02  0.00000000E+00
   15200 -9.52330379E-03 -6.38480448E-03 -1.79011846E-02  2.12582091E-02  0.00000000E+00
   15300  6.72665288E-03  6.81090085E-03 -1.60090791E-02  1.86527972E-02  0.00000000E+00
   15400  6.43314602E-03 -1.57142269E-02 -1.02188393E-03  1.70107773E-02  0.00000000E+00
   15500  5.04160635E-03 -7.22959776E-03  3.65334453E-04  8.82147083E-03  0.00000000E+00
   15600  4.44441334E-03 -9.09344086E-03  2.75530895E-03  1.04897666E-02  0.00000000E+00
   15700  1.30490697E-04 -1.87535745E-02  2.95509868E-03  1.89854205E-02  0.00000000E+00
   15800 -2.00578464E-02  1.70139637E-02 -4.52957737E-03  2.66891220E-02  0.00000000E+00
   15900  2.64151808E-02  1.13462862E-02 -1.35091762E-03  2.87806353E-02  0.00000000E+00
   16000 -4.17577853E-03  1.05768082E-02 -2.18150017E-03  1.15786415E-02  0.00000000E+00
   16100  1.08844166E-02  6.58331231E-03  1.11725282E-02  1.69303252E-02  0.00000000E+00
   16200 -2.26483421E-03 -8.08281503E-03 -2.79565929E-03  8.84743374E-03  0.00000000E+00
   16300  5.30503737E-03 -6.62457358E-03  2.91193173E-03  8.97261071E-03  0.00000000E+00
   16400  3.88417522E-03  1.07808021E-02  1.03616597E-03  1.15059181E-02  0.00000000E+00
   16500  4.30121597E-03 -5.06701929E-03 -1.22510201E-02  1.39378132E-02  0.00000000E+00
   16600 -1.65524845E-03 -3.78557271E-03  2.22565288E-02  2.26367728E-02  0.00000000E+00
   16700  1.08373864E-02  2.53209078E-02  1.21811044E-02  3.01160526E-02  0.00000000E+00
   16800  9.14962737E-03  1.36440478E-03  8.19961558E-04  9.28706726E-03  0.00000000E+00
   16900 -2.35368759E-02 -7.59875452E-03  1.01634106E-02  2.67398675E-02  0.00000000E+00
   17000  6.38411640E-03  2.41187394E-02  1.49081402E-02  2.90641218E-02  0.00000000E+00
   17100  5.93650506E-03 -1.46034041E-02  4.64637153E-03  1.64344234E-02  0.00000000E+00
   17200  9.89742814E-03 -8.60387170E-03  4.30870389E-03  1.38040074E-02  0.00000000E+00
   17300  1.75442860E-03  5.76793534E-03 -1.69174631E-02  1.79596118E-02  0.00000000E+00
   17400 -1.37544196E-02  1.38339924E-03  5.94188055E-03  1.50467205E-02  0.00000000E+00
   17500  8.57113601E-03 -1.20885408E-02 -1.24717216E-02  1.93685577E-02  0.00000000E+00
   17600  1.54520454E-03 -1.26527536E-02  1.91699289E-03  1.28901005E-02  0.00000000E+00
   17700  7.75394510E-03  3.25130451E-03 -4.20697356E-03  9.40176963E-03  0.00000000E+00
   17800 -3.30445247E-03 -1.42646795E-03  2.24125924E-04  3.60616824E-03  0.00000000E+00
   17900  7.85836086E-03  1.25716042E-02 -6.54045750E-03  1.62042171E-02  0.00000000E+00
   18000 -2.18666876E-02  2.70702578E-04  1.15670291E-02  2.47390677E-02  0.00000000E+00
   18100  2.23224734E-04  1.77868244E-04  9.51476577E-03  9.51904586E-03  0.00000000E+00
   18200 -1.10529724E-02 -4.61134358E-03  1.37812022E-02  1.82579906E-02  0.00000000E+00
   18300 -1.71256849E-02 -7.01936393E-03 -1.47639976E-02  2.36756453E-02  0.00000000E+00
   18400  1.01370582E-02  5.23949994E-03 -5.04189328E-03  1.24752954E-02  0.00000000E+00
   18500 -9.39767227E-03 -2.26198317E-02  1.49811274E-04  2.44948051E-02  0.00000000E+00
   18600  6.59113626E-03  1.03513332E-02 -1.69308483E-03  1.23878858E-02  0.00000000E+00
   18700  9.31979456E-03  4.49359388E-03  6.64364864E-03  1.22958946E-02  0.00000000E+00
   18800  1.44160152E-02 -1.07169192E-02 -2.90001618E-04  1.79654656E-02  0.00000000E+00
   18900  5.83607125E-03 -1.21421262E-02  4.26503316E-03  1.41308692E-02  0.00000000E+00
   19000 -2.73244698E-03  4.51535530E-03 -1.11397321E-02  1.23267324E-02  0.00000000E+00
   19100 -5.83669360E-03 -4.63688236E-03  1.18699819E-02  1.40165667E-02  0.00000000E+00
   19200  5.38356953E-04 -1.22816066E-02 -1.53722239E-02  1.96833167E-02  0.00000000E+00
   19300 -1.35578088E-02  5.88417855E-03 -1.41153063E-02  2.04372113E-02  0.00000000E+00
   19400 -1.30868080E-02  3.30273057E-04  4.85554512E-03  1.39624475E-02  0.00000000E+00
   19500  7.87632295E-03 -3.56342131E-04  2.03092809E-02  2.17860123E-02  0.00000000E+00
   19600  1.59775614E-02 -8.98823839E-03 -5.04318002E-03  1.90132733E-02  0.00000000E+00
   19700 -5.20794869E-03  7.74394327E-03 -2.22019787E-03  9.59274025E-03  0.00000000E+00
   19800  1.77332155E-02 -1.63350538E-02  1.73753642E-02  2.97187516E-02  0.00000000E+00
   19900 -1.60745515E-02 -1.04464944E-03 -1.06931943E-02  1.93346037E-02  0.00000000E+00
   20000 -1.27764678E-02  1.27946633E-02 -1.04418144E-02  2.08799671E-02  0.00000000E+00
   20100 -1.29726972E-02  3.50078874E-03 -8.70076558E-03  1.60078018E-02  0.00000000E+00
   20200 -4.37541362E-03  1.44371302E-02  5.27984108E-03  1.59828562E-02  0.00000000E+00
   20300 -9.15942493E-03  7.11238174E-03  1.07987298E-02  1.58459334E-02  0.00000000E+00
   20400 -2.48394137E-03 -2.06749161E-02  7.51223114E-03  2.21372025E-02  0.00000000E+00
   20500 -2.15593835E-02 -7.70662102E-03  7.44748387E-03  2.40762131E-02  0.00000000E+00
   20600  6.65877803E-03  3.53819582E-02 -1.51863478E-02  3.90748954E-02  0.00000000E+00
   20700  1.41841561E-03 -4.00708301E-03  7.94533426E-03  9.01093522E-03  0.00000000E+00
   20800  1.75379728E-02  8.25220178E-03  9.34429976E-03  2.15173247E-02  0.00000000E+00
   20900 -7.83633689E-03  1.66723763E-03  1.36279225E-02  1.58084828E-02  0.00000000E+00
   21000  7.22550067E-04  4.89780766E-03 -3.67052472E-03  6.16306337E-03  0.00000000E+00
   21100  3.48389374E-03  4.77607520E-03  1.64638855E-02  1.74930825E-02  0.00000000E+00
   21200 -1.05226333E-03 -2.34875303E-02 -5.96638236E-03  2.42563199E-02  0.00000000E+00
   21300 -3.46999033E-03  6.13901736E-03  1.92704393E-02  2.05201900E-02  0.00000000E+00
   21400  6.28224602E-04 -8.49589487E-03  1.36004394E-02  1.60482662E-02  0.00000000E+00
   21500 -1.21904937E-02 -7.04804178E-03  1.35085583E-02  1.95131796E-02  0.00000000E+00
   21600 -4.06567902E-03  3.18721954E-03 -5.50548669E-03  7.54973496E-03  0.00000000E+00
   21700  1.69183512E-02 -7.64932280E-03  7.54672181E-03  2.00423491E-02  0.00000000E+00
   21800  6.65092943E-03 -6.07005482E-03  1.62293009E-02  1.85599202E-02  0.00000000E+00
   21900 -5.06269840E-03 -1.43376913E-02 -4.82554160E-03  1.59526223E-02  0.00000000E+00
   22000  9.54366201E-03  8.73001822E-03 -8.38576144E-03  1.54147883E-02  0.00000000E+00
   22100  1.80303829E-03  4.13502957E-03  1.27294798E-02  1.35051498E-02  0.00000000E+00
   22200  1.48852568E-04 -1.13573725E-02 -4.86582137E-03  1.23567101E-02  0.00000000E+00
   22300 -7.05132328E-03  1.84538280E-02  1.00443451E-02  2.21619899E-02  0.00000000E+00
   22400 -1.82445495E-02  4.15595889E-03  1.87110292E-02  2.64620142E-02  0.00000000E+00
   22500 -3.67035890E-03  6.96912396E-03  1.00285064E-02  1.27519083E-02  0.00000000E+00
   22600 -9.36326772E-03 -1.52357186E-02 -1.95799908E-02  2.65174271E-02  0.00000000E+00
   22700  1.70723516E-03 -1.98188468E-02 -1.53603100E-03  1.99514593E-02  0.00000000E+00
   22800 -3.77923259E-03  9.21897375E-04 -6.70896763E-03  7.75517507E-03  0.00000000E+00
   22900  1.12566401E-02  1.38046560E-02 -4.62191430E-03  1.84022435E-02  0.00000000E+00
   23000  2.95271965E-04 -1.50168129E-02  3.76148199E-03  1.54835591E-02  0.00000000E+00
   23100 -2.78827264E-02 -1.88308879E-02  2.23640032E-02  4.04004630E-02  0.00000000E+00
   23200 -8.96352632E-03  1.35991630E-03 -9.96598122E-03  1.34727487E-02  0.00000000E+00
   23300 -1.17480472E-03 -3.91392393E-03  9.14292667E-03  1.00145931E-02  0.00000000E+00
   23400 -4.18533703E-03  6.48601801E-03  1.33579354E-02  1.54278940E-02  0.00000000E+00
   23500 -5.75856244E-03  6.50133098E-03 -1.18581936E-02  1.46984727E-02  0.00000000E+00
   23600 -5.40571007E-03 -1.88268573E-02  1.11445448E-02  2.25360408E-02  0.00000000E+00
   23700  4.26151253E-03 -1.45379634E-02  1.02208526E-02  1.82750840E-02  0.00000000E+00
   23800  3.42053378E-03 -1.36209314E-03  9.62953992E-03  1.03093835E-02  0.00000000E+00
   23900 -4.92580603E-03  7.93235687E-03  5.37847484E-03  1.07756133E-02  0.00000000E+00
   24000 -7.66039045E-03 -4.83928782E-03  9.32694046E-03  1.30035421E-02  0.00000000E+00
   24100  9.67612670E-03 -6.13281446E-03  1.23584840E-03  1.15224200E-02  0.00000000E+00
   24200  1.00698395E-03  8.69975679E-03 -4.28273747E-03  9.74892943E-03  0.00000000E+00
   24300 -3.33025024E-03  2.08252977E-02  4.87922419E-03  2.16469494E-02  0.00000000E+00
   24400  1.17609981E-02 -5.20265049E-03  7.07070367E-03  1.46759497E-02  0.00000000E+00
   24500  1.65675748E-02 -4.04882229E-03  4.54771269E-03  1.76510393E-02  0.00000000E+00
   24600  4.21090975E-03 -8.11711259E-03  6.41716420E-03  1.11713596E-02  0.00000000E+00
   24700  4.61761550E-03  1.01544721E-02 -1.37213827E-02  1.76836653E-02  0.00000000E+00
   24800 -4.63769520E-03 -7.17223028E-03 -1.07558869E-02  1.37345625E-02  0.00000000E+00
   24900 -2.24251693E-03  1.68933316E-03 -5.44007534E-03  6.12185825E-03  0.00000000E+00
   25000  3.75698208E-03 -6.05560066E-03  2.10024529E-02  2.21785536E-02  0.00000000E+00
   25100 -3.71550121E-03  2.14763063E-03 -3.36345279E-03  5.45252980E-03  0.00000000E+00
   25200  2.93220497E-02  1.68081490E-02 -2.47946199E-03  3.38887032E-02  0.00000000E+00
   25300  1.52382313E-02  4.81175708E-03  9.85551287E-03  1.87746594E-02  0.00000000E+00
   25400  5.14332139E-03  6.48052504E-03  6.28516096E-03  1.03901014E-02  0.00000000E+00
   25500 -5.99381963E-03  8.74813752E-03  9.30080252E-03  1.41053434E-02  0.00000000E+00
   25600 -3.82316214E-03 -8.94520084E-03 -9.80952531E-03  1.38152081E-02  0.00000000E+00
   25700  2.18860383E-02 -1.10139296E-02  3.83276572E-03  2.47991011E-02  0.00000000E+00
   25800 -2.97016993E-02 -1.09139079E-02 -1.16973015E-02  3.37362000E-02  0.00000000E+00
   25900  3.98482033E-03 -2.45893065E-04 -1.81733830E-02  1.86067489E-02  0.00000000E+00
   26000 -1.14317645E-03 -5.28541445E-03 -5.40278773E-03  7.64412019E-03  0.00000000E+00
   26100  8.98367279E-03 -9.41879446E-03 -9.67927715E-03  1.62206187E-02  0.00000000E+00
   26200 -7.47018226E-03  8.89149234E-03  1.97168105E-02  2.28826326E-02  0.00000000E+00
   26300 -1.07092740E-02  7.79685789E-03  9.56905809E-03  1.63415548E-02  0.00000000E+00
   26400  4.27914156E-03  3.18371137E-03  1.43351975E-02  1.52952593E-02  0.00000000E+00
   26500 -2.05951117E-02 -2.89021965E-03  6.11948916E-03  2.16785641E-02  0.00000000E+00
   26600 -6.98309620E-03 -2.17975425E-03 -3.16198416E-03  7.96951096E-03  0.00000000E+00
   26700  9.84287719E-04 -1.86908544E-03 -2.31265429E-03  3.13219931E-03  0.00000000E+00
   26800 -8.75988223E-04  4.27773444E-03  1.52473477E-02  1.58602641E-02  0.00000000E+00
   26900  7.63433079E-03 -3.12001391E-02 -1.54669793E-02  3.56505138E-02  0.00000000E+00
   27000 -1.35154629E-02  2.54029084E-03  1.04668052E-02  1.72822113E-02  0.00000000E+00
   27100  1.31492022E-02 -1.06207787E-03  1.34998811E-02  1.88752833E-02  0.00000000E+00
   27200 -1.41602832E-03 -2.30659386E-03 -4.69019025E-03  5.41510812E-03  0.00000000E+00
   27300  1.35836527E-02  9.32252272E-03 -2.59622358E-03  1.66782921E-02  0.00000000E+00
   27400 -2.47555115E-02  4.48839996E-03 -5.74892641E-03  2.58075810E-02  0.00000000E+00
   27500 -1.08077169E-02 -1.34409867E-02 -5.44215154E-03  1.80854605E-02  0.00000000E+00
   27600  9.07147450E-03  2.37221442E-04  1.08145811E-02  1.41174745E-02  0.00000000E+00
   27700 -4.99619907E-03 -1.90166134E-03 -2.41491436E-02  2.47337716E-02  0.00000000E+00
   27800  1.68488145E-02  5.23837385E-04  4.33887709E-03  1.74064014E-02  0.00000000E+00
   27900 -5.64146903E-03  1.09796178E-02  3.70328840E-03  1.28876889E-02  0.00000000E+00
   28000 -1.10460392E-02  4.31434148E-03 -3.22327581E-03  1.22889394E-02  0.00000000E+00
   28100  4.29876247E-03  3.32371987E-03 -1.52519135E-02  1.61909647E-02  0.00000000E+00
   28200  5.39584529E-03  2.32979967E-02 -4.76608846E-03  2.43849830E-02  0.00000000E+00
   28300  1.04077759E-02 -8.73716703E-03 -1.67533965E-02  2.15716523E-02  0.00000000E+00
   28400  7.70276021E-03 -8.62226814E-03  4.03695597E-04  1.15688804E-02  0.00000000E+00
   28500 -1.72124939E-03 -8.05084909E-03 -1.16325616E-02  1.42511529E-02  0.00000000E+00
   28600 -1.34616515E-02  5.99931138E-03 -1.23840232E-02  1.92502423E-02  0.00000000E+00
   28700 -8.08012901E-03 -2.44338860E-02 -7.67815828E-03  2.68562355E-02  0.00000000E+00
   28800 -1.17272900E-03 -2.57728742E-03  1.53435183E-02  1.56026042E-02  0.00000000E+00
   28900 -2.70880352E-03 -1.11425104E-03 -3.65653783E-03  4.68502303E-03  0.00000000E+00
   29000 -2.49260654E-02  8.58169384E-03  4.86331818E-03  2.68068288E-02  0.00000000E+00
   29100 -4.14672918E-03  2.85258033E-03 -5.39275219E-03  7.37660854E-03  0.00000000E+00
   29200  2.80210136E-03 -5.76198857E-03  3.62103835E-03  7.35963334E-03  0.00000000E+00
   29300  2.31301868E-03  1.14663298E-02  2.34584573E-03  1.19302040E-02  0.00000000E+00
   29400  9.72426350E-03  5.99420215E-03 -8.43025540E-03  1.41972168E-02  0.00000000E+00
   29500  1.20531527E-02  1.14164681E-02  3.66861144E-02  4.02676697E-02  0.00000000E+00
   29600  5.77814202E-03  1.58049127E-02  1.18434188E-02  2.05778706E-02  0.00000000E+00
   29700 -5.50187639E-03  1.29280280E-02  2.06828376E-02  2.50036862E-02  0.00000000E+00
   29800 -9.38232028E-03 -1.17526302E-02 -7.70637981E-03  1.68979449E-02  0.00000000E+00
   29900  3.07504426E-03  7.60239157E-03 -1.47748336E-02  1.68981645E-02  0.00000000E+00
   30000 -4.78049382E-03  3.42607581E-03  2.75051834E-03  6.49280123E-03  0.00000000E+00
   30100  1.26641298E-02 -8.50109051E-03 -2.38566087E-02  2.83158348E-02  0.00000000E+00
   30200 -1.43808460E-03  7.14974569E-03  9.38621354E-03  1.18864610E-02  0.00000000E+00
   30300 -1.20435761E-02 -8.35615102E-03  1.60304996E-02  2.17221063E-02  0.00000000E+00
   30400 -1.26429966E-02 -1.48544601E-02  4.46238460E-03  2.00103280E-02  0.00000000E+00
   30500 -3.44950448E-03  1.00767534E-02  1.32950534E-02  1.70352131E-02  0.00000000E+00
   30600 -3.43547404E-03 -9.70808207E-03 -6.10298256E-03  1.19706197E-02  0.00000000E+00
   30700  1.69241036E-02 -2.83062869E-03 -8.99227176E-03  1.93726274E-02  0.00000000E+00
   30800 -2.31197112E-03  4.91058734E-03 -9.89085851E-03  1.12822055E-02  0.00000000E+00
   30900 -1.67890052E-02 -1.30237182E-02 -6.65757509E-03  2.22668192E-02  0.00000000E+00
   31000  1.34841988E-02 -4.05679546E-03 -1.35629454E-02  1.95508234E-02  0.00000000E+00
   31100  1.69945159E-02  4.75706081E-03  7.88270204E-03  1.93282226E-02  0.00000000E+00
   31200 -2.39987350E-02 -2.41650892E-03  1.08304891E-02  2.64400887E-02  0.00000000E+00
   31300 -1.94895902E-03 -5.36148192E-03 -9.40750833E-03  1.10020517E-02  0.00000000E+00
   31400  1.02599346E-02 -2.11403234E-03  5.41845343E-03  1.17938555E-02  0.00000000E+00
   31500  7.82579969E-03 -2.54084928E-02 -4.08807201E-03  2.68988286E-02  0.00000000E+00
   31600  7.30355329E-03 -1.04349083E-02  4.74025935E-03  1.35904106E-02  0.00000000E+00
   31700  1.10607273E-02 -4.63861427E-03  2.14414353E-03  1.21841611E-02  0.00000000E+00
   31800 -1.34549634E-02  9.82458246E-03 -1.16271741E-02  2.03162408E-02  0.00000000E+00
   31900  2.85155730E-03  1.94378812E-03  8.25259909E-03  8.94511504E-03  0.00000000E+00
   32000 -1.21945793E-02 -2.13954625E-02 -3.43512228E-03  2.48651090E-02  0.00000000E+00
   32100 -3.50861669E-02 -1.62866371E-02 -1.61693970E-02  4.19254464E-02  0.00000000E+00
   32200 -1.89311133E-02 -8.42764990E-03  8.39393863E-03  2.23577848E-02  0.00000000E+00
   32300 -1.97287177E-03  1.16642446E-02 -1.15551630E-02  1.65368866E-02  0.00000000E+00
   32400 -1.01332444E-02 -1.65565056E-03 -9.14688522E-03  1.37509756E-02  0.00000000E+00
   32500  2.57313167E-02  2.27223688E-02  2.66664265E-02  4.34684369E-02  0.00000000E+00
   32600  2.85716030E-03  1.01092906E-02  3.75951691E-03  1.11577368E-02  0.00000000E+00
   32700 -2.19697376E-03 -4.78059100E-03  1.81488380E-02  1.88960595E-02  0.00000000E+00
   32800 -2.56980947E-02 -1.48599527E-02 -2.30915373E-03  2.97748628E-02  0.00000000E+00
   32900  7.36110390E-03 -1.30118514E-02 -3.10642408E-03  1.52690536E-02  0.00000000E+00
   33000 -1.93338864E-03 -1.25388715E-02 -7.40481530E-03  1.46898802E-02  0.00000000E+00
   33100  3.16103148E-04  9.34496658E-03  1.69863627E-03  9.50335134E-03  0.00000000E+00
   33200  2.60143155E-02 -6.36592227E-03 -4.04235631E-03  2.70852400E-02  0.00000000E+00
   33300 -5.87688970E-03 -2.95533483E-03  1.12825674E-02  1.30601747E-02  0.00000000E+00
   33400  3.47396209E-03 -3.75138924E-03  4.07299139E-03  6.53686413E-03  0.00000000E+00
   33500 -3.81148815E-03 -5.58043264E-03 -1.54662497E-02  1.68781975E-02  0.00000000E+00
   33600 -4.54015128E-03  1.30412866E-03 -9.53606424E-03  1.06419099E-02  0.00000000E+00
   33700  8.90683652E-03  5.41809961E-03 -1.01675469E-02  1.45625050E-02  0.00000000E+00
   33800  1.84099503E-02  2.04472188E-03 -8.10856626E-03  2.02201880E-02  0.00000000E+00
   33900  2.96075520E-02  9.95862895E-03  1.02564991E-02  3.28782177E-02  0.00000000E+00
   34000 -1.23105215E-02  7.32870577E-04 -6.80198841E-03  1.40837880E-02  0.00000000E+00
   34100 -1.54779054E-02 -5.71000982E-04 -8.16526466E-04  1.55099423E-02  0.00000000E+00
   34200 -1.35413498E-02  1.53504506E-02  2.47015387E-03  2.06181025E-02  0.00000000E+00
   34300  1.06643876E-03 -7.42849681E-03  8.81225349E-03  1.15747859E-02  0.00000000E+00
   34400 -9.50953020E-04  1.11636030E-03 -1.21344024E-02  1.22226958E-02  0.00000000E+00
   34500  6.41946484E-03 -3.80163546E-03 -1.06499779E-02  1.30032300E-02  0.00000000E+00
   34600  2.11516028E-03 -9.92803180E-04 -8.12617767E-03  8.45543167E-03  0.00000000E+00
   34700 -5.69487999E-03 -2.52380956E-04  6.80508979E-03  8.87719558E-03  0.00000000E+00
   34800 -9.64763087E-03  9.22203156E-03  1.39358072E-03  1.34188194E-02  0.00000000E+00
   34900  1.40315337E-02 -1.77043150E-03  5.32699995E-03  1.51127527E-02  0.00000000E+00
   35000 -7.16059059E-03  1.45721699E-02  1.29765196E-02  2.07849045E-02  0.00000000E+00
   35100 -9.06697012E-03 -3.39886861E-03 -6.44767375E-03  1.16333465E-02  0.00000000E+00
   35200  4.84562940E-03 -4.47900091E-03  1.82876949E-03  6.84733315E-03  0.00000000E+00
   35300  1.31642196E-02  3.69040219E-03  2.52247338E-02  2.86915134E-02  0.00000000E+00
   35400 -1.77589558E-03  3.58785104E-03  4.11679543E-03  5.74234140E-03  0.00000000E+00
   35500  1.39650465E-02 -4.46119079E-03  1.01247846E-02  1.78167340E-02  0.00000000E+00
   35600 -1.78569106E-02  1.34535812E-03  4.07918639E-03  1.83662464E-02  0.00000000E+00
   35700  7.09833755E-03  4.48945806E-03 -1.87798562E-03  8.60630348E-03  0.00000000E+00
   35800  1.31490926E-02  7.31546893E-03 -5.88079169E-03  1.61554459E-02  0.00000000E+00
   35900 -1.63013449E-02 -1.03704816E-02  5.26249830E-03  2.00243507E-02  0.00000000E+00
   36000  1.51876087E-03 -6.84467822E-03  2.00142909E-03  7.29122575E-03  0.00000000E+00
   36100  1.08566432E-02  1.11895933E-02 -8.18891822E-03  1.76105674E-02  0.00000000E+00
   36200 -1.72318332E-02  1.13232897E-02  1.32856128E-02  2.45287683E-02  0.00000000E+00
   36300  7.12967036E-03 -2.59037889E-02  4.00085995E-03  2.71633091E-02  0.00000000E+00
   36400 -1.40637920E-02 -7.75545721E-03  1.18195754E-02  1.99409058E-02  0.00000000E+00
   36500 -8.32466631E-03 -5.21544600E-03 -1.93140714E-03  1.00115573E-02  0.00000000E+00
   36600  2.52349841E-03 -1.58972641E-02 -1.36405059E-02  2.10986836E-02  0.00000000E+00
   36700 -1.46840200E-03  5.64248920E-03 -2.70866146E-02  2.77070132E-02  0.00000000E+00
   36800  9.47906371E-03  2.03329524E-02  2.13791646E-03  2.25355783E-02  0.00000000E+00
   36900 -4.11809546E-03  1.86795717E-02  2.86909256E-02  3.44826670E-02  0.00000000E+00
   37000 -5.57736769E-03 -1.08875820E-03  3.00933732E-03  6.43028272E-03  0.00000000E+00
   37100  1.33492589E-02 -1.71615871E-02 -4.57430818E-03  2.22181701E-02  0.00000000E+00
   37200 -3.53036864E-03 -1.87043448E-03 -1.49899784E-03  4.26720311E-03  0.00000000E+00
   37300 -8.20381431E-03  1.40149728E-02  6.53104755E-03  1.75036172E-02  0.00000000E+00
   37400 -6.66321503E-03  9.04088914E-03  1.19496180E-02  1.63990695E-02  0.00000000E+00
   37500 -2.62880073E-04 -1.40738988E-02 -8.61396042E-03  1.65028497E-02  0.00000000E+00
   37600  4.81547498E-03 -1.96419895E-03  9.12445936E-05  5.20146156E-03  0.00000000E+00
   37700 -1.54857948E-02  7.34563689E-03  8.23571632E-03  1.90156579E-02  0.00000000E+00
   37800 -1.13200093E-02  1.02127949E-03  1.99895433E-03  1.15404264E-02  0.00000000E+00
   37900  9.96632483E-03  8.43187441E-03 -3.07926999E-02  3.34456949E-02  0.00000000E+00
   38000 -1.00670453E-02  9.39740535E-03 -2.31217024E-02  2.69122602E-02  0.00000000E+00
   38100 -7.28267516E-03 -2.22843281E-03  1.75948302E-02  1.91724104E-02  0.00000000E+00
   38200 -1.43052864E-02  5.06045132E-03 -1.00013933E-02  1.81735317E-02  0.00000000E+00
   38300 -8.60472690E-03 -7.22703487E-03 -2.18216340E-02  2.45449601E-02  0.00000000E+00
   38400 -4.35755704E-03  3.01126990E-02  7.21444382E-03  3.12699719E-02  0.00000000E+00
   38500  7.01990953E-03  6.04034031E-03  1.30695723E-02  1.60180698E-02  0.00000000E+00
   38600  2.62386290E-03  4.69829662E-03 -9.13364953E-05  5.38209903E-03  0.00000000E+00
   38700 -2.85532256E-03  3.20039322E-03 -1.53569239E-04  4.29173243E-03  0.00000000E+00
   38800  3.90571111E-03  5.55834149E-03  1.22626582E-03  6.90314908E-03  0.00000000E+00
   38900  1.33266772E-02  3.21981083E-03 -8.27880243E-03  1.60158071E-02  0.00000000E+00
   39000 -4.68342561E-03  2.08985135E-02 -1.88119363E-03  2.14993309E-02  0.00000000E+00
   39100  7.66689691E-03 -8.04205268E-03  2.39209873E-03  1.13656525E-02  0.00000000E+00
   39200  9.08960522E-03 -1.50186980E-02 -3.39792760E-03  1.78809430E-02  0.00000000E+00
   39300 -1.02392659E-03  5.69752076E-03  7.22403467E-03  9.25725907E-03  0.00000000E+00
   39400  2.49323727E-03 -9.14080860E-04  7.00691780E-03  7.49324182E-03  0.00000000E+00
   39500 -5.83014581E-03  1.08548642E-02  4.51427436E-03  1.31223988E-02  0.00000000E+00
   39600  2.59401477E-02 -1.85056360E-02  8.34816589E-03  3.29399712E-02  0.00000000E+00
   39700  1.69542343E-03 -3.92851301E-03  1.83354939E-03  4.65505945E-03  0.00000000E+00
   39800  5.35254153E-03 -1.54436883E-02  6.95414314E-03  1.77628071E-02  0.00000000E+00
   39900  6.97123502E-03 -4.65176723E-03  8.04799043E-03  1.16192601E-02  0.00000000E+00
   40000  1.34150872E-04 -2.00591221E-02  3.13024205E-04  2.00620128E-02  0.00000000E+00
   40100 -1.92810987E-03 -3.02423783E-03 -3.30263531E-03  4.87555351E-03  0.00000000E+00
   40200  1.06000779E-02 -6.96367637E-03 -2.88018103E-03  1.30057635E-02  0.00000000E+00
   40300  1.48429085E-02  1.06654954E-02 -2.02703949E-02  2.72938387E-02  0.00000000E+00
   40400  1.99108181E-02  4.35879181E-03 -2.13506913E-02  2.95176517E-02  0.00000000E+00
   40500 -4.37962027E-03  1.19787704E-03 -6.87363298E-03  8.23788890E-03  0.00000000E+00
   40600  3.89064845E-03  1.44186238E-02 -8.47573729E-03  1.71718369E-02  0.00000000E+00
   40700  2.10601341E-02  3.29386524E-03 -4.26258573E-03  2.17381792E-02  0.00000000E+00
   40800 -2.23964801E-03 -2.68316284E-02  1.39094005E-02  3.03055066E-02  0.00000000E+00
   40900  1.10112116E-02 -1.59683270E-02 -7.65320507E-04  1.94118511E-02  0.00000000E+00
   41000 -4.20623087E-03  1.30931027E-02  4.11278489E-03  1.43539791E-02  0.00000000E+00
   41100 -9.83730195E-03  4.30302423E-03  5.95971045E-03  1.22803370E-02  0.00000000E+00
   41200  1.04863430E-02 -8.44591992E-03  3.75469790E-03  1.39783658E-02  0.00000000E+00
   41300 -1.10373376E-02  1.13469701E-02 -3.96363102E-03  1.63183002E-02  0.00000000E+00
   41400  1.54217995E-02  8.03287573E-03  1.12357047E-02  2.07026581E-02  0.00000000E+00
   41500  3.43729846E-03  1.53036089E-02  9.45410409E-03  1.83138076E-02  0.00000000E+00
   41600 -1.88910948E-03 -1.49502559E-02 -1.47822874E-02  2.11091190E-02  0.00000000E+00
   41700 -8.92463853E-03 -1.51662635E-02 -6.58421647E-03  1.87887367E-02  0.00000000E+00
   41800 -2.62361048E-03  1.75254403E-02 -2.01126616E-02  2.68056625E-02  0.00000000E+00
   41900  8.39659664E-03 -6.93660699E-03 -1.60659499E-03  1.10091098E-02  0.00000000E+00
   42000  3.75390397E-03 -1.34839685E-02 -3.84274047E-03  1.45146773E-02  0.00000000E+00
   42100  8.08778126E-03 -1.47181864E-02 -1.00310603E-02  1.95616816E-02  0.00000000E+00
   42200  1.40736981E-02 -8.69558459E-03  1.72890029E-02  2.39288903E-02  0.00000000E+00
   42300  3.81676118E-03 -1.68514511E-02 -3.40934350E-03  1.76114364E-02  0.00000000E+00
   42400 -9.59987571E-04  2.18228393E-03  1.37884135E-02  1.39930085E-02  0.00000000E+00
   42500  4.87623118E-03 -3.17816904E-02  8.65214294E-03  3.32973430E-02  0.00000000E+00
   42600  1.53278027E-02 -3.40534683E-03 -1.57788189E-03  1.57806095E-02  0.00000000E+00
   42700 -1.71149611E-02 -5.60296938E-03  4.98490233E-03  1.86859415E-02  0.00000000E+00
   42800  6.24940539E-03 -6.21137703E-03  3.47515863E-03  9.47169467E-03  0.00000000E+00
   42900  6.87577564E-03  9.92452594E-03  4.76768971E-03  1.29808848E-02  0.00000000E+00
   43000 -1.22264920E-02  1.34199980E-02 -1.16956087E-02  2.15956180E-02  0.00000000E+00
   43100  5.65261659E-03 -8.84530392E-03  1.59832596E-02  1.91221354E-02  0.00000000E+00
   43200 -3.88214491E-03 -7.22175650E-03 -3.06419265E-03  8.75294765E-03  0.00000000E+00
   43300  7.07764309E-03  5.29379445E-03 -9.62440611E-03  1.30669998E-02  0.00000000E+00
   43400 -6.47491659E-03  4.59846192E-04  7.80893267E-03  1.01545769E-02  0.00000000E+00
   43500 -5.36565661E-03 -4.91754090E-03  1.05852197E-02  1.28459859E-02  0.00000000E+00
   43600  6.79473430E-03  1.60178318E-02  1.81387042E-03  1.74936982E-02  0.00000000E+00
   43700 -1.15250622E-02  1.88937269E-02  2.40330396E-02  3.26708887E-02  0.00000000E+00
   43800 -2.63865347E-02  1.16348916E-02 -1.33415483E-02  3.17744682E-02  0.00000000E+00
   43900 -1.80269146E-03 -1.12128048E-03  6.73339425E-03  7.06013913E-03  0.00000000E+00
   44000 -2.59222093E-02  2.69404769E-03  1.29927447E-03  2.60941937E-02  0.00000000E+00
   44100  1.39530337E-02  1.29295366E-02  5.58263331E-03  1.98248798E-02  0.00000000E+00
   44200  9.16957678E-03  1.54160699E-02  7.50395039E-03  1.94433953E-02  0.00000000E+00
   44300 -1.02998202E-02  1.81714000E-02  2.13810809E-03  2.09966088E-02  0.00000000E+00
   44400  4.10610503E-03 -3.39361389E-03 -5.96218298E-03  7.99526983E-03  0.00000000E+00
   44500 -6.37117624E-03 -1.02562462E-02  7.34345580E-03  1.41318369E-02  0.00000000E+00
   44600  1.30021794E-02 -5.94000368E-04  7.95237241E-03  1.52528598E-02  0.00000000E+00
   44700 -1.14247421E-02 -7.21082446E-03  6.22563787E-04  1.35243597E-02  0.00000000E+00
   44800  1.82749307E-02  1.32711502E-02 -1.23963123E-03  2.26193104E-02  0.00000000E+00
   44900  1.04465875E-02 -5.51282658E-03  1.06835118E-03  1.18601780E-02  0.00000000E+00
   45000  1.42187658E-02  1.41839033E-02 -6.17097283E-03  2.10104098E-02  0.00000000E+00
   45100 -4.82559642E-03 -1.12097878E-03 -1.27473009E-03  5.11545805E-03  0.00000000E+00
   45200 -1.17972217E-02  1.17845294E-02  8.16264390E-03  1.85655145E-02  0.00000000E+00
   45300 -1.92982286E-03  1.07738271E-02  1.10240900E-02  1.55348038E-02  0.00000000E+00
   45400  1.55317166E-03 -3.26198028E-03 -6.28968597E-04  3.66721407E-03  0.00000000E+00
   45500  1.09489954E-03 -3.05917574E-02  9.62633913E-03  3.20892635E-02  0.00000000E+00
   45600 -7.75011839E-03  1.33177444E-02  6.71195740E-03  1.68070528E-02  0.00000000E+00
   45700 -6.07097729E-04  4.84083846E-03  8.58734401E-05  4.87951421E-03  0.00000000E+00
   45800  3.65500104E-04 -5.70735413E-03  4.53155690E-03  7.29674513E-03  0.00000000E+00
   45900  8.32507344E-03  5.60831350E-03 -1.78495296E-02  2.04784212E-02  0.00000000E+00
   46000  1.20709941E-02 -8.51087006E-03  1.05236818E-02  1.81353711E-02  0.00000000E+00
   46100  4.23063909E-03  2.31172303E-03  5.52672639E-03  7.33396722E-03  0.00000000E+00
   46200 -3.46609065E-03  1.60057354E-03 -5.41954344E-03  6.62925871E-03  0.00000000E+00
   46300 -9.40575507E-03 -1.42556844E-02  5.37996834E-03  1.79063348E-02  0.00000000E+00
   46400 -2.38346740E-02 -7.96864884E-04 -5.84975649E-03  2.45549655E-02  0.00000000E+00
   46500  1.92504434E-02 -2.11482557E-02 -1.42817603E-02  3.19655591E-02  0.00000000E+00
   46600 -1.27653542E-02  8.83066188E-03  2.36361826E-02  2.82772698E-02  0.00000000E+00
   46700 -2.98532933E-02 -7.65861929E-03 -7.49836169E-03  3.17190636E-02  0.00000000E+00
   46800 -1.02159752E-02 -3.37936653E-03 -1.26025316E-02  1.65713630E-02  0.00000000E+00
   46900 -1.93031909E-02 -5.50557546E-03  6.62053526E-03  2.11366040E-02  0.00000000E+00
   47000 -8.91537339E-03  1.84846611E-03 -1.51459211E-03  9.23009744E-03  0.00000000E+00
   47100  7.55193632E-03  6.62595817E-03  5.15463153E-03  1.12918240E-02  0.00000000E+00
   47200 -9.68697777E-03 -4.03254380E-03  1.12826055E-02  1.54076648E-02  0.00000000E+00
   47300 -5.26717522E-03 -2.93984619E-03 -4.04581356E-03  7.26322503E-03  0.00000000E+00
   47400 -1.29842630E-02 -7.99646064E-03  1.15608588E-02  1.91360373E-02  0.00000000E+00
   47500  2.28317665E-02 -1.66524688E-02 -2.30694940E-02  3.64800745E-02  0.00000000E+00
   47600  6.60542103E-03 -8.53710276E-03  4.30493493E-03  1.16209369E-02  0.00000000E+00
   47700 -1.95431442E-03  5.56797377E-03 -1.27735658E-03  6.03765821E-03  0.00000000E+00
   47800  9.08263194E-04 -1.51090980E-03 -4.07551588E-03  4.44045270E-03  0.00000000E+00
   47900 -5.96892237E-03 -1.04041480E-02  1.81478676E-02  2.17536073E-02  0.00000000E+00
   48000  5.22187011E-03  9.56564473E-03  6.44762135E-03  1.26625948E-02  0.00000000E+00
   48100  6.43669195E-03 -4.10312356E-03  9.25736995E-03  1.19985634E-02  0.00000000E+00
   48200 -2.23635608E-03  2.84608249E-03  1.58828360E-02  1.62900569E-02  0.00000000E+00
   48300 -2.35530097E-03 -5.68590602E-04  1.68701680E-02  1.70432775E-02  0.00000000E+00
   48400  7.48422621E-03 -2.03753680E-03  1.52198052E-04  7.75811591E-03  0.00000000E+00
   48500 -1.20590523E-02 -1.71784401E-02  1.69378220E-02  2.69705277E-02  0.00000000E+00
   48600  4.40305450E-03 -3.56086539E-04  3.17287272E-03  5.43882412E-03  0.00000000E+00
   48700  2.60449898E-03 -9.64321781E-03  8.46028316E-03  1.30901282E-02  0.00000000E+00
   48800  8.95673596E-03 -1.28514962E-02  4.42195756E-03  1.62769095E-02  0.00000000E+00
   48900 -1.23153740E-02  1.58458699E-02 -8.39612286E-03  2.17544227E-02  0.00000000E+00
   49000  1.99033235E-03  1.61328587E-02  1.47257091E-02  2.19334690E-02  0.00000000E+00
   49100 -3.79498995E-03  6.47177259E-03 -5.54010097E-03  9.32622689E-03  0.00000000E+00
   49200 -5.88319122E-04  1.03583386E-02 -6.16050326E-03  1.20661965E-02  0.00000000E+00
   49300 -4.48584667E-03 -1.03028221E-02 -7.72382261E-03  1.36355564E-02  0.00000000E+00
   49400 -2.06640584E-02 -6.31770066E-03  1.47435300E-02  2.61589054E-02  0.00000000E+00
   49500 -1.47498778E-03  1.45233891E-02 -3.43869017E-03  1.49976334E-02  0.00000000E+00
   49600 -1.75360457E-02  1.40435742E-02  3.79016351E-02  4.40598322E-02  0.00000000E+00
   49700 -2.51212456E-02 -1.19844018E-02 -1.86654832E-04  2.78341105E-02  0.00000000E+00
   49800  1.75917312E-04  7.59229758E-03 -3.26362150E-03  8.26590314E-03  0.00000000E+00
   49900 -2.48748358E-02 -4.97341383E-03 -5.83377257E-03  2.60293143E-02  0.00000000E+00
   50000 -3.03588589E-02 -6.85580486E-03 -1.87732114E-03  3.11799087E-02  0.00000000E+00
   50100 -1.57765161E-03 -6.62591157E-04  2.81448171E-03  3.29383044E-03  0.00000000E+00
   50200 -1.75867150E-02  7.83694317E-03  1.20857403E-02  2.27326932E-02  0.00000000E+00
   50300  2.70670669E-03  5.59280621E-03  9.44134544E-03  1.13024221E-02  0.00000000E+00
   50400  7.55727778E-03 -1.27190888E-02  2.09021343E-03  1.49417757E-02  0.00000000E+00
   50500  1.02364344E-02 -2.93174129E-03  9.20138092E-03  1.40728500E-02  0.00000000E+00
   50600  1.17050618E-02  7.87728144E-03  8.24532721E-03  1.63415255E-02  0.00000000E+00
   50700 -1.40853423E-02  8.76985133E-03  6.59442755E-03  1.78547931E-02  0.00000000E+00
   50800 -4.81661931E-03  2.04454130E-03  7.85087832E-03  9.43484293E-03  0.00000000E+00
   50900 -4.55657001E-03  2.48093202E-03  8.74466401E-03  1.01679154E-02  0.00000000E+00
   51000  1.08778241E-02 -3.01246532E-03 -1.97444732E-02  2.27430479E-02  0.00000000E+00
   51100 -6.68627463E-03  4.52400264E-03  3.35579839E-03  8.74266842E-03  0.00000000E+00
   51200  1.40202034E-02 -2.22012833E-03 -2.07669109E-02  2.51547145E-02  0.00000000E+00
   51300 -1.99770718E-03 -9.71456281E-03  1.63019657E-03  1.00509256E-02  0.00000000E+00
   51400 -1.21721926E-02  1.21592981E-02 -3.25121376E-03  1.75094601E-02  0.00000000E+00
   51500  8.82734730E-03 -6.71108828E-03 -2.27915663E-02  2.53459318E-02  0.00000000E+00
   51600 -1.78621903E-02 -1.03230149E-02  3.78203176E-03  2.09744188E-02  0.00000000E+00
   51700 -1.61404075E-02  1.99693963E-02  9.71391593E-03  2.74526812E-02  0.00000000E+00
   51800 -4.47048801E-03  1.58007341E-02 -2.85683797E-03  1.66676329E-02  0.00000000E+00
   51900  2.17429380E-02  4.64315082E-03 -1.19209736E-02  2.52274417E-02  0.00000000E+00
   52000  1.25231659E-03  4.28196383E-03  9.97249890E-03  1.09249369E-02  0.00000000E+00
   52100  4.00810091E-03  1.47813590E-05 -4.03836803E-03  5.68977220E-03  0.00000000E+00
   52200 -1.34943726E-02 -1.12793942E-03  1.82658306E-03  1.36640676E-02  0.00000000E+00
   52300 -1.82010216E-02  5.07808603E-03  5.11423547E-03  1.95759942E-02  0.00000000E+00
   52400 -1.55133839E-02 -9.54689465E-03  7.95110226E-03  1.98753190E-02  0.00000000E+00
   52500 -4.29618383E-03  1.15097268E-02 -1.49701090E-03  1.23762696E-02  0.00000000E+00
   52600 -1.12615470E-03  1.07250632E-02 -1.01049663E-02  1.47785503E-02  0.00000000E+00
   52700 -3.05575749E-03 -1.10579729E-02  2.97481566E-04  1.14762762E-02  0.00000000E+00
   52800  2.01592839E-02 -1.37622758E-02 -5.50421490E-03  2.50218573E-02  0.00000000E+00
   52900 -5.00988492E-03 -1.77542952E-02  1.65763750E-02  2.48010112E-02  0.00000000E+00
   53000  1.76805076E-03  8.18583680E-03 -6.72571308E-03  1.07410029E-02  0.00000000E+00
   53100 -3.58524626E-03  1.10447366E-02  1.14221700E-02  1.62882217E-02  0.00000000E+00
   53200  1.39856497E-02 -1.71411182E-02 -1.05808722E-03  2.21480446E-02  0.00000000E+00
   53300  1.93944939E-02  8.82346381E-03  5.92498009E-03  2.21157251E-02  0.00000000E+00
   53400  1.78604885E-02 -5.28234056E-03  7.41453391E-04  1.86400087E-02  0.00000000E+00
   53500  9.92794215E-03  8.58024253E-03 -1.39000467E-02  1.91153314E-02  0.00000000E+00
   53600  6.26195393E-03 -2.05261537E-02  1.38172167E-04  2.14605252E-02  0.00000000E+00
   53700  5.82250415E-03 -5.01864977E-03  2.41377742E-03  8.05696726E-03  0.00000000E+00
   53800 -7.98345790E-04  3.48707731E-03  1.77949106E-03  3.99545399E-03  0.00000000E+00
   53900  3.84391066E-03  2.66448604E-02 -9.55239705E-03  2.85652327E-02  0.00000000E+00
   54000 -2.08372464E-04  1.16608025E-02  2.84005196E-03  1.20034841E-02  0.00000000E+00
   54100  1.14393506E-02 -8.58061762E-03  1.08653040E-03  1.43410700E-02  0.00000000E+00
   54200  1.67290755E-02  1.12133059E-02  2.35072191E-03  2.02762445E-02  0.00000000E+00
   54300 -2.70708519E-03  1.92757482E-02 -1.46926138E-03  1.95202845E-02  0.00000000E+00
   54400 -2.12032398E-03  1.63058060E-02  3.38438468E-03  1.67877677E-02  0.00000000E+00
   54500 -1.00906369E-02 -9.64749874E-03 -2.65811243E-03  1.42112894E-02  0.00000000E+00
   54600 -2.38473802E-03 -1.79143081E-02  2.46039851E-03  1.82390507E-02  0.00000000E+00
   54700 -1.13766091E-02 -1.63602908E-02 -6.96301460E-03  2.11085272E-02  0.00000000E+00
   54800 -1.01321371E-02  1.53513714E-02 -6.47574054E-03  1.95002569E-02  0.00000000E+00
   54900 -5.21052867E-03  1.43446818E-02 -1.31395963E-02  2.01387312E-02  0.00000000E+00
   55000  2.16825628E-02 -2.35891815E-03  1.10104005E-02  2.44320884E-02  0.00000000E+00
   55100 -1.47736576E-02 -1.17650195E-02 -1.36817630E-02  2.33209623E-02  0.00000000E+00
   55200  6.30387035E-03  1.87982263E-02  7.91285583E-03  2.13477254E-02  0.00000000E+00
   55300 -3.42758284E-02 -5.73697686E-03  1.01679980E-02  3.62095774E-02  0.00000000E+00
   55400  1.36260097E-03 -1.05572602E-02 -5.79673448E-03  1.21208314E-02  0.00000000E+00
   55500 -2.51742138E-02 -1.25574274E-02 -8.63376548E-03  2.94274010E-02  0.00000000E+00
   55600 -3.85978756E-04 -2.87736378E-03 -1.45217952E-03  3.24607875E-03  0.00000000E+00
   55700 -1.52212693E-02 -8.74182584E-03 -9.59730857E-03  2.00053715E-02  0.00000000E+00
   55800 -1.63884370E-02 -1.28806387E-02 -1.04672728E-02  2.33249978E-02  0.00000000E+00
   55900 -5.90062569E-03  9.39811525E-03  1.62724534E-03  1.12156088E-02  0.00000000E+00
   56000 -1.99769617E-02  3.07878051E-02  3.85665697E-03  3.69031400E-02  0.00000000E+00
   56100 -6.25425427E-04  8.11217513E-03  2.55063812E-02  2.67726358E-02  0.00000000E+00
   56200 -1.62393988E-03 -1.28222032E-02  3.69309118E-03  1.34419120E-02  0.00000000E+00
   56300  4.36430398E-04 -5.25296268E-03  5.54919363E-03  7.65360297E-03  0.00000000E+00
   56400  1.64154747E-02 -3.76984887E-03  5.19706081E-03  1.76263726E-02  0.00000000E+00
   56500  1.68562985E-02  1.36745131E-04  1.59244664E-02  2.31892676E-02  0.00000000E+00
   56600  5.29303277E-03 -1.21180420E-02  3.78808500E-03  1.37554617E-02  0.00000000E+00
   56700  8.77329057E-04 -2.64158361E-03 -7.39750316E-03  7.90384231E-03  0.00000000E+00
   56800 -5.32838644E-03 -4.03903598E-03  6.51876763E-03  9.33808573E-03  0.00000000E+00
   56900  4.00403818E-03 -6.49811012E-03  3.03179541E-03  8.21276691E-03  0.00000000E+00
   57000  7.49354720E-03 -1.04910122E-02  1.13771115E-03  1.29425257E-02  0.00000000E+00
   57100  1.00576503E-03  1.26019370E-02  1.57788289E-02  2.02186008E-02  0.00000000E+00
   57200  4.60975003E-03 -1.60726340E-02 -3.85025738E-03  1.71582004E-02  0.00000000E+00
   57300  2.00486891E-02 -1.79320675E-02  2.63515987E-03  2.70268949E-02  0.00000000E+00
   57400  1.81332381E-03  5.79867181E-03  1.46217717E-02  1.58337913E-02  0.00000000E+00
   57500  2.98274324E-03  2.81217010E-03 -1.48701538E-02  1.54248673E-02  0.00000000E+00
   57600  1.20533233E-03 -4.57738966E-03  1.70514193E-03  5.03118585E-03  0.00000000E+00
   57700 -1.04222655E-02 -6.18115506E-04  1.87414206E-02  2.14533571E-02  0.00000000E+00
   57800  7.20944669E-03 -9.89065074E-03 -7.55474738E-03  1.43831604E-02  0.00000000E+00
   57900 -4.89531176E-03 -3.74167287E-03  3.96882401E-03  7.32910343E-03  0.00000000E+00
   58000  2.54625616E-02 -2.17841052E-02 -5.36823651E-03  3.39368125E-02  0.00000000E+00
   58100  3.48508022E-03  1.11858736E-02  2.05863901E-02  2.36868953E-02  0.00000000E+00
   58200  1.16026029E-02  1.48092604E-02 -8.96978360E-03  2.08420634E-02  0.00000000E+00
   58300 -1.56358706E-02 -1.03995218E-04  6.36572028E-03  1.68823476E-02  0.00000000E+00
   58400 -1.54327930E-03  1.97160880E-02  1.05684390E-03  1.98046145E-02  0.00000000E+00
   58500 -1.05785201E-02  1.18732808E-02 -1.12125911E-02  1.94576999E-02  0.00000000E+00
   58600  6.87177550E-03  1.29292981E-02 -6.68009209E-04  1.46572263E-02  0.00000000E+00
   58700  2.67470296E-02 -6.89077310E-03 -6.01975019E-03  2.82687767E-02  0.00000000E+00
   58800 -1.06367469E-02  1.24821496E-03 -9.15181785E-07  1.07097351E-02  0.00000000E+00
   58900 -1.39091052E-02 -4.42305232E-03  1.26451253E-03  1.46501055E-02  0.00000000E+00
   59000  9.82025236E-03 -7.82607178E-03 -8.73584937E-03  1.52970527E-02  0.00000000E+00
   59100  2.43131039E-03  6.93892740E-03  3.59382118E-03  8.18385815E-03  0.00000000E+00
   59200  1.05470591E-02  1.40837746E-03  1.94370812E-03  1.08167455E-02  0.00000000E+00
   59300 -3.81921635E-03 -6.54725322E-03  6.60117277E-03  1.00512895E-02  0.00000000E+00
   59400 -7.29090387E-03 -3.15355835E-03  1.43286137E-02  1.63832653E-02  0.00000000E+00
   59500  6.38892605E-03  3.48244957E-02  9.02552386E-03  3.65379797E-02  0.00000000E+00
   59600 -9.64139141E-03  9.77431713E-03  1.87629329E-02  2.32495452E-02  0.00000000E+00
   59700 -9.37131566E-03 -8.80839739E-03  2.63098088E-02  2.92850723E-02  0.00000000E+00
   59800 -3.05160273E-02 -9.02552473E-03 -1.40874032E-02  3.48014791E-02  0.00000000E+00
   59900  2.72390353E-03  7.67778001E-04  1.11366051E-02  1.14905660E-02  0.00000000E+00
   60000  1.63267981E-03 -9.53779304E-03 -5.90422501E-04  9.69452104E-03  0.00000000E+00
   60100 -7.01596007E-03 -1.73415014E-02  2.04283695E-03  1.88181973E-02  0.00000000E+00
   60200 -2.08167850E-03 -1.94433679E-03  3.63855057E-03  4.62091779E-03  0.00000000E+00
   60300  3.23272054E-03 -7.14331332E-04 -6.50802549E-03  7.30172220E-03  0.00000000E+00
   60400 -6.85684994E-03  1.62080918E-02 -3.18698500E-03  1.78850637E-02  0.00000000E+00
   60500 -5.42891606E-03  4.58227178E-03  9.14199404E-03  1.15778409E-02  0.00000000E+00
   60600  3.40284405E-03  1.01109247E-02  3.85533693E-03  1.13434461E-02  0.00000000E+00
   60700  3.76619110E-03  2.40519905E-03  1.10142191E-02  1.18862190E-02  0.00000000E+00
   60800  1.21899617E-02 -3.14063441E-04 -1.02788135E-02  1.59482855E-02  0.00000000E+00
   60900  1.20545847E-02  3.49256656E-03  7.59020550E-03  1.46670465E-02  0.00000000E+00
   61000  7.50446688E-03 -2.69440339E-03 -2.86358688E-03  8.47212858E-03  0.00000000E+00
   61100 -1.34297347E-03  6.82096742E-04 -6.70725792E-03  6.87431033E-03  0.00000000E+00
   61200  1.83265858E-02 -1.63707295E-02 -2.89675458E-03  2.47438017E-02  0.00000000E+00
   61300 -1.96118344E-02 -4.18124618E-03 -4.83254657E-03  2.06266909E-02  0.00000000E+00
   61400 -3.21850287E-03  8.71029858E-03 -1.77774319E-03  9.45454562E-03  0.00000000E+00
   61500  7.03789103E-03 -7.72370294E-04 -1.30813000E-02  1.48744370E-02  0.00000000E+00
   61600  8.28616086E-03  6.90868046E-03  1.34550541E-03  1.08720151E-02  0.00000000E+00
   61700 -6.38211037E-03 -6.88664580E-03 -2.22575562E-02  2.41569044E-02  0.00000000E+00
   61800 -7.99819022E-03  1.23830761E-02 -3.03922963E-03  1.50515294E-02  0.00000000E+00
   61900  5.54691957E-03 -1.65581577E-02 -7.88096299E-03  1.91585616E-02  0.00000000E+00
   62000  6.51334004E-03 -1.40527650E-03  1.07318518E-03  6.74908341E-03  0.00000000E+00
   62100  7.35182568E-03  1.12646228E-02  3.76581120E-03  1.39686221E-02  0.00000000E+00
   62200 -2.33142336E-03 -1.31273785E-02 -1.66114624E-02  2.13003353E-02  0.00000000E+00
   62300  5.48055302E-03 -1.38051361E-03 -4.75533514E-03  7.38616893E-03  0.00000000E+00
   62400 -3.76345547E-03  7.77738931E-03 -1.05780732E-02  1.36582215E-02  0.00000000E+00
   62500 -1.02496335E-02  3.78969974E-03  8.79725597E-03  1.40288461E-02  0.00000000E+00
   62600  7.38412661E-03 -8.67801853E-04  1.06775968E-02  1.30111291E-02  0.00000000E+00
   62700  7.50169617E-03  6.94688315E-03 -1.72475329E-02  2.00502375E-02  0.00000000E+00
   62800 -9.92854310E-03 -1.70321239E-03  5.60159370E-03  1.15262636E-02  0.00000000E+00
   62900  2.08752252E-03 -2.45806497E-03 -1.01707315E-02  1.06697522E-02  0.00000000E+00
   63000  4.42911056E-03  1.70666362E-02 -3.16215087E-03  1.79132992E-02  0.00000000E+00
   63100 -1.71467346E-02  1.88492484E-02  4.99830338E-03  2.59670505E-02  0.00000000E+00
   63200 -5.08819676E-03 -3.85141312E-03 -7.93463363E-03  1.01824133E-02  0.00000000E+00
   63300  6.36544738E-03 -1.18166652E-02  5.92116379E-04  1.34351442E-02  0.00000000E+00
   63400 -4.25951635E-03 -1.35388203E-02  1.33389436E-03  1.42556098E-02  0.00000000E+00
   63500 -1.23443947E-02 -1.24716714E-02 -1.76666634E-02  2.49005555E-02  0.00000000E+00
   63600  2.68365891E-03 -7.99173813E-03  7.46423473E-03  1.12598714E-02  0.00000000E+00
   63700  8.55854253E-03  2.94794227E-02  1.01176770E-02  3.23210829E-02  0.00000000E+00
   63800 -2.46240955E-03  5.72718342E-05  4.38147437E-03  5.02633649E-03  0.00000000E+00
   63900 -1.03066556E-02  2.72664835E-03  1.14497516E-02  1.56447618E-02  0.00000000E+00
   64000  9.85051602E-03 -1.82089761E-02  7.02616498E-03  2.18624443E-02  0.00000000E+00
   64100  9.03757778E-03 -1.37206719E-02  5.53631980E-04  1.64390133E-02  0.00000000E+00
   64200 -4.91801708E-03  1.87006737E-02 -9.41897687E-03  2.15085847E-02  0.00000000E+00
   64300  1.13931956E-02  6.08463454E-04  1.76720047E-02  2.10350869E-02  0.00000000E+00
   64400  5.07448923E-03 -3.90218364E-03  7.15656227E-04  6.44124537E-03  0.00000000E+00
   64500  1.33441422E-02 -5.01334667E-03 -2.40872974E-04  1.42568508E-02  0.00000000E+00
   64600  4.91404873E-03 -9.72262327E-03 -1.25856872E-02  1.66456241E-02  0.00000000E+00
   64700 -1.50043272E-02  2.65940503E-03 -1.55797328E-03  1.53176222E-02  0.00000000E+00
   64800  2.18690567E-03  1.22179359E-03 -9.05180855E-04  2.66358562E-03  0.00000000E+00
   64900 -5.85103869E-03 -1.46314213E-04  9.52736497E-03  1.11815359E-02  0.00000000E+00
   65000  7.76868241E-03 -1.47561401E-02  6.17110425E-03  1.77814123E-02  0.00000000E+00
   65100 -6.49423821E-03 -6.52466215E-03 -1.78524266E-03  9.37728305E-03  0.00000000E+00
   65200 -1.00101398E-02  1.34897849E-02  7.88550724E-03  1.85568968E-02  0.00000000E+00
   65300  1.12740145E-02  1.03164226E-02  7.56453862E-03  1.70515167E-02  0.00000000E+00
   65400 -3.64090111E-03  1.78741547E-02 -2.17135050E-03  1.83699845E-02  0.00000000E+00
   65500  3.09205956E-03  7.28994606E-03 -4.59953796E-03  9.15750486E-03  0.00000000E+00
   65600  9.96776022E-03 -4.96876443E-03  1.09735478E-02  1.56353322E-02  0.00000000E+00
   65700  1.10301591E-02  4.70867463E-03  7.67562337E-03  1.42390737E-02  0.00000000E+00
   65800 -8.29278860E-03 -8.88090452E-03  4.00722490E-04  1.21573593E-02  0.00000000E+00
   65900  2.73295231E-02  1.58683952E-02 -6.96463593E-03  3.23607008E-02  0.00000000E+00
   66000  2.49326972E-02 -8.77488630E-03  4.87091306E-03  2.68768267E-02  0.00000000E+00
   66100  6.90301223E-03 -6.81899084E-03  2.31604412E-02  2.51108791E-02  0.00000000E+00
   66200  1.12123545E-02  1.24319139E-02  4.07311611E-03  1.72296155E-02  0.00000000E+00
   66300 -9.35008915E-03  5.05222255E-03  1.42990833E-02  1.78160855E-02  0.00000000E+00
   66400 -3.25349536E-03 -2.06755148E-03  6.82824964E-03  7.84123678E-03  0.00000000E+00
   66500 -8.98648111E-03 -2.35552368E-02  1.04435683E-02  2.72887182E-02  0.00000000E+00
   66600 -3.27102558E-02 -1.86926712E-02  3.78010433E-03  3.78637819E-02  0.00000000E+00
   66700 -1.30127015E-02  1.06366824E-02  1.90912669E-03  1.69149099E-02  0.00000000E+00
   66800  2.87530384E-03 -4.60976029E-03  8.46808836E-03  1.00611025E-02  0.00000000E+00
   66900 -1.00371231E-02  1.15214164E-02  4.30492706E-03  1.58751149E-02  0.00000000E+00
   67000 -1.18494694E-02  1.32668078E-02 -6.43115619E-03  1.89150174E-02  0.00000000E+00
   67100  5.31247592E-03  1.06245559E-02  1.94805731E-03  1.20373799E-02  0.00000000E+00
   67200  7.14123778E-03 -8.45006217E-05 -2.77500311E-03  7.66192271E-03  0.00000000E+00
   67300 -4.15198971E-03  7.50401512E-03 -6.07919514E-04  8.59760592E-03  0.00000000E+00
   67400  1.56776866E-02  4.42722496E-03  3.33615927E-03  1.66288946E-02  0.00000000E+00
   67500  1.87720557E-02 -1.99796657E-02  9.97883560E-03  2.91745485E-02  0.00000000E+00
   67600 -6.19176343E-03 -1.81055044E-02  4.91171251E-03  1.97553068E-02  0.00000000E+00
   67700 -2.46761504E-04  2.44823425E-03 -9.13037020E-05  2.46233193E-03  0.00000000E+00
   67800 -1.87184215E-02  2.52123668E-03 -5.06924694E-04  1.88942560E-02  0.00000000E+00
   67900 -1.06004437E-02  2.64303716E-03 -1.83090780E-02  2.13208206E-02  0.00000000E+00
   68000 -6.27751653E-03 -1.34559866E-02 -1.86361342E-02  2.38280567E-02  0.00000000E+00
   68100  5.06031143E-03 -6.33846874E-03 -1.06116541E-02  1.33562772E-02  0.00000000E+00
   68200  1.31786367E-02 -2.17234890E-02  6.21514364E-03  2.61574932E-02  0.00000000E+00
   68300 -3.22316520E-03 -1.22852030E-02  8.09486341E-03  1.50612689E-02  0.00000000E+00
   68400  2.81732151E-03  5.33158365E-04  3.05161039E-02  3.06505164E-02  0.00000000E+00
   68500 -5.62195803E-03  1.90180773E-02 -1.49942324E-02  2.48620329E-02  0.00000000E+00
   68600 -1.40717841E-03  1.78618887E-04 -9.65713036E-03  9.76074908E-03  0.00000000E+00
   68700  2.56540598E-03  1.55468682E-02 -1.21366102E-02  1.98892867E-02  0.00000000E+00
   68800  3.53753555E-03 -8.55401250E-03  9.96945738E-03  1.36042408E-02  0.00000000E+00
   68900  9.61770337E-03  5.08510376E-03  5.72654875E-04  1.08943303E-02  0.00000000E+00
   69000 -8.41015644E-03 -7.19040594E-04  3.85907485E-04  8.44965534E-03  0.00000000E+00
   69100  1.41527161E-02  1.27967122E-03 -1.07989753E-03  1.42514249E-02  0.00000000E+00
   69200 -3.83102130E-03 -4.48935304E-03 -1.59183614E-02  1.69771978E-02  0.00000000E+00
   69300  3.30967203E-03  1.54124826E-02 -8.95736964E-03  1.81309961E-02  0.00000000E+00
   69400  1.07118144E-02 -8.15534213E-03  2.63303550E-03  1.37180702E-02  0.00000000E+00
   69500  3.85256761E-03  7.24474678E-04  2.00663947E-02  2.04457168E-02  0.00000000E+00
   69600  2.64040767E-02 -3.23131165E-03 -6.31524539E-03  2.73404273E-02  0.00000000E+00
   69700 -4.06511354E-03  3.93846271E-03  1.43626979E-02  1.54377371E-02  0.00000000E+00
   69800 -1.91978852E-02 -5.82629548E-03  7.12050028E-03  2.12886364E-02  0.00000000E+00
   69900 -1.53127892E-02  2.14610567E-04  2.21542065E-03  1.54737087E-02  0.00000000E+00
   70000  4.25207256E-04 -4.78699747E-03 -3.37006873E-03  5.86971117E-03  0.00000000E+00
   70100  2.89834140E-02  1.09808942E-03  9.02244064E-03  3.03751300E-02  0.00000000E+00
   70200 -6.03058497E-03 -2.97595135E-02 -6.32640183E-03  3.10164466E-02  0.00000000E+00
   70300  6.02705862E-04 -5.89082094E-03  1.11600092E-02  1.26337180E-02  0.00000000E+00
   70400  1.00018720E-02 -4.55528642E-03  9.21997774E-03  1.43455940E-02  0.00000000E+00
   70500 -1.61173655E-02 -1.38726173E-02  1.56992248E-02  2.64326434E-02  0.00000000E+00
   70600 -4.77540942E-03 -1.49038171E-02  6.66428553E-04  1.56643680E-02  0.00000000E+00
   70700  5.95454058E-03  2.30794451E-02  7.37119782E-03  2.49489859E-02  0.00000000E+00
   70800 -1.03008939E-02  5.69603132E-03  1.45209116E-03  1.18600909E-02  0.00000000E+00
   70900 -8.47706091E-03  1.53041501E-02  7.06745258E-03  1.88686634E-02  0.00000000E+00
   71000  1.04937047E-02  9.85555801E-03 -5.38474236E-03  1.53702737E-02  0.00000000E+00
   71100 -4.11582679E-03 -1.25551076E-02 -5.88994285E-03  1.44658973E-02  0.00000000E+00
   71200 -1.96611689E-02 -5.90290894E-03  6.31941640E-03  2.14788482E-02  0.00000000E+00
   71300  4.50459977E-04  6.25375846E-03 -3.27120195E-02  3.33074861E-02  0.00000000E+00
   71400  8.48113071E-03  2.88531870E-03  3.47045538E-03  9.60722138E-03  0.00000000E+00
   71500  4.23876434E-04  3.57035538E-03  6.39006197E-03  7.33212117E-03  0.00000000E+00
   71600  6.24841358E-03  1.41359966E-02  3.83640560E-03  1.59244178E-02  0.00000000E+00
   71700  1.68350627E-02  2.69329729E-03 -8.95293720E-03  1.92569019E-02  0.00000000E+00
   71800  5.58409596E-03 -9.54430533E-03 -5.07450394E-03  1.21666134E-02  0.00000000E+00
   71900  5.41758968E-03 -1.85569166E-03 -1.57553062E-02  1.67637569E-02  0.00000000E+00
   72000 -5.51820544E-03 -9.16550541E-03 -7.07067439E-03  1.28238651E-02  0.00000000E+00
   72100  3.04285179E-02  7.32074118E-03  1.53871379E-02  3.48748042E-02  0.00000000E+00
   72200  4.25163489E-03 -2.52972155E-03  1.83974929E-02  1.90510797E-02  0.00000000E+00
   72300 -5.31159570E-03  1.05763996E-02  6.98110413E-03  1.37407821E-02  0.00000000E+00
   72400  1.86466294E-02  9.48170952E-03 -3.64259068E-04  2.09220527E-02  0.00000000E+00
   72500 -4.07854137E-03 -1.72208383E-02 -9.94810530E-03  2.03016396E-02  0.00000000E+00
   72600  3.80902033E-03  1.78801396E-02 -2.39226577E-02  3.01081647E-02  0.00000000E+00
   72700  1.66446303E-02 -1.94552137E-02 -1.80936226E-02  3.13516863E-02  0.00000000E+00
   72800  1.04397127E-02  5.72348381E-04  7.40448833E-03  1.28117770E-02  0.00000000E+00
   72900 -7.66226014E-03 -5.28535672E-04 -2.42844651E-03  8.05524257E-03  0.00000000E+00
   73000 -5.41314752E-03 -9.70922167E-03  4.82436089E-03  1.21179870E-02  0.00000000E+00
   73100 -7.35513248E-03 -2.12253701E-02 -1.09469234E-02  2.49889864E-02  0.00000000E+00
   73200  8.58831305E-03 -8.87918083E-03  1.13972354E-02  1.68076158E-02  0.00000000E+00
   73300 -2.79285721E-04  7.33083963E-03  5.96631391E-03  9.45600930E-03  0.00000000E+00
   73400  9.89446154E-03  6.98564333E-03  2.52523773E-03  1.23724051E-02  0.00000000E+00
   73500  1.46441721E-02 -6.38338928E-03  7.94990097E-04  1.59947318E-02  0.00000000E+00
   73600  1.30822687E-02  7.75650466E-03 -3.72268786E-03  1.56578263E-02  0.00000000E+00
   73700 -7.25351333E-03  2.65890108E-02  7.28875161E-04  2.75702776E-02  0.00000000E+00
   73800  9.02294524E-03  7.09098397E-03  1.87241355E-03  1.16276191E-02  0.00000000E+00
   73900  2.63605549E-03 -1.32420208E-03 -7.56928253E-03  8.12381300E-03  0.00000000E+00
   74000  2.20710144E-02  1.94632521E-02  1.38037772E-02  3.25037248E-02  0.00000000E+00
   74100 -7.86347136E-03  2.74856634E-03 -5.38433369E-04  8.34737738E-03  0.00000000E+00
   74200  9.47829107E-03  1.51371431E-02 -8.03216341E-03  1.95828178E-02  0.00000000E+00
   74300 -7.73529172E-03 -1.41146738E-02  7.20467695E-03  1.76342316E-02  0.00000000E+00
   74400  8.78806920E-03 -1.49900228E-02  3.24537186E-03  1.76766338E-02  0.00000000E+00
   74500 -1.96806871E-03 -9.89637485E-03 -2.44374396E-03  1.03818791E-02  0.00000000E+00
   74600  3.29079987E-03 -1.43236415E-02  5.59729101E-03  1.57265933E-02  0.00000000E+00
   74700  2.02530558E-02  8.26423546E-03  8.13357386E-03  2.33374994E-02  0.00000000E+00
   74800  9.32799011E-03  1.99713090E-02 -2.33443745E-02  3.21064542E-02  0.00000000E+00
   74900 -3.42180569E-03  1.21414759E-02  1.42437950E-02  1.90265574E-02  0.00000000E+00
   75000  5.64131893E-04 -1.35458213E-03 -2.05020235E-03  2.52120353E-03  0.00000000E+00
   75100  3.43906147E-03  8.33518172E-03 -9.19931117E-03  1.28813712E-02  0.00000000E+00
   75200 -9.82982180E-03 -4.58251762E-03  1.70423386E-02  2.02006477E-02  0.00000000E+00
   75300 -3.83282716E-03  1.54087234E-02  1.27135373E-02  2.03409280E-02  0.00000000E+00
   75400  4.14011551E-03 -2.53414602E-03  2.22512456E-03  5.33981571E-03  0.00000000E+00
   75500 -4.86949594E-03 -2.39475317E-02 -3.02625737E-02  3.88975530E-02  0.00000000E+00
   75600  6.57923356E-03 -4.86783685E-03 -8.20249637E-03  1.15871954E-02  0.00000000E+00
   75700  3.55291502E-03  5.38930768E-03  4.30634814E-03  7.75966988E-03  0.00000000E+00
   75800 -5.52678805E-03 -1.68020853E-02  2.67989536E-03  1.78895862E-02  0.00000000E+00
   75900 -8.48731825E-03  1.00761594E-02  6.21684917E-04  1.31890125E-02  0.00000000E+00
   76000 -3.91071849E-03  4.13257568E-03 -1.05509597E-02  1.19872704E-02  0.00000000E+00
   76100  2.46719245E-03 -1.06011632E-02  2.94550564E-03  1.12759791E-02  0.00000000E+00
   76200  1.18049415E-02 -1.12024744E-02 -2.57879213E-02  3.04937528E-02  0.00000000E+00
   76300  4.80512964E-03  8.09415368E-03 -1.17497097E-02  1.50552407E-02  0.00000000E+00
   76400  7.02525985E-03  3.92856863E-03 -5.59755998E-03  9.80411165E-03  0.00000000E+00
   76500  1.34307276E-02  1.19026129E-02  1.77633096E-02  2.52505803E-02  0.00000000E+00
   76600 -2.30242111E-04 -1.57378042E-02  5.99413014E-03  1.68422412E-02  0.00000000E+00
   76700  4.90074537E-03  2.08289990E-02 -2.67066549E-03  2.15637881E-02  0.00000000E+00
   76800  1.67500753E-02  1.61618296E-02 -4.24055650E-03  2.36590802E-02  0.00000000E+00
   76900 -7.90777522E-03 -9.41081174E-03  8.36448730E-03  1.48681181E-02  0.00000000E+00
   77000  2.11462890E-02  1.68304243E-02  1.65534257E-02  3.16929744E-02  0.00000000E+00
   77100  6.21604981E-03 -2.33355258E-03  1.61647873E-02  1.74752709E-02  0.00000000E+00
   77200 -2.04523641E-02  1.59037917E-02 -1.62451880E-02  3.05799922E-02  0.00000000E+00
   77300 -1.40179670E-02  9.17279268E-03 -3.40104331E-03  1.70941692E-02  0.00000000E+00
   77400 -1.51994617E-02 -3.11535628E-03  7.54007185E-03  1.72505584E-02  0.00000000E+00
   77500 -2.25884467E-03  1.12073719E-02 -3.94273943E-04  1.14395374E-02  0.00000000E+00
   77600  1.90339426E-02  2.75989160E-03 -9.43300545E-03  2.14217078E-02  0.00000000E+00
   77700 -3.93835910E-03  3.82395891E-03 -1.74166555E-02  1.82612492E-02  0.00000000E+00
   77800  1.02378192E-02  1.57940408E-03 -1.91453701E-04  1.03607004E-02  0.00000000E+00
   77900 -8.99024346E-03 -1.76629835E-02 -1.69224601E-02  2.60609884E-02  0.00000000E+00
   78000 -6.01668992E-03  1.23503670E-02  2.04262950E-02  2.46163695E-02  0.00000000E+00
   78100  4.19457808E-03 -6.11249746E-03  5.53338971E-03  9.25070333E-03  0.00000000E+00
   78200  1.82891158E-03 -7.89153961E-03  5.25493570E-03  9.65586165E-03  0.00000000E+00
   78300 -9.70943353E-03 -2.84510659E-03  3.47614525E-04  1.01236637E-02  0.00000000E+00
   78400  5.50036340E-03  4.26236185E-03  3.16912810E-03  7.64624737E-03  0.00000000E+00
   78500 -5.51340354E-03  4.51584252E-03 -2.33233529E-02  2.43878913E-02  0.00000000E+00
   78600 -7.65148828E-03  1.22819789E-02 -1.20558820E-02  1.88344517E-02  0.00000000E+00
   78700 -8.73922601E-03  1.37746797E-02  1.12716198E-03  1.63519530E-02  0.00000000E+00
   78800 -1.00021020E-02 -2.39544501E-02  1.01066560E-02  2.78568164E-02  0.00000000E+00
   78900 -8.54506416E-04  3.29639865E-03 -8.01966194E-03  8.71271501E-03  0.00000000E+00
   79000 -4.93570266E-03 -9.03957354E-03  2.20077249E-02  2.42984569E-02  0.00000000E+00
   79100  1.73862288E-02  2.65923054E-02 -2.03603315E-02  3.77355901E-02  0.00000000E+00
   79200 -8.81584250E-03  1.29680350E-02 -4.04296809E-03  1.61936593E-02  0.00000000E+00
   79300 -1.08384937E-02  8.32189266E-03  2.73279509E-03  1.39353871E-02  0.00000000E+00
   79400 -8.19050806E-03 -1.71034017E-02  1.06236999E-02  2.17364618E-02  0.00000000E+00
   79500 -7.13912390E-03  8.60630442E-03 -1.96376980E-02  2.25981138E-02  0.00000000E+00
   79600  9.35604685E-03  1.30680727E-02  1.39854413E-02  2.13049925E-02  0.00000000E+00
   79700  5.04847447E-03 -6.56050154E-03  1.47893570E-02  1.69485207E-02  0.00000000E+00
   79800  5.84158580E-03 -6.97212084E-03  2.11743220E-02  2.30453141E-02  0.00000000E+00
   79900  3.66302721E-04 -2.06689361E-02 -3.93960073E-03  2.10442284E-02  0.00000000E+00
   80000 -5.42625268E-06  6.93341238E-03  7.89809958E-03  1.05096248E-02  0.00000000E+00
   80100  1.44758121E-02  9.93465826E-03  9.78004667E-03  2.00971611E-02  0.00000000E+00
   80200  7.43276602E-03  1.94501581E-02  1.36346944E-02  2.48889443E-02  0.00000000E+00
   80300  6.35657505E-06 -2.74775875E-03 -6.73341549E-03  7.27248944E-03  0.00000000E+00
   80400 -3.61637550E-03  3.53737876E-04  6.54264146E-03  7.48394679E-03  0.00000000E+00
   80500 -8.40617881E-03  3.35340892E-03  6.36195882E-03  1.10627173E-02  0.00000000E+00
   80600 -9.76139124E-04 -7.32143395E-05  6.23055985E-03  6.30698692E-03  0.00000000E+00
   80700 -1.50315661E-02  1.97418522E-02 -1.17375257E-02  2.74491933E-02  0.00000000E+00
   80800 -9.07881752E-04  9.45252734E-03  9.23296159E-04  9.54080700E-03  0.00000000E+00
   80900 -2.20068391E-02 -2.46575735E-03  1.41428544E-02  2.62754877E-02  0.00000000E+00
   81000 -5.82689136E-04  1.99970701E-03  3.70473695E-03  4.25010948E-03  0.00000000E+00
   81100 -1.80475422E-02 -7.87378932E-04  6.63245730E-03  1.92437843E-02  0.00000000E+00
   81200 -9.32437328E-03 -2.65378763E-03  4.42091711E-03  1.06550943E-02  0.00000000E+00
   81300 -4.77683796E-03  1.38525633E-02  2.17316413E-03  1.48133161E-02  0.00000000E+00
   81400 -7.75326604E-03 -7.48332045E-04 -1.97655243E-02  2.12449779E-02  0.00000000E+00
   81500 -1.21895385E-02  1.15795503E-02 -3.97111765E-03  1.72754337E-02  0.00000000E+00
   81600 -2.17629222E-03  1.28512363E-02 -6.32079251E-03  1.44859566E-02  0.00000000E+00
   81700  1.37237583E-03  6.90520451E-03  2.03881768E-03  7.32953220E-03  0.00000000E+00
   81800  1.00929022E-02  1.32172581E-02  2.56121749E-04  1.66321431E-02  0.00000000E+00
   81900  9.39687392E-03 -9.26164482E-04  7.78435381E-03  1.22374501E-02  0.00000000E+00
   82000  3.76431947E-03  9.74020243E-03  7.60734538E-04  1.04699743E-02  0.00000000E+00
   82100  1.58200202E-03 -3.73955692E-03 -1.94939516E-02  1.99123370E-02  0.00000000E+00
   82200 -1.17934532E-02 -1.23006245E-02  1.50861523E-02  2.27592376E-02  0.00000000E+00
   82300 -1.20090016E-02 -7.99754529E-03 -7.63358504E-03  1.63232494E-02  0.00000000E+00
   82400 -1.99171196E-02  1.83685427E-02  1.54670009E-02  3.11981271E-02  0.00000000E+00
   82500  1.22618365E-02  1.63813035E-02  5.90479882E-03  2.12970981E-02  0.00000000E+00
   82600  1.13816945E-02  3.49013061E-04 -3.20530166E-03  1.18295705E-02  0.00000000E+00
   82700  7.61565107E-03  5.21211012E-03  9.81441002E-03  1.34717065E-02  0.00000000E+00
   82800 -9.15256579E-03 -1.33041080E-02 -3.66225923E-03  1.65584085E-02  0.00000000E+00
   82900  7.59465213E-03 -3.02761339E-03  2.51732573E-02  2.64676797E-02  0.00000000E+00
   83000 -1.05962817E-02  3.04386676E-03 -5.54544512E-03  1.23409186E-02  0.00000000E+00
   83100 -9.61466444E-03 -9.46192566E-03 -1.45443584E-02  1.98370404E-02  0.00000000E+00
   83200  5.49879326E-03  3.84406775E-03  1.98371332E-02  2.09409990E-02  0.00000000E+00
   83300 -1.10926900E-02  6.53020989E-03  1.83499452E-02  2.24145466E-02  0.00000000E+00
   83400 -7.61692341E-03  1.58352933E-02 -2.40417766E-02  2.97788693E-02  0.00000000E+00
   83500  1.44541411E-03 -3.00967737E-03  5.04454721E-03  6.04936661E-03  0.00000000E+00
   83600  2.09593245E-03 -3.02344663E-03 -1.31571167E-02  1.36617671E-02  0.00000000E+00
   83700  7.83824394E-03  7.57249678E-04 -6.73697151E-04  7.90350321E-03  0.00000000E+00
   83800  7.29402515E-03  1.16626819E-03 -9.03773494E-03  1.16723450E-02  0.00000000E+00
   83900 -9.04189912E-03  4.81894865E-03  3.71068331E-03  1.08971270E-02  0.00000000E+00
   84000  8.08702045E-03 -6.58501979E-03  9.28547403E-03  1.39636103E-02  0.00000000E+00
   84100  2.32638845E-02 -9.06092063E-03  2.49998699E-02  3.53313189E-02  0.00000000E+00
   84200 -8.95315985E-03  1.90611656E-04 -2.03123567E-02  2.21988117E-02  0.00000000E+00
   84300  8.30958891E-03 -3.83485209E-03 -8.92976348E-03  1.27865568E-02  0.00000000E+00
   84400  3.47783593E-03 -5.38221458E-03  9.29238300E-03  1.12876906E-02  0.00000000E+00
   84500 -2.43103192E-03 -5.87374257E-03 -5.69136386E-03  8.53243170E-03  0.00000000E+00
   84600  6.23480854E-03  4.43301381E-03 -6.36811418E-03  9.95375945E-03  0.00000000E+00
   84700  6.31029324E-03 -6.02560806E-03 -2.07372972E-02  2.24980721E-02  0.00000000E+00
   84800 -2.33342197E-03  2.13072709E-03 -1.98258804E-02  2.00761149E-02  0.00000000E+00
   84900 -1.74183015E-04  6.57972761E-03  4.70180943E-03  8.08889158E-03  0.00000000E+00
   85000  8.45285861E-03 -1.49725774E-03 -1.28978089E-02  1.54934203E-02  0.00000000E+00
   85100 -9.99924491E-03 -3.34878941E-04  4.87796944E-03  1.11306616E-02  0.00000000E+00
   85200 -4.67885238E-03  2.20850815E-03  2.78554850E-03  5.87609124E-03  0.00000000E+00
   85300 -9.43724438E-03 -3.97267141E-03  4.34870432E-03  1.11245193E-02  0.00000000E+00
   85400  2.48476058E-04  5.77578311E-03  1.16022867E-04  5.78228952E-03  0.00000000E+00
   85500 -2.48560619E-02 -5.27446766E-04  1.43399202E-02  2.87007896E-02  0.00000000E+00
   85600 -1.51816473E-02  5.79394098E-03 -2.60221913E-03  1.64567223E-02  0.00000000E+00
   85700  1.50072008E-02 -3.56259712E-03  1.34822625E-02  2.04860825E-02  0.00000000E+00
   85800 -1.46098745E-02 -4.84102392E-03  1.37994468E-02  2.06714459E-02  0.00000000E+00
   85900  8.99973683E-03  1.00074672E-02  4.88573164E-03  1.43183461E-02  0.00000000E+00
   86000  1.49482509E-02  1.99939510E-02  1.25961810E-02  2.79619752E-02  0.00000000E+00
   86100  1.56491708E-02 -1.19111402E-02 -2.06885879E-02  2.85445174E-02  0.00000000E+00
   86200  1.24936652E-02 -4.26047792E-03 -2.17468460E-02  2.54395096E-02  0.00000000E+00
   86300 -2.06255911E-02  1.48343096E-02 -1.05333927E-02  2.75031655E-02  0.00000000E+00
   86400 -5.85900231E-03  1.29695578E-02 -1.16586165E-02  1.83973008E-02  0.00000000E+00
   86500  5.40370121E-03  6.15009655E-03 -9.26221459E-04  8.23902667E-03  0.00000000E+00
   86600 -1.12430145E-02 -4.73719654E-03 -5.24707298E-03  1.32807447E-02  0.00000000E+00
   86700  2.96229333E-02  4.96688891E-03  1.79132694E-02  3.49724660E-02  0.00000000E+00
   86800 -2.26534276E-02  1.79758771E-02 -2.19100984E-02  3.62817083E-02  0.00000000E+00
   86900 -4.54581332E-03 -4.32075419E-03 -8.55500638E-03  1.06076138E-02  0.00000000E+00
   87000 -8.57338226E-03  5.75483745E-03  4.61144158E-03  1.13086883E-02  0.00000000E+00
   87100 -1.34832511E-02  1.01583877E-02  1.80209903E-02  2.46930555E-02  0.00000000E+00
   87200  6.54056001E-03 -1.01814005E-02  6.79663845E-03  1.38792700E-02  0.00000000E+00
   87300 -5.58941147E-03 -5.88072275E-03 -6.85378888E-03  1.06206800E-02  0.00000000E+00
   87400  1.75740336E-02 -1.77731856E-03 -1.83285732E-02  2.54547072E-02  0.00000000E+00
   87500  1.84943642E-02 -4.15462443E-03 -3.14412749E-03  1.92142642E-02  0.00000000E+00
   87600  7.36501083E-03 -1.49142681E-02  3.23083318E-04  1.66368014E-02  0.00000000E+00
   87700  1.35469591E-02  1.19711643E-02 -6.24741899E-03  1.91274441E-02  0.00000000E+00
   87800 -2.08439608E-03 -2.22534496E-02  3.04372479E-03  2.25571493E-02  0.00000000E+00
   87900 -4.78290054E-04 -4.79997650E-03 -5.56878174E-03  7.36748708E-03  0.00000000E+00
   88000  8.94914089E-05 -2.06971385E-03 -8.03948591E-04  2.22217404E-03  0.00000000E+00
   88100  6.69910339E-03 -1.52033972E-02 -4.65467025E-03  1.72536149E-02  0.00000000E+00
   88200 -2.63786315E-02 -1.78853926E-02 -7.21723851E-03  3.26773316E-02  0.00000000E+00
   88300 -1.94285761E-02  8.35275301E-03  5.93087934E-03  2.19639109E-02  0.00000000E+00
   88400  3.83847758E-03 -1.89628873E-02 -2.96497048E-03  1.95733506E-02  0.00000000E+00
   88500 -6.53387657E-04 -1.28880372E-03 -1.06633991E-02  1.07608555E-02  0.00000000E+00
   88600  9.88547930E-04  8.91689239E-03  2.69004015E-02  2.83570062E-02  0.00000000E+00
   88700  1.89696411E-05  6.08168613E-03 -1.64464319E-02  1.75348906E-02  0.00000000E+00
   88800 -1.30096590E-02 -2.29093997E-03  4.27419256E-03  1.38841044E-02  0.00000000E+00
   88900 -1.04168480E-02  3.51654775E-03 -7.01038571E-03  1.30392614E-02  0.00000000E+00
   89000 -2.29473175E-02  5.78837905E-03  1.00641589E-02  2.57171540E-02  0.00000000E+00
   89100  6.36745508E-05 -1.33521307E-02  1.09886316E-02  1.72925843E-02  0.00000000E+00
   89200 -1.93070469E-02  3.32069159E-03 -5.34573178E-03  2.03067945E-02  0.00000000E+00
   89300 -1.19835270E-02  1.10043821E-02  1.66250767E-02  2.32614385E-02  0.00000000E+00
   89400 -1.26052767E-02  3.60162707E-03 -1.89506865E-03  1.32459807E-02  0.00000000E+00
   89500 -1.56419586E-02  7.26242755E-03 -1.74188772E-02  2.45118544E-02  0.00000000E+00
   89600  3.63810503E-02  6.15488509E-03 -8.54626375E-03  3.78748208E-02  0.00000000E+00
   89700 -5.25945796E-03  8.63716463E-04 -5.66505510E-03  7.77822303E-03  0.00000000E+00
   89800  4.85750262E-03  6.32922765E-03  1.13892683E-03  8.05925609E-03  0.00000000E+00
   89900  1.07708165E-02 -1.77901406E-02 -1.77839802E-02  2.73636537E-02  0.00000000E+00
   90000 -8.12507279E-03 -1.39909007E-02  9.74888259E-03  1.88892250E-02  0.00000000E+00
   90100  5.26252635E-03 -1.58716744E-02 -6.61508363E-03  1.79823125E-02  0.00000000E+00
   90200 -3.92111320E-03  2.14024609E-03  6.40405926E-03  7.80818526E-03  0.00000000E+00
   90300  2.93369139E-02  1.39822234E-02 -1.02499425E-02  3.40766549E-02  0.00000000E+00
   90400  3.29729171E-03 -1.93305510E-02 -5.40019970E-03  2.03397269E-02  0.00000000E+00
   90500 -1.24521372E-04  1.50332136E-02 -1.87960877E-03  1.51507738E-02  0.00000000E+00
   90600  5.35638400E-03  9.45391142E-03  8.97513715E-03  1.40932742E-02  0.00000000E+00
   90700  1.70087186E-03 -1.96368593E-02  2.35505420E-02  3.07103767E-02  0.00000000E+00
   90800  2.65316407E-02 -6.64145984E-03 -3.57631959E-03  2.75830929E-02  0.00000000E+00
   90900  2.58085914E-03  1.13629671E-02  2.18486005E-02  2.47616477E-02  0.00000000E+00
   91000  1.52085007E-02 -7.14732230E-03 -1.38711292E-02  2.17896979E-02  0.00000000E+00
   91100 -6.66505561E-03  6.44698914E-03  4.37380648E-03  1.02526493E-02  0.00000000E+00
   91200  9.56195531E-03  4.44100053E-03 -1.50288652E-02  1.83581117E-02  0.00000000E+00
   91300  1.64442525E-02  8.73373908E-03 -1.22063933E-02  2.22640445E-02  0.00000000E+00
   91400 -1.61501226E-02  8.53766557E-04  1.26607313E-02  2.05389751E-02  0.00000000E+00
   91500  5.78332169E-03 -7.98089819E-03 -1.38621200E-02  1.70088188E-02  0.00000000E+00
   91600  6.27729167E-03 -5.66968606E-03 -8.56288023E-03  1.20363054E-02  0.00000000E+00
   91700  7.80710779E-03 -2.14704966E-03 -4.64779068E-03  9.33609729E-03  0.00000000E+00
   91800 -8.61687561E-03  1.28397676E-02 -6.39796883E-03  1.67345207E-02  0.00000000E+00
   91900  9.15089527E-04 -2.67058265E-02 -1.55920654E-02  3.09378581E-02  0.00000000E+00
   92000 -1.08130416E-03  4.05622522E-03  9.62662643E-03  1.05021007E-02  0.00000000E+00
   92100 -3.96556483E-03 -9.69058235E-03  9.62390240E-03  1.42215536E-02  0.00000000E+00
   92200 -1.43819646E-02  7.43138385E-03  1.29632071E-02  2.07391203E-02  0.00000000E+00
   92300  1.77839416E-02 -1.35284238E-02 -1.23877660E-02  2.55488468E-02  0.00000000E+00
   92400 -1.43982656E-02 -7.16851911E-03  9.18992752E-03  1.85243755E-02  0.00000000E+00
   92500 -4.72452567E-03 -2.15280131E-03 -5.97246503E-03  7.91366127E-03  0.00000000E+00
   92600  2.03055523E-03 -1.67971514E-02  1.26179037E-02  2.11063721E-02  0.00000000E+00
   92700  3.45948138E-03 -2.56499481E-03  4.71035538E-03  6.38237084E-03  0.00000000E+00
   92800 -1.88686708E-03  1.44562500E-02 -1.08182971E-02  1.81543103E-02  0.00000000E+00
   92900  7.96021154E-03  2.19172842E-03 -1.26870695E-02  1.51370530E-02  0.00000000E+00
   93000 -7.19305402E-04 -1.56938646E-02 -1.39272929E-02  2.09948630E-02  0.00000000E+00
   93100  9.67445144E-03  2.15338005E-03  1.40731612E-02  1.72129580E-02  0.00000000E+00
   93200  3.68750997E-03 -1.25306866E-02  1.85463673E-04  1.30633163E-02  0.00000000E+00
   93300  1.37371625E-03 -2.20493991E-03  7.88761478E-03  8.30441589E-03  0.00000000E+00
   93400  1.83038215E-02 -1.41401797E-02 -4.90547768E-04  2.31347185E-02  0.00000000E+00
   93500 -1.29526021E-03 -9.24631808E-03  1.70682402E-02  1.94549973E-02  0.00000000E+00
   93600 -4.16765932E-03 -6.20514531E-03  3.03739682E-03  8.06839463E-03  0.00000000E+00
   93700  3.77625876E-02 -1.92300347E-02  5.91095694E-03  4.27872255E-02  0.00000000E+00
   93800 -8.18282562E-03 -1.70155590E-02 -1.66980724E-02  2.52054261E-02  0.00000000E+00
   93900 -1.36371572E-03  6.00759600E-03  1.85283288E-02  1.95256216E-02  0.00000000E+00
   94000 -4.42058078E-03  4.29357674E-02 -5.87102410E-05  4.31627745E-02  0.00000000E+00
   94100  6.78156517E-03 -6.90911913E-03  6.33676524E-03  1.15706589E-02  0.00000000E+00
   94200  1.43479253E-03  4.90376406E-03 -6.33214997E-04  5.14844566E-03  0.00000000E+00
   94300 -4.52959571E-03  2.40467889E-03  9.70838691E-03  1.09796400E-02  0.00000000E+00
   94400  1.07604531E-02  5.40103338E-03  2.39082008E-03  1.22749555E-02  0.00000000E+00
   94500  4.31158557E-03 -1.15572541E-03  1.56783923E-03  4.73113001E-03  0.00000000E+00
   94600 -6.52246869E-03  1.70324552E-02  6.73650885E-03  1.94429340E-02  0.00000000E+00
   94700 -1.86851392E-02 -1.40985723E-02 -9.90658832E-03  2.54174085E-02  0.00000000E+00
   94800  4.09426868E-03 -1.74556092E-03  2.41126960E-03  5.06203912E-03  0.00000000E+00
   94900  1.69619393E-02 -1.99966212E-03  1.74997924E-02  2.44529910E-02  0.00000000E+00
   95000 -1.40333402E-02 -7.98836900E-03 -2.06131265E-03  1.62787495E-02  0.00000000E+00
   95100 -2.26602609E-03 -3.42934485E-03  3.67235094E-03  5.51193630E-03  0.00000000E+00
   95200 -1.77988988E-02 -1.37491855E-02 -1.20380129E-02  2.55098933E-02  0.00000000E+00
   95300  1.03778256E-02 -1.23655981E-02 -3.24378591E-03  1.64660083E-02  0.00000000E+00
   95400 -2.36308349E-03 -2.56664892E-03 -5.50880019E-03  6.52063876E-03  0.00000000E+00
   95500  1.14405559E-02 -1.21794624E-03 -4.78807979E-03  1.24617583E-02  0.00000000E+00
   95600 -7.41996264E-03  7.66153041E-03  5.16360652E-03  1.18497986E-02  0.00000000E+00
   95700  3.37205562E-03 -1.68352256E-02  2.02286782E-02  2.65329041E-02  0.00000000E+00
   95800  3.85151456E-03  5.25655419E-03  1.14852518E-02  1.32051708E-02  0.00000000E+00
   95900 -5.59664660E-03 -4.11364378E-03  9.43212092E-03  1.17136426E-02  0.00000000E+00
   96000  1.45038274E-02 -1.33814282E-03 -3.42067518E-02  3.71786700E-02  0.00000000E+00
   96100 -5.74779783E-03 -1.00327370E-03  4.37154926E-03  7.29069139E-03  0.00000000E+00
   96200  5.81058162E-03 -6.20342987E-03  1.73311818E-02  1.93032449E-02  0.00000000E+00
   96300  7.90020923E-03 -1.38029002E-02 -6.83982601E-03  1.73123245E-02  0.00000000E+00
   96400 -5.74825238E-03 -1.36022919E-02 -1.65745638E-02  2.21986692E-02  0.00000000E+00
   96500 -1.07116527E-02  4.17163023E-03 -1.81178303E-03  1.16372059E-02  0.00000000E+00
   96600 -1.84898150E-03 -1.13950499E-02  4.29256008E-03  1.23163293E-02  0.00000000E+00
   96700  4.43073242E-03  1.46478890E-02 -2.49907593E-03  1.55060447E-02  0.00000000E+00
   96800 -1.16764547E-02  1.55800532E-02 -2.76808828E-03  1.96657053E-02  0.00000000E+00
   96900  2.11458062E-02 -4.47988640E-03  1.19544629E-03  2.16481776E-02  0.00000000E+00
   97000  1.00542706E-02  2.65424366E-02 -7.58969611E-03  2.93801427E-02  0.00000000E+00
   97100  1.56717893E-02 -2.85835198E-06 -1.35073211E-02  2.06894348E-02  0.00000000E+00
   97200  6.07494809E-03 -9.05719313E-03  8.83841774E-03  1.40376412E-02  0.00000000E+00
   97300 -3.93297337E-03  3.67833970E-03  1.60017846E-02  1.68835889E-02  0.00000000E+00
   97400  3.60505985E-03 -6.27625704E-03  1.28088263E-03  7.35040946E-03  0.00000000E+00
   97500  4.28296795E-03 -4.02461794E-03  1.95287962E-02  2.03940002E-02  0.00000000E+00
   97600 -8.90833664E-03  1.80477833E-03 -1.29460601E-02  1.58182224E-02  0.00000000E+00
   97700  1.42029866E-02 -3.50043138E-03  1.09623027E-02  1.82797683E-02  0.00000000E+00
   97800 -2.04355566E-02  2.31261275E-03  2.14805734E-03  2.06778698E-02  0.00000000E+00
   97900  6.48532751E-03 -6.82607828E-03  5.86404598E-03  1.10924232E-02  0.00000000E+00
   98000 -1.10439448E-02  1.06402249E-02  4.40620544E-06  1.53356813E-02  0.00000000E+00
   98100 -1.20862868E-02  2.74375261E-04 -3.34504301E-03  1.25436407E-02  0.00000000E+00
   98200 -3.18897127E-03 -9.94205255E-03 -1.47897972E-02  1.81039235E-02  0.00000000E+00
   98300 -1.74285916E-02  1.06247990E-02 -9.03954862E-03  2.23238795E-02  0.00000000E+00
   98400  8.62372170E-03  1.00664781E-02 -2.61488925E-02  2.93166700E-02  0.00000000E+00
   98500  1.05655831E-02  1.01805717E-02 -7.34854440E-03  1.64096524E-02  0.00000000E+00
   98600 -1.91204159E-02 -2.82421909E-02 -7.83417797E-03  3.49940851E-02  0.00000000E+00
   98700  9.71783482E-03  3.40600415E-02 -2.08417806E-03  3.54805093E-02  0.00000000E+00
   98800 -2.72715387E-02 -1.58406452E-02  6.56256206E-03  3.22138182E-02  0.00000000E+00
   98900 -1.20134378E-02 -6.81289637E-03  1.03411601E-02  1.72533428E-02  0.00000000E+00
   99000 -7.18529543E-03 -1.20167285E-02  6.32984884E-03  1.53654554E-02  0.00000000E+00
   99100 -8.87009653E-03 -5.72510759E-03 -9.97211192E-03  1.45223444E-02  0.00000000E+00
   99200 -1.53017881E-02 -2.09100479E-02 -2.39579662E-03  2.60214270E-02  0.00000000E+00
   99300 -1.53096127E-02  8.65387975E-03 -8.32699041E-03  1.94579713E-02  0.00000000E+00
   99400 -1.62610858E-03  4.18271577E-03 -5.59646731E-03  7.17354770E-03  0.00000000E+00
   99500 -1.57022989E-03  1.76570572E-02  5.65355664E-03  1.86064503E-02  0.00000000E+00
   99600 -1.12742985E-02 -1.45280681E-02  9.01490781E-03  2.04803109E-02  0.00000000E+00
   99700  3.97311361E-03  1.34674073E-02  1.78031438E-02  2.26739635E-02  0.00000000E+00
   99800  2.11212054E-02 -3.51321261E-03  2.05504043E-02  2.96777205E-02  0.00000000E+00
   99900 -1.33646451E-02  4.50618321E-03 -3.56921988E-03  1.45484967E-02  0.00000000E+00
