   #Iter             <M>           <M^2>           <M^4>      U_{Binder}            \chi        C_v(tot)             <E>       <E_{exc}>       <E_{lsf}>
       1  2.58179745E-02  6.66567806E-04  4.44312640E-07  6.66666667E-01 -2.92271693E-18 -1.11108128E-13 -2.79430417E-01 -2.76527361E-01  0.00000000E+00
      11  1.70449018E-02  3.27304476E-04  1.47996852E-07  5.39502438E-01  3.86169753E-03  3.77806738E-01 -2.75752767E-01 -2.73044619E-01  0.00000000E+00
      21  1.40709462E-02  2.32673540E-04  8.17907093E-08  4.96396516E-01  3.64183633E-03  4.35986461E-01 -2.73711519E-01 -2.70942726E-01  0.00000000E+00
      31  1.50551040E-02  2.70581020E-04  1.32350823E-07  3.97425523E-01  4.61239575E-03  4.84866003E-01 -2.73653168E-01 -2.70970404E-01  0.00000000E+00
      41  1.51800252E-02  2.66981763E-04  1.15954412E-07  4.57745916E-01  3.83783986E-03  5.33097746E-01 -2.74081012E-01 -2.71496530E-01  0.00000000E+00
      51  1.57294532E-02  2.90893494E-04  1.38812829E-07  4.53185109E-01  4.56545073E-03  5.94204917E-01 -2.74270947E-01 -2.71660777E-01  0.00000000E+00
      61  1.75072582E-02  3.48251603E-04  1.74610160E-07  5.20087559E-01  4.38375984E-03  6.14043777E-01 -2.74595881E-01 -2.71999759E-01  0.00000000E+00
      71  1.57926621E-02  2.94241009E-04  1.37203020E-07  4.71754248E-01  4.70773839E-03  5.68858288E-01 -2.74240221E-01 -2.71684640E-01  0.00000000E+00
      81  1.62069394E-02  3.06345676E-04  1.41974260E-07  4.95728004E-01  4.58676654E-03  5.18412158E-01 -2.74544108E-01 -2.71947507E-01  0.00000000E+00
      91  1.56804999E-02  2.84260411E-04  1.23336529E-07  4.91211007E-01  4.03039422E-03  4.77610340E-01 -2.74135833E-01 -2.71551665E-01  0.00000000E+00
     101  1.59041882E-02  2.91839010E-04  1.29335490E-07  4.93814417E-01  4.08431211E-03  5.21652007E-01 -2.73744001E-01 -2.71150603E-01  0.00000000E+00
     111  1.64959613E-02  3.15989041E-04  1.51394221E-07  4.94589802E-01  4.60687624E-03  5.01244075E-01 -2.74156587E-01 -2.71570995E-01  0.00000000E+00
     121  1.64906125E-02  3.18750065E-04  1.62169216E-07  4.67957163E-01  4.91532902E-03  4.79517565E-01 -2.74185706E-01 -2.71600365E-01  0.00000000E+00
     131  1.67428014E-02  3.33897360E-04  1.90225376E-07  4.31250242E-01  5.62582361E-03  4.97964115E-01 -2.74267598E-01 -2.71690149E-01  0.00000000E+00
     141  1.69632071E-02  3.39058920E-04  1.88482330E-07  4.53488836E-01  5.38772824E-03  4.68676879E-01 -2.74491246E-01 -2.71886554E-01  0.00000000E+00
     151  1.75700845E-02  3.61916102E-04  2.09035718E-07  4.68034541E-01  5.58720976E-03  5.28849300E-01 -2.74030835E-01 -2.71427327E-01  0.00000000E+00
     161  1.71605502E-02  3.44925568E-04  1.92037857E-07  4.61959683E-01  5.29664135E-03  5.21433950E-01 -2.74085604E-01 -2.71470505E-01  0.00000000E+00
     171  1.77773985E-02  3.70518904E-04  2.22069419E-07  4.60803879E-01  5.72106938E-03  6.11500776E-01 -2.74544348E-01 -2.71934418E-01  0.00000000E+00
     181  1.74968240E-02  3.58275680E-04  2.08424299E-07  4.58756822E-01  5.47470565E-03  6.06786667E-01 -2.74375395E-01 -2.71757918E-01  0.00000000E+00
     191  1.76404781E-02  3.66211535E-04  2.21750188E-07  4.48838717E-01  5.77798929E-03  5.83601006E-01 -2.74268592E-01 -2.71664183E-01  0.00000000E+00
     201  1.73415839E-02  3.55850272E-04  2.12840619E-07  4.39728340E-01  5.78793027E-03  5.54745087E-01 -2.74216554E-01 -2.71603903E-01  0.00000000E+00
     211  1.77334863E-02  3.71901876E-04  2.29979751E-07  4.45742463E-01  6.03003313E-03  5.61708994E-01 -2.74317840E-01 -2.71715241E-01  0.00000000E+00
     221  1.77216376E-02  3.71593274E-04  2.29839659E-07  4.45159665E-01  6.04174110E-03  6.34225280E-01 -2.74565741E-01 -2.71963000E-01  0.00000000E+00
     231  1.81377724E-02  3.87215874E-04  2.46094924E-07  4.52889442E-01  6.11527175E-03  6.28566212E-01 -2.74631621E-01 -2.72036250E-01  0.00000000E+00
     241  1.81100530E-02  3.84130573E-04  2.41107434E-07  4.55332331E-01  5.89680267E-03  6.45873930E-01 -2.74309026E-01 -2.71698474E-01  0.00000000E+00
     251  1.83187581E-02  3.89800079E-04  2.42496400E-07  4.68014011E-01  5.69378591E-03  6.12124435E-01 -2.74254553E-01 -2.71647284E-01  0.00000000E+00
     261  1.80215264E-02  3.78619705E-04  2.30506281E-07  4.64011978E-01  5.65399982E-03  5.95096057E-01 -2.74313663E-01 -2.71699228E-01  0.00000000E+00
     271  1.76985726E-02  3.67393811E-04  2.20043076E-07  4.56596063E-01  5.68655696E-03  5.92513119E-01 -2.74226438E-01 -2.71622669E-01  0.00000000E+00
     281  1.77085896E-02  3.69465649E-04  2.25583161E-07  4.49145006E-01  5.86687025E-03  5.77654536E-01 -2.74360170E-01 -2.71737389E-01  0.00000000E+00
     291  1.77139460E-02  3.68434748E-04  2.21379250E-07  4.56381170E-01  5.73869537E-03  5.68712841E-01 -2.74396550E-01 -2.71779287E-01  0.00000000E+00
     301  1.77078432E-02  3.68578615E-04  2.21247833E-07  4.57127924E-01  5.77650172E-03  5.56696448E-01 -2.74372460E-01 -2.71749146E-01  0.00000000E+00
     311  1.78074376E-02  3.71032757E-04  2.21737228E-07  4.63100683E-01  5.66278202E-03  5.54302567E-01 -2.74599441E-01 -2.71984128E-01  0.00000000E+00
     321  1.78125050E-02  3.69964876E-04  2.18009982E-07  4.69073828E-01  5.53169366E-03  5.57279543E-01 -2.74751959E-01 -2.72136714E-01  0.00000000E+00
     331  1.76785943E-02  3.64275372E-04  2.11552708E-07  4.68580223E-01  5.43331676E-03  5.56078133E-01 -2.74827059E-01 -2.72213702E-01  0.00000000E+00
     341  1.78435492E-02  3.69790072E-04  2.14781006E-07  4.76442818E-01  5.39710513E-03  5.46510457E-01 -2.74949413E-01 -2.72332440E-01  0.00000000E+00
     351  1.79165779E-02  3.70603916E-04  2.12576791E-07  4.84089243E-01  5.20833786E-03  5.28069250E-01 -2.74956997E-01 -2.72333123E-01  0.00000000E+00
     361  1.79100366E-02  3.70547921E-04  2.12408847E-07  4.84341021E-01  5.22706652E-03  5.35533126E-01 -2.74921419E-01 -2.72304328E-01  0.00000000E+00
     371  1.79081607E-02  3.70973704E-04  2.13522201E-07  4.82827373E-01  5.27883204E-03  5.17204734E-01 -2.74899279E-01 -2.72281647E-01  0.00000000E+00
     381  1.77021915E-02  3.62798203E-04  2.05747066E-07  4.78946712E-01  5.19053573E-03  5.09740909E-01 -2.74768315E-01 -2.72134267E-01  0.00000000E+00
     391  1.77149484E-02  3.62837052E-04  2.04675684E-07  4.81770971E-01  5.14717167E-03  5.15253558E-01 -2.74769862E-01 -2.72128975E-01  0.00000000E+00
     401  1.76212560E-02  3.59130828E-04  2.01491294E-07  4.79249546E-01  5.10564288E-03  4.94994283E-01 -2.74822935E-01 -2.72187571E-01  0.00000000E+00
     411  1.76990886E-02  3.64020366E-04  2.13997756E-07  4.61684852E-01  5.33040528E-03  4.91213424E-01 -2.74833852E-01 -2.72196800E-01  0.00000000E+00
     421  1.76516194E-02  3.64139183E-04  2.19543187E-07  4.48095567E-01  5.51909038E-03  4.85611272E-01 -2.74814706E-01 -2.72181707E-01  0.00000000E+00
     431  1.77979884E-02  3.69359374E-04  2.23525110E-07  4.53856446E-01  5.52239447E-03  4.80717628E-01 -2.74870943E-01 -2.72236722E-01  0.00000000E+00
     441  1.77333027E-02  3.66441661E-04  2.19899306E-07  4.54125361E-01  5.45735905E-03  4.70266390E-01 -2.74855124E-01 -2.72216743E-01  0.00000000E+00
     451  1.76927779E-02  3.64577150E-04  2.17060663E-07  4.55646551E-01  5.41232411E-03  4.61891384E-01 -2.74928746E-01 -2.72285122E-01  0.00000000E+00
     461  1.76904258E-02  3.64580295E-04  2.16642958E-07  4.56703461E-01  5.42139344E-03  4.51918159E-01 -2.74909143E-01 -2.72263192E-01  0.00000000E+00
     471  1.77118010E-02  3.66042607E-04  2.18554532E-07  4.56280032E-01  5.49548428E-03  4.45414330E-01 -2.75047576E-01 -2.72402060E-01  0.00000000E+00
     481  1.76994723E-02  3.64870341E-04  2.16222498E-07  4.58619634E-01  5.41823192E-03  4.32868250E-01 -2.74982457E-01 -2.72338827E-01  0.00000000E+00
     491  1.76063871E-02  3.62119895E-04  2.13389860E-07  4.57564942E-01  5.47451615E-03  4.21408212E-01 -2.75041580E-01 -2.72396560E-01  0.00000000E+00
     501  1.76334835E-02  3.62744114E-04  2.13568251E-07  4.58978298E-01  5.43979532E-03  4.17568496E-01 -2.75075178E-01 -2.72430136E-01  0.00000000E+00
     511  1.76506487E-02  3.63388360E-04  2.14457895E-07  4.58649229E-01  5.44384711E-03  4.20073216E-01 -2.75136966E-01 -2.72488619E-01  0.00000000E+00
     521  1.75429522E-02  3.60068423E-04  2.11948405E-07  4.55072374E-01  5.49323062E-03  4.41661375E-01 -2.75310429E-01 -2.72664847E-01  0.00000000E+00
     531  1.75272980E-02  3.58185177E-04  2.08434898E-07  4.58455735E-01  5.35312590E-03  4.32646653E-01 -2.75324350E-01 -2.72673434E-01  0.00000000E+00
     541  1.74982099E-02  3.56837075E-04  2.06891404E-07  4.58396765E-01  5.31854995E-03  4.20510465E-01 -2.75325561E-01 -2.72672756E-01  0.00000000E+00
     551  1.75267480E-02  3.61176261E-04  2.19937575E-07  4.37995513E-01  5.66923358E-03  4.24118183E-01 -2.75392195E-01 -2.72740573E-01  0.00000000E+00
     561  1.75036455E-02  3.59258093E-04  2.16419204E-07  4.41064854E-01  5.55279420E-03  4.19801437E-01 -2.75291756E-01 -2.72641921E-01  0.00000000E+00
     571  1.76385486E-02  3.63567718E-04  2.18577063E-07  4.48795567E-01  5.50751900E-03  4.17529352E-01 -2.75172471E-01 -2.72523856E-01  0.00000000E+00
     581  1.76235024E-02  3.62365991E-04  2.16631701E-07  4.50071922E-01  5.43704230E-03  4.15111098E-01 -2.75191290E-01 -2.72544283E-01  0.00000000E+00
     591  1.75477030E-02  3.60781622E-04  2.16199958E-07  4.46336955E-01  5.55061591E-03  4.14067489E-01 -2.75142176E-01 -2.72495235E-01  0.00000000E+00
     601  1.75684853E-02  3.61830289E-04  2.17198099E-07  4.47000259E-01  5.58409933E-03  4.23519888E-01 -2.75199188E-01 -2.72548235E-01  0.00000000E+00
     611  1.75577034E-02  3.60781527E-04  2.15168587E-07  4.48977886E-01  5.51374158E-03  4.25013488E-01 -2.75158829E-01 -2.72503639E-01  0.00000000E+00
     621  1.76727492E-02  3.63966715E-04  2.15725769E-07  4.57178010E-01  5.42260330E-03  4.33670661E-01 -2.75185138E-01 -2.72526901E-01  0.00000000E+00
     631  1.76281080E-02  3.62773386E-04  2.14903464E-07  4.55683719E-01  5.46277295E-03  4.37023162E-01 -2.75202881E-01 -2.72545728E-01  0.00000000E+00
     641  1.75976715E-02  3.61334490E-04  2.12530877E-07  4.57397306E-01  5.42426217E-03  4.37960363E-01 -2.75205773E-01 -2.72550606E-01  0.00000000E+00
     651  1.77803017E-02  3.71511853E-04  2.32906922E-07  4.37508723E-01  5.81449531E-03  4.51074790E-01 -2.75241672E-01 -2.72583725E-01  0.00000000E+00
     661  1.77392293E-02  3.69611344E-04  2.30669422E-07  4.37168768E-01  5.76812043E-03  4.43803852E-01 -2.75263069E-01 -2.72603083E-01  0.00000000E+00
     671  1.76872997E-02  3.67104072E-04  2.27203955E-07  4.38025991E-01  5.69801981E-03  4.45318837E-01 -2.75273848E-01 -2.72609559E-01  0.00000000E+00
     681  1.77755472E-02  3.69378941E-04  2.27142379E-07  4.45077094E-01  5.60827709E-03  4.50202794E-01 -2.75190236E-01 -2.72524305E-01  0.00000000E+00
     691  1.77513582E-02  3.67975950E-04  2.24850656E-07  4.46479086E-01  5.55119239E-03  4.65087808E-01 -2.75155626E-01 -2.72491936E-01  0.00000000E+00
     701  1.77330605E-02  3.67787131E-04  2.27027859E-07  4.40545409E-01  5.59954421E-03  4.64363584E-01 -2.75104872E-01 -2.72441877E-01  0.00000000E+00
     711  1.76941099E-02  3.67038683E-04  2.27014686E-07  4.38294054E-01  5.66585166E-03  4.61192407E-01 -2.75080990E-01 -2.72419814E-01  0.00000000E+00
     721  1.75664427E-02  3.62626527E-04  2.22670825E-07  4.35553321E-01  5.67524569E-03  4.61163083E-01 -2.75160268E-01 -2.72503410E-01  0.00000000E+00
     731  1.76746479E-02  3.66068097E-04  2.24214682E-07  4.42276391E-01  5.63621475E-03  4.62051275E-01 -2.75204013E-01 -2.72549152E-01  0.00000000E+00
     741  1.77529769E-02  3.69252489E-04  2.26884355E-07  4.45327760E-01  5.67920255E-03  4.58133483E-01 -2.75182253E-01 -2.72528129E-01  0.00000000E+00
     751  1.76677281E-02  3.66315743E-04  2.23776108E-07  4.44119688E-01  5.68789981E-03  4.51318619E-01 -2.75163504E-01 -2.72507779E-01  0.00000000E+00
     761  1.76984343E-02  3.68640242E-04  2.27097079E-07  4.42962016E-01  5.81795445E-03  4.49004794E-01 -2.75150264E-01 -2.72492612E-01  0.00000000E+00
     771  1.77234810E-02  3.70125068E-04  2.29908359E-07  4.40581909E-01  5.88070859E-03  4.52114580E-01 -2.75145600E-01 -2.72488676E-01  0.00000000E+00
     781  1.76789166E-02  3.68987014E-04  2.29340589E-07  4.38515845E-01  5.92687299E-03  4.46667479E-01 -2.75109058E-01 -2.72453812E-01  0.00000000E+00
     791  1.75964613E-02  3.67062592E-04  2.28321762E-07  4.35133528E-01  6.03022242E-03  4.46737834E-01 -2.75079750E-01 -2.72427696E-01  0.00000000E+00
     801  1.75944216E-02  3.67260541E-04  2.28702152E-07  4.34802208E-01  6.05854577E-03  4.46225284E-01 -2.75096304E-01 -2.72447241E-01  0.00000000E+00
     811  1.76595927E-02  3.69503208E-04  2.30027915E-07  4.38405480E-01  6.05278346E-03  4.48409855E-01 -2.75089178E-01 -2.72437936E-01  0.00000000E+00
     821  1.77343476E-02  3.72265272E-04  2.32921035E-07  4.39749298E-01  6.06498457E-03  4.45726547E-01 -2.75087692E-01 -2.72436258E-01  0.00000000E+00
     831  1.76725566E-02  3.69272402E-04  2.29311626E-07  4.39454184E-01  5.98044971E-03  4.41282217E-01 -2.75063596E-01 -2.72414705E-01  0.00000000E+00
     841  1.76937477E-02  3.69423040E-04  2.28449757E-07  4.42016327E-01  5.91757065E-03  4.44650786E-01 -2.75059738E-01 -2.72410860E-01  0.00000000E+00
     851  1.77840254E-02  3.72764477E-04  2.31702015E-07  4.44173155E-01  5.93212299E-03  4.48352084E-01 -2.75083578E-01 -2.72434203E-01  0.00000000E+00
     861  1.77553786E-02  3.71152574E-04  2.29225130E-07  4.45328284E-01  5.86976856E-03  4.45067203E-01 -2.75074862E-01 -2.72428278E-01  0.00000000E+00
     871  1.77342253E-02  3.69563454E-04  2.26577455E-07  4.47009840E-01  5.78173164E-03  4.46600478E-01 -2.74995495E-01 -2.72350030E-01  0.00000000E+00
     881  1.77920279E-02  3.72593222E-04  2.30498823E-07  4.46551065E-01  5.88424515E-03  4.42423953E-01 -2.74995115E-01 -2.72347989E-01  0.00000000E+00
     891  1.78095316E-02  3.72536386E-04  2.29070578E-07  4.49812571E-01  5.81284112E-03  4.37565935E-01 -2.74983803E-01 -2.72338945E-01  0.00000000E+00
     901  1.77714223E-02  3.70647238E-04  2.26449927E-07  4.50548462E-01  5.75685337E-03  4.38438853E-01 -2.74957402E-01 -2.72316421E-01  0.00000000E+00
     911  1.77626677E-02  3.70679619E-04  2.26452556E-07  4.50638077E-01  5.79291973E-03  4.34806585E-01 -2.74995152E-01 -2.72350423E-01  0.00000000E+00
     921  1.76914986E-02  3.68230201E-04  2.23928008E-07  4.49511372E-01  5.80067153E-03  4.32824258E-01 -2.75007693E-01 -2.72361410E-01  0.00000000E+00
     931  1.77232206E-02  3.69172165E-04  2.24176409E-07  4.51709457E-01  5.78161706E-03  4.36296500E-01 -2.75033151E-01 -2.72387105E-01  0.00000000E+00
     941  1.77391793E-02  3.69277482E-04  2.23370518E-07  4.53992077E-01  5.73324941E-03  4.35659411E-01 -2.75048248E-01 -2.72403099E-01  0.00000000E+00
     951  1.77496665E-02  3.69737171E-04  2.23734909E-07  4.54460417E-01  5.74243828E-03  4.32021667E-01 -2.75012409E-01 -2.72372962E-01  0.00000000E+00
     961  1.76875822E-02  3.67392943E-04  2.21166940E-07  4.53818063E-01  5.72730366E-03  4.31098737E-01 -2.75041045E-01 -2.72397274E-01  0.00000000E+00
     971  1.76721345E-02  3.66186395E-04  2.19034515E-07  4.55513784E-01  5.65796569E-03  4.26476416E-01 -2.75055331E-01 -2.72410940E-01  0.00000000E+00
     981  1.76238429E-02  3.64341552E-04  2.17230839E-07  4.54514997E-01  5.64322875E-03  4.31233095E-01 -2.75026772E-01 -2.72383357E-01  0.00000000E+00
     991  1.75905441E-02  3.62942074E-04  2.15786451E-07  4.53955189E-01  5.61940467E-03  4.28103936E-01 -2.75046180E-01 -2.72403435E-01  0.00000000E+00
    1001  1.76616414E-02  3.66586342E-04  2.21581317E-07  4.50384054E-01  5.73889478E-03  4.41809520E-01 -2.75056290E-01 -2.72413905E-01  0.00000000E+00
    1011  1.76261883E-02  3.65483161E-04  2.20495837E-07  4.49769838E-01  5.75442347E-03  4.41425565E-01 -2.75007827E-01 -2.72365381E-01  0.00000000E+00
    1021  1.76247997E-02  3.65216376E-04  2.19591759E-07  4.51225027E-01  5.73154943E-03  4.43471115E-01 -2.74954875E-01 -2.72314276E-01  0.00000000E+00
    1031  1.75682956E-02  3.63166306E-04  2.17427228E-07  4.50482436E-01  5.72508977E-03  4.44637265E-01 -2.74913884E-01 -2.72271156E-01  0.00000000E+00
    1041  1.76159031E-02  3.64245282E-04  2.17208443E-07  4.54282880E-01  5.66250013E-03  4.43114967E-01 -2.74916827E-01 -2.72275903E-01  0.00000000E+00
    1051  1.75579376E-02  3.62050766E-04  2.14888369E-07  4.53547127E-01  5.64615621E-03  4.42861676E-01 -2.74885376E-01 -2.72243300E-01  0.00000000E+00
    1061  1.75067572E-02  3.60052625E-04  2.12907764E-07  4.52557789E-01  5.62478566E-03  4.39619105E-01 -2.74924742E-01 -2.72286920E-01  0.00000000E+00
    1071  1.74515342E-02  3.57780560E-04  2.10398136E-07  4.52117845E-01  5.58891934E-03  4.41558026E-01 -2.74868779E-01 -2.72230651E-01  0.00000000E+00
    1081  1.73955987E-02  3.56166162E-04  2.08895069E-07  4.51089394E-01  5.62407475E-03  4.40658815E-01 -2.74869369E-01 -2.72229889E-01  0.00000000E+00
    1091  1.73748498E-02  3.55563220E-04  2.08686681E-07  4.49775637E-01  5.63651873E-03  4.37794727E-01 -2.74877366E-01 -2.72236990E-01  0.00000000E+00
    1101  1.74433431E-02  3.58090424E-04  2.10894334E-07  4.51775749E-01  5.65147068E-03  4.42479930E-01 -2.74840841E-01 -2.72199691E-01  0.00000000E+00
    1111  1.74893993E-02  3.60281342E-04  2.13394887E-07  4.52001702E-01  5.71258972E-03  4.40536133E-01 -2.74879157E-01 -2.72235990E-01  0.00000000E+00
    1121  1.74954492E-02  3.60568721E-04  2.13562577E-07  4.52444938E-01  5.72054107E-03  4.39324129E-01 -2.74836304E-01 -2.72194005E-01  0.00000000E+00
    1131  1.74846393E-02  3.59882318E-04  2.12479948E-07  4.53140606E-01  5.68817056E-03  4.36753899E-01 -2.74868672E-01 -2.72226315E-01  0.00000000E+00
    1141  1.74276950E-02  3.58102901E-04  2.11081823E-07  4.51326604E-01  5.71007940E-03  4.35861238E-01 -2.74879299E-01 -2.72239362E-01  0.00000000E+00
    1151  1.74898891E-02  3.60225553E-04  2.12821706E-07  4.53304331E-01  5.70493221E-03  4.38132505E-01 -2.74861817E-01 -2.72223096E-01  0.00000000E+00
    1161  1.75263497E-02  3.62048775E-04  2.15722889E-07  4.51418942E-01  5.76231940E-03  4.34589437E-01 -2.74859679E-01 -2.72221085E-01  0.00000000E+00
    1171  1.75520740E-02  3.62600778E-04  2.15468310E-07  4.53733349E-01  5.72552876E-03  4.34396482E-01 -2.74906715E-01 -2.72269980E-01  0.00000000E+00
    1181  1.75553539E-02  3.62242828E-04  2.14330681E-07  4.55543111E-01  5.67585022E-03  4.32572684E-01 -2.74905486E-01 -2.72270443E-01  0.00000000E+00
    1191  1.75456355E-02  3.61839631E-04  2.13850124E-07  4.55552527E-01  5.66933238E-03  4.28196356E-01 -2.74874286E-01 -2.72237710E-01  0.00000000E+00
    1201  1.76306337E-02  3.65642261E-04  2.19187250E-07  4.53511205E-01  5.75467218E-03  4.25812674E-01 -2.74896513E-01 -2.72256835E-01  0.00000000E+00
    1211  1.75974559E-02  3.64925833E-04  2.18751292E-07  4.52454573E-01  5.80217339E-03  4.31982056E-01 -2.74923214E-01 -2.72286397E-01  0.00000000E+00
    1221  1.75212255E-02  3.63127582E-04  2.19134540E-07  4.46049313E-01  5.89445920E-03  4.32220074E-01 -2.74890795E-01 -2.72255786E-01  0.00000000E+00
    1231  1.74663043E-02  3.61170712E-04  2.17241827E-07  4.44866878E-01  5.89075109E-03  4.29421590E-01 -2.74900873E-01 -2.72265525E-01  0.00000000E+00
    1241  1.73995631E-02  3.58846270E-04  2.15097167E-07  4.43203413E-01  5.89101883E-03  4.30215016E-01 -2.74913825E-01 -2.72279831E-01  0.00000000E+00
    1251  1.74188199E-02  3.59819064E-04  2.16744679E-07  4.41968325E-01  5.92276274E-03  4.32181032E-01 -2.74889970E-01 -2.72254670E-01  0.00000000E+00
    1261  1.74267989E-02  3.59479341E-04  2.15406016E-07  4.44366147E-01  5.85789428E-03  4.29751781E-01 -2.74873352E-01 -2.72240270E-01  0.00000000E+00
    1271  1.74348040E-02  3.59292823E-04  2.14421899E-07  4.46330247E-01  5.80900453E-03  4.28146809E-01 -2.74875714E-01 -2.72243626E-01  0.00000000E+00
    1281  1.74057707E-02  3.58600021E-04  2.14352140E-07  4.44369665E-01  5.84247339E-03  4.27905676E-01 -2.74909235E-01 -2.72277989E-01  0.00000000E+00
    1291  1.73760716E-02  3.57608192E-04  2.13221744E-07  4.44229719E-01  5.84679548E-03  4.28807269E-01 -2.74897861E-01 -2.72268406E-01  0.00000000E+00
    1301  1.73063170E-02  3.54909257E-04  2.10697853E-07  4.42423833E-01  5.81742748E-03  4.25948155E-01 -2.74887688E-01 -2.72260020E-01  0.00000000E+00
    1311  1.73121366E-02  3.55046548E-04  2.11085316E-07  4.41830400E-01  5.81068898E-03  4.24648879E-01 -2.74902747E-01 -2.72277139E-01  0.00000000E+00
    1321  1.73088952E-02  3.54606433E-04  2.10276719E-07  4.42587484E-01  5.77625803E-03  4.30493296E-01 -2.74905903E-01 -2.72281949E-01  0.00000000E+00
    1331  1.73161493E-02  3.54958533E-04  2.10752467E-07  4.42434143E-01  5.78685563E-03  4.36270533E-01 -2.74952514E-01 -2.72328186E-01  0.00000000E+00
    1341  1.73454962E-02  3.56033784E-04  2.11899560E-07  4.42780406E-01  5.79295040E-03  4.38892836E-01 -2.74930449E-01 -2.72307287E-01  0.00000000E+00
    1351  1.74357551E-02  3.60055116E-04  2.17392684E-07  4.41033606E-01  5.88556758E-03  4.38519562E-01 -2.74939091E-01 -2.72315504E-01  0.00000000E+00
    1361  1.74384583E-02  3.60645396E-04  2.18694406E-07  4.39525787E-01  5.93765162E-03  4.40185042E-01 -2.74975134E-01 -2.72354176E-01  0.00000000E+00
    1371  1.74591525E-02  3.61192626E-04  2.18668117E-07  4.41289979E-01  5.91928090E-03  4.35869390E-01 -2.74972443E-01 -2.72350903E-01  0.00000000E+00
    1381  1.74444807E-02  3.60368821E-04  2.17526656E-07  4.41662482E-01  5.88654978E-03  4.35610656E-01 -2.74961849E-01 -2.72337437E-01  0.00000000E+00
    1391  1.74291439E-02  3.59427221E-04  2.15928736E-07  4.42856257E-01  5.84383843E-03  4.35090749E-01 -2.74974791E-01 -2.72350666E-01  0.00000000E+00
    1401  1.74028846E-02  3.58687773E-04  2.15749531E-07  4.41021041E-01  5.86223733E-03  4.36623701E-01 -2.74971046E-01 -2.72348574E-01  0.00000000E+00
    1411  1.74610815E-02  3.60966383E-04  2.18397478E-07  4.41281760E-01  5.88845045E-03  4.36370639E-01 -2.74958615E-01 -2.72336768E-01  0.00000000E+00
    1421  1.74860153E-02  3.61656171E-04  2.18754703E-07  4.42500627E-01  5.86938393E-03  4.33138844E-01 -2.74948684E-01 -2.72325371E-01  0.00000000E+00
    1431  1.75183027E-02  3.63398513E-04  2.22053795E-07  4.39506408E-01  5.93366289E-03  4.32128410E-01 -2.74974399E-01 -2.72350708E-01  0.00000000E+00
    1441  1.74712650E-02  3.61801497E-04  2.20524560E-07  4.38441520E-01  5.93878874E-03  4.29044089E-01 -2.74974087E-01 -2.72349892E-01  0.00000000E+00
    1451  1.75107811E-02  3.63183942E-04  2.21927933E-07  4.39161993E-01  5.93879826E-03  4.25068699E-01 -2.74957515E-01 -2.72334799E-01  0.00000000E+00
    1461  1.75225190E-02  3.63793778E-04  2.22716490E-07  4.39054610E-01  5.95965430E-03  4.25887628E-01 -2.74947173E-01 -2.72323451E-01  0.00000000E+00
    1471  1.75121688E-02  3.63147356E-04  2.21636492E-07  4.39785638E-01  5.92985309E-03  4.27162634E-01 -2.74982757E-01 -2.72360998E-01  0.00000000E+00
    1481  1.75600252E-02  3.64993918E-04  2.23534001E-07  4.40691936E-01  5.94750804E-03  4.26962353E-01 -2.74966762E-01 -2.72345292E-01  0.00000000E+00
    1491  1.75335860E-02  3.63599932E-04  2.21680215E-07  4.41069135E-01  5.89856044E-03  4.24562609E-01 -2.74961697E-01 -2.72339541E-01  0.00000000E+00
    1501  1.75209386E-02  3.62817907E-04  2.20515657E-07  4.41605992E-01  5.86299724E-03  4.29255406E-01 -2.74975223E-01 -2.72351896E-01  0.00000000E+00
    1511  1.75284998E-02  3.63072409E-04  2.20682576E-07  4.41966467E-01  5.86189318E-03  4.28718163E-01 -2.74981826E-01 -2.72358723E-01  0.00000000E+00
    1521  1.74623096E-02  3.60653062E-04  2.18402469E-07  4.40297763E-01  5.85104625E-03  4.25178638E-01 -2.74984672E-01 -2.72361821E-01  0.00000000E+00
    1531  1.74472032E-02  3.59988162E-04  2.17649943E-07  4.40163947E-01  5.83660329E-03  4.25212222E-01 -2.74951519E-01 -2.72326607E-01  0.00000000E+00
    1541  1.74379109E-02  3.59435430E-04  2.16842282E-07  4.40524662E-01  5.81260192E-03  4.25796529E-01 -2.74993219E-01 -2.72368428E-01  0.00000000E+00
    1551  1.74373836E-02  3.59285751E-04  2.16431243E-07  4.41119814E-01  5.79881574E-03  4.27282776E-01 -2.75017490E-01 -2.72394513E-01  0.00000000E+00
    1561  1.74335521E-02  3.58917352E-04  2.15492587E-07  4.42400763E-01  5.77416125E-03  4.28533568E-01 -2.75011847E-01 -2.72388628E-01  0.00000000E+00
    1571  1.73728684E-02  3.56693194E-04  2.13405462E-07  4.40893384E-01  5.76240295E-03  4.25416726E-01 -2.74983874E-01 -2.72360597E-01  0.00000000E+00
    1581  1.73758768E-02  3.56958307E-04  2.13850873E-07  4.40558363E-01  5.77926457E-03  4.23468310E-01 -2.75004010E-01 -2.72380031E-01  0.00000000E+00
    1591  1.73924554E-02  3.57904393E-04  2.15725388E-07  4.38634205E-01  5.81808275E-03  4.22711620E-01 -2.75017903E-01 -2.72394665E-01  0.00000000E+00
    1601  1.74097106E-02  3.58395354E-04  2.16125760E-07  4.39132163E-01  5.80657869E-03  4.19998798E-01 -2.75026166E-01 -2.72402131E-01  0.00000000E+00
    1611  1.74260190E-02  3.58651481E-04  2.15659263E-07  4.41141828E-01  5.77381758E-03  4.18890175E-01 -2.75016320E-01 -2.72391484E-01  0.00000000E+00
    1621  1.74294758E-02  3.58980050E-04  2.16523873E-07  4.39927945E-01  5.79566766E-03  4.19113078E-01 -2.75003875E-01 -2.72378812E-01  0.00000000E+00
    1631  1.74333107E-02  3.58663736E-04  2.15502016E-07  4.41587479E-01  5.74841381E-03  4.18289489E-01 -2.75006768E-01 -2.72382471E-01  0.00000000E+00
    1641  1.73952100E-02  3.57511789E-04  2.14683275E-07  4.40118365E-01  5.76679455E-03  4.17262401E-01 -2.74990659E-01 -2.72366101E-01  0.00000000E+00
    1651  1.74190142E-02  3.58180352E-04  2.14893028E-07  4.41661531E-01  5.74997642E-03  4.14628091E-01 -2.74977459E-01 -2.72353936E-01  0.00000000E+00
    1661  1.73989744E-02  3.57292040E-04  2.13806772E-07  4.41718135E-01  5.72996585E-03  4.11893022E-01 -2.74953805E-01 -2.72330262E-01  0.00000000E+00
    1671  1.74304372E-02  3.58413246E-04  2.14602088E-07  4.43141842E-01  5.73263031E-03  4.11591872E-01 -2.74946954E-01 -2.72322074E-01  0.00000000E+00
    1681  1.74142343E-02  3.58374064E-04  2.15656565E-07  4.40283274E-01  5.78780086E-03  4.14444461E-01 -2.74938530E-01 -2.72313594E-01  0.00000000E+00
    1691  1.74445723E-02  3.60068612E-04  2.18985760E-07  4.36979650E-01  5.85469003E-03  4.12381446E-01 -2.74944387E-01 -2.72318204E-01  0.00000000E+00
    1701  1.74629188E-02  3.61196561E-04  2.20344114E-07  4.37019976E-01  5.90588293E-03  4.14068944E-01 -2.74953171E-01 -2.72326959E-01  0.00000000E+00
    1711  1.74300870E-02  3.60094449E-04  2.19615649E-07  4.35441206E-01  5.91044953E-03  4.13881140E-01 -2.74946690E-01 -2.72320584E-01  0.00000000E+00
    1721  1.74667452E-02  3.61089976E-04  2.19797124E-07  4.38085957E-01  5.88065613E-03  4.12673942E-01 -2.74977694E-01 -2.72351471E-01  0.00000000E+00
    1731  1.74904275E-02  3.61722847E-04  2.19905597E-07  4.39774144E-01  5.86018041E-03  4.13657010E-01 -2.74989909E-01 -2.72367282E-01  0.00000000E+00
    1741  1.74851380E-02  3.62103680E-04  2.21492635E-07  4.36917332E-01  5.91959691E-03  4.11187436E-01 -2.74976070E-01 -2.72352077E-01  0.00000000E+00
    1751  1.74946000E-02  3.62530047E-04  2.21830581E-07  4.37383912E-01  5.92961332E-03  4.11093422E-01 -2.74950566E-01 -2.72326842E-01  0.00000000E+00
    1761  1.74584724E-02  3.61351412E-04  2.20702124E-07  4.36588452E-01  5.93844823E-03  4.09951556E-01 -2.74953777E-01 -2.72331310E-01  0.00000000E+00
    1771  1.74712611E-02  3.61752482E-04  2.20734290E-07  4.37755119E-01  5.93365597E-03  4.11725679E-01 -2.74949040E-01 -2.72326006E-01  0.00000000E+00
    1781  1.74660653E-02  3.61605855E-04  2.20362477E-07  4.38246894E-01  5.93732082E-03  4.13136181E-01 -2.74920401E-01 -2.72298188E-01  0.00000000E+00
    1791  1.74531203E-02  3.61316975E-04  2.19973093E-07  4.38342483E-01  5.95445249E-03  4.17978790E-01 -2.74907884E-01 -2.72285908E-01  0.00000000E+00
    1801  1.74415335E-02  3.61497928E-04  2.20976189E-07  4.36345990E-01  6.01590974E-03  4.16118240E-01 -2.74922499E-01 -2.72300623E-01  0.00000000E+00
    1811  1.74408942E-02  3.61186281E-04  2.20224019E-07  4.37294787E-01  5.98552640E-03  4.15579259E-01 -2.74907383E-01 -2.72287045E-01  0.00000000E+00
    1821  1.74782617E-02  3.62489917E-04  2.21259430E-07  4.38708233E-01  5.98539982E-03  4.18023744E-01 -2.74915344E-01 -2.72294129E-01  0.00000000E+00
    1831  1.75012939E-02  3.63102923E-04  2.21536920E-07  4.39900262E-01  5.96517009E-03  4.19785982E-01 -2.74912031E-01 -2.72292051E-01  0.00000000E+00
    1841  1.74721221E-02  3.61927672E-04  2.20238200E-07  4.39561689E-01  5.94889267E-03  4.18006153E-01 -2.74915967E-01 -2.72296097E-01  0.00000000E+00
    1851  1.74185533E-02  3.60137926E-04  2.18805504E-07  4.37659620E-01  5.95722050E-03  4.16521013E-01 -2.74927888E-01 -2.72309323E-01  0.00000000E+00
    1861  1.74230377E-02  3.60079824E-04  2.18341154E-07  4.38671916E-01  5.93471287E-03  4.16448694E-01 -2.74937076E-01 -2.72317861E-01  0.00000000E+00
    1871  1.74236003E-02  3.59690094E-04  2.17335965E-07  4.40044660E-01  5.89172997E-03  4.13706069E-01 -2.74939681E-01 -2.72319958E-01  0.00000000E+00
    1881  1.74684946E-02  3.62415394E-04  2.23194625E-07  4.33566144E-01  6.01341618E-03  4.12266631E-01 -2.74945175E-01 -2.72325801E-01  0.00000000E+00
    1891  1.74094999E-02  3.60297561E-04  2.21290627E-07  4.31776592E-01  6.00709308E-03  4.12135987E-01 -2.74928586E-01 -2.72309258E-01  0.00000000E+00
    1901  1.73987245E-02  3.59902177E-04  2.20718755E-07  4.31999083E-01  6.00495998E-03  4.12299413E-01 -2.74922423E-01 -2.72302990E-01  0.00000000E+00
    1911  1.73981917E-02  3.59874357E-04  2.20513606E-07  4.32439278E-01  6.00398577E-03  4.12826999E-01 -2.74912594E-01 -2.72291777E-01  0.00000000E+00
    1921  1.74010109E-02  3.60208933E-04  2.21708979E-07  4.30422179E-01  6.02881656E-03  4.12911323E-01 -2.74884294E-01 -2.72264567E-01  0.00000000E+00
    1931  1.73994742E-02  3.59767410E-04  2.20748178E-07  4.31497691E-01  5.98806932E-03  4.10591219E-01 -2.74896260E-01 -2.72274534E-01  0.00000000E+00
    1941  1.74130668E-02  3.59873182E-04  2.20209717E-07  4.33217730E-01  5.94948775E-03  4.10629207E-01 -2.74886376E-01 -2.72266344E-01  0.00000000E+00
    1951  1.73961348E-02  3.58845136E-04  2.18764827E-07  4.33705797E-01  5.90342584E-03  4.12026903E-01 -2.74874499E-01 -2.72253355E-01  0.00000000E+00
    1961  1.73654882E-02  3.57771052E-04  2.17684328E-07  4.33114286E-01  5.90250615E-03  4.09552260E-01 -2.74874473E-01 -2.72252771E-01  0.00000000E+00
    1971  1.73799006E-02  3.58160409E-04  2.17772713E-07  4.34116474E-01  5.89080775E-03  4.08135640E-01 -2.74877132E-01 -2.72255024E-01  0.00000000E+00
    1981  1.74569208E-02  3.61692064E-04  2.22531617E-07  4.32987662E-01  5.97990730E-03  4.06548806E-01 -2.74883823E-01 -2.72262909E-01  0.00000000E+00
    1991  1.74315534E-02  3.60858884E-04  2.21696231E-07  4.32504722E-01  5.98535209E-03  4.05758105E-01 -2.74859018E-01 -2.72237699E-01  0.00000000E+00
