#    iq    q_x        q_y      q_x          qw       Re(S_xx)        Re(S_yy)        Re(S_zz)         |S|      
      1 -0.450000 -0.450000 -0.450000        1    3.75840383E-09  2.99577625E-10  1.69736593E-09  4.13477898E-09
      2 -0.400000 -0.450000 -0.450000        1    8.15608526E-10  7.92137423E-11  9.07974918E-10  1.22307422E-09
      3 -0.350000 -0.450000 -0.450000        1    5.76804950E-10  1.84942911E-09  3.31831308E-10  1.96550350E-09
      4 -0.300000 -0.450000 -0.450000        1    4.25992975E-09  3.80324750E-09  6.04038785E-10  5.74252174E-09
      5 -0.250000 -0.450000 -0.450000        1    1.23490742E-09  1.25138242E-09  3.33477896E-09  3.76984151E-09
      6 -0.200000 -0.450000 -0.450000        1    1.10889447E-08  1.00084640E-09  2.03636302E-10  1.11358815E-08
      7 -0.150000 -0.450000 -0.450000        1    5.82864287E-10  3.44391028E-10  1.20583063E-10  6.87659969E-10
      8 -0.100000 -0.450000 -0.450000        1    2.94313874E-09  3.06136648E-10  7.86673420E-09  8.40483743E-09
      9 -0.050000 -0.450000 -0.450000        1    1.15361477E-09  1.44117129E-10  2.58079461E-09  2.83056489E-09
     10  0.000000 -0.450000 -0.450000        1    4.26172480E-09  1.76235487E-09  1.68800140E-09  4.91096138E-09
     11  0.050000 -0.450000 -0.450000        1    2.43969362E-09  8.31469407E-10  3.40958784E-09  4.27419414E-09
     12  0.100000 -0.450000 -0.450000        1    7.93299141E-10  7.91493228E-10  4.91153660E-09  5.03775514E-09
     13  0.150000 -0.450000 -0.450000        1    2.67729466E-09  2.59520212E-11  4.33382409E-10  2.71226852E-09
     14  0.200000 -0.450000 -0.450000        1    7.25926697E-09  6.70518315E-10  6.64820766E-10  7.32041928E-09
     15  0.250000 -0.450000 -0.450000        1    3.05401636E-10  1.52207469E-10  4.18507836E-09  4.19896632E-09
     16  0.300000 -0.450000 -0.450000        1    1.38711608E-08  9.93775725E-10  1.31214758E-08  1.91198802E-08
     17  0.350000 -0.450000 -0.450000        1    2.49791440E-09  4.50320951E-09  2.86640041E-09  5.89361719E-09
     18  0.400000 -0.450000 -0.450000        1    1.72553812E-09  2.10879513E-09  2.14868556E-10  2.73325213E-09
     19  0.450000 -0.450000 -0.450000        1    5.55278035E-10  1.10675061E-09  4.13409579E-09  4.31555079E-09
     20  0.500000 -0.450000 -0.450000        1    3.58364306E-09  2.05246941E-09  2.32042468E-09  4.73703483E-09
     21 -0.450000 -0.400000 -0.450000        1    5.15807096E-09  1.61964347E-09  5.88682250E-10  5.43833503E-09
     22 -0.400000 -0.400000 -0.450000        1    8.35954256E-11  1.02871872E-10  2.84618663E-09  2.84927169E-09
     23 -0.350000 -0.400000 -0.450000        1    7.07383373E-11  6.60809730E-09  2.03621142E-09  6.91506405E-09
     24 -0.300000 -0.400000 -0.450000        1    2.49969780E-09  2.96776679E-09  7.16695910E-09  8.14993445E-09
     25 -0.250000 -0.400000 -0.450000        1    1.17526128E-11  3.18707588E-09  7.62810000E-09  8.26713375E-09
     26 -0.200000 -0.400000 -0.450000        1    3.15210941E-09  1.60627172E-09  2.62301197E-10  3.54749270E-09
     27 -0.150000 -0.400000 -0.450000        1    6.25522910E-10  1.43290081E-10  4.19343218E-09  4.24224993E-09
     28 -0.100000 -0.400000 -0.450000        1    2.01767085E-11  5.66700508E-09  3.81449393E-09  6.83123104E-09
     29 -0.050000 -0.400000 -0.450000        1    3.66332834E-09  3.80055626E-09  4.33346842E-09  6.82957912E-09
     30  0.000000 -0.400000 -0.450000        1    1.14439684E-10  2.48318613E-09  4.27386036E-09  4.94420794E-09
     31  0.050000 -0.400000 -0.450000        1    2.28967488E-09  1.40690140E-09  1.02590415E-08  1.06051835E-08
     32  0.100000 -0.400000 -0.450000        1    1.13805765E-09  1.47872741E-08  8.38708921E-10  1.48546990E-08
     33  0.150000 -0.400000 -0.450000        1    3.78966948E-09  1.21173939E-09  1.79974707E-09  4.36680622E-09
     34  0.200000 -0.400000 -0.450000        1    7.09536865E-10  9.45449620E-10  7.30963567E-10  1.38982923E-09
     35  0.250000 -0.400000 -0.450000        1    3.78225641E-09  5.78921207E-09  2.30463169E-09  7.28915407E-09
     36  0.300000 -0.400000 -0.450000        1    1.44050480E-09  4.17195206E-09  1.17793467E-09  4.56812523E-09
     37  0.350000 -0.400000 -0.450000        1    2.19155686E-10  1.42520877E-09  2.73366682E-09  3.09066070E-09
     38  0.400000 -0.400000 -0.450000        1    1.01044795E-09  5.60712354E-09  2.66352897E-09  6.28929456E-09
     39  0.450000 -0.400000 -0.450000        1    2.99246190E-09  7.63954268E-10  6.66324864E-09  7.34420430E-09
     40  0.500000 -0.400000 -0.450000        1    1.88349242E-09  4.68654981E-09  9.41848873E-10  5.13793462E-09
     41 -0.450000 -0.350000 -0.450000        1    8.97366090E-10  4.12685630E-09  7.27084217E-10  4.28542417E-09
     42 -0.400000 -0.350000 -0.450000        1    6.36228912E-10  5.18812945E-09  1.76584095E-09  5.51721566E-09
     43 -0.350000 -0.350000 -0.450000        1    3.34045563E-09  5.30962219E-09  2.74615310E-09  6.84777982E-09
     44 -0.300000 -0.350000 -0.450000        1    3.78454711E-09  2.58509470E-09  6.39820647E-09  7.87035943E-09
     45 -0.250000 -0.350000 -0.450000        1    9.58616967E-10  2.12373112E-09  1.03151313E-10  2.33234229E-09
     46 -0.200000 -0.350000 -0.450000        1    5.85289296E-10  4.43551308E-09  2.88096202E-09  5.32130454E-09
     47 -0.150000 -0.350000 -0.450000        1    7.57902122E-09  1.06569239E-12  3.38860421E-09  8.30206012E-09
     48 -0.100000 -0.350000 -0.450000        1    4.03473728E-09  1.50645827E-10  4.25261936E-10  4.05988261E-09
     49 -0.050000 -0.350000 -0.450000        1    1.26528450E-09  2.69872690E-10  2.88689676E-09  3.16353427E-09
     50  0.000000 -0.350000 -0.450000        1    7.52927235E-09  3.10356247E-09  3.45776230E-10  8.15117190E-09
     51  0.050000 -0.350000 -0.450000        1    4.73258687E-09  6.41806472E-09  5.45931673E-09  9.66400913E-09
     52  0.100000 -0.350000 -0.450000        1    2.99624889E-09  1.40539762E-09  1.48842621E-09  3.62878250E-09
     53  0.150000 -0.350000 -0.450000        1    2.59285611E-09  2.90890632E-09  4.70516505E-10  3.92505090E-09
     54  0.200000 -0.350000 -0.450000        1    1.03113740E-09  5.21533948E-09  7.87663223E-09  9.50285986E-09
     55  0.250000 -0.350000 -0.450000        1    1.29578013E-09  2.65652858E-09  1.12957418E-09  3.16419469E-09
     56  0.300000 -0.350000 -0.450000        1    4.56071319E-10  3.92036562E-10  6.44952921E-11  6.04858130E-10
     57  0.350000 -0.350000 -0.450000        1    6.49390246E-10  1.78490915E-09  4.95396293E-11  1.90001646E-09
     58  0.400000 -0.350000 -0.450000        1    4.16128133E-09  4.77468342E-10  5.32221450E-09  6.77275465E-09
     59  0.450000 -0.350000 -0.450000        1    8.21701153E-10  2.68351471E-09  6.58263209E-10  2.88266447E-09
     60  0.500000 -0.350000 -0.450000        1    7.71915986E-10  4.42210765E-09  3.52486910E-10  4.50279218E-09
     61 -0.450000 -0.300000 -0.450000        1    6.06827392E-09  7.12790067E-10  2.77632300E-11  6.11005637E-09
     62 -0.400000 -0.300000 -0.450000        1    5.37527704E-10  4.18427151E-11  5.78180207E-10  7.90556258E-10
     63 -0.350000 -0.300000 -0.450000        1    3.48462962E-10  3.64149848E-09  1.19463670E-10  3.66008322E-09
     64 -0.300000 -0.300000 -0.450000        1    9.43258283E-09  3.69665026E-09  3.05482939E-09  1.05816267E-08
     65 -0.250000 -0.300000 -0.450000        1    1.09936778E-09  7.77910957E-10  6.46803347E-11  1.34830950E-09
     66 -0.200000 -0.300000 -0.450000        1    6.32888130E-09  6.46326293E-11  6.64197790E-09  9.17468181E-09
     67 -0.150000 -0.300000 -0.450000        1    5.64716703E-10  3.77369271E-09  3.51301891E-09  5.18661388E-09
     68 -0.100000 -0.300000 -0.450000        1    5.64060536E-09  5.06282952E-09  5.34257154E-09  9.27317325E-09
     69 -0.050000 -0.300000 -0.450000        1    4.52989372E-10  2.19416711E-09  2.67874627E-09  3.49216985E-09
     70  0.000000 -0.300000 -0.450000        1    3.86026610E-09  1.65257171E-08  7.90601446E-09  1.87218067E-08
     71  0.050000 -0.300000 -0.450000        1    1.86840979E-08  3.40041125E-09  3.62291219E-10  1.89944615E-08
     72  0.100000 -0.300000 -0.450000        1    6.18302633E-10  9.18265848E-10  1.88035526E-10  1.12288364E-09
     73  0.150000 -0.300000 -0.450000        1    2.00804068E-09  1.20386791E-09  2.13183814E-09  3.16642688E-09
     74  0.200000 -0.300000 -0.450000        1    5.04091882E-09  4.25187146E-10  5.02412479E-09  7.12975993E-09
     75  0.250000 -0.300000 -0.450000        1    3.14990294E-09  3.74877053E-09  3.62108603E-10  4.90981585E-09
     76  0.300000 -0.300000 -0.450000        1    5.09945787E-10  7.54436447E-10  2.60700350E-09  2.76146453E-09
     77  0.350000 -0.300000 -0.450000        1    2.90887824E-09  4.29806375E-09  3.11716331E-09  6.05405911E-09
     78  0.400000 -0.300000 -0.450000        1    8.10797967E-10  7.42947996E-10  1.74998401E-09  2.06683553E-09
     79  0.450000 -0.300000 -0.450000        1    1.66955935E-09  2.73799820E-09  8.62021609E-10  3.32071435E-09
     80  0.500000 -0.300000 -0.450000        1    4.19450729E-09  4.01923630E-09  6.17343318E-09  8.47699410E-09
     81 -0.450000 -0.250000 -0.450000        1    7.68182598E-10  9.57012537E-10  2.21039487E-09  2.52820549E-09
     82 -0.400000 -0.250000 -0.450000        1    7.67611738E-10  3.45083347E-10  1.97491417E-09  2.14676414E-09
     83 -0.350000 -0.250000 -0.450000        1    1.72919955E-09  3.04433287E-09  9.02581589E-11  3.50231927E-09
     84 -0.300000 -0.250000 -0.450000        1    2.38023589E-09  3.63820657E-09  5.85487585E-09  7.29257438E-09
     85 -0.250000 -0.250000 -0.450000        1    1.73195301E-09  4.09699385E-09  6.08167909E-09  7.53470904E-09
     86 -0.200000 -0.250000 -0.450000        1    7.10420560E-10  4.22639168E-09  3.50379964E-09  5.53567484E-09
     87 -0.150000 -0.250000 -0.450000        1    1.10702686E-08  5.57837307E-09  3.40143930E-10  1.24009996E-08
     88 -0.100000 -0.250000 -0.450000        1    1.53255503E-09  3.51350044E-10  4.72363429E-09  4.97844279E-09
     89 -0.050000 -0.250000 -0.450000        1    1.89897647E-09  4.44361791E-09  1.24816434E-10  4.83398706E-09
     90  0.000000 -0.250000 -0.450000        1    5.89393594E-09  7.25823126E-10  2.21963400E-09  6.33972201E-09
     91  0.050000 -0.250000 -0.450000        1    1.37886519E-09  1.82503195E-09  2.96666870E-09  3.74608249E-09
     92  0.100000 -0.250000 -0.450000        1    4.02360170E-11  1.13955520E-08  1.82238309E-09  1.15404205E-08
     93  0.150000 -0.250000 -0.450000        1    1.06055784E-08  1.40665921E-08  2.53521274E-09  1.77981631E-08
     94  0.200000 -0.250000 -0.450000        1    3.74057810E-10  3.37270720E-09  1.35150031E-08  1.39345032E-08
     95  0.250000 -0.250000 -0.450000        1    1.11683121E-10  2.10551366E-09  2.05484357E-09  2.94415404E-09
     96  0.300000 -0.250000 -0.450000        1    3.44112390E-09  3.13222865E-10  6.43222021E-10  3.51470864E-09
     97  0.350000 -0.250000 -0.450000        1    1.79209410E-09  4.32513298E-10  2.11157725E-09  2.80311033E-09
     98  0.400000 -0.250000 -0.450000        1    2.14527329E-11  3.92048811E-09  2.78116651E-09  4.80682581E-09
     99  0.450000 -0.250000 -0.450000        1    9.22647133E-10  3.27315827E-09  9.32988721E-09  9.93033927E-09
    100  0.500000 -0.250000 -0.450000        1    1.59551010E-09  3.66538499E-10  2.57607541E-09  3.05223975E-09
    101 -0.450000 -0.200000 -0.450000        1    1.15179233E-09  2.97655724E-09  8.46402804E-10  3.30195644E-09
    102 -0.400000 -0.200000 -0.450000        1    9.73353015E-10  4.17289073E-09  9.37844949E-10  4.38634087E-09
    103 -0.350000 -0.200000 -0.450000        1    7.12802020E-09  3.14573276E-10  9.40330581E-10  7.19665547E-09
    104 -0.300000 -0.200000 -0.450000        1    2.89158831E-09  3.66803807E-09  1.01146426E-11  4.67074818E-09
    105 -0.250000 -0.200000 -0.450000        1    4.52600063E-09  4.61439228E-10  1.86654684E-09  4.91747953E-09
    106 -0.200000 -0.200000 -0.450000        1    1.14497536E-08  1.46200570E-09  9.26545907E-11  1.15430890E-08
    107 -0.150000 -0.200000 -0.450000        1    6.74209016E-10  5.84465447E-09  1.23744448E-08  1.37018768E-08
    108 -0.100000 -0.200000 -0.450000        1    4.26121487E-09  2.79525860E-10  1.32777415E-09  4.47203210E-09
    109 -0.050000 -0.200000 -0.450000        1    5.67167075E-09  4.32428999E-09  5.33497103E-09  8.90669685E-09
    110  0.000000 -0.200000 -0.450000        1    4.49829462E-09  9.34164054E-09  1.27808292E-10  1.03690519E-08
    111  0.050000 -0.200000 -0.450000        1    5.00757191E-09  3.57211694E-09  4.37936396E-09  7.55080291E-09
    112  0.100000 -0.200000 -0.450000        1    2.47689514E-09  8.43264519E-10  1.52602958E-09  3.02900493E-09
    113  0.150000 -0.200000 -0.450000        1    8.76811237E-09  1.42570945E-09  1.04154865E-09  8.94411904E-09
    114  0.200000 -0.200000 -0.450000        1    5.14102360E-09  1.48699489E-09  2.29228963E-09  5.82201590E-09
    115  0.250000 -0.200000 -0.450000        1    8.13355189E-10  4.30814389E-10  3.25835626E-09  3.38585783E-09
    116  0.300000 -0.200000 -0.450000        1    7.12622518E-09  1.01813092E-09  1.85293471E-09  7.43323905E-09
    117  0.350000 -0.200000 -0.450000        1    4.74107191E-10  2.01252488E-09  2.26957647E-09  3.07018100E-09
    118  0.400000 -0.200000 -0.450000        1    3.11852093E-09  1.04238445E-09  1.61769313E-09  3.66451487E-09
    119  0.450000 -0.200000 -0.450000        1    1.98573647E-09  3.01812312E-09  1.58214568E-09  3.94403365E-09
    120  0.500000 -0.200000 -0.450000        1    3.83029852E-09  5.29976025E-09  4.24246532E-10  6.55275748E-09
    121 -0.450000 -0.150000 -0.450000        1    6.49539791E-10  2.38119005E-09  3.74554732E-09  4.48565410E-09
    122 -0.400000 -0.150000 -0.450000        1    2.07476946E-08  1.87997004E-09  6.94566446E-10  2.08442688E-08
    123 -0.350000 -0.150000 -0.450000        1    1.36331519E-09  2.40442619E-09  5.24607831E-09  5.92969066E-09
    124 -0.300000 -0.150000 -0.450000        1    4.60710864E-09  1.21150436E-09  6.52398871E-09  8.07809517E-09
    125 -0.250000 -0.150000 -0.450000        1    1.94699722E-09  1.26174551E-09  2.39337638E-09  3.33332422E-09
    126 -0.200000 -0.150000 -0.450000        1    5.73673914E-09  4.70972707E-09  2.37750698E-09  7.79385941E-09
    127 -0.150000 -0.150000 -0.450000        1    3.22287281E-09  9.37750491E-09  6.01432595E-09  1.15972680E-08
    128 -0.100000 -0.150000 -0.450000        1    3.98998814E-09  2.25265914E-09  1.02196161E-09  4.69455899E-09
    129 -0.050000 -0.150000 -0.450000        1    1.04148635E-09  1.89061787E-09  3.87870032E-09  4.43885637E-09
    130  0.000000 -0.150000 -0.450000        1    3.37475280E-10  5.53461283E-10  2.74704736E-09  2.82249502E-09
    131  0.050000 -0.150000 -0.450000        1    6.53459794E-10  6.47923840E-10  2.97047776E-09  3.10975130E-09
    132  0.100000 -0.150000 -0.450000        1    1.94649949E-09  3.63754760E-10  2.65909273E-09  3.31541128E-09
    133  0.150000 -0.150000 -0.450000        1    7.92314883E-09  6.48830739E-09  3.31173741E-09  1.07629933E-08
    134  0.200000 -0.150000 -0.450000        1    1.80965234E-09  2.25955287E-09  9.15043537E-09  9.59744175E-09
    135  0.250000 -0.150000 -0.450000        1    4.49156441E-09  2.79399168E-09  2.67068416E-09  5.92563028E-09
    136  0.300000 -0.150000 -0.450000        1    1.74449750E-09  6.59687855E-10  2.52837342E-09  3.14183572E-09
    137  0.350000 -0.150000 -0.450000        1    9.59891547E-10  9.62781891E-10  8.93533719E-09  9.03817413E-09
    138  0.400000 -0.150000 -0.450000        1    6.20615346E-09  5.28646467E-09  2.62545143E-09  8.56481435E-09
    139  0.450000 -0.150000 -0.450000        1    3.85684994E-09  4.34700841E-09  2.52173190E-09  6.33489584E-09
    140  0.500000 -0.150000 -0.450000        1    2.01041649E-09  1.34371696E-09  3.08299106E-09  3.91818627E-09
    141 -0.450000 -0.100000 -0.450000        1    3.79815212E-09  4.61288149E-09  1.19930915E-09  6.09450389E-09
    142 -0.400000 -0.100000 -0.450000        1    2.87335157E-09  1.95955416E-11  2.51734870E-09  3.82015415E-09
    143 -0.350000 -0.100000 -0.450000        1    1.23474745E-08  1.17378695E-09  1.69423033E-09  1.25183193E-08
    144 -0.300000 -0.100000 -0.450000        1    5.30776052E-09  3.13286558E-09  5.01506054E-09  7.94594241E-09
    145 -0.250000 -0.100000 -0.450000        1    4.05981234E-09  5.61567698E-11  2.27017529E-09  4.65176586E-09
    146 -0.200000 -0.100000 -0.450000        1    6.45862859E-09  1.17640486E-09  2.95855055E-09  7.20075225E-09
    147 -0.150000 -0.100000 -0.450000        1    5.84660903E-09  8.44892361E-09  3.67701499E-09  1.09127259E-08
    148 -0.100000 -0.100000 -0.450000        1    1.79909279E-09  2.98223319E-10  6.49868719E-09  6.74971164E-09
    149 -0.050000 -0.100000 -0.450000        1    2.84523642E-09  9.53672943E-09  2.78361043E-09  1.03340730E-08
    150  0.000000 -0.100000 -0.450000        1    9.36567013E-09  4.32497479E-09  8.88220343E-09  1.36130350E-08
    151  0.050000 -0.100000 -0.450000        1    1.61147926E-09  4.77772468E-09  3.49775871E-09  6.13659796E-09
    152  0.100000 -0.100000 -0.450000        1    3.33717598E-09  1.65306539E-10  2.19079741E-09  3.99545530E-09
    153  0.150000 -0.100000 -0.450000        1    2.66680368E-10  7.10082186E-09  8.63073901E-09  1.11795548E-08
    154  0.200000 -0.100000 -0.450000        1    8.65656365E-09  8.55300563E-10  5.84946135E-09  1.04825489E-08
    155  0.250000 -0.100000 -0.450000        1    6.15501884E-10  7.14920078E-10  2.69626699E-10  9.81148227E-10
    156  0.300000 -0.100000 -0.450000        1    1.25925434E-09  7.97808753E-10  4.74899143E-09  4.97746320E-09
    157  0.350000 -0.100000 -0.450000        1    1.49784766E-09  7.88692894E-10  1.70895246E-09  2.40543190E-09
    158  0.400000 -0.100000 -0.450000        1    3.84755538E-09  5.94429627E-09  6.36333617E-10  7.10937838E-09
    159  0.450000 -0.100000 -0.450000        1    7.94040087E-10  7.48575948E-09  2.03891500E-09  7.79899154E-09
    160  0.500000 -0.100000 -0.450000        1    1.08242873E-10  1.85796462E-09  1.54431489E-09  2.41839978E-09
    161 -0.450000 -0.050000 -0.450000        1    1.70811503E-08  2.10575918E-09  1.68520972E-09  1.72927687E-08
    162 -0.400000 -0.050000 -0.450000        1    4.99953895E-10  5.88955256E-10  3.45751726E-10  8.46384338E-10
    163 -0.350000 -0.050000 -0.450000        1    1.68316256E-10  5.50850553E-10  6.92386621E-09  6.94778310E-09
    164 -0.300000 -0.050000 -0.450000        1    2.31816534E-09  2.14421170E-08  3.14088420E-11  2.15670874E-08
    165 -0.250000 -0.050000 -0.450000        1    1.15553715E-09  4.55387697E-10  9.50172525E-10  1.56380047E-09
    166 -0.200000 -0.050000 -0.450000        1    1.04274693E-08  4.82268694E-09  3.44893060E-09  1.19952302E-08
    167 -0.150000 -0.050000 -0.450000        1    6.33237750E-09  3.91295625E-09  1.66175741E-09  7.62703541E-09
    168 -0.100000 -0.050000 -0.450000        1    1.92484190E-09  3.86228536E-10  3.11458681E-10  1.98776138E-09
    169 -0.050000 -0.050000 -0.450000        1    2.14341639E-09  2.25672231E-09  1.48657391E-09  3.44919286E-09
    170  0.000000 -0.050000 -0.450000        1    3.96762427E-09  4.64029392E-09  9.05887512E-10  6.17211489E-09
    171  0.050000 -0.050000 -0.450000        1    3.57909479E-09  1.02449893E-09  3.86392783E-09  5.36558066E-09
    172  0.100000 -0.050000 -0.450000        1    2.78446749E-09  1.13532365E-08  1.47523603E-08  1.88223636E-08
    173  0.150000 -0.050000 -0.450000        1    7.72557844E-09  1.52053610E-08  1.10548503E-09  1.70912159E-08
    174  0.200000 -0.050000 -0.450000        1    1.89918477E-09  7.18306539E-09  1.09063067E-09  7.50951440E-09
    175  0.250000 -0.050000 -0.450000        1    4.78739540E-10  3.11511494E-10  1.81382654E-10  5.99275083E-10
    176  0.300000 -0.050000 -0.450000        1    8.48788982E-10  7.64410894E-11  2.63381433E-10  8.91995378E-10
    177  0.350000 -0.050000 -0.450000        1    2.19686679E-09  3.06559493E-09  1.11638012E-09  3.93324300E-09
    178  0.400000 -0.050000 -0.450000        1    5.66255616E-09  9.23446548E-10  3.02033272E-09  6.48380333E-09
    179  0.450000 -0.050000 -0.450000        1    4.76715972E-09  7.08582934E-09  3.03704230E-09  9.06412793E-09
    180  0.500000 -0.050000 -0.450000        1    3.47973696E-09  1.31393688E-09  6.85521759E-11  3.72017457E-09
    181 -0.450000  0.000000 -0.450000        1    3.97034907E-09  8.48955379E-09  4.22416406E-10  9.38161131E-09
    182 -0.400000  0.000000 -0.450000        1    2.83704863E-09  1.32861220E-10  3.33200951E-09  4.37821704E-09
    183 -0.350000  0.000000 -0.450000        1    2.17689583E-10  1.89263756E-09  3.80574320E-10  1.94275641E-09
    184 -0.300000  0.000000 -0.450000        1    4.17712519E-09  1.88609296E-09  8.72062958E-09  9.85165477E-09
    185 -0.250000  0.000000 -0.450000        1    4.79446274E-09  1.14433736E-08  1.57862739E-09  1.25071874E-08
    186 -0.200000  0.000000 -0.450000        1    2.82104228E-09  7.77914631E-10  1.46993536E-09  3.27477338E-09
    187 -0.150000  0.000000 -0.450000        1    6.51214894E-10  3.79685792E-09  6.87847096E-10  3.91322686E-09
    188 -0.100000  0.000000 -0.450000        1    3.29288464E-10  6.06114025E-09  7.43344779E-09  9.59697859E-09
    189 -0.050000  0.000000 -0.450000        1    2.09472230E-09  5.92452507E-09  2.53511898E-11  6.28398771E-09
    190  0.000000  0.000000 -0.450000        1    1.37059070E-08  6.46685266E-09  7.49720045E-09  1.69079888E-08
    191  0.050000  0.000000 -0.450000        1    6.69627991E-10  6.87820796E-10  3.38078610E-09  3.51442936E-09
    192  0.100000  0.000000 -0.450000        1    1.09312283E-08  1.37359897E-09  1.36918537E-08  1.75739974E-08
    193  0.150000  0.000000 -0.450000        1    5.22650661E-09  9.47931942E-10  7.03310399E-10  5.35813324E-09
    194  0.200000  0.000000 -0.450000        1    4.77438558E-09  5.31829717E-10  1.39539493E-08  1.47577201E-08
    195  0.250000  0.000000 -0.450000        1    9.73996218E-10  3.00801024E-09  7.66561448E-09  8.29207088E-09
    196  0.300000  0.000000 -0.450000        1    2.34270736E-09  1.02384857E-08  5.19664565E-09  1.17183613E-08
    197  0.350000  0.000000 -0.450000        1    3.59362144E-09  1.36141195E-10  1.18463716E-09  3.78629300E-09
    198  0.400000  0.000000 -0.450000        1    2.34347741E-10  2.78783243E-09  2.03029294E-09  3.45673515E-09
    199  0.450000  0.000000 -0.450000        1    3.84383139E-09  3.44565617E-10  4.50884896E-09  5.93493759E-09
    200  0.500000  0.000000 -0.450000        1    2.95294901E-09  1.61969657E-09  4.71475922E-09  5.79415907E-09
    201 -0.450000  0.050000 -0.450000        1    5.11618017E-09  8.94989296E-10  9.17577099E-10  5.27430119E-09
    202 -0.400000  0.050000 -0.450000        1    3.10508332E-09  2.85216190E-09  3.43014221E-09  5.43527787E-09
    203 -0.350000  0.050000 -0.450000        1    5.74118562E-09  2.22124676E-10  3.44714488E-09  6.70025070E-09
    204 -0.300000  0.050000 -0.450000        1    2.66596412E-09  4.67754932E-09  5.94920168E-09  8.02370444E-09
    205 -0.250000  0.050000 -0.450000        1    3.57446211E-09  7.97511806E-10  1.85819168E-09  4.10678472E-09
    206 -0.200000  0.050000 -0.450000        1    7.40667972E-10  2.66823238E-09  8.10428720E-09  8.56431691E-09
    207 -0.150000  0.050000 -0.450000        1    2.76156614E-09  7.04804838E-09  3.52543244E-09  8.35044354E-09
    208 -0.100000  0.050000 -0.450000        1    4.96652187E-09  4.42404565E-09  2.29819998E-09  7.03706207E-09
    209 -0.050000  0.050000 -0.450000        1    3.00017267E-10  7.52864585E-09  1.45917634E-10  7.53603415E-09
    210  0.000000  0.050000 -0.450000        1    1.45956390E-09  3.98432562E-09  3.40001789E-09  5.43739819E-09
    211  0.050000  0.050000 -0.450000        1    7.29425339E-09  3.18269305E-09  4.85015667E-09  9.31985447E-09
    212  0.100000  0.050000 -0.450000        1    1.39528544E-09  1.59423541E-09  3.53875032E-09  4.12445897E-09
    213  0.150000  0.050000 -0.450000        1    1.94696686E-09  5.55838685E-09  5.42062883E-10  5.91440415E-09
    214  0.200000  0.050000 -0.450000        1    4.52506963E-09  2.83124570E-09  1.21616728E-09  5.47460229E-09
    215  0.250000  0.050000 -0.450000        1    3.32310076E-09  2.84275590E-09  7.27008539E-09  8.48400857E-09
    216  0.300000  0.050000 -0.450000        1    8.90999316E-11  2.01954880E-10  1.36877330E-09  1.38645768E-09
    217  0.350000  0.050000 -0.450000        1    1.51655825E-09  4.03406532E-09  6.42723605E-10  4.35737600E-09
    218  0.400000  0.050000 -0.450000        1    3.08766941E-10  5.95249124E-09  3.13609079E-09  6.73517294E-09
    219  0.450000  0.050000 -0.450000        1    8.18151573E-10  3.30014563E-09  2.57350072E-09  4.26418094E-09
    220  0.500000  0.050000 -0.450000        1    6.13096535E-09  6.60115484E-09  2.10472400E-08  2.28943289E-08
    221 -0.450000  0.100000 -0.450000        1    2.67115904E-09  7.93653818E-09  5.14022843E-09  9.82576599E-09
    222 -0.400000  0.100000 -0.450000        1    2.07050867E-10  3.84253686E-09  3.00001387E-09  4.87934860E-09
    223 -0.350000  0.100000 -0.450000        1    1.49617032E-09  1.15229472E-09  5.37268312E-10  1.96340673E-09
    224 -0.300000  0.100000 -0.450000        1    6.91951042E-10  5.79121229E-10  2.60366807E-09  2.75558797E-09
    225 -0.250000  0.100000 -0.450000        1    9.53730766E-10  5.38787083E-10  5.27079130E-09  5.38341294E-09
    226 -0.200000  0.100000 -0.450000        1    3.09042451E-09  1.46095253E-10  5.64621744E-10  3.14497459E-09
    227 -0.150000  0.100000 -0.450000        1    8.73257359E-09  1.23050121E-08  2.26699027E-09  1.52581260E-08
    228 -0.100000  0.100000 -0.450000        1    3.60186483E-09  1.69590013E-09  1.70119324E-08  1.74715584E-08
    229 -0.050000  0.100000 -0.450000        1    6.35597529E-10  4.07862809E-09  1.60868149E-08  1.66079741E-08
    230  0.000000  0.100000 -0.450000        1    1.87432743E-10  7.49428570E-10  1.45496053E-09  1.64732642E-09
    231  0.050000  0.100000 -0.450000        1    5.95818106E-09  3.17949571E-09  7.08463532E-10  6.79051066E-09
    232  0.100000  0.100000 -0.450000        1    3.11128858E-09  2.34832846E-09  9.57529499E-09  1.03383286E-08
    233  0.150000  0.100000 -0.450000        1    2.32913681E-10  5.13856762E-09  3.58327879E-09  6.26889247E-09
    234  0.200000  0.100000 -0.450000        1    3.98313786E-09  4.04749849E-09  2.38687530E-09  6.15993546E-09
    235  0.250000  0.100000 -0.450000        1    2.01989783E-09  3.97878600E-09  1.38172898E-09  4.67117761E-09
    236  0.300000  0.100000 -0.450000        1    1.85821329E-09  8.83066127E-09  5.05307256E-13  9.02405316E-09
    237  0.350000  0.100000 -0.450000        1    8.44079752E-10  2.78549508E-09  6.47013276E-09  7.09465090E-09
    238  0.400000  0.100000 -0.450000        1    4.58193901E-09  9.43327038E-10  5.93110459E-09  7.55394154E-09
    239  0.450000  0.100000 -0.450000        1    2.09359535E-11  1.59749542E-10  3.87809358E-09  3.88143891E-09
    240  0.500000  0.100000 -0.450000        1    1.10032381E-09  4.77078113E-10  4.70147818E-09  4.85203185E-09
    241 -0.450000  0.150000 -0.450000        1    1.10556621E-09  5.34453801E-09  1.34336137E-09  5.62058565E-09
    242 -0.400000  0.150000 -0.450000        1    2.05110485E-09  1.90035013E-10  2.03018625E-09  2.89219650E-09
    243 -0.350000  0.150000 -0.450000        1    2.40768166E-09  2.43705224E-09  2.35268286E-09  4.15587190E-09
    244 -0.300000  0.150000 -0.450000        1    3.84460032E-09  1.39842125E-09  2.52311819E-09  4.80652255E-09
    245 -0.250000  0.150000 -0.450000        1    7.09298270E-10  4.11307038E-09  1.16040317E-09  4.33208812E-09
    246 -0.200000  0.150000 -0.450000        1    1.59761783E-09  2.14585083E-09  6.22465544E-09  6.77520434E-09
    247 -0.150000  0.150000 -0.450000        1    3.38127961E-09  5.46933653E-09  1.76166820E-09  6.66709598E-09
    248 -0.100000  0.150000 -0.450000        1    1.12515879E-09  2.26888846E-09  5.90923124E-09  6.42906299E-09
    249 -0.050000  0.150000 -0.450000        1    2.45120304E-11  4.34872686E-09  7.65758493E-09  8.80628373E-09
    250  0.000000  0.150000 -0.450000        1    7.62976268E-10  2.51849985E-09  6.69413854E-09  7.19280648E-09
    251  0.050000  0.150000 -0.450000        1    1.50010423E-08  2.27448300E-10  2.23178097E-10  1.50044264E-08
    252  0.100000  0.150000 -0.450000        1    2.53909587E-09  6.11873155E-10  3.86417806E-09  4.66403995E-09
    253  0.150000  0.150000 -0.450000        1    2.69746833E-09  9.37259670E-09  1.60603418E-09  9.88439427E-09
    254  0.200000  0.150000 -0.450000        1    6.28375707E-09  2.00033171E-09  9.92900627E-09  1.19194000E-08
    255  0.250000  0.150000 -0.450000        1    1.18014457E-09  2.31263732E-10  5.25400895E-09  5.38988257E-09
    256  0.300000  0.150000 -0.450000        1    9.33193024E-09  1.32678153E-09  1.16119114E-08  1.49559941E-08
    257  0.350000  0.150000 -0.450000        1    4.43528483E-09  5.66702423E-10  1.80227849E-09  4.82090354E-09
    258  0.400000  0.150000 -0.450000        1    4.35840210E-09  3.07203810E-09  3.21540830E-09  6.22671161E-09
    259  0.450000  0.150000 -0.450000        1    6.35700183E-09  4.95655545E-09  9.70759103E-10  8.11919253E-09
    260  0.500000  0.150000 -0.450000        1    2.67855232E-10  1.41894456E-10  3.91148443E-10  4.94851054E-10
    261 -0.450000  0.200000 -0.450000        1    3.91874452E-09  1.41704981E-09  5.70054683E-10  4.20589480E-09
    262 -0.400000  0.200000 -0.450000        1    6.27186249E-10  1.10620293E-09  1.22143202E-09  1.76321969E-09
    263 -0.350000  0.200000 -0.450000        1    6.25925932E-13  3.45037828E-09  1.07134927E-11  3.45039497E-09
    264 -0.300000  0.200000 -0.450000        1    7.88525283E-10  5.46098913E-10  4.90339236E-10  1.07723197E-09
    265 -0.250000  0.200000 -0.450000        1    2.82048408E-10  4.79894582E-10  1.60856064E-09  1.70215083E-09
    266 -0.200000  0.200000 -0.450000        1    2.31836471E-09  2.38585356E-09  3.81293644E-09  5.06019727E-09
    267 -0.150000  0.200000 -0.450000        1    7.38846710E-10  1.14063126E-09  3.46936366E-09  3.72604594E-09
    268 -0.100000  0.200000 -0.450000        1    7.99696285E-09  7.87571756E-09  3.11475046E-09  1.16481764E-08
    269 -0.050000  0.200000 -0.450000        1    3.13718418E-09  1.19942041E-08  3.52279791E-09  1.28884818E-08
    270  0.000000  0.200000 -0.450000        1    2.93632433E-10  8.07596014E-10  1.27884144E-09  1.54073578E-09
    271  0.050000  0.200000 -0.450000        1    1.20392555E-09  4.21808059E-09  3.54254185E-09  5.63837240E-09
    272  0.100000  0.200000 -0.450000        1    3.76796290E-09  3.57544481E-09  8.08350176E-09  9.60855612E-09
    273  0.150000  0.200000 -0.450000        1    1.05456565E-08  1.35100827E-09  3.45342811E-09  1.11786519E-08
    274  0.200000  0.200000 -0.450000        1    2.34667196E-09  8.38435280E-09  1.12517310E-09  8.77896667E-09
    275  0.250000  0.200000 -0.450000        1    8.40337305E-10  4.20435288E-10  4.71508240E-09  4.80779936E-09
    276  0.300000  0.200000 -0.450000        1    1.65211107E-10  4.20780552E-09  6.12891070E-10  4.25541508E-09
    277  0.350000  0.200000 -0.450000        1    1.69628784E-10  2.20102642E-09  2.00780721E-09  2.98405446E-09
    278  0.400000  0.200000 -0.450000        1    5.44712706E-09  3.36407582E-09  1.73590759E-09  6.63336826E-09
    279  0.450000  0.200000 -0.450000        1    5.24409897E-09  2.87636748E-09  9.16802108E-10  6.05099910E-09
    280  0.500000  0.200000 -0.450000        1    3.45797284E-09  1.02163566E-09  9.85404193E-09  1.04930195E-08
    281 -0.450000  0.250000 -0.450000        1    3.65787511E-09  8.12592449E-10  2.63837041E-10  3.75632357E-09
    282 -0.400000  0.250000 -0.450000        1    4.72613182E-10  4.12808658E-09  7.20389952E-09  8.31628705E-09
    283 -0.350000  0.250000 -0.450000        1    2.65912178E-09  8.56958024E-09  1.11622460E-09  9.04182456E-09
    284 -0.300000  0.250000 -0.450000        1    1.85167398E-09  1.19019948E-08  6.36858862E-10  1.20619968E-08
    285 -0.250000  0.250000 -0.450000        1    5.77276907E-09  1.54398832E-10  2.34552136E-10  5.77959483E-09
    286 -0.200000  0.250000 -0.450000        1    3.88297239E-09  3.03395518E-09  4.44130328E-10  4.94768737E-09
    287 -0.150000  0.250000 -0.450000        1    2.02951066E-09  3.87062962E-09  1.50151610E-09  4.62117277E-09
    288 -0.100000  0.250000 -0.450000        1    2.74157662E-09  2.03395175E-09  1.73339977E-09  3.82856068E-09
    289 -0.050000  0.250000 -0.450000        1    1.31447228E-08  1.49700993E-11  2.26976071E-09  1.33392569E-08
    290  0.000000  0.250000 -0.450000        1    1.09394013E-08  8.00645047E-10  7.50481688E-10  1.09943056E-08
    291  0.050000  0.250000 -0.450000        1    7.29070197E-10  5.27300089E-10  2.19555444E-09  2.37277223E-09
    292  0.100000  0.250000 -0.450000        1    3.30006846E-09  1.85353696E-09  6.13493472E-09  7.20856956E-09
    293  0.150000  0.250000 -0.450000        1    2.83611884E-09  4.19767552E-10  2.34755845E-11  2.86711108E-09
    294  0.200000  0.250000 -0.450000        1    2.06127289E-10  7.43627619E-10  1.03974316E-09  1.29481131E-09
    295  0.250000  0.250000 -0.450000        1    1.23218059E-09  8.82289831E-10  1.88412107E-09  2.41797778E-09
    296  0.300000  0.250000 -0.450000        1    4.74545708E-09  2.49222741E-09  1.56129829E-09  5.58284988E-09
    297  0.350000  0.250000 -0.450000        1    8.48701369E-09  1.26936446E-09  5.80772552E-09  1.03619672E-08
    298  0.400000  0.250000 -0.450000        1    1.86973109E-09  1.17463772E-10  7.56965851E-09  7.79803963E-09
    299  0.450000  0.250000 -0.450000        1    4.14545234E-09  2.74671876E-09  7.57681626E-09  9.06296771E-09
    300  0.500000  0.250000 -0.450000        1    4.38362786E-09  8.89249234E-09  1.81124317E-09  1.00783538E-08
    301 -0.450000  0.300000 -0.450000        1    5.73772050E-10  1.95790037E-09  6.07452328E-09  6.40799667E-09
    302 -0.400000  0.300000 -0.450000        1    2.82780712E-10  2.04429800E-09  2.60472537E-10  2.08013586E-09
    303 -0.350000  0.300000 -0.450000        1    1.96822319E-10  1.24177470E-10  2.08084900E-09  2.09382225E-09
    304 -0.300000  0.300000 -0.450000        1    3.46649844E-09  1.57443307E-09  1.37251386E-09  4.04712802E-09
    305 -0.250000  0.300000 -0.450000        1    1.70173317E-09  1.96011358E-09  2.44080113E-09  3.56306766E-09
    306 -0.200000  0.300000 -0.450000        1    2.80402053E-09  2.50634882E-10  6.06887459E-09  6.69003645E-09
    307 -0.150000  0.300000 -0.450000        1    1.04358259E-09  3.91996478E-09  2.87635919E-09  4.97278902E-09
    308 -0.100000  0.300000 -0.450000        1    2.03236112E-09  2.19571357E-10  7.65107316E-10  2.18268012E-09
    309 -0.050000  0.300000 -0.450000        1    1.47013283E-11  2.26767435E-09  1.51790724E-09  2.72884691E-09
    310  0.000000  0.300000 -0.450000        1    1.80731801E-09  3.86072374E-09  8.75904613E-09  9.74127688E-09
    311  0.050000  0.300000 -0.450000        1    4.97471080E-09  2.31186935E-09  7.24839534E-09  9.09019925E-09
    312  0.100000  0.300000 -0.450000        1    3.23700429E-09  9.06577793E-10  9.45904594E-09  1.00386070E-08
    313  0.150000  0.300000 -0.450000        1    5.61305311E-09  4.10967925E-09  9.24176690E-09  1.15674580E-08
    314  0.200000  0.300000 -0.450000        1    6.92203956E-10  3.28485306E-09  3.27768514E-10  3.37295689E-09
    315  0.250000  0.300000 -0.450000        1    8.41442874E-09  8.96317745E-10  3.62920123E-09  9.20744797E-09
    316  0.300000  0.300000 -0.450000        1    2.53057501E-09  4.74217597E-09  3.33340980E-09  6.32484495E-09
    317  0.350000  0.300000 -0.450000        1    6.25476807E-10  1.63072589E-09  6.89258828E-09  7.11043327E-09
    318  0.400000  0.300000 -0.450000        1    2.22202979E-09  2.45662029E-09  5.28415231E-10  3.35434380E-09
    319  0.450000  0.300000 -0.450000        1    3.77464278E-09  4.91240319E-10  4.36147776E-09  5.78893198E-09
    320  0.500000  0.300000 -0.450000        1    7.51717214E-09  8.92005480E-10  3.48996655E-12  7.56991169E-09
    321 -0.450000  0.350000 -0.450000        1    3.47766490E-10  2.12695643E-10  1.39633243E-09  1.45462202E-09
    322 -0.400000  0.350000 -0.450000        1    2.98630406E-09  3.68966032E-09  1.86877039E-09  5.10136334E-09
    323 -0.350000  0.350000 -0.450000        1    4.09496865E-09  2.91989242E-09  7.22754936E-10  5.08103480E-09
    324 -0.300000  0.350000 -0.450000        1    2.20002761E-09  7.41124416E-10  1.63614424E-09  2.84013289E-09
    325 -0.250000  0.350000 -0.450000        1    5.10842723E-09  4.75053455E-09  1.24072987E-09  7.08540881E-09
    326 -0.200000  0.350000 -0.450000        1    5.35636961E-09  2.05668962E-09  4.51633989E-09  7.30191712E-09
    327 -0.150000  0.350000 -0.450000        1    5.87292809E-10  2.71189541E-09  1.08136144E-09  2.97802487E-09
    328 -0.100000  0.350000 -0.450000        1    2.52984926E-10  1.19067176E-08  2.60752587E-10  1.19122591E-08
    329 -0.050000  0.350000 -0.450000        1    1.43083119E-09  1.43453171E-09  2.72158753E-09  3.39296298E-09
    330  0.000000  0.350000 -0.450000        1    2.10086124E-09  5.72914576E-09  1.97909526E-09  6.41510305E-09
    331  0.050000  0.350000 -0.450000        1    7.64650284E-10  7.19088649E-10  1.10601621E-08  1.11098589E-08
    332  0.100000  0.350000 -0.450000        1    1.95069058E-09  6.64259996E-10  5.61197128E-11  2.06145203E-09
    333  0.150000  0.350000 -0.450000        1    9.22583808E-11  5.85288379E-10  1.00252805E-08  1.00427747E-08
    334  0.200000  0.350000 -0.450000        1    1.91565912E-09  1.03254089E-09  1.17349784E-09  2.47244569E-09
    335  0.250000  0.350000 -0.450000        1    8.50085002E-09  1.16574818E-10  8.54065401E-09  1.20507598E-08
    336  0.300000  0.350000 -0.450000        1    1.94233145E-09  3.63553192E-09  1.02023846E-10  4.12312414E-09
    337  0.350000  0.350000 -0.450000        1    1.08243552E-09  1.11765367E-09  2.19033541E-09  2.68670534E-09
    338  0.400000  0.350000 -0.450000        1    2.95402400E-09  2.99782156E-09  3.42898225E-09  5.42873016E-09
    339  0.450000  0.350000 -0.450000        1    2.99972461E-09  5.77428555E-09  1.10438548E-09  6.60002944E-09
    340  0.500000  0.350000 -0.450000        1    6.95349756E-10  1.12872429E-09  7.10592105E-10  1.50415124E-09
    341 -0.450000  0.400000 -0.450000        1    2.86092830E-09  3.53660361E-10  5.73544099E-11  2.88327521E-09
    342 -0.400000  0.400000 -0.450000        1    1.39323848E-09  3.87425667E-09  1.37088212E-09  4.33938890E-09
    343 -0.350000  0.400000 -0.450000        1    5.63034347E-10  3.33343808E-10  5.08209883E-09  5.12404667E-09
    344 -0.300000  0.400000 -0.450000        1    7.12136258E-10  7.58722378E-10  2.33450347E-10  1.06644117E-09
    345 -0.250000  0.400000 -0.450000        1    5.12150338E-11  3.92099722E-09  6.65478472E-10  3.97739912E-09
    346 -0.200000  0.400000 -0.450000        1    3.49258563E-09  4.85260478E-10  4.36332521E-09  5.61001239E-09
    347 -0.150000  0.400000 -0.450000        1    3.29494631E-09  1.67181706E-09  8.16038900E-10  3.78385557E-09
    348 -0.100000  0.400000 -0.450000        1    2.00796284E-09  8.35325121E-09  9.79375052E-10  8.64684313E-09
    349 -0.050000  0.400000 -0.450000        1    5.99006529E-09  6.30045461E-09  1.69101893E-09  8.85641889E-09
    350  0.000000  0.400000 -0.450000        1    4.21106276E-10  3.43765729E-09  1.00532081E-08  1.06330527E-08
    351  0.050000  0.400000 -0.450000        1    3.71555978E-09  1.12546575E-08  3.11769299E-09  1.22553135E-08
    352  0.100000  0.400000 -0.450000        1    6.30146734E-10  3.52445126E-09  2.08244524E-09  4.14191016E-09
    353  0.150000  0.400000 -0.450000        1    3.20855959E-09  4.87953726E-10  3.79002843E-10  3.26750618E-09
    354  0.200000  0.400000 -0.450000        1    4.70122839E-10  1.62676700E-09  3.66619994E-10  1.73256936E-09
    355  0.250000  0.400000 -0.450000        1    1.57147026E-09  1.56277978E-09  1.81134295E-09  2.86230025E-09
    356  0.300000  0.400000 -0.450000        1    1.22517737E-09  3.85731457E-09  1.90008994E-09  4.47104876E-09
    357  0.350000  0.400000 -0.450000        1    3.84195891E-10  6.09335643E-09  4.79817742E-10  6.12428152E-09
    358  0.400000  0.400000 -0.450000        1    1.78391466E-09  5.45546911E-09  2.43857182E-09  6.23627511E-09
    359  0.450000  0.400000 -0.450000        1    8.27780583E-10  1.91589979E-09  4.28675437E-10  2.13064670E-09
    360  0.500000  0.400000 -0.450000        1    5.61560300E-10  1.37059671E-09  4.15022613E-10  1.53822271E-09
    361 -0.450000  0.450000 -0.450000        1    3.28266767E-09  2.55405129E-09  1.53410791E-09  4.43312217E-09
    362 -0.400000  0.450000 -0.450000        1    1.08592993E-09  1.19416695E-09  2.59271330E-10  1.63477832E-09
    363 -0.350000  0.450000 -0.450000        1    1.30820976E-09  1.22961739E-09  1.59863816E-09  2.40395833E-09
    364 -0.300000  0.450000 -0.450000        1    6.24318232E-09  3.43916763E-10  1.77588013E-09  6.49995035E-09
    365 -0.250000  0.450000 -0.450000        1    5.70197646E-09  1.44874159E-09  1.39348137E-09  6.04592243E-09
    366 -0.200000  0.450000 -0.450000        1    3.01832724E-11  8.20827132E-10  5.33564229E-10  9.79468732E-10
    367 -0.150000  0.450000 -0.450000        1    6.70970205E-09  3.47015287E-09  3.84322036E-09  8.47540001E-09
    368 -0.100000  0.450000 -0.450000        1    2.29196536E-09  2.38104029E-10  2.95423540E-09  3.74663923E-09
    369 -0.050000  0.450000 -0.450000        1    6.71153347E-09  2.61246309E-09  1.35618745E-10  7.20333515E-09
    370  0.000000  0.450000 -0.450000        1    8.55622929E-10  1.14372889E-08  1.15895341E-09  1.15276555E-08
    371  0.050000  0.450000 -0.450000        1    4.48062222E-10  3.54727172E-10  3.39562353E-09  3.44337774E-09
    372  0.100000  0.450000 -0.450000        1    6.66212909E-12  7.96669187E-10  1.85005202E-09  2.01430351E-09
    373  0.150000  0.450000 -0.450000        1    1.44758232E-09  4.07611179E-09  5.68918139E-10  4.36278004E-09
    374  0.200000  0.450000 -0.450000        1    1.74327551E-09  1.65411862E-10  3.51340325E-09  3.92560479E-09
    375  0.250000  0.450000 -0.450000        1    4.28328359E-09  5.20594908E-10  1.75483509E-09  4.65800210E-09
    376  0.300000  0.450000 -0.450000        1    1.21370404E-10  7.61208584E-09  1.10812452E-10  7.61385980E-09
    377  0.350000  0.450000 -0.450000        1    3.58067752E-09  1.84238513E-09  2.10967491E-10  4.03238660E-09
    378  0.400000  0.450000 -0.450000        1    9.69444000E-11  1.96539158E-09  2.10882450E-09  2.88432021E-09
    379  0.450000  0.450000 -0.450000        1    1.62160025E-09  8.77187502E-11  2.06577843E-09  2.62768386E-09
    380  0.500000  0.450000 -0.450000        1    4.57884488E-10  2.61381241E-10  4.62010071E-10  7.01021871E-10
    381 -0.450000  0.500000 -0.450000        1    8.06835512E-09  3.10615954E-09  5.27920517E-10  8.66171354E-09
    382 -0.400000  0.500000 -0.450000        1    5.64365836E-10  2.55070795E-09  3.03979959E-09  4.00811694E-09
    383 -0.350000  0.500000 -0.450000        1    9.09286235E-11  3.27679643E-10  1.33330749E-09  1.37599085E-09
    384 -0.300000  0.500000 -0.450000        1    2.32130007E-10  2.50984178E-09  3.75147644E-10  2.54831824E-09
    385 -0.250000  0.500000 -0.450000        1    4.67057923E-09  5.90120138E-09  7.04149562E-10  7.55872441E-09
    386 -0.200000  0.500000 -0.450000        1    4.02848844E-11  2.84750825E-09  4.19417946E-09  5.06962202E-09
    387 -0.150000  0.500000 -0.450000        1    7.05552212E-10  3.23333110E-09  2.76918211E-09  4.31515973E-09
    388 -0.100000  0.500000 -0.450000        1    3.54036856E-09  2.43139460E-09  2.22133082E-09  4.83530763E-09
    389 -0.050000  0.500000 -0.450000        1    1.04445739E-08  3.81898096E-09  2.52115834E-10  1.11237270E-08
    390  0.000000  0.500000 -0.450000        1    3.83484794E-11  3.55244676E-10  9.45758995E-10  1.01100419E-09
    391  0.050000  0.500000 -0.450000        1    6.21502635E-09  2.46743395E-09  4.36688630E-09  7.98651857E-09
    392  0.100000  0.500000 -0.450000        1    1.29188710E-08  5.43517814E-10  6.22952815E-09  1.43526883E-08
    393  0.150000  0.500000 -0.450000        1    2.20856281E-10  2.72566924E-09  2.83959224E-09  3.94224992E-09
    394  0.200000  0.500000 -0.450000        1    1.92602155E-09  2.32623848E-09  2.35440205E-09  3.82938030E-09
    395  0.250000  0.500000 -0.450000        1    5.34258438E-10  8.25924150E-11  1.02915235E-08  1.03057124E-08
    396  0.300000  0.500000 -0.450000        1    1.98730111E-09  4.72571787E-09  3.96131151E-09  6.47871623E-09
    397  0.350000  0.500000 -0.450000        1    9.11304418E-10  5.67840067E-10  9.81740862E-10  1.45489972E-09
    398  0.400000  0.500000 -0.450000        1    6.03172625E-09  4.65436908E-09  1.83427106E-09  7.83641649E-09
    399  0.450000  0.500000 -0.450000        1    8.57718441E-10  4.04877750E-10  3.74305949E-10  1.01966262E-09
    400  0.500000  0.500000 -0.450000        1    1.09937862E-09  1.09440486E-09  2.84726915E-09  3.24242146E-09
    401 -0.450000 -0.450000 -0.400000        1    5.11844187E-10  8.42036841E-10  4.07069033E-09  4.18826101E-09
    402 -0.400000 -0.450000 -0.400000        1    2.85553417E-10  9.64237601E-10  5.38275165E-09  5.47588442E-09
    403 -0.350000 -0.450000 -0.400000        1    4.31650539E-09  2.59772273E-09  1.38356684E-09  5.22442718E-09
    404 -0.300000 -0.450000 -0.400000        1    2.60362557E-09  6.07609300E-11  1.35222363E-09  2.93446192E-09
    405 -0.250000 -0.450000 -0.400000        1    7.72152380E-10  1.58146460E-09  3.58412048E-09  3.99288983E-09
    406 -0.200000 -0.450000 -0.400000        1    3.89363357E-10  5.02022005E-09  2.73569851E-10  5.04272284E-09
    407 -0.150000 -0.450000 -0.400000        1    1.33344305E-09  1.60425883E-09  2.02708735E-09  2.90874541E-09
    408 -0.100000 -0.450000 -0.400000        1    1.99236735E-10  1.04354379E-08  8.53280000E-09  1.34813477E-08
    409 -0.050000 -0.450000 -0.400000        1    3.94865265E-09  5.07637942E-09  9.30748287E-10  6.49829040E-09
    410  0.000000 -0.450000 -0.400000        1    3.98487765E-09  2.58497630E-09  7.82989544E-10  4.81398224E-09
    411  0.050000 -0.450000 -0.400000        1    3.06165668E-09  1.44907386E-09  1.14821557E-08  1.19713598E-08
    412  0.100000 -0.450000 -0.400000        1    9.35951983E-10  1.59689887E-09  8.16347733E-09  8.37069019E-09
    413  0.150000 -0.450000 -0.400000        1    5.82253777E-09  4.47411454E-09  5.79403562E-10  7.36582348E-09
    414  0.200000 -0.450000 -0.400000        1    1.65200478E-09  3.60801545E-09  1.05476685E-09  4.10602343E-09
    415  0.250000 -0.450000 -0.400000        1    4.57659950E-09  5.81347796E-09  1.98345414E-09  7.66001823E-09
    416  0.300000 -0.450000 -0.400000        1    1.23716982E-08  8.99158740E-09  6.23608096E-11  1.52941639E-08
    417  0.350000 -0.450000 -0.400000        1    1.58896615E-09  1.29599061E-09  1.62729223E-09  2.61772518E-09
    418  0.400000 -0.450000 -0.400000        1    2.91216171E-09  1.37123324E-09  9.19015234E-09  9.73754931E-09
    419  0.450000 -0.450000 -0.400000        1    1.75160946E-09  8.63568404E-10  7.24501274E-09  7.50360551E-09
    420  0.500000 -0.450000 -0.400000        1    7.05528343E-10  2.48411078E-09  2.13906101E-08  2.15459225E-08
    421 -0.450000 -0.400000 -0.400000        1    7.33832527E-09  1.32105371E-09  2.25841285E-09  7.79080415E-09
    422 -0.400000 -0.400000 -0.400000        1    1.28226853E-09  2.18096302E-09  1.34540940E-09  2.86547356E-09
    423 -0.350000 -0.400000 -0.400000        1    2.13452542E-09  3.24636589E-10  2.07201977E-10  2.16899063E-09
    424 -0.300000 -0.400000 -0.400000        1    4.28964929E-10  1.84734036E-09  1.32925974E-09  2.31594663E-09
    425 -0.250000 -0.400000 -0.400000        1    2.02370789E-09  5.04426891E-10  1.30351989E-09  2.45947235E-09
    426 -0.200000 -0.400000 -0.400000        1    5.92304674E-10  1.22361220E-08  1.43016238E-09  1.23336479E-08
    427 -0.150000 -0.400000 -0.400000        1    4.14271324E-09  2.39243780E-09  2.86806007E-09  5.57777735E-09
    428 -0.100000 -0.400000 -0.400000        1    9.31603634E-09  1.33644862E-10  4.29655965E-09  1.02599619E-08
    429 -0.050000 -0.400000 -0.400000        1    2.07920394E-09  1.01606301E-09  7.64881812E-09  7.99123843E-09
    430  0.000000 -0.400000 -0.400000        1    2.12435901E-09  4.38602638E-09  1.91786606E-09  5.23720715E-09
    431  0.050000 -0.400000 -0.400000        1    6.11554829E-10  1.39605360E-09  2.46750118E-09  2.90026327E-09
    432  0.100000 -0.400000 -0.400000        1    3.96012692E-09  9.34707864E-10  5.53127876E-09  6.86668251E-09
    433  0.150000 -0.400000 -0.400000        1    1.53622134E-09  8.04245721E-09  2.49739243E-10  8.19167038E-09
    434  0.200000 -0.400000 -0.400000        1    1.88740470E-09  1.28543420E-10  7.29237250E-09  7.53375846E-09
    435  0.250000 -0.400000 -0.400000        1    2.60497768E-09  1.98576905E-09  1.90456931E-09  3.78900669E-09
    436  0.300000 -0.400000 -0.400000        1    1.50933450E-09  1.14973217E-09  1.47845486E-10  1.90311140E-09
    437  0.350000 -0.400000 -0.400000        1    1.03597050E-10  1.03280489E-10  1.68185554E-09  1.68820534E-09
    438  0.400000 -0.400000 -0.400000        1    9.49005052E-10  1.77331461E-09  3.98095905E-09  4.46018948E-09
    439  0.450000 -0.400000 -0.400000        1    2.36440397E-09  1.33515029E-09  3.79372641E-10  2.74170678E-09
    440  0.500000 -0.400000 -0.400000        1    4.43931880E-09  9.64185684E-10  2.73432398E-10  4.55104062E-09
    441 -0.450000 -0.350000 -0.400000        1    4.43890601E-09  6.72802055E-09  3.18096602E-09  8.66537315E-09
    442 -0.400000 -0.350000 -0.400000        1    4.29818056E-09  1.28149711E-09  9.52668995E-09  1.05296919E-08
    443 -0.350000 -0.350000 -0.400000        1    4.02409430E-10  7.17181261E-09  5.20637615E-09  8.87148139E-09
    444 -0.300000 -0.350000 -0.400000        1    5.63951092E-10  1.55149499E-09  2.29156752E-09  2.82426260E-09
    445 -0.250000 -0.350000 -0.400000        1    1.39018090E-08  4.35940712E-10  1.07070212E-08  1.75525109E-08
    446 -0.200000 -0.350000 -0.400000        1    7.98294254E-09  5.01120670E-09  2.34217542E-09  9.71212386E-09
    447 -0.150000 -0.350000 -0.400000        1    5.18749897E-10  1.93428010E-09  1.14794050E-10  2.00592089E-09
    448 -0.100000 -0.350000 -0.400000        1    2.20608279E-10  1.75760302E-08  1.12855370E-09  1.76136066E-08
    449 -0.050000 -0.350000 -0.400000        1    1.26423751E-08  5.40576179E-09  1.12293197E-09  1.37953936E-08
    450  0.000000 -0.350000 -0.400000        1    2.01741597E-08  2.32131916E-09  1.56539813E-09  2.03675161E-08
    451  0.050000 -0.350000 -0.400000        1    2.22819619E-09  6.92856918E-09  9.56895493E-09  1.20222638E-08
    452  0.100000 -0.350000 -0.400000        1    2.93537193E-10  3.98714157E-09  1.04012203E-08  1.11431075E-08
    453  0.150000 -0.350000 -0.400000        1    1.53383485E-09  2.16915408E-08  1.46488581E-10  2.17461962E-08
    454  0.200000 -0.350000 -0.400000        1    1.70315961E-08  1.23361349E-08  2.11162591E-09  2.11356205E-08
    455  0.250000 -0.350000 -0.400000        1    3.51474080E-10  9.84625384E-09  5.03891377E-09  1.10662957E-08
    456  0.300000 -0.350000 -0.400000        1    4.55567945E-10  7.55436036E-10  8.31056010E-09  8.35725044E-09
    457  0.350000 -0.350000 -0.400000        1    7.18467358E-09  1.09137955E-09  5.04826067E-12  7.26709497E-09
    458  0.400000 -0.350000 -0.400000        1    1.21970210E-08  8.01304215E-09  4.05795136E-09  1.51473805E-08
    459  0.450000 -0.350000 -0.400000        1    9.70047540E-10  4.24668885E-09  4.26039426E-10  4.37685595E-09
    460  0.500000 -0.350000 -0.400000        1    1.91809147E-09  5.30171410E-09  4.17361377E-09  7.01472018E-09
    461 -0.450000 -0.300000 -0.400000        1    1.87959607E-08  1.68123984E-08  3.71651683E-09  2.54903388E-08
    462 -0.400000 -0.300000 -0.400000        1    4.23637583E-11  6.09921192E-09  3.56444220E-10  6.10976539E-09
    463 -0.350000 -0.300000 -0.400000        1    3.74268651E-09  2.65334030E-09  7.97109578E-09  9.19708024E-09
    464 -0.300000 -0.300000 -0.400000        1    7.07495281E-10  9.14322180E-10  1.82242170E-09  2.15818338E-09
    465 -0.250000 -0.300000 -0.400000        1    2.20708313E-08  8.41986296E-09  1.21153916E-08  2.65480395E-08
    466 -0.200000 -0.300000 -0.400000        1    1.24943814E-08  2.82781503E-09  3.30821278E-09  1.32306605E-08
    467 -0.150000 -0.300000 -0.400000        1    7.99415935E-09  7.16388922E-09  2.98689173E-09  1.11422356E-08
    468 -0.100000 -0.300000 -0.400000        1    7.67949545E-09  1.74463560E-08  1.43560782E-08  2.38630881E-08
    469 -0.050000 -0.300000 -0.400000        1    9.52710031E-10  2.36933904E-08  5.86903547E-09  2.44280572E-08
    470  0.000000 -0.300000 -0.400000        1    6.05214649E-08  2.70854575E-09  3.34906912E-08  6.92229032E-08
    471  0.050000 -0.300000 -0.400000        1    2.17266256E-08  2.20654684E-08  1.16319335E-09  3.09884522E-08
    472  0.100000 -0.300000 -0.400000        1    1.56300618E-08  4.16814510E-09  3.68608229E-09  1.65909454E-08
    473  0.150000 -0.300000 -0.400000        1    1.55569527E-08  5.77907455E-09  5.02374497E-09  1.73393913E-08
    474  0.200000 -0.300000 -0.400000        1    1.24435489E-08  1.35770542E-09  4.91327195E-09  1.34471378E-08
    475  0.250000 -0.300000 -0.400000        1    5.19589053E-09  1.14967828E-09  1.93657395E-08  2.00835979E-08
    476  0.300000 -0.300000 -0.400000        1    5.12932258E-09  8.05382866E-09  1.10526517E-08  1.46059993E-08
    477  0.350000 -0.300000 -0.400000        1    5.85971781E-09  7.76402793E-09  1.81167497E-09  9.89437157E-09
    478  0.400000 -0.300000 -0.400000        1    3.85691492E-08  1.84531752E-08  4.40229600E-09  4.29823122E-08
    479  0.450000 -0.300000 -0.400000        1    1.73958891E-08  5.94871096E-09  3.08789463E-09  1.86424036E-08
    480  0.500000 -0.300000 -0.400000        1    3.09182969E-10  3.36788443E-09  4.67063171E-10  3.41414523E-09
    481 -0.450000 -0.250000 -0.400000        1    6.57561019E-10  2.48036915E-09  2.19720284E-09  3.37821224E-09
    482 -0.400000 -0.250000 -0.400000        1    1.87846892E-09  1.53590923E-10  1.85053701E-10  1.89380055E-09
    483 -0.350000 -0.250000 -0.400000        1    1.01946837E-08  1.53686564E-08  6.02843859E-09  1.94028155E-08
    484 -0.300000 -0.250000 -0.400000        1    6.46981530E-09  5.13439678E-09  2.92283677E-09  8.76147905E-09
    485 -0.250000 -0.250000 -0.400000        1    1.18110221E-09  1.45425365E-09  2.64758968E-09  3.24339131E-09
    486 -0.200000 -0.250000 -0.400000        1    1.00680232E-08  2.74357836E-09  1.22233967E-09  1.05064945E-08
    487 -0.150000 -0.250000 -0.400000        1    5.63759278E-09  1.84592191E-11  3.05940836E-09  6.41426321E-09
    488 -0.100000 -0.250000 -0.400000        1    4.57731603E-09  8.66327752E-09  4.96244608E-09  1.09831722E-08
    489 -0.050000 -0.250000 -0.400000        1    1.88052780E-09  1.29770563E-09  1.99548360E-09  3.03354240E-09
    490  0.000000 -0.250000 -0.400000        1    5.62593745E-09  5.20723233E-10  1.34987256E-08  1.46334520E-08
    491  0.050000 -0.250000 -0.400000        1    1.09334891E-09  4.28628450E-09  1.56343958E-09  4.69169372E-09
    492  0.100000 -0.250000 -0.400000        1    5.16685579E-09  3.56180178E-09  4.05034812E-09  7.46914658E-09
    493  0.150000 -0.250000 -0.400000        1    2.07248520E-09  1.91244798E-09  3.04607095E-09  4.15104811E-09
    494  0.200000 -0.250000 -0.400000        1    1.35329622E-09  7.01066917E-10  1.26223735E-08  1.27140559E-08
    495  0.250000 -0.250000 -0.400000        1    6.56409591E-09  2.09181337E-09  5.60361489E-09  8.88051452E-09
    496  0.300000 -0.250000 -0.400000        1    3.42963229E-09  5.66757365E-10  1.98701094E-08  2.01718823E-08
    497  0.350000 -0.250000 -0.400000        1    1.20388969E-08  2.54058022E-09  3.54695789E-09  1.28050965E-08
    498  0.400000 -0.250000 -0.400000        1    1.85967637E-09  9.56683866E-10  2.69068889E-09  3.40785077E-09
    499  0.450000 -0.250000 -0.400000        1    5.90130418E-09  2.02887441E-09  2.59855498E-09  6.75974929E-09
    500  0.500000 -0.250000 -0.400000        1    2.37932998E-09  2.28429991E-09  8.31874692E-09  8.94878693E-09
    501 -0.450000 -0.200000 -0.400000        1    4.81213575E-09  5.38073861E-09  6.38235294E-10  7.24681604E-09
    502 -0.400000 -0.200000 -0.400000        1    3.74631133E-10  1.56548466E-09  1.65026398E-09  2.30531167E-09
    503 -0.350000 -0.200000 -0.400000        1    1.13134829E-09  2.21959861E-09  3.37502013E-09  4.19491690E-09
    504 -0.300000 -0.200000 -0.400000        1    1.77244313E-09  4.19966049E-09  2.98532256E-09  5.44893142E-09
    505 -0.250000 -0.200000 -0.400000        1    8.67257399E-09  1.59637691E-09  7.40476398E-10  8.84930869E-09
    506 -0.200000 -0.200000 -0.400000        1    7.12816146E-09  1.79181333E-09  3.37201257E-09  8.08651653E-09
    507 -0.150000 -0.200000 -0.400000        1    1.06056571E-10  2.88388759E-09  2.52279075E-09  3.83308345E-09
    508 -0.100000 -0.200000 -0.400000        1    1.04214610E-08  3.90432111E-09  1.61221263E-09  1.12449901E-08
    509 -0.050000 -0.200000 -0.400000        1    3.31275802E-10  4.36194422E-09  1.20479776E-08  1.28175686E-08
    510  0.000000 -0.200000 -0.400000        1    3.98361450E-09  3.35074964E-09  8.63339210E-09  1.00812780E-08
    511  0.050000 -0.200000 -0.400000        1    6.02450127E-09  1.33107259E-08  9.47754069E-09  1.74153328E-08
    512  0.100000 -0.200000 -0.400000        1    1.30811815E-08  1.11256890E-10  6.56077146E-09  1.46346647E-08
    513  0.150000 -0.200000 -0.400000        1    4.16508927E-09  2.02270555E-08  7.37557801E-09  2.19289967E-08
    514  0.200000 -0.200000 -0.400000        1    3.90678075E-09  9.87499414E-10  6.97339417E-10  4.08954437E-09
    515  0.250000 -0.200000 -0.400000        1    5.01939480E-09  3.59432329E-09  7.47998026E-09  9.69863850E-09
    516  0.300000 -0.200000 -0.400000        1    9.90663243E-10  6.40223549E-10  1.22192645E-10  1.18584607E-09
    517  0.350000 -0.200000 -0.400000        1    1.60991359E-09  5.63115895E-09  3.43083610E-09  6.78766596E-09
    518  0.400000 -0.200000 -0.400000        1    5.21819168E-09  5.62234525E-09  2.60624704E-10  7.67516878E-09
    519  0.450000 -0.200000 -0.400000        1    2.47396615E-09  1.48432188E-10  2.39244634E-10  2.48993546E-09
    520  0.500000 -0.200000 -0.400000        1    1.28259591E-09  1.43455676E-09  4.11116521E-09  4.53923834E-09
    521 -0.450000 -0.150000 -0.400000        1    3.49526262E-08  5.38811632E-09  7.35045937E-09  3.61212836E-08
    522 -0.400000 -0.150000 -0.400000        1    5.71533701E-09  1.21002299E-09  1.60685680E-10  5.84423243E-09
    523 -0.350000 -0.150000 -0.400000        1    5.73814102E-09  1.25206206E-09  2.66829379E-09  6.45086921E-09
    524 -0.300000 -0.150000 -0.400000        1    1.01204194E-08  9.94807886E-09  3.66893559E-09  1.46577028E-08
    525 -0.250000 -0.150000 -0.400000        1    1.34877769E-08  1.04380422E-08  5.32346283E-10  1.70633011E-08
    526 -0.200000 -0.150000 -0.400000        1    5.73021836E-09  7.88839390E-10  5.29238490E-09  7.84008979E-09
    527 -0.150000 -0.150000 -0.400000        1    3.05712722E-10  3.15246306E-09  3.72862897E-09  4.89225486E-09
    528 -0.100000 -0.150000 -0.400000        1    1.58589368E-08  2.25217850E-10  1.94554585E-10  1.58617292E-08
    529 -0.050000 -0.150000 -0.400000        1    1.23292565E-08  1.04052885E-08  2.62433990E-09  1.63452670E-08
    530  0.000000 -0.150000 -0.400000        1    3.71864573E-09  6.63503669E-10  1.59128612E-09  4.09887237E-09
    531  0.050000 -0.150000 -0.400000        1    4.94321594E-09  7.85914216E-09  2.50423733E-09  9.61627287E-09
    532  0.100000 -0.150000 -0.400000        1    4.97239807E-09  1.60886756E-08  1.82538121E-08  2.48348924E-08
    533  0.150000 -0.150000 -0.400000        1    2.85115766E-09  2.15632979E-09  2.81656588E-09  4.55103301E-09
    534  0.200000 -0.150000 -0.400000        1    5.40036327E-10  6.56132886E-09  1.31533893E-09  6.71362734E-09
    535  0.250000 -0.150000 -0.400000        1    1.04703023E-08  1.71205920E-08  2.32062132E-09  2.02021579E-08
    536  0.300000 -0.150000 -0.400000        1    1.11100222E-09  1.06229859E-08  6.02928777E-09  1.22651729E-08
    537  0.350000 -0.150000 -0.400000        1    6.86674507E-09  1.63503539E-09  3.06651532E-10  7.06537782E-09
    538  0.400000 -0.150000 -0.400000        1    2.45917528E-09  2.55959629E-09  2.35523311E-09  4.25983558E-09
    539  0.450000 -0.150000 -0.400000        1    4.53714782E-09  1.37330717E-10  1.33338110E-11  4.53924530E-09
    540  0.500000 -0.150000 -0.400000        1    5.80734874E-10  2.43643767E-09  1.85607369E-09  3.11744945E-09
    541 -0.450000 -0.100000 -0.400000        1    2.05271390E-08  1.22557460E-08  6.37627235E-10  2.39159635E-08
    542 -0.400000 -0.100000 -0.400000        1    1.12592252E-08  3.01196731E-08  8.59513201E-09  3.32842479E-08
    543 -0.350000 -0.100000 -0.400000        1    8.36708873E-09  5.00298782E-09  1.56789502E-08  1.84625984E-08
    544 -0.300000 -0.100000 -0.400000        1    1.59655839E-08  7.39826207E-09  2.74191159E-09  1.78087684E-08
    545 -0.250000 -0.100000 -0.400000        1    1.39917360E-09  8.86326235E-10  6.28521923E-09  6.49978782E-09
    546 -0.200000 -0.100000 -0.400000        1    1.84664791E-08  1.87388134E-08  4.69116413E-09  2.67237909E-08
    547 -0.150000 -0.100000 -0.400000        1    1.13262719E-08  1.70290888E-08  5.64070935E-10  2.04595327E-08
    548 -0.100000 -0.100000 -0.400000        1    9.58518067E-09  1.04068228E-09  1.37767868E-08  1.68154264E-08
    549 -0.050000 -0.100000 -0.400000        1    3.00452039E-08  2.17561390E-08  1.26965840E-08  3.92077429E-08
    550  0.000000 -0.100000 -0.400000        1    4.64618058E-09  1.16477509E-08  1.75606296E-08  2.15785265E-08
    551  0.050000 -0.100000 -0.400000        1    2.02812851E-08  4.06950859E-09  1.05509503E-08  2.32209814E-08
    552  0.100000 -0.100000 -0.400000        1    6.90547070E-09  3.21543815E-08  1.84706319E-09  3.29393597E-08
    553  0.150000 -0.100000 -0.400000        1    1.48926334E-08  4.04898800E-08  1.63337438E-08  4.61303815E-08
    554  0.200000 -0.100000 -0.400000        1    1.98007107E-09  3.17757067E-09  2.68849562E-08  2.71444010E-08
    555  0.250000 -0.100000 -0.400000        1    2.99117663E-09  1.27866846E-08  1.23811701E-10  1.31324701E-08
    556  0.300000 -0.100000 -0.400000        1    4.65544908E-09  8.46461004E-09  3.35004331E-08  3.48654821E-08
    557  0.350000 -0.100000 -0.400000        1    5.58743402E-09  9.16940152E-09  4.88166430E-09  1.17952528E-08
    558  0.400000 -0.100000 -0.400000        1    4.60416720E-09  1.12968951E-09  4.36195121E-09  6.44214036E-09
    559  0.450000 -0.100000 -0.400000        1    4.86763442E-09  3.17080790E-09  1.85097816E-08  1.93999975E-08
    560  0.500000 -0.100000 -0.400000        1    1.83268814E-08  1.02794485E-08  3.66668531E-09  2.13304061E-08
    561 -0.450000 -0.050000 -0.400000        1    1.34169394E-08  2.60857198E-09  1.82330060E-09  1.37892471E-08
    562 -0.400000 -0.050000 -0.400000        1    2.16742967E-09  8.01645240E-09  2.92149021E-09  8.80320200E-09
    563 -0.350000 -0.050000 -0.400000        1    2.29744001E-09  7.30614158E-10  6.50040750E-09  6.93306031E-09
    564 -0.300000 -0.050000 -0.400000        1    3.96288828E-09  1.12604695E-09  1.56491490E-09  4.40697446E-09
    565 -0.250000 -0.050000 -0.400000        1    4.52959713E-09  4.07729126E-09  8.87294360E-11  6.09503298E-09
    566 -0.200000 -0.050000 -0.400000        1    1.61851392E-08  8.41713200E-10  2.23542234E-12  1.62070113E-08
    567 -0.150000 -0.050000 -0.400000        1    9.85823450E-09  1.17887123E-08  3.36760220E-10  1.53711396E-08
    568 -0.100000 -0.050000 -0.400000        1    1.57743331E-08  7.13281126E-09  8.90122882E-09  1.94663416E-08
    569 -0.050000 -0.050000 -0.400000        1    2.27682025E-08  1.58764081E-08  7.47311070E-09  2.87454129E-08
    570  0.000000 -0.050000 -0.400000        1    1.25683583E-08  4.40084276E-09  1.70771077E-08  2.16554533E-08
    571  0.050000 -0.050000 -0.400000        1    8.29602301E-09  1.32747246E-09  8.54345495E-09  1.19823538E-08
    572  0.100000 -0.050000 -0.400000        1    1.93766752E-08  4.93701813E-09  1.06867434E-08  2.26723659E-08
    573  0.150000 -0.050000 -0.400000        1    7.49936580E-09  3.73788361E-09  1.74079113E-08  1.93196179E-08
    574  0.200000 -0.050000 -0.400000        1    2.70192272E-09  8.39705335E-10  1.02410207E-09  3.00903248E-09
    575  0.250000 -0.050000 -0.400000        1    3.91794633E-10  7.29148810E-10  3.59401234E-09  3.68810056E-09
    576  0.300000 -0.050000 -0.400000        1    5.70140036E-09  5.47182422E-10  5.02942927E-09  7.62237060E-09
    577  0.350000 -0.050000 -0.400000        1    3.98741706E-10  1.48549645E-08  8.99120148E-09  1.73686692E-08
    578  0.400000 -0.050000 -0.400000        1    3.29689306E-09  1.67696166E-09  3.35403990E-09  4.99312407E-09
    579  0.450000 -0.050000 -0.400000        1    1.62747530E-09  8.15037742E-09  2.96428184E-09  8.82407472E-