   #Iter           <M>_x           <M>_y           <M>_z             <M>        M_{stdv}
       0  7.93849008E-02  5.30317862E-02 -1.00590186E-01  1.38682077E-01  0.00000000E+00
     100  4.12350498E-02  4.06970576E-02 -1.22652726E-01  1.35647599E-01  0.00000000E+00
     200  6.73084348E-02  2.67621582E-04 -9.88023313E-02  1.19550816E-01  0.00000000E+00
     300  5.18754847E-02 -2.62076075E-02 -9.48340279E-02  1.11226784E-01  0.00000000E+00
     400  7.72165539E-02 -6.33285368E-02 -1.08310586E-01  1.47323056E-01  0.00000000E+00
     500  8.22113377E-02 -5.71879662E-02 -1.13966746E-01  1.51715479E-01  0.00000000E+00
     600  9.18815061E-02 -6.01873649E-02 -1.04048049E-01  1.51296816E-01  0.00000000E+00
     700  7.24625407E-02 -9.43546270E-02 -1.11454753E-01  1.63020788E-01  0.00000000E+00
     800  5.56724417E-02 -7.97796197E-02 -1.01179918E-01  1.40362332E-01  0.00000000E+00
     900  8.65100878E-02 -8.35829019E-02 -6.41735233E-02  1.36339055E-01  0.00000000E+00
    1000  7.29205421E-02 -7.84361051E-02 -1.17169590E-01  1.58739853E-01  0.00000000E+00
    1100  5.46633911E-02 -9.82391634E-02 -1.44798264E-01  1.83318185E-01  0.00000000E+00
    1200  3.78616610E-02 -7.42460680E-02 -1.35919028E-01  1.59436402E-01  0.00000000E+00
    1300  3.11727025E-02 -3.52613684E-02 -1.51469393E-01  1.58612983E-01  0.00000000E+00
    1400  1.92605351E-02 -2.67672985E-02 -1.54814379E-01  1.58287550E-01  0.00000000E+00
    1500  3.03624269E-02 -3.79217790E-02 -1.40742199E-01  1.48890244E-01  0.00000000E+00
    1600  4.19452558E-02 -2.68651202E-02 -1.55578593E-01  1.63358005E-01  0.00000000E+00
    1700  2.18402630E-02  1.26625537E-02 -1.66992740E-01  1.68890239E-01  0.00000000E+00
    1800  2.92375627E-02 -2.93299332E-02 -1.52420898E-01  1.57946859E-01  0.00000000E+00
    1900  6.19189836E-02 -5.96754547E-02 -1.16988434E-01  1.45194401E-01  0.00000000E+00
    2000  5.57971937E-02 -5.08204095E-02 -1.20657556E-01  1.42317556E-01  0.00000000E+00
    2100  9.53926200E-04 -5.71039875E-02 -1.32331925E-01  1.44130197E-01  0.00000000E+00
    2200  4.45062910E-02 -2.90690602E-02 -1.62129067E-01  1.70621378E-01  0.00000000E+00
    2300  6.67566625E-02 -2.22030168E-04 -1.36467568E-01  1.51920698E-01  0.00000000E+00
    2400  6.75324951E-02  2.00663148E-02 -1.65334698E-01  1.79718829E-01  0.00000000E+00
    2500  7.00608553E-02  1.27851197E-02 -1.66726324E-01  1.81299889E-01  0.00000000E+00
    2600  6.92547355E-02 -6.04651596E-02 -1.29112440E-01  1.58500082E-01  0.00000000E+00
    2700  4.19441339E-02 -4.54575398E-02 -1.69597972E-01  1.80524709E-01  0.00000000E+00
    2800  7.17578524E-02 -6.59831390E-02 -1.24791793E-01  1.58353894E-01  0.00000000E+00
    2900  8.11456501E-02 -4.92043976E-02 -1.27443357E-01  1.58894615E-01  0.00000000E+00
    3000  8.49704622E-02 -5.27300069E-02 -1.12507526E-01  1.50526996E-01  0.00000000E+00
    3100  8.09808749E-02 -3.21908227E-02 -1.06300404E-01  1.37455182E-01  0.00000000E+00
    3200  6.54116792E-02 -8.44238129E-02 -1.01741311E-01  1.47503771E-01  0.00000000E+00
    3300  7.30098976E-02 -4.59881820E-02 -8.89318941E-02  1.23912226E-01  0.00000000E+00
    3400  7.09516073E-02 -4.69058401E-02 -8.43512734E-02  1.19789089E-01  0.00000000E+00
    3500  6.82543543E-02 -5.30508371E-02 -1.15060902E-01  1.43916849E-01  0.00000000E+00
    3600  9.54809171E-02 -6.73810958E-02 -1.43829068E-01  1.85320313E-01  0.00000000E+00
    3700  8.46410022E-02 -6.37451263E-02 -1.08025843E-01  1.51317953E-01  0.00000000E+00
    3800  6.50684916E-02 -6.56294911E-02 -1.11241362E-01  1.44622886E-01  0.00000000E+00
    3900  7.13969613E-02 -9.84178350E-02 -9.20443004E-02  1.52498359E-01  0.00000000E+00
    4000  8.01659192E-02 -8.91856641E-02 -9.97212787E-02  1.55964710E-01  0.00000000E+00
    4100  6.38251389E-02 -1.26711396E-01 -7.86258851E-02  1.62208064E-01  0.00000000E+00
    4200  5.31225992E-02 -1.16703396E-01 -7.97642212E-02  1.51010013E-01  0.00000000E+00
    4300  1.82968804E-02 -1.20939689E-01 -6.64846767E-02  1.39217084E-01  0.00000000E+00
    4400  6.14194808E-03 -1.38912476E-01 -5.52101305E-02  1.49608015E-01  0.00000000E+00
    4500 -4.41008285E-02 -1.30599322E-01 -5.88595081E-02  1.49884981E-01  0.00000000E+00
    4600 -3.67630875E-02 -1.16645347E-01 -9.00208561E-02  1.51859857E-01  0.00000000E+00
    4700 -3.87612516E-02 -1.35048186E-01 -8.41759133E-02  1.63786543E-01  0.00000000E+00
    4800 -7.01949495E-02 -1.39587240E-01 -4.99330275E-02  1.64028155E-01  0.00000000E+00
    4900 -8.79236699E-02 -1.41908281E-01 -2.59377154E-02  1.68941697E-01  0.00000000E+00
    5000 -7.43819636E-02 -1.39938175E-01  2.13787571E-03  1.58492712E-01  0.00000000E+00
    5100 -6.67564599E-02 -1.74611558E-01  2.52677816E-03  1.86954555E-01  0.00000000E+00
    5200 -5.88413285E-02 -1.22506440E-01  1.27775710E-02  1.36504198E-01  0.00000000E+00
    5300 -1.10724450E-02 -1.22908682E-01  2.29086922E-02  1.25514746E-01  0.00000000E+00
    5400 -5.36835841E-02 -1.22927239E-01  6.98416424E-03  1.34319812E-01  0.00000000E+00
    5500 -6.66503935E-03 -1.53795130E-01 -1.78576388E-02  1.54971804E-01  0.00000000E+00
    5600 -2.20479783E-02 -1.49821910E-01  6.02703585E-03  1.51555413E-01  0.00000000E+00
    5700 -3.57520187E-02 -1.36179205E-01  1.29735492E-02  1.41390578E-01  0.00000000E+00
    5800 -7.63764919E-02 -1.27650952E-01 -2.61324546E-02  1.51033239E-01  0.00000000E+00
    5900 -5.51071610E-02 -1.39286276E-01 -1.57495895E-02  1.50617115E-01  0.00000000E+00
    6000 -4.39542642E-02 -1.34826999E-01 -5.01085669E-03  1.41899280E-01  0.00000000E+00
    6100 -6.52937686E-02 -1.38839715E-01  1.18897460E-02  1.53886675E-01  0.00000000E+00
    6200 -4.01872696E-02 -1.30158882E-01  1.96125598E-02  1.37626320E-01  0.00000000E+00
    6300 -3.29413932E-02 -1.12357056E-01 -1.30660484E-02  1.17813263E-01  0.00000000E+00
    6400 -1.05094042E-01 -1.24450840E-01  4.62602017E-03  1.62954501E-01  0.00000000E+00
    6500 -8.95267746E-02 -9.64606319E-02  8.42543681E-03  1.31873746E-01  0.00000000E+00
    6600 -7.44740223E-02 -1.07439407E-01 -1.78913224E-02  1.31945844E-01  0.00000000E+00
    6700 -3.82471378E-02 -1.33606802E-01 -1.25990018E-02  1.39543384E-01  0.00000000E+00
    6800 -9.81728086E-03 -1.32138772E-01 -1.66061672E-02  1.33539502E-01  0.00000000E+00
    6900 -1.72729666E-03 -1.45271273E-01  1.62545485E-02  1.46188018E-01  0.00000000E+00
    7000 -5.11002333E-03 -1.54239610E-01  6.03697241E-02  1.65712019E-01  0.00000000E+00
    7100 -5.35317618E-02 -1.04193512E-01  1.05049999E-01  1.57344971E-01  0.00000000E+00
    7200 -6.83491485E-02 -1.11217020E-01  1.23660622E-01  1.79813184E-01  0.00000000E+00
    7300 -8.17996615E-02 -1.06561111E-01  1.06477214E-01  1.71417187E-01  0.00000000E+00
    7400 -8.00515796E-02 -1.03324876E-01  8.46743559E-02  1.55737060E-01  0.00000000E+00
    7500 -4.45058357E-02 -1.26266253E-01  6.56125732E-02  1.49093748E-01  0.00000000E+00
    7600 -8.23405194E-03 -1.29601828E-01  5.57061880E-02  1.41306804E-01  0.00000000E+00
    7700 -4.82446793E-02 -1.38715385E-01  4.94890309E-02  1.54979584E-01  0.00000000E+00
    7800 -2.24520144E-02 -1.25165677E-01  5.52885921E-02  1.38662786E-01  0.00000000E+00
    7900 -2.46445388E-02 -1.28151513E-01  4.90648070E-02  1.39418503E-01  0.00000000E+00
    8000 -2.38433165E-02 -1.41860788E-01  3.37370836E-02  1.47753774E-01  0.00000000E+00
    8100  1.32658701E-02 -1.35507019E-01  6.37558928E-02  1.50342773E-01  0.00000000E+00
    8200 -1.30651487E-03 -1.23677705E-01  6.38974164E-02  1.39214803E-01  0.00000000E+00
    8300 -1.29894048E-02 -1.20524601E-01  5.54090144E-02  1.33285644E-01  0.00000000E+00
    8400 -1.03855983E-02 -1.49307913E-01  1.08729566E-01  1.84994140E-01  0.00000000E+00
    8500 -1.05288508E-02 -1.02545254E-01  1.22446101E-01  1.60060718E-01  0.00000000E+00
    8600 -4.80340726E-02 -9.43384701E-02  1.08178002E-01  1.51358842E-01  0.00000000E+00
    8700 -5.35334356E-02 -6.66445079E-02  1.07503854E-01  1.37347726E-01  0.00000000E+00
    8800 -7.86646186E-02 -5.10252241E-02  1.23918184E-01  1.55394376E-01  0.00000000E+00
    8900 -7.31372166E-02 -3.73129846E-02  1.22062266E-01  1.47107132E-01  0.00000000E+00
    9000 -1.06536559E-01  9.33745857E-03  1.18298335E-01  1.59473266E-01  0.00000000E+00
    9100 -1.34086924E-01  1.31721853E-02  1.20719573E-01  1.80903358E-01  0.00000000E+00
    9200 -1.09610772E-01  9.06242648E-03  1.22505961E-01  1.64634017E-01  0.00000000E+00
    9300 -1.01253783E-01  4.32557280E-02  9.96452826E-02  1.48501073E-01  0.00000000E+00
    9400 -1.13366433E-01  2.39213280E-02  8.99235844E-02  1.46664341E-01  0.00000000E+00
    9500 -1.18036274E-01  3.98907242E-02  8.62125541E-02  1.51513816E-01  0.00000000E+00
    9600 -1.03237467E-01  5.37519655E-02  9.49694468E-02  1.50221317E-01  0.00000000E+00
    9700 -7.62531024E-02  5.98097800E-02  1.19846115E-01  1.54126041E-01  0.00000000E+00
    9800 -9.63116203E-02  5.60242778E-02  1.29843398E-01  1.71096335E-01  0.00000000E+00
    9900 -9.83763605E-02  8.75349714E-02  1.10336678E-01  1.71797736E-01  0.00000000E+00
   10000 -9.84737155E-02  7.92353769E-02  8.05449552E-02  1.49875973E-01  0.00000000E+00
   10100 -1.28312296E-01  7.97115652E-02  7.13102916E-02  1.67042320E-01  0.00000000E+00
   10200 -1.10138131E-01  6.55963540E-02  7.41533773E-02  1.48094608E-01  0.00000000E+00
   10300 -1.32086456E-01  4.36073192E-02  8.50922486E-02  1.63061709E-01  0.00000000E+00
   10400 -8.98294815E-02  1.04561284E-02  9.24768154E-02  1.29346928E-01  0.00000000E+00
   10500 -5.74469305E-02  3.53095752E-02  1.39690595E-01  1.55114081E-01  0.00000000E+00
   10600 -5.09187537E-02  2.94869172E-02  1.50814489E-01  1.61886404E-01  0.00000000E+00
   10700 -6.10357460E-02  6.91522958E-02  1.36142261E-01  1.64444877E-01  0.00000000E+00
   10800 -3.68636454E-02  8.79615023E-02  1.36751663E-01  1.66724838E-01  0.00000000E+00
   10900 -1.54768290E-02  8.35309227E-02  1.19808283E-01  1.46870596E-01  0.00000000E+00
   11000 -7.73199505E-03  9.80265227E-02  1.08034213E-01  1.46083449E-01  0.00000000E+00
   11100 -6.02631281E-03  7.73143398E-02  1.28414802E-01  1.50013949E-01  0.00000000E+00
   11200 -1.70431945E-02  9.69520408E-02  1.28779373E-01  1.62093478E-01  0.00000000E+00
   11300 -4.46683320E-02  1.16633413E-01  1.10024337E-01  1.66445089E-01  0.00000000E+00
   11400 -4.20329441E-03  8.69223955E-02  1.23431575E-01  1.51024913E-01  0.00000000E+00
   11500  9.62415175E-03  9.23100090E-02  1.40165507E-01  1.68107499E-01  0.00000000E+00
   11600  6.71395820E-03  1.11684307E-01  1.14063413E-01  1.59777732E-01  0.00000000E+00
   11700  2.33146295E-03  1.18276825E-01  1.11910079E-01  1.62845660E-01  0.00000000E+00
   11800  4.89117485E-03  9.39368923E-02  9.17684214E-02  1.31413494E-01  0.00000000E+00
   11900 -7.99385060E-03  1.04177604E-01  7.84239443E-02  1.30641456E-01  0.00000000E+00
   12000 -1.59694205E-02  1.08835714E-01  9.25555092E-02  1.43759373E-01  0.00000000E+00
   12100 -1.80683095E-02  1.12025184E-01  8.52886437E-02  1.41951606E-01  0.00000000E+00
   12200 -2.28600189E-02  9.87354784E-02  6.45138049E-02  1.20138696E-01  0.00000000E+00
   12300 -7.06720075E-02  1.15446310E-01  8.35462762E-02  1.59067167E-01  0.00000000E+00
   12400 -9.60655973E-02  6.47485955E-02  7.23673609E-02  1.36594343E-01  0.00000000E+00
   12500 -8.18060724E-02  5.83248784E-02  9.83961983E-02  1.40626586E-01  0.00000000E+00
   12600 -7.66233512E-02  5.85395585E-02  1.03024952E-01  1.41110448E-01  0.00000000E+00
   12700 -6.07538965E-02  8.01664709E-02  1.32494669E-01  1.66350643E-01  0.00000000E+00
   12800 -1.44572462E-02  5.79031115E-02  1.15549702E-01  1.30051974E-01  0.00000000E+00
   12900 -2.17338758E-02  1.10711898E-02  8.72595414E-02  9.06044158E-02  0.00000000E+00
   13000 -6.63754876E-03  2.22997986E-02  1.01601449E-01  1.04231437E-01  0.00000000E+00
   13100  1.54533600E-02  2.51411285E-02  1.23961889E-01  1.27426185E-01  0.00000000E+00
   13200 -1.34343429E-02  4.59259919E-02  1.13741800E-01  1.23397226E-01  0.00000000E+00
   13300  5.04757671E-03  4.88560239E-03  1.37086537E-01  1.37266404E-01  0.00000000E+00
   13400  7.07863734E-03 -5.56815027E-04  1.34309471E-01  1.34497030E-01  0.00000000E+00
   13500  1.39021557E-02 -1.09296974E-02  1.33059801E-01  1.34229799E-01  0.00000000E+00
   13600  1.01290735E-02 -2.14422667E-02  1.49968761E-01  1.51832138E-01  0.00000000E+00
   13700  5.15479682E-02  4.32350139E-03  1.39499992E-01  1.48782168E-01  0.00000000E+00
   13800  7.74345544E-02  3.83541025E-03  1.23655001E-01  1.45949922E-01  0.00000000E+00
   13900  3.97898173E-02  1.88237031E-02  1.23629439E-01  1.31231854E-01  0.00000000E+00
   14000  8.11018262E-02  3.13482332E-02  1.24793659E-01  1.52097585E-01  0.00000000E+00
   14100  1.14386899E-01 -8.14185523E-03  1.18944923E-01  1.65222720E-01  0.00000000E+00
   14200  1.48904360E-01  7.41968830E-03  1.24917934E-01  1.94504628E-01  0.00000000E+00
   14300  1.13037412E-01  4.17462000E-04  1.36554633E-01  1.77270411E-01  0.00000000E+00
   14400  8.63273600E-02  5.63733407E-02  1.12573848E-01  1.52653981E-01  0.00000000E+00
   14500  7.21844541E-02  5.14631027E-02  1.30858748E-01  1.58060299E-01  0.00000000E+00
   14600  9.49494899E-02  6.95230081E-02  1.29122316E-01  1.74703826E-01  0.00000000E+00
   14700  7.57217236E-02  8.30085248E-02  1.42746800E-01  1.81661343E-01  0.00000000E+00
   14800  1.01509820E-01  8.42217530E-02  1.20938360E-01  1.78951485E-01  0.00000000E+00
   14900  8.67425722E-02  9.58924290E-02  1.00976984E-01  1.64060913E-01  0.00000000E+00
   15000  1.21287579E-01  9.31425181E-02  8.34462401E-02  1.74211023E-01  0.00000000E+00
   15100  6.87012524E-02  1.13206070E-01  6.96581954E-02  1.49625334E-01  0.00000000E+00
   15200  7.45628444E-02  1.18298894E-01  2.92221888E-02  1.42857210E-01  0.00000000E+00
   15300  9.01259514E-02  1.16000296E-01 -2.47360566E-02  1.48965192E-01  0.00000000E+00
   15400  1.28113386E-01  7.00026839E-02  2.36039782E-02  1.47886995E-01  0.00000000E+00
   15500  1.23771952E-01  8.47655359E-02 -1.18427143E-02  1.50482365E-01  0.00000000E+00
   15600  1.01535965E-01  7.72221245E-02 -1.92202039E-02  1.29004747E-01  0.00000000E+00
   15700  1.20695041E-01  3.10342976E-02 -4.35606029E-02  1.32014949E-01  0.00000000E+00
   15800  8.23838669E-02  1.75858780E-02 -7.17800699E-02  1.10674040E-01  0.00000000E+00
   15900  1.25230368E-01  4.36796527E-02 -7.35027999E-02  1.51635150E-01  0.00000000E+00
   16000  1.66322418E-01  6.32268063E-02 -3.92520474E-02  1.82212785E-01  0.00000000E+00
   16100  1.40960970E-01  3.80652317E-02 -6.43847389E-02  1.59575535E-01  0.00000000E+00
   16200  1.34943723E-01  4.52830218E-02 -8.67785868E-02  1.66705980E-01  0.00000000E+00
   16300  1.31457005E-01  2.05904737E-02 -6.83808526E-02  1.49602316E-01  0.00000000E+00
   16400  1.54065410E-01  4.71690148E-02 -2.92452820E-02  1.63756994E-01  0.00000000E+00
   16500  1.69249607E-01  4.30927163E-02 -5.00932433E-02  1.81691344E-01  0.00000000E+00
   16600  1.56319297E-01  7.70464762E-02 -2.88068139E-02  1.76640071E-01  0.00000000E+00
   16700  1.52799610E-01  8.98818815E-02 -3.76831522E-03  1.77315182E-01  0.00000000E+00
   16800  1.41099150E-01  9.16811409E-02 -5.74022935E-03  1.68366719E-01  0.00000000E+00
   16900  1.30907889E-01  8.73181849E-02 -8.73740800E-03  1.57599756E-01  0.00000000E+00
   17000  8.88520187E-02  1.26590742E-01  3.89082133E-02  1.59479611E-01  0.00000000E+00
   17100  6.75839022E-02  1.25807917E-01  6.00755898E-02  1.54933187E-01  0.00000000E+00
   17200  6.38450692E-02  1.12948215E-01  4.23146300E-02  1.36469851E-01  0.00000000E+00
   17300  1.06025904E-01  1.01345426E-01  2.97479411E-02  1.49657368E-01  0.00000000E+00
   17400  1.04544718E-01  9.50828317E-02  2.59546354E-02  1.43680152E-01  0.00000000E+00
   17500  1.13723637E-01  9.44683185E-02  1.38862573E-02  1.48492953E-01  0.00000000E+00
   17600  1.13410507E-01  1.02520861E-01 -3.60616734E-03  1.52923099E-01  0.00000000E+00
   17700  1.27631629E-01  1.00871390E-01  2.94635429E-02  1.65326859E-01  0.00000000E+00
   17800  1.26669299E-01  5.72845597E-02  1.35150242E-02  1.39675653E-01  0.00000000E+00
   17900  1.55236730E-01  4.05901687E-02  1.15027825E-02  1.60867393E-01  0.00000000E+00
   18000  1.57906890E-01  4.54935711E-02 -1.34104761E-02  1.64875989E-01  0.00000000E+00
   18100  1.39058795E-01  2.93416974E-02 -2.15785896E-02  1.43749502E-01  0.00000000E+00
   18200  1.33694630E-01  1.60268972E-02 -5.65836330E-03  1.34770666E-01  0.00000000E+00
   18300  1.39132496E-01 -2.77539928E-02 -6.51796431E-03  1.42023305E-01  0.00000000E+00
   18400  1.48370653E-01 -2.47457274E-02 -1.25860007E-02  1.50945716E-01  0.00000000E+00
   18500  1.43056666E-01 -5.17818585E-02 -1.02685084E-02  1.52486107E-01  0.00000000E+00
   18600  1.40669056E-01 -2.37343388E-02 -3.53519980E-02  1.46972331E-01  0.00000000E+00
   18700  1.03952928E-01 -3.28211624E-02 -6.27099529E-02  1.25761592E-01  0.00000000E+00
   18800  1.06921389E-01 -4.29741907E-02 -6.23733347E-02  1.31032047E-01  0.00000000E+00
   18900  1.03741190E-01 -8.20512861E-02 -5.93253481E-02  1.44962564E-01  0.00000000E+00
   19000  1.01781262E-01 -1.21850566E-01 -7.28954794E-02  1.74701851E-01  0.00000000E+00
   19100  8.59628083E-02 -1.10274783E-01 -8.08090776E-02  1.61493775E-01  0.00000000E+00
   19200  7.88824167E-02 -1.27441987E-01 -6.99295072E-02  1.65390543E-01  0.00000000E+00
   19300  7.77627139E-02 -1.01190781E-01 -6.08289347E-02  1.41374585E-01  0.00000000E+00
   19400  6.73306518E-02 -8.38300388E-02 -3.53582463E-02  1.13186120E-01  0.00000000E+00
   19500  6.50600386E-02 -1.23018981E-01 -8.06785074E-03  1.39397161E-01  0.00000000E+00
   19600  1.15955731E-01 -1.19712373E-01 -1.02699007E-02  1.66979803E-01  0.00000000E+00
   19700  1.13613766E-01 -1.07881179E-01 -3.25722639E-02  1.60023089E-01  0.00000000E+00
   19800  1.08612922E-01 -1.16216874E-01 -4.19163697E-02  1.64499576E-01  0.00000000E+00
   19900  9.90907535E-02 -1.13210883E-01 -3.45251911E-02  1.54362140E-01  0.00000000E+00
   20000  9.43413610E-02 -1.21990117E-01 -5.82072690E-02  1.64833149E-01  0.00000000E+00
   20100  6.92769395E-02 -1.16365381E-01 -8.57390981E-02  1.60285337E-01  0.00000000E+00
   20200  7.16684117E-02 -9.70432709E-02 -6.33590975E-02  1.36264936E-01  0.00000000E+00
   20300  1.04453706E-01 -8.99578930E-02 -6.93646099E-02  1.54319306E-01  0.00000000E+00
   20400  9.06551233E-02 -1.23331191E-01 -7.67800181E-02  1.71242826E-01  0.00000000E+00
   20500  5.18116857E-02 -1.32011294E-01 -5.87637960E-02  1.53507708E-01  0.00000000E+00
   20600  6.81012890E-02 -1.20153986E-01 -3.58284058E-02  1.42683008E-01  0.00000000E+00
   20700  7.46620685E-02 -1.55327909E-01 -3.33323789E-02  1.75534132E-01  0.00000000E+00
   20800  9.15113946E-02 -1.38069467E-01 -7.25293588E-02  1.80825941E-01  0.00000000E+00
   20900  7.79660492E-02 -1.21331580E-01 -6.96487061E-02  1.60159294E-01  0.00000000E+00
   21000  7.03002761E-02 -9.25052499E-02 -8.21826998E-02  1.42314252E-01  0.00000000E+00
   21100  5.83571871E-02 -9.25004517E-02 -6.33206422E-02  1.26377999E-01  0.00000000E+00
   21200  5.85618908E-02 -1.41952524E-01 -5.24009669E-02  1.62252505E-01  0.00000000E+00
   21300  5.20927953E-02 -1.45516881E-01 -2.57933109E-02  1.56697533E-01  0.00000000E+00
   21400  1.41472514E-02 -1.53057906E-01 -1.03856545E-02  1.54060797E-01  0.00000000E+00
   21500 -7.76879745E-03 -1.41706571E-01  1.61490946E-02  1.42835219E-01  0.00000000E+00
   21600  2.16193170E-03 -1.27201389E-01 -6.81778790E-03  1.27402314E-01  0.00000000E+00
   21700  2.98534244E-02 -1.57115124E-01  1.60917672E-02  1.60733737E-01  0.00000000E+00
   21800  5.10144174E-02 -1.61842596E-01  6.34273547E-02  1.81158842E-01  0.00000000E+00
   21900  4.71673550E-02 -1.65784752E-01  1.20329032E-02  1.72783489E-01  0.00000000E+00
   22000  6.44004747E-02 -1.44609554E-01 -6.98030449E-03  1.58455258E-01  0.00000000E+00
   22100  5.51856961E-02 -1.62913276E-01  1.86581634E-02  1.73015386E-01  0.00000000E+00
   22200  5.50256259E-02 -1.74033269E-01  1.52434224E-02  1.83160477E-01  0.00000000E+00
   22300  9.59521047E-02 -1.11906920E-01  2.43651120E-02  1.49410923E-01  0.00000000E+00
   22400  7.48162169E-02 -1.14043246E-01  1.33475353E-03  1.36400549E-01  0.00000000E+00
   22500  1.10953061E-01 -8.40041031E-02  6.29254732E-02  1.52731418E-01  0.00000000E+00
   22600  7.21753064E-02 -1.39924063E-01  3.44047152E-02  1.61157385E-01  0.00000000E+00
   22700  6.86016119E-02 -1.37012519E-01  1.98189541E-02  1.54503729E-01  0.00000000E+00
   22800  7.59865759E-02 -1.54907448E-01  2.28926389E-02  1.74052722E-01  0.00000000E+00
   22900  6.41117036E-02 -1.38351925E-01 -7.89510096E-04  1.52486685E-01  0.00000000E+00
   23000  7.40747025E-02 -1.41336265E-01 -5.64725988E-03  1.59671203E-01  0.00000000E+00
   23100  5.76916988E-02 -1.61024285E-01 -1.39375076E-02  1.71614121E-01  0.00000000E+00
   23200  8.56066560E-02 -1.40402795E-01 -4.21482773E-02  1.69758421E-01  0.00000000E+00
   23300  7.70316574E-02 -1.14117663E-01 -2.22584827E-02  1.39470991E-01  0.00000000E+00
   23400  4.38582590E-02 -1.34067767E-01 -3.49374332E-02  1.45321496E-01  0.00000000E+00
   23500  4.00672060E-02 -1.42632578E-01 -2.81950224E-02  1.50812442E-01  0.00000000E+00
   23600  1.12810903E-02 -1.52247730E-01 -3.21067734E-02  1.56004741E-01  0.00000000E+00
   23700  3.53330343E-02 -1.40050455E-01 -3.56950731E-02  1.48784043E-01  0.00000000E+00
   23800  6.13617976E-02 -1.23809005E-01 -1.01798972E-02  1.38555297E-01  0.00000000E+00
   23900  7.82419752E-02 -1.06158732E-01 -4.24244642E-02  1.38532734E-01  0.00000000E+00
   24000  8.46852069E-02 -1.16471401E-01 -4.60110680E-02  1.51176023E-01  0.00000000E+00
   24100  9.91614987E-02 -1.15135918E-01 -5.34567320E-02  1.61080429E-01  0.00000000E+00
   24200  9.73837216E-02 -9.57984926E-02 -5.63832133E-02  1.47783650E-01  0.00000000E+00
   24300  1.06449794E-01 -8.59621040E-02 -3.64437194E-02  1.41595151E-01  0.00000000E+00
   24400  1.29314568E-01 -8.68397022E-02 -5.08655693E-02  1.63861825E-01  0.00000000E+00
   24500  1.18338160E-01 -1.14348266E-01 -6.50078920E-02  1.76933525E-01  0.00000000E+00
   24600  9.37563523E-02 -1.03414733E-01 -3.24569176E-02  1.43311940E-01  0.00000000E+00
   24700  9.34766396E-02 -1.21731482E-01 -6.66745581E-02  1.67337780E-01  0.00000000E+00
   24800  1.11448161E-01 -1.26789346E-01 -5.69754943E-02  1.78164076E-01  0.00000000E+00
   24900  9.03957085E-02 -1.04394825E-01 -9.20072424E-02  1.65936724E-01  0.00000000E+00
   25000  8.73482977E-02 -9.06001560E-02 -7.74022091E-02  1.47747133E-01  0.00000000E+00
   25100  8.83656576E-02 -8.30209628E-02 -7.73663675E-02  1.43828108E-01  0.00000000E+00
   25200  1.13753981E-01 -7.58937294E-02 -9.20697797E-02  1.64853482E-01  0.00000000E+00
   25300  1.17921666E-01 -8.10762919E-02 -7.08103903E-02  1.59665262E-01  0.00000000E+00
   25400  1.22864115E-01 -3.72983694E-02 -1.03440637E-01  1.64883973E-01  0.00000000E+00
   25500  9.93191307E-02 -6.72220376E-02 -1.08997140E-01  1.62060077E-01  0.00000000E+00
   25600  9.69394045E-02 -8.65468782E-02 -1.24655474E-01  1.80073867E-01  0.00000000E+00
   25700  8.41968774E-02 -9.65490181E-02 -1.00303885E-01  1.62701249E-01  0.00000000E+00
   25800  1.86074993E-02 -1.08835304E-01 -1.16012619E-01  1.60157080E-01  0.00000000E+00
   25900  3.45969667E-02 -9.31819766E-02 -8.22140209E-02  1.28992155E-01  0.00000000E+00
   26000  8.75695114E-03 -9.46929067E-02 -9.71279254E-02  1.35931103E-01  0.00000000E+00
   26100  2.98940839E-02 -8.01028201E-02 -1.32388846E-01  1.57597350E-01  0.00000000E+00
   26200  3.94779572E-02 -1.18174086E-01 -6.89140757E-02  1.42382490E-01  0.00000000E+00
   26300  5.00598067E-02 -1.11861875E-01 -4.75512414E-02  1.31454113E-01  0.00000000E+00
   26400  5.10271790E-02 -1.15890172E-01 -6.27272281E-02  1.41311748E-01  0.00000000E+00
   26500  5.77044193E-02 -1.20555337E-01 -6.10709973E-02  1.46945759E-01  0.00000000E+00
   26600  7.92312607E-02 -1.12587430E-01 -6.12986031E-02  1.50701828E-01  0.00000000E+00
   26700  8.00212181E-02 -1.33549175E-01 -7.10405099E-02  1.71130160E-01  0.00000000E+00
   26800  8.91684810E-02 -1.29701134E-01 -3.21769148E-02  1.60651038E-01  0.00000000E+00
   26900  8.06657668E-02 -1.86148285E-01 -2.62882332E-02  2.04570822E-01  0.00000000E+00
   27000  6.65590480E-02 -1.48718136E-01 -9.59505504E-03  1.63215366E-01  0.00000000E+00
   27100  6.91039022E-02 -1.33320974E-01  4.05298059E-03  1.50220698E-01  0.00000000E+00
   27200  7.31623508E-02 -1.31631189E-01 -6.55815263E-03  1.50739872E-01  0.00000000E+00
   27300  6.92789047E-02 -9.65459761E-02 -1.14363921E-02  1.19379576E-01  0.00000000E+00
   27400  3.46016550E-02 -8.91229174E-02 -5.88581112E-02  1.12269525E-01  0.00000000E+00
   27500 -6.30633996E-03 -1.37708930E-01 -8.69576551E-02  1.62988199E-01  0.00000000E+00
   27600  4.31348423E-04 -1.02823466E-01 -8.82052600E-02  1.35473315E-01  0.00000000E+00
   27700 -1.42464030E-02 -1.08099744E-01 -1.11293736E-01  1.55803756E-01  0.00000000E+00
   27800  1.78467138E-02 -1.31734610E-01 -1.16384018E-01  1.76685461E-01  0.00000000E+00
   27900  2.87397195E-03 -1.05432303E-01 -9.69265295E-02  1.43244485E-01  0.00000000E+00
   28000  3.89758187E-02 -9.60845861E-02 -1.14656876E-01  1.54588361E-01  0.00000000E+00
   28100  1.95246419E-02 -7.76189876E-02 -1.44342931E-01  1.65047873E-01  0.00000000E+00
   28200  7.22378396E-02 -5.81465901E-02 -1.28870694E-01  1.58767085E-01  0.00000000E+00
   28300  6.79036778E-02 -4.55511172E-02 -1.35794974E-01  1.58512109E-01  0.00000000E+00
   28400  1.12171404E-01 -7.36843849E-02 -1.12242093E-01  1.74957423E-01  0.00000000E+00
   28500  5.26595608E-02 -9.26066627E-02 -1.20936264E-01  1.61166384E-01  0.00000000E+00
   28600 -8.70028931E-04 -6.56087000E-02 -1.20677935E-01  1.37362376E-01  0.00000000E+00
   28700  2.73819846E-03 -9.85945615E-02 -1.31516400E-01  1.64392666E-01  0.00000000E+00
   28800 -6.07171404E-03 -7.53140350E-02 -1.29746206E-01  1.50143756E-01  0.00000000E+00
   28900  3.05030493E-02 -9.16871552E-02 -1.15511261E-01  1.50598213E-01  0.00000000E+00
   29000  6.00459816E-02 -6.15543695E-02 -1.15342657E-01  1.43869347E-01  0.00000000E+00
   29100  3.45438030E-02 -6.31891739E-02 -1.46505656E-01  1.63248440E-01  0.00000000E+00
   29200  1.55650500E-02 -6.54221847E-02 -1.55853863E-01  1.69743217E-01  0.00000000E+00
   29300  2.67998415E-02 -2.47280364E-02 -1.53847635E-01  1.58110095E-01  0.00000000E+00
   29400  1.56335299E-02 -1.24029226E-02 -1.62884006E-01  1.64101917E-01  0.00000000E+00
   29500  3.76951841E-02 -1.64916984E-02 -1.25522191E-01  1.32093616E-01  0.00000000E+00
   29600  1.97729078E-02  1.99430406E-02 -1.25087279E-01  1.28201093E-01  0.00000000E+00
   29700  1.15859474E-02  4.28726819E-02 -1.41926399E-01  1.48712487E-01  0.00000000E+00
   29800  1.74860463E-03  3.31290515E-02 -1.52321733E-01  1.55892598E-01  0.00000000E+00
   29900  1.04524797E-02  3.70638560E-02 -1.51910858E-01  1.56715961E-01  0.00000000E+00
   30000 -8.98383418E-03  5.42003413E-02 -1.60632155E-01  1.69767711E-01  0.00000000E+00
   30100 -3.05996069E-02  2.96882234E-02 -1.82307869E-01  1.87226829E-01  0.00000000E+00
   30200 -2.52412599E-02  5.76667694E-02 -1.63547405E-01  1.75243634E-01  0.00000000E+00
   30300 -2.97545067E-02  2.82206646E-02 -1.53084660E-01  1.58482333E-01  0.00000000E+00
   30400 -5.67900939E-02  4.00328953E-02 -1.58486714E-01  1.73048507E-01  0.00000000E+00
   30500 -5.01806924E-02  2.87188176E-02 -1.56723775E-01  1.67048538E-01  0.00000000E+00
   30600 -2.51951497E-02 -8.59225368E-03 -1.51876614E-01  1.54191855E-01  0.00000000E+00
   30700  3.07798443E-03  2.29646581E-03 -1.58195937E-01  1.58242542E-01  0.00000000E+00
   30800  1.52089219E-02  1.93501229E-02 -1.53476624E-01  1.55437488E-01  0.00000000E+00
   30900 -1.28668941E-02  2.92124075E-03 -1.38593394E-01  1.39220040E-01  0.00000000E+00
   31000 -1.45259586E-02 -8.69002439E-03 -1.31852557E-01  1.32934633E-01  0.00000000E+00
   31100  2.32844763E-02  4.60315005E-02 -1.19339998E-01  1.30011927E-01  0.00000000E+00
   31200 -9.48013403E-03  2.83252337E-02 -1.20532522E-01  1.24178423E-01  0.00000000E+00
   31300 -1.16473652E-02  1.48441211E-02 -1.54260707E-01  1.55410343E-01  0.00000000E+00
   31400 -3.60312699E-03  7.30196819E-03 -1.42022829E-01  1.42256055E-01  0.00000000E+00
   31500  1.11487835E-02 -4.04162776E-02 -1.38342596E-01  1.44556026E-01  0.00000000E+00
   31600 -3.10512038E-02 -5.01875302E-02 -1.43574032E-01  1.55230371E-01  0.00000000E+00
   31700 -4.87693481E-02 -5.19755022E-02 -1.27840276E-01  1.46366111E-01  0.00000000E+00
   31800 -6.66015948E-02 -7.25606474E-02 -1.36782803E-01  1.68553716E-01  0.00000000E+00
   31900 -2.43746414E-02 -5.33504791E-02 -1.56245957E-01  1.66892767E-01  0.00000000E+00
   32000 -1.57186674E-02 -9.29691279E-02 -1.42559183E-01  1.70919442E-01  0.00000000E+00
   32100 -6.75120361E-02 -9.26437441E-02 -1.32926110E-01  1.75528029E-01  0.00000000E+00
   32200 -8.27468982E-02 -8.53790332E-02 -1.06320170E-01  1.59501119E-01  0.00000000E+00
   32300 -6.37616139E-02 -6.57463684E-02 -1.10181940E-01  1.43276615E-01  0.00000000E+00
   32400 -7.69416238E-02 -5.99990753E-02 -1.43812667E-01  1.73787185E-01  0.00000000E+00
   32500 -3.97102811E-02 -7.30887862E-02 -1.09934389E-01  1.37856617E-01  0.00000000E+00
   32600 -1.84263228E-02 -6.50560896E-02 -9.14322627E-02  1.13717557E-01  0.00000000E+00
   32700 -1.55199538E-02 -8.97702836E-02 -9.42701403E-02  1.31097033E-01  0.00000000E+00
   32800 -3.73523562E-02 -1.17678582E-01 -9.75313910E-02  1.57339822E-01  0.00000000E+00
   32900 -4.87081033E-02 -1.34139022E-01 -1.06087450E-01  1.77820988E-01  0.00000000E+00
   33000 -1.74024752E-02 -1.53032779E-01 -1.03792943E-01  1.85727900E-01  0.00000000E+00
   33100  5.12577982E-03 -1.45734094E-01 -1.00986946E-01  1.77378305E-01  0.00000000E+00
   33200  6.06989758E-02 -1.25406485E-01 -8.29635073E-02  1.62154543E-01  0.00000000E+00
   33300  3.99703017E-02 -1.40326873E-01 -6.51847391E-02  1.59807092E-01  0.00000000E+00
   33400  4.68427325E-02 -1.50422966E-01 -3.01776597E-02  1.60411974E-01  0.00000000E+00
   33500  4.93174085E-02 -1.55842163E-01 -5.03975519E-02  1.71052330E-01  0.00000000E+00
   33600  4.88410248E-02 -1.20553995E-01 -9.20573543E-02  1.59352653E-01  0.00000000E+00
   33700  8.71010527E-02 -1.22268944E-01 -8.97728969E-02  1.74915583E-01  0.00000000E+00
   33800  5.14892590E-02 -1.15503121E-01 -8.23950318E-02  1.50933946E-01  0.00000000E+00
   33900  8.33649483E-02 -8.03946368E-02 -7.38353753E-02  1.37348735E-01  0.00000000E+00
   34000  9.92295004E-02 -1.14074696E-01 -4.47048899E-02  1.57664381E-01  0.00000000E+00
   34100  7.13717140E-02 -1.22454290E-01 -4.63948794E-02  1.49135709E-01  0.00000000E+00
   34200  3.22567347E-02 -1.13897357E-01 -1.30864778E-02  1.19098114E-01  0.00000000E+00
   34300  3.53184998E-02 -9.82701452E-02 -6.37110058E-03  1.04618396E-01  0.00000000E+00
   34400  4.03992842E-02 -1.24011844E-01 -6.20759461E-02  1.44445363E-01  0.00000000E+00
   34500  8.62702435E-02 -1.11279373E-01 -6.84120084E-02  1.56543466E-01  0.00000000E+00
   34600  1.17395239E-01 -1.09015613E-01 -7.65322051E-02  1.77547809E-01  0.00000000E+00
   34700  6.69527265E-02 -1.01397406E-01 -1.09591201E-01  1.63628643E-01  0.00000000E+00
   34800  2.60016396E-02 -8.52341472E-02 -9.94206859E-02  1.33511864E-01  0.00000000E+00
   34900  3.88870003E-03 -9.66994045E-02 -1.08955529E-01  1.45729901E-01  0.00000000E+00
   35000  5.24984731E-02 -9.98719539E-02 -1.28034914E-01  1.70655899E-01  0.00000000E+00
   35100  3.86100600E-02 -7.85832175E-02 -1.28426423E-01  1.55432960E-01  0.00000000E+00
   35200  2.52629490E-02 -9.75333714E-02 -1.41575280E-01  1.73765748E-01  0.00000000E+00
   35300 -1.78801909E-02 -4.10108183E-02 -1.31918596E-01  1.39298616E-01  0.00000000E+00
   35400  5.70248141E-03 -4.31528818E-02 -1.44249559E-01  1.50673902E-01  0.00000000E+00
   35500  2.06772251E-02 -4.19267551E-02 -1.43239230E-01  1.50674741E-01  0.00000000E+00
   35600 -2.05325365E-02 -6.45011583E-02 -1.35784794E-01  1.51721768E-01  0.00000000E+00
   35700 -3.76908236E-03 -5.99193898E-02 -1.32896821E-01  1.45829024E-01  0.00000000E+00
   35800  3.79495290E-02 -7.23374237E-02 -1.33939091E-01  1.56883873E-01  0.00000000E+00
   35900  2.08551401E-02 -5.85357032E-02 -1.44243088E-01  1.57058695E-01  0.00000000E+00
   36000  3.38906300E-02 -1.87637330E-02 -1.72132529E-01  1.76437694E-01  0.00000000E+00
   36100  2.12025611E-02  3.68406919E-03 -1.56450589E-01  1.57923740E-01  0.00000000E+00
   36200  7.28255839E-03  1.15458733E-02 -1.29839786E-01  1.30555401E-01  0.00000000E+00
   36300 -2.24132265E-02  2.58069990E-02 -1.31460036E-01  1.35831126E-01  0.00000000E+00
   36400 -3.15498877E-02  3.02862751E-02 -1.36929617E-01  1.43744127E-01  0.00000000E+00
   36500 -5.21464829E-02 -4.58910847E-03 -1.62576528E-01  1.70796496E-01  0.00000000E+00
   36600 -2.78149302E-02 -2.31998119E-02 -1.62510201E-01  1.66497649E-01  0.00000000E+00
   36700 -8.34433182E-03 -1.61774131E-02 -1.66533187E-01  1.67525040E-01  0.00000000E+00
   36800  1.62856252E-02 -1.58131595E-02 -1.54850636E-01  1.56505581E-01  0.00000000E+00
   36900 -3.37814251E-02 -1.35068139E-02 -1.32450070E-01  1.37355888E-01  0.00000000E+00
   37000 -9.04232611E-02  1.45338159E-02 -1.42590071E-01  1.69468364E-01  0.00000000E+00
   37100 -9.78948020E-02 -3.06150668E-03 -1.00932670E-01  1.40641989E-01  0.00000000E+00
   37200 -8.27081654E-02  2.42388128E-03 -1.20217900E-01  1.45941287E-01  0.00000000E+00
   37300 -8.34377277E-02  2.06803874E-02 -1.21453377E-01  1.48796692E-01  0.00000000E+00
   37400 -1.28062200E-01  2.10967038E-02 -9.73191971E-02  1.62222144E-01  0.00000000E+00
   37500 -1.04643447E-01 -6.17617875E-02 -1.15441791E-01  1.67605419E-01  0.00000000E+00
   37600 -8.69978987E-02 -9.09310761E-02 -1.43288764E-01  1.90705964E-01  0.00000000E+00
   37700 -1.20452332E-01 -5.14761789E-02 -1.25857420E-01  1.81655309E-01  0.00000000E+00
   37800 -6.74708660E-02 -4.80714552E-02 -1.29225230E-01  1.53500302E-01  0.00000000E+00
   37900 -4.46094100E-02 -3.04793183E-02 -1.59409905E-01  1.68316684E-01  0.00000000E+00
   38000 -2.93121622E-02 -5.70238262E-03 -1.78548971E-01  1.81028880E-01  0.00000000E+00
   38100 -1.14725979E-02  7.04300605E-03 -1.43951873E-01  1.44579964E-01  0.00000000E+00
   38200 -6.80448635E-03 -2.33777729E-02 -1.39416437E-01  1.41526549E-01  0.00000000E+00
   38300  1.25472337E-02 -2.66033502E-02 -1.47062686E-01  1.49975348E-01  0.00000000E+00
   38400 -8.30993406E-03 -3.72169722E-02 -1.63809698E-01  1.68189700E-01  0.00000000E+00
   38500  1.60995244E-02 -7.17754236E-02 -1.18222739E-01  1.39239083E-01  0.00000000E+00
   38600 -1.26448565E-02 -8.91452518E-02 -1.07574549E-01  1.40282044E-01  0.00000000E+00
   38700 -1.18108889E-02 -1.01140532E-01 -1.28205553E-01  1.63724061E-01  0.00000000E+00
   38800 -5.41951174E-02 -6.79716684E-02 -1.37968406E-01  1.63072192E-01  0.00000000E+00
   38900 -8.72008087E-02 -5.00016432E-03 -1.22906794E-01  1.50781507E-01  0.00000000E+00
   39000 -1.22049973E-01  2.26237297E-02 -1.27406569E-01  1.77877663E-01  0.00000000E+00
   39100 -1.24211673E-01  4.00131232E-03 -1.21876448E-01  1.74064410E-01  0.00000000E+00
   39200 -1.01179213E-01  2.66583688E-02 -1.15037099E-01  1.55503813E-01  0.00000000E+00
   39300 -9.51125842E-02  2.65796592E-02 -1.02183470E-01  1.42106803E-01  0.00000000E+00
   39400 -8.86924908E-02  7.06439051E-02 -9.38600670E-02  1.47195895E-01  0.00000000E+00
   39500 -1.07535482E-01  8.23061963E-02 -9.50519385E-02  1.65448061E-01  0.00000000E+00
   39600 -8.81454288E-02  4.24700986E-02 -7.87978916E-02  1.25628156E-01  0.00000000E+00
   39700 -8.14701578E-02  1.01440610E-02 -1.08924657E-01  1.36399668E-01  0.00000000E+00
   39800 -8.56601861E-02 -4.73570670E-03 -1.04975406E-01  1.35572601E-01  0.00000000E+00
   39900 -7.93191102E-02 -3.18388170E-02 -1.15567316E-01  1.43739473E-01  0.00000000E+00
   40000 -5.91864892E-02 -4.90776538E-02 -1.21778496E-01  1.44019647E-01  0.00000000E+00
   40100 -5.14777466E-02 -7.52924144E-02 -1.38134799E-01  1.65529843E-01  0.00000000E+00
   40200 -3.46516328E-02 -7.74071828E-02 -1.21045821E-01  1.47799521E-01  0.00000000E+00
   40300  8.17548299E-03 -6.31263038E-02 -1.48635549E-01  1.61691977E-01  0.00000000E+00
   40400  3.82795490E-02 -6.18094246E-02 -1.74600152E-01  1.89132075E-01  0.00000000E+00
   40500  2.76548646E-02 -7.04740753E-02 -1.40385787E-01  1.59497824E-01  0.00000000E+00
   40600  3.23484716E-02 -8.03962949E-02 -1.60003373E-01  1.81964467E-01  0.00000000E+00
   40700  5.30010255E-02 -6.62815273E-02 -1.32819295E-01  1.57617622E-01  0.00000000E+00
   40800  9.13233693E-02 -7.56128662E-02 -8.87184968E-02  1.48081852E-01  0.00000000E+00
   40900  1.13442616E-01 -9.69136265E-02 -8.09400088E-02  1.69743227E-01  0.00000000E+00
   41000  1.10399053E-01 -7.09132382E-02 -7.28503504E-02  1.50079352E-01  0.00000000E+00
   41100  1.26649557E-01 -8.84800019E-02 -5.59671000E-02  1.64320228E-01  0.00000000E+00
   41200  1.28927145E-01 -7.30539254E-02 -5.34318701E-02  1.57524759E-01  0.00000000E+00
   41300  1.14904139E-01 -4.53098412E-02 -8.26219288E-02  1.48601231E-01  0.00000000E+00
   41400  1.18119241E-01 -9.34040271E-02 -5.51266333E-02  1.60360260E-01  0.00000000E+00
   41500  9.78599271E-02 -9.96586639E-02 -5.04500539E-02  1.48504621E-01  0.00000000E+00
   41600  1.09738137E-01 -1.16780495E-01 -7.71823724E-02  1.77868663E-01  0.00000000E+00
   41700  8.72994464E-02 -1.36884051E-01 -6.82299277E-02  1.76107239E-01  0.00000000E+00
   41800  6.26476694E-02 -1.31787355E-01 -9.50978376E-02  1.74173007E-01  0.00000000E+00
   41900  3.80115925E-02 -1.22626397E-01 -8.12403052E-02  1.51927949E-01  0.00000000E+00
   42000  1.50560107E-02 -1.19633236E-01 -1.20901730E-01  1.70751348E-01  0.00000000E+00
   42100  1.26906937E-02 -1.41658383E-01 -1.31206294E-01  1.93502565E-01  0.00000000E+00
   42200  3.44263430E-02 -1.26962888E-01 -5.31815465E-02  1.41890891E-01  0.00000000E+00
   42300  6.31104309E-02 -1.52340429E-01 -5.47638508E-02  1.73751582E-01  0.00000000E+00
   42400  3.40837719E-02 -1.28744624E-01 -6.84313390E-02  1.49732194E-01  0.00000000E+00
   42500  5.40001406E-02 -1.36247988E-01 -6.67183883E-02  1.61030658E-01  0.00000000E+00
   42600  6.33299770E-02 -1.35916918E-01 -5.23050356E-02  1.58807781E-01  0.00000000E+00
   42700  3.17097186E-02 -1.25743412E-01 -3.28077061E-02  1.33765682E-01  0.00000000E+00
   42800  4.62504080E-02 -1.39559204E-01 -2.31286483E-02  1.48831469E-01  0.00000000E+00
   42900  6.88625127E-02 -1.48515405E-01 -1.43402207E-02  1.64330499E-01  0.00000000E+00
   43000  4.88554065E-02 -1.67632723E-01 -1.22265480E-02  1.75034480E-01  0.00000000E+00
   43100  2.50800542E-02 -1.70814493E-01 -1.39827884E-02  1.73211197E-01  0.00000000E+00
   43200  1.38298502E-02 -1.57119338E-01 -5.22930211E-02  1.66169525E-01  0.00000000E+00
   43300 -3.84352395E-04 -1.46055590E-01 -7.22565112E-02  1.62952099E-01  0.00000000E+00
   43400  1.69341059E-02 -1.41014159E-01 -3.18317560E-02  1.45550739E-01  0.00000000E+00
   43500 -1.07031920E-02 -1.42904399E-01 -6.68736518E-02  1.58140162E-01  0.00000000E+00
   43600 -4.37677906E-03 -8.74680679E-02 -6.04837180E-02  1.06433544E-01  0.00000000E+00
   43700 -3.83699352E-02 -7.98902366E-02 -7.55467720E-02  1.16456072E-01  0.00000000E+00
   43800 -1.11499762E-01 -1.05769268E-01 -8.33023681E-02  1.74810238E-01  0.00000000E+00
   43900 -1.08654997E-01 -1.08659264E-01 -7.11883658E-02  1.69353262E-01  0.00000000E+00
   44000 -1.41795063E-01 -9.11359944E-02 -1.26380280E-02  1.69030557E-01  0.00000000E+00
   44100 -1.05585103E-01 -8.66653878E-02  2.28366199E-02  1.38494096E-01  0.00000000E+00
   44200 -9.31328191E-02 -1.04551638E-01  4.85268635E-02  1.48187798E-01  0.00000000E+00
   44300 -7.94619857E-02 -6.52228207E-02  7.55817556E-02  1.27596337E-01  0.00000000E+00
   44400 -1.20173450E-01 -6.31986557E-02  7.45474645E-02  1.54896910E-01  0.00000000E+00
   44500 -1.26743211E-01 -4.08580408E-02  8.17005195E-02  1.56231226E-01  0.00000000E+00
   44600 -1.07075579E-01 -1.91608673E-02  8.26620717E-02  1.36621143E-01  0.00000000E+00
   44700 -1.26710576E-01 -3.84871721E-02  6.81001500E-02  1.48910922E-01  0.00000000E+00
   44800 -1.08012550E-01 -3.76045422E-02  6.77555334E-02  1.32934664E-01  0.00000000E+00
   44900 -7.51655839E-02 -7.85339628E-02  7.81055274E-02  1.33857841E-01  0.00000000E+00
   45000 -5.48064363E-02 -6.12761489E-02  6.76924506E-02  1.06493097E-01  0.00000000E+00
   45100 -6.99167703E-02 -7.34508002E-02  3.82335399E-02  1.08375174E-01  0.00000000E+00
   45200 -9.94724766E-02 -8.35926645E-02  7.81299335E-02  1.51613963E-01  0.00000000E+00
   45300 -8.93242828E-02 -1.02770150E-01  6.26384653E-02  1.49880314E-01  0.00000000E+00
   45400 -9.03199759E-02 -1.10169564E-01  6.79781906E-02  1.57848235E-01  0.00000000E+00
   45500 -1.12955576E-01 -1.35056259E-01  7.37137637E-02  1.90873975E-01  0.00000000E+00
   45600 -1.10457943E-01 -1.05495662E-01  7.82158652E-02  1.71604235E-01  0.00000000E+00
   45700 -1.08799248E-01 -9.16593525E-02  5.81936262E-02  1.53704949E-01  0.00000000E+00
   45800 -1.17144962E-01 -1.08052221E-01  5.50159700E-02  1.68597099E-01  0.00000000E+00
   45900 -1.04325191E-01 -6.06199331E-02  3.16104110E-02  1.24730669E-01  0.00000000E+00
   46000 -1.11649915E-01 -8.70371349E-02  9.99743051E-03  1.41919396E-01  0.00000000E+00
   46100 -1.34356665E-01 -7.29810848E-02  1.07843549E-02  1.53278356E-01  0.00000000E+00
   46200 -1.18478740E-01 -5.57151010E-02  2.00953866E-02  1.32458329E-01  0.00000000E+00
   46300 -1.55899970E-01 -2.48474609E-02  2.78707545E-02  1.60309001E-01  0.00000000E+00
   46400 -1.96682564E-01 -2.30716978E-02 -1.49079176E-03  1.98036756E-01  0.00000000E+00
   46500 -1.52731167E-01 -3.92071145E-02 -4.75092325E-02  1.64684955E-01  0.00000000E+00
   46600 -1.63788741E-01 -3.03478846E-02  1.15814618E-02  1.66978669E-01  0.00000000E+00
   46700 -1.67844476E-01 -3.12324321E-02 -4.24336645E-03  1.70778333E-01  0.00000000E+00
   46800 -1.44220834E-01 -3.38232972E-02 -2.36372525E-02  1.50007946E-01  0.00000000E+00
   46900 -1.47918437E-01 -2.99188726E-02 -2.70359449E-02  1.53316487E-01  0.00000000E+00
   47000 -1.61811359E-01 -2.42919543E-02 -4.47650923E-02  1.69637638E-01  0.00000000E+00
   47100 -1.41738544E-01 -2.22966884E-02 -5.19676349E-02  1.52602727E-01  0.00000000E+00
   47200 -1.36543801E-01 -1.39938883E-02 -6.07620369E-02  1.50106841E-01  0.00000000E+00
   47300 -1.66290826E-01 -1.86896404E-02 -7.99183205E-02  1.85442389E-01  0.00000000E+00
   47400 -1.45886546E-01 -5.81760007E-03 -6.32019101E-02  1.59094972E-01  0.00000000E+00
   47500 -1.02216481E-01 -1.65335708E-02 -7.98847386E-02  1.30778972E-01  0.00000000E+00
   47600 -1.02373734E-01 -3.50350185E-02 -7.61057163E-02  1.32287240E-01  0.00000000E+00
   47700 -6.80896495E-02 -4.58515232E-02 -6.07734714E-02  1.02137052E-01  0.00000000E+00
   47800 -1.21776319E-01 -6.68452487E-02 -6.37341800E-02  1.52839147E-01  0.00000000E+00
   47900 -1.22624644E-01 -7.12399823E-02 -6.75017468E-02  1.57061849E-01  0.00000000E+00
   48000 -1.39556297E-01 -9.34769881E-02 -2.67599114E-02  1.70088213E-01  0.00000000E+00
   48100 -9.53927222E-02 -6.94456641E-02 -1.95823097E-02  1.19607435E-01  0.00000000E+00
   48200 -1.11376627E-01 -7.16366907E-02  3.25392390E-02  1.36364843E-01  0.00000000E+00
   48300 -7.63437230E-02 -1.08757918E-01  8.01834276E-02  1.55196749E-01  0.00000000E+00
   48400 -5.82779109E-02 -1.32635407E-01  8.12511273E-02  1.66103016E-01  0.00000000E+00
   48500 -7.50049243E-02 -1.17614506E-01  7.70277284E-02  1.59349245E-01  0.00000000E+00
   48600 -5.72041481E-02 -1.07163432E-01  8.89732316E-02  1.50574073E-01  0.00000000E+00
   48700 -3.18066735E-02 -1.11976760E-01  7.07597135E-02  1.36225535E-01  0.00000000E+00
   48800 -4.96744639E-03 -1.27202488E-01  6.01626751E-02  1.40800199E-01  0.00000000E+00
   48900 -1.50142025E-02 -1.15638582E-01  3.73017117E-02  1.22430085E-01  0.00000000E+00
   49000 -2.04557688E-02 -1.02836453E-01  5.25395768E-02  1.17278223E-01  0.00000000E+00
   49100 -4.75081320E-02 -1.11811554E-01  6.36398797E-02  1.37145472E-01  0.00000000E+00
   49200 -6.10880201E-02 -9.86236448E-02  1.02964397E-01  1.55112980E-01  0.00000000E+00
   49300 -8.95856316E-02 -8.97511934E-02  6.49118668E-02  1.42458459E-01  0.00000000E+00
   49400 -1.27072872E-01 -1.03759948E-01  6.57256552E-02  1.76730030E-01  0.00000000E+00
   49500 -1.12829799E-01 -8.87816420E-02  5.91581425E-02  1.55281774E-01  0.00000000E+00
   49600 -1.39190025E-01 -5.81346619E-02  9.26289508E-02  1.77013063E-01  0.00000000E+00
   49700 -1.57092342E-01 -6.65232277E-02  6.81348646E-02  1.83700036E-01  0.00000000E+00
   49800 -1.45713948E-01 -5.62572907E-02  7.04770337E-02  1.71360584E-01  0.00000000E+00
   49900 -1.47051630E-01 -7.64099879E-02  8.09645438E-02  1.84439490E-01  0.00000000E+00
   50000 -1.82684842E-01 -7.58216358E-02  6.17166387E-02  2.07199458E-01  0.00000000E+00
   50100 -1.43774206E-01 -9.18166574E-02  3.46505459E-02  1.74074643E-01  0.00000000E+00
   50200 -1.48446317E-01 -7.00950814E-02  7.11451715E-02  1.78916922E-01  0.00000000E+00
   50300 -1.24855201E-01 -4.55343503E-02  8.53341553E-02  1.57937064E-01  0.00000000E+00
   50400 -1.19243549E-01 -5.45419849E-02  6.69038388E-02  1.47207254E-01  0.00000000E+00
   50500 -1.13247703E-01 -5.79810119E-02  7.94473322E-02  1.49995728E-01  0.00000000E+00
   50600 -1.21994957E-01 -6.49741248E-02  8.25362583E-02  1.60986460E-01  0.00000000E+00
   50700 -1.02647539E-01 -5.29639456E-02  1.30512542E-01  1.74284883E-01  0.00000000E+00
   50800 -8.46611134E-02 -5.91483954E-02  1.22004355E-01  1.59847112E-01  0.00000000E+00
   50900 -9.92198631E-02 -5.10545658E-02  1.17043308E-01  1.61710501E-01  0.00000000E+00
   51000 -6.00897359E-02 -7.31908068E-03  9.57734185E-02  1.13300013E-01  0.00000000E+00
   51100 -9.10769420E-02  6.15841077E-03  9.93564634E-02  1.34924580E-01  0.00000000E+00
   51200 -6.28181596E-02 -2.74546742E-02  9.21945778E-02  1.14890037E-01  0.00000000E+00
   51300 -6.69378014E-02 -1.49642003E-02  8.85773091E-02  1.12029176E-01  0.00000000E+00
   51400 -7.90406304E-02 -1.96804638E-03  1.04218098E-01  1.30815543E-01  0.00000000E+00
   51500 -4.89774812E-02  3.15403211E-02  1.00702696E-01  1.16338379E-01  0.00000000E+00
   51600 -8.08205467E-02  1.27486615E-02  8.91448212E-02  1.21001191E-01  0.00000000E+00
   51700 -1.23679596E-01  1.47155344E-02  8.05176999E-02  1.48311461E-01  0.00000000E+00
   51800 -6.46131228E-02 -3.24060117E-03  1.15281939E-01  1.32194109E-01  0.00000000E+00
   51900 -5.20683105E-02  1.82305568E-02  1.46921203E-01  1.56937255E-01  0.00000000E+00
   52000 -4.76939986E-02  4.56033777E-02  1.47901043E-01  1.61954019E-01  0.00000000E+00
   52100 -5.00293774E-02  1.77277206E-02  1.64360024E-01  1.72717770E-01  0.00000000E+00
   52200 -8.87670719E-02  1.44250426E-02  1.29145174E-01  1.57372650E-01  0.00000000E+00
   52300 -1.24831170E-01  8.73832344E-03  1.39262949E-01  1.87225394E-01  0.00000000E+00
   52400 -1.19918086E-01  4.00329739E-02  1.03489310E-01  1.63379998E-01  0.00000000E+00
   52500 -1.35442891E-01  5.74515060E-02  9.13187070E-02  1.73160499E-01  0.00000000E+00
   52600 -1.11339029E-01  7.44818516E-02  7.40057793E-02  1.53038495E-01  0.00000000E+00
   52700 -9.54854075E-02  1.04404204E-01  6.60527240E-02  1.56143086E-01  0.00000000E+00
   52800 -8.67140000E-02  1.09367628E-01  7.53852263E-02  1.58630162E-01  0.00000000E+00
   52900 -8.16194917E-02  7.71996810E-02  8.49265664E-02  1.40833426E-01  0.00000000E+00
   53000 -6.49039141E-02  1.03268207E-01  9.05065368E-02  1.51882434E-01  0.00000000E+00
   53100 -5.27845172E-02  1.43144424E-01  8.27135162E-02  1.73545548E-01  0.00000000E+00
   53200 -7.16730693E-02  1.10987466E-01  1.92327792E-02  1.33510847E-01  0.00000000E+00
   53300 -6.62825355E-02  7.87289456E-02  4.34813410E-02  1.11723983E-01  0.00000000E+00
   53400 -7.18926168E-02  7.31482574E-02  2.77829279E-02  1.06259621E-01  0.00000000E+00
   53500 -1.00984660E-01  9.52403693E-02 -1.68320632E-02  1.39828280E-01  0.00000000E+00
   53600 -1.03733813E-01  4.82684726E-02  3.79903132E-03  1.14476993E-01  0.00000000E+00
   53700 -1.29675779E-01  2.76701526E-02  5.14444656E-03  1.32694801E-01  0.00000000E+00
   53800 -1.66044884E-01  4.17341145E-02 -7.42539090E-03  1.71370290E-01  0.00000000E+00
   53900 -1.39423185E-01  4.86110288E-02  2.40163061E-02  1.49594919E-01  0.00000000E+00
   54000 -1.48656272E-01  3.48348404E-02  2.36020165E-02  1.54496630E-01  0.00000000E+00
   54100 -1.56195743E-01  2.66461014E-02  2.45346175E-02  1.60340489E-01  0.00000000E+00
   54200 -1.37814254E-01  3.73914436E-02  2.13400841E-02  1.44382436E-01  0.00000000E+00
   54300 -1.57245075E-01  3.43905783E-02  1.18823394E-02  1.61399862E-01  0.00000000E+00
   54400 -1.43172232E-01  2.97884048E-02  3.18217204E-02  1.49660479E-01  0.00000000E+00
   54500 -1.20349001E-01  3.78950447E-02  4.92889416E-02  1.35459648E-01  0.00000000E+00
   54600 -1.21958776E-01 -2.00396043E-02  7.49112975E-02  1.44524154E-01  0.00000000E+00
   54700 -1.48559527E-01 -3.48859778E-02  5.45157523E-02  1.62046080E-01  0.00000000E+00
   54800 -1.30095494E-01 -9.20290390E-03  2.63673330E-02  1.33059262E-01  0.00000000E+00
   54900 -1.28181796E-01 -1.17672651E-02  6.08355639E-03  1.28864468E-01  0.00000000E+00
   55000 -1.23693188E-01 -6.25227326E-02  1.09051321E-02  1.39025245E-01  0.00000000E+00
   55100 -1.52306665E-01 -7.76226166E-02 -2.47110394E-02  1.72722975E-01  0.00000000E+00
   55200 -1.51179920E-01 -5.07786390E-02 -6.24550362E-03  1.59602145E-01  0.00000000E+00
   55300 -1.78910409E-01 -5.76954219E-02  3.55251328E-02  1.91310562E-01  0.00000000E+00
   55400 -1.48862258E-01 -4.07587117E-02  5.90353486E-02  1.65246534E-01  0.00000000E+00
   55500 -1.69428975E-01 -4.03592741E-02  4.84341538E-02  1.80778637E-01  0.00000000E+00
   55600 -1.63612733E-01 -4.52188490E-04 -1.34235574E-02  1.64163098E-01  0.00000000E+00
   55700 -1.64989984E-01 -2.03974167E-02 -2.47981267E-02  1.68085385E-01  0.00000000E+00
   55800 -1.66275496E-01 -1.98652186E-02 -5.31073621E-02  1.75677430E-01  0.00000000E+00
   55900 -1.44581746E-01  1.03430576E-02 -7.91341041E-02  1.65145592E-01  0.00000000E+00
   56000 -1.52705832E-01  3.98444167E-02 -5.62348058E-02  1.67538062E-01  0.00000000E+00
   56100 -1.61000495E-01  2.21990159E-02 -2.77881474E-02  1.64882191E-01  0.00000000E+00
   56200 -1.82761905E-01  2.77227728E-02 -2.41021744E-02  1.86417223E-01  0.00000000E+00
   56300 -1.79514316E-01  2.64380742E-02 -2.05243591E-02  1.82607806E-01  0.00000000E+00
   56400 -1.40182002E-01  4.49003387E-02 -6.21071286E-02  1.59763355E-01  0.00000000E+00
   56500 -1.34303029E-01 -3.73251219E-05 -3.03774814E-02  1.37695666E-01  0.00000000E+00
   56600 -1.09546315E-01  2.50218939E-03 -2.20506994E-02  1.11771595E-01  0.00000000E+00
   56700 -1.04206393E-01 -1.72087932E-03 -4.49183432E-02  1.13488287E-01  0.00000000E+00
   56800 -1.31486390E-01  1.22624484E-02  1.48097588E-03  1.32065256E-01  0.00000000E+00
   56900 -1.41933995E-01  2.18012012E-02 -8.93054259E-03  1.43876008E-01  0.00000000E+00
   57000 -1.31541441E-01  1.29112748E-02 -5.67533904E-03  1.32295356E-01  0.00000000E+00
   57100 -1.29053193E-01  1.41209116E-02  1.17053630E-02  1.30350076E-01  0.00000000E+00
   57200 -1.27860539E-01  2.61613877E-02  1.82963508E-02  1.31785781E-01  0.00000000E+00
   57300 -1.23686009E-01  2.93978754E-02 -6.67646019E-03  1.27306869E-01  0.00000000E+00
   57400 -1.40296060E-01 -6.64656866E-03 -1.88694302E-02  1.41715266E-01  0.00000000E+00
   57500 -1.25787779E-01  2.75286252E-02 -5.11591140E-02  1.38555568E-01  0.00000000E+00
   57600 -1.44307715E-01  4.23560455E-02 -7.04846403E-02  1.66092853E-01  0.00000000E+00
   57700 -1.62299235E-01  2.67818906E-02 -4.05219381E-02  1.69411743E-01  0.00000000E+00
   57800 -1.46680958E-01  1.53237739E-02 -3.64489548E-02  1.51916581E-01  0.00000000E+00
   57900 -1.46495251E-01 -1.33008554E-02 -6.13261455E-02  1.59369594E-01  0.00000000E+00
   58000 -1.28925294E-01 -4.45471973E-02 -6.08711520E-02  1.49370282E-01  0.00000000E+00
   58100 -1.54512299E-01 -4.06709423E-02 -6.17125631E-02  1.71279352E-01  0.00000000E+00
   58200 -1.27015749E-01 -4.75117900E-02 -6.44595670E-02  1.50151278E-01  0.00000000E+00
   58300 -1.48584716E-01 -5.22750286E-02 -4.38031323E-02  1.63489482E-01  0.00000000E+00
   58400 -1.48801837E-01 -1.41511220E-02 -3.53771906E-02  1.53602691E-01  0.00000000E+00
   58500 -1.47967214E-01  1.31576804E-02 -5.69859212E-02  1.59106304E-01  0.00000000E+00
   58600 -1.24507809E-01  3.09687080E-02 -6.35987908E-02  1.43199377E-01  0.00000000E+00
   58700 -1.14342671E-01 -3.86982622E-02 -5.58904968E-02  1.33024620E-01  0.00000000E+00
   58800 -1.29892942E-01 -5.26348111E-03 -6.58889221E-02  1.45743716E-01  0.00000000E+00
   58900 -1.56809256E-01 -2.65650729E-02 -6.74530304E-02  1.72756352E-01  0.00000000E+00
   59000 -1.33499414E-01 -2.73522731E-02 -6.12398927E-02  1.49400685E-01  0.00000000E+00
   59100 -1.49663717E-01 -4.27932932E-02 -5.01560037E-02  1.63542407E-01  0.00000000E+00
   59200 -1.38826407E-01 -3.43795922E-02 -1.55277650E-02  1.43860485E-01  0.00000000E+00
   59300 -1.40217590E-01 -5.91784431E-02  3.11847121E-03  1.52226100E-01  0.00000000E+00
   59400 -1.39240358E-01 -7.87361161E-02  4.26737506E-03  1.60017074E-01  0.00000000E+00
   59500 -1.48403176E-01 -3.95402221E-02 -1.51265575E-02  1.54323507E-01  0.00000000E+00
   59600 -1.44178472E-01 -6.35495718E-02 -2.88102994E-02  1.60174945E-01  0.00000000E+00
   59700 -1.60242573E-01 -6.73217892E-02 -3.06437254E-03  1.73836981E-01  0.00000000E+00
   59800 -1.73723646E-01 -8.40517828E-02 -4.49535829E-04  1.92989144E-01  0.00000000E+00
   59900 -1.39016121E-01 -8.50544730E-02  5.10583376E-03  1.63051571E-01  0.00000000E+00
   60000 -8.11135524E-02 -1.27803718E-01 -9.35468202E-03  1.51659846E-01  0.00000000E+00
   60100 -1.27235012E-01 -1.10226625E-01 -4.16357044E-02  1.73413347E-01  0.00000000E+00
   60200 -1.31185116E-01 -8.87083679E-02 -5.91741095E-02  1.69057045E-01  0.00000000E+00
   60300 -7.46648086E-02 -8.04119048E-02 -7.72433304E-02  1.34191804E-01  0.00000000E+00
   60400 -9.80545494E-02 -5.84304290E-02 -1.11895425E-01  1.59841784E-01  0.00000000E+00
   60500 -1.15053318E-01 -4.81756042E-02 -9.39514086E-02  1.56157043E-01  0.00000000E+00
   60600 -1.18151170E-01 -6.50986347E-02 -1.10665042E-01  1.74482901E-01  0.00000000E+00
   60700 -8.66748275E-02 -1.83710035E-02 -1.21927309E-01  1.50719236E-01  0.00000000E+00
   60800 -9.49561121E-02 -2.59460450E-02 -1.41812564E-01  1.72628687E-01  0.00000000E+00
   60900 -1.10858996E-01 -2.40946195E-02 -9.35624643E-02  1.47051700E-01  0.00000000E+00
   61000 -1.09428040E-01 -3.20782698E-02 -1.14600075E-01  1.61668452E-01  0.00000000E+00
   61100 -7.42228947E-02 -4.96239536E-02 -1.43841989E-01  1.69298826E-01  0.00000000E+00
   61200 -4.67039879E-02 -2.25163403E-02 -1.36626596E-01  1.46133757E-01  0.00000000E+00
   61300 -7.03663105E-02 -1.23268158E-03 -1.63766200E-01  1.78247876E-01  0.00000000E+00
   61400 -7.15550221E-02  3.02367134E-02 -1.37549529E-01  1.57969152E-01  0.00000000E+00
   61500 -1.88410701E-02  6.43289653E-03 -1.41030241E-01  1.42428568E-01  0.00000000E+00
   61600  2.71882794E-02  2.67956030E-02 -1.52347188E-01  1.57056909E-01  0.00000000E+00
   61700  1.41988085E-02  2.83932758E-02 -1.71371265E-01  1.74286818E-01  0.00000000E+00
   61800 -2.65131634E-02  8.35552470E-02 -1.44626651E-01  1.69119175E-01  0.00000000E+00
   61900 -3.32645471E-02  7.66566391E-02 -1.35105394E-01  1.58859176E-01  0.00000000E+00
   62000 -2.86137268E-02  7.76894317E-02 -1.06742965E-01  1.35086838E-01  0.00000000E+00
   62100 -8.66782579E-03  1.07288291E-01 -1.21218588E-01  1.62110624E-01  0.00000000E+00
   62200 -5.72067611E-03  1.06724864E-01 -1.49058504E-01  1.83415813E-01  0.00000000E+00
   62300  3.99085602E-02  7.13003876E-02 -1.43512944E-01  1.65143585E-01  0.00000000E+00
   62400  7.00049123E-02  6.33612352E-02 -1.07425874E-01  1.43023258E-01  0.00000000E+00
   62500  6.52766117E-02  6.72942877E-02 -9.61548554E-02  1.34295619E-01  0.00000000E+00
   62600  8.70373447E-02  9.28938174E-02 -9.45224884E-02  1.58553655E-01  0.00000000E+00
   62700  9.20034402E-02  7.46668241E-02 -8.73905757E-02  1.47230704E-01  0.00000000E+00
   62800  8.68647027E-02  8.20631880E-02 -7.86905172E-02  1.43080540E-01  0.00000000E+00
   62900  9.98189137E-02  8.87665682E-02 -8.51349904E-02  1.58402291E-01  0.00000000E+00
   63000  1.02929079E-01  1.03679200E-01 -1.06173260E-01  1.80600479E-01  0.00000000E+00
   63100  4.95510854E-02  1.65438251E-01 -6.42129195E-02  1.84250981E-01  0.00000000E+00
   63200  5.78688563E-02  1.29091409E-01 -7.23530047E-02  1.58897306E-01  0.00000000E+00
   63300  1.01192769E-01  1.07968718E-01 -6.93550300E-02  1.63423807E-01  0.00000000E+00
   63400  1.06257451E-01  6.72399476E-02 -5.60154610E-02  1.37657504E-01  0.00000000E+00
   63500  1.13530716E-01  6.56766694E-02 -3.50939043E-02  1.35772716E-01  0.00000000E+00
   63600  1.31460051E-01  6.95089501E-02 -1.21230618E-02  1.49198552E-01  0.00000000E+00
   63700  1.41894688E-01  1.05220814E-01  9.44270271E-04  1.76653372E-01  0.00000000E+00
   63800  1.46111397E-01  1.08693868E-01  3.35951642E-02  1.85179730E-01  0.00000000E+00
   63900  1.26214436E-01  8.01554265E-02  3.06637308E-02  1.52627785E-01  0.00000000E+00
   64000  1.49334727E-01  3.38415805E-02  5.15918300E-02  1.61579177E-01  0.00000000E+00
   64100  1.41258936E-01 -1.31521168E-03  3.40689894E-02  1.45315219E-01  0.00000000E+00
   64200  1.28348563E-01  3.09602655E-02  1.49478254E-02  1.32873357E-01  0.00000000E+00
   64300  1.35078441E-01  4.21670940E-02  3.08430843E-02  1.44829365E-01  0.00000000E+00
   64400  1.41195695E-01  3.28110843E-02  2.67311491E-02  1.47401987E-01  0.00000000E+00
   64500  1.65979367E-01  9.54523477E-03  2.06482182E-02  1.67530924E-01  0.00000000E+00
   64600  1.52209243E-01  3.12047971E-03  3.68165260E-02  1.56629651E-01  0.00000000E+00
   64700  8.78244426E-02  1.85077345E-02  4.56091931E-03  8.98691879E-02  0.00000000E+00
   64800  9.86428684E-02 -2.89313702E-03  2.30216037E-02  1.01334989E-01  0.00000000E+00
   64900  1.24345893E-01 -1.24989182E-02  5.48784269E-02  1.36490900E-01  0.00000000E+00
   65000  1.25310179E-01 -4.58486588E-02  7.37961427E-02  1.52481511E-01  0.00000000E+00
   65100  1.29758026E-01 -7.83726863E-02  5.09724261E-02  1.59930021E-01  0.00000000E+00
   65200  1.29482477E-01 -5.45629591E-02  8.04021720E-02  1.61886805E-01  0.00000000E+00
   65300  1.25144227E-01 -3.82717507E-02  7.57531783E-02  1.51209618E-01  0.00000000E+00
   65400  1.27140456E-01  2.11052327E-02  9.15432563E-02  1.58083187E-01  0.00000000E+00
   65500  9.84541867E-02  3.59963154E-02  1.07917841E-01  1.50450065E-01  0.00000000E+00
   65600  1.00657398E-01  4.59811781E-02  9.92967602E-02  1.48680957E-01  0.00000000E+00
   65700  1.18622655E-01  4.26404353E-02  1.27369733E-01  1.79199860E-01  0.00000000E+00
   65800  6.70951588E-02  4.43252699E-02  1.09751971E-01  1.36058756E-01  0.00000000E+00
   65900  8.57306727E-02  9.17740942E-02  9.52394246E-02  1.57615928E-01  0.00000000E+00
   66000  7.82059900E-02  1.25086748E-01  8.69760889E-02  1.71253355E-01  0.00000000E+00
   66100  5.76314211E-02  1.30996374E-01  1.27409491E-01  1.91610566E-01  0.00000000E+00
   66200  3.71148075E-02  1.27515258E-01  1.21297927E-01  1.79863385E-01  0.00000000E+00
   66300 -1.54202580E-02  1.26187633E-01  1.11678794E-01  1.69213641E-01  0.00000000E+00
   66400 -6.62879557E-03  9.22580588E-02  1.29949270E-01  1.59506436E-01  0.00000000E+00
   66500 -5.12034805E-02  5.07207374E-02  1.21087124E-01  1.40913027E-01  0.00000000E+00
   66600 -9.87683471E-02  5.69992717E-02  1.26436094E-01  1.70265056E-01  0.00000000E+00
   66700 -9.61455485E-02  3.66981758E-02  1.15409733E-01  1.54629005E-01  0.00000000E+00
   66800 -1.07686847E-01  4.76931941E-02  1.17649560E-01  1.66470768E-01  0.00000000E+00
   66900 -1.01607189E-01  6.47126396E-02  1.29194413E-01  1.76643548E-01  0.00000000E+00
   67000 -7.24810498E-02  9.84211129E-02  1.03198402E-01  1.59969148E-01  0.00000000E+00
   67100 -1.08805057E-01  1.02915533E-01  4.84282918E-02  1.57402182E-01  0.00000000E+00
   67200 -1.15785731E-01  1.01770569E-01  4.67478869E-02  1.61086775E-01  0.00000000E+00
   67300 -1.28365354E-01  9.45959961E-02  3.59614667E-02  1.63460373E-01  0.00000000E+00
   67400 -1.16203828E-01  6.32801076E-02  3.11819388E-02  1.35941219E-01  0.00000000E+00
   67500 -1.13805320E-01  3.76356304E-02  7.39706631E-02  1.40853649E-01  0.00000000E+00
   67600 -1.06458718E-01  5.65227501E-02  8.73071277E-02  1.48831497E-01  0.00000000E+00
   67700 -1.17639839E-01  8.04272243E-02  1.06199698E-01  1.77724635E-01  0.00000000E+00
   67800 -1.19886739E-01  8.87087993E-02  7.87058263E-02  1.68631813E-01  0.00000000E+00
   67900 -1.59275926E-01  6.63384920E-02  6.68742084E-02  1.85045334E-01  0.00000000E+00
   68000 -1.55070869E-01  2.65288250E-02  3.19321913E-02  1.60531672E-01  0.00000000E+00
   68100 -1.18497447E-01  4.37109589E-02  3.65214096E-02  1.31476637E-01  0.00000000E+00
   68200 -8.90389929E-02  6.60249877E-02  7.48842171E-02  1.33771773E-01  0.00000000E+00
   68300 -9.96428687E-02  8.84276493E-02  9.39408589E-02  1.63012378E-01  0.00000000E+00
   68400 -7.24443811E-02  8.21467923E-02  1.49018920E-01  1.84940321E-01  0.00000000E+00
   68500 -6.05403234E-02  1.22769957E-01  1.11573529E-01  1.76596278E-01  0.00000000E+00
   68600 -4.04873405E-02  1.33815266E-01  7.29075486E-02  1.57674541E-01  0.00000000E+00
   68700  1.09630749E-02  1.09675867E-01  4.26896506E-02  1.18200639E-01  0.00000000E+00
   68800  5.55765582E-02  1.05082326E-01  7.42121856E-02  1.40137424E-01  0.00000000E+00
   68900  8.77040251E-02  1.16209000E-01  6.88077672E-02  1.61031167E-01  0.00000000E+00
   69000  7.98719660E-02  1.10936515E-01  6.19464611E-02  1.50079330E-01  0.00000000E+00
   69100  7.95998200E-02  1.10248861E-01  7.86423962E-02  1.57084592E-01  0.00000000E+00
   69200  9.79884066E-02  1.19343083E-01  7.36395221E-02  1.71076821E-01  0.00000000E+00
   69300  1.05786816E-01  1.10835067E-01  7.78021327E-02  1.71838396E-01  0.00000000E+00
   69400  1.29482586E-01  1.02746449E-01  5.07374825E-02  1.72907099E-01  0.00000000E+00
   69500  1.31436046E-01  7.76815376E-02  5.74217650E-02  1.63116874E-01  0.00000000E+00
   69600  1.39637403E-01  6.72562019E-02  6.82876968E-02  1.69367088E-01  0.00000000E+00
   69700  1.28402625E-01  5.29750769E-02  5.51933540E-02  1.49465378E-01  0.00000000E+00
   69800  8.02748435E-02  4.19692011E-02  1.34115276E-01  1.61840575E-01  0.00000000E+00
   69900  8.23582408E-02  5.04138639E-02  1.25043318E-01  1.57988192E-01  0.00000000E+00
   70000  7.53061843E-02  5.27232281E-02  1.37720092E-01  1.65582559E-01  0.00000000E+00
   70100  8.49058476E-02  6.91702708E-02  1.20533003E-01  1.62854948E-01  0.00000000E+00
   70200  2.07175183E-02  1.56446749E-02  1.25975847E-01  1.28623037E-01  0.00000000E+00
   70300  6.33265732E-03  1.56375002E-02  1.29671994E-01  1.30764903E-01  0.00000000E+00
   70400  1.08354910E-02  2.88062936E-02  1.30617412E-01  1.34194332E-01  0.00000000E+00
   70500 -2.67605300E-03  1.61711460E-02  1.65723121E-01  1.66531738E-01  0.00000000E+00
   70600  3.05662863E-02  1.00138576E-02  1.52693315E-01  1.56044300E-01  0.00000000E+00
   70700  4.28150810E-02  5.28205382E-02  1.64156259E-01  1.77680663E-01  0.00000000E+00
   70800  1.65082742E-02  3.53488152E-02  1.65831878E-01  1.70359248E-01  0.00000000E+00
   70900 -3.80142867E-03  5.05036478E-02  1.77658023E-01  1.84736143E-01  0.00000000E+00
   71000  2.37989162E-02  4.85545713E-02  1.40932704E-01  1.50950196E-01  0.00000000E+00
   71100  4.34935053E-02 -1.22929040E-03  1.61325833E-01  1.67090456E-01  0.00000000E+00
   71200 -8.62257662E-03 -4.13606619E-02  1.83637192E-01  1.88434793E-01  0.00000000E+00
   71300 -2.50860619E-03 -1.33913523E-02  1.20166745E-01  1.20936628E-01  0.00000000E+00
   71400 -3.26479248E-02 -3.26893241E-02  1.68151434E-01  1.74382865E-01  0.00000000E+00
   71500 -3.14651031E-02 -4.86460440E-02  1.78630028E-01  1.87790248E-01  0.00000000E+00
   71600 -4.77951374E-02 -3.71948556E-02  1.68662992E-01  1.79206689E-01  0.00000000E+00
   71700 -5.52533895E-02 -1.86571939E-02  1.57048347E-01  1.67526748E-01  0.00000000E+00
   71800 -6.50891397E-02  1.03438114E-03  1.23724702E-01  1.39805107E-01  0.00000000E+00
   71900 -2.38707795E-02 -2.26630912E-02  9.75722432E-02  1.02974620E-01  0.00000000E+00
   72000 -4.52086408E-02 -1.72399075E-02  1.24633711E-01  1.33695914E-01  0.00000000E+00
   72100 -3.14295345E-02  7.25059148E-03  1.43578716E-01  1.47157176E-01  0.00000000E+00
   72200 -4.38183182E-02 -8.46922765E-03  1.63324548E-01  1.69312377E-01  0.00000000E+00
   72300 -3.22359637E-02 -2.97383958E-02  1.62764690E-01  1.68570086E-01  0.00000000E+00
   72400  1.78461149E-02 -2.18856436E-02  1.52665728E-01  1.55255563E-01  0.00000000E+00
   72500 -8.68442790E-03 -2.49509440E-02  1.47241050E-01  1.49592432E-01  0.00000000E+00
   72600 -2.78356581E-02  2.57264667E-02  1.34157691E-01  1.39409329E-01  0.00000000E+00
   72700 -1.63841957E-02  1.75363234E-02  1.08332472E-01  1.10958952E-01  0.00000000E+00
   72800 -1.01211068E-02  2.78820728E-02  1.09472121E-01  1.13419540E-01  0.00000000E+00
   72900 -4.78911771E-02  2.02550874E-02  1.22770112E-01  1.33327918E-01  0.00000000E+00
   73000 -1.77436425E-02 -2.92673329E-02  1.26671055E-01  1.31213451E-01  0.00000000E+00
   73100 -3.18129289E-02 -4.65358795E-02  1.27743630E-01  1.39628384E-01  0.00000000E+00
   73200  3.11257029E-03 -2.35611181E-02  1.52498181E-01  1.54338944E-01  0.00000000E+00
   73300  3.39896476E-02 -1.67111155E-02  1.59286014E-01  1.63727187E-01  0.00000000E+00
   73400  1.43521839E-02  1.09659664E-02  1.71290736E-01  1.72240396E-01  0.00000000E+00
   73500  1.56882950E-02 -7.26480242E-03  1.71960590E-01  1.72827499E-01  0.00000000E+00
   73600  4.76754609E-02  2.72395823E-03  1.51933088E-01  1.59260895E-01  0.00000000E+00
   73700  3.57797572E-02  4.72342374E-02  1.44789730E-01  1.56445934E-01  0.00000000E+00
   73800  7.53026924E-02  5.10888237E-02  1.38095594E-01  1.65381246E-01  0.00000000E+00
   73900  8.93224260E-02  5.32541394E-02  1.08816155E-01  1.50517290E-01  0.00000000E+00
   74000  6.70859364E-02  1.01486554E-01  1.21214917E-01  1.71735551E-01  0.00000000E+00
   74100  2.38219339E-02  9.94245684E-02  1.20992609E-01  1.58404358E-01  0.00000000E+00
   74200  2.60195185E-02  1.27892306E-01  7.48206534E-02  1.50437985E-01  0.00000000E+00
   74300  5.26932780E-03  1.26226264E-01  4.37347307E-02  1.33692043E-01  0.00000000E+00
   74400 -2.12838151E-03  9.77492404E-02  7.89787593E-02  1.25686469E-01  0.00000000E+00
   74500 -1.36142634E-02  1.15238060E-01  7.20841553E-02  1.36606310E-01  0.00000000E+00
   74600 -1.63833760E-02  1.09200009E-01  7.34452486E-02  1.32616973E-01  0.00000000E+00
   74700 -1.96738132E-02  1.01604872E-01  1.40197874E-01  1.74258580E-01  0.00000000E+00
   74800 -3.01287753E-02  1.18727487E-01  1.17431515E-01  1.69688303E-01  0.00000000E+00
   74900 -3.20450996E-02  1.33853041E-01  1.11154467E-01  1.76914783E-01  0.00000000E+00
   75000 -4.11984641E-02  1.19255688E-01  1.06254524E-01  1.64952285E-01  0.00000000E+00
   75100 -2.06195654E-03  1.19978431E-01  8.96135384E-02  1.49765356E-01  0.00000000E+00
   75200 -3.61023537E-02  1.33864193E-01  9.54399219E-02  1.68320471E-01  0.00000000E+00
   75300 -4.88784611E-02  1.13836255E-01  9.18760723E-02  1.54236862E-01  0.00000000E+00
   75400 -3.73744020E-02  9.81478392E-02  1.15830484E-01  1.56353910E-01  0.00000000E+00
   75500 -3.59460920E-02  8.25418153E-02  1.09165146E-01  1.41500183E-01  0.00000000E+00
   75600 -7.88569906E-02  8.71574781E-02  1.01061818E-01  1.55010780E-01  0.00000000E+00
   75700 -1.02402165E-01  9.17670701E-02  7.43040951E-02  1.56296184E-01  0.00000000E+00
   75800 -1.13653913E-01  3.53357863E-02  7.19563686E-02  1.39081087E-01  0.00000000E+00
   75900 -1.16746215E-01  3.15228107E-02  8.71591665E-02  1.49064035E-01  0.00000000E+00
   76000 -9.75652742E-02  3.66304288E-02  1.05477350E-01  1.48277586E-01  0.00000000E+00
   76100 -7.98078337E-02  2.23752473E-02  1.11547028E-01  1.38970074E-01  0.00000000E+00
   76200 -7.48051942E-02 -1.65902884E-02  1.07786100E-01  1.32245598E-01  0.00000000E+00
   76300 -7.92593914E-02 -4.04914633E-03  9.00735870E-02  1.20048731E-01  0.00000000E+00
   76400 -4.92665420E-02  1.31780013E-02  1.07663031E-01  1.19130937E-01  0.00000000E+00
   76500 -7.02894813E-02  2.29679426E-02  1.54355367E-01  1.71154074E-01  0.00000000E+00
   76600 -6.58382638E-02 -7.10553405E-04  1.18132361E-01  1.35242140E-01  0.00000000E+00
   76700 -8.65545187E-02  4.11361423E-02  1.47694837E-01  1.76061443E-01  0.00000000E+00
   76800 -7.35863856E-02  8.24382590E-02  1.45670514E-01  1.82841246E-01  0.00000000E+00
   76900 -5.25253121E-02  7.28889922E-02  1.28006293E-01  1.56388378E-01  0.00000000E+00
   77000 -3.45240570E-02  9.57785993E-02  1.27140605E-01  1.62880889E-01  0.00000000E+00
   77100 -3.19810884E-02  9.80999340E-02  1.25710341E-01  1.62632952E-01  0.00000000E+00
   77200 -6.38583283E-02  8.69274260E-02  1.05240477E-01  1.50697782E-01  0.00000000E+00
   77300 -8.34895649E-02  7.56263500E-02  1.14918790E-01  1.60922903E-01  0.00000000E+00
   77400 -1.08016743E-01  4.16417057E-02  1.00729892E-01  1.53454096E-01  0.00000000E+00
   77500 -1.15690209E-01  4.44094516E-02  1.20158758E-01  1.72610982E-01  0.00000000E+00
   77600 -9.13942860E-02  5.61735408E-02  1.42041801E-01  1.78000717E-01  0.00000000E+00
   77700 -1.01329153E-01  7.41139262E-02  9.20950212E-02  1.55698311E-01  0.00000000E+00
   77800 -7.71648435E-02  8.34483609E-02  9.71374334E-02  1.49511615E-01  0.00000000E+00
   77900 -1.35993832E-01  4.28723289E-02  5.58776543E-02  1.53149179E-01  0.00000000E+00
   78000 -1.17027093E-01  4.14021785E-02  7.15704311E-02  1.43289245E-01  0.00000000E+00
   78100 -9.46861196E-02  4.03182416E-02  9.06688089E-02  1.37156315E-01  0.00000000E+00
   78200 -1.17971104E-01  3.75577070E-02  8.89121136E-02  1.52424167E-01  0.00000000E+00
   78300 -1.49001967E-01  2.18332853E-02  3.92532479E-02  1.55624857E-01  0.00000000E+00
   78400 -1.48138028E-01  2.25436411E-02  3.96115393E-02  1.54990855E-01  0.00000000E+00
   78500 -1.46238254E-01 -1.97009347E-02  3.83542074E-02  1.52462451E-01  0.00000000E+00
   78600 -1.58133296E-01 -1.22725570E-02  1.99723367E-02  1.59861343E-01  0.00000000E+00
   78700 -1.73651946E-01  2.06973230E-02 -2.87915206E-03  1.74904737E-01  0.00000000E+00
   78800 -1.56106360E-01 -2.09576714E-02 -1.90273849E-02  1.58652013E-01  0.00000000E+00
   78900 -1.58796058E-01 -4.81812171E-02 -3.67992540E-02  1.69975889E-01  0.00000000E+00
   79000 -1.44312680E-01 -3.53903073E-02 -1.86317319E-02  1.49752345E-01  0.00000000E+00
   79100 -1.19430289E-01 -2.87427710E-02 -5.56172856E-03  1.22966148E-01  0.00000000E+00
   79200 -1.56075543E-01 -2.33117449E-02  3.86539252E-03  1.57854217E-01  0.00000000E+00
   79300 -1.54110953E-01  1.25635159E-02  1.06791679E-02  1.54990556E-01  0.00000000E+00
   79400 -1.56463617E-01  2.08892901E-02  8.38097262E-03  1.58074244E-01  0.00000000E+00
   79500 -1.54544203E-01  2.30143395E-02 -7.73809468E-03  1.56439921E-01  0.00000000E+00
   79600 -1.40099392E-01  5.25141364E-02 -4.31924454E-03  1.49680426E-01  0.00000000E+00
   79700 -1.43167576E-01  8.82079754E-02  2.81917771E-02  1.70506241E-01  0.00000000E+00
   79800 -1.08639736E-01  6.79311336E-02  1.01127207E-01  1.63229725E-01  0.00000000E+00
   79900 -1.05061699E-01  7.53010343E-02  1.00188311E-01  1.63541750E-01  0.00000000E+00
   80000 -7.25357121E-02  1.28829516E-01  6.15756394E-02  1.60156277E-01  0.00000000E+00
   80100 -8.22549255E-02  1.28313118E-01  7.07991618E-02  1.68055498E-01  0.00000000E+00
   80200 -9.76904250E-02  1.49561346E-01  4.52834737E-02  1.84289469E-01  0.00000000E+00
   80300 -8.31266861E-02  1.27990022E-01  1.66003726E-03  1.52624530E-01  0.00000000E+00
   80400 -6.47488869E-02  1.38971842E-01  1.92787446E-02  1.54522689E-01  0.00000000E+00
   80500 -7.88865253E-02  1.42269163E-01  5.31903448E-02  1.71151428E-01  0.00000000E+00
   80600 -6.00695273E-02  1.38766407E-01  4.68124700E-02  1.58290464E-01  0.00000000E+00
   80700 -7.71866693E-02  1.46844038E-01  4.62832491E-02  1.72229766E-01  0.00000000E+00
   80800 -7.78195379E-02  1.57158756E-01  5.50374752E-02  1.83803914E-01  0.00000000E+00
   80900 -1.05996734E-01  1.30395761E-01  5.81612956E-02  1.77823222E-01  0.00000000E+00
   81000 -9.56427267E-02  1.31282542E-01  5.43764979E-02  1.71287596E-01  0.00000000E+00
   81100 -1.36379909E-01  1.26402508E-01  4.14465639E-02  1.90512181E-01  0.00000000E+00
   81200 -1.27711443E-01  1.14978543E-01  2.27076358E-02  1.73337575E-01  0.00000000E+00
   81300 -1.16053607E-01  9.03753741E-02  3.90983306E-02  1.52199959E-01  0.00000000E+00
   81400 -1.14031787E-01  7.76727909E-02  2.13559647E-02  1.39615143E-01  0.00000000E+00
   81500 -1.37736845E-01  8.87177401E-02  1.71207991E-02  1.64728254E-01  0.00000000E+00
   81600 -1.50178061E-01  8.37320887E-02  9.76804944E-03  1.72220578E-01  0.00000000E+00
   81700 -1.60673743E-01  7.72847897E-02  8.08619233E-03  1.78477945E-01  0.00000000E+00
   81800 -1.44254324E-01  8.92764578E-02  6.46768572E-03  1.69768746E-01  0.00000000E+00
   81900 -1.20161650E-01  9.21438643E-02  4.40823922E-02  1.57710403E-01  0.00000000E+00
   82000 -1.30846576E-01  8.95873245E-02  2.20098916E-02  1.60097316E-01  0.00000000E+00
   82100 -1.44549365E-01  7.33616513E-02  2.70664570E-03  1.62122721E-01  0.00000000E+00
   82200 -1.22331793E-01  6.83138711E-02  2.53672506E-02  1.42391537E-01  0.00000000E+00
   82300 -1.59937890E-01  7.63841075E-02 -1.03295283E-02  1.77542558E-01  0.00000000E+00
   82400 -1.57237209E-01  1.10117504E-01  2.24236326E-02  1.93267235E-01  0.00000000E+00
   82500 -1.30554647E-01  1.24594242E-01  4.44463167E-02  1.85859398E-01  0.00000000E+00
   82600 -8.21376978E-02  1.08951235E-01  2.02242892E-02  1.37934749E-01  0.00000000E+00
   82700 -1.15100763E-01  1.27688801E-01  4.64044103E-02  1.78061744E-01  0.00000000E+00
   82800 -1.24086244E-01  9.01929096E-02  4.17861021E-02  1.58991306E-01  0.00000000E+00
   82900 -1.30218239E-01  7.31567496E-02  6.00567380E-02  1.60982955E-01  0.00000000E+00
   83000 -1.03087585E-01  5.41276539E-02  7.54719458E-02  1.38754703E-01  0.00000000E+00
   83100 -1.17428355E-01  3.14000187E-02  5.04444346E-02  1.31605550E-01  0.00000000E+00
   83200 -1.29627426E-01  2.46648108E-02  5.81058394E-02  1.44180134E-01  0.00000000E+00
   83300 -1.05446052E-01  5.75620089E-02  1.02793590E-01  1.58110015E-01  0.00000000E+00
   83400 -8.77845131E-02  9.31212908E-02  1.11137334E-01  1.69496910E-01  0.00000000E+00
   83500 -6.43512788E-02  8.14020554E-02  8.11212997E-02  1.31711985E-01  0.00000000E+00
   83600 -5.33263318E-02  8.45799167E-02  1.19652213E-01  1.55929830E-01  0.00000000E+00
   83700 -4.95636820E-02  7.88587449E-02  1.23806543E-01  1.54930049E-01  0.00000000E+00
   83800 -3.31998335E-02  3.66244710E-02  1.03493214E-01  1.14692747E-01  0.00000000E+00
   83900 -1.69191777E-02  6.29138299E-02  1.24048086E-01  1.40115439E-01  0.00000000E+00
   84000 -2.39633553E-02  5.53659281E-02  1.41725983E-01  1.54032083E-01  0.00000000E+00
   84100  3.99688723E-02  2.36225864E-02  1.67573602E-01  1.73886312E-01  0.00000000E+00
   84200  2.86626908E-02  2.64176551E-03  1.29919325E-01  1.33069755E-01  0.00000000E+00
   84300  3.13763278E-02  1.18276451E-03  1.22147937E-01  1.26118957E-01  0.00000000E+00
   84400  1.73880269E-02 -1.50165506E-02  1.62840826E-01  1.64453564E-01  0.00000000E+00
   84500  6.50493605E-02 -7.76497124E-03  1.40201938E-01  1.54752375E-01  0.00000000E+00
   84600  5.48615316E-02 -4.69486629E-03  1.05709192E-01  1.19190028E-01  0.00000000E+00
   84700  5.28591273E-02 -2.90356602E-02  9.01612072E-02  1.08472117E-01  0.00000000E+00
   84800  5.66456482E-02 -4.33246368E-02  5.76373767E-02  9.16941699E-02  0.00000000E+00
   84900  2.66816853E-02 -6.58147508E-02  8.11507080E-02  1.07837522E-01  0.00000000E+00
   85000  7.21690686E-02 -9.94168870E-02  4.82428420E-02  1.31982816E-01  0.00000000E+00
   85100  1.02444011E-02 -1.16600815E-01  5.06974704E-02  1.27557561E-01  0.00000000E+00
   85200  2.80204972E-03 -1.17258475E-01  5.33101067E-02  1.28838538E-01  0.00000000E+00
   85300 -1.86070295E-02 -1.43312214E-01  6.19991028E-02  1.57252984E-01  0.00000000E+00
   85400 -2.93806981E-02 -1.39416854E-01  2.94018644E-02  1.45481113E-01  0.00000000E+00
   85500 -4.47585307E-02 -1.61305262E-01  4.55431605E-02  1.73484562E-01  0.00000000E+00
   85600 -7.62022604E-02 -1.69308227E-01  2.83945869E-02  1.87825219E-01  0.00000000E+00
   85700 -6.03895849E-02 -1.66993623E-01  4.71263840E-05  1.77577516E-01  0.00000000E+00
   85800 -4.04938129E-02 -1.62962949E-01  4.87935165E-02  1.74864173E-01  0.00000000E+00
   85900 -7.93022291E-03 -1.44549634E-01  2.17819499E-02  1.46396511E-01  0.00000000E+00
   86000  1.48045297E-02 -1.33224511E-01  5.97381283E-02  1.46753495E-01  0.00000000E+00
   86100  8.71967865E-03 -1.12347135E-01  7.55688034E-02  1.35678132E-01  0.00000000E+00
   86200 -9.75084284E-03 -1.38119218E-01  3.78653751E-02  1.43547149E-01  0.00000000E+00
   86300 -1.24520749E-02 -1.43176615E-01  5.14393947E-03  1.43809100E-01  0.00000000E+00
   86400 -4.25800192E-02 -1.22849644E-01  3.30223545E-03  1.30061516E-01  0.00000000E+00
   86500 -4.25796615E-02 -1.33722829E-01  2.16800736E-02  1.42002987E-01  0.00000000E+00
   86600 -5.44447660E-02 -1.68987767E-01  1.03166027E-02  1.77841307E-01  0.00000000E+00
   86700  3.71906273E-03 -1.71720224E-01  3.69774709E-02  1.75695760E-01  0.00000000E+00
   86800 -2.48902094E-02 -1.53655712E-01 -2.42172007E-02  1.57531182E-01  0.00000000E+00
   86900 -3.86156292E-02 -1.48532260E-01 -7.82720089E-02  1.72277412E-01  0.00000000E+00
   87000 -4.64866419E-02 -1.20735078E-01 -1.11705096E-01  1.70926872E-01  0.00000000E+00
   87100 -7.15578979E-02 -1.19599710E-01 -1.12551829E-01  1.79143902E-01  0.00000000E+00
   87200 -8.53249257E-02 -1.08286813E-01 -8.11561029E-02  1.59977155E-01  0.00000000E+00
   87300 -9.89272445E-02 -1.03720762E-01 -8.05488838E-02  1.64416298E-01  0.00000000E+00
   87400 -3.59529368E-02 -1.09594968E-01 -8.31673012E-02  1.42198701E-01  0.00000000E+00
   87500 -1.48323231E-02 -1.42607155E-01 -8.19937596E-02  1.65165902E-01  0.00000000E+00
   87600  2.29167377E-02 -1.59357338E-01 -5.90341634E-02  1.71478776E-01  0.00000000E+00
   87700  1.72467512E-03 -1.54436665E-01 -6.15152386E-02  1.66246151E-01  0.00000000E+00
   87800  7.41432284E-03 -1.66923546E-01 -5.72858561E-02  1.76635533E-01  0.00000000E+00
   87900  2.36485561E-02 -1.48782217E-01 -7.92087319E-02  1.70204070E-01  0.00000000E+00
   88000  3.12832945E-02 -1.39000585E-01 -6.76897369E-02  1.57739366E-01  0.00000000E+00
   88100  2.74536360E-02 -1.53366596E-01 -9.53918417E-02  1.82687214E-01  0.00000000E+00
   88200  1.04955860E-02 -1.66777342E-01 -5.59486227E-02  1.76224537E-01  0.00000000E+00
   88300 -9.85326976E-03 -1.51325233E-01 -4.34064179E-02  1.57735634E-01  0.00000000E+00
   88400  4.13358258E-02 -1.77548705E-01 -2.74383178E-02  1.84350358E-01  0.00000000E+00
   88500  5.17886481E-02 -1.25865261E-01 -2.89868639E-02  1.39155907E-01  0.00000000E+00
   88600  3.75606116E-02 -1.08896193E-01 -5.28930708E-02  1.26755108E-01  0.00000000E+00
   88700  5.41661908E-02 -1.05818055E-01 -9.12478773E-02  1.49858640E-01  0.00000000E+00
   88800  7.13306215E-02 -1.12268250E-01 -9.02225910E-02  1.60724402E-01  0.00000000E+00
   88900  5.29839077E-02 -1.08487757E-01 -8.80467617E-02  1.49429315E-01  0.00000000E+00
   89000 -8.45810760E-03 -1.24018224E-01 -7.40240276E-02  1.44677628E-01  0.00000000E+00
   89100 -1.91828648E-02 -1.38644485E-01 -3.25791333E-02  1.43706908E-01  0.00000000E+00
   89200 -1.59509885E-02 -1.50431366E-01  4.72176038E-03  1.51348356E-01  0.00000000E+00
   89300 -2.61387922E-02 -1.53967086E-01 -1.16084825E-02  1.56600948E-01  0.00000000E+00
   89400 -3.23585203E-02 -1.71536862E-01  2.06895758E-03  1.74574482E-01  0.00000000E+00
   89500 -5.78039079E-02 -1.66272247E-01 -1.81138882E-02  1.76962891E-01  0.00000000E+00
   89600 -1.81831865E-02 -1.51437420E-01  5.83497215E-03  1.52636717E-01  0.00000000E+00
   89700 -1.87211588E-02 -1.39375631E-01 -6.13053060E-03  1.40760902E-01  0.00000000E+00
   89800 -3.35609672E-02 -1.34021884E-01  1.69020918E-02  1.39190103E-01  0.00000000E+00
   89900 -1.91437450E-02 -1.77053724E-01 -2.92862523E-02  1.80477668E-01  0.00000000E+00
   90000 -1.27792603E-02 -1.65199610E-01 -2.92573634E-02  1.68256394E-01  0.00000000E+00
   90100 -4.63877063E-02 -1.63704152E-01 -1.98452246E-02  1.71302953E-01  0.00000000E+00
   90200 -6.48459847E-02 -1.39126468E-01 -1.49549511E-02  1.54223301E-01  0.00000000E+00
   90300 -3.49787085E-02 -1.34340705E-01 -3.80960388E-02  1.43952226E-01  0.00000000E+00
   90400 -6.12032233E-02 -1.51870003E-01 -4.67790792E-02  1.70289796E-01  0.00000000E+00
   90500 -5.43405863E-02 -1.11885381E-01 -3.03403021E-02  1.28030355E-01  0.00000000E+00
   90600 -4.15107355E-02 -1.17005668E-01 -3.06910796E-02  1.27888271E-01  0.00000000E+00
   90700 -6.77972263E-02 -1.28073330E-01  2.49787383E-02  1.47048221E-01  0.00000000E+00
   90800 -4.39153745E-02 -1.40084928E-01  1.77041261E-02  1.47870833E-01  0.00000000E+00
   90900 -4.67274612E-02 -1.30393126E-01  2.99302428E-02  1.41709712E-01  0.00000000E+00
   91000 -1.08012529E-02 -1.42238914E-01 -2.48841882E-03  1.42670137E-01  0.00000000E+00
   91100 -4.74943122E-03 -1.57440016E-01 -2.31062659E-03  1.57528584E-01  0.00000000E+00
   91200  3.08367997E-03 -1.32061958E-01  5.84346604E-03  1.32227138E-01  0.00000000E+00
   91300  2.63044415E-02 -1.35701299E-01  1.49366562E-02  1.39031902E-01  0.00000000E+00
   91400  2.25709022E-02 -1.58293898E-01  2.30704807E-02  1.61550769E-01  0.00000000E+00
   91500  2.13843467E-02 -1.56415354E-01 -1.35156392E-02  1.58447864E-01  0.00000000E+00
   91600  2.65494933E-02 -1.39831216E-01 -6.60972074E-02  1.56928281E-01  0.00000000E+00
   91700  2.69305294E-02 -1.48042221E-01 -8.35285956E-02  1.72101072E-01  0.00000000E+00
   91800  1.88879948E-02 -1.20717991E-01 -7.43092878E-02  1.43008601E-01  0.00000000E+00
   91900  3.56731784E-02 -1.47654042E-01 -8.91729984E-02  1.76142316E-01  0.00000000E+00
   92000  4.64087183E-03 -1.23146587E-01 -6.65084202E-02  1.40035672E-01  0.00000000E+00
   92100 -1.13145253E-02 -1.15445810E-01 -9.31398253E-02  1.48764178E-01  0.00000000E+00
   92200 -1.20634849E-02 -1.04755986E-01 -1.09145882E-01  1.51763526E-01  0.00000000E+00
   92300  3.09846422E-02 -1.18814240E-01 -1.20233641E-01  1.71851680E-01  0.00000000E+00
   92400 -9.08537175E-04 -1.28385361E-01 -1.10506140E-01  1.69396674E-01  0.00000000E+00
   92500 -2.26598988E-02 -1.47394865E-01 -9.90170104E-02  1.79005826E-01  0.00000000E+00
   92600 -2.60731536E-02 -1.29569421E-01 -8.54870117E-02  1.57404172E-01  0.00000000E+00
   92700 -9.28130573E-03 -1.31396912E-01 -9.57900315E-02  1.62871180E-01  0.00000000E+00
   92800  1.88397636E-02 -1.37051894E-01 -1.14496166E-01  1.79575974E-01  0.00000000E+00
   92900  4.50154697E-02 -1.40091079E-01 -1.07054890E-01  1.81968822E-01  0.00000000E+00
   93000  4.45908806E-02 -1.41080682E-01 -1.16260369E-01  1.88171674E-01  0.00000000E+00
   93100  7.81585909E-02 -1.12223394E-01 -1.07690479E-01  1.74069224E-01  0.00000000E+00
   93200  6.80137367E-02 -1.23548617E-01 -1.18918677E-01  1.84477047E-01  0.00000000E+00
   93300  7.85053842E-02 -1.05417632E-01 -1.01819388E-01  1.66262324E-01  0.00000000E+00
   93400  9.69119519E-02 -1.22797834E-01 -8.91840626E-02  1.80069519E-01  0.00000000E+00
   93500  6.78492000E-02 -1.41815390E-01 -4.86831431E-02  1.64575719E-01  0.00000000E+00
   93600  7.49617465E-02 -1.20413252E-01 -1.69608721E-02  1.42850572E-01  0.00000000E+00
   93700  1.30606181E-01 -1.12117102E-01 -6.59428201E-03  1.72254764E-01  0.00000000E+00
   93800  1.12723813E-01 -1.01678187E-01 -2.49591211E-02  1.53844302E-01  0.00000000E+00
   93900  1.12376652E-01 -1.11842257E-01 -1.31394639E-03  1.58552606E-01  0.00000000E+00
   94000  1.18069597E-01 -5.66121777E-02  6.08891358E-03  1.31081819E-01  0.00000000E+00
   94100  1.35889150E-01 -7.84805417E-02  4.76706752E-03  1.56996119E-01  0.00000000E+00
   94200  1.59324451E-01 -5.55986752E-02  1.14201549E-02  1.69132828E-01  0.00000000E+00
   94300  1.33857242E-01 -2.65619852E-02  5.33249325E-02  1.46515694E-01  0.00000000E+00
   94400  1.22416880E-01 -2.35339007E-03  4.78191127E-02  1.31446181E-01  0.00000000E+00
   94500  1.27304305E-01  2.05223477E-02  5.00081677E-02  1.38305349E-01  0.00000000E+00
   94600  1.30547093E-01  6.34044558E-02  4.22325688E-02  1.51149788E-01  0.00000000E+00
   94700  1.31096135E-01  5.67820186E-02 -2.14618785E-03  1.42881071E-01  0.00000000E+00
   94800  1.31954185E-01  5.62390524E-02  4.61959389E-03  1.43513339E-01  0.00000000E+00
   94900  1.16363944E-01  7.57889427E-02  2.33586331E-03  1.38888400E-01  0.00000000E+00
   95000  1.21343448E-01  6.27495356E-02  1.19831227E-02  1.37132534E-01  0.00000000E+00
   95100  1.10916298E-01  6.05225897E-02  3.29198829E-02  1.30572309E-01  0.00000000E+00
   95200  8.80634042E-02  6.74798986E-02  3.50171263E-02  1.16339585E-01  0.00000000E+00
   95300  6.62762827E-02  7.48039536E-02  7.59502970E-02  1.25525395E-01  0.00000000E+00
   95400  5.48482370E-02  6.89792023E-02  9.25681018E-02  1.27809675E-01  0.00000000E+00
   95500  7.32388070E-02  7.77846948E-02  1.01779472E-01  1.47558268E-01  0.00000000E+00
   95600  7.65619670E-02  9.51286069E-02  9.95670939E-02  1.57558855E-01  0.00000000E+00
   95700  7.55254039E-02  5.36014794E-02  1.31994962E-01  1.61244768E-01  0.00000000E+00
   95800  7.14224182E-02  6.99186277E-02  1.42998968E-01  1.74466275E-01  0.00000000E+00
   95900  1.02529563E-01  6.68504834E-02  1.16571783E-01  1.69027451E-01  0.00000000E+00
   96000  6.86678929E-02  5.40751612E-02  1.00144444E-01  1.32922204E-01  0.00000000E+00
   96100  5.74469533E-02  3.50523039E-02  1.42157444E-01  1.57281770E-01  0.00000000E+00
   96200  3.43074173E-02  2.49865352E-02  1.45731451E-01  1.51785973E-01  0.00000000E+00
   96300  4.76070862E-02  2.90414498E-02  1.36966446E-01  1.47883900E-01  0.00000000E+00
   96400  3.76861227E-02  1.23986552E-02  1.37332566E-01  1.42948257E-01  0.00000000E+00
   96500  1.30587836E-02  4.17623350E-02  1.31459427E-01  1.38550372E-01  0.00000000E+00
   96600  8.89605927E-03  3.74677511E-02  1.44648810E-01  1.49687175E-01  0.00000000E+00
   96700  1.04234757E-02  4.82965962E-02  1.46474746E-01  1.54583509E-01  0.00000000E+00
   96800  8.80721880E-03  6.24194416E-02  1.41405323E-01  1.54819957E-01  0.00000000E+00
   96900  4.10726613E-02  6.86787705E-02  1.50454938E-01  1.70412516E-01  0.00000000E+00
