   #Iter             <M>           <M^2>           <M^4>      U_{Binder}            \chi        C_v(tot)             <E>       <E_{exc}>       <E_{lsf}>
       1  1.11352862E-01  1.23994599E-02  1.53746606E-04  6.66666667E-01 -8.56920797E-17 -2.05740933E-13 -4.15126492E-01 -4.12948442E-01  0.00000000E+00
      11  1.37887457E-01  1.92068946E-02  3.82485103E-04  6.54395836E-01  2.43498674E-02  2.16218843E+00 -4.15270297E-01 -4.12944032E-01  0.00000000E+00
      21  1.43440634E-01  2.07758763E-02  4.47432155E-04  6.54468828E-01  2.51932141E-02  2.94369812E+00 -4.18183976E-01 -4.15799482E-01  0.00000000E+00
      31  1.53891797E-01  2.39339507E-02  5.96064539E-04  6.53148764E-01  3.15466836E-02  3.57646790E+00 -4.22235565E-01 -4.19840630E-01  0.00000000E+00
      41  1.54072875E-01  2.39396580E-02  5.91967671E-04  6.55696966E-01  2.52618036E-02  3.78116551E+00 -4.24336253E-01 -4.22010536E-01  0.00000000E+00
      51  1.58332030E-01  2.53108269E-02  6.64863303E-04  6.54061864E-01  3.03576832E-02  4.33030443E+00 -4.26281336E-01 -4.23910267E-01  0.00000000E+00
      61  1.58449280E-01  2.53156218E-02  6.61713111E-04  6.55831367E-01  2.62964006E-02  3.95597178E+00 -4.26420697E-01 -4.24053556E-01  0.00000000E+00
      71  1.52744887E-01  2.36222676E-02  5.84698182E-04  6.50725149E-01  3.65689475E-02  3.80874989E+00 -4.24534484E-01 -4.22156219E-01  0.00000000E+00
      81  1.53176070E-01  2.37481965E-02  5.90090596E-04  6.51232369E-01  3.58182732E-02  4.25368733E+00 -4.25959480E-01 -4.23579913E-01  0.00000000E+00
      91  1.52785558E-01  2.35947623E-02  5.79643374E-04  6.52936927E-01  3.15554977E-02  3.47850746E+00 -4.26180434E-01 -4.23821727E-01  0.00000000E+00
     101  1.54163310E-01  2.39959473E-02  5.96766010E-04  6.54532636E-01  2.88292331E-02  3.40796601E+00 -4.25142993E-01 -4.22741483E-01  0.00000000E+00
     111  1.52975254E-01  2.36678348E-02  5.84872720E-04  6.51964896E-01  3.34476559E-02  4.06433655E+00 -4.24157997E-01 -4.21757866E-01  0.00000000E+00
     121  1.51517323E-01  2.32015704E-02  5.60965251E-04  6.52639889E-01  3.06434294E-02  3.74889676E+00 -4.23643541E-01 -4.21222123E-01  0.00000000E+00
     131  1.49372474E-01  2.25729828E-02  5.33270566E-04  6.51142185E-01  3.27496301E-02  3.64962583E+00 -4.23802995E-01 -4.21373515E-01  0.00000000E+00
     141  1.48768718E-01  2.23732385E-02  5.22505317E-04  6.52054075E-01  3.02712850E-02  3.47394880E+00 -4.23363564E-01 -4.20918965E-01  0.00000000E+00
     151  1.50257876E-01  2.28322092E-02  5.45140987E-04  6.51428633E-01  3.19879291E-02  3.60422590E+00 -4.24031508E-01 -4.21589277E-01  0.00000000E+00
     161  1.49587374E-01  2.26119463E-02  5.33328813E-04  6.52305436E-01  2.95753211E-02  3.30854801E+00 -4.23784021E-01 -4.21358101E-01  0.00000000E+00
     171  1.50328478E-01  2.28440303E-02  5.45082138E-04  6.51826878E-01  3.08076480E-02  3.62137541E+00 -4.24246596E-01 -4.21829109E-01  0.00000000E+00
     181  1.50812862E-01  2.29750349E-02  5.49651527E-04  6.52900630E-01  2.89415248E-02  3.39333232E+00 -4.24130972E-01 -4.21698527E-01  0.00000000E+00
     191  1.51803953E-01  2.32784603E-02  5.64342398E-04  6.52853396E-01  2.93815237E-02  3.32361863E+00 -4.24442456E-01 -4.22020234E-01  0.00000000E+00
     201  1.52888814E-01  2.36109997E-02  5.80310302E-04  6.53015340E-01  2.96313665E-02  3.34741523E+00 -4.25037552E-01 -4.22631102E-01  0.00000000E+00
     211  1.52735720E-01  2.35580301E-02  5.77070869E-04  6.53398888E-01  2.88554359E-02  3.27632834E+00 -4.25294710E-01 -4.22894269E-01  0.00000000E+00
     221  1.53083993E-01  2.36609075E-02  5.81686638E-04  6.53658099E-01  2.83995155E-02  3.22765115E+00 -4.25419724E-01 -4.23020640E-01  0.00000000E+00
     231  1.53268155E-01  2.37094278E-02  5.83241045E-04  6.54152471E-01  2.74078981E-02  3.18346268E+00 -4.25581221E-01 -4.23185062E-01  0.00000000E+00
     241  1.52758323E-01  2.35514741E-02  5.75454089E-04  6.54177509E-01  2.71653875E-02  3.42115056E+00 -4.24784734E-01 -4.22380285E-01  0.00000000E+00
     251  1.51772312E-01  2.32535978E-02  5.61552614E-04  6.53830432E-01  2.74659720E-02  3.41574809E+00 -4.24219880E-01 -4.21810435E-01  0.00000000E+00
     261  1.50215499E-01  2.28559038E-02  5.47844140E-04  6.50426126E-01  3.65614699E-02  3.48341407E+00 -4.23871695E-01 -4.21455811E-01  0.00000000E+00
     271  1.48964067E-01  2.24833860E-02  5.31086471E-04  6.49796444E-01  3.67981475E-02  3.56102184E+00 -4.23066934E-01 -4.20645005E-01  0.00000000E+00
     281  1.48576707E-01  2.23546105E-02  5.24147988E-04  6.50378242E-01  3.51006784E-02  3.42908221E+00 -4.23046348E-01 -4.20628018E-01  0.00000000E+00
     291  1.49934862E-01  2.27776073E-02  5.45380684E-04  6.49601454E-01  3.73068619E-02  3.36226672E+00 -4.23248863E-01 -4.20830036E-01  0.00000000E+00
     301  1.51541911E-01  2.32835299E-02  5.71084734E-04  6.48858909E-01  3.99980134E-02  3.49784335E+00 -4.23979718E-01 -4.21578078E-01  0.00000000E+00
     311  1.51253005E-01  2.31787135E-02  5.64674028E-04  6.49653403E-01  3.78212890E-02  3.35141338E+00 -4.23936076E-01 -4.21543298E-01  0.00000000E+00
     321  1.50763560E-01  2.30451298E-02  5.59669642E-04  6.48721009E-01  3.96087506E-02  3.41469376E+00 -4.23912726E-01 -4.21519772E-01  0.00000000E+00
     331  1.51777543E-01  2.33546010E-02  5.74429950E-04  6.48948433E-01  3.99476998E-02  3.39953546E+00 -4.24330900E-01 -4.21941553E-01  0.00000000E+00
     341  1.52737736E-01  2.36485850E-02  5.88535190E-04  6.49215124E-01  4.01473765E-02  3.45108218E+00 -4.24736550E-01 -4.22345882E-01  0.00000000E+00
     351  1.52157468E-01  2.34638314E-02  5.79110922E-04  6.49375191E-01  3.91640077E-02  3.48029416E+00 -4.24439258E-01 -4.22043058E-01  0.00000000E+00
     361  1.52495598E-01  2.35558778E-02  5.82436024E-04  6.50112531E-01  3.77872225E-02  3.33948291E+00 -4.24571888E-01 -4.22179577E-01  0.00000000E+00
     371  1.52442206E-01  2.35328681E-02  5.80759388E-04  6.50437157E-01  3.69424473E-02  3.29002106E+00 -4.24621479E-01 -4.22229953E-01  0.00000000E+00
     381  1.52109943E-01  2.34342217E-02  5.76292824E-04  6.50199128E-01  3.72619556E-02  3.22732956E+00 -4.24470762E-01 -4.22069499E-01  0.00000000E+00
     391  1.51728612E-01  2.33289075E-02  5.71918389E-04  6.49713015E-01  3.85863888E-02  3.19104783E+00 -4.24400214E-01 -4.21998023E-01  0.00000000E+00
     401  1.52390409E-01  2.35254329E-02  5.80732625E-04  6.50232282E-01  3.79913263E-02  3.15211576E+00 -4.24601702E-01 -4.22200338E-01  0.00000000E+00
     411  1.52443067E-01  2.35312286E-02  5.80093609E-04  6.50789237E-01  3.67036206E-02  3.06360245E+00 -4.24589239E-01 -4.22181430E-01  0.00000000E+00
     421  1.52652982E-01  2.35941942E-02  5.83050219E-04  6.50880256E-01  3.65682085E-02  3.15424744E+00 -4.24703361E-01 -4.22293525E-01  0.00000000E+00
     431  1.52619427E-01  2.35809910E-02  5.82139615E-04  6.51035062E-01  3.61966197E-02  3.26172629E+00 -4.24812145E-01 -4.22398803E-01  0.00000000E+00
     441  1.53052480E-01  2.37134947E-02  5.88483301E-04  6.51163623E-01  3.62131086E-02  3.24490474E+00 -4.24897369E-01 -4.22490433E-01  0.00000000E+00
     451  1.53169066E-01  2.37469294E-02  5.89968692E-04  6.51267207E-01  3.59285701E-02  3.29424428E+00 -4.25161340E-01 -4.22758407E-01  0.00000000E+00
     461  1.53523377E-01  2.38540198E-02  5.95049968E-04  6.51414732E-01  3.57309458E-02  3.24335715E+00 -4.25313173E-01 -4.22905527E-01  0.00000000E+00
     471  1.53658913E-01  2.38907695E-02  5.96408756E-04  6.51692778E-01  3.51176991E-02  3.19902293E+00 -4.25311442E-01 -4.22904754E-01  0.00000000E+00
     481  1.53223971E-01  2.37533426E-02  5.89506538E-04  6.51728526E-01  3.46216624E-02  3.12853066E+00 -4.25095837E-01 -4.22695570E-01  0.00000000E+00
     491  1.53384401E-01  2.37963415E-02  5.91002315E-04  6.52105516E-01  3.38444597E-02  3.13716375E+00 -4.25163380E-01 -4.22753215E-01  0.00000000E+00
     501  1.53737121E-01  2.39019393E-02  5.95826237E-04  6.52358121E-01  3.35017171E-02  3.07362137E+00 -4.25282541E-01 -4.22879030E-01  0.00000000E+00
     511  1.54159792E-01  2.40290264E-02  6.01677326E-04  6.52647808E-01  3.31185280E-02  3.04209667E+00 -4.25376765E-01 -4.22972364E-01  0.00000000E+00
     521  1.53919878E-01  2.39570180E-02  5.98386707E-04  6.52467709E-01  3.33576041E-02  3.06349890E+00 -4.25416453E-01 -4.23012652E-01  0.00000000E+00
     531  1.53494339E-01  2.38249266E-02  5.91929671E-04  6.52395241E-01  3.31975603E-02  3.04629766E+00 -4.25208683E-01 -4.22804442E-01  0.00000000E+00
     541  1.54090188E-01  2.40173480E-02  6.02401065E-04  6.51891703E-01  3.43460268E-02  3.10645302E+00 -4.25440552E-01 -4.23038867E-01  0.00000000E+00
     551  1.53541919E-01  2.38624445E-02  5.95886330E-04  6.51171224E-01  3.60738201E-02  3.14655199E+00 -4.25205775E-01 -4.22801048E-01  0.00000000E+00
     561  1.53562984E-01  2.38685885E-02  5.96142591E-04  6.51200847E-01  3.60330062E-02  3.15053867E+00 -4.25062119E-01 -4.22657442E-01  0.00000000E+00
     571  1.53994532E-01  2.40024590E-02  6.02742505E-04  6.51262145E-01  3.61767250E-02  3.24793405E+00 -4.25355784E-01 -4.22952243E-01  0.00000000E+00
     581  1.53860939E-01  2.39550765E-02  5.99909685E-04  6.51526710E-01  3.53913837E-02  3.19423946E+00 -4.25190006E-01 -4.22785009E-01  0.00000000E+00
     591  1.54014573E-01  2.40014029E-02  6.02046650E-04  6.51634102E-01  3.52691119E-02  3.16776001E+00 -4.25239869E-01 -4.22830388E-01  0.00000000E+00
     601  1.54058313E-01  2.40113814E-02  6.02215227E-04  6.51826121E-01  3.48301352E-02  3.13727855E+00 -4.25323985E-01 -4.22918722E-01  0.00000000E+00
     611  1.54529913E-01  2.41577846E-02  6.09444720E-04  6.51904143E-01  3.49397318E-02  3.12908581E+00 -4.25484742E-01 -4.23079266E-01  0.00000000E+00
     621  1.54336668E-01  2.40949871E-02  6.06110699E-04  6.52001558E-01  3.45491809E-02  3.07533631E+00 -4.25330500E-01 -4.22925422E-01  0.00000000E+00
     631  1.53874140E-01  2.39527382E-02  5.99279684E-04  6.51824694E-01  3.45877652E-02  3.12004574E+00 -4.25042006E-01 -4.22636331E-01  0.00000000E+00
     641  1.54184359E-01  2.40449492E-02  6.03412439E-04  6.52107331E-01  3.41665674E-02  3.08445860E+00 -4.25188358E-01 -4.22783539E-01  0.00000000E+00
     651  1.54144961E-01  2.40330101E-02  6.02846600E-04  6.52088147E-01  3.41927637E-02  3.10997810E+00 -4.25298437E-01 -4.22895296E-01  0.00000000E+00
     661  1.54194498E-01  2.40573367E-02  6.04867722E-04  6.51627342E-01  3.53292940E-02  3.17425786E+00 -4.25220462E-01 -4.22818196E-01  0.00000000E+00
     671  1.54493860E-01  2.41464017E-02  6.08870796E-04  6.51903990E-01  3.49093983E-02  3.21081561E+00 -4.25501745E-01 -4.23101193E-01  0.00000000E+00
     681  1.54593999E-01  2.41723659E-02  6.09668351E-04  6.52196397E-01  3.42831841E-02  3.18747982E+00 -4.25530556E-01 -4.23131936E-01  0.00000000E+00
     691  1.54106775E-01  2.40375682E-02  6.04344327E-04  6.51356048E-01  3.62429009E-02  3.25853607E+00 -4.25320390E-01 -4.22921959E-01  0.00000000E+00
     701  1.54173971E-01  2.40589164E-02  6.05446163E-04  6.51339981E-01  3.63223582E-02  3.36268765E+00 -4.25354300E-01 -4.22957455E-01  0.00000000E+00
     711  1.54327075E-01  2.41026049E-02  6.07252137E-04  6.51566556E-01  3.58773789E-02  3.34383476E+00 -4.25460596E-01 -4.23067885E-01  0.00000000E+00
     721  1.54499990E-01  2.41520923E-02  6.09308701E-04  6.51817767E-01  3.53860416E-02  3.29908449E+00 -4.25575649E-01 -4.23184820E-01  0.00000000E+00
     731  1.54269528E-01  2.40801371E-02  6.05755968E-04  6.51776130E-01  3.52861582E-02  3.37600217E+00 -4.25510850E-01 -4.23117285E-01  0.00000000E+00
     741  1.54493943E-01  2.41478408E-02  6.08914312E-04  6.51920603E-01  3.50868454E-02  3.34293805E+00 -4.25586619E-01 -4.23197334E-01  0.00000000E+00
     751  1.54481161E-01  2.41407194E-02  6.08295761E-04  6.52069004E-01  3.46885965E-02  3.33620496E+00 -4.25441799E-01 -4.23050768E-01  0.00000000E+00
     761  1.54817682E-01  2.42486942E-02  6.14062396E-04  6.51891575E-01  3.51768844E-02  3.39839734E+00 -4.25648803E-01 -4.23259672E-01  0.00000000E+00
     771  1.54820326E-01  2.42460994E-02  6.13635670E-04  6.52059023E-01  3.47483128E-02  3.35193167E+00 -4.25709494E-01 -4.23316897E-01  0.00000000E+00
     781  1.54884609E-01  2.42614540E-02  6.13968473E-04  6.52310827E-01  3.41765468E-02  3.35879195E+00 -4.25797100E-01 -4.23402747E-01  0.00000000E+00
     791  1.54938456E-01  2.42745021E-02  6.14284742E-04  6.52505598E-01  3.37201435E-02  3.37104508E+00 -4.25697359E-01 -4.23299280E-01  0.00000000E+00
     801  1.54666748E-01  2.41917544E-02  6.10400585E-04  6.52336612E-01  3.38927207E-02  3.41934213E+00 -4.25417916E-01 -4.23022341E-01  0.00000000E+00
     811  1.54892609E-01  2.42650849E-02  6.14446630E-04  6.52144175E-01  3.43212724E-02  3.53189385E+00 -4.25574627E-01 -4.23180223E-01  0.00000000E+00
     821  1.55080212E-01  2.43214149E-02  6.17049956E-04  6.52286623E-01  3.40925203E-02  3.58270983E+00 -4.25658590E-01 -4.23264627E-01  0.00000000E+00
     831  1.55127157E-01  2.43309128E-02  6.17037639E-04  6.52564976E-01  3.34566289E-02  3.54822560E+00 -4.25776237E-01 -4.23382566E-01  0.00000000E+00
     841  1.55396654E-01  2.44132096E-02  6.20944781E-04  6.52718244E-01  3.32823220E-02  3.52609432E+00 -4.25918365E-01 -4.23527850E-01  0.00000000E+00
     851  1.55689641E-01  2.45061149E-02  6.25746769E-04  6.52681089E-01  3.35034401E-02  3.56618110E+00 -4.26099875E-01 -4.23712652E-01  0.00000000E+00
     861  1.55672646E-01  2.45013519E-02  6.25582054E-04  6.52637502E-01  3.35698040E-02  3.59468011E+00 -4.26043807E-01 -4.23656021E-01  0.00000000E+00
     871  1.55696257E-01  2.45042849E-02  6.25311626E-04  6.52870772E-01  3.30150059E-02  3.58235725E+00 -4.26010997E-01 -4.23625290E-01  0.00000000E+00
     881  1.55553506E-01  2.44669334E-02  6.23967475E-04  6.52558560E-01  3.39038944E-02  3.67068821E+00 -4.25952861E-01 -4.23566435E-01  0.00000000E+00
     891  1.55257139E-01  2.43746556E-02  6.19431217E-04  6.52467954E-01  3.38833203E-02  3.63819327E+00 -4.25903076E-01 -4.23516324E-01  0.00000000E+00
     901  1.54752544E-01  2.42296035E-02  6.13134264E-04  6.51869786E-01  3.53117281E-02  3.63253241E+00 -4.25811039E-01 -4.23423457E-01  0.00000000E+00
     911  1.54820918E-01  2.42563017E-02  6.14956370E-04  6.51603424E-01  3.60062243E-02  3.71522537E+00 -4.25764850E-01 -4.23376293E-01  0.00000000E+00
     921  1.54738587E-01  2.42323463E-02  6.13921359E-04  6.51501788E-01  3.61984185E-02  3.74480213E+00 -4.25868274E-01 -4.23478500E-01  0.00000000E+00
     931  1.54958543E-01  2.43093218E-02  6.18788223E-04  6.50960081E-01  3.73102722E-02  3.80612477E+00 -4.25994755E-01 -4.23603435E-01  0.00000000E+00
     941  1.55078776E-01  2.43425784E-02  6.20030897E-04  6.51214097E-01  3.68055468E-02  3.79992624E+00 -4.26120347E-01 -4.23730434E-01  0.00000000E+00
     951  1.55066382E-01  2.43362230E-02  6.19509098E-04  6.51325585E-01  3.64902474E-02  3.80156897E+00 -4.26086528E-01 -4.23698281E-01  0.00000000E+00
     961  1.54803976E-01  2.42613518E-02  6.16255361E-04  6.51012826E-01  3.72988703E-02  3.81711379E+00 -4.25960047E-01 -4.23568957E-01  0.00000000E+00
     971  1.54513991E-01  2.41748620E-02  6.12267657E-04  6.50785671E-01  3.77016161E-02  3.82957615E+00 -4.25897238E-01 -4.23506689E-01  0.00000000E+00
     981  1.54088577E-01  2.40497209E-02  6.06669624E-04  6.50368210E-01  3.84728301E-02  3.90470753E+00 -4.25615184E-01 -4.23225403E-01  0.00000000E+00
     991  1.54112956E-01  2.40543967E-02  6.06634703E-04  6.50524241E-01  3.81165243E-02  3.87510673E+00 -4.25654584E-01 -4.23266405E-01  0.00000000E+00
    1001  1.54666707E-01  2.42379175E-02  6.17086654E-04  6.49865994E-01  3.96901770E-02  3.95149014E+00 -4.25881969E-01 -4.23496784E-01  0.00000000E+00
    1011  1.54775630E-01  2.42689761E-02  6.18370295E-04  6.50035128E-01  3.93578744E-02  3.92260972E+00 -4.25965087E-01 -4.23579808E-01  0.00000000E+00
    1021  1.54788133E-01  2.42758275E-02  6.18930290E-04  6.49915892E-01  3.97321007E-02  3.90908616E+00 -4.25972828E-01 -4.23585136E-01  0.00000000E+00
    1031  1.54168474E-01  2.41013011E-02  6.11672003E-04  6.48992521E-01  4.18566168E-02  4.09300512E+00 -4.25612606E-01 -4.23222411E-01  0.00000000E+00
    1041  1.54036652E-01  2.40599563E-02  6.09596361E-04  6.48980338E-01  4.17666563E-02  4.06415240E+00 -4.25527924E-01 -4.23138350E-01  0.00000000E+00
    1051  1.54264652E-01  2.41285626E-02  6.12780388E-04  6.49150630E-01  4.15549198E-02  4.07161490E+00 -4.25628529E-01 -4.23240408E-01  0.00000000E+00
    1061  1.54189297E-01  2.41004049E-02  6.10980426E-04  6.49363303E-01  4.09379420E-02  4.00766041E+00 -4.25681042E-01 -4.23295726E-01  0.00000000E+00
    1071  1.53703161E-01  2.39633200E-02  6.05287771E-04  6.48644568E-01  4.25189572E-02  4.07498255E+00 -4.25472587E-01 -4.23087625E-01  0.00000000E+00
    1081  1.53718310E-01  2.39677873E-02  6.05468699E-04  6.48670548E-01  4.24951323E-02  4.05870570E+00 -4.25478715E-01 -4.23093521E-01  0.00000000E+00
    1091  1.53609133E-01  2.39309017E-02  6.03403838E-04  6.48788534E-01  4.20767441E-02  4.04116553E+00 -4.25462393E-01 -4.23075784E-01  0.00000000E+00
    1101  1.53446285E-01  2.38781989E-02  6.00648495E-04  6.48847305E-01  4.17378164E-02  4.08446810E+00 -4.25306541E-01 -4.22920274E-01  0.00000000E+00
    1111  1.53775820E-01  2.39808472E-02  6.05762913E-04  6.48882575E-01  4.19145920E-02  4.06952219E+00 -4.25434012E-01 -4.23048665E-01  0.00000000E+00
    1121  1.53949974E-01  2.40318465E-02  6.07974785E-04  6.49094617E-01  4.15890911E-02  4.04440317E+00 -4.25527815E-01 -4.23142461E-01  0.00000000E+00
    1131  1.54111870E-01  2.40845706E-02  6.10856927E-04  6.48973074E-01  4.19469524E-02  4.05380129E+00 -4.25668449E-01 -4.23283016E-01  0.00000000E+00
    1141  1.53656695E-01  2.39528504E-02  6.05142483E-04  6.48421762E-01  4.29975852E-02  4.14310364E+00 -4.25458310E-01 -4.23073681E-01  0.00000000E+00
    1151  1.53414396E-01  2.38778307E-02  6.01485835E-04  6.48346932E-01  4.29201842E-02  4.13366042E+00 -4.25317802E-01 -4.22931175E-01  0.00000000E+00
    1161  1.53507035E-01  2.39023794E-02  6.02309583E-04  6.48588275E-01  4.24324860E-02  4.14489477E+00 -4.25232701E-01 -4.22847153E-01  0.00000000E+00
    1171  1.53638709E-01  2.39389923E-02  6.03708389E-04  6.48848744E-01  4.19516031E-02  4.10606085E+00 -4.25305714E-01 -4.22922503E-01  0.00000000E+00
    1181  1.53624101E-01  2.39322547E-02  6.03198505E-04  6.48947744E-01  4.16692282E-02  4.08673876E+00 -4.25358511E-01 -4.22976906E-01  0.00000000E+00
    1191  1.53692721E-01  2.39493899E-02  6.03657385E-04  6.49183224E-01  4.11729375E-02  4.04052195E+00 -4.25331259E-01 -4.22951125E-01  0.00000000E+00
    1201  1.53902971E-01  2.40164819E-02  6.07237757E-04  6.49071423E-01  4.14767610E-02  4.07131459E+00 -4.25482558E-01 -4.23103058E-01  0.00000000E+00
    1211  1.53995843E-01  2.40432671E-02  6.08375001E-04  6.49197127E-01  4.12495488E-02  4.07442650E+00 -4.25456172E-01 -4.23076945E-01  0.00000000E+00
    1221  1.54139075E-01  2.40850744E-02  6.10190706E-04  6.49370583E-01  4.09573230E-02  4.04648012E+00 -4.25528266E-01 -4.23151315E-01  0.00000000E+00
    1231  1.54183336E-01  2.40956415E-02  6.10432042E-04  6.49539495E-01  4.05706736E-02  4.06134554E+00 -4.25495711E-01 -4.23118154E-01  0.00000000E+00
    1241  1.54283467E-01  2.41253642E-02  6.11783331E-04  6.49628616E-01  4.04244976E-02  4.05853307E+00 -4.25583026E-01 -4.23206973E-01  0.00000000E+00
    1251  1.54389453E-01  2.41589527E-02  6.13566781E-04  6.49583639E-01  4.05341616E-02  4.04882606E+00 -4.25606063E-01 -4.23229469E-01  0.00000000E+00
    1261  1.54452156E-01  2.41769709E-02  6.14361449E-04  6.49652579E-01  4.03650457E-02  4.02664960E+00 -4.25533546E-01 -4.23157354E-01  0.00000000E+00
    1271  1.54502200E-01  2.41913470E-02  6.14983882E-04  6.49714326E-01  4.02287771E-02  4.01502764E+00 -4.25555608E-01 -4.23182611E-01  0.00000000E+00
    1281  1.54671073E-01  2.42447224E-02  6.17765281E-04  6.49677680E-01  4.03749772E-02  4.02534979E+00 -4.25674844E-01 -4.23302956E-01  0.00000000E+00
    1291  1.54565069E-01  2.42123761E-02  6.16279751E-04  6.49585700E-01  4.04294499E-02  4.04749876E+00 -4.25563999E-01 -4.23193212E-01  0.00000000E+00
    1301  1.54148029E-01  2.40997065E-02  6.11764552E-04  6.48892953E-01  4.24478456E-02  4.06771884E+00 -4.25484771E-01 -4.23116154E-01  0.00000000E+00
    1311  1.54186572E-01  2.41072184E-02  6.11725106E-04  6.49134355E-01  4.18988882E-02  4.02137502E+00 -4.25519386E-01 -4.23150534E-01  0.00000000E+00
    1321  1.54152060E-01  2.40966312E-02  6.11219556E-04  6.49116194E-01  4.19056740E-02  4.02072161E+00 -4.25578600E-01 -4.23209503E-01  0.00000000E+00
    1331  1.54292940E-01  2.41401476E-02  6.13385801E-04  6.49140999E-01  4.19135583E-02  4.09457076E+00 -4.25783374E-01 -4.23415866E-01  0.00000000E+00
    1341  1.54333153E-01  2.41501987E-02  6.13664537E-04  6.49273682E-01  4.16173067E-02  4.06061435E+00 -4.25763389E-01 -4.23399562E-01  0.00000000E+00
    1351  1.54297573E-01  2.41380373E-02  6.12958519E-04  6.49324098E-01  4.14691025E-02  4.04172846E+00 -4.25760321E-01 -4.23395460E-01  0.00000000E+00
    1361  1.54487270E-01  2.41967941E-02  6.15874757E-04  6.49364817E-01  4.14918796E-02  4.06245430E+00 -4.25864707E-01 -4.23500207E-01  0.00000000E+00
    1371  1.54595915E-01  2.42309023E-02  6.17619875E-04  6.49360503E-01  4.15581376E-02  4.08104031E+00 -4.25864699E-01 -4.23499444E-01  0.00000000E+00
    1381  1.54458942E-01  2.41878561E-02  6.15447367E-04  6.49349137E-01  4.14684693E-02  4.08641406E+00 -4.25794419E-01 -4.23427578E-01  0.00000000E+00
    1391  1.54620432E-01  2.42355826E-02  6.17561521E-04  6.49529036E-01  4.11939622E-02  4.05745470E+00 -4.25843381E-01 -4.23474785E-01  0.00000000E+00
    1401  1.54701155E-01  2.42567588E-02  6.18234546E-04  6.49759411E-01  4.07177025E-02  4.03866563E+00 -4.25883156E-01 -4.23516096E-01  0.00000000E+00
    1411  1.54502318E-01  2.41958996E-02  6.15321394E-04  6.49653960E-01  4.07957725E-02  4.06714271E+00 -4.25764357E-01 -4.23397198E-01  0.00000000E+00
    1421  1.54679880E-01  2.42509895E-02  6.18067987E-04  6.49687152E-01  4.08197501E-02  4.06974310E+00 -4.25836366E-01 -4.23469530E-01  0.00000000E+00
    1431  1.54897633E-01  2.43236791E-02  6.22281396E-04  6.49403939E-01  4.14824130E-02  4.08529546E+00 -4.25918029E-01 -4.23553119E-01  0.00000000E+00
    1441  1.54739737E-01  2.42821076E-02  6.20802902E-04  6.49038300E-01  4.24013518E-02  4.14139829E+00 -4.25950180E-01 -4.23585909E-01  0.00000000E+00
    1451  1.54805807E-01  2.42989907E-02  6.21291441E-04  6.49250026E-01  4.19532970E-02  4.10701968E+00 -4.25950737E-01 -4.23584957E-01  0.00000000E+00
    1461  1.54376222E-01  2.41781695E-02  6.16251224E-04  6.48609753E-01  4.34597761E-02  4.16685316E+00 -4.25762120E-01 -4.23395314E-01  0.00000000E+00
    1471  1.54450925E-01  2.41987151E-02  6.17017523E-04  6.48769979E-01  4.31427789E-02  4.13998149E+00 -4.25762929E-01 -4.23395976E-01  0.00000000E+00
    1481  1.54562469E-01  2.42302887E-02  6.18281297E-04  6.48967218E-01  4.27793258E-02  4.10664314E+00 -4.25835691E-01 -4.23469734E-01  0.00000000E+00
    1491  1.54395367E-01  2.41785586E-02  6.15755353E-04  6.48903800E-01  4.27664130E-02  4.14330698E+00 -4.25695357E-01 -4.23327893E-01  0.00000000E+00
    1501  1.54489974E-01  2.42070836E-02  6.17092203E-04  6.48970299E-01  4.26788290E-02  4.16402742E+00 -4.25793762E-01 -4.23426807E-01  0.00000000E+00
    1511  1.54538538E-01  2.42188499E-02  6.17372030E-04  6.49152275E-01  4.22718709E-02  4.15181841E+00 -4.25765165E-01 -4.23396407E-01  0.00000000E+00
    1521  1.54434346E-01  2.41836172E-02  6.15403338E-04  6.49251298E-01  4.18901490E-02  4.11336987E+00 -4.25761866E-01 -4.23392908E-01  0.00000000E+00
    1531  1.54212258E-01  2.41176509E-02  6.12411759E-04  6.49044334E-01  4.22141404E-02  4.13117537E+00 -4.25641565E-01 -4.23270703E-01  0.00000000E+00
    1541  1.54308457E-01  2.41455588E-02  6.13609022E-04  6.49170617E-01  4.19917349E-02  4.10523621E+00 -4.25660751E-01 -4.23289094E-01  0.00000000E+00
    1551  1.54404272E-01  2.41727409E-02  6.14719116E-04  6.49325917E-01  4.16907651E-02  4.08791267E+00 -4.25732263E-01 -4.23360886E-01  0.00000000E+00
    1561  1.54401955E-01  2.41695368E-02  6.14350610E-04  6.49443210E-01  4.13783032E-02  4.08344454E+00 -4.25774336E-01 -4.23403401E-01  0.00000000E+00
    1571  1.54373148E-01  2.41569930E-02  6.13415417E-04  6.49613241E-01  4.09201941E-02  4.05611194E+00 -4.25715487E-01 -4.23342600E-01  0.00000000E+00
    1581  1.54446538E-01  2.41771556E-02  6.14166730E-04  6.49768972E-01  4.06060943E-02  4.03898915E+00 -4.25798369E-01 -4.23425164E-01  0.00000000E+00
    1591  1.54404327E-01  2.41616181E-02  6.13178497E-04  6.49882651E-01  4.02921208E-02  4.03253375E+00 -4.25742456E-01 -4.23368917E-01  0.00000000E+00
    1601  1.54464323E-01  2.41780623E-02  6.13790969E-04  6.50009502E-01  4.00301436E-02  4.03171917E+00 -4.25796470E-01 -4.23422442E-01  0.00000000E+00
    1611  1.54599096E-01  2.42188092E-02  6.15705289E-04  6.50098296E-01  3.99163432E-02  4.02507812E+00 -4.25857527E-01 -4.23482983E-01  0.00000000E+00
    1621  1.54858675E-01  2.43014534E-02  6.20003952E-04  6.50047818E-01  4.02070724E-02  4.02700114E+00 -4.25916472E-01 -4.23541905E-01  0.00000000E+00
    1631  1.54978679E-01  2.43375388E-02  6.21681906E-04  6.50140508E-01  4.00694074E-02  4.00567185E+00 -4.25952670E-01 -4.23578592E-01  0.00000000E+00
    1641  1.55153457E-01  2.43908729E-02  6.24214424E-04  6.50249891E-01  3.99601657E-02  3.98601860E+00 -4.26050535E-01 -4.23674355E-01  0.00000000E+00
    1651  1.55331281E-01  2.44488365E-02  6.27401412E-04  6.50129082E-01  4.03056822E-02  4.03007635E+00 -4.26196124E-01 -4.23820073E-01  0.00000000E+00
    1661  1.55369840E-01  2.44617850E-02  6.28170202E-04  6.50071119E-01  4.04272083E-02  4.03181202E+00 -4.26260121E-01 -4.23885812E-01  0.00000000E+00
    1671  1.55322074E-01  2.44455882E-02  6.27256726E-04  6.50116802E-01  4.02569295E-02  4.03103403E+00 -4.26230565E-01 -4.23855122E-01  0.00000000E+00
    1681  1.55218397E-01  2.44128347E-02  6.25580163E-04  6.50115024E-01  4.01869274E-02  4.02368814E+00 -4.26182900E-01 -4.23805663E-01  0.00000000E+00
    1691  1.55150585E-01  2.43913252E-02  6.24480087E-04  6.50114014E-01  4.01288443E-02  4.01310731E+00 -4.26135651E-01 -4.23757315E-01  0.00000000E+00
    1701  1.54621902E-01  2.42490930E-02  6.19005427E-04  6.49100940E-01  4.28330948E-02  4.06779259E+00 -4.25983513E-01 -4.23603712E-01  0.00000000E+00
    1711  1.54606736E-01  2.42456781E-02  6.18976251E-04  6.49018633E-01  4.29931636E-02  4.09373019E+00 -4.25916917E-01 -4.23537899E-01  0.00000000E+00
    1721  1.54694452E-01  2.42749041E-02  6.20678917E-04  6.48900109E-01  4.32562585E-02  4.12884230E+00 -4.26027455E-01 -4.23648601E-01  0.00000000E+00
    1731  1.54566988E-01  2.42340620E-02  6.18580658E-04  6.48906611E-01  4.30776634E-02  4.12165497E+00 -4.25929176E-01 -4.23550410E-01  0.00000000E+00
    1741  1.54700317E-01  2.42741517E-02  6.20438208E-04  6.49014514E-01  4.29339696E-02  4.10224782E+00 -4.25968984E-01 -4.23589516E-01  0.00000000E+00
    1751  1.54787378E-01  2.43001363E-02  6.21647745E-04  6.49081964E-01  4.28134677E-02  4.07740588E+00 -4.26000595E-01 -4.23620977E-01  0.00000000E+00
    1761  1.54944322E-01  2.43475742E-02  6.23861050E-04  6.49203524E-01  4.26662538E-02  4.06324634E+00 -4.26048615E-01 -4.23668493E-01  0.00000000E+00
    1771  1.55061414E-01  2.43836314E-02  6.25642018E-04  6.49241757E-01  4.26358543E-02  4.06072999E+00 -4.26085058E-01 -4.23703650E-01  0.00000000E+00
    1781  1.54963355E-01  2.43517348E-02  6.23943712E-04  6.49276920E-01  4.24480634E-02  4.04167177E+00 -4.26004831E-01 -4.23624971E-01  0.00000000E+00
    1791  1.55052230E-01  2.43778050E-02  6.25096405E-04  6.49380110E-01  4.22619087E-02  4.03847475E+00 -4.26037550E-01 -4.23658169E-01  0.00000000E+00
    1801  1.55043140E-01  2.43730402E-02  6.24708330E-04  6.49460767E-01  4.20175914E-02  4.03495540E+00 -4.26038578E-01 -4.23659273E-01  0.00000000E+00
    1811  1.55004748E-01  2.43608649E-02  6.24081769E-04  6.49462217E-01  4.19834593E-02  4.02970340E+00 -4.26002388E-01 -4.23622482E-01  0.00000000E+00
    1821  1.54861373E-01  2.43158043E-02  6.21824931E-04  6.49434158E-01  4.19039196E-02  4.00517904E+00 -4.25951413E-01 -4.23571718E-01  0.00000000E+00
    1831  1.54849780E-01  2.43101751E-02  6.21372465E-04  6.49526992E-01  4.16479407E-02  3.99177912E+00 -4.25964592E-01 -4.23584435E-01  0.00000000E+00
    1841  1.54837387E-01  2.43039713E-02  6.20865060E-04  6.49634384E-01  4.13509140E-02  3.97446713E+00 -4.25905493E-01 -4.23526124E-01  0.00000000E+00
    1851  1.54924778E-01  2.43295408E-02  6.21985592E-04  6.49739434E-01  4.11624843E-02  3.99165868E+00 -4.25954491E-01 -4.23576595E-01  0.00000000E+00
    1861  1.55184287E-01  2.44151054E-02  6.26802054E-04  6.49496831E-01  4.18013224E-02  4.05673920E+00 -4.26092131E-01 -4.23714593E-01  0.00000000E+00
    1871  1.55362193E-01  2.44704931E-02  6.29556123E-04  6.49548634E-01  4.18188842E-02  4.10263977E+00 -4.26259665E-01 -4.23882513E-01  0.00000000E+00
    1881  1.55315669E-01  2.44546705E-02  6.28657552E-04  6.49595841E-01  4.16470246E-02  4.09955533E+00 -4.26259108E-01 -4.23880907E-01  0.00000000E+00
    1891  1.55231776E-01  2.44280441E-02  6.27300132E-04  6.49589806E-01  4.15750098E-02  4.10167641E+00 -4.26174398E-01 -4.23796945E-01  0.00000000E+00
    1901  1.55069751E-01  2.43783212E-02  6.24902768E-04  6.49503566E-01  4.16445172E-02  4.08996380E+00 -4.26103979E-01 -4.23725251E-01  0.00000000E+00
    1911  1.54831870E-01  2.43090958E-02  6.21861971E-04  6.49219749E-01  4.22087828E-02  4.13351550E+00 -4.25980585E-01 -4.23601456E-01  0.00000000E+00
    1921  1.54871629E-01  2.43196852E-02  6.22223095E-04  6.49321633E-01  4.19923375E-02  4.10456060E+00 -4.25980642E-01 -4.23601674E-01  0.00000000E+00
    1931  1.54801906E-01  2.42961171E-02  6.20902479E-04  6.49386693E-01  4.17441419E-02  4.08568204E+00 -4.25966404E-01 -4.23586263E-01  0.00000000E+00
    1941  1.54878832E-01  2.43176908E-02  6.21744346E-04  6.49533972E-01  4.14617971E-02  4.07646596E+00 -4.25959273E-01 -4.23581379E-01  0.00000000E+00
