 --------------------------------------------------------------
             __  __          ___   _______    ____  ___        
            / / / /__  ___  / _ | / __/ _ \  / __/ / _ \       
           / /_/ / _ \/ _ \/ __ |_\ \/ // / / _ \_/ // /       
           \____/ .__/ .__/_/ |_/___/____/  \___(_)___/        
               /_/  /_/                                        
 --------------------------------------------------------------
                https://github.com/UppASD/UppASD               
 --------------------------------------------------------------
              Division of Materials Theory                     
              Department of Physics and Astronomy              
              Uppsala University                               
              Sweden                                           
 ---------------------Production-version-----------------------
 Git revision: 
 --------------------------------------------------------------
 RNG: Mersenne-Twister (mtprng)
 --------------------------------------------------------------
 Execution Date: 05/12/2025  Execution Time: 14:02:08:214
 --------------------------------------------------------------
 Using OpenMP with 16  threads out of 16 possible.
 --------------------------------------------------------------
 Read input file using new format
 done.
  Set up types of atoms done
  Set up chemical information of alloy done
  Set up global coordinates done
  Set up damping
  done
  Set up temperature
  done
 Set up q-vectors
 Allocate spin-correlation data
 Write input data done.
 Set up Hamiltonian
  Set up neighbour map for exchange nntype           8         470
 done
  Mount Heisenberg Hamiltonian done
  Calculate mean-field estimate of Tc:   304.1 K.
  Max eigenvalue:    39.311 meV
  Min eigenvalue:    -2.057 meV
  Set up neighbour map for Dzyaloshinskii-Moriya exchange done
  Mount Dzyaloshinskii-Moriya Hamiltonian done
 Initialize metatype 
 Initialize magnetic moments 
  Moments from inpsd.dat  done
 Mounting A-matrix for AMS calculation done.
  Tc-MFA from AMS:      80.0
  Tc-RPA from AMS:     120.4
 Adiabatic Magnon Spectra Calculations done.
 Calculate the ferromagnetic stiffness  Tc-MFA from stiffness :     329.5  K
 done
 Enter initial phase:  M 
Performing MC initial phase:  1    Temp:   230.0       MCS/s:      10000    Mode:         M 
  IP MC    10% done. Mbar:  0.159243
  IP MC    20% done. Mbar:  0.150169
  IP MC    30% done. Mbar:  0.151722
  IP MC    40% done. Mbar:  0.161042
  IP MC    50% done. Mbar:  0.112054
  IP MC    60% done. Mbar:  0.144217
  IP MC    70% done. Mbar:  0.165398
  IP MC    80% done. Mbar:  0.151196  U(L):  0.648336  X:  0.018313
  IP MC    90% done. Mbar:  0.159217  U(L):  0.649218  X:  0.017816
  IP MC   100% done. Mbar:  0.138682  U(L):  0.650094  X:  0.016932
 Enter measurement phase:
  MP MC   5% done. Mbar:  0.158493. Ebar:   -0.424748. U: 0.65435.
  MP MC  10% done. Mbar:  0.149876. Ebar:   -0.427401. U: 0.65288.
  MP MC  15% done. Mbar:  0.174211. Ebar:   -0.427952. U: 0.64882.
  MP MC  20% done. Mbar:  0.164833. Ebar:   -0.424757. U: 0.65016.
  MP MC  25% done. Mbar:  0.147747. Ebar:   -0.428544. U: 0.65235.
  MP MC  30% done. Mbar:  0.169768. Ebar:   -0.436376. U: 0.65181.
  MP MC  35% done. Mbar:  0.170656. Ebar:   -0.446044. U: 0.65131.
  MP MC  40% done. Mbar:  0.144020. Ebar:   -0.424663. U: 0.65236.
  MP MC  45% done. Mbar:  0.106493. Ebar:   -0.416838. U: 0.65216.
  MP MC  50% done. Mbar:  0.207199. Ebar:   -0.424032. U: 0.65005.
  MP MC  55% done. Mbar:  0.139025. Ebar:   -0.412954. U: 0.64881.
  MP MC  60% done. Mbar:  0.151660. Ebar:   -0.431241. U: 0.64907.
  MP MC  65% done. Mbar:  0.152482. Ebar:   -0.416295. U: 0.64887.
  MP MC  70% done. Mbar:  0.165583. Ebar:   -0.422515. U: 0.64973.
  MP MC  75% done. Mbar:  0.164952. Ebar:   -0.435655. U: 0.64895.
  MP MC  80% done. Mbar:  0.160156. Ebar:   -0.415664. U: 0.65001.
  MP MC  85% done. Mbar:  0.131983. Ebar:   -0.404650. U: 0.64920.
  MP MC  90% done. Mbar:  0.168256. Ebar:   -0.414566. U: 0.64945.
  MP MC  95% done. Mbar:  0.137133. Ebar:   -0.411327. U: 0.64957.
