   #Iter             <M>           <M^2>           <M^4>      U_{Binder}            \chi        C_v(tot)             <E>       <E_{exc}>       <E_{lsf}>
       1  3.04427404E-02  9.26760441E-04  8.58884915E-07  6.66666667E-01 -5.52732133E-18  1.64315059E-13 -3.23206503E-01 -3.20494310E-01  0.00000000E+00
      11  3.03895482E-02  1.09502777E-03  1.95188369E-06  4.57396720E-01  1.98098352E-02  4.74145285E-01 -3.20326174E-01 -3.17739619E-01  0.00000000E+00
      21  2.32559577E-02  6.77260771E-04  9.27764097E-07  3.25775598E-01  1.57576224E-02  7.95018413E-01 -3.17446322E-01 -3.14721114E-01  0.00000000E+00
      31  2.62962793E-02  8.37334044E-04  1.28451539E-06  3.89310352E-01  1.68455311E-02  7.77731210E-01 -3.19162489E-01 -3.16528053E-01  0.00000000E+00
      41  2.57899222E-02  8.51602820E-04  1.45524541E-06  3.31131408E-01  2.15400865E-02  8.01445012E-01 -3.19422387E-01 -3.16747688E-01  0.00000000E+00
      51  3.08132271E-02  1.15342636E-03  2.21809428E-06  4.44250598E-01  2.35601516E-02  7.47192058E-01 -3.20016411E-01 -3.17289402E-01  0.00000000E+00
      61  3.21472842E-02  1.26275756E-03  2.61264065E-06  4.53841782E-01  2.64869046E-02  7.39391529E-01 -3.20299738E-01 -3.17622547E-01  0.00000000E+00
      71  3.03866886E-02  1.12700078E-03  2.13275470E-06  4.40279487E-01  2.35230210E-02  6.45936429E-01 -3.20072750E-01 -3.17441529E-01  0.00000000E+00
      81  2.97473561E-02  1.05872245E-03  1.85967639E-06  4.46965941E-01  2.00771337E-02  6.14388665E-01 -3.20553962E-01 -3.17893797E-01  0.00000000E+00
      91  2.86714675E-02  9.79413881E-04  1.61013975E-06  4.40487481E-01  1.81762991E-02  6.22959280E-01 -3.20296069E-01 -3.17669944E-01  0.00000000E+00
     101  2.82966348E-02  9.47884106E-04  1.49715955E-06  4.44561030E-01  1.70008681E-02  6.59807366E-01 -3.20059605E-01 -3.17416318E-01  0.00000000E+00
     111  2.85927750E-02  9.48930604E-04  1.42585920E-06  4.72179224E-01  1.51757694E-02  5.83211689E-01 -3.19970427E-01 -3.17298976E-01  0.00000000E+00
     121  2.94763636E-02  1.02169581E-03  1.69475955E-06  4.58817666E-01  1.76540877E-02  5.37524499E-01 -3.20096170E-01 -3.17425251E-01  0.00000000E+00
     131  2.85535227E-02  9.66883646E-04  1.54883931E-06  4.47748787E-01  1.75085703E-02  6.52869547E-01 -3.19604815E-01 -3.16925668E-01  0.00000000E+00
     141  2.89839009E-02  1.00335239E-03  1.70780439E-06  4.34529574E-01  1.88606842E-02  6.45216840E-01 -3.20009029E-01 -3.17342543E-01  0.00000000E+00
     151  2.90975234E-02  1.00818375E-03  1.68679111E-06  4.46827393E-01  1.86564677E-02  6.62696550E-01 -3.19990550E-01 -3.17327022E-01  0.00000000E+00
     161  2.83457358E-02  9.67894336E-04  1.60203112E-06  4.29975139E-01  1.89909439E-02  6.09119965E-01 -3.20158575E-01 -3.17495879E-01  0.00000000E+00
     171  2.91899000E-02  1.02342667E-03  1.74331915E-06  4.45192671E-01  1.97951977E-02  6.90843560E-01 -3.20711040E-01 -3.18055491E-01  0.00000000E+00
     181  2.86257063E-02  9.80107112E-04  1.60954333E-06  4.41485648E-01  1.85592309E-02  6.68993820E-01 -3.20486325E-01 -3.17806691E-01  0.00000000E+00
     191  2.91014223E-02  1.00516193E-03  1.65501326E-06  4.53980488E-01  1.82812164E-02  6.96419721E-01 -3.20563590E-01 -3.17882047E-01  0.00000000E+00
     201  2.86945692E-02  9.75295149E-04  1.56145007E-06  4.52814325E-01  1.75474802E-02  7.03085510E-01 -3.20624217E-01 -3.17937065E-01  0.00000000E+00
     211  2.99654100E-02  1.06152850E-03  1.82207436E-06  4.61008987E-01  1.88972798E-02  6.83875337E-01 -3.20747215E-01 -3.18068525E-01  0.00000000E+00
     221  2.98668802E-02  1.05126038E-03  1.78323602E-06  4.62142807E-01  1.83921838E-02  6.89246923E-01 -3.20660409E-01 -3.17987978E-01  0.00000000E+00
     231  3.00586319E-02  1.06529365E-03  1.83301489E-06  4.61598754E-01  1.86858557E-02  7.33898247E-01 -3.20904405E-01 -3.18239163E-01  0.00000000E+00
     241  2.95408672E-02  1.02990537E-03  1.72707383E-06  4.57256030E-01  1.81626344E-02  7.54369511E-01 -3.20457755E-01 -3.17803673E-01  0.00000000E+00
     251  3.04348115E-02  1.09717507E-03  1.96329475E-06  4.56358764E-01  1.97398596E-02  7.47214545E-01 -3.20692445E-01 -3.18038882E-01  0.00000000E+00
     261  2.98596812E-02  1.05968920E-03  1.85882639E-06  4.48226853E-01  1.94154373E-02  7.60285027E-01 -3.20792109E-01 -3.18139952E-01  0.00000000E+00
     271  2.96432276E-02  1.04662422E-03  1.82896624E-06  4.43451689E-01  1.93940274E-02  7.87094226E-01 -3.20588778E-01 -3.17929524E-01  0.00000000E+00
     281  2.92824752E-02  1.02209093E-03  1.75526159E-06  4.39931008E-01  1.90156596E-02  7.80740080E-01 -3.20748151E-01 -3.18075244E-01  0.00000000E+00
     291  2.94095126E-02  1.02237004E-03  1.72032956E-06  4.51376802E-01  1.81866693E-02  7.98516276E-01 -3.20662780E-01 -3.17990567E-01  0.00000000E+00
     301  2.97606887E-02  1.04288527E-03  1.76527258E-06  4.58974851E-01  1.81561836E-02  7.89627533E-01 -3.20634017E-01 -3.17955903E-01  0.00000000E+00
     311  2.95389557E-02  1.02685221E-03  1.71022736E-06  4.59349370E-01  1.78230174E-02  7.83888555E-01 -3.20661995E-01 -3.17991190E-01  0.00000000E+00
     321  2.98087330E-02  1.04335169E-03  1.75982300E-06  4.61127169E-01  1.78794802E-02  8.24872842E-01 -3.20939028E-01 -3.18271750E-01  0.00000000E+00
     331  2.99773048E-02  1.04916151E-03  1.75010511E-06  4.70021583E-01  1.73864467E-02  8.21493793E-01 -3.21008494E-01 -3.18325314E-01  0.00000000E+00
     341  3.01909693E-02  1.06095238E-03  1.76857845E-06  4.76265366E-01  1.72634368E-02  8.21353992E-01 -3.21121438E-01 -3.18437123E-01  0.00000000E+00
     351  2.99084319E-02  1.04069371E-03  1.70801944E-06  4.74314869E-01  1.68847657E-02  8.15183687E-01 -3.20961658E-01 -3.18264554E-01  0.00000000E+00
     361  2.98001185E-02  1.03097920E-03  1.67276518E-06  4.75417356E-01  1.65096821E-02  8.11942304E-01 -3.20901989E-01 -3.18215835E-01  0.00000000E+00
     371  2.97308315E-02  1.02347723E-03  1.64426308E-06  4.76768742E-01  1.61195857E-02  8.09062138E-01 -3.20993697E-01 -3.18306218E-01  0.00000000E+00
     381  2.93875192E-02  1.00221269E-03  1.58603092E-06  4.73654880E-01  1.60077189E-02  7.92690065E-01 -3.21055213E-01 -3.18358546E-01  0.00000000E+00
     391  2.92829962E-02  9.95634076E-04  1.56406642E-06  4.74062141E-01  1.59561803E-02  7.71061956E-01 -3.20969315E-01 -3.18268170E-01  0.00000000E+00
     401  2.91210064E-02  9.85947168E-04  1.54165939E-06  4.71360162E-01  1.59300689E-02  7.80635056E-01 -3.20986971E-01 -3.18286534E-01  0.00000000E+00
     411  2.93580265E-02  9.98598324E-04  1.55843368E-06  4.79062761E-01  1.57903573E-02  7.72159540E-01 -3.21091320E-01 -3.18382670E-01  0.00000000E+00
     421  2.91565059E-02  9.84454056E-04  1.51708275E-06  4.78208367E-01  1.55186405E-02  7.61015995E-01 -3.21120606E-01 -3.18409603E-01  0.00000000E+00
     431  2.95550888E-02  1.02384565E-03  1.71822323E-06  4.53626846E-01  1.73656175E-02  8.29653098E-01 -3.21353360E-01 -3.18641091E-01  0.00000000E+00
     441  2.94284181E-02  1.01623428E-03  1.69737710E-06  4.52140245E-01  1.73494598E-02  8.23157033E-01 -3.21313049E-01 -3.18597018E-01  0.00000000E+00
     451  2.93772034E-02  1.01264805E-03  1.68561691E-06  4.52075693E-01  1.72830983E-02  8.12952316E-01 -3.21360399E-01 -3.18645812E-01  0.00000000E+00
     461  2.91081536E-02  9.95335742E-04  1.63944257E-06  4.48385398E-01  1.71009627E-02  8.03573310E-01 -3.21291946E-01 -3.18577032E-01  0.00000000E+00
     471  2.91670748E-02  9.98765073E-04  1.64378607E-06  4.50715497E-01  1.71004647E-02  7.76936372E-01 -3.21319036E-01 -3.18604408E-01  0.00000000E+00
     481  2.91514031E-02  9.96792946E-04  1.62986233E-06  4.53211016E-01  1.69782373E-02  7.61005960E-01 -3.21211281E-01 -3.18499209E-01  0.00000000E+00
     491  2.88652992E-02  9.77113814E-04  1.57651446E-06  4.49589896E-01  1.66224376E-02  7.46460947E-01 -3.21150520E-01 -3.18439968E-01  0.00000000E+00
     501  2.88487047E-02  9.72763269E-04  1.55126641E-06  4.53549526E-01  1.62305438E-02  7.41635737E-01 -3.21119094E-01 -3.18412442E-01  0.00000000E+00
     511  2.87440664E-02  9.65708758E-04  1.52644883E-06  4.54407167E-01  1.61117905E-02  7.49261931E-01 -3.21218413E-01 -3.18513253E-01  0.00000000E+00
     521  2.86498380E-02  9.60137060E-04  1.51099577E-06  4.53644239E-01  1.60928983E-02  7.55457797E-01 -3.21320041E-01 -3.18613572E-01  0.00000000E+00
     531  2.86194197E-02  9.56893951E-04  1.49509430E-06  4.55723337E-01  1.59195134E-02  7.48282921E-01 -3.21270194E-01 -3.18568155E-01  0.00000000E+00
     541  2.83587708E-02  9.42260431E-04  1.46017063E-06  4.51798213E-01  1.59446687E-02  7.46121990E-01 -3.21185242E-01 -3.18481141E-01  0.00000000E+00
     551  2.84075081E-02  9.43523642E-04  1.45847682E-06  4.53899339E-01  1.57710123E-02  7.53477889E-01 -3.21243202E-01 -3.18536368E-01  0.00000000E+00
     561  2.81980441E-02  9.30141733E-04  1.42291539E-06  4.51774087E-01  1.55948548E-02  7.55520456E-01 -3.21141117E-01 -3.18437637E-01  0.00000000E+00
     571  2.82366515E-02  9.30054559E-04  1.41196163E-06  4.55892407E-01  1.53331185E-02  7.58112222E-01 -3.21003713E-01 -3.18300288E-01  0.00000000E+00
     581  2.80830079E-02  9.20243340E-04  1.38436641E-06  4.55090433E-01  1.51993539E-02  7.64105659E-01 -3.20936602E-01 -3.18230099E-01  0.00000000E+00
     591  2.80074356E-02  9.15399119E-04  1.36646972E-06  4.56427124E-01  1.51294336E-02  7.64908009E-01 -3.20848621E-01 -3.18144590E-01  0.00000000E+00
     601  2.80067847E-02  9.15399365E-04  1.36656573E-06  4.56389224E-01  1.51336728E-02  7.63178428E-01 -3.20902182E-01 -3.18200320E-01  0.00000000E+00
     611  2.79155861E-02  9.10512793E-04  1.35647499E-06  4.54595857E-01  1.51583301E-02  7.50061136E-01 -3.20916102E-01 -3.18211160E-01  0.00000000E+00
     621  2.80812523E-02  9.21012223E-04  1.38541773E-06  4.55586733E-01  1.52995549E-02  7.51663595E-01 -3.20975178E-01 -3.18267902E-01  0.00000000E+00
     631  2.83232638E-02  9.37429924E-04  1.45192648E-06  4.49261108E-01  1.56191817E-02  7.79415434E-01 -3.21019378E-01 -3.18313215E-01  0.00000000E+00
     641  2.83729587E-02  9.38453156E-04  1.44430150E-06  4.53347411E-01  1.54119291E-02  7.75693680E-01 -3.20953736E-01 -3.18251266E-01  0.00000000E+00
     651  2.83908188E-02  9.39310812E-04  1.44028200E-06  4.55863778E-01  1.53938926E-02  7.86806600E-01 -3.21040754E-01 -3.18337352E-01  0.00000000E+00
     661  2.83309960E-02  9.35269575E-04  1.42839101E-06  4.55682573E-01  1.53190462E-02  7.81544323E-01 -3.20997267E-01 -3.18297157E-01  0.00000000E+00
     671  2.82008291E-02  9.25626780E-04  1.40039525E-06  4.55174341E-01  1.50552026E-02  7.88427948E-01 -3.21000591E-01 -3.18297677E-01  0.00000000E+00
     681  2.82891780E-02  9.28354500E-04  1.39429972E-06  4.60728845E-01  1.47937973E-02  7.91706798E-01 -3.21002049E-01 -3.18300128E-01  0.00000000E+00
     691  2.85517797E-02  9.49846004E-04  1.47880582E-06  4.53634211E-01  1.55520982E-02  8.06753199E-01 -3.21029426E-01 -3.18331471E-01  0.00000000E+00
     701  2.86381937E-02  9.56325497E-04  1.50606878E-06  4.51076174E-01  1.57296881E-02  7.95730790E-01 -3.21031661E-01 -3.18335038E-01  0.00000000E+00
     711  2.83734740E-02  9.41334210E-04  1.47164613E-06  4.46402074E-01  1.57413341E-02  7.86175975E-01 -3.21046515E-01 -3.18348985E-01  0.00000000E+00
     721  2.82690703E-02  9.34788458E-04  1.45309276E-06  4.45699333E-01  1.56683263E-02  7.76056193E-01 -3.21092305E-01 -3.18394008E-01  0.00000000E+00
     731  2.84555528E-02  9.45029306E-04  1.47155648E-06  4.50756247E-01  1.56293655E-02  7.63797928E-01 -3.21085840E-01 -3.18387817E-01  0.00000000E+00
     741  2.85939637E-02  9.53326129E-04  1.48837496E-06  4.54106269E-01  1.56756321E-02  7.58079395E-01 -3.21064115E-01 -3.18365820E-01  0.00000000E+00
     751  2.85535676E-02  9.50580072E-04  1.47788732E-06  4.54816556E-01  1.56250949E-02  7.59409176E-01 -3.21095686E-01 -3.18397504E-01  0.00000000E+00
     761  2.84522338E-02  9.44124481E-04  1.45671093E-06  4.55254557E-01  1.55466684E-02  7.49770171E-01 -3.21117220E-01 -3.18420087E-01  0.00000000E+00
     771  2.83756412E-02  9.38600535E-04  1.43743566E-06  4.56116898E-01  1.54113694E-02  7.57864293E-01 -3.21162829E-01 -3.18465209E-01  0.00000000E+00
     781  2.84532388E-02  9.44084788E-04  1.44825859E-06  4.58369818E-01  1.55354781E-02  7.51048091E-01 -3.21145267E-01 -3.18448048E-01  0.00000000E+00
     791  2.84906459E-02  9.45841662E-04  1.45265089E-06  4.58743505E-01  1.54923669E-02  7.54887712E-01 -3.21151758E-01 -3.18454632E-01  0.00000000E+00
     801  2.84858681E-02  9.43272900E-04  1.43710482E-06  4.61615589E-01  1.52271003E-02  7.54823859E-01 -3.21124958E-01 -3.18431329E-01  0.00000000E+00
     811  2.87639844E-02  9.68584198E-04  1.56860151E-06  4.42664618E-01  1.63116175E-02  7.80052304E-01 -3.21211374E-01 -3.18517408E-01  0.00000000E+00
     821  2.88887401E-02  9.75689344E-04  1.58258719E-06  4.45855194E-01  1.63015271E-02  7.95672849E-01 -3.21232544E-01 -3.18540303E-01  0.00000000E+00
     831  2.88525175E-02  9.71926212E-04  1.56577099E-06  4.47489678E-01  1.61084459E-02  7.91706671E-01 -3.21258080E-01 -3.18565730E-01  0.00000000E+00
     841  2.89077437E-02  9.75078519E-04  1.57337215E-06  4.48391403E-01  1.61041057E-02  7.84339486E-01 -3.21232082E-01 -3.18537624E-01  0.00000000E+00
     851  2.89246887E-02  9.77293630E-04  1.58424046E-06  4.47096027E-01  1.62467732E-02  7.85138365E-01 -3.21251005E-01 -3.18556190E-01  0.00000000E+00
     861  2.88858856E-02  9.74844226E-04  1.57280520E-06  4.48325089E-01  1.62229590E-02  7.86116588E-01 -3.21186479E-01 -3.18491650E-01  0.00000000E+00
     871  2.88128294E-02  9.70106864E-04  1.55556659E-06  4.49029688E-01  1.61626508E-02  8.00492083E-01 -3.21077999E-01 -3.18381880E-01  0.00000000E+00
     881  2.91197605E-02  9.92989043E-04  1.64266299E-06  4.44686407E-01  1.67518371E-02  8.06376505E-01 -3.21133504E-01 -3.18439300E-01  0.00000000E+00
     891  2.90399874E-02  9.88393856E-04  1.62807799E-06  4.44487447E-01  1.67569655E-02  7.94470786E-01 -3.21172867E-01 -3.18480241E-01  0.00000000E+00
     901  2.88946393E-02  9.80184117E-04  1.60529915E-06  4.43045907E-01  1.67813319E-02  7.85707478E-01 -3.21224343E-01 -3.18530258E-01  0.00000000E+00
     911  2.89086381E-02  9.81633297E-04  1.61527267E-06  4.41239075E-01  1.68552565E-02  8.00758642E-01 -3.21239680E-01 -3.18544163E-01  0.00000000E+00
     921  2.88437451E-02  9.76319481E-04  1.59553639E-06  4.42041949E-01  1.66743621E-02  8.18815911E-01 -3.21199915E-01 -3.18504024E-01  0.00000000E+00
     931  2.88624693E-02  9.79453654E-04  1.61647639E-06  4.38331162E-01  1.69115753E-02  8.14375792E-01 -3.21202247E-01 -3.18503463E-01  0.00000000E+00
     941  2.88123485E-02  9.75285501E-04  1.59879763E-06  4.39715372E-01  1.67640218E-02  8.08529930E-01 -3.21191679E-01 -3.18494548E-01  0.00000000E+00
     951  2.87199075E-02  9.69734973E-04  1.58456554E-06  4.38327921E-01  1.67372021E-02  8.13607630E-01 -3.21183776E-01 -3.18484763E-01  0.00000000E+00
     961  2.86548204E-02  9.64371279E-04  1.56475025E-06  4.39164832E-01  1.65490017E-02  8.24703949E-01 -3.21166036E-01 -3.18463982E-01  0.00000000E+00
     971  2.87670931E-02  9.72682068E-04  1.59375637E-06  4.38488235E-01  1.67642925E-02  8.19314046E-01 -3.21209886E-01 -3.18509598E-01  0.00000000E+00
     981  2.86322359E-02  9.63994080E-04  1.56990209E-06  4.36877889E-01  1.66548755E-02  8.14000544E-01 -3.21231088E-01 -3.18535564E-01  0.00000000E+00
     991  2.86543267E-02  9.66554549E-04  1.58013345E-06  4.36206879E-01  1.68044531E-02  8.11402855E-01 -3.21235310E-01 -3.18538661E-01  0.00000000E+00
   #Iter             <M>           <M^2>           <M^4>      U_{Binder}            \chi        C_v(tot)             <E>       <E_{exc}>       <E_{lsf}>
       1  3.48444400E-02  1.21413500E-03  1.47412379E-06  6.66666667E-01  9.62638112E-18  1.11192848E-13 -3.25469901E-01 -3.22661571E-01  0.00000000E+00
      11  2.70479120E-02  8.12084773E-04  8.76799836E-07  5.56823757E-01  9.29777378E-03  5.97475878E-01 -3.23093460E-01 -3.20452996E-01  0.00000000E+00
      21  2.61879141E-02  7.57288834E-04  8.28700469E-07  5.18325979E-01  8.25667964E-03  7.13250171E-01 -3.18975780E-01 -3.16248146E-01  0.00000000E+00
      31  2.88119336E-02  9.49822317E-04  1.46994391E-06  4.56881283E-01  1.38256040E-02  8.04848447E-01 -3.19328579E-01 -3.16639869E-01  0.00000000E+00
      41  2.57425879E-02  7.95002615E-04  1.14290957E-06  3.97227403E-01  1.52841105E-02  6.78370951E-01 -3.19424280E-01 -3.16702961E-01  0.00000000E+00
      51  3.08265996E-02  1.11548990E-03  1.93485034E-06  4.81683732E-01  1.90830098E-02  7.19060829E-01 -3.20219664E-01 -3.17488104E-01  0.00000000E+00
      61  3.09838379E-02  1.11572113E-03  1.88214918E-06  4.96010516E-01  1.79871086E-02  7.43890642E-01 -3.20778329E-01 -3.18065177E-01  0.00000000E+00
      71  2.90061841E-02  1.00125314E-03  1.61482838E-06  4.63070413E-01  1.84689470E-02  7.64004261E-01 -3.20767496E-01 -3.18068601E-01  0.00000000E+00
      81  2.85891336E-02  9.74535771E-04  1.53202938E-06  4.62287331E-01  1.81573999E-02  8.00724915E-01 -3.21350570E-01 -3.18638045E-01  0.00000000E+00
      91  2.59895769E-02  8.35479820E-04  1.24490991E-06  4.05509743E-01  1.84836500E-02  7.87254724E-01 -3.20378666E-01 -3.17708911E-01  0.00000000E+00
     101  2.60545383E-02  8.31193703E-04  1.19067391E-06  4.25530346E-01  1.75980593E-02  8.33184224E-01 -3.20401800E-01 -3.17709813E-01  0.00000000E+00
     111  2.62113771E-02  8.34385211E-04  1.18228800E-06  4.33931705E-01  1.70198519E-02  7.67699385E-01 -3.20675520E-01 -3.18001252E-01  0.00000000E+00
     121  2.68937699E-02  8.64200882E-04  1.21854712E-06  4.56134309E-01  1.62779614E-02  7.67533627E-01 -3.20172353E-01 -3.17495581E-01  0.00000000E+00
     131  2.64636239E-02  8.54765667E-04  1.27539989E-06  4.18123283E-01  1.78391856E-02  8.91232528E-01 -3.19901501E-01 -3.17240322E-01  0.00000000E+00
     141  2.74598915E-02  9.18933975E-04  1.48871954E-06  4.12344213E-01  1.90457794E-02  8.03932206E-01 -3.19890510E-01 -3.17214044E-01  0.00000000E+00
     151  2.78353017E-02  9.44174652E-04  1.57021287E-06  4.12872255E-01  1.95635169E-02  7.44262995E-01 -3.19980405E-01 -3.17303757E-01  0.00000000E+00
     161  2.69629503E-02  8.91371302E-04  1.42765163E-06  4.01059480E-01  1.89859793E-02  7.60778733E-01 -3.19979987E-01 -3.17292562E-01  0.00000000E+00
     171  2.76262315E-02  9.27294737E-04  1.48782506E-06  4.23240143E-01  1.89531124E-02  7.98216901E-01 -3.20403286E-01 -3.17732352E-01  0.00000000E+00
     181  2.74111000E-02  9.05203809E-04  1.40318191E-06  4.29178956E-01  1.77690876E-02  7.96140591E-01 -3.20355919E-01 -3.17676726E-01  0.00000000E+00
     191  2.82244315E-02  9.56406564E-04  1.55362795E-06  4.33838056E-01  1.84566579E-02  7.89168226E-01 -3.20281350E-01 -3.17609917E-01  0.00000000E+00
     201  2.75989202E-02  9.16179064E-04  1.44233588E-06  4.27224509E-01  1.78433886E-02  7.80948255E-01 -3.20150292E-01 -3.17487701E-01  0.00000000E+00
     211  2.89284484E-02  1.01484890E-03  1.81796415E-06  4.11615416E-01  2.05595516E-02  8.27410808E-01 -3.20618254E-01 -3.17960438E-01  0.00000000E+00
     221  2.86061733E-02  9.88609629E-04  1.72404751E-06  4.11998677E-01  1.96704588E-02  8.28474139E-01 -3.20629950E-01 -3.17961285E-01  0.00000000E+00
     231  2.92530300E-02  1.04122597E-03  1.97715200E-06  3.92104650E-01  2.14249805E-02  8.89597462E-01 -3.21044302E-01 -3.18374027E-01  0.00000000E+00
     241  2.89928024E-02  1.01459164E-03  1.86571155E-06  3.95855696E-01  2.00992870E-02  9.35000627E-01 -3.20555707E-01 -3.17885535E-01  0.00000000E+00
     251  2.95150096E-02  1.06156618E-03  2.08068853E-06  3.84551571E-01  2.19960694E-02  9.19789653E-01 -3.20683402E-01 -3.18018524E-01  0.00000000E+00
     261  2.95444010E-02  1.06245056E-03  2.05973762E-06  3.91762510E-01  2.18977196E-02  8.94756596E-01 -3.20787419E-01 -3.18123291E-01  0.00000000E+00
     271  2.91686173E-02  1.04049605E-03  1.99388757E-06  3.86098719E-01  2.19102967E-02  8.87417103E-01 -3.20640476E-01 -3.17967235E-01  0.00000000E+00
     281  2.88216305E-02  1.01210156E-03  1.89199904E-06  3.84325074E-01  2.09547477E-02  8.68050640E-01 -3.20613298E-01 -3.17924616E-01  0.00000000E+00
     291  2.88690088E-02  1.01654146E-03  1.89265586E-06  3.89479564E-01  2.11518743E-02  8.82502954E-01 -3.20536626E-01 -3.17847944E-01  0.00000000E+00
     301  2.93633520E-02  1.04244263E-03  1.92615079E-06  4.09167054E-01  2.08185657E-02  8.66889332E-01 -3.20409727E-01 -3.17727320E-01  0.00000000E+00
     311  2.94465554E-02  1.04006075E-03  1.88315166E-06  4.19707944E-01  1.99782448E-02  8.54461822E-01 -3.20461446E-01 -3.17789978E-01  0.00000000E+00
     321  2.96509316E-02  1.04643936E-03  1.86630481E-06  4.31889008E-01  1.93199099E-02  8.54230326E-01 -3.20646396E-01 -3.17975619E-01  0.00000000E+00
     331  2.92550049E-02  1.02173213E-03  1.78994861E-06  4.28461879E-01  1.91599568E-02  8.51960196E-01 -3.20610252E-01 -3.17941927E-01  0.00000000E+00
     341  2.96719984E-02  1.05280401E-03  1.92034467E-06  4.22485529E-01  1.99107181E-02  8.71525076E-01 -3.20640600E-01 -3.17976370E-01  0.00000000E+00
     351  2.97357304E-02  1.05293969E-03  1.90240524E-06  4.28027973E-01  1.94890598E-02  8.55882164E-01 -3.20646898E-01 -3.17978393E-01  0.00000000E+00
     361  2.96796112E-02  1.04501413E-03  1.86011696E-06  4.32227084E-01  1.89587416E-02  8.51234877E-01 -3.20582257E-01 -3.17913575E-01  0.00000000E+00
     371  2.95942697E-02  1.03539801E-03  1.81377452E-06  4.36041185E-01  1.84323068E-02  8.16036164E-01 -3.20659652E-01 -3.17980911E-01  0.00000000E+00
     381  2.96428870E-02  1.03400443E-03  1.78648541E-06  4.43027931E-01  1.79386841E-02  8.51919798E-01 -3.20743966E-01 -3.18052129E-01  0.00000000E+00
     391  3.00656685E-02  1.06351383E-03  1.88956864E-06  4.43128322E-01  1.84314059E-02  8.34433936E-01 -3.20793949E-01 -3.18100635E-01  0.00000000E+00
     401  3.00912220E-02  1.06267510E-03  1.86954199E-06  4.48160276E-01  1.81569667E-02  8.41774947E-01 -3.20816976E-01 -3.18118570E-01  0.00000000E+00
     411  3.04023776E-02  1.08316518E-03  1.92627442E-06  4.52722587E-01  1.83495349E-02  8.55170595E-01 -3.20821223E-01 -3.18125098E-01  0.00000000E+00
     421  3.02434877E-02  1.07278429E-03  1.88905101E-06  4.52861071E-01  1.82634969E-02  8.75017510E-01 -3.20811071E-01 -3.18114138E-01  0.00000000E+00
     431  3.07723852E-02  1.11011398E-03  2.01539156E-06  4.54866295E-01  1.88477950E-02  9.05146327E-01 -3.21007487E-01 -3.18309756E-01  0.00000000E+00
     441  3.05729704E-02  1.09530056E-03  1.96366354E-06  4.54393916E-01  1.85497581E-02  8.86808499E-01 -3.20938614E-01 -3.18247813E-01  0.00000000E+00
     451  3.03106835E-02  1.08269658E-03  1.93646247E-06  4.49351703E-01  1.89384400E-02  8.61819590E-01 -3.20908369E-01 -3.18212901E-01  0.00000000E+00
     461  3.01490689E-02  1.07117703E-03  1.89317787E-06  4.50019027E-01  1.87364900E-02  8.52788855E-01 -3.20900222E-01 -3.18202595E-01  0.00000000E+00
     471  3.00099950E-02  1.06125435E-03  1.85802402E-06  4.50090653E-01  1.85567470E-02  8.39640220E-01 -3.21015617E-01 -3.18316416E-01  0.00000000E+00
     481  2.98163145E-02  1.05018310E-03  1.83026765E-06  4.46824041E-01  1.86163421E-02  8.23806605E-01 -3.20921704E-01 -3.18223420E-01  0.00000000E+00
     491  2.97709033E-02  1.04480629E-03  1.80216631E-06  4.49696775E-01  1.83078351E-02  8.12027216E-01 -3.20855280E-01 -3.18156843E-01  0.00000000E+00
     501  2.97275986E-02  1.03989429E-03  1.77673750E-06  4.52324102E-01  1.80380758E-02  7.94609814E-01 -3.20890822E-01 -3.18195467E-01  0.00000000E+00
     511  2.98886415E-02  1.04761609E-03  1.78471156E-06  4.57946119E-01  1.78210418E-02  8.00196522E-01 -3.20991816E-01 -3.18298479E-01  0.00000000E+00
     521  2.99277058E-02  1.04742159E-03  1.77327926E-06  4.61218305E-01  1.75286722E-02  8.29185786E-01 -3.21190870E-01 -3.18493012E-01  0.00000000E+00
     531  2.98274698E-02  1.04081936E-03  1.75567835E-06  4.59777121E-01  1.74579112E-02  8.23364138E-01 -3.21220747E-01 -3.18520696E-01  0.00000000E+00
     541  2.98382268E-02  1.04198916E-03  1.75551583E-06  4.61039301E-01  1.75188956E-02  8.03082066E-01 -3.21200455E-01 -3.18493244E-01  0.00000000E+00
     551  3.00947369E-02  1.06239868E-03  1.86206083E-06  4.50082466E-01  1.81006026E-02  8.43133034E-01 -3.21280418E-01 -3.18576173E-01  0.00000000E+00
     561  2.99591553E-02  1.05091206E-03  1.82000866E-06  4.50687546E-01  1.77142993E-02  8.42145736E-01 -3.21152328E-01 -3.18450417E-01  0.00000000E+00
     571  3.02155216E-02  1.06707007E-03  1.85578967E-06  4.56722621E-01  1.77987631E-02  8.46461421E-01 -3.21162892E-01 -3.18463818E-01  0.00000000E+00
     581  3.02197783E-02  1.06844886E-03  1.86410146E-06  4.55696892E-01  1.79283083E-02  8.27773781E-01 -3.21165411E-01 -3.18466526E-01  0.00000000E+00
     591  3.01785065E-02  1.06566427E-03  1.85193474E-06  4.56419818E-01  1.78945980E-02  8.20735102E-01 -3.21174139E-01 -3.18474802E-01  0.00000000E+00
     601  3.03138128E-02  1.07195560E-03  1.85517706E-06  4.61841111E-01  1.76758669E-02  8.14286079E-01 -3.21206928E-01 -3.18506736E-01  0.00000000E+00
     611  3.00045764E-02  1.05378957E-03  1.80762745E-06  4.57399886E-01  1.77320743E-02  8.17058584E-01 -3.21196233E-01 -3.18493865E-01  0.00000000E+00
     621  3.00466163E-02  1.05325990E-03  1.79204914E-06  4.61534904E-01  1.73792907E-02  8.15297842E-01 -3.21137423E-01 -3.18433188E-01  0.00000000E+00
     631  3.00463313E-02  1.05396189E-03  1.80829208E-06  4.57377863E-01  1.74623539E-02  8.18662297E-01 -3.21181760E-01 -3.18482008E-01  0.00000000E+00
     641  2.98630333E-02  1.04202163E-03  1.77310105E-06  4.55674398E-01  1.73515833E-02  8.14413399E-01 -3.21168199E-01 -3.18467498E-01  0.00000000E+00
     651  2.99737587E-02  1.04912966E-03  1.79020577E-06  4.57845125E-01  1.74073239E-02  8.12398307E-01 -3.21180061E-01 -3.18477276E-01  0.00000000E+00
     661  2.97938107E-02  1.03635998E-03  1.75267952E-06  4.56048740E-01  1.71746207E-02  8.07887531E-01 -3.21150441E-01 -3.18449015E-01  0.00000000E+00
     671  2.97720715E-02  1.03620591E-03  1.75568406E-06  4.54954214E-01  1.73063959E-02  8.13577578E-01 -3.21190800E-01 -3.18489369E-01  0.00000000E+00
     681  2.98225725E-02  1.03688139E-03  1.74459706E-06  4.59101571E-01  1.70367899E-02  8.15832794E-01 -3.21131564E-01 -3.18433369E-01  0.00000000E+00
     691  2.99797359E-02  1.05085735E-03  1.80453939E-06  4.55299748E-01  1.75654925E-02  8.21021309E-01 -3.21162750E-01 -3.18467619E-01  0.00000000E+00
     701  3.00174830E-02  1.05222809E-03  1.80071488E-06  4.57869409E-01  1.74622308E-02  8.19290703E-01 -3.21107777E-01 -3.18411422E-01  0.00000000E+00
     711  2.98655303E-02  1.04125925E-03  1.76606189E-06  4.57041145E-01  1.72462952E-02  8.16003500E-01 -3.21096480E-01 -3.18402428E-01  0.00000000E+00
     721  2.96856989E-02  1.02945037E-03  1.73226785E-06  4.55142465E-01  1.71192727E-02  8.21350429E-01 -3.21196085E-01 -3.18500014E-01  0.00000000E+00
     731  2.98416850E-02  1.04072138E-03  1.76333981E-06  4.57317521E-01  1.73486201E-02  8.17247680E-01 -3.21223799E-01 -3.18527395E-01  0.00000000E+00
     741  2.98990316E-02  1.04277272E-03  1.75925695E-06  4.60702134E-01  1.71898445E-02  8.04401974E-01 -3.21175886E-01 -3.18482421E-01  0.00000000E+00
     751  2.98917083E-02  1.04243813E-03  1.75588294E-06  4.61390845E-01  1.72017739E-02  8.08054478E-01 -3.21187413E-01 -3.18493327E-01  0.00000000E+00
     761  2.98183019E-02  1.04091655E-03  1.76232014E-06  4.57834694E-01  1.75322998E-02  7.98728695E-01 -3.21159310E-01 -3.18463675E-01  0.00000000E+00
     771  2.96806936E-02  1.03096432E-03  1.73170457E-06  4.56918162E-01  1.73284666E-02  8.07220472E-01 -3.21133457E-01 -3.18436103E-01  0.00000000E+00
     781  2.96876651E-02  1.03127311E-03  1.73183830E-06  4.57201423E-01  1.73163271E-02  8.00390300E-01 -3.21092556E-01 -3.18398008E-01  0.00000000E+00
     791  2.95480127E-02  1.02253469E-03  1.70601139E-06  4.56118145E-01  1.72625001E-02  7.94214463E-01 -3.21057843E-01 -3.18367107E-01  0.00000000E+00
     801  2.93784971E-02  1.01274862E-03  1.68159857E-06  4.53490453E-01  1.72859355E-02  8.10981241E-01 -3.21037558E-01 -3.18350528E-01  0.00000000E+00
     811  2.95820007E-02  1.02822091E-03  1.74764018E-06  4.48992004E-01  1.76871632E-02  8.37314199E-01 -3.21098204E-01 -3.18410831E-01  0.00000000E+00
     821  2.96562820E-02  1.03100337E-03  1.74474966E-06  4.52868528E-01  1.75002909E-02  8.31079381E-01 -3.21137895E-01 -3.18451466E-01  0.00000000E+00
     831  2.96757766E-02  1.03002073E-03  1.73137604E-06  4.56025909E-01  1.72531871E-02  8.20865434E-01 -3.21108494E-01 -3.18423689E-01  0.00000000E+00
     841  2.97619373E-02  1.03421356E-03  1.73452953E-06  4.59444879E-01  1.71459544E-02  8.14579818E-01 -3.21141058E-01 -3.18454519E-01  0.00000000E+00
     851  2.97328750E-02  1.03251269E-03  1.72767382E-06  4.59806072E-01  1.71492107E-02  8.09073294E-01 -3.21136742E-01 -3.18448368E-01  0.00000000E+00
     861  2.96137686E-02  1.02479278E-03  1.70463935E-06  4.58947833E-01  1.70739748E-02  8.08068062E-01 -3.21061333E-01 -3.18370723E-01  0.00000000E+00
     871  2.93914572E-02  1.01183962E-03  1.67218303E-06  4.55573575E-01  1.70929614E-02  8.02554072E-01 -3.21034722E-01 -3.18344368E-01  0.00000000E+00
     881  2.95582181E-02  1.02637887E-03  1.74193271E-06  4.48818393E-01  1.76368553E-02  8.32466395E-01 -3.21087560E-01 -3.18400503E-01  0.00000000E+00
     891  2.93923458E-02  1.01712068E-03  1.71719056E-06  4.46710707E-01  1.76969286E-02  8.29963492E-01 -3.21083745E-01 -3.18398711E-01  0.00000000E+00
     901  2.93572055E-02  1.01309947E-03  1.69948103E-06  4.48061241E-01  1.74709110E-02  8.33478167E-01 -3.21082503E-01 -3.18399617E-01  0.00000000E+00
     911  2.93880317E-02  1.01498385E-03  1.70355034E-06  4.48792078E-01  1.74793997E-02  8.31810456E-01 -3.21106725E-01 -3.18420003E-01  0.00000000E+00
     921  2.92365399E-02  1.00446323E-03  1.67383085E-06  4.47003706E-01  1.72900291E-02  8.41129245E-01 -3.21151835E-01 -3.18463430E-01  0.00000000E+00
     931  2.92180547E-02  1.00360383E-03  1.67116170E-06  4.46939556E-01  1.73155721E-02  8.41108064E-01 -3.21191855E-01 -3.18500121E-01  0.00000000E+00
     941  2.91667875E-02  9.98935305E-04  1.65429057E-06  4.47393722E-01  1.71220634E-02  8.44233577E-01 -3.21157520E-01 -3.18465569E-01  0.00000000E+00
     951  2.90271173E-02  9.89770881E-04  1.62796164E-06  4.46071684E-01  1.70023437E-02  8.36697167E-01 -3.21150177E-01 -3.18459961E-01  0.00000000E+00
     961  2.88684623E-02  9.80581592E-04  1.60290866E-06  4.44326036E-01  1.70018970E-02  8.41825370E-01 -3.21145078E-01 -3.18452343E-01  0.00000000E+00
     971  2.89690569E-02  9.86661318E-04  1.62001855E-06  4.45294430E-01  1.70321117E-02  8.44768497E-01 -3.21190573E-01 -3.18499517E-01  0.00000000E+00
     981  2.89216640E-02  9.82618380E-04  1.60459426E-06  4.46045351E-01  1.68820302E-02  8.37906701E-01 -3.21156943E-01 -3.18463687E-01  0.00000000E+00
     991  2.89673461E-02  9.83378372E-04  1.59702965E-06  4.49508749E-01  1.66643574E-02  8.34270702E-01 -3.21130409E-01 -3.18434343E-01  0.00000000E+00
    1001  2.91692775E-02  9.96362142E-04  1.63242326E-06  4.51878188E-01  1.68080667E-02  8.32290044E-01 -3.21147551E-01 -3.18452582E-01  0.00000000E+00
    1011  2.91052570E-02  9.91042348E-04  1.61363787E-06  4.52353396E-01  1.66245222E-02  8.21525567E-01 -3.21115034E-01 -3.18421962E-01  0.00000000E+00
    1021  2.90095276E-02  9.84757822E-04  1.59441536E-06  4.51948544E-01  1.65412146E-02  8.25666718E-01 -3.21049868E-01 -3.18357420E-01  0.00000000E+00
    1031  2.89449871E-02  9.81046812E-04  1.58528107E-06  4.50958013E-01  1.65446113E-02  8.33361834E-01 -3.20958241E-01 -3.18265992E-01  0.00000000E+00
    1041  2.90161184E-02  9.85877223E-04  1.59733965E-06  4.52189503E-01  1.66263394E-02  8.33329771E-01 -3.20956978E-01 -3.18262661E-01  0.00000000E+00
    1051  2.89381370E-02  9.81069875E-04  1.58241612E-06  4.51976018E-01  1.65930740E-02  8.44826726E-01 -3.20911581E-01 -3.18223314E-01  0.00000000E+00
    1061  2.89533928E-02  9.81116677E-04  1.57465754E-06  4.54715008E-01  1.64964661E-02  8.34897045E-01 -3.20964008E-01 -3.18278340E-01  0.00000000E+00
    1071  2.90114947E-02  9.84325585E-04  1.57882362E-06  4.56831203E-01  1.64781051E-02  8.26979195E-01 -3.20935696E-01 -3.18249345E-01  0.00000000E+00
    1081  2.87805753E-02  9.72591618E-04  1.55450461E-06  4.52215529E-01  1.66642264E-02  8.21113104E-01 -3.20916916E-01 -3.18229711E-01  0.00000000E+00
    1091  2.86273750E-02  9.62908453E-04  1.53043465E-06  4.49796261E-01  1.65616277E-02  8.19246041E-01 -3.20906650E-01 -3.18217836E-01  0.00000000E+00
    1101  2.86508111E-02  9.64826902E-04  1.53803204E-06  4.49261651E-01  1.66281675E-02  8.22119153E-01 -3.20846065E-01 -3.18157718E-01  0.00000000E+00
    1111  2.86643408E-02  9.65397966E-04  1.53624016E-06  4.50553895E-01  1.66045589E-02  8.15829068E-01 -3.20880128E-01 -3.18191053E-01  0.00000000E+00
    1121  2.86040998E-02  9.60616098E-04  1.52066001E-06  4.50698037E-01  1.64507083E-02  8.13845729E-01 -3.20835673E-01 -3.18145310E-01  0.00000000E+00
    1131  2.86611312E-02  9.62823910E-04  1.52026304E-06  4.53357053E-01  1.63284897E-02  8.06327461E-01 -3.20847034E-01 -3.18155728E-01  0.00000000E+00
    1141  2.85923916E-02  9.58461026E-04  1.50697905E-06  4.53189249E-01  1.62791332E-02  8.10891427E-01 -3.20840469E-01 -3.18151200E-01  0.00000000E+00
    1151  2.86114272E-02  9.60502244E-04  1.51629116E-06  4.52146322E-01  1.63891318E-02  8.05214822E-01 -3.20860984E-01 -3.18171256E-01  0.00000000E+00
    1161  2.86487517E-02  9.62308631E-04  1.51732998E-06  4.53827256E-01  1.63509200E-02  8.03179263E-01 -3.20831284E-01 -3.18142481E-01  0.00000000E+00
    1171  2.86831366E-02  9.64104100E-04  1.51831073E-06  4.55507945E-01  1.63306040E-02  8.09821766E-01 -3.20849663E-01 -3.18163436E-01  0.00000000E+00
    1181  2.85314942E-02  9.56456298E-04  1.50135311E-06  4.52944573E-01  1.64493871E-02  8.07598237E-01 -3.20820553E-01 -3.18135935E-01  0.00000000E+00
    1191  2.85149710E-02  9.55928582E-04  1.50119650E-06  4.52397534E-01  1.64973081E-02  8.00498273E-01 -3.20794879E-01 -3.18107755E-01  0.00000000E+00
    1201  2.86144690E-02  9.63634348E-04  1.52773385E-06  4.51594373E-01  1.67308060E-02  8.15781178E-01 -3.20821119E-01 -3.18133436E-01  0.00000000E+00
    1211  2.87687101E-02  9.74075020E-04  1.55845588E-06  4.52494553E-01  1.69144425E-02  8.15158491E-01 -3.20860917E-01 -3.18175675E-01  0.00000000E+00
    1221  2.86507866E-02  9.67240479E-04  1.54216568E-06  4.50533963E-01  1.69071157E-02  8.08745402E-01 -3.20860869E-01 -3.18176968E-01  0.00000000E+00
    1231  2.85943473E-02  9.64960269E-04  1.54352027E-06  4.47449194E-01  1.70169239E-02  8.02218022E-01 -3.20872346E-01 -3.18186807E-01  0.00000000E+00
    1241  2.85788324E-02  9.64502299E-04  1.55080625E-06  4.44313616E-01  1.70664840E-02  8.07533293E-01 -3.20909738E-01 -3.18223769E-01  0.00000000E+00
    1251  2.87543475E-02  9.77395697E-04  1.59846929E-06  4.42246636E-01  1.73934339E-02  8.08713771E-01 -3.20887869E-01 -3.18203597E-01  0.00000000E+00
    1261  2.87019993E-02  9.74119521E-04  1.59181613E-06  4.40825764E-01  1.73624275E-02  8.13372123E-01 -3.20817548E-01 -3.18135316E-01  0.00000000E+00
    1271  2.86875999E-02  9.72780727E-04  1.58868460E-06  4.40388649E-01  1.73032392E-02  8.12199358E-01 -3.20854640E-01 -3.18173648E-01  0.00000000E+00
    1281  2.87449272E-02  9.76711099E-04  1.59678204E-06  4.42054039E-01  1.73769235E-02  8.10841894E-01 -3.20899851E-01 -3.18218670E-01  0.00000000E+00
    1291  2.86928689E-02  9.74461166E-04  1.58980706E-06  4.41923041E-01  1.74624201E-02  8.02443262E-01 -3.20880920E-01 -3.18198649E-01  0.00000000E+00
    1301  2.86722789E-02  9.73214246E-04  1.58625514E-06  4.41742106E-01  1.74548225E-02  7.96709250E-01 -3.20867653E-01 -3.18186476E-01  0.00000000E+00
    1311  2.87473659E-02  9.78024105E-04  1.59942977E-06  4.42628443E-01  1.75123902E-02  7.96998157E-01 -3.20896644E-01 -3.18215479E-01  0.00000000E+00
    1321  2.87677572E-02  9.79060076E-04  1.59980449E-06  4.43677053E-01  1.74965845E-02  7.96931389E-01 -3.20921007E-01 -3.18239885E-01  0.00000000E+00
    1331  2.88571639E-02  9.84004928E-04  1.60931554E-06  4.45980051E-01  1.74726516E-02  7.99141849E-01 -3.20977878E-01 -3.18296402E-01  0.00000000E+00
    1341  2.88522856E-02  9.82660669E-04  1.60173712E-06  4.47079313E-01  1.73498980E-02  7.96487837E-01 -3.20936102E-01 -3.18257809E-01  0.00000000E+00
    1351  2.89102165E-02  9.87280385E-04  1.61781508E-06  4.46743396E-01  1.74969943E-02  8.00416203E-01 -3.20924603E-01 -3.18242519E-01  0.00000000E+00
    1361  2.90828710E-02  1.00112186E-03  1.67596350E-06  4.42596856E-01  1.79392370E-02  8.00176759E-01 -3.20962110E-01 -3.18281375E-01  0.00000000E+00
    1371  2.91321108E-02  1.00475069E-03  1.68979716E-06  4.42048185E-01  1.80272928E-02  7.96148434E-01 -3.20966871E-01 -3.18283597E-01  0.00000000E+00
    1381  2.91496178E-02  1.00487216E-03  1.68403566E-06  4.44084989E-01  1.79234667E-02  7.90717652E-01 -3.20952706E-01 -3.18269996E-01  0.00000000E+00
    1391  2.90318237E-02  9.97463869E-04  1.66497950E-06  4.42181015E-01  1.78593761E-02  7.87066948E-01 -3.20942875E-01 -3.18259840E-01  0.00000000E+00
    1401  2.90113730E-02  9.95506512E-04  1.65849634E-06  4.42165908E-01  1.77703978E-02  7.92051005E-01 -3.20946026E-01 -3.18262210E-01  0.00000000E+00
    1411  2.90779306E-02  9.99242880E-04  1.66579544E-06  4.43893093E-01  1.77553914E-02  7.97203712E-01 -3.20934363E-01 -3.18253160E-01  0.00000000E+00
    1421  2.91142652E-02  1.00044457E-03  1.66367036E-06  4.45935966E-01  1.76499681E-02  7.89866881E-01 -3.20929416E-01 -3.18248618E-01  0.00000000E+00
    1431  2.92330579E-02  1.01037476E-03  1.70925988E-06  4.41887350E-01  1.79963682E-02  7.90300015E-01 -3.20974691E-01 -3.18293467E-01  0.00000000E+00
    1441  2.92030217E-02  1.00981505E-03  1.71164766E-06  4.40487957E-01  1.81344557E-02  7.93163658E-01 -3.20957192E-01 -3.18276879E-01  0.00000000E+00
    1451  2.91401952E-02  1.00483990E-03  1.69563960E-06  4.40218490E-01  1.79831822E-02  7.86354641E-01 -3.20935707E-01 -3.18254558E-01  0.00000000E+00
    1461  2.92624102E-02  1.01307890E-03  1.71849015E-06  4.41865011E-01  1.81103931E-02  7.84860879E-01 -3.20944503E-01 -3.18263262E-01  0.00000000E+00
    1471  2.91658611E-02  1.00658096E-03  1.70004549E-06  4.40703809E-01  1.80114332E-02  7.77871901E-01 -3.20949817E-01 -3.18270656E-01  0.00000000E+00
    1481  2.92646020E-02  1.01219661E-03  1.71078497E-06  4.43398442E-01  1.79936646E-02  7.72455973E-01 -3.20947557E-01 -3.18268025E-01  0.00000000E+00
    1491  2.93107575E-02  1.01600964E-03  1.72263576E-06  4.43741646E-01  1.81218152E-02  7.74574069E-01 -3.20955255E-01 -3.18275507E-01  0.00000000E+00
    1501  2.92813373E-02  1.01271022E-03  1.70906349E-06  4.44522391E-01  1.79398181E-02  7.72913276E-01 -3.20991345E-01 -3.18311665E-01  0.00000000E+00
    1511  2.92472212E-02  1.01119458E-03  1.70947382E-06  4.42722214E-01  1.79953923E-02  7.72077220E-01 -3.21022728E-01 -3.18344157E-01  0.00000000E+00
    1521  2.92559047E-02  1.01102876E-03  1.70512880E-06  4.43956316E-01  1.79175596E-02  7.72661222E-01 -3.21061754E-01 -3.18383529E-01  0.00000000E+00
    1531  2.92173209E-02  1.00825366E-03  1.69571041E-06  4.43979487E-01  1.78576143E-02  7.69560876E-01 -3.21058050E-01 -3.18377135E-01  0.00000000E+00
    1541  2.91770562E-02  1.00647338E-03  1.69447253E-06  4.42418064E-01  1.79235622E-02  7.67511635E-01 -3.21048949E-01 -3.18366873E-01  0.00000000E+00
    1551  2.92213608E-02  1.00866704E-03  1.69773453E-06  4.43771975E-01  1.78780924E-02  7.63606171E-01 -3.21056235E-01 -3.18375811E-01  0.00000000E+00
    1561  2.91998690E-02  1.00741994E-03  1.69252770E-06  4.44104131E-01  1.78790716E-02  7.68361916E-01 -3.21085694E-01 -3.18405192E-01  0.00000000E+00
    1571  2.91564807E-02  1.00365061E-03  1.67859444E-06  4.44531517E-01  1.77361487E-02  7.65230246E-01 -3.21044226E-01 -3.18363887E-01  0.00000000E+00
    1581  2.90729777E-02  9.98788403E-04  1.66506145E-06  4.43632147E-01  1.77361640E-02  7.60724665E-01 -3.21057632E-01 -3.18376383E-01  0.00000000E+00
    1591  2.91154469E-02  1.00204755E-03  1.67655264E-06  4.43430666E-01  1.78271759E-02  7.59280235E-01 -3.21035817E-01 -3.18352693E-01  0.00000000E+00
    1601  2.91333696E-02  1.00309488E-03  1.67773661E-06  4.44200062E-01  1.78275632E-02  7.58384053E-01 -3.21040895E-01 -3.18356479E-01  0.00000000E+00
    1611  2.90464054E-02  9.97875576E-04  1.66331820E-06  4.43197341E-01  1.78091109E-02  7.59740617E-01 -3.21066219E-01 -3.18380924E-01  0.00000000E+00
    1621  2.90561084E-02  9.99672983E-04  1.67393603E-06  4.41656207E-01  1.79516051E-02  7.70646113E-01 -3.21058319E-01 -3.18372923E-01  0.00000000E+00
    1631  2.91191673E-02  1.00265395E-03  1.67644204E-06  4.44140348E-01  1.78721936E-02  7.66810992E-01 -3.21074371E-01 -3.18388685E-01  0.00000000E+00
    1641  2.90261046E-02  9.96802140E-04  1.66113735E-06  4.42729099E-01  1.78212953E-02  7.61541745E-01 -3.21050683E-01 -3.18364293E-01  0.00000000E+00
    1651  2.89466629E-02  9.91350806E-04  1.64546867E-06  4.41897928E-01  1.77235902E-02  7.59473984E-01 -3.21054283E-01 -3.18368287E-01  0.00000000E+00
    1661  2.89461505E-02  9.90816678E-04  1.64027923E-06  4.43058070E-01  1.76653205E-02  7.60821254E-01 -3.21067710E-01 -3.18381827E-01  0.00000000E+00
    1671  2.89928530E-02  9.92450560E-04  1.63876067E-06  4.45404279E-01  1.75414953E-02  7.59072754E-01 -3.21072914E-01 -3.18387725E-01  0.00000000E+00
    1681  2.91364938E-02  1.00285900E-03  1.67735570E-06  4.44064818E-01  1.77792898E-02  7.63160740E-01 -3.21099250E-01 -3.18414240E-01  0.00000000E+00
    1691  2.91637356E-02  1.00590732E-03  1.69508682E-06  4.41587988E-01  1.79479436E-02  7.60063839E-01 -3.21088209E-01 -3.18402793E-01  0.00000000E+00
    1701  2.92056318E-02  1.00917324E-03  1.70538292E-06  4.41826517E-01  1.80427130E-02  7.69619884E-01 -3.21097943E-01 -3.18412398E-01  0.00000000E+00
    1711  2.92330569E-02  1.01074956E-03  1.70947045E-06  4.42232472E-01  1.80396667E-02  7.76999778E-01 -3.21086923E-01 -3.18400402E-01  0.00000000E+00
    1721  2.94016520E-02  1.02260651E-03  1.74634795E-06  4.43336923E-01  1.82673814E-02  7.79492778E-01 -3.21135682E-01 -3.18449068E-01  0.00000000E+00
    1731  2.94606470E-02  1.02585450E-03  1.75369283E-06  4.44529837E-01  1.82414390E-02  7.80419903E-01 -3.21136764E-01 -3.18451172E-01  0.00000000E+00
    1741  2.94858842E-02  1.02646398E-03  1.75006589E-06  4.46336727E-01  1.81400048E-02  7.77898859E-01 -3.21125522E-01 -3.18440273E-01  0.00000000E+00
    1751  2.95850155E-02  1.03482806E-03  1.78602687E-06  4.44056902E-01  1.84297315E-02  7.72639056E-01 -3.21125205E-01 -3.18440004E-01  0.00000000E+00
    1761  2.95215533E-02  1.03118204E-03  1.77811664E-06  4.42598276E-01  1.84418618E-02  7.72570487E-01 -3.21153912E-01 -3.18468596E-01  0.00000000E+00
    1771  2.94887919E-02  1.02800017E-03  1.76558073E-06  4.43096493E-01  1.82976382E-02  7.75685330E-01 -3.21131408E-01 -3.18447546E-01  0.00000000E+00
    1781  2.95779733E-02  1.03556864E-03  1.79321227E-06  4.42618346E-01  1.85633980E-02  7.76131635E-01 -3.21106753E-01 -3.18421537E-01  0.00000000E+00
    1791  2.96270387E-02  1.03943474E-03  1.80807842E-06  4.42170400E-01  1.86744221E-02  7.79500124E-01 -3.21101875E-01 -3.18416766E-01  0.00000000E+00
    1801  2.96686992E-02  1.04187252E-03  1.81268846E-06  4.43362127E-01  1.86706664E-02  7.78708004E-01 -3.21120425E-01 -3.18435263E-01  0.00000000E+00
    1811  2.96505333E-02  1.03937705E-03  1.80115382E-06  4.44245099E-01  1.85068919E-02  7.75408859E-01 -3.21104838E-01 -3.18419988E-01  0.00000000E+00
    1821  2.97162791E-02  1.04537636E-03  1.83534945E-06  4.40175161E-01  1.87490164E-02  7.77762429E-01 -3.21123229E-01 -3.18438700E-01  0.00000000E+00
    1831  2.96687877E-02  1.04207876E-03  1.82347902E-06  4.40270202E-01  1.86938827E-02  7.73615522E-01 -3.21134331E-01 -3.18450734E-01  0.00000000E+00
    1841  2.96294314E-02  1.03969246E-03  1.81747181E-06  4.39550298E-01  1.86878135E-02  7.77034970E-01 -3.21146801E-01 -3.18465853E-01  0.00000000E+00
    1851  2.96492240E-02  1.04203380E-03  1.82743641E-06  4.39007049E-01  1.88227338E-02  7.74326371E-01 -3.21166571E-01 -3.18486814E-01  0.00000000E+00
    1861  2.96198576E-02  1.04003720E-03  1.82080549E-06  4.38894467E-01  1.87931544E-02  7.73636929E-01 -3.21165751E-01 -3.18486037E-01  0.00000000E+00
    1871  2.96439506E-02  1.04143826E-03  1.82442972E-06  4.39289323E-01  1.87900600E-02  7.78811933E-01 -3.21160019E-01 -3.18480151E-01  0.00000000E+00
    1881  2.96158415E-02  1.03966234E-03  1.81922801E-06  4.38976240E-01  1.87773337E-02  7.75874005E-01 -3.21170117E-01 -3.18490684E-01  0.00000000E+00
    1891  2.95626917E-02  1.03609791E-03  1.80811571E-06  4.38559972E-01  1.87289238E-02  7.78541058E-01 -3.21157248E-01 -3.18477197E-01  0.00000000E+00
    1901  2.95458877E-02  1.03498360E-03  1.80553900E-06  4.38152206E-01  1.87149423E-02  7.76209115E-01 -3.21147314E-01 -3.18466598E-01  0.00000000E+00
    1911  2.96078415E-02  1.03941495E-03  1.82489758E-06  4.36959905E-01  1.88034846E-02  7.82845279E-01 -3.21125589E-01 -3.18443645E-01  0.00000000E+00
    1921  2.95982409E-02  1.03767067E-03  1.81532280E-06  4.38029498E-01  1.86676644E-02  7.80717511E-01 -3.21096456E-01 -3.18415196E-01  0.00000000E+00
    1931  2.95994609E-02  1.03684177E-03  1.80970923E-06  4.38871179E-01  1.85635781E-02  7.80291993E-01 -3.21099639E-01 -3.18418630E-01  0.00000000E+00
    1941  2.96057444E-02  1.03810008E-03  1.82156840E-06  4.36562458E-01  1.86659511E-02  7.77430148E-01 -3.21088597E-01 -3.18410696E-01  0.00000000E+00
    1951  2.95515562E-02  1.03477621E-03  1.81075739E-06  4.36302459E-01  1.86522933E-02  7.77210923E-01 -3.21064625E-01 -3.18385947E-01  0.00000000E+00
    1961  2.95588421E-02  1.03484266E-03  1.80817866E-06  4.37177513E-01  1.86102225E-02  7.74964555E-01 -3.21043549E-01 -3.18365222E-01  0.00000000E+00
    1971  2.95533799E-02  1.03337252E-03  1.79936063E-06  4.38327519E-01  1.84777059E-02  7.71253802E-01 -3.21037634E-01 -3.18359113E-01  0.00000000E+00
    1981  2.96530669E-02  1.04168207E-03  1.83520612E-06  4.36241352E-01  1.87557825E-02  7.75432096E-01 -3.21081151E-01 -3.18402608E-01  0.00000000E+00
    1991  2.96175215E-02  1.03923785E-03  1.82595507E-06  4.36441605E-01  1.87168073E-02  7.71666224E-01 -3.21077550E-01 -3.18398572E-01  0.00000000E+00
