 --------------------------------------------------------------
             __  __          ___   _______    ____  ___        
            / / / /__  ___  / _ | / __/ _ \  / __/ / _ \       
           / /_/ / _ \/ _ \/ __ |_\ \/ // / / _ \_/ // /       
           \____/ .__/ .__/_/ |_/___/____/  \___(_)___/        
               /_/  /_/                                        
 --------------------------------------------------------------
                https://github.com/UppASD/UppASD               
 --------------------------------------------------------------
              Division of Materials Theory                     
              Department of Physics and Astronomy              
              Uppsala University                               
              Sweden                                           
 ---------------------Production-version-----------------------
 Git revision: 
 --------------------------------------------------------------
 RNG: Mersenne-Twister (mtprng)
 --------------------------------------------------------------
 Execution Date: 20/12/2025  Execution Time: 22:48:11:628
 --------------------------------------------------------------
 Using OpenMP with 16  threads out of 16 possible.
 --------------------------------------------------------------
 Read input file using new format
 done.
  Set up types of atoms done
  Set up chemical information of alloy done
  Set up global coordinates done
  Set up damping
  done
  Set up temperature
  done
 Write input data done.
 Set up Hamiltonian
  Set up neighbour map for exchange nntype           1          32
 done
  Mount Heisenberg Hamiltonian done
  Set up anisotropies done
  Calculate mean-field estimate of Tc:   621.6 K.
  Max eigenvalue:    80.353 meV
  Set up neighbour map for Dzyaloshinskii-Moriya exchange done
  Mount Dzyaloshinskii-Moriya Hamiltonian done
 Initialize metatype 
 Initialize magnetic moments 
  Start random init spins  done
 Enter initial phase:  S 
  Performing initial phase:  1    Temp.   500.0       nsteps      50000       dt     0.1000E-14   lambda      1.000         0.000    
  IP  1   10% done. Mbar:  0.436130
  IP  1   20% done. Mbar:  0.439137
  IP  1   30% done. Mbar:  0.402811
  IP  1   40% done. Mbar:  0.410067
  IP  1   50% done. Mbar:  0.400885
  IP  1   60% done. Mbar:  0.547271
  IP  1   70% done. Mbar:  0.412124
  IP  1   80% done. Mbar:  0.430165
  IP  1   90% done. Mbar:  0.490392
  IP  1  100% done. Mbar:  0.382759
  Performing initial phase:  2    Temp.   400.0       nsteps      50000       dt     0.1000E-14   lambda      1.000         0.000    
  IP  2   10% done. Mbar:  0.736624
  IP  2   20% done. Mbar:  0.753518
  IP  2   30% done. Mbar:  0.744983
  IP  2   40% done. Mbar:  0.673494
  IP  2   50% done. Mbar:  0.698958
  IP  2   60% done. Mbar:  0.699771
  IP  2   70% done. Mbar:  0.728863
  IP  2   80% done. Mbar:  0.776346
  IP  2   90% done. Mbar:  0.743724
  IP  2  100% done. Mbar:  0.704634
  Performing initial phase:  3    Temp.   300.0       nsteps      50000       dt     0.1000E-14   lambda      1.000         0.000    
  IP  3   10% done. Mbar:  1.305253
  IP  3   20% done. Mbar:  1.300321
  IP  3   30% done. Mbar:  1.341338
  IP  3   40% done. Mbar:  1.272954
  IP  3   50% done. Mbar:  1.347863
  IP  3   60% done. Mbar:  1.260005
  IP  3   70% done. Mbar:  1.317513
  IP  3   80% done. Mbar:  1.364863
  IP  3   90% done. Mbar:  1.266961
  IP  3  100% done. Mbar:  1.348448
  Performing initial phase:  4    Temp.   200.0       nsteps      50000       dt     0.1000E-14   lambda      1.000         0.000    
  IP  4   10% done. Mbar:  1.978846
  IP  4   20% done. Mbar:  1.923792
  IP  4   30% done. Mbar:  1.962687
  IP  4   40% done. Mbar:  1.942464
  IP  4   50% done. Mbar:  1.952478
  IP  4   60% done. Mbar:  1.957518
  IP  4   70% done. Mbar:  1.936988
  IP  4   80% done. Mbar:  1.927380
  IP  4   90% done. Mbar:  1.931011
  IP  4  100% done. Mbar:  1.972604
  Performing initial phase:  5    Temp.   100.0       nsteps      50000       dt     0.1000E-14   lambda      1.000         0.000    
  IP  5   10% done. Mbar:  2.377649
  IP  5   20% done. Mbar:  2.382356
  IP  5   30% done. Mbar:  2.379462
  IP  5   40% done. Mbar:  2.399128
  IP  5   50% done. Mbar:  2.384332
  IP  5   60% done. Mbar:  2.391575
  IP  5   70% done. Mbar:  2.407218
  IP  5   80% done. Mbar:  2.414322
  IP  5   90% done. Mbar:  2.387878
  IP  5  100% done. Mbar:  2.382985
 Enter measurement phase:
 ------------------------------------------
            Simulation data                
 ------------------------------------------
  Number of atoms   10000
  Number of ensembles   1
  Gradient: N
  Temperature:    0.00 K
  Number of simulation steps:    500000
  Time step:  1000.    as
  Simulation time:  500.0    ps
  Damping parameter:  1.000    
  Sample averages: Y
  Sample moments: Y
  Spin correlation: N
 ------------------------------------------
         Progress of simulation:           
  MP   5% done. Mbar:  2.789573. Ebar:   -6.238739. U: 0.66667. 
  MP  10% done. Mbar:  2.789573. Ebar:   -6.238739. U: 0.66667. 
  MP  15% done. Mbar:  2.789572. Ebar:   -6.238739. U: 0.66667. 
  MP  20% done. Mbar:  2.789572. Ebar:   -6.238739. U: 0.66667. 
  MP  25% done. Mbar:  2.789571. Ebar:   -6.238739. U: 0.66667. 
  MP  30% done. Mbar:  2.789570. Ebar:   -6.238739. U: 0.66667. 
  MP  35% done. Mbar:  2.789569. Ebar:   -6.238739. U: 0.66667. 
  MP  40% done. Mbar:  2.789568. Ebar:   -6.238740. U: 0.66667. 
  MP  45% done. Mbar:  2.789567. Ebar:   -6.238740. U: 0.66667. 
  MP  50% done. Mbar:  2.789566. Ebar:   -6.238740. U: 0.66667. 
  MP  55% done. Mbar:  2.789564. Ebar:   -6.238740. U: 0.66667. 
  MP  60% done. Mbar:  2.789563. Ebar:   -6.238740. U: 0.66667. 
  MP  65% done. Mbar:  2.789561. Ebar:   -6.238740. U: 0.66667. 
  MP  70% done. Mbar:  2.789559. Ebar:   -6.238740. U: 0.66667. 
  MP  75% done. Mbar:  2.789557. Ebar:   -6.238740. U: 0.66667. 
  MP  80% done. Mbar:  2.789554. Ebar:   -6.238740. U: 0.66667. 
  MP  85% done. Mbar:  2.789550. Ebar:   -6.238740. U: 0.66667. 
  MP  90% done. Mbar:  2.789546. Ebar:   -6.238740. U: 0.66667. 
  MP  95% done. Mbar:  2.789542. Ebar:   -6.238740. U: 0.66667. 
  MP 100% done. Mbar:  2.789536. Ebar:   -6.238740. U: 0.66667. 
 Simulation finished
 ----------------TIME CONSUMPTION REPORT----------------------
 CATEGORY                 TIME(sec)           PERCENT
   Startup                 6.40E-02               0.0
   Initial                 2.18E+01               1.1
   Measurement             1.05E+02               5.5
   Hamiltonian             4.80E+02              25.2
   Evolution               4.40E+02              23.1
   RNG                     7.45E+02              39.2
   Energy                  1.17E+01               0.6
   Moments                 4.24E+01               2.2
   PrintRestart            8.41E-03               0.0
   SpinCorr                3.04E+00               0.2
 -------------------------------------------------------------
 Total wall time           1.90E+03      Sampled percent  97.2
 --------------MAIN PROGRAM PHASES TIME REPORT----------------
 CATEGORY                   EXECUTION TIME    TOTAL CPU TIME
  Time for initialization :           0.27              1.20
  Time for initial phase  :         603.09           9649.18
  Time for meas. phase    :        1338.47          20787.76
  Time for cleanup        :           0.00              0.00
 -------------------------------------------------------------
  Time total              :        1941.83          30438.14
  Time for one meas. iter :           0.00              0.04
 -------------------MEMORY CONSUMPTION REPORT-----------------------
 126 allocations and 125 deallocations, remaining memory(B):24
 Memory occupation peak: 49692 kB
 For the array: "red_atom_list" in routine "magninit"
 -----------------END MEMORY CONSUMPTION REPORT---------------------
