 --------------------------------------------------------------
             __  __          ___   _______    ____  ___        
            / / / /__  ___  / _ | / __/ _ \  / __/ / _ \       
           / /_/ / _ \/ _ \/ __ |_\ \/ // / / _ \_/ // /       
           \____/ .__/ .__/_/ |_/___/____/  \___(_)___/        
               /_/  /_/                                        
 --------------------------------------------------------------
                https://github.com/UppASD/UppASD               
 --------------------------------------------------------------
              Division of Materials Theory                     
              Department of Physics and Astronomy              
              Uppsala University                               
              Sweden                                           
 ---------------------Production-version-----------------------
 Git revision: 
 --------------------------------------------------------------
 RNG: Mersenne-Twister (mtprng)
 --------------------------------------------------------------
 Execution Date: 20/12/2025  Execution Time: 20:57:35:397
 --------------------------------------------------------------
 Using OpenMP with 16  threads out of 16 possible.
 --------------------------------------------------------------
 Read input file using new format
 done.
  Set up types of atoms done
  Set up chemical information of alloy done
  Set up global coordinates done
  Set up damping
  done
  Set up temperature
  done
 Write input data done.
 Set up Hamiltonian
  Set up neighbour map for exchange nntype           1          32
 done
  Mount Heisenberg Hamiltonian done
  Set up anisotropies done
  Calculate mean-field estimate of Tc:   621.6 K.
  Max eigenvalue:    80.353 meV
  Set up neighbour map for Dzyaloshinskii-Moriya exchange done
  Mount Dzyaloshinskii-Moriya Hamiltonian done
 Initialize metatype 
 Initialize magnetic moments 
  Start random init spins  done
 Enter initial phase:  S 
  Performing initial phase:  1    Temp.   500.0       nsteps      50000       dt     0.1000E-14   lambda      1.000         0.000    
  IP  1   10% done. Mbar:  0.090686
  IP  1   20% done. Mbar:  0.070166
  IP  1   30% done. Mbar:  0.037541
  IP  1   40% done. Mbar:  0.083292
  IP  1   50% done. Mbar:  0.069357
  IP  1   60% done. Mbar:  0.166806
  IP  1   70% done. Mbar:  0.111862
  IP  1   80% done. Mbar:  0.071461
  IP  1   90% done. Mbar:  0.133841
  IP  1  100% done. Mbar:  0.015330
  Performing initial phase:  2    Temp.   400.0       nsteps      50000       dt     0.1000E-14   lambda      1.000         0.000    
  IP  2   10% done. Mbar:  0.076860
  IP  2   20% done. Mbar:  0.151707
  IP  2   30% done. Mbar:  0.101027
  IP  2   40% done. Mbar:  0.022182
  IP  2   50% done. Mbar:  0.085917
  IP  2   60% done. Mbar:  0.092452
  IP  2   70% done. Mbar:  0.138129
  IP  2   80% done. Mbar:  0.096392
  IP  2   90% done. Mbar:  0.068435
  IP  2  100% done. Mbar:  0.096893
  Performing initial phase:  3    Temp.   300.0       nsteps      50000       dt     0.1000E-14   lambda      1.000         0.000    
  IP  3   10% done. Mbar:  0.249247
  IP  3   20% done. Mbar:  0.194906
  IP  3   30% done. Mbar:  0.276613
  IP  3   40% done. Mbar:  0.198475
  IP  3   50% done. Mbar:  0.208093
  IP  3   60% done. Mbar:  0.190528
  IP  3   70% done. Mbar:  0.138916
  IP  3   80% done. Mbar:  0.310128
  IP  3   90% done. Mbar:  0.255445
  IP  3  100% done. Mbar:  0.236051
  Performing initial phase:  4    Temp.   200.0       nsteps      50000       dt     0.1000E-14   lambda      1.000         0.000    
  IP  4   10% done. Mbar:  0.309382
  IP  4   20% done. Mbar:  0.271524
  IP  4   30% done. Mbar:  0.319117
  IP  4   40% done. Mbar:  0.267637
  IP  4   50% done. Mbar:  0.270246
  IP  4   60% done. Mbar:  0.280927
  IP  4   70% done. Mbar:  0.232652
  IP  4   80% done. Mbar:  0.295962
  IP  4   90% done. Mbar:  0.319795
  IP  4  100% done. Mbar:  0.354482
  Performing initial phase:  5    Temp.   100.0       nsteps      50000       dt     0.1000E-14   lambda      1.000         0.000    
  IP  5   10% done. Mbar:  0.370416
  IP  5   20% done. Mbar:  0.394834
  IP  5   30% done. Mbar:  0.333472
  IP  5   40% done. Mbar:  0.273623
  IP  5   50% done. Mbar:  0.349535
  IP  5   60% done. Mbar:  0.356217
  IP  5   70% done. Mbar:  0.295680
  IP  5   80% done. Mbar:  0.352279
  IP  5   90% done. Mbar:  0.267124
  IP  5  100% done. Mbar:  0.314997
 Enter measurement phase:
 ------------------------------------------
            Simulation data                
 ------------------------------------------
  Number of atoms   10000
  Number of ensembles   1
  Gradient: N
  Temperature:    0.00 K
  Number of simulation steps:    500000
  Time step:  1000.    as
  Simulation time:  500.0    ps
  Damping parameter:  1.000    
  Sample averages: Y
  Sample moments: Y
  Spin correlation: N
 ------------------------------------------
         Progress of simulation:           
  MP   5% done. Mbar:  0.342672. Ebar:   -6.085326. U: 0.66641. 
  MP  10% done. Mbar:  0.324008. Ebar:   -6.087465. U: 0.66559. 
  MP  15% done. Mbar:  0.322040. Ebar:   -6.087755. U: 0.66544. 
  MP  20% done. Mbar:  0.319712. Ebar:   -6.087880. U: 0.66569. 
  MP  25% done. Mbar:  0.316700. Ebar:   -6.088056. U: 0.66584. 
  MP  30% done. Mbar:  0.314841. Ebar:   -6.088194. U: 0.66592. 
  MP  35% done. Mbar:  0.310781. Ebar:   -6.088482. U: 0.66598. 
  MP  40% done. Mbar:  0.305441. Ebar:   -6.088868. U: 0.66576. 
  MP  45% done. Mbar:  0.302487. Ebar:   -6.089162. U: 0.66565. 
  MP  50% done. Mbar:  0.298967. Ebar:   -6.089494. U: 0.66539. 
  MP  55% done. Mbar:  0.297946. Ebar:   -6.089544. U: 0.66526. 
  MP  60% done. Mbar:  0.297002. Ebar:   -6.089580. U: 0.66521. 
  MP  65% done. Mbar:  0.296118. Ebar:   -6.089611. U: 0.66520. 
  MP  70% done. Mbar:  0.295399. Ebar:   -6.089638. U: 0.66522. 
  MP  75% done. Mbar:  0.294825. Ebar:   -6.089661. U: 0.66525. 
  MP  80% done. Mbar:  0.294319. Ebar:   -6.089682. U: 0.66529. 
  MP  85% done. Mbar:  0.293840. Ebar:   -6.089703. U: 0.66534. 
  MP  90% done. Mbar:  0.293398. Ebar:   -6.089721. U: 0.66539. 
  MP  95% done. Mbar:  0.293014. Ebar:   -6.089738. U: 0.66544. 
  MP 100% done. Mbar:  0.292698. Ebar:   -6.089752. U: 0.66549. 
 Simulation finished
 ----------------TIME CONSUMPTION REPORT----------------------
 CATEGORY                 TIME(sec)           PERCENT
   Startup                 3.83E-02               0.0
   Initial                 1.68E+01               1.3
   Measurement             6.68E+01               5.2
   Hamiltonian             3.40E+02              26.7
   Evolution               2.75E+02              21.6
   RNG                     5.02E+02              39.4
   Energy                  1.02E+01               0.8
   Moments                 2.51E+01               2.0
   PrintRestart            8.43E-03               0.0
   SpinCorr                2.01E+00               0.2
 -------------------------------------------------------------
 Total wall time           1.27E+03      Sampled percent  97.2
 --------------MAIN PROGRAM PHASES TIME REPORT----------------
 CATEGORY                   EXECUTION TIME    TOTAL CPU TIME
  Time for initialization :           0.08              0.61
  Time for initial phase  :         422.00           6327.51
  Time for meas. phase    :         917.07          14058.43
  Time for cleanup        :           0.08              0.09
 -------------------------------------------------------------
  Time total              :        1339.23          20386.64
  Time for one meas. iter :           0.00              0.03
 -------------------MEMORY CONSUMPTION REPORT-----------------------
 126 allocations and 125 deallocations, remaining memory(B):24
 Memory occupation peak: 49692 kB
 For the array: "red_atom_list" in routine "magninit"
 -----------------END MEMORY CONSUMPTION REPORT---------------------
