   #Iter           <M>_x           <M>_y           <M>_z             <M>        M_{stdv}
       0 -5.30170431E-03 -1.07726062E-02  2.68115069E-03  1.23022633E-02  0.00000000E+00
     100 -4.15229548E-03 -8.78964794E-03 -6.93858707E-03  1.19433437E-02  0.00000000E+00
     200  1.28371278E-02 -7.94061993E-03  2.67831313E-02  3.07438029E-02  0.00000000E+00
     300 -2.53791394E-02  4.43547927E-03  5.28167224E-03  2.62996246E-02  0.00000000E+00
     400  8.98076583E-03 -2.11612661E-02 -7.59825128E-03  2.42112941E-02  0.00000000E+00
     500 -6.41880759E-03  1.94414291E-02 -9.82582944E-04  2.04972127E-02  0.00000000E+00
     600  5.77126557E-03 -7.52213407E-03  2.74843648E-03  9.87136821E-03  0.00000000E+00
     700  6.34778288E-03 -8.66866070E-04 -2.44629887E-02  2.52880133E-02  0.00000000E+00
     800 -1.50247973E-02  8.22965082E-04  3.02478543E-03  1.53483267E-02  0.00000000E+00
     900 -4.77944840E-03  3.52252434E-03  1.42770880E-02  1.54624237E-02  0.00000000E+00
    1000 -4.18501627E-03 -1.45261769E-02 -2.02736993E-02  2.52892677E-02  0.00000000E+00
    1100 -8.96754578E-03 -3.57893374E-02 -2.78098800E-02  4.62026295E-02  0.00000000E+00
    1200 -9.02797895E-04 -1.17431860E-04 -1.79157197E-02  1.79388363E-02  0.00000000E+00
    1300 -1.08048890E-02  2.15745874E-02 -1.31581667E-02  2.74835551E-02  0.00000000E+00
    1400  4.01241337E-03  2.46443728E-03 -4.05514074E-03  6.21426412E-03  0.00000000E+00
    1500  5.42192336E-03  6.18449936E-03  2.06271741E-02  2.22064314E-02  0.00000000E+00
    1600  1.64621096E-02  2.35910303E-03  2.89995982E-03  1.68812377E-02  0.00000000E+00
    1700  2.12976354E-02  1.66508892E-02  4.92161160E-03  2.74784215E-02  0.00000000E+00
    1800  1.67412641E-02  4.37713247E-03  1.02257886E-02  2.00996509E-02  0.00000000E+00
    1900 -5.12740853E-04 -7.29525150E-03  3.36147564E-02  3.44010966E-02  0.00000000E+00
    2000  3.04130979E-02  5.96339721E-04 -2.37832547E-03  3.05117776E-02  0.00000000E+00
    2100 -2.64309822E-02  1.69678776E-02 -1.71454893E-02  3.57837043E-02  0.00000000E+00
    2200  1.14253566E-02  1.44786325E-02 -3.20340033E-02  3.69641305E-02  0.00000000E+00
    2300  7.64625087E-03  1.77740036E-02 -2.38309955E-02  3.06968517E-02  0.00000000E+00
    2400 -7.13649883E-03  7.44341695E-03 -6.20528079E-03  1.20349317E-02  0.00000000E+00
    2500  2.10055568E-02 -5.67858884E-03 -1.65402062E-02  2.73323656E-02  0.00000000E+00
    2600 -2.85152139E-02 -1.47886717E-02  4.21351769E-03  3.23971598E-02  0.00000000E+00
    2700 -1.16653459E-02 -1.52415237E-02 -1.44629387E-02  2.40324975E-02  0.00000000E+00
    2800  2.14832938E-02 -1.46560308E-04  1.60031990E-03  2.15433149E-02  0.00000000E+00
    2900 -1.46121334E-02  7.61414391E-03  1.42937556E-02  2.18128650E-02  0.00000000E+00
    3000 -8.36749063E-03  1.76609438E-02 -8.84320432E-04  1.95628694E-02  0.00000000E+00
    3100  2.75625306E-03 -9.11288164E-03 -1.00919856E-02  1.38740663E-02  0.00000000E+00
    3200  1.07000888E-03 -1.02590956E-02  2.54329894E-02  2.74450525E-02  0.00000000E+00
    3300 -1.09172912E-02  6.83918426E-04 -2.40860054E-03  1.12007298E-02  0.00000000E+00
    3400  6.48398656E-03 -1.08296893E-02  1.10998680E-02  1.68086681E-02  0.00000000E+00
    3500  1.77845007E-03 -1.21169614E-02 -1.02555129E-03  1.22896458E-02  0.00000000E+00
    3600  1.21694943E-02 -2.18936171E-02 -2.14752411E-02  3.29941364E-02  0.00000000E+00
    3700 -3.02508484E-02 -6.79177699E-03  5.61155054E-03  3.15076429E-02  0.00000000E+00
    3800  5.47105005E-04 -2.06453800E-02 -7.95332010E-03  2.21311170E-02  0.00000000E+00
    3900  1.69864550E-02 -1.67526642E-02 -1.08928392E-02  2.62268061E-02  0.00000000E+00
    4000 -3.68743167E-03 -5.68735711E-03 -1.33109658E-03  6.90760460E-03  0.00000000E+00
    4100 -4.34022509E-04 -1.01668553E-02 -7.26708254E-03  1.25045516E-02  0.00000000E+00
    4200  1.55842310E-03  5.57169361E-03 -8.85514993E-03  1.05776241E-02  0.00000000E+00
    4300 -4.19948565E-03  1.28062075E-02 -5.70943773E-03  1.46366769E-02  0.00000000E+00
    4400 -7.61286870E-03 -2.08602845E-02 -1.00625158E-02  2.43795296E-02  0.00000000E+00
    4500 -1.23410778E-02 -9.28979045E-04  2.69201133E-03  1.26653909E-02  0.00000000E+00
    4600  9.62947226E-03  5.13467399E-04 -7.56693962E-03  1.22576082E-02  0.00000000E+00
    4700 -4.25453028E-04 -4.54822757E-03 -3.17770086E-03  5.56463540E-03  0.00000000E+00
    4800 -4.65851658E-03  5.21110329E-04  4.52727717E-03  6.51686821E-03  0.00000000E+00
    4900 -6.48523932E-03  1.05192319E-02  1.00140936E-02  1.59058053E-02  0.00000000E+00
    5000  2.54019143E-02  1.16065451E-02  8.90491981E-03  2.93132519E-02  0.00000000E+00
    5100 -8.16907255E-03 -2.90797960E-02 -1.17287929E-02  3.24026676E-02  0.00000000E+00
    5200  1.12736409E-03  1.77893419E-02  5.24156053E-03  1.85797092E-02  0.00000000E+00
    5300  2.17902694E-04  1.98916460E-02  5.44625946E-04  1.99002935E-02  0.00000000E+00
    5400 -9.09860675E-03  1.32715691E-02 -1.36036844E-02  2.10708192E-02  0.00000000E+00
    5500 -2.87012205E-03 -2.60415437E-02 -2.35564749E-02  3.52321886E-02  0.00000000E+00
    5600 -4.15551316E-03 -8.16095751E-03  1.33166271E-02  1.61617473E-02  0.00000000E+00
    5700  1.47782558E-03 -1.46845292E-02 -4.25752174E-03  1.53605292E-02  0.00000000E+00
    5800  8.60502245E-03  7.07226468E-03 -2.34784834E-02  2.59865835E-02  0.00000000E+00
    5900  8.84264770E-03 -8.69715495E-03 -4.96552848E-03  1.33599924E-02  0.00000000E+00
    6000  1.69436343E-02 -1.14071592E-02 -4.34192238E-03  2.08821051E-02  0.00000000E+00
    6100 -1.84589608E-02  2.78535819E-03  1.32019966E-02  2.28644739E-02  0.00000000E+00
    6200 -6.74724160E-04 -3.08315243E-04 -3.74168978E-03  3.81451876E-03  0.00000000E+00
    6300 -1.76339481E-02  2.37492458E-02 -1.96077408E-02  3.54886785E-02  0.00000000E+00
    6400 -3.42966714E-02 -9.01232376E-06  2.65870644E-02  4.33950889E-02  0.00000000E+00
    6500  3.24170501E-03  7.69872515E-03  2.70862652E-04  8.35777404E-03  0.00000000E+00
    6600 -7.65111496E-03  1.28610179E-02 -1.63584427E-02  2.21707914E-02  0.00000000E+00
    6700  6.93530007E-03 -7.34899971E-03  7.53465578E-03  1.26046508E-02  0.00000000E+00
    6800  1.78487014E-02  9.15342712E-04 -2.14644171E-02  2.79309003E-02  0.00000000E+00
    6900 -1.79052365E-02 -7.16185323E-03  1.47116023E-02  2.42553268E-02  0.00000000E+00
    7000 -2.09049585E-02 -9.33766135E-03  1.93878733E-02  3.00016473E-02  0.00000000E+00
    7100 -1.89552542E-02  3.25516293E-02  9.07435511E-03  3.87460211E-02  0.00000000E+00
    7200  1.47095215E-05  4.51112627E-03 -1.18805041E-02  1.27081412E-02  0.00000000E+00
    7300  1.52150214E-03 -4.62141674E-03  1.85705249E-02  1.91973138E-02  0.00000000E+00
    7400 -2.18191415E-02 -3.57832020E-03  5.21578237E-03  2.27174756E-02  0.00000000E+00
    7500  1.47584937E-02  1.10361155E-02  1.74679948E-02  2.53917275E-02  0.00000000E+00
    7600  3.12913791E-03 -6.37582331E-03 -1.72007554E-02  1.86093690E-02  0.00000000E+00
    7700  5.33228027E-03 -1.48001378E-02 -1.10328850E-02  1.92146258E-02  0.00000000E+00
    7800 -2.68129849E-03  3.72132382E-03  3.84400441E-05  4.58683881E-03  0.00000000E+00
    7900 -6.14757927E-04 -7.20004968E-03 -5.20703848E-03  8.90684526E-03  0.00000000E+00
    8000  8.44522742E-03  1.32289171E-02 -1.23337870E-02  1.99611727E-02  0.00000000E+00
    8100  1.22785767E-02  1.54755512E-02  6.27846697E-03  2.07286102E-02  0.00000000E+00
    8200 -1.90988633E-02  1.95235311E-02  8.58582178E-03  2.86295508E-02  0.00000000E+00
    8300 -2.59109057E-03  1.76537276E-02 -1.50795353E-02  2.33615118E-02  0.00000000E+00
    8400  6.50039814E-03  1.83144696E-04  1.85157125E-02  1.96244828E-02  0.00000000E+00
    8500  3.56513264E-02  5.81189155E-04  4.69959749E-03  3.59644418E-02  0.00000000E+00
    8600 -1.06995440E-02  9.51555636E-03 -3.80211689E-03  1.48149299E-02  0.00000000E+00
    8700 -2.01731372E-03  2.25478782E-02  6.48710276E-03  2.35490736E-02  0.00000000E+00
    8800 -8.87548696E-04  6.83211485E-03  1.40408219E-02  1.56400197E-02  0.00000000E+00
    8900  3.50818464E-03  9.63127844E-03  1.01782444E-02  1.44452602E-02  0.00000000E+00
    9000 -1.66203293E-02  1.82657006E-02  1.49047422E-02  2.88448002E-02  0.00000000E+00
    9100 -8.55097452E-03  1.61819688E-02  4.18474400E-03  1.87746468E-02  0.00000000E+00
    9200  9.47239623E-03  1.50055287E-02  8.58129031E-03  1.97111827E-02  0.00000000E+00
    9300  1.42490089E-02  2.45565182E-02  8.17888240E-03  2.95457435E-02  0.00000000E+00
    9400 -4.92236547E-04  1.77464687E-02  9.12042082E-04  1.77767058E-02  0.00000000E+00
    9500  1.19876876E-02  5.44432423E-03 -7.95939020E-03  1.53849671E-02  0.00000000E+00
    9600 -3.74636558E-03  3.67322070E-03 -7.95072320E-03  9.52584930E-03  0.00000000E+00
    9700  7.97353493E-03  2.60531432E-03  1.45451013E-02  1.67906192E-02  0.00000000E+00
    9800  7.74138544E-03 -1.06483734E-02 -4.22245326E-03  1.38255566E-02  0.00000000E+00
    9900  1.12492070E-02  6.44871711E-03 -8.82287269E-04  1.29965011E-02  0.00000000E+00
   10000  1.36608047E-03 -9.09432754E-03 -2.26387657E-03  9.47090843E-03  0.00000000E+00
   10100 -3.29689436E-03  3.86447988E-03  7.66810550E-03  9.19801930E-03  0.00000000E+00
   10200  2.25674572E-02 -2.40810114E-03  2.71753741E-03  2.28576920E-02  0.00000000E+00
   10300 -1.17508109E-02 -2.14626988E-02  3.20946422E-02  4.03583331E-02  0.00000000E+00
   10400  1.55055603E-02 -5.37231587E-03  4.53732959E-03  1.70256141E-02  0.00000000E+00
   10500  1.43563364E-02 -1.56617091E-03  1.65688736E-02  2.19791915E-02  0.00000000E+00
   10600 -1.75470135E-02 -1.02561717E-02  2.11836705E-02  2.93570202E-02  0.00000000E+00
   10700  7.38397671E-03  6.11268910E-03 -8.79344382E-03  1.30081795E-02  0.00000000E+00
   10800  1.08437589E-02  8.48874693E-03 -8.45307081E-03  1.61585995E-02  0.00000000E+00
   10900  7.67798478E-03  6.92551590E-03  1.07431072E-03  1.03955935E-02  0.00000000E+00
   11000  4.98166220E-03 -1.25388985E-04  4.14880430E-03  6.48423147E-03  0.00000000E+00
   11100  1.20749210E-02 -3.25951880E-02  3.96071426E-03  3.49848147E-02  0.00000000E+00
   11200 -1.68188475E-02  2.51942534E-03  1.22399600E-02  2.09532278E-02  0.00000000E+00
   11300 -1.84578842E-02 -1.16318937E-02 -1.58297840E-02  2.69550830E-02  0.00000000E+00
   11400  3.02019595E-02 -3.00325314E-02  1.54652002E-03  4.26204531E-02  0.00000000E+00
   11500  1.14625309E-02 -9.32259465E-03  2.19470915E-02  2.64570446E-02  0.00000000E+00
   11600  8.95914609E-03  8.10576465E-03  1.40254100E-03  1.21629289E-02  0.00000000E+00
   11700 -1.30614979E-02 -5.21750723E-03  1.27806342E-02  1.90044658E-02  0.00000000E+00
   11800 -3.30065311E-03  2.50759375E-02 -1.61533718E-02  3.00104711E-02  0.00000000E+00
   11900 -9.56201927E-03 -6.08224123E-03  1.46959951E-02  1.85579671E-02  0.00000000E+00
   12000  3.11597224E-03 -1.60832316E-02 -1.64608560E-03  1.64647872E-02  0.00000000E+00
   12100  4.00086507E-02 -9.78079415E-03 -2.56822062E-02  4.85379416E-02  0.00000000E+00
   12200  5.51125304E-03 -9.02116015E-03 -3.74880099E-02  3.89500465E-02  0.00000000E+00
   12300 -5.19184665E-03  6.74624144E-03  1.37389357E-03  8.62291300E-03  0.00000000E+00
   12400 -1.71053004E-04 -7.82145675E-03  5.15684199E-03  9.37003010E-03  0.00000000E+00
   12500  1.09933968E-02  1.91126989E-02  1.76917462E-02  2.82692044E-02  0.00000000E+00
   12600  1.57324457E-02  5.03291359E-03 -6.53372755E-03  1.77631547E-02  0.00000000E+00
   12700 -7.02879670E-03  6.61976678E-03 -7.87998630E-03  1.24627236E-02  0.00000000E+00
   12800 -4.00892223E-03 -1.37553246E-03 -1.31294214E-02  1.37965667E-02  0.00000000E+00
   12900  8.45007283E-03 -1.88719483E-02 -1.43799659E-02  2.51860593E-02  0.00000000E+00
   13000  1.67032206E-03 -1.00365774E-03 -5.34740033E-03  5.69139657E-03  0.00000000E+00
   13100 -1.96308239E-02  7.76715078E-03 -2.19501191E-02  3.04549767E-02  0.00000000E+00
   13200 -5.53788566E-03  1.44299022E-02 -2.48047046E-03  1.56538490E-02  0.00000000E+00
   13300  2.44383986E-03 -2.40867280E-02  2.35448633E-04  2.42115314E-02  0.00000000E+00
   13400  1.21380830E-02 -1.97613135E-02  3.69344231E-04  2.31943740E-02  0.00000000E+00
   13500  1.72424107E-02 -1.71634609E-03 -8.63588683E-03  1.93604006E-02  0.00000000E+00
   13600 -4.70289942E-03  5.26115043E-04  1.02394546E-02  1.12800927E-02  0.00000000E+00
   13700  2.71511296E-03 -4.03992664E-03  3.53657864E-03  6.01666304E-03  0.00000000E+00
   13800  1.15504180E-02  1.48035381E-03  2.91153978E-03  1.20033607E-02  0.00000000E+00
   13900 -8.00543710E-03  1.95975363E-02  1.37225572E-02  2.52281396E-02  0.00000000E+00
   14000  5.11444851E-03  8.97768309E-03  4.01988629E-03  1.10867427E-02  0.00000000E+00
   14100  1.88480881E-02 -1.95353440E-02  2.69672575E-03  2.72791573E-02  0.00000000E+00
   14200  2.38841357E-02  6.97672462E-03  6.01770939E-03  2.55995986E-02  0.00000000E+00
   14300 -4.56740401E-02  1.43606562E-02  1.31618438E-02  4.96546122E-02  0.00000000E+00
   14400 -1.66141516E-02  2.14745823E-02 -1.04647047E-02  2.90980715E-02  0.00000000E+00
   14500 -6.42644391E-03  1.29911055E-02  1.90197356E-02  2.39127235E-02  0.00000000E+00
   14600  1.26521888E-02  1.76265153E-02  8.48425863E-03  2.32970936E-02  0.00000000E+00
   14700  6.79282093E-03  6.76217928E-03  1.63762884E-02  1.89750443E-02  0.00000000E+00
   14800  2.20305190E-02  1.72868503E-02  5.87365464E-03  2.86125634E-02  0.00000000E+00
   14900  4.23648202E-03 -3.42214909E-03 -1.55838713E-02  1.65080565E-02  0.00000000E+00
   15000 -8.78397343E-03  2.59329177E-03 -2.93709948E-03  9.61820694E-03  0.00000000E+00
   15100 -6.15018510E-03  5.02856835E-03  6.90587918E-03  1.05262740E-02  0.00000000E+00
   15200 -9.95178950E-03  3.49507330E-03 -2.38393651E-02  2.60685438E-02  0.00000000E+00
   15300  1.20557751E-02  1.76545477E-02 -2.10988619E-02  3.00364236E-02  0.00000000E+00
   15400  1.55471153E-02 -1.55309607E-02  6.04215190E-03  2.27910318E-02  0.00000000E+00
   15500  1.22826947E-02 -1.31958322E-02 -3.60462761E-03  1.83844477E-02  0.00000000E+00
   15600 -2.92131781E-03 -1.31780991E-02  8.31895924E-03  1.58556449E-02  0.00000000E+00
   15700  3.87035823E-03 -2.60273351E-02 -6.04301960E-03  2.69985172E-02  0.00000000E+00
   15800 -2.02298358E-02  7.69992424E-03  2.31217201E-04  2.16469063E-02  0.00000000E+00
   15900  2.92485896E-02  1.04420885E-02 -3.96396999E-03  3.13086292E-02  0.00000000E+00
   16000  2.54363022E-03  1.79592563E-02  3.68065101E-03  1.85081639E-02  0.00000000E+00
   16100  7.00033014E-03 -9.84609885E-04  9.57354691E-03  1.19007092E-02  0.00000000E+00
   16200 -1.53302390E-04 -1.20378375E-02 -1.39069933E-02  1.83939526E-02  0.00000000E+00
   16300 -1.08012804E-02 -1.21054289E-02 -4.59181278E-03  1.68610146E-02  0.00000000E+00
   16400  1.18613143E-02  1.93596521E-02  7.84080183E-03  2.40200974E-02  0.00000000E+00
   16500  4.09407792E-03  1.83878914E-02 -1.43137927E-02  2.36592621E-02  0.00000000E+00
   16600 -2.48403980E-03  1.22014089E-02  1.43175945E-02  1.89746764E-02  0.00000000E+00
   16700  1.26741301E-02  3.97098564E-02  2.79700754E-02  5.01979221E-02  0.00000000E+00
   16800  3.13005855E-03  4.95639005E-03  3.51961403E-03  6.83745214E-03  0.00000000E+00
   16900 -4.20552469E-02 -1.24380984E-02 -1.11590089E-03  4.38702100E-02  0.00000000E+00
   17000 -1.32508132E-02  2.72282022E-02  1.44572323E-02  3.35554856E-02  0.00000000E+00
   17100 -6.31133660E-03 -9.18106398E-03  2.25724566E-04  1.11434221E-02  0.00000000E+00
   17200  9.63586525E-03 -2.66646826E-03 -6.90212840E-03  1.21490464E-02  0.00000000E+00
   17300  2.25563029E-02 -5.94130675E-03 -1.49585703E-02  2.77100118E-02  0.00000000E+00
   17400 -1.52752489E-03 -1.07399658E-02 -1.66603589E-02  1.98808389E-02  0.00000000E+00
   17500  2.57646043E-03 -1.02417210E-02 -1.58263203E-02  1.90263873E-02  0.00000000E+00
   17600  1.64453417E-03 -1.79368019E-02 -5.29820570E-03  1.87750989E-02  0.00000000E+00
   17700  9.75273712E-03 -1.60022700E-03  4.82791658E-04  9.89493282E-03  0.00000000E+00
   17800 -2.61882707E-02 -1.20446068E-02 -4.74041988E-04  2.88292003E-02  0.00000000E+00
   17900  1.00547591E-02 -8.14987217E-03  3.74336776E-03  1.34733588E-02  0.00000000E+00
   18000 -3.48895472E-02 -1.70033208E-02 -4.18165152E-03  3.90369009E-02  0.00000000E+00
   18100 -2.88450991E-02 -1.32324950E-02  2.13065948E-02  3.82244640E-02  0.00000000E+00
   18200 -1.34796587E-02 -1.70457515E-03  1.30968724E-02  1.88715352E-02  0.00000000E+00
   18300 -1.73598771E-02 -9.84956775E-03 -1.73161492E-02  2.64240107E-02  0.00000000E+00
   18400  6.11147580E-03 -1.86510642E-03 -1.16832551E-02  1.33164263E-02  0.00000000E+00
   18500 -4.20909192E-03 -1.79102778E-02 -1.37302350E-02  2.29567824E-02  0.00000000E+00
   18600  7.34231220E-03  1.73731802E-02 -9.57876143E-03  2.11539502E-02  0.00000000E+00
   18700 -7.87561695E-03  1.32521923E-02  3.95481505E-04  1.54208414E-02  0.00000000E+00
   18800  5.76329367E-03 -2.13053651E-02  2.30557340E-02  3.19170959E-02  0.00000000E+00
   18900 -4.28544438E-03 -1.67781226E-02  5.52231244E-03  1.81759832E-02  0.00000000E+00
   19000  6.37979303E-03  4.28706670E-03 -1.14683531E-02  1.38059343E-02  0.00000000E+00
   19100  6.48919767E-03 -1.23063497E-03  6.92689299E-03  9.57110209E-03  0.00000000E+00
   19200  1.09683718E-02 -1.64230272E-02 -1.30032988E-02  2.36454389E-02  0.00000000E+00
   19300 -9.55199077E-03  1.89262065E-02 -1.31017502E-02  2.49218313E-02  0.00000000E+00
   19400 -2.79355656E-02  2.09670532E-03  4.74551470E-03  2.84132348E-02  0.00000000E+00
   19500 -2.99497497E-03 -4.96924472E-03  1.13617909E-02  1.27574904E-02  0.00000000E+00
   19600  1.92989437E-02  1.02596638E-02 -2.24091110E-03  2.19711541E-02  0.00000000E+00
   19700  1.61653184E-03  2.04534166E-03 -1.33818007E-03  2.93041355E-03  0.00000000E+00
   19800  2.75560541E-03 -8.67319042E-03 -4.24448429E-05  9.10051618E-03  0.00000000E+00
   19900 -1.60653961E-02  8.60610856E-03 -1.81647390E-02  2.57316886E-02  0.00000000E+00
   20000 -1.93978323E-02  2.07098964E-02 -1.19917303E-02  3.08054752E-02  0.00000000E+00
   20100 -3.73848879E-03 -6.34855007E-03 -1.42217712E-02  1.60168400E-02  0.00000000E+00
   20200 -6.17782686E-03  2.42026865E-02  1.72597065E-02  3.03617036E-02  0.00000000E+00
   20300 -3.76750093E-03  1.99558743E-03  5.45548914E-03  6.92378468E-03  0.00000000E+00
   20400 -2.73120217E-02 -3.16408649E-02  8.71152157E-03  4.26963871E-02  0.00000000E+00
   20500 -2.72081001E-02 -1.05138716E-02  1.76312438E-02  3.40834706E-02  0.00000000E+00
   20600 -5.62169472E-03  2.76740057E-02  5.49785152E-04  2.82445801E-02  0.00000000E+00
   20700 -1.20202713E-02 -1.69906699E-02  1.68150609E-03  2.08805471E-02  0.00000000E+00
   20800  1.69415078E-02  5.25240099E-03  4.96605761E-04  1.77439854E-02  0.00000000E+00
   20900 -9.43019390E-03 -8.39449503E-03  1.93228418E-02  2.30817746E-02  0.00000000E+00
   21000  8.38745051E-03 -3.81066978E-03  3.49849066E-03  9.85443895E-03  0.00000000E+00
   21100  1.00045679E-02 -1.57328250E-04  1.29325809E-02  1.63513846E-02  0.00000000E+00
   21200 -8.21167994E-03 -3.69609326E-02 -1.31546604E-02  4.00822569E-02  0.00000000E+00
   21300 -8.57556708E-03 -1.55165117E-02  1.49514001E-02  2.31915254E-02  0.00000000E+00
   21400 -1.45990911E-02  3.92179993E-03  1.00859271E-02  1.81725040E-02  0.00000000E+00
   21500 -2.30366851E-02 -3.03867024E-03  3.38324087E-03  2.34812413E-02  0.00000000E+00
   21600  1.46340821E-02  5.52736870E-03  1.64490193E-02  2.26997445E-02  0.00000000E+00
   21700  2.10798192E-02 -1.13978929E-02  2.49907777E-02  3.46238316E-02  0.00000000E+00
   21800  3.19145158E-03 -1.15029178E-02  2.11288032E-02  2.42678554E-02  0.00000000E+00
   21900  3.83124909E-03 -2.19574473E-02 -6.25436959E-03  2.31500562E-02  0.00000000E+00
   22000  1.24285639E-02  2.03197290E-02 -8.35662303E-03  2.52426967E-02  0.00000000E+00
   22100 -1.33964068E-02  8.90592853E-04  8.31736334E-03  1.57935241E-02  0.00000000E+00
   22200  1.99503037E-02 -1.67223676E-02  1.82853336E-03  2.60958948E-02  0.00000000E+00
   22300 -4.01549134E-03  2.75864366E-02  4.65562922E-03  2.82632365E-02  0.00000000E+00
   22400 -5.54769587E-03  3.65181201E-03 -1.56626236E-03  6.82391663E-03  0.00000000E+00
   22500 -6.68151382E-03  4.29213928E-03  1.66649874E-03  8.11432712E-03  0.00000000E+00
   22600  1.52035045E-04 -1.51697351E-02 -5.85254859E-03  1.62602676E-02  0.00000000E+00
   22700  1.09797299E-02 -2.15807029E-02  1.76735952E-03  2.42776599E-02  0.00000000E+00
   22800 -1.04132106E-03  2.29775909E-03 -8.82820849E-03  9.18157456E-03  0.00000000E+00
   22900  3.75731098E-03  1.29778991E-02  1.72678489E-03  1.36207576E-02  0.00000000E+00
   23000 -9.64872352E-03 -2.15803033E-03  1.50758142E-02  1.80287308E-02  0.00000000E+00
   23100 -2.06863558E-02 -2.03927028E-02  1.15530384E-02  3.12611634E-02  0.00000000E+00
   23200 -4.76725859E-03  2.10105350E-03 -1.34867243E-02  1.44579706E-02  0.00000000E+00
   23300 -5.76530762E-03 -7.39344894E-03  2.08398687E-02  2.28517393E-02  0.00000000E+00
   23400 -1.79472001E-03 -1.44341801E-02  1.52090807E-02  2.10447787E-02  0.00000000E+00
   23500 -9.79779718E-03  1.52954246E-02 -1.88315502E-02  2.61643675E-02  0.00000000E+00
   23600  7.64861397E-03 -1.98319075E-02  1.44963157E-02  2.57283699E-02  0.00000000E+00
   23700  8.18266656E-03 -3.06129922E-03  1.15130747E-02  1.44526286E-02  0.00000000E+00
   23800  1.57921894E-02  5.46697673E-03  2.52486627E-02  3.02783099E-02  0.00000000E+00
   23900 -7.86484231E-03  9.33457593E-03  3.28400829E-03  1.26402042E-02  0.00000000E+00
   24000 -1.00117526E-02 -1.50572753E-02  1.12943742E-02  2.13194657E-02  0.00000000E+00
   24100  8.11778960E-03 -2.25385107E-02  9.73284164E-03  2.58575169E-02  0.00000000E+00
   24200  1.40381002E-02  1.76843773E-02 -4.52461989E-03  2.30277581E-02  0.00000000E+00
   24300 -1.45585070E-03  2.60415155E-02  1.91861616E-02  3.23788331E-02  0.00000000E+00
   24400  2.33107871E-02  1.44855051E-03  1.41899737E-02  2.73284915E-02  0.00000000E+00
   24500  1.37392677E-02 -1.88395755E-02  1.27030220E-03  2.33518896E-02  0.00000000E+00
   24600 -2.86714485E-03 -1.75980579E-02  8.86812942E-03  1.99137108E-02  0.00000000E+00
   24700 -2.88427921E-03 -8.57618450E-03 -5.21820072E-03  1.04450766E-02  0.00000000E+00
   24800  1.39142186E-03  9.22888414E-03 -5.05581419E-03  1.06145944E-02  0.00000000E+00
   24900 -1.38822721E-02  1.27634887E-02 -6.79905617E-03  2.00462288E-02  0.00000000E+00
   25000  6.53045368E-03  1.62114295E-02  3.23496157E-02  3.67689394E-02  0.00000000E+00
   25100  7.98392037E-03  2.62282138E-03 -1.43230288E-03  8.52488522E-03  0.00000000E+00
   25200  3.87714556E-02  7.94498111E-03 -4.07479539E-03  3.97863350E-02  0.00000000E+00
   25300  7.74890607E-03  4.92853594E-03 -5.17929782E-03  1.05432982E-02  0.00000000E+00
   25400  1.76513956E-03  1.54201138E-02 -1.93772873E-03  1.56413049E-02  0.00000000E+00
   25500 -1.58359853E-02  9.31757108E-03  3.59504455E-03  1.87221769E-02  0.00000000E+00
   25600 -3.05236326E-03 -7.53256063E-03 -4.47682104E-03  9.27891792E-03  0.00000000E+00
   25700  2.64779279E-02 -1.09539099E-02  2.02834608E-03  2.87259986E-02  0.00000000E+00
   25800 -2.10937515E-02 -8.75320361E-03 -1.83973010E-02  2.93261932E-02  0.00000000E+00
   25900  5.61783740E-03  1.38210516E-02 -1.40430457E-02  2.04887456E-02  0.00000000E+00
   26000 -9.70972374E-03 -4.59996278E-03 -5.63140709E-03  1.21305869E-02  0.00000000E+00
   26100  1.69853307E-02  3.16960242E-03 -1.45243279E-02  2.25721940E-02  0.00000000E+00
   26200  2.18710383E-03 -4.07449005E-03  2.62624826E-02  2.66665124E-02  0.00000000E+00
   26300 -9.14189099E-03  1.35091914E-03  8.01405905E-03  1.22321010E-02  0.00000000E+00
   26400 -1.91611104E-03  1.11439450E-02  6.40274872E-03  1.29943904E-02  0.00000000E+00
   26500 -1.51909238E-02 -9.85747719E-03  4.22171150E-03  1.85945387E-02  0.00000000E+00
   26600 -1.78714087E-02 -1.21650451E-02 -2.64251658E-03  2.17797719E-02  0.00000000E+00
   26700  6.45464208E-03 -5.73893471E-03 -4.31355610E-03  9.65424996E-03  0.00000000E+00
   26800 -9.89460807E-03 -1.01720218E-02  7.82057091E-03  1.62029203E-02  0.00000000E+00
   26900  5.13561123E-03 -2.92059235E-02 -5.15304344E-03  3.00984107E-02  0.00000000E+00
   27000 -1.70513604E-02 -1.25900734E-02  1.22259526E-02  2.44690163E-02  0.00000000E+00
   27100  8.19733923E-03 -3.30360623E-03  2.55446961E-02  2.70303844E-02  0.00000000E+00
   27200  1.21572417E-02  1.21633734E-03  4.08935929E-03  1.28841322E-02  0.00000000E+00
   27300  2.31865328E-02  1.37606896E-02 -8.19563335E-03  2.81804948E-02  0.00000000E+00
   27400 -3.21009503E-02  2.85323260E-03 -6.78651829E-03  3.29343100E-02  0.00000000E+00
   27500 -2.89747352E-03 -2.34774921E-02 -6.91141105E-03  2.46445854E-02  0.00000000E+00
   27600  4.10102686E-03 -6.80714720E-03  4.70763988E-03  9.23674984E-03  0.00000000E+00
   27700  5.28776185E-03 -5.14745111E-03 -1.47018325E-02  1.64499410E-02  0.00000000E+00
   27800  1.30578473E-02 -5.23271571E-03 -9.75580407E-03  1.71191239E-02  0.00000000E+00
   27900 -1.49887393E-02  2.29503409E-02 -1.94766078E-03  2.74804264E-02  0.00000000E+00
   28000  5.99339646E-04  1.12557979E-02 -1.24265255E-02  1.67770894E-02  0.00000000E+00
   28100  6.38493879E-03  1.28021399E-03 -2.96714519E-02  3.03776472E-02  0.00000000E+00
   28200  7.60187867E-03  2.65825349E-02 -5.04455715E-03  2.81045775E-02  0.00000000E+00
   28300  1.62925803E-02 -3.19069037E-03 -2.22771464E-02  2.77830871E-02  0.00000000E+00
   28400  8.65437918E-03 -2.22329159E-03  9.96356541E-03  1.33833456E-02  0.00000000E+00
   28500 -1.84275922E-03 -2.53378183E-02 -3.37838066E-03  2.56283876E-02  0.00000000E+00
   28600 -1.53257248E-02  1.86434409E-02 -4.37628023E-03  2.45276896E-02  0.00000000E+00
   28700 -9.00009500E-03 -3.89945854E-02 -1.30078750E-02  4.20806870E-02  0.00000000E+00
   28800 -7.54596252E-03 -2.57553742E-03  2.59508944E-02  2.71481834E-02  0.00000000E+00
   28900 -1.95333739E-03  2.03411903E-03 -1.57829334E-02  1.60329085E-02  0.00000000E+00
   29000 -5.48771114E-03 -3.40470166E-03 -3.64872278E-03  7.41755653E-03  0.00000000E+00
   29100 -8.80672156E-03  1.63119839E-02 -1.05106685E-02  2.13099347E-02  0.00000000E+00
   29200  5.65870092E-03 -1.59270243E-02  2.71503321E-03  1.71190655E-02  0.00000000E+00
   29300  6.03808080E-03  2.08838832E-02  1.61373099E-03  2.17990624E-02  0.00000000E+00
   29400 -8.25367092E-03  1.23344369E-02 -1.53969806E-02  2.13852386E-02  0.00000000E+00
   29500  1.35704987E-02  1.72893867E-02  2.93307185E-02  3.66520446E-02  0.00000000E+00
   29600  1.31114586E-02  1.53244631E-02  1.02203042E-02  2.26098239E-02  0.00000000E+00
   29700 -2.32777824E-03  2.11951280E-02  1.66382953E-02  2.70459770E-02  0.00000000E+00
   29800 -3.98756168E-03 -1.83610433E-02 -2.11280961E-02  2.82741048E-02  0.00000000E+00
   29900  2.53516270E-03 -2.66478040E-03  1.18088961E-02  1.23684329E-02  0.00000000E+00
   30000 -2.94310454E-02  1.24317770E-02  1.12998139E-02  3.38883654E-02  0.00000000E+00
   30100 -1.04884152E-03 -8.41325574E-03 -3.94573607E-02  4.03579763E-02  0.00000000E+00
   30200 -1.06423413E-02  1.45171346E-02  4.52577886E-03  1.85604230E-02  0.00000000E+00
   30300 -1.85013249E-02 -1.19116398E-02  1.25721411E-02  2.53425516E-02  0.00000000E+00
   30400 -1.94887241E-02 -4.60623722E-03  3.48928773E-03  2.03273933E-02  0.00000000E+00
   30500  6.88762924E-03  4.41242402E-03  4.15269485E-03  9.17353786E-03  0.00000000E+00
   30600 -1.27909463E-02 -3.77050447E-03  1.89827946E-02  2.31985237E-02  0.00000000E+00
   30700  9.04773713E-03 -3.70946537E-03 -4.61157987E-03  1.08114915E-02  0.00000000E+00
   30800  4.13991933E-03  2.34927309E-03 -2.19410637E-02  2.24514653E-02  0.00000000E+00
   30900 -2.19339584E-02 -3.01915166E-02 -1.45429955E-02  4.00515283E-02  0.00000000E+00
   31000  7.98391526E-03 -3.98616563E-03 -6.41390305E-03  1.09895665E-02  0.00000000E+00
   31100  3.98546347E-02  1.35862790E-02  1.98995328E-02  4.65722051E-02  0.00000000E+00
   31200 -1.94238271E-02 -6.69770247E-03  2.08670827E-02  2.92844570E-02  0.00000000E+00
   31300  4.39074354E-03 -9.58181772E-03 -7.84419221E-03  1.31385392E-02  0.00000000E+00
   31400  1.52089722E-02 -4.32986677E-03  8.57372714E-03  1.79880343E-02  0.00000000E+00
   31500  9.89437736E-03 -2.43940352E-02 -6.94161900E-03  2.72241388E-02  0.00000000E+00
   31600 -1.65620173E-02 -5.39780315E-03 -6.40450286E-03  1.85594815E-02  0.00000000E+00
   31700  1.70962270E-03 -4.31131145E-03 -1.10288099E-03  4.76723847E-03  0.00000000E+00
   31800 -1.11144134E-03 -1.00565173E-02 -9.52009914E-03  1.38924846E-02  0.00000000E+00
   31900  1.47165168E-02 -8.03707208E-05 -6.66096413E-03  1.61539707E-02  0.00000000E+00
   32000 -2.91118993E-03 -3.15446585E-02  2.18753158E-03  3.17541462E-02  0.00000000E+00
   32100 -3.97648481E-02 -2.45303234E-02 -7.38357002E-03  4.73021882E-02  0.00000000E+00
   32200 -1.06584317E-02 -7.62950357E-03 -9.64701578E-04  1.31431404E-02  0.00000000E+00
   32300  1.13200311E-02  1.92081152E-02 -1.52063650E-02  2.69875588E-02  0.00000000E+00
   32400 -1.89979856E-02 -2.20673395E-03 -9.21830489E-03  2.12313513E-02  0.00000000E+00
   32500  3.70632924E-02  2.90219237E-02  2.97368210E-02  5.56797829E-02  0.00000000E+00
   32600 -5.99408592E-03  1.09494371E-02 -3.53073509E-03  1.29724835E-02  0.00000000E+00
   32700 -2.80830896E-03 -1.33767638E-02  4.83735966E-03  1.44991192E-02  0.00000000E+00
   32800 -1.71082850E-02 -4.37624974E-03  3.21009755E-03  1.79485293E-02  0.00000000E+00
   32900 -1.13602327E-02 -1.14503166E-02  2.17857395E-03  1.62760812E-02  0.00000000E+00
   33000 -9.81623786E-03 -8.30187709E-03 -1.32614761E-02  1.84701499E-02  0.00000000E+00
   33100  2.27520518E-03  6.45795582E-03 -4.30226687E-03  8.08648577E-03  0.00000000E+00
   33200  4.43175773E-02  8.49963867E-03  7.51844798E-03  4.57473341E-02  0.00000000E+00
   33300 -1.05887420E-02  2.25919458E-03  1.37328629E-02  1.74876225E-02  0.00000000E+00
   33400  7.44640413E-04 -5.58731756E-03  6.50690963E-03  8.60886054E-03  0.00000000E+00
   33500  1.70782861E-02 -1.75987737E-02 -1.93666065E-02  3.12482022E-02  0.00000000E+00
   33600  6.72289231E-03  9.02438753E-04 -1.77410338E-02  1.89935767E-02  0.00000000E+00
   33700  6.25340353E-03 -9.31274179E-04 -1.08987902E-03  6.41561872E-03  0.00000000E+00
   33800 -5.91090262E-03  2.46455227E-03 -9.15174159E-03  1.11699222E-02  0.00000000E+00
   33900  2.64276277E-02  3.07599771E-02 -7.42461211E-03  4.12276675E-02  0.00000000E+00
   34000 -1.01350551E-02 -5.79708392E-03  8.21309297E-03  1.42751679E-02  0.00000000E+00
   34100 -1.70437958E-02  1.23992841E-02 -2.58795219E-04  2.10784297E-02  0.00000000E+00
   34200 -1.30015379E-02  2.31901719E-02  2.39147458E-02  3.57594620E-02  0.00000000E+00
   34300 -1.37047660E-03  1.52938540E-02  2.14647078E-02  2.63915489E-02  0.00000000E+00
   34400  3.73911572E-03  1.01373213E-02 -1.76148416E-02  2.06646779E-02  0.00000000E+00
   34500  1.44875382E-02 -4.76595387E-03 -1.47293425E-02  2.12027501E-02  0.00000000E+00
   34600  9.93373289E-03 -2.49382605E-03 -1.33280691E-02  1.68087966E-02  0.00000000E+00
   34700  8.14997039E-04 -3.16631417E-04  1.69260672E-02  1.69486349E-02  0.00000000E+00
   34800 -7.12195551E-03  1.99346066E-02  3.33960454E-04  2.11712617E-02  0.00000000E+00
   34900  1.22958241E-02  4.20920327E-03 -3.30917393E-03  1.34110147E-02  0.00000000E+00
   35000 -1.93577958E-03  6.05518108E-03  3.36828126E-03  7.19428796E-03  0.00000000E+00
   35100 -4.68640237E-03  1.18221831E-03 -1.93683794E-02  1.99623177E-02  0.00000000E+00
   35200  1.92143753E-04 -1.96600832E-02 -3.84970893E-03  2.00343717E-02  0.00000000E+00
   35300  3.27026969E-04  1.96773415E-03  1.31180962E-02  1.32688874E-02  0.00000000E+00
   35400  1.28751647E-02  1.06842715E-02  5.36305144E-03  1.75694577E-02  0.00000000E+00
   35500 -3.34006778E-03  1.02959773E-02  1.93454656E-02  2.21677748E-02  0.00000000E+00
   35600 -2.80874256E-02  9.28889004E-04 -2.47315569E-03  2.82113950E-02  0.00000000E+00
   35700 -7.09062200E-03  3.78679659E-03  9.76799982E-03  1.26503189E-02  0.00000000E+00
   35800  1.74823432E-02  5.35917897E-03 -1.33295252E-02  2.26280659E-02  0.00000000E+00
   35900 -1.42690713E-02 -2.17530968E-03  5.51955048E-03  1.54532781E-02  0.00000000E+00
   36000  4.68180755E-03 -1.84868294E-03 -1.50658416E-02  1.58844746E-02  0.00000000E+00
   36100  2.57795277E-03  1.40508294E-02 -5.24459811E-03  1.52176692E-02  0.00000000E+00
   36200 -1.48041575E-02  1.42446820E-02  1.74242995E-02  2.69384532E-02  0.00000000E+00
   36300  2.30808493E-02 -2.12790431E-02  7.49222955E-03  3.22747081E-02  0.00000000E+00
   36400 -1.67815176E-02 -1.51072532E-02  1.94369640E-02  2.97933550E-02  0.00000000E+00
   36500  1.04981237E-03 -5.68963021E-03 -8.55192214E-03  1.03251814E-02  0.00000000E+00
   36600 -2.96345657E-03 -1.05365790E-02  6.60583093E-04  1.09653063E-02  0.00000000E+00
   36700 -7.14068037E-03 -1.50269251E-02 -3.20149199E-02  3.60798128E-02  0.00000000E+00
   36800  1.23869231E-02  2.17079589E-02 -7.46642755E-03  2.60848401E-02  0.00000000E+00
   36900 -7.27059583E-03  3.07913938E-02  3.50051129E-02  4.71839954E-02  0.00000000E+00
   37000 -2.61428597E-02  1.03060145E-02  6.50020508E-03  2.88429492E-02  0.00000000E+00
   37100  1.62641763E-02 -2.33244520E-02  2.74512462E-03  2.85672750E-02  0.00000000E+00
   37200 -1.14984043E-02  2.28851446E-03 -1.68206344E-03  1.18439831E-02  0.00000000E+00
   37300 -2.01994249E-03  1.66486248E-02  1.68005090E-02  2.37384493E-02  0.00000000E+00
   37400 -1.10982956E-02  4.65685010E-03  3.37689739E-02  3.58497143E-02  0.00000000E+00
   37500  2.80319736E-02 -1.10906652E-02  7.81776635E-03  3.11434081E-02  0.00000000E+00
   37600  6.16601662E-03  1.25165410E-02  4.96148354E-03  1.48087771E-02  0.00000000E+00
   37700 -1.66700238E-02  1.18360976E-02 -1.51639104E-02  2.54544117E-02  0.00000000E+00
   37800  6.54677919E-03 -1.11491855E-02  1.70940166E-02  2.14329199E-02  0.00000000E+00
   37900  1.46884672E-02  2.74843679E-02 -2.73031124E-02  4.14318898E-02  0.00000000E+00
   38000 -2.87186899E-03  1.45999485E-02 -2.92863017E-02  3.28495600E-02  0.00000000E+00
   38100 -7.40979632E-03 -8.25276617E-03 -2.50379650E-03  1.13702343E-02  0.00000000E+00
   38200 -1.37041300E-02  5.47557775E-03 -9.72552990E-04  1.47895568E-02  0.00000000E+00
   38300  2.36041830E-03 -8.55054897E-03 -2.16946690E-02  2.34380487E-02  0.00000000E+00
   38400 -2.03338441E-03  1.53516688E-02  8.13709878E-03  1.74934491E-02  0.00000000E+00
   38500  3.11417181E-02 -1.48608949E-03  1.13093342E-02  3.31649832E-02  0.00000000E+00
   38600  1.10035724E-02 -1.06669700E-02  1.30858693E-02  2.01519932E-02  0.00000000E+00
   38700  3.28112730E-02 -9.05798102E-04  3.20654616E-03  3.29800249E-02  0.00000000E+00
   38800  3.91704241E-03 -1.26579542E-02  2.07444627E-04  1.32517946E-02  0.00000000E+00
   38900 -4.53249560E-03  1.98935852E-02  6.27683720E-03  2.13470591E-02  0.00000000E+00
   39000 -2.03702929E-02  1.88460870E-02 -1.36753748E-02  3.09376746E-02  0.00000000E+00
   39100 -4.91824684E-04 -1.37750563E-02 -1.65174484E-02  2.15132557E-02  0.00000000E+00
   39200  7.98416092E-03 -1.26204076E-02 -2.35430358E-05  1.49339234E-02  0.00000000E+00
   39300  1.37244524E-04 -4.92337038E-03 -3.97817284E-03  6.33121403E-03  0.00000000E+00
   39400  2.79381509E-02  1.30926370E-02  8.67434152E-03  3.20499862E-02  0.00000000E+00
   39500 -4.98921598E-03  1.46571796E-02  7.38703460E-03  1.71549838E-02  0.00000000E+00
   39600  3.30172667E-03 -2.38167343E-02  1.67679293E-02  2.93138480E-02  0.00000000E+00
   39700  1.77932993E-03 -7.42511424E-03 -8.12010902E-04  7.67839164E-03  0.00000000E+00
   39800  9.66933670E-03 -1.75471373E-02  1.88930299E-02  2.75380587E-02  0.00000000E+00
   39900  6.93674589E-03 -3.65122215E-03 -3.66815550E-03  8.65478085E-03  0.00000000E+00
   40000 -3.09556142E-03 -1.32713333E-02  8.58819981E-03  1.61080093E-02  0.00000000E+00
   40100  9.92150181E-03 -6.38266830E-03 -2.40645545E-03  1.20401695E-02  0.00000000E+00
   40200  1.30979071E-02 -5.94972630E-03 -3.22856165E-03  1.47437453E-02  0.00000000E+00
   40300  3.11140136E-02  1.31015692E-02 -2.88011548E-02  4.43761137E-02  0.00000000E+00
   40400  1.03321938E-02  5.18909056E-03 -2.38599473E-02  2.65137318E-02  0.00000000E+00
   40500  7.71460284E-03  4.51081527E-03 -2.20616814E-03  9.20487530E-03  0.00000000E+00
   40600  1.05172024E-02  5.23718568E-03 -2.07677822E-02  2.38608557E-02  0.00000000E+00
   40700  3.63381067E-02 -4.21800569E-03 -1.37296738E-02  3.90736933E-02  0.00000000E+00
   40800  1.33129724E-02 -2.80678932E-02  9.18270336E-03  3.23938869E-02  0.00000000E+00
   40900  2.13288053E-02 -1.87968685E-02 -1.45257983E-02  3.19255229E-02  0.00000000E+00
   41000 -4.87525772E-03  1.55198908E-02 -5.98316926E-03  1.73330165E-02  0.00000000E+00
   41100 -7.00660276E-04  1.38089435E-02  6.79112562E-03  1.54044550E-02  0.00000000E+00
   41200  2.47428983E-02  5.69589524E-03  7.20753883E-03  2.63932351E-02  0.00000000E+00
   41300 -4.52926234E-03  1.42459899E-02 -3.26463957E-03  1.53009907E-02  0.00000000E+00
   41400  1.71760755E-02 -1.36455527E-02  2.21134464E-03  2.20478735E-02  0.00000000E+00
   41500  3.46665087E-03  1.39301718E-02 -2.08700900E-03  1.45059629E-02  0.00000000E+00
   41600  1.47688069E-02  4.07064153E-03 -2.60526620E-02  3.02229876E-02  0.00000000E+00
   41700 -6.40813300E-03 -1.50417940E-02 -1.72675392E-02  2.37799841E-02  0.00000000E+00
   41800 -6.98904517E-03  7.87771276E-03 -1.88976262E-02  2.16338944E-02  0.00000000E+00
   41900  8.28018741E-03 -2.30521595E-03 -7.72224609E-03  1.15545925E-02  0.00000000E+00
   42000 -8.30816826E-03 -1.76154850E-02 -1.67102128E-02  2.56624665E-02  0.00000000E+00
   42100  4.27781207E-03 -2.19066943E-02 -1.29068692E-02  2.57835258E-02  0.00000000E+00
   42200  9.78355961E-03  1.03354910E-02  2.53413042E-02  2.90641034E-02  0.00000000E+00
   42300  1.28281289E-02 -1.21044308E-02 -6.41531190E-03  1.87679078E-02  0.00000000E+00
   42400 -1.27826619E-03  8.81434757E-03  1.78003683E-02  1.99042659E-02  0.00000000E+00
   42500  1.63170035E-02 -2.10289606E-02  5.85956179E-03  2.72542887E-02  0.00000000E+00
   42600 -1.27306526E-03 -8.24480828E-03  2.74194629E-03  8.78156184E-03  0.00000000E+00
   42700 -1.94529292E-02 -6.13219670E-03  1.49993166E-02  2.53179736E-02  0.00000000E+00
   42800  4.36054869E-03  5.88677717E-04 -5.43126331E-03  6.98996048E-03  0.00000000E+00
   42900  4.38272902E-04  1.36106892E-02 -1.25634413E-02  1.85278979E-02  0.00000000E+00
   43000 -1.26041180E-02  3.85290720E-03  4.08550955E-04  1.31861897E-02  0.00000000E+00
   43100  5.71882994E-03 -1.31999771E-02  2.07790752E-02  2.52727992E-02  0.00000000E+00
   43200 -1.40705721E-03  1.85263028E-03 -2.26237805E-02  2.27430757E-02  0.00000000E+00
   43300  1.41913517E-02  4.34585571E-03 -1.52021963E-02  2.12458866E-02  0.00000000E+00
   43400 -1.56767760E-03  7.25258723E-03 -2.41008827E-03  7.80167675E-03  0.00000000E+00
   43500 -7.26242404E-03 -3.90094497E-03  3.79398475E-03  9.07493774E-03  0.00000000E+00
   43600  1.26939017E-02  1.41325645E-02 -1.71771934E-03  1.90739372E-02  0.00000000E+00
   43700 -1.35875175E-02  2.60949971E-02  2.19616524E-02  3.67135354E-02  0.00000000E+00
   43800 -5.39368532E-02  3.98259140E-03  1.34063728E-02  5.57205169E-02  0.00000000E+00
   43900 -1.00783443E-02 -1.46917670E-02  9.08172687E-03  1.99974700E-02  0.00000000E+00
   44000 -5.81806158E-02 -4.52230095E-03  3.73394747E-04  5.83573019E-02  0.00000000E+00
   44100  6.94165138E-03  2.48878949E-03  8.27605651E-03  1.10848414E-02  0.00000000E+00
   44200  4.19050952E-03 -1.42768889E-03  1.74528358E-02  1.80055587E-02  0.00000000E+00
   44300 -1.00811795E-03  1.29035402E-02  2.45190054E-03  1.31730584E-02  0.00000000E+00
   44400  1.02565725E-02 -5.03596398E-03 -1.93935063E-03  1.15896201E-02  0.00000000E+00
   44500 -1.76916578E-02  2.22321546E-03 -1.13936051E-03  1.78671650E-02  0.00000000E+00
   44600  1.86137124E-03 -2.62676830E-03  1.24079000E-04  3.22180231E-03  0.00000000E+00
   44700 -3.68110843E-03 -5.63683286E-03 -5.59425610E-03  8.75329339E-03  0.00000000E+00
   44800  1.65520246E-02 -1.28588098E-03 -1.71519339E-02  2.38707319E-02  0.00000000E+00
   44900  6.56468082E-03 -6.16300030E-03  2.96066154E-03  9.47856126E-03  0.00000000E+00
   45000  1.21285680E-02 -3.73332282E-04 -9.47817700E-04  1.21712734E-02  0.00000000E+00
   45100  2.57815691E-03 -5.91709802E-03 -2.15211431E-03  6.80371502E-03  0.00000000E+00
   45200 -2.99587277E-02 -1.24554002E-03  1.53591529E-02  3.36894689E-02  0.00000000E+00
   45300  2.23531048E-05  1.03759950E-02  9.35827067E-03  1.39727950E-02  0.00000000E+00
   45400  6.29127321E-03 -4.45578946E-03  1.57705134E-02  1.75540101E-02  0.00000000E+00
   45500  9.03406689E-03 -4.49994873E-02  1.54281154E-02  4.84210178E-02  0.00000000E+00
   45600 -1.36972237E-02  1.34922942E-02  3.44576336E-03  1.95327731E-02  0.00000000E+00
   45700  1.01377294E-02 -6.34167586E-03 -8.96310460E-04  1.19914045E-02  0.00000000E+00
   45800  1.76990643E-03 -2.52274480E-02  1.70585751E-02  3.05049453E-02  0.00000000E+00
   45900  1.32002382E-03  1.42906274E-02 -1.86280223E-02  2.35152655E-02  0.00000000E+00
   46000  1.14688740E-02 -1.90170373E-02  3.96300462E-03  2.25585501E-02  0.00000000E+00
   46100  7.01127040E-03  8.10299892E-03  2.75950626E-03  1.10648714E-02  0.00000000E+00
   46200  1.05675370E-02 -1.38477877E-02  2.03721560E-03  1.75380817E-02  0.00000000E+00
   46300 -7.68739399E-03 -6.92882589E-03  1.22528612E-02  1.60386178E-02  0.00000000E+00
   46400 -2.67598354E-02  7.29393065E-03 -1.94154474E-02  3.38563113E-02  0.00000000E+00
   46500  1.17557560E-02 -1.27368632E-02 -1.83601625E-02  2.52491792E-02  0.00000000E+00
   46600 -1.57024050E-02  2.86448239E-02  2.49170399E-02  4.10846728E-02  0.00000000E+00
   46700 -2.79909061E-02 -6.71088965E-03 -7.40233918E-03  2.97207249E-02  0.00000000E+00
   46800  8.06304099E-03 -1.86384543E-03 -2.72939656E-02  2.85209942E-02  0.00000000E+00
   46900 -2.51094811E-02 -2.50949219E-03  1.08874727E-02  2.74830977E-02  0.00000000E+00
   47000 -1.53777471E-02  2.00642562E-02  5.88900706E-03  2.59563073E-02  0.00000000E+00
   47100  7.77133757E-03  5.54598256E-03  1.92088283E-02  2.14506572E-02  0.00000000E+00
   47200 -8.08871854E-03 -7.23822233E-03  1.00263632E-02  1.47765757E-02  0.00000000E+00
   47300 -1.11509061E-02  1.10987888E-02 -7.47386959E-04  1.57506955E-02  0.00000000E+00
   47400  1.82223471E-03 -6.31445115E-04  1.11286742E-02  1.12945408E-02  0.00000000E+00
   47500  1.93909952E-02 -2.04958532E-02 -1.12101943E-02  3.03604867E-02  0.00000000E+00
   47600  4.79078172E-03 -1.29600690E-02  3.44257445E-03  1.42396031E-02  0.00000000E+00
   47700 -3.69010837E-03 -1.28223549E-03  7.83380201E-03  8.75382668E-03  0.00000000E+00
   47800 -6.49931422E-04 -1.16253161E-02 -1.51720158E-02  1.91248646E-02  0.00000000E+00
   47900 -3.02237243E-03 -2.35392340E-02  5.38601914E-03  2.43359708E-02  0.00000000E+00
   48000 -8.03445679E-03 -1.38896442E-02  1.08828389E-02  1.93884216E-02  0.00000000E+00
   48100  1.11019820E-02 -3.34723083E-03  1.14006694E-02  1.62614028E-02  0.00000000E+00
   48200 -1.03705772E-02 -1.22098565E-02  3.51026943E-02  3.85853419E-02  0.00000000E+00
   48300 -1.09812440E-03 -1.37571827E-02  2.46400754E-02  2.82418000E-02  0.00000000E+00
   48400  1.33771142E-02 -1.31670228E-02 -1.51905886E-03  1.88314952E-02  0.00000000E+00
   48500 -6.46008046E-03 -2.71730602E-02  9.14743073E-04  2.79453859E-02  0.00000000E+00
   48600  1.15123346E-04 -1.81602860E-02  4.60593381E-03  1.87356310E-02  0.00000000E+00
   48700 -1.74863526E-03  8.85224593E-03  1.10347281E-02  1.42543049E-02  0.00000000E+00
   48800  1.12310638E-02 -7.36176145E-03  1.39056716E-02  1.93313224E-02  0.00000000E+00
   48900 -1.45158133E-02  1.55350950E-02 -2.59719806E-02  3.35647403E-02  0.00000000E+00
   49000  1.02691151E-02  1.40210781E-02  1.09911360E-02  2.05633272E-02  0.00000000E+00
   49100 -2.14398616E-02  2.74112523E-03 -7.18006409E-03  2.27757492E-02  0.00000000E+00
   49200  9.85770880E-04  1.77776467E-02  8.57575360E-04  1.78255969E-02  0.00000000E+00
   49300 -1.72408091E-02 -1.89501106E-02 -2.28492894E-02  3.43284462E-02  0.00000000E+00
   49400 -2.66224025E-02 -1.12894594E-02  1.13693347E-02  3.10719484E-02  0.00000000E+00
   49500 -4.10353697E-03  7.38906826E-03  6.85329879E-03  1.08814084E-02  0.00000000E+00
   49600 -9.97827196E-03  1.60995927E-02  2.44048129E-02  3.08926802E-02  0.00000000E+00
   49700 -3.39481454E-02 -1.59049548E-02  5.07792354E-03  3.78315935E-02  0.00000000E+00
   49800 -4.50035430E-03  2.88992668E-03  1.37016778E-02  1.47085295E-02  0.00000000E+00
   49900 -9.23733264E-03  7.95630687E-03  1.15643249E-02  1.68037122E-02  0.00000000E+00
   50000 -3.80715525E-02 -7.84752903E-03  6.05573783E-03  3.93408030E-02  0.00000000E+00
   50100  2.39447914E-03 -1.02834935E-02 -2.15558549E-03  1.07763777E-02  0.00000000E+00
   50200 -1.53268063E-02  2.58034857E-03  1.16035570E-02  1.93961781E-02  0.00000000E+00
   50300 -2.10802742E-04 -6.28650300E-03  6.60804409E-03  9.12309182E-03  0.00000000E+00
   50400  1.30281919E-02 -2.26127577E-02 -8.55626997E-03  2.74641648E-02  0.00000000E+00
   50500  2.05204521E-02 -8.26709985E-03  5.65101243E-04  2.21303691E-02  0.00000000E+00
   50600  1.56744763E-02  3.13858475E-03  8.93569301E-03  1.83135614E-02  0.00000000E+00
   50700 -1.73613994E-02  1.33619853E-05  2.39272048E-02  2.95622986E-02  0.00000000E+00
   50800  1.13053628E-02 -1.98960915E-02  1.13155293E-02  2.55285504E-02  0.00000000E+00
   50900 -1.92725379E-02 -7.46449771E-03  5.83468895E-03  2.14754054E-02  0.00000000E+00
   51000  7.80750230E-03  1.23292146E-04 -2.28219357E-02  2.41208010E-02  0.00000000E+00
   51100 -9.34411625E-03  5.85816315E-03  6.64829129E-03  1.28775138E-02  0.00000000E+00
   51200  8.06486611E-03 -6.29286319E-03 -3.10286895E-02  3.26714212E-02  0.00000000E+00
   51300  8.44075293E-03 -1.65891647E-02  7.85186008E-03  2.02014455E-02  0.00000000E+00
   51400 -9.82182569E-03  1.37146851E-02  3.12380105E-03  1.71557274E-02  0.00000000E+00
   51500  8.08643320E-03 -8.89008231E-03 -2.56976273E-02  2.83688564E-02  0.00000000E+00
   51600 -4.21437976E-02 -8.14170335E-03 -2.14805888E-02  4.79979448E-02  0.00000000E+00
   51700 -2.12499472E-02  7.54559358E-03  1.32133229E-02  2.61359549E-02  0.00000000E+00
   51800  1.83453273E-03  1.12553958E-02  8.11487131E-04  1.14327580E-02  0.00000000E+00
   51900  1.74570344E-02  5.15374390E-03 -1.57515728E-02  2.40711689E-02  0.00000000E+00
   52000 -1.59504845E-02  1.40627425E-02  7.71037231E-03  2.26192070E-02  0.00000000E+00
   52100  5.69346412E-03 -7.66281317E-03 -4.28066252E-03  1.04622326E-02  0.00000000E+00
   52200 -1.78143960E-02  9.10179390E-03 -1.22993559E-02  2.34833881E-02  0.00000000E+00
   52300 -1.70779849E-02 -1.08575225E-02  4.96072519E-03  2.08363182E-02  0.00000000E+00
   52400  3.46330981E-04 -7.05887073E-03 -7.92653454E-03  1.06196775E-02  0.00000000E+00
   52500 -1.09876402E-02  1.61084325E-02 -8.81060214E-03  2.13971153E-02  0.00000000E+00
   52600 -1.57632004E-02  1.69919197E-02 -1.20390486E-02  2.61178582E-02  0.00000000E+00
   52700  7.47835873E-03  6.36039537E-03  6.09043434E-03  1.15530891E-02  0.00000000E+00
   52800  2.32161769E-02 -2.17135876E-02 -4.06734014E-03  3.20470594E-02  0.00000000E+00
   52900 -1.35056641E-02 -1.89941324E-02  8.68687851E-03  2.48725127E-02  0.00000000E+00
   53000  2.18870815E-02  1.12190383E-02  1.88226296E-04  2.45956619E-02  0.00000000E+00
   53100 -5.64585391E-03  1.23773519E-02  9.62284982E-03  1.66635454E-02  0.00000000E+00
   53200  1.97320446E-02 -2.30263744E-02  4.72436413E-03  3.06901795E-02  0.00000000E+00
   53300  1.43635534E-02 -6.66406903E-03 -3.35158455E-03  1.61850116E-02  0.00000000E+00
   53400  6.87440031E-03 -4.09738775E-03  3.94702321E-03  8.92328181E-03  0.00000000E+00
   53500  9.33323023E-03  6.69794295E-03 -3.73070560E-03  1.20784846E-02  0.00000000E+00
   53600 -5.07128469E-04 -2.52563539E-02  1.06677043E-02  2.74215336E-02  0.00000000E+00
   53700 -7.48756956E-03 -1.65256688E-02  1.69875988E-02  2.48543747E-02  0.00000000E+00
   53800 -4.38110812E-03  1.50950453E-02  1.63388201E-03  1.58026603E-02  0.00000000E+00
   53900 -1.18197775E-03  1.89806817E-02 -4.10589408E-03  1.94556345E-02  0.00000000E+00
   54000  2.32289555E-03  1.11063108E-02  5.94775420E-03  1.28110017E-02  0.00000000E+00
   54100 -5.66912796E-03 -9.09050573E-03 -3.04129272E-03  1.11366857E-02  0.00000000E+00
   54200  1.48104897E-02  1.23609930E-02  2.67015712E-02  3.29411393E-02  0.00000000E+00
   54300  2.25699935E-03  1.03463736E-02 -1.47754389E-02  1.81784237E-02  0.00000000E+00
   54400  1.56579172E-02  1.10285400E-02  1.10867491E-02  2.21295067E-02  0.00000000E+00
   54500 -2.31791672E-02  1.00810428E-02  6.62768090E-03  2.61309658E-02  0.00000000E+00
   54600 -6.37755485E-03 -3.32639915E-02 -6.56529456E-03  3.45002815E-02  0.00000000E+00
   54700 -1.11716123E-02 -3.32838879E-02 -6.50861580E-03  3.57069208E-02  0.00000000E+00
   54800 -1.01758046E-02  1.14209310E-02 -1.30786211E-02  2.01254812E-02  0.00000000E+00
   54900  9.58431721E-03  2.44049257E-02 -9.76895108E-03  2.79802062E-02  0.00000000E+00
   55000  2.30630158E-02 -1.49158496E-02  7.61381861E-03  2.85018508E-02  0.00000000E+00
   55100 -5.89500205E-03 -1.79815817E-02 -1.81104025E-02  2.61930336E-02  0.00000000E+00
   55200 -1.62545668E-03  1.34922060E-02  1.29933733E-02  1.88018478E-02  0.00000000E+00
   55300 -3.67054985E-02 -1.48838615E-02  1.41857109E-02  4.20720495E-02  0.00000000E+00
   55400  1.06619448E-02 -1.12646353E-02  8.26635613E-03  1.75756001E-02  0.00000000E+00
   55500 -3.12172770E-02 -6.90675713E-03  2.47957738E-03  3.20682082E-02  0.00000000E+00
   55600 -8.35491632E-03  1.26075151E-03 -5.34158175E-03  9.99633017E-03  0.00000000E+00
   55700 -1.79009738E-02 -9.07527116E-03 -3.15082065E-02  3.73573619E-02  0.00000000E+00
   55800 -6.79225914E-03 -2.21870817E-03 -2.10325008E-03  7.44856436E-03  0.00000000E+00
   55900  7.95916416E-03  1.77217327E-02  2.11623317E-03  1.95419177E-02  0.00000000E+00
   56000 -2.12654519E-02  2.12572070E-02  1.08437144E-02  3.19636424E-02  0.00000000E+00
   56100 -1.43884773E-02 -4.54933008E-03  2.51077574E-02  2.92937565E-02  0.00000000E+00
   56200 -1.92385717E-02 -6.81927921E-03  4.25375506E-03  2.08499314E-02  0.00000000E+00
   56300  4.11772449E-05 -4.80691787E-03  1.78189370E-02  1.84559657E-02  0.00000000E+00
   56400  1.78023901E-02 -7.55772331E-04 -6.62207350E-03  1.90091594E-02  0.00000000E+00
   56500  1.34344807E-02 -1.47750441E-02  1.08632057E-02  2.27331573E-02  0.00000000E+00
   56600 -1.70944965E-03 -9.44877527E-03  1.00227866E-02  1.38801233E-02  0.00000000E+00
   56700  3.79824839E-03  3.07783622E-03  1.36991736E-03  5.07705034E-03  0.00000000E+00
   56800  4.40939839E-03  5.04705584E-03  3.17949008E-02  3.24935575E-02  0.00000000E+00
   56900 -1.59075827E-02 -1.84451035E-02  3.10644660E-03  2.45544912E-02  0.00000000E+00
   57000 -1.46519440E-02 -5.95186884E-03  7.01123282E-03  1.72991789E-02  0.00000000E+00
   57100  1.03690613E-02  9.95912312E-03  2.40603688E-02  2.80286088E-02  0.00000000E+00
   57200  3.96155325E-03 -7.42299386E-03  1.51239181E-02  1.73068668E-02  0.00000000E+00
   57300  2.12764228E-02 -1.41960616E-02  4.27710524E-04  2.55811898E-02  0.00000000E+00
   57400  1.66605145E-02 -4.50055545E-03  3.45180784E-03  1.75995091E-02  0.00000000E+00
   57500  6.59784171E-03  1.02880188E-02 -9.57574154E-03  1.55264185E-02  0.00000000E+00
   57600 -1.87580573E-02 -1.10070762E-02  1.76677599E-02  2.80208883E-02  0.00000000E+00
   57700 -1.35809842E-02 -1.01381526E-03  2.14440900E-02  2.54031484E-02  0.00000000E+00
   57800  2.56566674E-02 -1.06461930E-02 -1.96131883E-02  3.40041639E-02  0.00000000E+00
   57900  1.99452741E-04 -9.28641126E-03  1.87968727E-02  2.09666316E-02  0.00000000E+00
   58000  2.41908528E-02 -2.43768911E-02 -9.44559164E-03  3.56181046E-02  0.00000000E+00
   58100  6.35357103E-03  1.92619268E-02  7.64909872E-03  2.16771400E-02  0.00000000E+00
   58200  2.45737449E-02 -1.15802245E-02 -6.86612499E-03  2.80198895E-02  0.00000000E+00
   58300 -8.31885674E-04  1.22294329E-03  1.40477664E-02  1.41254156E-02  0.00000000E+00
   58400 -7.90787924E-03  2.37731268E-02 -4.51775483E-04  2.50579371E-02  0.00000000E+00
   58500 -2.40077630E-02  1.01040255E-02 -1.64927719E-03  2.60995044E-02  0.00000000E+00
   58600  1.53568890E-02  2.11345472E-02 -7.51994996E-03  2.71855250E-02  0.00000000E+00
   58700  2.26282749E-02 -2.28796015E-03  1.68254537E-03  2.28058007E-02  0.00000000E+00
   58800 -3.10737256E-03  3.75069095E-03  1.85262396E-03  5.21110951E-03  0.00000000E+00
   58900 -2.15946508E-02 -1.40724252E-02  6.63688798E-03  2.66159798E-02  0.00000000E+00
   59000  1.91064681E-02  1.02194744E-03 -7.51424972E-03  2.05563968E-02  0.00000000E+00
   59100  2.79825211E-03  5.96180027E-03  1.13098766E-02  1.30876502E-02  0.00000000E+00
   59200  1.24313544E-02  1.15526738E-02  2.48764757E-02  3.01138156E-02  0.00000000E+00
   59300 -3.16508250E-04 -3.73384410E-03  4.45353136E-03  5.82028443E-03  0.00000000E+00
   59400 -1.02250465E-02 -1.10731001E-02 -1.38217783E-03  1.51352415E-02  0.00000000E+00
   59500  1.57046137E-02  5.51373888E-02  1.79521164E-02  6.00753279E-02  0.00000000E+00
   59600 -1.38353735E-02  2.81590776E-03  6.22387134E-03  1.54299537E-02  0.00000000E+00
   59700 -7.92447511E-03 -1.06483542E-02  2.23255835E-02  2.59733793E-02  0.00000000E+00
   59800 -5.00524441E-02 -1.31438085E-02 -9.80541867E-03  5.26702297E-02  0.00000000E+00
   59900  2.08721418E-02 -1.50125072E-02 -2.00197854E-03  2.57881677E-02  0.00000000E+00
   60000  1.95249217E-02 -1.87133085E-02  4.76915553E-03  2.74618886E-02  0.00000000E+00
   60100 -1.14020040E-02 -2.05144811E-02 -9.26747471E-03  2.52336228E-02  0.00000000E+00
   60200 -8.28294382E-03 -1.88006475E-03  1.23858276E-02  1.50183397E-02  0.00000000E+00
   60300  1.17078910E-02  7.05908609E-03 -6.96297353E-03  1.53423730E-02  0.00000000E+00
   60400 -5.03154255E-03  8.82100035E-03 -6.81044160E-03  1.22273702E-02  0.00000000E+00
   60500 -9.46979939E-03  1.46203000E-03  1.24957454E-02  1.57466912E-02  0.00000000E+00
   60600 -4.17402067E-03 -8.49936853E-03  3.38313231E-03  1.00552125E-02  0.00000000E+00
   60700  2.87363142E-02  5.14948549E-03  7.54030428E-03  3.01521002E-02  0.00000000E+00
   60800  6.51041689E-03  9.71639284E-03  1.05517240E-02  1.57522283E-02  0.00000000E+00
   60900  6.85949313E-03  1.74196416E-03  8.74421387E-03  1.12493716E-02  0.00000000E+00
   61000  1.34321427E-02 -2.92903131E-03 -1.16690096E-02  1.80324004E-02  0.00000000E+00
   61100  1.18904434E-03 -9.42712235E-03 -1.76995012E-02  2.00887233E-02  0.00000000E+00
   61200  2.81032522E-02 -5.28852409E-03 -4.00725864E-03  2.88759310E-02  0.00000000E+00
   61300 -3.31518130E-02  1.79213894E-02 -1.43587282E-02  4.03285504E-02  0.00000000E+00
   61400 -9.79087431E-03  2.02800454E-03  1.10130303E-02  1.48748398E-02  0.00000000E+00
   61500  7.15326537E-04 -6.52930679E-03 -1.69270052E-02  1.81567355E-02  0.00000000E+00
   61600  2.04252678E-02  2.73995783E-02 -9.37700532E-03  3.54380683E-02  0.00000000E+00
   61700 -2.58087816E-03 -6.90568776E-04 -2.46248299E-02  2.47693372E-02  0.00000000E+00
   61800 -1.06158643E-02  3.25668813E-02  1.01532461E-02  3.57265551E-02  0.00000000E+00
   61900 -5.73160080E-03 -1.91498768E-02 -2.21374360E-03  2.01114318E-02  0.00000000E+00
   62000  1.66701359E-02 -4.46323694E-03  9.94595047E-03  1.99182290E-02  0.00000000E+00
   62100  1.72108359E-02  4.78981090E-03  5.57639221E-03  1.87150023E-02  0.00000000E+00
   62200 -8.33522433E-03  7.76302063E-03 -1.30027250E-02  1.72861595E-02  0.00000000E+00
   62300  8.17510849E-03 -6.97793838E-03 -2.89340049E-02  3.08658495E-02  0.00000000E+00
   62400  1.25473138E-03  3.43210800E-03 -7.18650603E-03  8.06223202E-03  0.00000000E+00
   62500  2.42989615E-03 -6.00586683E-03  2.23005127E-02  2.32225687E-02  0.00000000E+00
   62600 -5.34784823E-03 -1.63483594E-04  3.52029451E-02  3.56072120E-02  0.00000000E+00
   62700 -4.47133014E-03 -2.11416960E-03 -2.73516837E-03  5.65187158E-03  0.00000000E+00
   62800 -1.27199069E-03 -9.36736347E-03  1.26927972E-02  1.58263249E-02  0.00000000E+00
   62900  5.92466125E-03 -1.93869768E-03 -1.37483989E-02  1.50956495E-02  0.00000000E+00
   63000  9.24528100E-03  1.51499950E-02 -1.79918516E-04  1.77490828E-02  0.00000000E+00
   63100 -2.04262555E-02  2.72024851E-02  1.26982417E-02  3.63105005E-02  0.00000000E+00
   63200 -8.47248065E-03 -5.32403398E-03 -6.98620248E-03  1.22039048E-02  0.00000000E+00
   63300  2.17171957E-02 -1.30213982E-02 -5.23854802E-03  2.58579927E-02  0.00000000E+00
   63400  3.00533616E-03 -2.65176312E-02  7.14905442E-03  2.76283512E-02  0.00000000E+00
   63500 -1.25771285E-02 -1.71711641E-02 -1.12668876E-02  2.40826866E-02  0.00000000E+00
   63600  1.31892342E-02 -5.71111305E-03 -8.16301967E-03  1.65289928E-02  0.00000000E+00
   63700  9.64544815E-03  2.19046936E-02  2.03182007E-03  2.40203781E-02  0.00000000E+00
   63800  9.37899862E-03  2.07657102E-03 -1.87726942E-03  9.78784465E-03  0.00000000E+00
   63900 -8.65813142E-03 -1.13227755E-02  2.01370925E-02  2.46712582E-02  0.00000000E+00
   64000  8.71690641E-03 -1.21056122E-02  1.49849259E-02  2.11442264E-02  0.00000000E+00
   64100  1.14440401E-02 -9.10291268E-03 -2.56497124E-03  1.48461493E-02  0.00000000E+00
   64200 -1.78493982E-02  1.89858182E-02 -1.30427764E-02  2.91406301E-02  0.00000000E+00
   64300  1.37682655E-02  5.97330909E-03  1.43921026E-02  2.07937052E-02  0.00000000E+00
   64400 -5.74447370E-03 -3.80407178E-03 -1.69107533E-03  7.09434112E-03  0.00000000E+00
   64500  3.00210804E-02 -4.48306677E-03 -2.60568271E-03  3.04655992E-02  0.00000000E+00
   64600  1.70846607E-02 -3.16919581E-03 -3.38031479E-03  1.77018632E-02  0.00000000E+00
   64700 -1.02794872E-02 -9.36924789E-04 -2.04762381E-02  2.29308092E-02  0.00000000E+00
   64800  4.71847344E-03 -1.23777486E-04  6.36249185E-03  7.92215975E-03  0.00000000E+00
   64900 -2.52109266E-03  7.38365831E-03  7.28150881E-03  1.06721455E-02  0.00000000E+00
   65000  5.97942018E-03 -1.39880097E-02  5.26203423E-03  1.60967974E-02  0.00000000E+00
   65100 -6.86293346E-03 -8.21487537E-03  2.33161545E-03  1.09553851E-02  0.00000000E+00
   65200 -2.22633802E-02  1.93450766E-02  8.37405157E-03  3.06596612E-02  0.00000000E+00
   65300  1.56479645E-02  1.66135199E-02  1.94674319E-03  2.29054065E-02  0.00000000E+00
   65400  3.26698984E-03  3.40108950E-02  1.92926832E-02  3.92380151E-02  0.00000000E+00
   65500  9.49311349E-03  1.61488465E-02  2.02503726E-03  1.88415823E-02  0.00000000E+00
   65600  1.78540162E-02  1.59687793E-03 -1.44873447E-02  2.30477563E-02  0.00000000E+00
   65700 -1.05610271E-03  2.87754965E-03  4.59818021E-03  5.52620178E-03  0.00000000E+00
   65800 -3.11069698E-03 -1.69655743E-02  6.90065034E-03  1.85775704E-02  0.00000000E+00
   65900  2.80150755E-02  1.52616946E-02  4.85065642E-03  3.22690664E-02  0.00000000E+00
   66000  2.36923555E-02  1.64195677E-02  1.83697367E-03  2.88843277E-02  0.00000000E+00
   66100  2.91856413E-03 -1.58679610E-03  1.31564965E-02  1.35694266E-02  0.00000000E+00
   66200  1.50921993E-02  1.57890063E-02 -1.10919335E-02  2.44969016E-02  0.00000000E+00
   66300 -1.13089420E-02 -1.34869655E-03  1.29625557E-02  1.72551152E-02  0.00000000E+00
   66400 -5.55658565E-03 -2.25186074E-03  9.58738442E-03  1.13077169E-02  0.00000000E+00
   66500 -4.76793528E-03 -3.15565438E-02  1.25915394E-02  3.43088258E-02  0.00000000E+00
   66600 -3.11054654E-02 -1.15520143E-02  9.63753028E-03  3.45525832E-02  0.00000000E+00
   66700  3.87834948E-04  3.27879917E-04 -7.93174019E-03  7.94798236E-03  0.00000000E+00
   66800 -3.82983597E-03 -4.22747776E-03  1.72366429E-02  1.81560202E-02  0.00000000E+00
   66900  1.62668818E-03  2.87128471E-02 -7.40614492E-03  2.96972168E-02  0.00000000E+00
   67000 -6.88143420E-03  1.02965065E-02 -5.17502315E-03  1.34221104E-02  0.00000000E+00
   67100 -6.12503475E-03  7.15646062E-03 -1.66890454E-03  9.56641111E-03  0.00000000E+00
   67200  8.56760177E-03 -1.10538638E-02  8.28084261E-03  1.62531246E-02  0.00000000E+00
   67300 -4.06835871E-03  1.30246497E-02  8.89326428E-03  1.62875165E-02  0.00000000E+00
   67400  1.87052924E-02  5.43835667E-03 -1.19821305E-02  2.28699614E-02  0.00000000E+00
   67500  2.77831912E-02 -2.36705526E-02  2.00834685E-02  4.16598906E-02  0.00000000E+00
   67600  1.33169497E-02 -2.03159565E-02 -4.97075880E-04  2.42966319E-02  0.00000000E+00
   67700  8.10173354E-03  8.39565670E-03  1.32179706E-03  1.17419030E-02  0.00000000E+00
   67800 -6.21273773E-03 -3.49788994E-03  4.51558350E-03  8.43942169E-03  0.00000000E+00
   67900 -2.31539849E-02  5.26956407E-04 -1.48618825E-02  2.75183621E-02  0.00000000E+00
   68000 -1.40829989E-02 -2.71702690E-02  3.93222577E-03  3.08547690E-02  0.00000000E+00
   68100  1.81675046E-02 -3.37594620E-04 -6.33110211E-03  1.92420126E-02  0.00000000E+00
   68200  1.49010349E-02 -2.79685848E-02  1.53901492E-02  3.52298065E-02  0.00000000E+00
   68300 -3.07109629E-03  4.38062796E-03  1.40010828E-02  1.49883906E-02  0.00000000E+00
   68400  6.75453173E-03  1.44886799E-02  2.60598086E-02  3.05721960E-02  0.00000000E+00
   68500 -3.34509109E-03  3.24482153E-02  5.38484410E-03  3.30616524E-02  0.00000000E+00
   68600 -3.79370774E-03  1.20229306E-02 -1.37182832E-02  1.86315424E-02  0.00000000E+00
   68700  9.50482306E-04  1.62127749E-02 -2.30959631E-02  2.82343938E-02  0.00000000E+00
   68800  2.91824446E-03 -8.68869472E-03  2.66360603E-02  2.81689417E-02  0.00000000E+00
   68900  2.53087796E-03  7.03184257E-03 -4.30806141E-03  8.62621275E-03  0.00000000E+00
   69000 -1.10038593E-02  2.78757041E-03 -7.88690315E-05  1.13517262E-02  0.00000000E+00
   69100  1.75313806E-02  1.06582418E-02 -1.66545979E-02  2.64258028E-02  0.00000000E+00
   69200 -5.21553604E-03  3.08505698E-03  4.89254041E-03  7.78821831E-03  0.00000000E+00
   69300 -4.77811898E-03  1.12545521E-02 -5.48215876E-03  1.33996056E-02  0.00000000E+00
   69400  1.34053558E-02 -4.69531863E-03 -7.05536172E-03  1.58596252E-02  0.00000000E+00
   69500  1.13046000E-02 -8.67914319E-03  1.93282240E-02  2.40146153E-02  0.00000000E+00
   69600  3.73947104E-02  5.11129379E-03 -1.06084009E-02  3.92049469E-02  0.00000000E+00
   69700  3.95867038E-03 -1.60482703E-03  1.25609321E-02  1.32673869E-02  0.00000000E+00
   69800 -1.91472844E-02 -1.14337088E-02  8.51071639E-03  2.38700752E-02  0.00000000E+00
   69900 -9.79094049E-03  6.96003219E-03  1.06688848E-02  1.60664142E-02  0.00000000E+00
   70000  8.29765541E-04 -9.11783243E-03  1.58819009E-02  1.83318890E-02  0.00000000E+00
   70100  2.26965442E-02  1.28862978E-02 -9.63156409E-04  2.61173785E-02  0.00000000E+00
   70200 -1.07561494E-02 -4.19133255E-02 -2.83258203E-03  4.33640995E-02  0.00000000E+00
   70300 -1.30051552E-02 -1.13659580E-02  2.32000492E-03  1.74270332E-02  0.00000000E+00
   70400  4.44643535E-03  1.22819671E-02  1.46289399E-03  1.31437271E-02  0.00000000E+00
   70500 -1.54813443E-02 -7.12920389E-03  3.57144751E-02  3.95729871E-02  0.00000000E+00
   70600 -2.49318108E-03 -3.29020536E-02  7.55441007E-03  3.38501136E-02  0.00000000E+00
   70700  4.96362899E-03  2.77404182E-02 -2.47164416E-03  2.82891753E-02  0.00000000E+00
   70800  1.34288520E-03  1.63139397E-02 -2.10995823E-03  1.65045415E-02  0.00000000E+00
   70900 -7.43078388E-03  2.05345044E-02  1.94219766E-02  2.92249140E-02  0.00000000E+00
   71000  8.13074351E-03 -1.95245911E-03 -1.63411412E-02  1.83563063E-02  0.00000000E+00
   71100 -1.52162917E-04 -2.90729426E-02  1.69480106E-04  2.90738348E-02  0.00000000E+00
   71200 -3.71808897E-02 -2.02282073E-02  7.80155508E-04  4.23344727E-02  0.00000000E+00
   71300  1.05432671E-02  1.33779439E-02 -1.97490796E-02  2.60798008E-02  0.00000000E+00
   71400  6.11243926E-03 -1.25017025E-02  5.58615156E-05  1.39160914E-02  0.00000000E+00
   71500 -1.31255952E-02 -5.78777248E-03  4.73740891E-03  1.51070382E-02  0.00000000E+00
   71600 -1.14059235E-03  1.80215302E-02  1.22162104E-02  2.18016582E-02  0.00000000E+00
   71700  3.36023659E-02 -3.87702957E-04 -5.63575814E-03  3.40739062E-02  0.00000000E+00
   71800 -1.46327468E-03 -3.57744325E-03 -1.09561183E-02  1.16179086E-02  0.00000000E+00
   71900  1.32838093E-02 -1.83314031E-02  4.84541496E-03  2.31511982E-02  0.00000000E+00
   72000  4.82648092E-03 -4.25544635E-03  4.19573617E-03  7.68166282E-03  0.00000000E+00
   72100  3.06305271E-02  2.31757991E-03  2.08680101E-02  3.71358885E-02  0.00000000E+00
   72200  1.34954806E-02  1.17104579E-02  1.59056982E-02  2.39218322E-02  0.00000000E+00
   72300 -1.76362742E-03  2.16597341E-02  1.77551150E-02  2.80624050E-02  0.00000000E+00
   72400  2.68634722E-02  1.33218942E-02  9.57350357E-04  3.00005921E-02  0.00000000E+00
   72500 -1.87943478E-02 -1.56178330E-03 -5.07694968E-03  1.95305426E-02  0.00000000E+00
   72600 -1.40216035E-02  3.03226927E-02 -2.56722002E-02  4.21323263E-02  0.00000000E+00
   72700  2.21113994E-02 -2.29995010E-02 -2.20022330E-02  3.87555066E-02  0.00000000E+00
   72800  1.68835452E-02 -2.36772906E-03  8.05867889E-03  1.88574268E-02  0.00000000E+00
   72900 -2.61669486E-02  1.29377065E-03  3.32458922E-03  2.64090124E-02  0.00000000E+00
   73000 -1.61977656E-02 -7.36562970E-03  7.64121392E-03  1.93651301E-02  0.00000000E+00
   73100 -6.22316771E-03 -2.12221310E-02 -7.61050399E-04  2.21288467E-02  0.00000000E+00
   73200  1.88515217E-02 -3.62366754E-03  2.90926785E-02  3.48553408E-02  0.00000000E+00
   73300  1.03637762E-02  1.58112776E-02  1.08095917E-02  2.17773192E-02  0.00000000E+00
   73400 -1.88936536E-03 -4.77598548E-03  7.24318273E-03  8.87938257E-03  0.00000000E+00
   73500  8.22377626E-03 -9.30886754E-03 -1.76528319E-03  1.25459848E-02  0.00000000E+00
   73600  9.17223086E-03  2.99273081E-03 -1.10110487E-03  9.71075119E-03  0.00000000E+00
   73700 -3.51887648E-03  2.25811925E-02 -4.36421156E-03  2.32666948E-02  0.00000000E+00
   73800  1.80738906E-02  2.61902592E-03  4.65179696E-03  1.88457962E-02  0.00000000E+00
   73900  1.01510140E-02 -3.36013989E-03 -1.76946480E-02  2.06744817E-02  0.00000000E+00
   74000  7.85215948E-03  4.01879692E-02  1.39340629E-02  4.32537557E-02  0.00000000E+00
   74100  3.57636327E-03  3.09798146E-03 -1.07165525E-02  1.17146216E-02  0.00000000E+00
   74200  3.03927996E-03  1.87003171E-02 -6.57645191E-03  2.00546454E-02  0.00000000E+00
   74300 -8.09751716E-03 -3.11263701E-02  1.76309630E-02  3.66779438E-02  0.00000000E+00
   74400  8.05589419E-03 -2.69879545E-02  1.65967288E-02  3.26909548E-02  0.00000000E+00
   74500 -3.80840668E-03 -2.19653536E-02 -7.02896441E-03  2.33749238E-02  0.00000000E+00
   74600 -2.94148215E-03 -2.25043283E-02 -1.68841293E-04  2.26963789E-02  0.00000000E+00
   74700  1.44888445E-02  1.76217468E-02  1.62323426E-02  2.79989557E-02  0.00000000E+00
   74800  4.99106705E-03  3.03636735E-02 -2.22270673E-02  3.79592669E-02  0.00000000E+00
   74900  1.07856386E-03  1.52973487E-02  1.03777910E-03  1.53703989E-02  0.00000000E+00
   75000  5.09048149E-03 -6.69903580E-03 -5.21858160E-03  9.90069070E-03  0.00000000E+00
   75100  8.37003981E-03  9.76394962E-03 -9.65173415E-03  1.60794356E-02  0.00000000E+00
   75200 -2.60613324E-02 -1.53006016E-04  2.31444395E-02  3.48551508E-02  0.00000000E+00
   75300 -6.36549018E-03  9.20764801E-03  1.01447260E-02  1.51068101E-02  0.00000000E+00
   75400 -1.83626264E-02  8.42069920E-03  1.70722719E-02  2.64491341E-02  0.00000000E+00
   75500 -1.44572401E-03 -3.01109058E-02 -2.39524026E-02  3.85029136E-02  0.00000000E+00
   75600 -1.12956469E-02 -2.72134376E-03 -1.08423659E-02  1.58919555E-02  0.00000000E+00
   75700 -1.41126234E-02  1.42113658E-02 -1.07924334E-02  2.27509489E-02  0.00000000E+00
   75800 -9.93683499E-03 -4.51950960E-02  3.95153024E-03  4.64429972E-02  0.00000000E+00
   75900  2.87333064E-03 -7.09135845E-04  1.02074718E-02  1.06278588E-02  0.00000000E+00
   76000 -3.01628323E-03  1.17193226E-02 -1.26463946E-02  1.75034792E-02  0.00000000E+00
   76100 -2.15355615E-03  4.50963185E-03  1.15354473E-03  5.12886430E-03  0.00000000E+00
   76200  2.44960950E-02 -1.47585555E-02 -1.42082577E-02  3.19334968E-02  0.00000000E+00
   76300  4.69203715E-03 -1.10619860E-03 -9.90403254E-03  1.10149330E-02  0.00000000E+00
   76400  1.19950530E-02  2.68886017E-03 -5.54935286E-03  1.34872748E-02  0.00000000E+00
   76500 -7.34244558E-03  1.34650035E-02  1.35840213E-02  2.04876417E-02  0.00000000E+00
   76600  1.38118326E-03 -1.64255866E-02  7.36808631E-04  1.65000136E-02  0.00000000E+00
   76700 -5.72115975E-03  9.04577987E-03 -3.88197434E-04  1.07102054E-02  0.00000000E+00
   76800  1.37734774E-02  6.27985444E-03  6.33007152E-03  1.64077743E-02  0.00000000E+00
   76900  5.42895122E-03  4.94200675E-03 -8.56521196E-03  1.12809484E-02  0.00000000E+00
   77000  1.31935399E-02  1.83269900E-02  1.98293364E-02  3.00524648E-02  0.00000000E+00
   77100  1.31459570E-03  7.97044627E-03  2.81874953E-02  2.93221941E-02  0.00000000E+00
   77200 -2.44836550E-02 -1.05018450E-03 -3.01557464E-02  3.88577056E-02  0.00000000E+00
   77300  5.46168197E-03 -1.41585356E-04 -3.92756968E-03  6.72873093E-03  0.00000000E+00
   77400 -1.04245850E-02  1.45914121E-03  1.12302869E-02  1.53922191E-02  0.00000000E+00
   77500 -1.13077971E-02  2.51947946E-02 -7.16618511E-03  2.85306530E-02  0.00000000E+00
   77600  2.06558310E-02 -6.28008490E-05 -2.82538746E-03  2.08482640E-02  0.00000000E+00
   77700  4.47438998E-03  1.36497849E-02 -1.86426678E-02  2.35347797E-02  0.00000000E+00
   77800  5.98649859E-03  5.08255199E-03 -1.31373659E-02  1.53055834E-02  0.00000000E+00
   77900 -1.59420628E-02 -7.16647953E-03 -2.08266248E-02  2.71892643E-02  0.00000000E+00
   78000  4.76784780E-03  8.20980541E-03  1.76214093E-02  2.00161770E-02  0.00000000E+00
   78100  1.46912148E-02 -8.60210250E-03  1.56770732E-02  2.31430029E-02  0.00000000E+00
   78200  5.71966531E-03 -1.25279965E-02  1.30757644E-02  1.89905472E-02  0.00000000E+00
   78300 -4.80530458E-03 -9.86172656E-03 -2.50248707E-03  1.12519796E-02  0.00000000E+00
   78400  7.25158260E-03  2.32954884E-03  9.12402846E-03  1.18852910E-02  0.00000000E+00
   78500  4.71705128E-03 -2.32421342E-03 -2.42481635E-02  2.48118112E-02  0.00000000E+00
   78600 -1.49825329E-03  1.42777742E-02 -1.16294890E-02  1.84755138E-02  0.00000000E+00
   78700 -1.32977104E-02  2.28044508E-02 -7.46233922E-04  2.64088800E-02  0.00000000E+00
   78800 -1.90674339E-02 -1.79940736E-02  1.23945787E-02  2.89996431E-02  0.00000000E+00
   78900 -1.06236698E-04 -4.55419137E-03 -6.59349229E-03  8.01411791E-03  0.00000000E+00
   79000 -5.13140364E-03 -5.55555547E-03  3.02528630E-02  3.11838294E-02  0.00000000E+00
   79100  1.67246044E-02  3.34316480E-02 -1.37036407E-02  3.98142845E-02  0.00000000E+00
   79200 -1.17475252E-02  1.61671689E-02 -3.61322785E-03  2.03085478E-02  0.00000000E+00
   79300 -9.37853602E-03  7.90751516E-03  5.96612110E-04  1.22817621E-02  0.00000000E+00
   79400 -1.31436921E-02  2.94965287E-03  1.66859346E-02  2.14447548E-02  0.00000000E+00
   79500 -3.56581593E-03  5.68208936E-03 -1.73906413E-02  1.86396242E-02  0.00000000E+00
   79600  3.31568186E-03  1.37922257E-02  8.54181748E-03  1.65584384E-02  0.00000000E+00
   79700  1.05740689E-02 -9.28521531E-03  2.36001977E-02  2.74771812E-02  0.00000000E+00
   79800  3.83934884E-03 -6.11640385E-03  3.25255975E-02  3.33176453E-02  0.00000000E+00
   79900 -2.56989071E-03 -5.90677559E-03 -4.43746042E-03  7.82210912E-03  0.00000000E+00
   80000 -1.47672282E-02  1.65673323E-02 -3.70958278E-03  2.25013007E-02  0.00000000E+00
   80100  1.29953066E-02  7.76696029E-03  2.64579935E-02  3.04832592E-02  0.00000000E+00
   80200  1.18387338E-02  1.91625983E-02  1.61466278E-02  2.77141549E-02  0.00000000E+00
   80300 -7.44909174E-05 -7.69608647E-03 -1.80806979E-02  1.96506217E-02  0.00000000E+00
   80400 -1.04227756E-02  1.72812001E-03  6.28111707E-03  1.22911790E-02  0.00000000E+00
   80500 -1.52920682E-02  1.48507275E-02  7.73551358E-03  2.26766318E-02  0.00000000E+00
   80600  1.53671152E-02 -3.50735585E-03 -5.07061136E-04  1.57704434E-02  0.00000000E+00
   80700 -1.89422418E-02  1.54733536E-02 -1.55235362E-02  2.89691797E-02  0.00000000E+00
   80800 -7.93396268E-03 -2.22169975E-03  5.03172688E-04  8.25450763E-03  0.00000000E+00
   80900 -2.22705639E-02  4.51316383E-03  2.15455894E-02  3.13138801E-02  0.00000000E+00
   81000 -1.58783288E-02 -2.68137823E-03 -7.18857301E-03  1.76348149E-02  0.00000000E+00
   81100 -3.32358226E-02  9.78731992E-03  1.46883299E-02  3.76318824E-02  0.00000000E+00
   81200 -1.51494426E-02 -1.65085387E-03  7.22145214E-03  1.68635791E-02  0.00000000E+00
   81300 -8.93750696E-03  6.59092546E-03 -1.36971921E-02  1.76332754E-02  0.00000000E+00
   81400 -1.09451899E-02  7.56008481E-03 -2.74184790E-02  3.04749907E-02  0.00000000E+00
   81500 -2.58992856E-02 -4.49799691E-03  1.31836051E-03  2.63200123E-02  0.00000000E+00
   81600  3.37176627E-03  1.14978438E-02  1.34564025E-02  1.80178797E-02  0.00000000E+00
   81700 -1.05434752E-02  5.89989473E-03  9.58184267E-03  1.54202898E-02  0.00000000E+00
   81800  1.36092883E-02  7.44160176E-03 -6.62185682E-03  1.68653240E-02  0.00000000E+00
   81900  5.10106974E-03 -5.70185554E-03  1.33904560E-02  1.54219448E-02  0.00000000E+00
   82000 -3.33347742E-03  1.45344801E-02  9.57891325E-05  1.49121547E-02  0.00000000E+00
   82100 -7.35483696E-03 -6.40305313E-04  3.42902028E-03  8.14013499E-03  0.00000000E+00
   82200 -7.32909038E-03 -1.27509272E-02  1.83693908E-03  1.48214727E-02  0.00000000E+00
   82300 -1.69308340E-02 -9.74795657E-03 -4.32865566E-03  2.00103237E-02  0.00000000E+00
   82400 -3.09822884E-02  2.00268264E-02  1.26747980E-02  3.90080309E-02  0.00000000E+00
   82500  2.26493217E-03  2.55174939E-02 -4.35496174E-04  2.56215158E-02  0.00000000E+00
   82600  2.98768337E-02  7.84523052E-03 -1.33040332E-02  3.36328728E-02  0.00000000E+00
   82700  1.68705749E-02  6.76975823E-03  1.02666025E-02  2.08769982E-02  0.00000000E+00
   82800 -1.21334910E-02 -7.17751108E-04  8.73891639E-03  1.49701513E-02  0.00000000E+00
   82900 -3.67191214E-03  2.88918611E-03  2.25134520E-02  2.29931697E-02  0.00000000E+00
   83000 -3.19108868E-04  5.93072639E-03  3.28544161E-03  6.78744964E-03  0.00000000E+00
   83100 -9.08539938E-04 -5.53664373E-03 -1.54535203E-02  1.64405340E-02  0.00000000E+00
   83200  1.07334112E-02 -7.08560930E-03  5.79204397E-03  1.41053092E-02  0.00000000E+00
   83300 -3.02005443E-03  1.04337567E-02  2.48393430E-02  2.71104586E-02  0.00000000E+00
   83400 -8.34995224E-03  8.68491484E-03 -2.72984253E-02  2.98387914E-02  0.00000000E+00
   83500  6.26932627E-03 -1.90548210E-02 -1.66493043E-02  2.60689469E-02  0.00000000E+00
   83600 -1.40005233E-03 -5.49131989E-03  3.69221348E-03  6.76366624E-03  0.00000000E+00
   83700  6.05749254E-03 -1.33197941E-03 -1.34377180E-02  1.47999882E-02  0.00000000E+00
   83800  7.61890588E-03 -1.27261032E-02 -1.07917968E-02  1.83429634E-02  0.00000000E+00
   83900  3.62446834E-03 -3.11308501E-03  5.78850977E-03  7.50565882E-03  0.00000000E+00
   84000  1.93835693E-02  6.07090825E-03  2.29736564E-02  3.06654133E-02  0.00000000E+00
   84100  2.85114392E-02 -7.12138901E-03  1.67496948E-02  3.38255616E-02  0.00000000E+00
   84200  2.58220865E-03  1.78492688E-03 -9.11629329E-03  9.64160613E-03  0.00000000E+00
   84300  7.21738486E-03 -4.03862753E-03 -1.30067964E-02  1.54135625E-02  0.00000000E+00
   84400 -2.45702262E-03 -1.94325383E-02  1.32075514E-03  1.96317320E-02  0.00000000E+00
   84500  3.88149994E-03 -6.91929046E-03 -2.08715679E-02  2.23285685E-02  0.00000000E+00
   84600  1.13442616E-02  5.06543837E-03 -1.00390992E-02  1.59729286E-02  0.00000000E+00
   84700  2.47256110E-02 -9.05540805E-03 -4.15078183E-02  4.91554191E-02  0.00000000E+00
   84800 -1.65434974E-02 -1.58056672E-03 -2.26045739E-02  2.80562339E-02  0.00000000E+00
   84900 -1.26786518E-02 -2.70730622E-03  8.44724624E-03  1.54736449E-02  0.00000000E+00
   85000  1.59097719E-02 -2.60080752E-02 -1.69115040E-02  3.48645921E-02  0.00000000E+00
   85100 -2.57207120E-02 -1.67330266E-02  4.59758989E-03  3.10271983E-02  0.00000000E+00
   85200  2.70842481E-03  5.96012717E-04  1.65221015E-03  3.22809456E-03  0.00000000E+00
   85300 -1.97965224E-02  2.60970651E-03 -2.04716256E-02  2.85972083E-02  0.00000000E+00
   85400  7.94475400E-04  1.69578679E-02 -1.86013404E-02  2.51835331E-02  0.00000000E+00
   85500 -4.23847730E-02 -1.88919552E-02  2.40450662E-02  5.22641384E-02  0.00000000E+00
   85600 -1.99329902E-02  5.88506869E-04  1.81353372E-02  2.69547935E-02  0.00000000E+00
   85700  2.97997318E-02 -1.08589169E-02  1.03073768E-02  3.33493944E-02  0.00000000E+00
   85800 -1.77500659E-02 -1.78352514E-02  3.14497004E-02  4.02770988E-02  0.00000000E+00
   85900  1.20120716E-02  2.72394637E-02 -9.92689561E-03  3.13818659E-02  0.00000000E+00
   86000  2.11591343E-02  2.85742391E-02  1.23351983E-02  3.76344686E-02  0.00000000E+00
   86100  8.41075306E-03 -9.97902634E-03 -9.94424364E-03  1.64076115E-02  0.00000000E+00
   86200  2.63198240E-03 -5.71239480E-03 -3.23280086E-02  3.29341605E-02  0.00000000E+00
   86300 -2.22024104E-02  1.93824678E-02 -1.94103101E-02  3.52900443E-02  0.00000000E+00
   86400 -7.35553857E-04  1.57926355E-02 -8.07789873E-03  1.77538960E-02  0.00000000E+00
   86500  1.88383064E-02 -4.24139317E-03  1.04901702E-02  2.19753242E-02  0.00000000E+00
   86600 -1.02110573E-02 -2.09149533E-02  5.65723994E-03  2.39521466E-02  0.00000000E+00
   86700  1.73948644E-02  6.59249677E-03  2.60424747E-02  3.20039499E-02  0.00000000E+00
   86800 -2.19334233E-02  3.18798260E-02 -2.71970790E-02  4.72977745E-02  0.00000000E+00
   86900 -1.77612277E-02 -7.56644642E-03 -1.57267509E-02  2.49006629E-02  0.00000000E+00
   87000  5.91787000E-03  4.69062995E-03 -5.84439760E-05  7.55159655E-03  0.00000000E+00
   87100 -2.56673011E-02  9.32899071E-03  2.21888182E-02  3.51878398E-02  0.00000000E+00
   87200 -5.35800758E-03  8.62227230E-03 -1.21216245E-02  1.58109331E-02  0.00000000E+00
   87300 -3.37741922E-03 -8.21753968E-03 -1.70146496E-02  1.91946144E-02  0.00000000E+00
   87400  3.69549058E-02 -3.61597337E-03 -1.88830099E-02  4.16570329E-02  0.00000000E+00
   87500  2.42689178E-02 -1.85848027E-02 -8.40872018E-03  3.17030257E-02  0.00000000E+00
   87600  1.25871867E-02 -8.00770743E-03  1.01473621E-02  1.80424390E-02  0.00000000E+00
   87700  3.41761462E-04  8.87940893E-03  1.35935568E-02  1.62402429E-02  0.00000000E+00
   87800  6.98147937E-03 -1.14601831E-02  4.92778337E-03  1.42954503E-02  0.00000000E+00
   87900 -3.85337023E-03 -1.76500294E-02 -1.34730502E-02  2.25365277E-02  0.00000000E+00
   88000  1.17090942E-04 -5.28673951E-03  6.46248391E-04  5.32737852E-03  0.00000000E+00
   88100 -1.50714679E-04 -1.08102206E-02 -5.08441200E-03  1.19471683E-02  0.00000000E+00
   88200 -3.35950400E-02 -1.32540740E-02 -1.04048146E-03  3.61300400E-02  0.00000000E+00
   88300 -2.34338717E-02  2.10309104E-03 -7.66369944E-03  2.47447292E-02  0.00000000E+00
   88400  1.52423238E-02 -2.77735505E-02 -7.49523322E-03  3.25557531E-02  0.00000000E+00
   88500  7.29439375E-03 -1.63143296E-03 -2.68901171E-03  7.94358468E-03  0.00000000E+00
   88600 -2.60405188E-03  1.60254001E-03  1.74823983E-02  1.77477737E-02  0.00000000E+00
   88700 -1.15592347E-02  1.19160279E-02 -2.67986663E-02  3.15242152E-02  0.00000000E+00
   88800 -1.06560660E-02  7.44978393E-03  3.15650321E-04  1.30057933E-02  0.00000000E+00
   88900 -1.54225438E-02  6.74650796E-03 -6.29045860E-03  1.79705341E-02  0.00000000E+00
   89000 -2.06728948E-02 -3.91640028E-03  2.49792759E-02  3.26599295E-02  0.00000000E+00
   89100 -1.02271158E-02 -1.49230937E-02  3.04194078E-02  3.53925557E-02  0.00000000E+00
   89200 -1.84041202E-03 -8.99230574E-03  8.03176396E-03  1.21966352E-02  0.00000000E+00
   89300 -4.48425417E-03  2.76343851E-02  8.86931476E-03  2.93672015E-02  0.00000000E+00
   89400 -7.12210107E-03 -8.12198613E-03 -3.76463033E-03  1.14395552E-02  0.00000000E+00
   89500 -2.66572265E-02  2.19242611E-03 -4.14860650E-04  2.67504498E-02  0.00000000E+00
   89600  3.88366214E-02 -7.06714457E-03 -1.91787972E-03  3.95209559E-02  0.00000000E+00
   89700 -1.31684412E-02  1.11318333E-02 -5.02938854E-03  1.79616343E-02  0.00000000E+00
   89800 -3.28111147E-03 -4.85255968E-03 -6.50038429E-04  5.89368967E-03  0.00000000E+00
   89900  2.63560607E-02 -2.62349427E-02 -2.22094799E-02  4.33148375E-02  0.00000000E+00
   90000  2.04642550E-03 -1.12208110E-02  2.83431297E-02  3.05520450E-02  0.00000000E+00
   90100  3.20241187E-03 -2.48734518E-02 -4.75447138E-03  2.55254588E-02  0.00000000E+00
   90200 -2.70119017E-03  9.27145932E-03 -1.61195795E-02  1.87908815E-02  0.00000000E+00
   90300  2.71281919E-02  1.03748131E-02 -8.77127863E-03  3.03399221E-02  0.00000000E+00
   90400  2.12331094E-03 -1.29876696E-02 -5.46369983E-03  1.42492115E-02  0.00000000E+00
   90500 -5.39786353E-03  5.48616906E-03  9.55981369E-04  7.75557103E-03  0.00000000E+00
   90600  1.41001153E-02  1.75187418E-02  2.00488567E-03  2.25774031E-02  0.00000000E+00
   90700 -7.89865357E-03 -6.00252306E-03  3.66074172E-02  3.79278526E-02  0.00000000E+00
   90800  2.52287434E-02 -3.42372956E-03 -2.56097145E-03  2.55884738E-02  0.00000000E+00
   90900 -1.06729931E-02 -9.05526317E-05  1.18572982E-02  1.59535733E-02  0.00000000E+00
   91000  2.43042044E-02 -1.52004526E-02 -1.65183297E-02  3.30847900E-02  0.00000000E+00
   91100  2.91353410E-03 -1.21193552E-02  1.47920868E-02  1.93435592E-02  0.00000000E+00
   91200 -3.95176771E-03  1.02862677E-03 -1.35280088E-03  4.30169865E-03  0.00000000E+00
   91300 -4.33470732E-03  1.21392305E-02 -7.88969782E-03  1.51128401E-02  0.00000000E+00
   91400 -1.39134822E-02 -1.92164796E-03  1.20285366E-02  1.84922527E-02  0.00000000E+00
   91500  6.60305657E-05 -1.41258625E-02 -2.21922273E-02  2.63066400E-02  0.00000000E+00
   91600  1.08612485E-02  4.45699134E-03 -6.30296068E-03  1.33251193E-02  0.00000000E+00
   91700  9.82310884E-03 -1.14095828E-02  8.16658990E-04  1.50777644E-02  0.00000000E+00
   91800 -1.08728657E-02  7.78099382E-03  1.85918380E-03  1.34988754E-02  0.00000000E+00
   91900  1.60631320E-02 -4.36865434E-02 -1.00011843E-02  4.76084233E-02  0.00000000E+00
   92000 -3.76250770E-03  1.26410474E-02  1.01074054E-02  1.66166238E-02  0.00000000E+00
   92100 -5.43735693E-03 -1.16939361E-02  1.47481175E-03  1.29802951E-02  0.00000000E+00
   92200 -2.91718362E-02 -6.18949680E-03 -9.11929433E-04  2.98351724E-02  0.00000000E+00
   92300  2.36331287E-02 -1.92447676E-02 -1.68139099E-02  3.48079505E-02  0.00000000E+00
   92400 -1.67892240E-02 -3.23944383E-03 -5.57376535E-03  1.79844071E-02  0.00000000E+00
   92500 -9.68616292E-03 -1.31809142E-02  7.50519364E-03  1.79968381E-02  0.00000000E+00
   92600 -3.89391537E-03 -2.02082822E-02  5.48017856E-03  2.12971736E-02  0.00000000E+00
   92700 -1.40486951E-04  1.78684827E-03  1.15633710E-02  1.17014577E-02  0.00000000E+00
   92800  8.98265771E-03  2.40031766E-03 -6.45167497E-03  1.13169684E-02  0.00000000E+00
   92900  1.94498806E-02  1.45754931E-02 -1.05041761E-02  2.64779261E-02  0.00000000E+00
   93000 -3.85143071E-03 -5.24374368E-03 -1.19536417E-02  1.36095524E-02  0.00000000E+00
   93100  1.11741029E-02  1.54257180E-02  1.34379204E-02  2.33107498E-02  0.00000000E+00
   93200  4.22039254E-03 -7.96618034E-03 -2.89333637E-02  3.03053011E-02  0.00000000E+00
   93300  4.12838662E-03  1.66088197E-02  2.42319648E-02  2.96662196E-02  0.00000000E+00
   93400  2.70258917E-02 -2.09016660E-02  1.36072680E-03  3.41925436E-02  0.00000000E+00
   93500 -5.44180689E-03 -2.06759055E-02  7.34088529E-03  2.26051969E-02  0.00000000E+00
   93600  6.26108925E-05 -6.52375763E-03  5.90484489E-03  8.79946174E-03  0.00000000E+00
   93700  2.60464278E-02 -1.40668457E-02  1.94925050E-02  3.54436214E-02  0.00000000E+00
   93800 -1.57274350E-02 -1.96190090E-02 -7.69351424E-04  2.51565027E-02  0.00000000E+00
   93900  8.47053743E-03  2.24087089E-02  2.48967952E-02  3.45506968E-02  0.00000000E+00
   94000 -7.96541773E-03  3.96011611E-02  7.75845733E-03  4.11326331E-02  0.00000000E+00
   94100 -3.68536847E-06 -7.69273767E-03 -1.13235050E-02  1.36894117E-02  0.00000000E+00
   94200  1.09332642E-02  5.32965589E-03  5.04775574E-03  1.31689535E-02  0.00000000E+00
   94300 -7.81295525E-03  8.25371328E-03  4.96424497E-03  1.24020071E-02  0.00000000E+00
   94400 -5.10925350E-03  1.13109862E-02 -8.00096729E-03  1.47667992E-02  0.00000000E+00
   94500  1.30796021E-02  7.16756526E-03  1.24653873E-02  1.94380005E-02  0.00000000E+00
   94600  7.55726636E-03  1.84344641E-02  2.86135586E-03  2.01278191E-02  0.00000000E+00
   94700  4.15498318E-03  2.40023986E-03 -1.65883989E-02  1.72684688E-02  0.00000000E+00
   94800 -7.81091693E-04 -7.40404570E-03 -8.05545122E-04  7.48858464E-03  0.00000000E+00
   94900 -4.55135578E-03 -1.03041930E-02  3.39358265E-04  1.12697114E-02  0.00000000E+00
   95000  4.65240621E-03 -2.30006753E-03 -2.35862555E-03  5.70072878E-03  0.00000000E+00
   95100 -1.60253342E-02 -9.54608716E-03  8.44298958E-03  2.04749405E-02  0.00000000E+00
   95200 -2.38736689E-02 -2.30333325E-02 -8.50223659E-03  3.42457954E-02  0.00000000E+00
   95300  1.86389898E-03  9.20046712E-04 -1.45126142E-02  1.46607155E-02  0.00000000E+00
   95400 -7.23438847E-03 -6.77918522E-03 -1.41994009E-02  1.73181037E-02  0.00000000E+00
   95500  2.33100110E-02 -9.89339403E-03 -2.73649226E-02  3.72837075E-02  0.00000000E+00
   95600 -8.97732057E-03  8.38281541E-03  1.39635378E-02  1.85968886E-02  0.00000000E+00
   95700 -8.25200504E-03 -2.40787818E-02  2.60085116E-02  3.63912901E-02  0.00000000E+00
   95800  1.21207829E-02  4.38060422E-04  2.16666259E-02  2.48303836E-02  0.00000000E+00
   95900  6.39544863E-04 -7.84149437E-03  1.24818624E-02  1.47544889E-02  0.00000000E+00
   96000  1.63726073E-02  3.32662753E-03 -2.16049393E-02  2.73112087E-02  0.00000000E+00
   96100 -1.60184223E-02  2.21339905E-03 -5.82396286E-04  1.61811055E-02  0.00000000E+00
   96200 -1.22338511E-02  1.40527541E-02  1.48446169E-03  1.86909239E-02  0.00000000E+00
   96300  1.73204706E-02 -2.33232777E-03 -1.92390117E-02  2.59918839E-02  0.00000000E+00
   96400  4.67243146E-03 -1.27174458E-02 -1.74285226E-02  2.20752904E-02  0.00000000E+00
   96500 -1.72238939E-02  2.11542846E-02 -1.99949828E-02  3.38225608E-02  0.00000000E+00
   96600 -1.50779928E-02 -4.58496983E-03  1.06958815E-02  1.90465140E-02  0.00000000E+00
   96700 -3.03952001E-03  8.47724943E-03  1.25688935E-02  1.54621966E-02  0.00000000E+00
   96800 -9.60305525E-03  1.62489265E-02 -1.43732481E-03  1.89291359E-02  0.00000000E+00
   96900  2.69618348E-02 -7.27912012E-03 -4.34698962E-03  2.82634472E-02  0.00000000E+00
   97000  1.94027827E-02  2.02351403E-02 -2.42496751E-03  2.81391071E-02  0.00000000E+00
   97100  1.67312023E-02 -2.99929104E-03 -2.15835117E-02  2.74732025E-02  0.00000000E+00
   97200  1.56841870E-02  3.10904461E-03 -1.03673329E-04  1.59897038E-02  0.00000000E+00
   97300  3.95703831E-03  7.31475784E-03  1.70283624E-02  1.89506981E-02  0.00000000E+00
   97400  4.51065691E-03 -1.13937960E-02  1.80523720E-03  1.23864238E-02  0.00000000E+00
   97500  9.33572461E-03 -8.28901358E-03  8.78876655E-03  1.52678066E-02  0.00000000E+00
   97600 -1.89732092E-02 -1.31919999E-02 -8.19910951E-03  2.45201331E-02  0.00000000E+00
   97700  2.02409962E-02 -1.94156010E-02  1.09671458E-02  3.01154741E-02  0.00000000E+00
   97800 -5.07307489E-03  1.74304441E-03 -8.35702769E-03  9.93046849E-03  0.00000000E+00
   97900  4.66321350E-03 -3.25270690E-03  5.58692767E-04  5.71295019E-03  0.00000000E+00
   98000 -1.04127475E-02  5.99361998E-03  2.02036079E-02  2.35060538E-02  0.00000000E+00
   98100 -6.29271580E-03 -1.05094563E-02 -7.35918512E-03  1.42900157E-02  0.00000000E+00
   98200  1.72664316E-02 -1.97871567E-02 -1.13803619E-02  2.86212136E-02  0.00000000E+00
   98300 -7.81475172E-03 -1.86661831E-03 -5.15176232E-03  9.54438387E-03  0.00000000E+00
   98400  5.57293200E-04  1.55724487E-03 -3.05640199E-02  3.06087390E-02  0.00000000E+00
   98500  2.58050367E-02  1.68253218E-02 -1.99175173E-02  3.66837684E-02  0.00000000E+00
   98600 -1.97365606E-02 -1.89803380E-02 -4.30767532E-03  2.77189668E-02  0.00000000E+00
   98700  1.62401363E-02  1.66183216E-02 -1.41720137E-02  2.72168442E-02  0.00000000E+00
   98800 -1.63164009E-02 -1.28121487E-02 -1.18036841E-02  2.38684530E-02  0.00000000E+00
   98900 -1.84864089E-02  9.42214024E-03  6.87554465E-04  2.07604618E-02  0.00000000E+00
   99000 -5.67182017E-03 -2.23818999E-03  4.36649100E-03  7.49968547E-03  0.00000000E+00
   99100 -1.14187667E-02 -2.77800939E-03 -7.67710148E-03  1.40372168E-02  0.00000000E+00
   99200 -1.91757994E-02 -2.75802383E-02 -1.25719776E-03  3.36148981E-02  0.00000000E+00
   99300 -2.33450194E-02  1.60111957E-02  1.23885929E-02  3.09002517E-02  0.00000000E+00
   99400 -1.40637741E-02  9.87147939E-03  3.87574342E-03  1.76141203E-02  0.00000000E+00
   99500  3.98123893E-03  2.81968528E-02  3.12491907E-03  2.86474761E-02  0.00000000E+00
   99600 -1.91104020E-02 -1.12648395E-02  2.45454869E-02  3.30845130E-02  0.00000000E+00
   99700 -8.69935327E-03  1.41795330E-02  1.69167204E-02  2.37257947E-02  0.00000000E+00
   99800  2.15145932E-02  4.09894898E-03  2.90524534E-02  3.63830201E-02  0.00000000E+00
   99900 -1.73123048E-02 -1.84933590E-03  5.54124899E-03  1.82713268E-02  0.00000000E+00
