   #Iter             <M>           <M^2>           <M^4>      U_{Binder}            \chi        C_v(tot)             <E>       <E_{exc}>       <E_{lsf}>
       1  1.80674520E-02  3.26432823E-04  1.06558388E-07  6.66666667E-01  1.19944241E-18 -1.10928650E-13 -3.02884095E-01 -3.00240630E-01  0.00000000E+00
      11  2.09709155E-02  4.90877551E-04  2.98642873E-07  5.86872070E-01  5.67520478E-03  4.64821617E-01 -2.99036021E-01 -2.96490633E-01  0.00000000E+00
      21  1.81977223E-02  3.84946294E-04  2.22559610E-07  4.99360847E-01  5.97407314E-03  2.98583256E-01 -2.97033633E-01 -2.94309947E-01  0.00000000E+00
      31  2.14121512E-02  5.70790669E-04  6.74749149E-07  3.09653129E-01  1.24737102E-02  4.44789297E-01 -2.98249135E-01 -2.95538549E-01  0.00000000E+00
      41  2.28357654E-02  6.06508720E-04  6.16178105E-07  4.41644357E-01  9.44454535E-03  4.41727123E-01 -2.98805309E-01 -2.96150333E-01  0.00000000E+00
      51  2.42937596E-02  6.68252282E-04  6.63215627E-07  5.04945976E-01  8.67031300E-03  4.85676750E-01 -2.99084588E-01 -2.96449412E-01  0.00000000E+00
      61  2.47365055E-02  6.90917260E-04  7.25207146E-07  4.93605784E-01  8.77660510E-03  5.17379757E-01 -2.99619889E-01 -2.96949518E-01  0.00000000E+00
      71  2.31978121E-02  6.19660828E-04  6.13973552E-07  4.67008451E-01  9.05424266E-03  5.42318456E-01 -2.98830938E-01 -2.96242043E-01  0.00000000E+00
      81  2.33711291E-02  6.27251080E-04  6.03466458E-07  4.88731489E-01  9.00082777E-03  5.52247956E-01 -2.99651389E-01 -2.97035129E-01  0.00000000E+00
      91  2.14034074E-02  5.42278962E-04  4.94633590E-07  4.39317710E-01  9.34864963E-03  5.51811972E-01 -2.99274541E-01 -2.96688012E-01  0.00000000E+00
     101  2.07299018E-02  5.17541193E-04  4.62354596E-07  4.24607656E-01  9.75284143E-03  6.45502582E-01 -2.98934968E-01 -2.96317685E-01  0.00000000E+00
     111  2.16901398E-02  5.61577085E-04  5.25114256E-07  4.44973401E-01  1.01196383E-02  5.89862445E-01 -2.99121413E-01 -2.96500359E-01  0.00000000E+00
     121  2.08955521E-02  5.25493604E-04  4.69922645E-07  4.32755557E-01  9.87025198E-03  5.68986522E-01 -2.98988267E-01 -2.96359118E-01  0.00000000E+00
     131  2.07949727E-02  5.32751046E-04  5.10670659E-07  4.00248933E-01  1.11420133E-02  6.21364578E-01 -2.99049900E-01 -2.96409861E-01  0.00000000E+00
     141  2.14270387E-02  5.56315488E-04  5.28571867E-07  4.30700913E-01  1.07951971E-02  5.98117075E-01 -2.99281735E-01 -2.96622462E-01  0.00000000E+00
     151  2.17842193E-02  5.83207969E-04  6.01728295E-07  4.10298435E-01  1.20678034E-02  6.48962483E-01 -2.99079659E-01 -2.96444610E-01  0.00000000E+00
     161  2.07716054E-02  5.39535399E-04  5.38858180E-07  3.82959973E-01  1.20033916E-02  6.01518143E-01 -2.99209156E-01 -2.96573451E-01  0.00000000E+00
     171  2.13534647E-02  5.63376684E-04  5.66750231E-07  4.04786581E-01  1.19290249E-02  7.08658800E-01 -2.99728773E-01 -2.97084244E-01  0.00000000E+00
     181  2.15744112E-02  5.68470999E-04  5.62346824E-07  4.19948754E-01  1.14414016E-02  6.47152104E-01 -2.99685687E-01 -2.97017483E-01  0.00000000E+00
     191  2.16960389E-02  5.69096030E-04  5.48980449E-07  4.34979101E-01  1.09263008E-02  6.38338396E-01 -2.99478437E-01 -2.96838847E-01  0.00000000E+00
     201  2.14738552E-02  5.54640783E-04  5.19890939E-07  4.36664146E-01  1.03861270E-02  6.34851901E-01 -2.99396002E-01 -2.96747192E-01  0.00000000E+00
     211  2.21288299E-02  5.85846919E-04  5.69308934E-07  4.47084909E-01  1.06801685E-02  6.17168856E-01 -2.99500675E-01 -2.96871332E-01  0.00000000E+00
     221  2.21813079E-02  5.94593307E-04  6.16545268E-07  4.18695505E-01  1.13933225E-02  6.33308440E-01 -2.99744308E-01 -2.97131140E-01  0.00000000E+00
     231  2.29436034E-02  6.39078672E-04  7.47673831E-07  3.89785844E-01  1.25136139E-02  6.34190690E-01 -2.99867558E-01 -2.97258000E-01  0.00000000E+00
     241  2.26454165E-02  6.21760632E-04  7.11227744E-07  3.86745147E-01  1.21000107E-02  6.72613796E-01 -2.99398310E-01 -2.96775825E-01  0.00000000E+00
     251  2.29674439E-02  6.39490834E-04  7.53499962E-07  3.85823305E-01  1.24378259E-02  6.45090158E-01 -2.99439574E-01 -2.96809769E-01  0.00000000E+00
     261  2.25859733E-02  6.20424189E-04  7.16447893E-07  3.79579825E-01  1.22501984E-02  6.35661337E-01 -2.99474762E-01 -2.96840724E-01  0.00000000E+00
     271  2.26192085E-02  6.16449552E-04  6.94098473E-07  3.91157792E-01  1.16418930E-02  6.36707037E-01 -2.99298770E-01 -2.96661305E-01  0.00000000E+00
     281  2.22485685E-02  6.02007831E-04  6.70623911E-07  3.83187029E-01  1.18849102E-02  6.17233275E-01 -2.99326688E-01 -2.96669696E-01  0.00000000E+00
     291  2.24123159E-02  6.08151148E-04  6.81680287E-07  3.85620921E-01  1.17549886E-02  6.04902088E-01 -2.99201487E-01 -2.96538197E-01  0.00000000E+00
     301  2.26133305E-02  6.17640588E-04  6.96065739E-07  3.91784691E-01  1.18037047E-02  6.41620945E-01 -2.99091147E-01 -2.96430946E-01  0.00000000E+00
     311  2.26137781E-02  6.14332932E-04  6.77153711E-07  4.01921191E-01  1.14340928E-02  6.29191793E-01 -2.99171682E-01 -2.96521940E-01  0.00000000E+00
     321  2.25988156E-02  6.09508122E-04  6.57558757E-07  4.09996868E-01  1.09733620E-02  6.42979043E-01 -2.99329544E-01 -2.96686610E-01  0.00000000E+00
     331  2.23896610E-02  5.96992999E-04  6.30550931E-07  4.10260197E-01  1.06284424E-02  6.41069331E-01 -2.99444344E-01 -2.96799021E-01  0.00000000E+00
     341  2.29408051E-02  6.30771477E-04  7.13921130E-07  4.01884733E-01  1.16052398E-02  6.31178943E-01 -2.99523159E-01 -2.96876563E-01  0.00000000E+00
     351  2.28163253E-02  6.21850406E-04  6.90359455E-07  4.04910649E-01  1.12470303E-02  6.23322680E-01 -2.99471038E-01 -2.96824074E-01  0.00000000E+00
     361  2.26580679E-02  6.15938707E-04  6.77701514E-07  4.04554241E-01  1.13897441E-02  6.14583945E-01 -2.99390147E-01 -2.96744104E-01  0.00000000E+00
     371  2.26803340E-02  6.13278112E-04  6.63238398E-07  4.12194729E-01  1.09821257E-02  5.99323488E-01 -2.99385978E-01 -2.96741837E-01  0.00000000E+00
     381  2.25720503E-02  6.06502955E-04  6.47742777E-07  4.13030571E-01  1.07738728E-02  5.99832691E-01 -2.99401303E-01 -2.96752025E-01  0.00000000E+00
     391  2.25264246E-02  6.05107271E-04  6.46282503E-07  4.11649128E-01  1.08473935E-02  6.03989757E-01 -2.99406123E-01 -2.96751491E-01  0.00000000E+00
     401  2.22184186E-02  5.90861340E-04  6.22157784E-07  4.05970334E-01  1.07958319E-02  6.09625107E-01 -2.99421669E-01 -2.96764576E-01  0.00000000E+00
     411  2.23258465E-02  5.97819119E-04  6.33673317E-07  4.08976751E-01  1.10371175E-02  6.13792299E-01 -2.99445114E-01 -2.96786543E-01  0.00000000E+00
     421  2.21691999E-02  5.89201467E-04  6.15135685E-07  4.09361124E-01  1.08541214E-02  6.22845573E-01 -2.99305958E-01 -2.96647034E-01  0.00000000E+00
     431  2.22865872E-02  5.95492135E-04  6.26455659E-07  4.11133264E-01  1.09731963E-02  6.15711662E-01 -2.99390999E-01 -2.96737797E-01  0.00000000E+00
     441  2.22772837E-02  5.95447011E-04  6.26871324E-07  4.10653227E-01  1.10142321E-02  6.16360812E-01 -2.99458483E-01 -2.96811268E-01  0.00000000E+00
     451  2.21084592E-02  5.86184075E-04  6.09112306E-07  4.09108030E-01  1.08176996E-02  6.05518464E-01 -2.99468973E-01 -2.96816943E-01  0.00000000E+00
     461  2.20890466E-02  5.84627882E-04  6.01457734E-07  4.13423296E-01  1.07401540E-02  6.01791121E-01 -2.99477916E-01 -2.96819809E-01  0.00000000E+00
     471  2.20587330E-02  5.81257505E-04  5.90809446E-07  4.17106747E-01  1.05144598E-02  5.90399767E-01 -2.99502441E-01 -2.96839140E-01  0.00000000E+00
     481  2.20391344E-02  5.79376916E-04  5.83552204E-07  4.20523159E-01  1.04015809E-02  5.73702260E-01 -2.99422118E-01 -2.96758984E-01  0.00000000E+00
     491  2.20569170E-02  5.78030239E-04  5.75494377E-07  4.25858800E-01  1.01649226E-02  5.68064066E-01 -2.99470383E-01 -2.96806110E-01  0.00000000E+00
     501  2.19405860E-02  5.72714756E-04  5.65693534E-07  4.25112038E-01  1.01430194E-02  5.60963321E-01 -2.99507205E-01 -2.96840054E-01  0.00000000E+00
     511  2.19493710E-02  5.75357237E-04  5.81707435E-07  4.14255526E-01  1.03936819E-02  5.73710260E-01 -2.99609223E-01 -2.96943613E-01  0.00000000E+00
     521  2.18873945E-02  5.71429706E-04  5.71948266E-07  4.16138463E-01  1.02592184E-02  6.04002482E-01 -2.99776244E-01 -2.97109850E-01  0.00000000E+00
     531  2.18358151E-02  5.68567117E-04  5.65326643E-07  4.17072261E-01  1.01917606E-02  6.04054306E-01 -2.99796155E-01 -2.97126132E-01  0.00000000E+00
     541  2.17949956E-02  5.65599798E-04  5.57050809E-07  4.19563033E-01  1.00600013E-02  5.94891772E-01 -2.99724524E-01 -2.97047872E-01  0.00000000E+00
     551  2.18756571E-02  5.69681351E-04  5.64881709E-07  4.19807310E-01  1.01220881E-02  6.14671989E-01 -2.99731298E-01 -2.97056912E-01  0.00000000E+00
     561  2.18028424E-02  5.65263154E-04  5.55561782E-07  4.20424856E-01  9.98461669E-03  6.07002858E-01 -2.99677970E-01 -2.97003253E-01  0.00000000E+00
     571  2.19562728E-02  5.71256444E-04  5.59030551E-07  4.28979021E-01  9.90457357E-03  5.99822349E-01 -2.99639223E-01 -2.96965917E-01  0.00000000E+00
     581  2.20607614E-02  5.74195093E-04  5.57826285E-07  4.36026412E-01  9.72013680E-03  6.04032309E-01 -2.99673243E-01 -2.97002193E-01  0.00000000E+00
     591  2.19534489E-02  5.68158862E-04  5.47064269E-07  4.35092260E-01  9.57431380E-03  6.07317376E-01 -2.99651142E-01 -2.96975369E-01  0.00000000E+00
     601  2.20835212E-02  5.72385529E-04  5.47497461E-07  4.42963615E-01  9.40756999E-03  5.94311886E-01 -2.99688466E-01 -2.97011334E-01  0.00000000E+00
     611  2.20824025E-02  5.74001135E-04  5.50324052E-07  4.43235243E-01  9.59249426E-03  6.00550444E-01 -2.99594306E-01 -2.96909285E-01  0.00000000E+00
     621  2.21520442E-02  5.76570566E-04  5.51488624E-07  4.47018799E-01  9.53572539E-03  5.92689041E-01 -2.99547267E-01 -2.96858000E-01  0.00000000E+00
     631  2.22130632E-02  5.81760962E-04  5.68530559E-07  4.40057530E-01  9.81153018E-03  5.92479416E-01 -2.99549001E-01 -2.96866494E-01  0.00000000E+00
     641  2.20342730E-02  5.73752610E-04  5.56427726E-07  4.36572347E-01  9.80071683E-03  6.02148697E-01 -2.99465991E-01 -2.96785728E-01  0.00000000E+00
     651  2.21914767E-02  5.85075366E-04  5.95327297E-07  4.20289834E-01  1.02861024E-02  6.08221151E-01 -2.99498128E-01 -2.96819161E-01  0.00000000E+00
     661  2.20546818E-02  5.77405939E-04  5.81412828E-07  4.18699280E-01  1.01065356E-02  5.99069815E-01 -2.99441540E-01 -2.96764100E-01  0.00000000E+00
     671  2.20886672E-02  5.78961493E-04  5.82736198E-07  4.20502746E-01  1.01126804E-02  5.92717160E-01 -2.99426904E-01 -2.96747967E-01  0.00000000E+00
     681  2.20850930E-02  5.79572798E-04  5.82700763E-07  4.21759716E-01  1.01981101E-02  5.95682086E-01 -2.99355203E-01 -2.96680224E-01  0.00000000E+00
     691  2.23112085E-02  5.91859535E-04  6.07836206E-07  4.21600361E-01  1.04477885E-02  5.99100637E-01 -2.99349309E-01 -2.96678313E-01  0.00000000E+00
     701  2.22641449E-02  5.90011521E-04  6.05543223E-07  4.20167025E-01  1.04755392E-02  5.99495631E-01 -2.99351394E-01 -2.96677882E-01  0.00000000E+00
     711  2.21794779E-02  5.85505603E-04  5.97158033E-07  4.19361388E-01  1.03930174E-02  6.01823324E-01 -2.99355421E-01 -2.96683772E-01  0.00000000E+00
     721  2.21658905E-02  5.83999831E-04  5.92220429E-07  4.21189119E-01  1.02927001E-02  6.09025601E-01 -2.99403156E-01 -2.96729180E-01  0.00000000E+00
     731  2.22236600E-02  5.86761523E-04  5.97139817E-07  4.21861992E-01  1.03146162E-02  6.05856195E-01 -2.99452413E-01 -2.96771360E-01  0.00000000E+00
     741  2.23362038E-02  5.92119107E-04  6.04859031E-07  4.24937877E-01  1.03526720E-02  5.99572688E-01 -2.99468559E-01 -2.96789103E-01  0.00000000E+00
     751  2.23191475E-02  5.90921088E-04  6.01638938E-07  4.25677668E-01  1.03042075E-02  5.93128700E-01 -2.99458513E-01 -2.96783381E-01  0.00000000E+00
     761  2.23583712E-02  5.92666547E-04  6.03266872E-07  4.27510675E-01  1.03034350E-02  5.87217609E-01 -2.99460998E-01 -2.96785505E-01  0.00000000E+00
     771  2.23529501E-02  5.90728255E-04  5.96015637E-07  4.30674139E-01  1.01150797E-02  5.84531289E-01 -2.99475640E-01 -2.96801603E-01  0.00000000E+00
     781  2.24419225E-02  5.93829990E-04  5.96655900E-07  4.36000874E-01  1.00169236E-02  5.82635092E-01 -2.99454784E-01 -2.96778965E-01  0.00000000E+00
     791  2.24024787E-02  5.91662548E-04  5.91438134E-07  4.36829485E-01  9.97265233E-03  5.89205961E-01 -2.99461079E-01 -2.96789437E-01  0.00000000E+00
     801  2.23071884E-02  5.88202269E-04  5.86414859E-07  4.35023583E-01  1.00615176E-02  5.84894570E-01 -2.99460980E-01 -2.96791989E-01  0.00000000E+00
     811  2.24143705E-02  5.95077099E-04  6.04380547E-07  4.31091074E-01  1.02926961E-02  6.03417932E-01 -2.99467256E-01 -2.96796211E-01  0.00000000E+00
     821  2.25405363E-02  6.02094547E-04  6.21120156E-07  4.28883141E-01  1.04421529E-02  5.97376030E-01 -2.99488363E-01 -2.96815491E-01  0.00000000E+00
     831  2.24467572E-02  5.97495879E-04  6.12816453E-07  4.27811224E-01  1.03999705E-02  5.90604512E-01 -2.99465647E-01 -2.96792062E-01  0.00000000E+00
     841  2.24724902E-02  5.97867960E-04  6.12022003E-07  4.29264061E-01  1.03129152E-02  6.01045581E-01 -2.99499896E-01 -2.96828466E-01  0.00000000E+00
     851  2.25687813E-02  6.01736295E-04  6.16021505E-07  4.32896663E-01  1.02608552E-02  5.95370419E-01 -2.99471047E-01 -2.96802532E-01  0.00000000E+00
     861  2.25370361E-02  5.99923082E-04  6.11489076E-07  4.33661215E-01  1.02185037E-02  5.92046601E-01 -2.99462512E-01 -2.96796866E-01  0.00000000E+00
     871  2.24248770E-02  5.94654124E-04  6.03420335E-07  4.31186604E-01  1.01933957E-02  5.91281949E-01 -2.99424437E-01 -2.96762610E-01  0.00000000E+00
     881  2.26819309E-02  6.15024424E-04  6.83822269E-07  3.97388717E-01  1.11680335E-02  6.15597676E-01 -2.99407559E-01 -2.96745745E-01  0.00000000E+00
     891  2.25657428E-02  6.08382757E-04  6.71165976E-07  3.95557652E-01  1.10142729E-02  6.06267338E-01 -2.99420510E-01 -2.96754665E-01  0.00000000E+00
     901  2.24253936E-02  6.01952850E-04  6.60026321E-07  3.92823365E-01  1.10014519E-02  6.00484932E-01 -2.99446906E-01 -2.96778430E-01  0.00000000E+00
     911  2.24591491E-02  6.04022830E-04  6.64511608E-07  3.92879903E-01  1.10630796E-02  6.04274569E-01 -2.99513621E-01 -2.96841720E-01  0.00000000E+00
     921  2.24381325E-02  6.01491896E-04  6.56239986E-07  3.95380884E-01  1.08867816E-02  6.09800153E-01 -2.99522107E-01 -2.96851966E-01  0.00000000E+00
     931  2.24608736E-02  6.02014881E-04  6.54840113E-07  3.97718440E-01  1.08314640E-02  6.03918004E-01 -2.99501176E-01 -2.96827057E-01  0.00000000E+00
     941  2.25318936E-02  6.04120827E-04  6.53318202E-07  4.03300207E-01  1.07104655E-02  6.05596086E-01 -2.99496509E-01 -2.96823321E-01  0.00000000E+00
     951  2.24512479E-02  5.99876293E-04  6.44439383E-07  4.03050737E-01  1.06419571E-02  6.00944995E-01 -2.99452096E-01 -2.96779637E-01  0.00000000E+00
     961  2.24177759E-02  5.98465697E-04  6.40640691E-07  4.03768742E-01  1.06520925E-02  6.05139550E-01 -2.99432708E-01 -2.96759071E-01  0.00000000E+00
     971  2.24936865E-02  6.01852622E-04  6.45689730E-07  4.05814142E-01  1.06496124E-02  6.07269361E-01 -2.99481312E-01 -2.96807801E-01  0.00000000E+00
     981  2.24203184E-02  5.97651202E-04  6.37058432E-07  4.05485544E-01  1.05489698E-02  6.03792952E-01 -2.99476865E-01 -2.96803380E-01  0.00000000E+00
     991  2.24645264E-02  5.99923529E-04  6.39618158E-07  4.07609973E-01  1.05809629E-02  5.97471712E-01 -2.99457333E-01 -2.96784116E-01  0.00000000E+00
    1001  2.25167659E-02  6.02861306E-04  6.43065367E-07  4.10207771E-01  1.06462663E-02  6.08285137E-01 -2.99408541E-01 -2.96736544E-01  0.00000000E+00
    1011  2.24680941E-02  6.00199870E-04  6.37348878E-07  4.10255123E-01  1.05938500E-02  6.01053931E-01 -2.99393180E-01 -2.96724514E-01  0.00000000E+00
    1021  2.24452818E-02  5.98140245E-04  6.31482153E-07  4.11652682E-01  1.04788931E-02  6.21895990E-01 -2.99297308E-01 -2.96629209E-01  0.00000000E+00
    1031  2.24440709E-02  5.96968672E-04  6.26241096E-07  4.14243349E-01  1.03548099E-02  6.15490589E-01 -2.99274628E-01 -2.96606002E-01  0.00000000E+00
    1041  2.25041492E-02  6.00055079E-04  6.31988742E-07  4.14932661E-01  1.03976804E-02  6.18921359E-01 -2.99288233E-01 -2.96619851E-01  0.00000000E+00
    1051  2.23927019E-02  5.94857695E-04  6.23166150E-07  4.12975224E-01  1.03761613E-02  6.26808461E-01 -2.99251320E-01 -2.96583203E-01  0.00000000E+00
    1061  2.23777653E-02  5.92866843E-04  6.16734237E-07  4.15125781E-01  1.02293194E-02  6.20076939E-01 -2.99287936E-01 -2.96618886E-01  0.00000000E+00
    1071  2.22774426E-02  5.87731160E-04  6.07743996E-07  4.13535148E-01  1.01564881E-02  6.16565905E-01 -2.99266192E-01 -2.96596776E-01  0.00000000E+00
    1081  2.21980653E-02  5.83409235E-04  5.99403066E-07  4.12982421E-01  1.00685720E-02  6.19691901E-01 -2.99243129E-01 -2.96571573E-01  0.00000000E+00
    1091  2.22031822E-02  5.83312227E-04  5.97306671E-07  4.14840917E-01  1.00325642E-02  6.18498891E-01 -2.99233091E-01 -2.96562227E-01  0.00000000E+00
    1101  2.22611099E-02  5.86262723E-04  6.01644216E-07  4.16509312E-01  1.00741894E-02  6.15566774E-01 -2.99205976E-01 -2.96534975E-01  0.00000000E+00
    1111  2.23383500E-02  5.89335699E-04  6.04571612E-07  4.19768907E-01  1.00328852E-02  6.08587743E-01 -2.99235629E-01 -2.96564031E-01  0.00000000E+00
    1121  2.22644475E-02  5.86616124E-04  6.00928361E-07  4.17905556E-01  1.00969345E-02  6.14261910E-01 -2.99236822E-01 -2.96568784E-01  0.00000000E+00
    1131  2.22290660E-02  5.83849285E-04  5.94197726E-07  4.18957065E-01  9.96447979E-03  6.14326673E-01 -2.99243876E-01 -2.96575135E-01  0.00000000E+00
    1141  2.22227458E-02  5.83250632E-04  5.91291384E-07  4.20611514E-01  9.92919349E-03  6.07390570E-01 -2.99245403E-01 -2.96577002E-01  0.00000000E+00
    1151  2.22803569E-02  5.86908936E-04  6.01538525E-07  4.17895780E-01  1.00507460E-02  6.19173558E-01 -2.99261059E-01 -2.96593749E-01  0.00000000E+00
    1161  2.23219317E-02  5.88777554E-04  6.02106330E-07  4.21038814E-01  1.00523328E-02  6.14743303E-01 -2.99241161E-01 -2.96574611E-01  0.00000000E+00
    1171  2.24269462E-02  5.94360208E-04  6.14179683E-07  4.20471580E-01  1.01504442E-02  6.22572051E-01 -2.99327537E-01 -2.96662572E-01  0.00000000E+00
    1181  2.23341727E-02  5.90192271E-04  6.06824804E-07  4.19295710E-01  1.01487460E-02  6.21018174E-01 -2.99302871E-01 -2.96638097E-01  0.00000000E+00
    1191  2.23619146E-02  5.92905608E-04  6.19190166E-07  4.12873505E-01  1.03123866E-02  6.20746347E-01 -2.99305191E-01 -2.96638786E-01  0.00000000E+00
    1201  2.24991420E-02  6.00389193E-04  6.35183808E-07  4.12629094E-01  1.04598156E-02  6.16767379E-01 -2.99317265E-01 -2.96649082E-01  0.00000000E+00
    1211  2.24805831E-02  5.99140645E-04  6.31353874E-07  4.13734917E-01  1.04138601E-02  6.12003453E-01 -2.99322094E-01 -2.96656659E-01  0.00000000E+00
    1221  2.24847573E-02  6.00161616E-04  6.39077537E-07  4.08580192E-01  1.05064077E-02  6.12823268E-01 -2.99310613E-01 -2.96646569E-01  0.00000000E+00
    1231  2.24323551E-02  5.98428326E-04  6.38330313E-07  4.05844763E-01  1.05753195E-02  6.09033796E-01 -2.99331651E-01 -2.96667450E-01  0.00000000E+00
    1241  2.24784964E-02  5.99886997E-04  6.37763458E-07  4.09255780E-01  1.05071729E-02  6.11546013E-01 -2.99345025E-01 -2.96682426E-01  0.00000000E+00
    1251  2.24861042E-02  6.00486807E-04  6.37359980E-07  4.10808335E-01  1.05357978E-02  6.09580543E-01 -2.99310492E-01 -2.96646369E-01  0.00000000E+00
    1261  2.25205422E-02  6.02235036E-04  6.40309545E-07  4.11513253E-01  1.05578207E-02  6.06486872E-01 -2.99301527E-01 -2.96638281E-01  0.00000000E+00
    1271  2.25224412E-02  6.01852343E-04  6.37504497E-07  4.13345932E-01  1.05058167E-02  6.06366130E-01 -2.99286195E-01 -2.96625308E-01  0.00000000E+00
    1281  2.24729447E-02  5.98739531E-04  6.30701544E-07  4.13555694E-01  1.04074470E-02  6.06755710E-01 -2.99297775E-01 -2.96636665E-01  0.00000000E+00
    1291  2.25088257E-02  6.00361716E-04  6.32256201E-07  4.15282809E-01  1.04083571E-02  6.01006500E-01 -2.99295454E-01 -2.96636558E-01  0.00000000E+00
    1301  2.24065600E-02  5.95482737E-04  6.24463749E-07  4.12987127E-01  1.03766287E-02  5.97026101E-01 -2.99274318E-01 -2.96614477E-01  0.00000000E+00
    1311  2.24226044E-02  5.96595656E-04  6.26439224E-07  4.13325091E-01  1.04203508E-02  5.94873185E-01 -2.99292390E-01 -2.96631402E-01  0.00000000E+00
    1321  2.24003398E-02  5.94867741E-04  6.21364365E-07  4.14692281E-01  1.03392792E-02  5.90949522E-01 -2.99297291E-01 -2.96638065E-01  0.00000000E+00
    1331  2.24057873E-02  5.95082837E-04  6.21044831E-07  4.15416104E-01  1.03360599E-02  5.91119797E-01 -2.99315129E-01 -2.96657764E-01  0.00000000E+00
    1341  2.24170212E-02  5.95746085E-04  6.21368031E-07  4.16413473E-01  1.03537983E-02  5.88257697E-01 -2.99301926E-01 -2.96647990E-01  0.00000000E+00
    1351  2.24768222E-02  5.98532087E-04  6.25160266E-07  4.18305126E-01  1.03650500E-02  5.86108696E-01 -2.99306923E-01 -2.96650700E-01  0.00000000E+00
    1361  2.25175865E-02  6.00895396E-04  6.28091168E-07  4.20166000E-01  1.04238189E-02  5.82404686E-01 -2.99341087E-01 -2.96684552E-01  0.00000000E+00
    1371  2.25787718E-02  6.03312385E-04  6.29859237E-07  4.23183379E-01  1.03858073E-02  5.77950018E-01 -2.99331831E-01 -2.96673025E-01  0.00000000E+00
    1381  2.25938691E-02  6.03295032E-04  6.27355561E-07  4.25443160E-01  1.03081360E-02  5.77099912E-01 -2.99310173E-01 -2.96650928E-01  0.00000000E+00
    1391  2.25428118E-02  6.00354675E-04  6.21162282E-07  4.25529109E-01  1.02375212E-02  5.75970958E-01 -2.99326846E-01 -2.96668980E-01  0.00000000E+00
    1401  2.25252207E-02  5.99365006E-04  6.19624694E-07  4.25057123E-01  1.02156552E-02  5.84602113E-01 -2.99321281E-01 -2.96665199E-01  0.00000000E+00
    1411  2.25482923E-02  6.01054503E-04  6.25156785E-07  4.23180433E-01  1.02878005E-02  5.84339100E-01 -2.99312694E-01 -2.96657928E-01  0.00000000E+00
    1421  2.25380448E-02  6.00584126E-04  6.23154891E-07  4.24126552E-01  1.02868727E-02  5.86115745E-01 -2.99280459E-01 -2.96627398E-01  0.00000000E+00
    1431  2.25749376E-02  6.03090967E-04  6.27732672E-07  4.24708666E-01  1.03804443E-02  5.85214756E-01 -2.99318687E-01 -2.96664630E-01  0.00000000E+00
    1441  2.25443025E-02  6.01604447E-04  6.24919617E-07  4.24452956E-01  1.03688614E-02  5.82337667E-01 -2.99332097E-01 -2.96679269E-01  0.00000000E+00
    1451  2.25943441E-02  6.03394281E-04  6.25794056E-07  4.27061772E-01  1.03167748E-02  5.79176793E-01 -2.99310111E-01 -2.96657581E-01  0.00000000E+00
    1461  2.26694844E-02  6.07422340E-04  6.33556693E-07  4.27622297E-01  1.03864035E-02  5.79241077E-01 -2.99311346E-01 -2.96659979E-01  0.00000000E+00
    1471  2.26286086E-02  6.05315130E-04  6.29990527E-07  4.26874534E-01  1.03580141E-02  5.75095518E-01 -2.99315841E-01 -2.96665612E-01  0.00000000E+00
    1481  2.26668484E-02  6.06928357E-04  6.31671712E-07  4.28395927E-01  1.03448127E-02  5.70500630E-01 -2.99289721E-01 -2.96639300E-01  0.00000000E+00
    1491  2.26952038E-02  6.08191087E-04  6.32435274E-07  4.30078912E-01  1.03421996E-02  5.69552291E-01 -2.99300934E-01 -2.96650532E-01  0.00000000E+00
    1501  2.27224757E-02  6.09411511E-04  6.34106315E-07  4.30859466E-01  1.03401777E-02  5.70195405E-01 -2.99320247E-01 -2.96670374E-01  0.00000000E+00
    1511  2.26961207E-02  6.07939397E-04  6.30978715E-07  4.30920584E-01  1.03096230E-02  5.70749273E-01 -2.99319844E-01 -2.96669201E-01  0.00000000E+00
    1521  2.26940367E-02  6.08272231E-04  6.33806202E-07  4.28995871E-01  1.03570951E-02  5.69401782E-01 -2.99315502E-01 -2.96663841E-01  0.00000000E+00
    1531  2.26139434E-02  6.04861687E-04  6.28438766E-07  4.27428720E-01  1.03813428E-02  5.69748260E-01 -2.99306456E-01 -2.96654903E-01  0.00000000E+00
    1541  2.25103856E-02  6.00332937E-04  6.21688900E-07  4.25000436E-01  1.03973611E-02  5.68203612E-01 -2.99297647E-01 -2.96646255E-01  0.00000000E+00
    1551  2.25448097E-02  6.02653233E-04  6.26597215E-07  4.24914757E-01  1.04828046E-02  5.65427913E-01 -2.99313478E-01 -2.96664226E-01  0.00000000E+00
    1561  2.25189274E-02  6.00547038E-04  6.21428237E-07  4.25651262E-01  1.03784214E-02  5.68774071E-01 -2.99297059E-01 -2.96647842E-01  0.00000000E+00
    1571  2.24785376E-02  5.98392043E-04  6.17224945E-07  4.25419880E-01  1.03409308E-02  5.65749528E-01 -2.99273629E-01 -2.96622903E-01  0.00000000E+00
    1581  2.24586893E-02  5.97007344E-04  6.13686383E-07  4.26060805E-01  1.02862015E-02  5.62089086E-01 -2.99281607E-01 -2.96630027E-01  0.00000000E+00
    1591  2.24736239E-02  5.98499420E-04  6.19610913E-07  4.23405711E-01  1.03773887E-02  5.63537711E-01 -2.99290064E-01 -2.96635874E-01  0.00000000E+00
    1601  2.25053416E-02  6.00406352E-04  6.24724191E-07  4.22334392E-01  1.04307333E-02  5.65858036E-01 -2.99317978E-01 -2.96663182E-01  0.00000000E+00
    1611  2.25324027E-02  6.01606225E-04  6.25691836E-07  4.23745155E-01  1.04286347E-02  5.62573227E-01 -2.99316485E-01 -2.96661080E-01  0.00000000E+00
    1621  2.25019921E-02  6.01313187E-04  6.28774499E-07  4.20341501E-01  1.05481940E-02  5.64862265E-01 -2.99315109E-01 -2.96659832E-01  0.00000000E+00
    1631  2.24901744E-02  6.00423438E-04  6.26082939E-07  4.21110942E-01  1.05084276E-02  5.66695559E-01 -2.99312653E-01 -2.96656367E-01  0.00000000E+00
    1641  2.24417538E-02  5.98924945E-04  6.24989247E-07  4.19226907E-01  1.05836337E-02  5.64265578E-01 -2.99292563E-01 -2.96636215E-01  0.00000000E+00
    1651  2.24345672E-02  5.98315766E-04  6.23160968E-07  4.19746065E-01  1.05517948E-02  5.64519314E-01 -2.99327898E-01 -2.96669158E-01  0.00000000E+00
    1661  2.24053853E-02  5.97347522E-04  6.23393079E-07  4.17646637E-01  1.05895866E-02  5.65130009E-01 -2.99324226E-01 -2.96666821E-01  0.00000000E+00
    1671  2.24362598E-02  5.98399499E-04  6.23363102E-07  4.19720278E-01  1.05526594E-02  5.66400061E-01 -2.99341386E-01 -2.96685314E-01  0.00000000E+00
    1681  2.24382290E-02  5.97881531E-04  6.20617184E-07  4.21274970E-01  1.04853171E-02  5.66289136E-01 -2.99323900E-01 -2.96666234E-01  0.00000000E+00
    1691  2.24843906E-02  6.00751807E-04  6.27680169E-07  4.20268389E-01  1.05737882E-02  5.64872812E-01 -2.99334635E-01 -2.96676196E-01  0.00000000E+00
    1701  2.25250894E-02  6.04206383E-04  6.40144940E-07  4.15497405E-01  1.07540180E-02  5.65125857E-01 -2.99357199E-01 -2.96698619E-01  0.00000000E+00
    1711  2.25673412E-02  6.07171581E-04  6.49510950E-07  4.12723867E-01  1.08717421E-02  5.71416589E-01 -2.99339587E-01 -2.96681163E-01  0.00000000E+00
    1721  2.26680170E-02  6.12485254E-04  6.59178933E-07  4.14279007E-01  1.09561028E-02  5.70531809E-01 -2.99366687E-01 -2.96707454E-01  0.00000000E+00
    1731  2.26711174E-02  6.12001270E-04  6.56783729E-07  4.15483892E-01  1.08867371E-02  5.69363297E-01 -2.99357178E-01 -2.96700214E-01  0.00000000E+00
    1741  2.26724734E-02  6.12284878E-04  6.58142885E-07  4.14816774E-01  1.09114071E-02  5.68241992E-01 -2.99372790E-01 -2.96715557E-01  0.00000000E+00
    1751  2.27569191E-02  6.16577973E-04  6.65604936E-07  4.16394646E-01  1.09621387E-02  5.66563812E-01 -2.99371065E-01 -2.96713352E-01  0.00000000E+00
    1761  2.27134111E-02  6.14336423E-04  6.61611434E-07  4.15655155E-01  1.09329037E-02  5.65530221E-01 -2.99397580E-01 -2.96740548E-01  0.00000000E+00
    1771  2.26955492E-02  6.13852104E-04  6.60457253E-07  4.15753712E-01  1.09691963E-02  5.69010951E-01 -2.99385756E-01 -2.96729796E-01  0.00000000E+00
    1781  2.27141284E-02  6.14636313E-04  6.60957901E-07  4.16801883E-01  1.09625918E-02  5.69969715E-01 -2.99371088E-01 -2.96714776E-01  0.00000000E+00
    1791  2.26937895E-02  6.14255416E-04  6.60124782E-07  4.16814397E-01  1.10228610E-02  5.69990843E-01 -2.99382017E-01 -2.96725840E-01  0.00000000E+00
    1801  2.27158509E-02  6.15646780E-04  6.62331462E-07  4.17506738E-01  1.10661278E-02  5.69910027E-01 -2.99396199E-01 -2.96741889E-01  0.00000000E+00
    1811  2.26876062E-02  6.13879038E-04  6.58240957E-07  4.17765361E-01  1.10122244E-02  5.66556382E-01 -2.99410215E-01 -2.96757000E-01  0.00000000E+00
    1821  2.27603038E-02  6.17797418E-04  6.65451962E-07  4.18829880E-01  1.10804649E-02  5.71627270E-01 -2.99419562E-01 -2.96768048E-01  0.00000000E+00
    1831  2.27139340E-02  6.15511265E-04  6.61123474E-07  4.18313063E-01  1.10607486E-02  5.75204142E-01 -2.99439100E-01 -2.96787281E-01  0.00000000E+00
    1841  2.27158739E-02  6.15888747E-04  6.63226300E-07  4.17177986E-01  1.10928855E-02  5.72107604E-01 -2.99429129E-01 -2.96778156E-01  0.00000000E+00
    1851  2.26988162E-02  6.14595580E-04  6.59683435E-07  4.17849253E-01  1.10352993E-02  5.71913684E-01 -2.99418069E-01 -2.96769023E-01  0.00000000E+00
    1861  2.27011575E-02  6.15044817E-04  6.62645165E-07  4.16089543E-01  1.10733877E-02  5.74055648E-01 -2.99428799E-01 -2.96778096E-01  0.00000000E+00
    1871  2.27460818E-02  6.16576146E-04  6.62554697E-07  4.19065665E-01  1.10167050E-02  5.73047962E-01 -2.99424028E-01 -2.96773988E-01  0.00000000E+00
    1881  2.27224968E-02  6.16232374E-04  6.62963278E-07  4.18058677E-01  1.10976272E-02  5.70978125E-01 -2.99434011E-01 -2.96782831E-01  0.00000000E+00
    1891  2.26722955E-02  6.13704769E-04  6.58375542E-07  4.17315538E-01  1.10700027E-02  5.71292379E-01 -2.99408350E-01 -2.96757506E-01  0.00000000E+00
    1901  2.26143968E-02  6.10805368E-04  6.53138372E-07  4.16449756E-01  1.10391975E-02  5.69242738E-01 -2.99411834E-01 -2.96760943E-01  0.00000000E+00
    1911  2.26512207E-02  6.12704977E-04  6.56612293E-07  4.16978007E-01  1.10650484E-02  5.71803318E-01 -2.99394770E-01 -2.96742825E-01  0.00000000E+00
    1921  2.26426958E-02  6.12409632E-04  6.55611706E-07  4.17304827E-01  1.10751308E-02  5.68824750E-01 -2.99378843E-01 -2.96728547E-01  0.00000000E+00
    1931  2.26168948E-02  6.10959041E-04  6.52017995E-07  4.17743781E-01  1.10437164E-02  5.67753613E-01 -2.99373011E-01 -2.96722677E-01  0.00000000E+00
    1941  2.26007878E-02  6.09646876E-04  6.48400596E-07  4.18478942E-01  1.09788721E-02  5.65722589E-01 -2.99369057E-01 -2.96719903E-01  0.00000000E+00
    1951  2.25617458E-02  6.07237248E-04  6.43540116E-07  4.18248432E-01  1.09070807E-02  5.68462827E-01 -2.99354946E-01 -2.96705463E-01  0.00000000E+00
    1961  2.25160057E-02  6.05188850E-04  6.39741281E-07  4.17761009E-01  1.09085761E-02  5.65726107E-01 -2.99338722E-01 -2.96689462E-01  0.00000000E+00
    1971  2.25514498E-02  6.06894726E-04  6.41640112E-07  4.19311100E-01  1.09206264E-02  5.68622038E-01 -2.99338353E-01 -2.96689061E-01  0.00000000E+00
    1981  2.25383924E-02  6.06217594E-04  6.39598005E-07  4.19865394E-01  1.09108110E-02  5.67234009E-01 -2.99340916E-01 -2.96690612E-01  0.00000000E+00
    1991  2.25582926E-02  6.06840822E-04  6.39265454E-07  4.21357397E-01  1.08803566E-02  5.65687795E-01 -2.99344931E-01 -2.96693947E-01  0.00000000E+00
