   #Iter             <M>           <M^2>           <M^4>      U_{Binder}            \chi        C_v(tot)             <E>       <E_{exc}>       <E_{lsf}>
       1  3.04316565E-01  9.26085720E-02  8.57634760E-03  6.66666667E-01  9.22130042E-17  9.64409279E-13 -6.49102321E-01 -6.47390977E-01  0.00000000E+00
      11  3.02639299E-01  9.16007410E-02  8.39443868E-03  6.66517974E-01  1.47208514E-03  6.32181261E-01 -6.44803810E-01 -6.43091512E-01  0.00000000E+00
      21  3.01191954E-01  9.07355195E-02  8.23988450E-03  6.66385276E-01  2.73265106E-03  3.79157620E+00 -6.41910480E-01 -6.40277265E-01  0.00000000E+00
      31  3.02992885E-01  9.18353402E-02  8.44503708E-03  6.66219756E-01  4.42562219E-03  4.24951403E+00 -6.42087428E-01 -6.40458911E-01  0.00000000E+00
      41  3.04154553E-01  9.25412817E-02  8.57552910E-03  6.66213590E-01  4.51772283E-03  4.28987017E+00 -6.42208204E-01 -6.40590822E-01  0.00000000E+00
      51  3.01150693E-01  9.07422698E-02  8.25246505E-03  6.65925627E-01  7.29574439E-03  3.75946798E+00 -6.41216222E-01 -6.39578839E-01  0.00000000E+00
      61  3.01503717E-01  9.09479118E-02  8.28726289E-03  6.66032353E-01  6.26917693E-03  3.23615379E+00 -6.41098007E-01 -6.39414506E-01  0.00000000E+00
      71  3.01755860E-01  9.10971114E-02  8.31341506E-03  6.66074952E-01  5.84937687E-03  2.90954828E+00 -6.41384147E-01 -6.39735164E-01  0.00000000E+00
      81  3.02296574E-01  9.14240616E-02  8.37326228E-03  6.66072322E-01  5.89704584E-03  3.05431816E+00 -6.41793657E-01 -6.40159200E-01  0.00000000E+00
      91  3.01981703E-01  9.12294122E-02  8.33610617E-03  6.66133973E-01  5.26473685E-03  2.74642025E+00 -6.41042203E-01 -6.39389342E-01  0.00000000E+00
     101  3.00610668E-01  9.04124107E-02  8.19087720E-03  6.65994928E-01  6.58928262E-03  3.05522961E+00 -6.39414087E-01 -6.37766616E-01  0.00000000E+00
     111  2.99781237E-01  8.99123974E-02  8.09996934E-03  6.66018074E-01  6.29619182E-03  2.82139877E+00 -6.38664691E-01 -6.37014881E-01  0.00000000E+00
     121  3.00366399E-01  9.02653613E-02  8.16424980E-03  6.65995145E-01  6.55328348E-03  3.08967864E+00 -6.38616017E-01 -6.36951800E-01  0.00000000E+00
     131  3.00795892E-01  9.05230099E-02  8.21068429E-03  6.66004876E-01  6.47435665E-03  3.29996660E+00 -6.38368878E-01 -6.36725040E-01  0.00000000E+00
     141  3.01782069E-01  9.11197246E-02  8.32003686E-03  6.65974826E-01  6.83044628E-03  3.47324564E+00 -6.39202960E-01 -6.37548182E-01  0.00000000E+00
     151  3.02286345E-01  9.14340838E-02  8.38102843E-03  6.65835875E-01  8.23705585E-03  3.76210847E+00 -6.40030187E-01 -6.38384304E-01  0.00000000E+00
     161  3.02176571E-01  9.13643720E-02  8.36704830E-03  6.65883999E-01  7.75225257E-03  3.50330221E+00 -6.40032970E-01 -6.38409625E-01  0.00000000E+00
     171  3.02233407E-01  9.13974712E-02  8.37262787E-03  6.65903309E-01  7.57134603E-03  3.65910198E+00 -6.40408746E-01 -6.38783760E-01  0.00000000E+00
     181  3.02876251E-01  9.17868321E-02  8.44414031E-03  6.65902347E-01  7.62473544E-03  3.57198609E+00 -6.40937921E-01 -6.39313861E-01  0.00000000E+00
     191  3.02895762E-01  9.17956620E-02  8.44467620E-03  6.65945420E-01  7.19314135E-03  3.61161859E+00 -6.41210977E-01 -6.39591795E-01  0.00000000E+00
     201  3.02867641E-01  9.17761814E-02  8.44020961E-03  6.65980355E-01  6.83997178E-03  3.51058100E+00 -6.41071457E-01 -6.39445221E-01  0.00000000E+00
     211  3.03053441E-01  9.18867940E-02  8.45981748E-03  6.66009941E-01  6.55586982E-03  3.25260231E+00 -6.41299384E-01 -6.39673387E-01  0.00000000E+00
     221  3.03067843E-01  9.18950530E-02  8.46116421E-03  6.66016814E-01  6.48795530E-03  3.37792792E+00 -6.41062357E-01 -6.39426616E-01  0.00000000E+00
     231  3.03114869E-01  9.19218698E-02  8.46547409E-03  6.66041632E-01  6.24405628E-03  3.53151583E+00 -6.41605507E-01 -6.39966497E-01  0.00000000E+00
     241  3.02966866E-01  9.18318217E-02  8.44878944E-03  6.66045859E-01  6.19401025E-03  3.55414659E+00 -6.41084115E-01 -6.39451628E-01  0.00000000E+00
     251  3.03138902E-01  9.19360342E-02  8.46791611E-03  6.66048221E-01  6.18544604E-03  3.61409690E+00 -6.41270882E-01 -6.39642759E-01  0.00000000E+00
     261  3.02794094E-01  9.17292181E-02  8.43067595E-03  6.66015926E-01  6.49072940E-03  3.57963405E+00 -6.41127540E-01 -6.39498941E-01  0.00000000E+00
     271  3.02348303E-01  9.14600363E-02  8.38155361E-03  6.66004563E-01  6.57520533E-03  3.57704406E+00 -6.40904723E-01 -6.39272771E-01  0.00000000E+00
     281  3.02304264E-01  9.14315708E-02  8.37567978E-03  6.66030775E-01  6.31001183E-03  3.51798030E+00 -6.40987684E-01 -6.39359447E-01  0.00000000E+00
     291  3.02245561E-01  9.13959552E-02  8.36910981E-03  6.66032612E-01  6.29167371E-03  3.42408315E+00 -6.40885848E-01 -6.39254139E-01  0.00000000E+00
     301  3.01880894E-01  9.11762677E-02  8.32919490E-03  6.66021778E-01  6.38079912E-03  3.30432414E+00 -6.40925527E-01 -6.39290121E-01  0.00000000E+00
     311  3.01703228E-01  9.10680991E-02  8.30913877E-03  6.66034031E-01  6.24620175E-03  3.19615791E+00 -6.41005954E-01 -6.39375434E-01  0.00000000E+00
     321  3.01386128E-01  9.08786089E-02  8.27523659E-03  6.66008185E-01  6.49882717E-03  3.22520011E+00 -6.41121333E-01 -6.39491320E-01  0.00000000E+00
     331  3.01065330E-01  9.06850341E-02  8.23997244E-03  6.66010155E-01  6.45415726E-03  3.15621327E+00 -6.41088304E-01 -6.39454443E-01  0.00000000E+00
     341  3.00967246E-01  9.06255354E-02  8.22901841E-03  6.66016041E-01  6.38928810E-03  3.02250392E+00 -6.41111119E-01 -6.39470440E-01  0.00000000E+00
     351  3.00746597E-01  9.04919471E-02  8.20452054E-03  6.66026440E-01  6.27078352E-03  2.99553969E+00 -6.41004016E-01 -6.39359317E-01  0.00000000E+00
     361  3.00397758E-01  9.02848098E-02  8.16793464E-03  6.65988343E-01  6.64116339E-03  3.07380753E+00 -6.40875880E-01 -6.39228432E-01  0.00000000E+00
     371  3.00290032E-01  9.02207501E-02  8.15656689E-03  6.65979378E-01  6.73504063E-03  3.09119642E+00 -6.40901173E-01 -6.39256824E-01  0.00000000E+00
     381  2.99757048E-01  8.99081038E-02  8.10264881E-03  6.65875682E-01  7.77014311E-03  3.03441200E+00 -6.40846670E-01 -6.39203021E-01  0.00000000E+00
     391  2.99787321E-01  8.99262758E-02  8.10594464E-03  6.65874853E-01  7.77334062E-03  3.01763253E+00 -6.40622451E-01 -6.38979035E-01  0.00000000E+00
     401  2.99990733E-01  9.00482899E-02  8.12793534E-03  6.65875712E-01  7.77508998E-03  3.05696441E+00 -6.40631486E-01 -6.38990766E-01  0.00000000E+00
     411  2.99900665E-01  8.99938160E-02  8.11796877E-03  6.65881297E-01  7.71114052E-03  3.17057179E+00 -6.40656263E-01 -6.39014685E-01  0.00000000E+00
     421  2.99589007E-01  8.98070699E-02  8.08441848E-03  6.65876919E-01  7.72404553E-03  3.09196987E+00 -6.40545970E-01 -6.38900021E-01  0.00000000E+00
     431  2.99312263E-01  8.96420690E-02  8.05505304E-03  6.65863895E-01  7.83109698E-03  3.22744325E+00 -6.40293022E-01 -6.38643071E-01  0.00000000E+00
     441  2.99256705E-01  8.96076917E-02  8.04848791E-03  6.65880009E-01  7.66910398E-03  3.20566791E+00 -6.40038896E-01 -6.38387621E-01  0.00000000E+00
     451  2.99353457E-01  8.96648254E-02  8.05845328E-03  6.65892501E-01  7.55604143E-03  3.19040861E+00 -6.40212744E-01 -6.38558456E-01  0.00000000E+00
     461  2.99485280E-01  8.97439716E-02  8.07273776E-03  6.65890350E-01  7.58576645E-03  3.17477907E+00 -6.40109152E-01 -6.38454706E-01  0.00000000E+00
     471  2.99695948E-01  8.98696895E-02  8.09514312E-03  6.65899755E-01  7.51205476E-03  3.17440380E+00 -6.40406637E-01 -6.38755113E-01  0.00000000E+00
     481  2.99911385E-01  8.99992797E-02  8.11863068E-03  6.65894624E-01  7.57158226E-03  3.10379920E+00 -6.40495082E-01 -6.38843802E-01  0.00000000E+00
     491  2.99927799E-01  9.00073775E-02  8.11946342E-03  6.65920475E-01  7.31920236E-03  3.08082776E+00 -6.40448332E-01 -6.38795187E-01  0.00000000E+00
     501  2.99877187E-01  8.99757456E-02  8.11331324E-03  6.65938766E-01  7.13518485E-03  3.06575221E+00 -6.40217346E-01 -6.38562586E-01  0.00000000E+00
     511  2.99902130E-01  8.99898556E-02  8.11555054E-03  6.65951427E-01  7.01246091E-03  2.99115727E+00 -6.40262335E-01 -6.38608603E-01  0.00000000E+00
     521  2.99890896E-01  8.99825451E-02  8.11403801E-03  6.65959413E-01  6.92982884E-03  3.01368010E+00 -6.40320630E-01 -6.38663267E-01  0.00000000E+00
     531  2.99860601E-01  8.99640603E-02  8.11060049E-03  6.65963704E-01  6.88428448E-03  2.96735243E+00 -6.40257952E-01 -6.38597358E-01  0.00000000E+00
     541  2.99196408E-01  8.95778043E-02  8.04510298E-03  6.65797629E-01  8.56392161E-03  3.03186644E+00 -6.40013995E-01 -6.38350693E-01  0.00000000E+00
     551  2.99221361E-01  8.95953398E-02  8.04918895E-03  6.65758766E-01  8.93978200E-03  3.15771175E+00 -6.39996648E-01 -6.38335624E-01  0.00000000E+00
     561  2.99450901E-01  8.97330726E-02  8.07403552E-03  6.65755459E-01  8.98504015E-03  3.16939535E+00 -6.39980658E-01 -6.38320777E-01  0.00000000E+00
     571  2.99429576E-01  8.97188775E-02  8.07098835E-03  6.65775869E-01  8.77943854E-03  3.11270172E+00 -6.39871231E-01 -6.38211336E-01  0.00000000E+00
     581  2.99553713E-01  8.97941995E-02  8.08487470E-03  6.65762271E-01  8.91899081E-03  3.03725078E+00 -6.39904310E-01 -6.38244866E-01  0.00000000E+00
     591  2.99745507E-01  8.99087685E-02  8.10534299E-03  6.65769526E-01  8.86513448E-03  2.99212156E+00 -6.39986566E-01 -6.38330953E-01  0.00000000E+00
     601  2.99862077E-01  8.99776076E-02  8.11735890E-03  6.65786022E-01  8.71250380E-03  2.99737780E+00 -6.40130928E-01 -6.38475187E-01  0.00000000E+00
     611  2.99944675E-01  9.00262868E-02  8.12582837E-03  6.65799023E-01  8.58775570E-03  2.98547000E+00 -6.40176171E-01 -6.38519351E-01  0.00000000E+00
     621  2.99943302E-01  9.00257719E-02  8.12586153E-03  6.65793836E-01  8.63238311E-03  2.97277175E+00 -6.40259349E-01 -6.38604368E-01  0.00000000E+00
     631  2.99896298E-01  8.99972750E-02  8.12062296E-03  6.65797747E-01  8.58869425E-03  2.98492762E+00 -6.40189985E-01 -6.38534629E-01  0.00000000E+00
     641  2.99751907E-01  8.99115297E-02  8.10547590E-03  6.65784574E-01  8.70977856E-03  3.07371113E+00 -6.40124206E-01 -6.38468114E-01  0.00000000E+00
     651  2.99767615E-01  8.99198689E-02  8.10659366E-03  6.65800481E-01  8.55416134E-03  3.07273132E+00 -6.40025499E-01 -6.38368518E-01  0.00000000E+00
     661  2.99730127E-01  8.98977455E-02  8.10272936E-03  6.65795358E-01  8.60480104E-03  3.12330067E+00 -6.39994299E-01 -6.38338894E-01  0.00000000E+00
     671  2.99888628E-01  8.99922765E-02  8.11956219E-03  6.65804282E-01  8.53124372E-03  3.11004128E+00 -6.40184205E-01 -6.38525157E-01  0.00000000E+00
     681  2.99747391E-01  8.99071706E-02  8.10410185E-03  6.65808827E-01  8.47130493E-03  3.10012681E+00 -6.40057075E-01 -6.38399591E-01  0.00000000E+00
     691  2.99866145E-01  8.99775830E-02  8.11648838E-03  6.65821681E-01  8.35670474E-03  3.05611542E+00 -6.40121872E-01 -6.38463622E-01  0.00000000E+00
     701  2.99881283E-01  8.99862599E-02  8.11790795E-03  6.65827687E-01  8.29859312E-03  3.09465602E+00 -6.39918556E-01 -6.38258981E-01  0.00000000E+00
     711  2.99981233E-01  9.00459124E-02  8.12855637E-03  6.65832537E-01  8.25477481E-03  3.06060921E+00 -6.39946640E-01 -6.38288297E-01  0.00000000E+00
     721  2.99873046E-01  8.99811373E-02  8.11693956E-03  6.65829505E-01  8.27231271E-03  3.04883014E+00 -6.39920837E-01 -6.38263401E-01  0.00000000E+00
     731  2.99647421E-01  8.98466368E-02  8.09301893E-03  6.65816001E-01  8.38293497E-03  3.03549660E+00 -6.39824851E-01 -6.38167106E-01  0.00000000E+00
     741  2.99530084E-01  8.97784156E-02  8.08148679E-03  6.65784845E-01  8.68390111E-03  3.14188967E+00 -6.39679876E-01 -6.38022350E-01  0.00000000E+00
     751  2.99711076E-01  8.98879872E-02  8.10160829E-03  6.65769041E-01  8.84466133E-03  3.18021956E+00 -6.39745088E-01 -6.38085943E-01  0.00000000E+00
     761  2.99953312E-01  9.00345615E-02  8.12848891E-03  6.65751047E-01  9.03439688E-03  3.17819114E+00 -6.39809300E-01 -6.38152499E-01  0.00000000E+00
     771  3.00089278E-01  9.01159555E-02  8.14309940E-03  6.65754863E-01  9.00680569E-03  3.24718733E+00 -6.39994853E-01 -6.38339928E-01  0.00000000E+00
     781  3.00031829E-01  9.00811650E-02  8.13671613E-03  6.65758846E-01  8.96140744E-03  3.30690951E+00 -6.39779407E-01 -6.38124001E-01  0.00000000E+00
     791  3.00154047E-01  9.01546615E-02  8.15002989E-03  6.65757576E-01  8.98210502E-03  3.33806038E+00 -6.39787860E-01 -6.38132572E-01  0.00000000E+00
     801  3.00150543E-01  9.01522655E-02  8.14950669E-03  6.65761267E-01  8.93981875E-03  3.34678308E+00 -6.39751769E-01 -6.38096926E-01  0.00000000E+00
     811  3.00123511E-01  9.01351789E-02  8.14612230E-03  6.65773392E-01  8.81565339E-03  3.37164602E+00 -6.39759424E-01 -6.38102252E-01  0.00000000E+00
     821  3.00072247E-01  9.01038611E-02  8.14028213E-03  6.65780797E-01  8.73633022E-03  3.33600465E+00 -6.39747937E-01 -6.38090733E-01  0.00000000E+00
     831  3.00157582E-01  9.01544838E-02  8.14919763E-03  6.65790390E-01  8.65001392E-03  3.33691789E+00 -6.39851888E-01 -6.38196680E-01  0.00000000E+00
     841  3.00127266E-01  9.01352669E-02  8.14537223E-03  6.65804819E-01  8.50294886E-03  3.30555599E+00 -6.39810205E-01 -6.38155435E-01  0.00000000E+00
     851  3.00123196E-01  9.01320700E-02  8.14452809E-03  6.65815749E-01  8.39406737E-03  3.31802386E+00 -6.39748811E-01 -6.38093731E-01  0.00000000E+00
     861  3.00059668E-01  9.00931628E-02  8.13724030E-03  6.65826337E-01  8.28167873E-03  3.26878406E+00 -6.39711283E-01 -6.38056608E-01  0.00000000E+00
     871  3.00046026E-01  9.00840003E-02  8.13524245E-03  6.65840418E-01  8.14074210E-03  3.22550096E+00 -6.39699610E-01 -6.38042111E-01  0.00000000E+00
     881  3.00171040E-01  9.01591631E-02  8.14884880E-03  6.65839386E-01  8.15913212E-03  3.24560209E+00 -6.39836950E-01 -6.38180859E-01  0.00000000E+00
     891  3.00231924E-01  9.01952668E-02  8.15520524E-03  6.65846399E-01  8.09393486E-03  3.24124965E+00 -6.39884289E-01 -6.38228656E-01  0.00000000E+00
     901  3.00176225E-01  9.01615565E-02  8.14903015E-03  6.65849690E-01  8.05525183E-03  3.25680707E+00 -6.39805010E-01 -6.38149112E-01  0.00000000E+00
     911  3.00248086E-01  9.02038621E-02  8.15635987E-03  6.65862776E-01  7.93374343E-03  3.22052293E+00 -6.39841249E-01 -6.38185356E-01  0.00000000E+00
     921  3.00215075E-01  9.01844871E-02  8.15301640E-03  6.65856219E-01  7.99822402E-03  3.21985279E+00 -6.39879476E-01 -6.38223612E-01  0.00000000E+00
     931  3.00211661E-01  9.01820922E-02  8.15246603E-03  6.65861030E-01  7.94843367E-03  3.19020246E+00 -6.39942444E-01 -6.38284670E-01  0.00000000E+00
     941  3.00244114E-01  9.02009360E-02  8.15563804E-03  6.65870670E-01  7.85564693E-03  3.18021512E+00 -6.40027346E-01 -6.38370686E-01  0.00000000E+00
     951  3.00201952E-01  9.01751769E-02  8.15083449E-03  6.65876660E-01  7.79167123E-03  3.17803570E+00 -6.39974823E-01 -6.38319119E-01  0.00000000E+00
     961  3.00189877E-01  9.01675170E-02  8.14930835E-03  6.65882460E-01  7.73245806E-03  3.13919646E+00 -6.39983669E-01 -6.38326753E-01  0.00000000E+00
     971  3.00084974E-01  9.01045890E-02  8.13797433E-03  6.65880948E-01  7.73861263E-03  3.12850728E+00 -6.39996305E-01 -6.38339138E-01  0.00000000E+00
     981  3.00053890E-01  9.00850743E-02  8.13415240E-03  6.65893159E-01  7.61443205E-03  3.09903025E+00 -6.39942053E-01 -6.38284617E-01  0.00000000E+00
     991  3.00047136E-01  9.00806071E-02  8.13319763E-03  6.65899241E-01  7.55463108E-03  3.08231257E+00 -6.40001878E-01 -6.38344212E-01  0.00000000E+00
   #Iter             <M>           <M^2>           <M^4>      U_{Binder}            \chi        C_v(tot)             <E>       <E_{exc}>       <E_{lsf}>
       1  2.99663011E-01  8.97979203E-02  8.06366648E-03  6.66666667E-01 -4.65225419E-16 -6.71078943E-13 -6.34067402E-01 -6.32472408E-01  0.00000000E+00
      11  3.05480362E-01  9.33439924E-02  8.72265137E-03  6.66301299E-01  3.71657223E-03  1.32374117E+00 -6.43621165E-01 -6.41989113E-01  0.00000000E+00
      21  3.03664506E-01  9.22319809E-02  8.51404932E-03  6.66380187E-01  2.86582707E-03  1.80024750E+00 -6.41271246E-01 -6.39646452E-01  0.00000000E+00
      31  3.03431566E-01  9.20912023E-02  8.48836345E-03  6.66368978E-01  2.95798346E-03  1.77105459E+00 -6.40411107E-01 -6.38751812E-01  0.00000000E+00
      41  3.04156476E-01  9.25290905E-02  8.56827894E-03  6.66407902E-01  2.58864389E-03  1.91726998E+00 -6.40552224E-01 -6.38911547E-01  0.00000000E+00
      51  3.00837639E-01  9.05436233E-02  8.21265658E-03  6.66076742E-01  5.82422148E-03  1.73957607E+00 -6.39738020E-01 -6.38035042E-01  0.00000000E+00
      61  3.00965183E-01  9.06130084E-02  8.22260343E-03  6.66184121E-01  4.75987549E-03  1.50343123E+00 -6.39832835E-01 -6.38128267E-01  0.00000000E+00
      71  3.01635959E-01  9.10131370E-02  8.29382210E-03  6.66246912E-01  4.17058792E-03  1.50209889E+00 -6.40542472E-01 -6.38890620E-01  0.00000000E+00
      81  3.02164820E-01  9.13336977E-02  8.35279026E-03  6.66229276E-01  4.34876279E-03  2.02311069E+00 -6.41482081E-01 -6.39839148E-01  0.00000000E+00
      91  3.01469119E-01  9.09155747E-02  8.27720451E-03  6.66200368E-01  4.61235341E-03  2.12252982E+00 -6.40599548E-01 -6.38951074E-01  0.00000000E+00
     101  3.01392631E-01  9.08650818E-02  8.26644369E-03  6.66263726E-01  3.97974428E-03  2.21461178E+00 -6.39770495E-01 -6.38114500E-01  0.00000000E+00
     111  3.01233697E-01  9.07698800E-02  8.24938608E-03  6.66253398E-01  4.06295640E-03  2.06972025E+00 -6.39461851E-01 -6.37788306E-01  0.00000000E+00
     121  3.00606368E-01  9.03922046E-02  8.18090597E-03  6.66252371E-01  4.04508461E-03  2.30619351E+00 -6.38415532E-01 -6.36747150E-01  0.00000000E+00
     131  3.00165724E-01  9.01272362E-02  8.13298674E-03  6.66253513E-01  4.01014225E-03  2.19084354E+00 -6.37824362E-01 -6.36156563E-01  0.00000000E+00
     141  3.00337988E-01  9.02303517E-02  8.15147302E-03  6.66259017E-01  3.96256882E-03  2.48844492E+00 -6.38719596E-01 -6.37051288E-01  0.00000000E+00
     151  2.99952713E-01  9.00029837E-02  8.11185437E-03  6.66200966E-01  4.52695781E-03  2.71110816E+00 -6.38736721E-01 -6.37061092E-01  0.00000000E+00
     161  2.99999641E-01  9.00300562E-02  8.11633922E-03  6.66217247E-01  4.37076222E-03  2.48744099E+00 -6.39174591E-01 -6.37504233E-01  0.00000000E+00
     171  3.00081212E-01  9.00804424E-02  8.12592997E-03  6.66196567E-01  4.57818558E-03  2.62741883E+00 -6.39661404E-01 -6.37997674E-01  0.00000000E+00
     181  3.00829030E-01  9.05351253E-02  8.21006805E-03  6.66119321E-01  5.34512292E-03  2.77278422E+00 -6.40056194E-01 -6.38386261E-01  0.00000000E+00
     191  3.00819040E-01  9.05290907E-02  8.20897779E-03  6.66119151E-01  5.34156545E-03  2.71780350E+00 -6.40060836E-01 -6.38395529E-01  0.00000000E+00
     201  3.00682688E-01  9.04461866E-02  8.19363760E-03  6.66131862E-01  5.21338967E-03  2.63862447E+00 -6.40061159E-01 -6.38389409E-01  0.00000000E+00
     211  3.00850182E-01  9.05449713E-02  8.21079947E-03  6.66162192E-01  4.92920904E-03  2.61146744E+00 -6.40284489E-01 -6.38619796E-01  0.00000000E+00
     221  3.00929709E-01  9.05935170E-02  8.21986158E-03  6.66151823E-01  5.02850556E-03  2.62514487E+00 -6.40134516E-01 -6.38477236E-01  0.00000000E+00
     231  3.00925442E-01  9.05897471E-02  8.21874362E-03  6.66169445E-01  4.85494824E-03  2.67695883E+00 -6.40318226E-01 -6.38662929E-01  0.00000000E+00
     241  3.00843992E-01  9.05407886E-02  8.20988910E-03  6.66168365E-01  4.86299204E-03  2.58247622E+00 -6.40116045E-01 -6.38459353E-01  0.00000000E+00
     251  3.00950645E-01  9.06065552E-02  8.22236454E-03  6.66146268E-01  5.09163453E-03  2.57202939E+00 -6.40301191E-01 -6.38646087E-01  0.00000000E+00
     261  3.00923222E-01  9.05927155E-02  8.22078814E-03  6.66108282E-01  5.47651750E-03  2.64481883E+00 -6.40132763E-01 -6.38469722E-01  0.00000000E+00
     271  3.01105155E-01  9.07019214E-02  8.24048079E-03  6.66113913E-01  5.42987057E-03  2.57219731E+00 -6.40113181E-01 -6.38453742E-01  0.00000000E+00
     281  3.01215261E-01  9.07678175E-02  8.25228671E-03  6.66120875E-01  5.36878543E-03  2.62074404E+00 -6.40468080E-01 -6.38812347E-01  0.00000000E+00
     291  3.01186684E-01  9.07491297E-02  8.24836031E-03  6.66142274E-01  5.15611558E-03  2.56951506E+00 -6.40436032E-01 -6.38788220E-01  0.00000000E+00
     301  3.01622141E-01  9.10132135E-02  8.29696887E-03  6.66120843E-01  5.38516041E-03  2.73868708E+00 -6.40759085E-01 -6.39109158E-01  0.00000000E+00
     311  3.01094666E-01  9.06980528E-02  8.24065580E-03  6.66078338E-01  5.78333281E-03  2.67323547E+00 -6.40693765E-01 -6.39046983E-01  0.00000000E+00
     321  3.00644939E-01  9.04289551E-02  8.19243482E-03  6.66053639E-01  6.00287018E-03  2.68035881E+00 -6.40685086E-01 -6.39044690E-01  0.00000000E+00
     331  3.00963151E-01  9.06237127E-02  8.22897746E-03  6.66004268E-01  6.48205919E-03  2.95288948E+00 -6.40974401E-01 -6.39333131E-01  0.00000000E+00
     341  3.01464269E-01  9.09286563E-02  8.28550903E-03  6.65961601E-01  6.92335874E-03  2.99721900E+00 -6.41244360E-01 -6.39603678E-01  0.00000000E+00
     351  3.01453671E-01  9.09217688E-02  8.28405955E-03  6.65969437E-01  6.85147182E-03  3.05896790E+00 -6.41247108E-01 -6.39607714E-01  0.00000000E+00
     361  3.01648460E-01  9.10379224E-02  8.30470702E-03  6.65990834E-01  6.66029356E-03  2.99680628E+00 -6.41185978E-01 -6.39540552E-01  0.00000000E+00
     371  3.01306781E-01  9.08321546E-02  8.26736237E-03  6.65984603E-01  6.69632943E-03  2.99499896E+00 -6.40919240E-01 -6.39272212E-01  0.00000000E+00
     381  3.00676986E-01  9.04600818E-02  8.20231480E-03  6.65880959E-01  7.71472265E-03  3.11386433E+00 -6.40511537E-01 -6.38860738E-01  0.00000000E+00
     391  3.00609683E-01  9.04185791E-02  8.19443024E-03  6.65895634E-01  7.56537519E-03  3.07788572E+00 -6.40593169E-01 -6.38937996E-01  0.00000000E+00
     401  3.00463214E-01  9.03298091E-02  8.17811959E-03  6.65904968E-01  7.45977857E-03  3.01949036E+00 -6.40499429E-01 -6.38848550E-01  0.00000000E+00
     411  3.00400478E-01  9.02915757E-02  8.17101526E-03  6.65912442E-01  7.38215726E-03  3.05426004E+00 -6.40458941E-01 -6.38808308E-01  0.00000000E+00
     421  3.00273957E-01  9.02154858E-02  8.15722526E-03  6.65913431E-01  7.36885373E-03  3.01516876E+00 -6.40382359E-01 -6.38736066E-01  0.00000000E+00
     431  3.00145780E-01  9.01379999E-02  8.14304990E-03  6.65920361E-01  7.29294006E-03  2.94389264E+00 -6.40399811E-01 -6.38751378E-01  0.00000000E+00
     441  3.00312822E-01  9.02379672E-02  8.16097275E-03  6.65926470E-01  7.24458382E-03  2.94766660E+00 -6.40497130E-01 -6.38849430E-01  0.00000000E+00
     451  3.00341006E-01  9.02536134E-02  8.16333371E-03  6.65945675E-01  7.05947164E-03  2.91139005E+00 -6.40499813E-01 -6.38851521E-01  0.00000000E+00
     461  3.00164211E-01  9.01466965E-02  8.14377230E-03  6.65955185E-01  6.95107629E-03  2.83666129E+00 -6.40374792E-01 -6.38721754E-01  0.00000000E+00
     471  3.00176891E-01  9.01529181E-02  8.14439329E-03  6.65975821E-01  6.75027004E-03  2.75430378E+00 -6.40357065E-01 -6.38701432E-01  0.00000000E+00
     481  3.00157908E-01  9.01411718E-02  8.14213651E-03  6.65981343E-01  6.69973723E-03  2.77964616E+00 -6.40324227E-01 -6.38672327E-01  0.00000000E+00
     491  3.00261739E-01  9.02027685E-02  8.15297949E-03  6.65993160E-01  6.59210471E-03  2.73996817E+00 -6.40433363E-01 -6.38780939E-01  0.00000000E+00
     501  3.00496769E-01  9.03438900E-02  8.17843838E-03  6.65996084E-01  6.58126921E-03  2.75333724E+00 -6.40572738E-01 -6.38929169E-01  0.00000000E+00
     511  3.00782017E-01  9.05172426E-02  8.21049353E-03  6.65970075E-01  6.84681066E-03  2.76019901E+00 -6.40715179E-01 -6.39067713E-01  0.00000000E+00
     521  3.00692077E-01  9.04640947E-02  8.20120700E-03  6.65955723E-01  6.98382169E-03  2.80606661E+00 -6.40724012E-01 -6.39077327E-01  0.00000000E+00
     531  3.00843939E-01  9.05550992E-02  8.21756322E-03  6.65961921E-01  6.93382000E-03  2.79916040E+00 -6.40715492E-01 -6.39067700E-01  0.00000000E+00
     541  3.00865712E-01  9.05678772E-02  8.21975654E-03  6.65967040E-01  6.88717177E-03  2.75586483E+00 -6.40678483E-01 -6.39032660E-01  0.00000000E+00
     551  3.00784356E-01  9.05185009E-02  8.21065200E-03  6.65972914E-01  6.82532378E-03  2.71088236E+00 -6.40685131E-01 -6.39043916E-01  0.00000000E+00
     561  3.00911119E-01  9.05942791E-02  8.22420344E-03  6.65981099E-01  6.75390415E-03  2.68047838E+00 -6.40761992E-01 -6.39120383E-01  0.00000000E+00
     571  3.00954408E-01  9.06209187E-02  8.22927003E-03  6.65971797E-01  6.83845361E-03  2.72859404E+00 -6.40762254E-01 -6.39118389E-01  0.00000000E+00
     581  3.00953053E-01  9.06192750E-02  8.22867387E-03  6.65983879E-01  6.71886927E-03  2.70534281E+00 -6.40668675E-01 -6.39029561E-01  0.00000000E+00
     591  3.00931459E-01  9.06057734E-02  8.22604417E-03  6.65991100E-01  6.64603828E-03  2.70607326E+00 -6.40828870E-01 -6.39191638E-01  0.00000000E+00
     601  3.00882406E-01  9.05754333E-02  8.22025007E-03  6.66002717E-01  6.52774036E-03  2.73456559E+00 -6.40718383E-01 -6.39080712E-01  0.00000000E+00
     611  3.01010358E-01  9.06529800E-02  8.23451732E-03  6.65995188E-01  6.60475682E-03  2.76413526E+00 -6.40802905E-01 -6.39163947E-01  0.00000000E+00
     621  3.01109071E-01  9.07116767E-02  8.24489545E-03  6.66006889E-01  6.49787365E-03  2.69271990E+00 -6.40776386E-01 -6.39136302E-01  0.00000000E+00
     631  3.01118954E-01  9.07164781E-02  8.24535055E-03  6.66023809E-01  6.33176368E-03  2.67043083E+00 -6.40771333E-01 -6.39132281E-01  0.00000000E+00
     641  3.01089016E-01  9.06979296E-02  8.24179760E-03  6.66031163E-01  6.25671022E-03  2.63904537E+00 -6.40724850E-01 -6.39086351E-01  0.00000000E+00
     651  3.01076190E-01  9.06899947E-02  8.24028016E-03  6.66034219E-01  6.22619363E-03  2.66229284E+00 -6.40710605E-01 -6.39069815E-01  0.00000000E+00
     661  3.00943297E-01  9.06105156E-02  8.22603898E-03  6.66026271E-01  6.30197318E-03  2.71234924E+00 -6.40465464E-01 -6.38823014E-01  0.00000000E+00
     671  3.01070177E-01  9.06872815E-02  8.24011030E-03  6.66021121E-01  6.35724294E-03  2.75592633E+00 -6.40598694E-01 -6.38959153E-01  0.00000000E+00
     681  3.01203224E-01  9.07671404E-02  8.25450641E-03  6.66026085E-01  6.31802081E-03  2.73477667E+00 -6.40649176E-01 -6.39011009E-01  0.00000000E+00
     691  3.01264066E-01  9.08032016E-02  8.26084175E-03  6.66035176E-01  6.23217523E-03  2.78876374E+00 -6.40680606E-01 -6.39045455E-01  0.00000000E+00
     701  3.01255061E-01  9.07984557E-02  8.26023173E-03  6.66024928E-01  6.33034087E-03  2.86407055E+00 -6.40650661E-01 -6.39016092E-01  0.00000000E+00
     711  3.01234418E-01  9.07857630E-02  8.25783162E-03  6.66028603E-01  6.29344412E-03  2.87486331E+00 -6.40569487E-01 -6.38935586E-01  0.00000000E+00
     721  3.01283260E-01  9.08159111E-02  8.26356730E-03  6.66018489E-01  6.39740871E-03  2.95156285E+00 -6.40675564E-01 -6.39042401E-01  0.00000000E+00
     731  3.01267746E-01  9.08058620E-02  8.26148792E-03  6.66028624E-01  6.29620938E-03  2.93718005E+00 -6.40580635E-01 -6.38944305E-01  0.00000000E+00
     741  3.01366862E-01  9.08651820E-02  8.27212093E-03  6.66035259E-01  6.23687844E-03  2.90069437E+00 -6.40590502E-01 -6.38953086E-01  0.00000000E+00
     751  3.01396810E-01  9.08826547E-02  8.27508923E-03  6.66043868E-01  6.15331255E-03  2.88524546E+00 -6.40614140E-01 -6.38972621E-01  0.00000000E+00
     761  3.01465924E-01  9.09245333E-02  8.28279064E-03  6.66040910E-01  6.18399296E-03  2.90822680E+00 -6.40634242E-01 -6.38994680E-01  0.00000000E+00
     771  3.01391808E-01  9.08797828E-02  8.27462818E-03  6.66041369E-01  6.17398744E-03  2.88717029E+00 -6.40681671E-01 -6.39042793E-01  0.00000000E+00
     781  3.01149594E-01  9.07356637E-02  8.24908172E-03  6.66013963E-01  6.43743120E-03  2.93374754E+00 -6.40477843E-01 -6.38837091E-01  0.00000000E+00
     791  3.01050437E-01  9.06767376E-02  8.23866384E-03  6.66002086E-01  6.55098548E-03  2.91240787E+00 -6.40446221E-01 -6.38802961E-01  0.00000000E+00
     801  3.01033782E-01  9.06659237E-02  8.23641945E-03  6.66013418E-01  6.43747492E-03  2.96003540E+00 -6.40427822E-01 -6.38784407E-01  0.00000000E+00
     811  3.01205203E-01  9.07704665E-02  8.25589468E-03  6.65994395E-01  6.62607985E-03  3.01827899E+00 -6.40532351E-01 -6.38889389E-01  0.00000000E+00
     821  3.01178131E-01  9.07539918E-02  8.25284128E-03  6.65996694E-01  6.60194736E-03  3.04312056E+00 -6.40564501E-01 -6.38922994E-01  0.00000000E+00
     831  3.01210388E-01  9.07727228E-02  8.25598826E-03  6.66007214E-01  6.50086862E-03  2.99704451E+00 -6.40630111E-01 -6.38988815E-01  0.00000000E+00
     841  3.01364069E-01  9.08656731E-02  8.27300883E-03  6.66003022E-01  6.55086680E-03  3.01470236E+00 -6.40770455E-01 -6.39129508E-01  0.00000000E+00
     851  3.01414858E-01  9.08957370E-02  8.27827596E-03  6.66011423E-01  6.47134893E-03  3.00034943E+00 -6.40758810E-01 -6.39119345E-01  0.00000000E+00
     861  3.01300803E-01  9.08274255E-02  8.26599861E-03  6.66004924E-01  6.53363224E-03  2.98607280E+00 -6.40650885E-01 -6.39011501E-01  0.00000000E+00
     871  3.01049487E-01  9.06790344E-02  8.24007823E-03  6.65961668E-01  6.96518416E-03  3.07564918E+00 -6.40473408E-01 -6.38835712E-01  0.00000000E+00
     881  3.00986426E-01  9.06417925E-02  8.23356557E-03  6.65951348E-01  7.06962025E-03  3.07450569E+00 -6.40408225E-01 -6.38771158E-01  0.00000000E+00
     891  3.01030792E-01  9.06683987E-02  8.23836487E-03  6.65952769E-01  7.05473748E-03  3.09253173E+00 -6.40497370E-01 -6.38860703E-01  0.00000000E+00
     901  3.01056109E-01  9.06828484E-02  8.24069892E-03  6.65964607E-01  6.94019661E-03  3.06439743E+00 -6.40507179E-01 -6.38870447E-01  0.00000000E+00
     911  3.01031571E-01  9.06673617E-02  8.23763445E-03  6.65974745E-01  6.83725224E-03  3.04953333E+00 -6.40611953E-01 -6.38975464E-01  0.00000000E+00
     921  3.01016958E-01  9.06581694E-02  8.23582822E-03  6.65980259E-01  6.78036705E-03  3.05757876E+00 -6.40681495E-01 -6.39045735E-01  0.00000000E+00
     931  3.00985669E-01  9.06392855E-02  8.23238219E-03  6.65980883E-01  6.77345246E-03  3.04130119E+00 -6.40608075E-01 -6.38971178E-01  0.00000000E+00
     941  3.01094227E-01  9.07051284E-02  8.24451437E-03  6.65974103E-01  6.84305694E-03  3.03088387E+00 -6.40651780E-01 -6.39015649E-01  0.00000000E+00
     951  3.01142642E-01  9.07339656E-02  8.24963449E-03  6.65979080E-01  6.79681751E-03  3.06546824E+00 -6.40691834E-01 -6.39058963E-01  0.00000000E+00
     961  3.01075656E-01  9.06942062E-02  8.24262099E-03  6.65970374E-01  6.88072882E-03  3.07380817E+00 -6.40676645E-01 -6.39044903E-01  0.00000000E+00
     971  3.01151004E-01  9.07394882E-02  8.25080935E-03  6.65972175E-01  6.86702579E-03  3.07352537E+00 -6.40685970E-01 -6.39056261E-01  0.00000000E+00
     981  3.01146872E-01  9.07363663E-02  8.25001502E-03  6.65981349E-01  6.77562648E-03  3.04879595E+00 -6.40691099E-01 -6.39061782E-01  0.00000000E+00
     991  3.01199143E-01  9.07673326E-02  8.25544943E-03  6.65989345E-01  6.70071910E-03  3.03518488E+00 -6.40743024E-01 -6.39114703E-01  0.00000000E+00
    1001  3.01154021E-01  9.07401439E-02  8.25051354E-03  6.65988978E-01  6.69932713E-03  3.03390135E+00 -6.40655107E-01 -6.39025982E-01  0.00000000E+00
    1011  3.01233790E-01  9.07877796E-02  8.25901177E-03  6.65995713E-01  6.63924155E-03  3.04556578E+00 -6.40714849E-01 -6.39085855E-01  0.00000000E+00
    1021  3.01195368E-01  9.07641329E-02  8.25453824E-03  6.66002664E-01  6.56702013E-03  3.04787588E+00 -6.40654345E-01 -6.39024737E-01  0.00000000E+00
    1031  3.01181936E-01  9.07554634E-02  8.25275785E-03  6.66010903E-01  6.48356923E-03  3.04349258E+00 -6.40560101E-01 -6.38930402E-01  0.00000000E+00
    1041  3.01167782E-01  9.07465734E-02  8.25101504E-03  6.66016006E-01  6.43088601E-03  3.05089345E+00 -6.40536223E-01 -6.38905457E-01  0.00000000E+00
    1051  3.01264371E-01  9.08046443E-02  8.26152023E-03  6.66018360E-01  6.41393251E-03  3.02977247E+00 -6.40600415E-01 -6.38969948E-01  0.00000000E+00
    1061  3.01342331E-01  9.08514867E-02  8.26998447E-03  6.66020845E-01  6.39424156E-03  3.05033111E+00 -6.40690272E-01 -6.39060465E-01  0.00000000E+00
    1071  3.01352655E-01  9.08573633E-02  8.27092599E-03  6.66026028E-01  6.34429382E-03  3.05083237E+00 -6.40621976E-01 -6.38992614E-01  0.00000000E+00
    1081  3.01383863E-01  9.08759805E-02  8.27424734E-03  6.66028794E-01  6.31641389E-03  3.04761350E+00 -6.40590848E-01 -6.38959170E-01  0.00000000E+00
    1091  3.01272629E-01  9.08092087E-02  8.26220432E-03  6.66024281E-01  6.35459674E-03  3.02022222E+00 -6.40587697E-01 -6.38954804E-01  0.00000000E+00
    1101  3.01156665E-01  9.07395679E-02  8.24963581E-03  6.66020271E-01  6.38623580E-03  3.03921063E+00 -6.40543683E-01 -6.38909951E-01  0.00000000E+00
    1111  3.01189987E-01  9.07595391E-02  8.25323215E-03  6.66021706E-01  6.37175119E-03  3.01614760E+00 -6.40572071E-01 -6.38935057E-01  0.00000000E+00
    1121  3.01169707E-01  9.07468190E-02  8.25074134E-03  6.66028893E-01  6.29895754E-03  3.02132574E+00 -6.40592240E-01 -6.38954032E-01  0.00000000E+00
    1131  3.01187537E-01  9.07572783E-02  8.25254121E-03  6.66033027E-01  6.25842091E-03  3.01020755E+00 -6.40591625E-01 -6.38955836E-01  0.00000000E+00
    1141  3.01043708E-01  9.06711437E-02  8.23708448E-03  6.66024909E-01  6.32830266E-03  3.02180978E+00 -6.40578684E-01 -6.38944026E-01  0.00000000E+00
    1151  3.00888906E-01  9.05807460E-02  8.22161606E-03  6.65986400E-01  6.73008277E-03  2.98877245E+00 -6.40600589E-01 -6.38965724E-01  0.00000000E+00
    1161  3.00918803E-01  9.05989046E-02  8.22497013E-03  6.65984069E-01  6.75407121E-03  3.00248546E+00 -6.40598099E-01 -6.38962948E-01  0.00000000E+00
    1171  3.00979785E-01  9.06351750E-02  8.23138853E-03  6.65990906E-01  6.69134811E-03  2.97926638E+00 -6.40665885E-01 -6.39030702E-01  0.00000000E+00
    1181  3.01022883E-01  9.06610051E-02  8.23603678E-03  6.65992696E-01  6.67472084E-03  2.96708600E+00 -6.40718318E-01 -6.39084924E-01  0.00000000E+00
    1191  3.01023172E-01  9.06609108E-02  8.23592528E-03  6.65996523E-01  6.63599679E-03  2.94690475E+00 -6.40707435E-01 -6.39073733E-01  0.00000000E+00
    1201  3.01117872E-01  9.07181496E-02  8.24639599E-03  6.65993772E-01  6.66714985E-03  2.95091443E+00 -6.40760958E-01 -6.39128402E-01  0.00000000E+00
    1211  3.01153526E-01  9.07395603E-02  8.25026280E-03  6.65994832E-01  6.65816813E-03  2.95818662E+00 -6.40780493E-01 -6.39148419E-01  0.00000000E+00
    1221  3.01194252E-01  9.07636819E-02  8.25449383E-03  6.66001142E-01  6.59902766E-03  2.96658051E+00 -6.40789368E-01 -6.39158425E-01  0.00000000E+00
    1231  3.01114583E-01  9.07163973E-02  8.24614987E-03  6.65990838E-01  6.70017037E-03  3.00008913E+00 -6.40685696E-01 -6.39053452E-01  0.00000000E+00
    1241  3.01094234E-01  9.07039283E-02  8.24380650E-03  6.65993944E-01  6.66916371E-03  2.99616817E+00 -6.40682050E-01 -6.39049188E-01  0.00000000E+00
    1251  3.01121025E-01  9.07197666E-02  8.24657655E-03  6.65998366E-01  6.62647623E-03  2.99454245E+00 -6.40656746E-01 -6.39021574E-01  0.00000000E+00
    1261  3.01056062E-01  9.06814521E-02  8.23988524E-03  6.65987303E-01  6.74265542E-03  2.96155474E+00 -6.40636237E-01 -6.39001562E-01  0.00000000E+00
    1271  3.01040703E-01  9.06722803E-02  8.23824888E-03  6.65986072E-01  6.75359286E-03  2.96663967E+00 -6.40616624E-01 -6.38980874E-01  0.00000000E+00
    1281  3.00982441E-01  9.06373093E-02  8.23194804E-03  6.65983934E-01  6.76863374E-03  2.98138764E+00 -6.40573432E-01 -6.38935121E-01  0.00000000E+00
    1291  3.01012641E-01  9.06555197E-02  8.23526431E-03  6.65983605E-01  6.77299078E-03  2.97914234E+00 -6.40576243E-01 -6.38938794E-01  0.00000000E+00
    1301  3.01058461E-01  9.06831436E-02  8.24028964E-03  6.65983371E-01  6.77834409E-03  2.96021656E+00 -6.40573207E-01 -6.38934920E-01  0.00000000E+00
    1311  3.00953245E-01  9.06206364E-02  8.22924016E-03  6.65970928E-01  6.89875298E-03  2.94464006E+00 -6.40497880E-01 -6.38857513E-01  0.00000000E+00
    1321  3.00825681E-01  9.05449609E-02  8.21590053E-03  6.65954715E-01  7.05609356E-03  2.97053943E+00 -6.40418574E-01 -6.38777185E-01  0.00000000E+00
    1331  3.00669537E-01  9.04527685E-02  8.19980192E-03  6.65929307E-01  7.30556257E-03  2.97993741E+00 -6.40425692E-01 -6.38784541E-01  0.00000000E+00
    1341  3.00546426E-01  9.03791890E-02  8.18664950E-03  6.65921857E-01  7.36860778E-03  2.95912115E+00 -6.40412181E-01 -6.38771215E-01  0.00000000E+00
    1351  3.00586533E-01  9.04028750E-02  8.19078160E-03  6.65928361E-01  7.30747622E-03  2.93865531E+00 -6.40454503E-01 -6.38812391E-01  0.00000000E+00
    1361  3.00580322E-01  9.03991764E-02  8.19012161E-03  6.65927945E-01  7.31250809E-03  2.94370442E+00 -6.40436950E-01 -6.38794453E-01  0.00000000E+00
    1371  3.00622700E-01  9.04244052E-02  8.19459675E-03  6.65931897E-01  7.27658085E-03  2.93159724E+00 -6.40415070E-01 -6.38772350E-01  0.00000000E+00
    1381  3.00604627E-01  9.04135343E-02  8.19263291E-03  6.65931637E-01  7.27590970E-03  2.94789239E+00 -6.40360851E-01 -6.38718114E-01  0.00000000E+00
    1391  3.00519349E-01  9.03625241E-02  8.18349474E-03  6.65927409E-01  7.31233401E-03  2.94692029E+00 -6.40369374E-01 -6.38724679E-01  0.00000000E+00
    1401  3.00475436E-01  9.03359255E-02  8.17861391E-03  6.65930017E-01  7.28243327E-03  2.93460396E+00 -6.40339899E-01 -6.38694961E-01  0.00000000E+00
    1411  3.00505608E-01  9.03539246E-02  8.18182378E-03  6.65932041E-01  7.26315800E-03  2.95713248E+00 -6.40332102E-01 -6.38686309E-01  0.00000000E+00
    1421  3.00584722E-01  9.04015187E-02  8.19044807E-03  6.65931942E-01  7.26877996E-03  2.94387834E+00 -6.40343456E-01 -6.38697390E-01  0.00000000E+00
    1431  3.00652264E-01  9.04424874E-02  8.19800001E-03  6.65926780E-01  7.32073960E-03  2.95618579E+00 -6.40384742E-01 -6.38738166E-01  0.00000000E+00
    1441  3.00660248E-01  9.04468897E-02  8.19865613E-03  6.65932564E-01  7.26323285E-03  2.93743488E+00 -6.40359974E-01 -6.38714843E-01  0.00000000E+00
    1451  3.00684798E-01  9.04612244E-02  8.20109676E-03  6.65939015E-01  7.20135079E-03  2.93776520E+00 -6.40323782E-01 -6.38679837E-01  0.00000000E+00
    1461  3.00751389E-01  9.05013783E-02  8.20840763E-03  6.65937849E-01  7.21639033E-03  2.94243419E+00 -6.40371375E-01 -6.38726781E-01  0.00000000E+00
    1471  3.00766225E-01  9.05098705E-02  8.20979035E-03  6.65944270E-01  7.15396847E-03  2.91705209E+00 -6.40407514E-01 -6.38764540E-01  0.00000000E+00
    1481  3.00647686E-01  9.04395914E-02  8.19741715E-03  6.65929138E-01  7.30011189E-03  2.92269852E+00 -6.40321747E-01 -6.38678619E-01  0.00000000E+00
    1491  3.00606376E-01  9.04145532E-02  8.19281716E-03  6.65931654E-01  7.27118998E-03  2.91015567E+00 -6.40352132E-01 -6.38708200E-01  0.00000000E+00
    1501  3.00625975E-01  9.04261369E-02  8.19484184E-03  6.65934701E-01  7.24230554E-03  2.91644561E+00 -6.40404671E-01 -6.38761097E-01  0.00000000E+00
    1511  3.00624009E-01  9.04246388E-02  8.19445902E-03  6.65939238E-01  7.19664582E-03  2.91819486E+00 -6.40446114E-01 -6.38801042E-01  0.00000000E+00
    1521  3.00620370E-01  9.04219696E-02  8.19380504E-03  6.65946178E-01  7.12717184E-03  2.88937038E+00 -6.40436826E-01 -6.38793215E-01  0.00000000E+00
    1531  3.00586927E-01  9.04016047E-02  8.19002854E-03  6.65949688E-01  7.08980391E-03  2.88143286E+00 -6.40394659E-01 -6.38748925E-01  0.00000000E+00
    1541  3.00595748E-01  9.04069417E-02  8.19100671E-03  6.65949235E-01  7.09471077E-03  2.86983315E+00 -6.40404033E-01 -6.38758009E-01  0.00000000E+00
    1551  3.00634204E-01  9.04299798E-02  8.19515021E-03  6.65950523E-01  7.08275619E-03  2.87469151E+00 -6.40457319E-01 -6.38810648E-01  0.00000000E+00
    1561  3.00649183E-01  9.04387109E-02  8.19663140E-03  6.65954655E-01  7.04296938E-03  2.84953445E+00 -6.40473484E-01 -6.38827039E-01  0.00000000E+00
    1571  3.00640597E-01  9.04335373E-02  8.19568931E-03  6.65954832E-01  7.04144982E-03  2.86113141E+00 -6.40462389E-01 -6.38815371E-01  0.00000000E+00
    1581  3.00650037E-01  9.04388645E-02  8.19652808E-03  6.65960001E-01  6.99101241E-03  2.85912711E+00 -6.40439759E-01 -6.38792950E-01  0.00000000E+00
    1591  3.00727818E-01  9.04856776E-02  8.20501646E-03  6.65959969E-01  6.99644181E-03  2.87919112E+00 -6.40538636E-01 -6.38891789E-01  0.00000000E+00
    1601  3.00711160E-01  9.04754112E-02  8.20307046E-03  6.65963399E-01  6.96069183E-03  2.85123894E+00 -6.40532336E-01 -6.38885967E-01  0.00000000E+00
    1611  3.00774607E-01  9.05135884E-02  8.20999186E-03  6.65963514E-01  6.96276564E-03  2.85959657E+00 -6.40589330E-01 -6.38943611E-01  0.00000000E+00
    1621  3.00771871E-01  9.05115298E-02  8.20947073E-03  6.65969523E-01  6.90320547E-03  2.86040606E+00 -6.40591044E-01 -6.38944547E-01  0.00000000E+00
    1631  3.00852260E-01  9.05599602E-02  8.21826880E-03  6.65969102E-01  6.91275906E-03  2.84531463E+00 -6.40620647E-01 -6.38973514E-01  0.00000000E+00
    1641  3.00829129E-01  9.05459126E-02  8.21567819E-03  6.65970777E-01  6.89398272E-03  2.84444671E+00 -6.40563796E-01 -6.38917051E-01  0.00000000E+00
    1651  3.00853045E-01  9.05601799E-02  8.21822242E-03  6.65972608E-01  6.87633170E-03  2.86225357E+00 -6.40592990E-01 -6.38946601E-01  0.00000000E+00
    1661  3.00840519E-01  9.05523324E-02  8.21668901E-03  6.65977045E-01  6.83145126E-03  2.84305838E+00 -6.40573501E-01 -6.38927192E-01  0.00000000E+00
    1671  3.00852601E-01  9.05592285E-02  8.21780462E-03  6.65982571E-01  6.77752721E-03  2.83239446E+00 -6.40581958E-01 -6.38936370E-01  0.00000000E+00
    1681  3.00794375E-01  9.05242127E-02  8.21146713E-03  6.65981907E-01  6.77979798E-03  2.81163996E+00 -6.40580340E-01 -6.38935095E-01  0.00000000E+00
    1691  3.00835480E-01  9.05490690E-02  8.21601627E-03  6.65980318E-01  6.79799511E-03  2.80616768E+00 -6.40583233E-01 -6.38936916E-01  0.00000000E+00
    1701  3.00887671E-01  9.05804664E-02  8.22170546E-03  6.65980705E-01  6.79697123E-03  2.79776912E+00 -6.40595766E-01 -6.38948335E-01  0.00000000E+00
    1711  3.00847285E-01  9.05561245E-02  8.21727974E-03  6.65981008E-01  6.79114557E-03  2.81606557E+00 -6.40518155E-01 -6.38871460E-01  0.00000000E+00
    1721  3.00805182E-01  9.05304873E-02  8.21252879E-03  6.65985028E-01  6.74699847E-03  2.81459846E+00 -6.40500590E-01 -6.38853371E-01  0.00000000E+00
    1731  3.00763350E-01  9.05052215E-02  8.20791838E-03  6.65986129E-01  6.73241606E-03  2.79923137E+00 -6.40459488E-01 -6.38813102E-01  0.00000000E+00
    1741  3.00752719E-01  9.04986675E-02  8.20667458E-03  6.65988370E-01  6.70945582E-03  2.78975205E+00 -6.40467519E-01 -6.38820028E-01  0.00000000E+00
    1751  3.00727669E-01  9.04834630E-02  8.20387375E-03  6.65990141E-01  6.68959564E-03  2.80155183E+00 -6.40473665E-01 -6.38826564E-01  0.00000000E+00
    1761  3.00757351E-01  9.05013925E-02  8.20715535E-03  6.65988918E-01  6.70061572E-03  2.80822268E+00 -6.40492924E-01 -6.38846595E-01  0.00000000E+00
    1771  3.00738195E-01  9.04897110E-02  8.20498465E-03  6.65991041E-01  6.67765684E-03  2.81117456E+00 -6.40441327E-01 -6.38794524E-01  0.00000000E+00
    1781  3.00702026E-01  9.04678901E-02  8.20101117E-03  6.65991726E-01  6.66787656E-03  2.79868655E+00 -6.40458198E-01 -6.38811963E-01  0.00000000E+00
    1791  3.00665438E-01  9.04464924E-02  8.19735926E-03  6.65982474E-01  6.75528386E-03  2.79590228E+00 -6.40452345E-01 -6.38805893E-01  0.00000000E+00
    1801  3.00653217E-01  9.04392180E-02  8.19607140E-03  6.65981223E-01  6.76600659E-03  2.80517275E+00 -6.40434024E-01 -6.38786892E-01  0.00000000E+00
    1811  3.00679594E-01  9.04550346E-02  8.19892207E-03  6.65981889E-01  6.75951330E-03  2.81767168E+00 -6.40468580E-01 -6.38822101E-01  0.00000000E+00
    1821  3.00666500E-01  9.04470970E-02  8.19746494E-03  6.65982632E-01  6.75031568E-03  2.82959815E+00 -6.40452769E-01 -6.38806637E-01  0.00000000E+00
    1831  3.00657527E-01  9.04413681E-02  8.19630988E-03  6.65987386E-01  6.70221951E-03  2.82214611E+00 -6.40471415E-01 -6.38824001E-01  0.00000000E+00
    1841  3.00659345E-01  9.04421204E-02  8.19632363E-03  6.65992382E-01  6.65298208E-03  2.82152141E+00 -6.40421137E-01 -6.38773751E-01  0.00000000E+00
    1851  3.00590280E-01  9.04007796E-02  8.18891077E-03  6.65989182E-01  6.67966148E-03  2.80606367E+00 -6.40368212E-01 -6.38722418E-01  0.00000000E+00
    1861  3.00600996E-01  9.04069390E-02  8.18992377E-03  6.65993380E-01  6.63879957E-03  2.81371359E+00 -6.40359128E-01 -6.38712901E-01  0.00000000E+00
    1871  3.00579511E-01  9.03936677E-02  8.18739786E-03  6.65998341E-01  6.58755347E-03  2.82748568E+00 -6.40419006E-01 -6.38772930E-01  0.00000000E+00
    1881  3.00613137E-01  9.04136808E-02  8.19094481E-03  6.66001555E-01  6.55833052E-03  2.81971538E+00 -6.40432795E-01 -6.38786893E-01  0.00000000E+00
    1891  3.00645252E-01  9.04331044E-02  8.19450098E-03  6.66000069E-01  6.57476296E-03  2.81920443E+00 -6.40458143E-01 -6.38812444E-01  0.00000000E+00
    1901  3.00631516E-01  9.04247583E-02  8.19296161E-03  6.66001164E-01  6.56226785E-03  2.84738164E+00 -6.40381337E-01 -6.38735393E-01  0.00000000E+00
    1911  3.00611314E-01  9.04125483E-02  8.19072927E-03  6.66001977E-01  6.55299411E-03  2.83221954E+00 -6.40362629E-01 -6.38717363E-01  0.00000000E+00
    1921  3.00577484E-01  9.03922543E-02  8.18707276E-03  6.66001158E-01  6.55937551E-03  2.84743194E+00 -6.40340035E-01 -6.38695509E-01  0.00000000E+00
    1931  3.00573469E-01  9.03895209E-02  8.18646457E-03  6.66005771E-01  6.51322674E-03  2.82857654E+00 -6.40341812E-01 -6.38696079E-01  0.00000000E+00
    1941  3.00611389E-01  9.04120269E-02  8.19042865E-03  6.66010383E-01  6.47121650E-03  2.81061328E+00 -6.40313693E-01 -6.38667635E-01  0.00000000E+00
    1951  3.00596409E-01  9.04027368E-02  8.18864737E-03  6.66014388E-01  6.43023410E-03  2.81177166E+00 -6.40264720E-01 -6.38617815E-01  0.00000000E+00
    1961  3.00637424E-01  9.04274952E-02  8.19316374E-03  6.66013143E-01  6.44450895E-03  2.82066980E+00 -6.40237661E-01 -6.38590200E-01  0.00000000E+00
    1971  3.00693324E-01  9.04612701E-02  8.19933690E-03  6.66011038E-01  6.46766264E-03  2.82979195E+00 -6.40290963E-01 -6.38642825E-01  0.00000000E+00
    1981  3.00678222E-01  9.04519611E-02  8.19757262E-03  6.66014169E-01  6.43489578E-03  2.81779652E+00 -6.40266392E-01 -6.38618594E-01  0.00000000E+00
    1991  3.00621384E-01  9.04180019E-02  8.19150394E-03  6.66010681E-01  6.46625344E-03  2.81695784E+00 -6.40225166E-01 -6.38576998E-01  0.00000000E+00
