   #Iter             <M>           <M^2>           <M^4>      U_{Binder}            \chi        C_v(tot)             <E>       <E_{exc}>       <E_{lsf}>
       1  1.22602051E-02  1.50312630E-04  2.25938868E-08  6.66666667E-01  2.61696122E-19 -4.51611583E-14 -2.45536749E-01 -2.42959609E-01  0.00000000E+00
      11  1.44677793E-02  2.28702856E-04  6.80344256E-08  5.66424943E-01  1.86603884E-03  1.29082189E-01 -2.47009233E-01 -2.44714874E-01  0.00000000E+00
      21  1.28181023E-02  1.88430368E-04  5.14028420E-08  5.17425818E-01  2.32233092E-03  2.79731107E-01 -2.43445001E-01 -2.40897235E-01  0.00000000E+00
      31  1.31498284E-02  2.02341876E-04  6.18008294E-08  4.96845335E-01  2.83222422E-03  2.75116516E-01 -2.43922504E-01 -2.41397744E-01  0.00000000E+00
      41  1.35858701E-02  2.28521777E-04  9.36650764E-08  4.02137587E-01  4.23005541E-03  2.25643942E-01 -2.44029607E-01 -2.41519282E-01  0.00000000E+00
      51  1.40440209E-02  2.45712957E-04  1.16046350E-07  3.59300901E-01  4.66633769E-03  2.98068279E-01 -2.44452648E-01 -2.41914080E-01  0.00000000E+00
      61  1.51034986E-02  2.76804605E-04  1.33841690E-07  4.17731178E-01  4.68659951E-03  2.97792982E-01 -2.44695898E-01 -2.42173848E-01  0.00000000E+00
      71  1.42790589E-02  2.48741014E-04  1.11861859E-07  3.97348868E-01  4.31703037E-03  3.15871916E-01 -2.44691280E-01 -2.42265326E-01  0.00000000E+00
      81  1.44556678E-02  2.51795264E-04  1.09106823E-07  4.26365129E-01  4.12253943E-03  3.02657596E-01 -2.45095075E-01 -2.42648292E-01  0.00000000E+00
      91  1.40611743E-02  2.35936444E-04  9.51984806E-08  4.29942448E-01  3.67888517E-03  3.19397854E-01 -2.44642491E-01 -2.42192167E-01  0.00000000E+00
     101  1.43963574E-02  2.46475931E-04  1.02422488E-07  4.38014595E-01  3.77523762E-03  3.04643464E-01 -2.44302805E-01 -2.41839984E-01  0.00000000E+00
     111  1.50212099E-02  2.66195177E-04  1.13429744E-07  4.66412887E-01  3.90399006E-03  2.93786323E-01 -2.44340462E-01 -2.41910161E-01  0.00000000E+00
     121  1.48731012E-02  2.58968908E-04  1.06158086E-07  4.72361379E-01  3.63460231E-03  2.71023810E-01 -2.44331452E-01 -2.41893893E-01  0.00000000E+00
     131  1.51532369E-02  2.68896208E-04  1.16275039E-07  4.63961621E-01  3.78051192E-03  2.80084367E-01 -2.44078511E-01 -2.41636079E-01  0.00000000E+00
     141  1.52033338E-02  2.70182045E-04  1.18007282E-07  4.61141691E-01  3.75789818E-03  2.88482682E-01 -2.44540840E-01 -2.42057910E-01  0.00000000E+00
     151  1.54702570E-02  2.76140930E-04  1.19638384E-07  4.77016827E-01  3.54338137E-03  3.18650788E-01 -2.44279518E-01 -2.41788740E-01  0.00000000E+00
     161  1.51093401E-02  2.64832627E-04  1.11559317E-07  4.69797691E-01  3.51723757E-03  2.95886245E-01 -2.44374233E-01 -2.41877812E-01  0.00000000E+00
     171  1.52167196E-02  2.69300314E-04  1.16092103E-07  4.66409971E-01  3.63383136E-03  3.14210576E-01 -2.44605488E-01 -2.42121414E-01  0.00000000E+00
     181  1.50052095E-02  2.63679556E-04  1.13305410E-07  4.56779092E-01  3.70809129E-03  2.90566391E-01 -2.44466101E-01 -2.41970628E-01  0.00000000E+00
     191  1.49497898E-02  2.60855376E-04  1.10184315E-07  4.60242187E-01  3.59604136E-03  3.26035941E-01 -2.44627190E-01 -2.42130750E-01  0.00000000E+00
     201  1.46039048E-02  2.49868830E-04  1.02445636E-07  4.53049475E-01  3.52246652E-03  3.36705022E-01 -2.44502648E-01 -2.42011348E-01  0.00000000E+00
     211  1.48831923E-02  2.58662134E-04  1.08562898E-07  4.59128050E-01  3.57617033E-03  3.13329807E-01 -2.44524950E-01 -2.42040554E-01  0.00000000E+00
     221  1.49002019E-02  2.61304219E-04  1.10789115E-07  4.59142330E-01  3.78172307E-03  3.11559102E-01 -2.44648023E-01 -2.42170860E-01  0.00000000E+00
     231  1.52852866E-02  2.74044546E-04  1.21603029E-07  4.60264716E-01  3.88917919E-03  3.29039523E-01 -2.44783934E-01 -2.42305254E-01  0.00000000E+00
     241  1.51904896E-02  2.69540880E-04  1.16865104E-07  4.63815431E-01  3.73375919E-03  3.35326042E-01 -2.44398000E-01 -2.41911221E-01  0.00000000E+00
     251  1.52657038E-02  2.71622772E-04  1.18696561E-07  4.63728734E-01  3.71365647E-03  3.18946314E-01 -2.44444418E-01 -2.41950062E-01  0.00000000E+00
     261  1.51954654E-02  2.70128795E-04  1.18149858E-07  4.60277920E-01  3.77579601E-03  3.51368207E-01 -2.44488579E-01 -2.41999782E-01  0.00000000E+00
     271  1.48805269E-02  2.60528792E-04  1.11868542E-07  4.50616933E-01  3.76348361E-03  3.47963770E-01 -2.44340875E-01 -2.41856874E-01  0.00000000E+00
     281  1.48145568E-02  2.58662024E-04  1.11795267E-07  4.43023565E-01  3.77236008E-03  3.40884935E-01 -2.44442185E-01 -2.41945251E-01  0.00000000E+00
     291  1.45776269E-02  2.50927968E-04  1.06417888E-07  4.36628025E-01  3.69822676E-03  3.59022881E-01 -2.44460586E-01 -2.41966197E-01  0.00000000E+00
     301  1.44814401E-02  2.48229740E-04  1.04453659E-07  4.34939719E-01  3.70755111E-03  3.50469701E-01 -2.44415116E-01 -2.41918149E-01  0.00000000E+00
     311  1.46218561E-02  2.51908290E-04  1.05772791E-07  4.44392896E-01  3.66827704E-03  3.48423427E-01 -2.44510496E-01 -2.42016719E-01  0.00000000E+00
     321  1.46275876E-02  2.52614057E-04  1.07538361E-07  4.38270634E-01  3.72007478E-03  3.48560713E-01 -2.44629082E-01 -2.42133478E-01  0.00000000E+00
     331  1.44415554E-02  2.46279084E-04  1.02800045E-07  4.35040918E-01  3.63082831E-03  3.42258492E-01 -2.44702768E-01 -2.42200946E-01  0.00000000E+00
     341  1.44920562E-02  2.47421412E-04  1.02301341E-07  4.42961121E-01  3.60013804E-03  3.39543633E-01 -2.44755670E-01 -2.42247004E-01  0.00000000E+00
     351  1.45652697E-02  2.48787416E-04  1.01874781E-07  4.51358550E-01  3.52685017E-03  3.38562470E-01 -2.44687547E-01 -2.42173763E-01  0.00000000E+00
     361  1.45726134E-02  2.49539656E-04  1.02378675E-07  4.51963975E-01  3.57866072E-03  3.49793709E-01 -2.44565424E-01 -2.42060151E-01  0.00000000E+00
     371  1.46111197E-02  2.49479020E-04  1.00881742E-07  4.59714567E-01  3.46465600E-03  3.37973464E-01 -2.44625938E-01 -2.42125074E-01  0.00000000E+00
     381  1.44474549E-02  2.44600127E-04  9.80888609E-08  4.53506399E-01  3.45281380E-03  3.31787360E-01 -2.44691069E-01 -2.42180742E-01  0.00000000E+00
     391  1.43170293E-02  2.40613995E-04  9.54544877E-08  4.50416952E-01  3.43024118E-03  3.24754860E-01 -2.44677636E-01 -2.42167491E-01  0.00000000E+00
     401  1.43012831E-02  2.40413559E-04  9.52249357E-08  4.50824040E-01  3.45432380E-03  3.26083816E-01 -2.44757689E-01 -2.42250079E-01  0.00000000E+00
     411  1.43070738E-02  2.40477154E-04  9.54837011E-08  4.49622915E-01  3.44449908E-03  3.29121879E-01 -2.44826807E-01 -2.42311584E-01  0.00000000E+00
     421  1.42783963E-02  2.39173576E-04  9.38941146E-08  4.52869756E-01  3.39792888E-03  3.19728087E-01 -2.44845328E-01 -2.42331039E-01  0.00000000E+00
     431  1.44307486E-02  2.44715343E-04  9.80469644E-08  4.54254078E-01  3.51034253E-03  3.22616870E-01 -2.44990066E-01 -2.42469243E-01  0.00000000E+00
     441  1.44485804E-02  2.44968155E-04  9.74546486E-08  4.58670068E-01  3.48510840E-03  3.19421545E-01 -2.45019686E-01 -2.42499307E-01  0.00000000E+00
     451  1.44114199E-02  2.43933463E-04  9.68393626E-08  4.57514786E-01  3.48874277E-03  3.25326293E-01 -2.45065462E-01 -2.42543491E-01  0.00000000E+00
     461  1.43916261E-02  2.42500052E-04  9.50314135E-08  4.61330654E-01  3.40564609E-03  3.20591038E-01 -2.45064421E-01 -2.42543892E-01  0.00000000E+00
     471  1.43541448E-02  2.43159784E-04  9.73228821E-08  4.51331269E-01  3.57285806E-03  3.17860885E-01 -2.45172612E-01 -2.42650100E-01  0.00000000E+00
     481  1.43531821E-02  2.42925987E-04  9.64616763E-08  4.55139159E-01  3.55301418E-03  3.18830909E-01 -2.45073242E-01 -2.42557530E-01  0.00000000E+00
     491  1.43610924E-02  2.43218321E-04  9.67773069E-08  4.54669605E-01  3.55928948E-03  3.10348400E-01 -2.45007245E-01 -2.42490821E-01  0.00000000E+00
     501  1.43337971E-02  2.42162811E-04  9.58529870E-08  4.55159356E-01  3.53308156E-03  3.12637899E-01 -2.44978601E-01 -2.42458932E-01  0.00000000E+00
     511  1.44408668E-02  2.46834110E-04  1.01846726E-07  4.42794403E-01  3.68616741E-03  3.12719837E-01 -2.45055069E-01 -2.42540157E-01  0.00000000E+00
     521  1.42518298E-02  2.41470144E-04  9.86047280E-08  4.36297965E-01  3.69194412E-03  3.08834219E-01 -2.45083382E-01 -2.42569526E-01  0.00000000E+00
     531  1.42250363E-02  2.39832846E-04  9.68104709E-08  4.38973009E-01  3.60778737E-03  3.13559265E-01 -2.45062700E-01 -2.42550728E-01  0.00000000E+00
     541  1.41093090E-02  2.35916928E-04  9.41821354E-08  4.35935109E-01  3.54648558E-03  3.08355908E-01 -2.45035398E-01 -2.42518935E-01  0.00000000E+00
     551  1.41350318E-02  2.36661035E-04  9.49509312E-08  4.34901112E-01  3.54817814E-03  3.06754909E-01 -2.45054759E-01 -2.42538005E-01  0.00000000E+00
     561  1.40672316E-02  2.34501441E-04  9.33077896E-08  4.34404931E-01  3.52435726E-03  3.10296858E-01 -2.44989279E-01 -2.42473274E-01  0.00000000E+00
     571  1.41483693E-02  2.36245454E-04  9.34896658E-08  4.41638544E-01  3.47186551E-03  3.02737476E-01 -2.44968440E-01 -2.42449628E-01  0.00000000E+00
     581  1.43085958E-02  2.41311603E-04  9.69224744E-08  4.45186744E-01  3.52062756E-03  3.06964742E-01 -2.45021724E-01 -2.42506840E-01  0.00000000E+00
     591  1.42761079E-02  2.40204494E-04  9.59953343E-08  4.45416921E-01  3.50345058E-03  3.04401864E-01 -2.44960086E-01 -2.42443828E-01  0.00000000E+00
     601  1.42816788E-02  2.40198643E-04  9.55794416E-08  4.47792709E-01  3.48757372E-03  3.03446215E-01 -2.45019554E-01 -2.42501434E-01  0.00000000E+00
     611  1.43647861E-02  2.42203240E-04  9.60505944E-08  4.54218380E-01  3.45136862E-03  3.06460123E-01 -2.45038156E-01 -2.42513038E-01  0.00000000E+00
     621  1.44722208E-02  2.45141354E-04  9.72301192E-08  4.60680155E-01  3.43596956E-03  3.03284280E-01 -2.45061493E-01 -2.42531455E-01  0.00000000E+00
     631  1.44454064E-02  2.44867210E-04  9.74750563E-08  4.58110204E-01  3.48421932E-03  3.02344447E-01 -2.45091294E-01 -2.42564374E-01  0.00000000E+00
     641  1.43645404E-02  2.42154364E-04  9.56454271E-08  4.56301222E-01  3.44734362E-03  3.07346385E-01 -2.45046865E-01 -2.42526508E-01  0.00000000E+00
     651  1.43457658E-02  2.42130664E-04  9.63246021E-08  4.52333239E-01  3.49694653E-03  3.11274153E-01 -2.45137546E-01 -2.42622845E-01  0.00000000E+00
     661  1.43292648E-02  2.41025102E-04  9.50119806E-08  4.54829225E-01  3.43607471E-03  3.07721199E-01 -2.45109351E-01 -2.42598522E-01  0.00000000E+00
     671  1.43546694E-02  2.41873282E-04  9.57170782E-08  4.54628569E-01  3.44757494E-03  3.09793234E-01 -2.45089253E-01 -2.42575657E-01  0.00000000E+00
     681  1.43812256E-02  2.42878666E-04  9.62127609E-08  4.56333359E-01  3.47089465E-03  3.07645472E-01 -2.45058994E-01 -2.42547240E-01  0.00000000E+00
     691  1.44694455E-02  2.45604003E-04  9.83681755E-08  4.56421239E-01  3.48823385E-03  3.08466139E-01 -2.45007651E-01 -2.42500005E-01  0.00000000E+00
     701  1.43522150E-02  2.42653383E-04  9.67913791E-08  4.52047739E-01  3.52944629E-03  3.06052560E-01 -2.44984481E-01 -2.42477885E-01  0.00000000E+00
     711  1.43115936E-02  2.42056742E-04  9.68083359E-08  4.49246666E-01  3.58409323E-03  3.04566668E-01 -2.44976284E-01 -2.42471917E-01  0.00000000E+00
     721  1.42259247E-02  2.39794317E-04  9.56047272E-08  4.45782366E-01  3.60164560E-03  3.15918650E-01 -2.45045521E-01 -2.42541299E-01  0.00000000E+00
     731  1.41645383E-02  2.37987587E-04  9.42439191E-08  4.45344309E-01  3.59549079E-03  3.11458670E-01 -2.45075158E-01 -2.42568999E-01  0.00000000E+00
     741  1.42800028E-02  2.41306567E-04  9.59364296E-08  4.50808239E-01  3.59882591E-03  3.15651928E-01 -2.45065521E-01 -2.42559689E-01  0.00000000E+00
     751  1.43082262E-02  2.41515630E-04  9.54484500E-08  4.54547243E-01  3.54128462E-03  3.19384764E-01 -2.45113702E-01 -2.42603902E-01  0.00000000E+00
     761  1.43417159E-02  2.42841204E-04  9.68875020E-08  4.52351694E-01  3.57652351E-03  3.18816845E-01 -2.45097404E-01 -2.42588409E-01  0.00000000E+00
     771  1.43200636E-02  2.41956228E-04  9.62064183E-08  4.52216206E-01  3.55107516E-03  3.20022069E-01 -2.45122391E-01 -2.42612737E-01  0.00000000E+00
     781  1.42909585E-02  2.40912786E-04  9.52037802E-08  4.53219222E-01  3.53079240E-03  3.24117397E-01 -2.45079927E-01 -2.42564813E-01  0.00000000E+00
     791  1.42804604E-02  2.40465042E-04  9.48008063E-08  4.53504138E-01  3.51656591E-03  3.30616886E-01 -2.45076099E-01 -2.42558435E-01  0.00000000E+00
     801  1.41891728E-02  2.38249184E-04  9.34951532E-08  4.50958717E-01  3.55343825E-03  3.29067711E-01 -2.45052532E-01 -2.42538833E-01  0.00000000E+00
     811  1.42668273E-02  2.40715260E-04  9.51697071E-08  4.52517513E-01  3.57811256E-03  3.30847474E-01 -2.45030434E-01 -2.42513569E-01  0.00000000E+00
     821  1.43254878E-02  2.42473280E-04  9.61738335E-08  4.54734653E-01  3.58588815E-03  3.24783251E-01 -2.45027729E-01 -2.42511606E-01  0.00000000E+00
     831  1.43665344E-02  2.44075082E-04  9.77329310E-08  4.53144252E-01  3.62670959E-03  3.22867055E-01 -2.45055507E-01 -2.42539798E-01  0.00000000E+00
     841  1.43796498E-02  2.43830055E-04  9.69715565E-08  4.56313386E-01  3.56683403E-03  3.19910603E-01 -2.45060707E-01 -2.42541572E-01  0.00000000E+00
     851  1.43748437E-02  2.43912922E-04  9.70311121E-08  4.56349068E-01  3.58811276E-03  3.18143929E-01 -2.45058521E-01 -2.42537378E-01  0.00000000E+00
     861  1.43478678E-02  2.42843541E-04  9.60816791E-08  4.56916992E-01  3.55975962E-03  3.16119573E-01 -2.45032740E-01 -2.42512200E-01  0.00000000E+00
     871  1.43943809E-02  2.43799097E-04  9.62094088E-08  4.60449490E-01  3.52305384E-03  3.15840076E-01 -2.45010224E-01 -2.42488482E-01  0.00000000E+00
     881  1.44434079E-02  2.45976439E-04  9.96094266E-08  4.51227720E-01  3.59654656E-03  3.17574870E-01 -2.45001111E-01 -2.42480023E-01  0.00000000E+00
     891  1.44665259E-02  2.47741083E-04  1.02553894E-07  4.43026112E-01  3.70207240E-03  3.24926021E-01 -2.45039406E-01 -2.42519294E-01  0.00000000E+00
     901  1.44833871E-02  2.48951011E-04  1.04246382E-07  4.39324026E-01  3.77154958E-03  3.25576556E-01 -2.45066174E-01 -2.42549268E-01  0.00000000E+00
     911  1.44553762E-02  2.48001775E-04  1.03274965E-07  4.40288511E-01  3.75820520E-03  3.25037846E-01 -2.45085682E-01 -2.42566499E-01  0.00000000E+00
     921  1.44373736E-02  2.47383683E-04  1.02859129E-07  4.39753068E-01  3.74877717E-03  3.27044482E-01 -2.45087142E-01 -2.42567725E-01  0.00000000E+00
     931  1.44413023E-02  2.47436503E-04  1.02918888E-07  4.39666883E-01  3.74294047E-03  3.27218824E-01 -2.45129977E-01 -2.42611953E-01  0.00000000E+00
     941  1.44629144E-02  2.47838428E-04  1.02855096E-07  4.41829000E-01  3.72149885E-03  3.27044093E-01 -2.45153545E-01 -2.42633641E-01  0.00000000E+00
     951  1.44916072E-02  2.48499943E-04  1.03140560E-07  4.43255872E-01  3.70520555E-03  3.23386942E-01 -2.45152700E-01 -2.42631198E-01  0.00000000E+00
     961  1.44946242E-02  2.48149637E-04  1.02348631E-07  4.45969725E-01  3.66306873E-03  3.25938806E-01 -2.45157731E-01 -2.42635828E-01  0.00000000E+00
     971  1.45465479E-02  2.49954453E-04  1.03668389E-07  4.46900407E-01  3.69164641E-03  3.23882596E-01 -2.45174224E-01 -2.42652489E-01  0.00000000E+00
     981  1.44888228E-02  2.47970007E-04  1.02245191E-07  4.45727503E-01  3.66196320E-03  3.21828177E-01 -2.45143571E-01 -2.42625387E-01  0.00000000E+00
     991  1.44957728E-02  2.48090324E-04  1.02078570E-07  4.47167366E-01  3.65415442E-03  3.23151772E-01 -2.45135474E-01 -2.42616279E-01  0.00000000E+00
   #Iter             <M>           <M^2>           <M^4>      U_{Binder}            \chi        C_v(tot)             <E>       <E_{exc}>       <E_{lsf}>
       1  1.53816420E-02  2.36594912E-04  5.59771523E-08  6.66666667E-01  6.34539174E-19  8.42911778E-15 -2.43714243E-01 -2.41253188E-01  0.00000000E+00
      11  1.44152796E-02  2.32670585E-04  7.51630193E-08  5.37192915E-01  2.39391433E-03  2.98552874E-01 -2.45141312E-01 -2.42787115E-01  0.00000000E+00
      21  1.34365097E-02  2.04867824E-04  6.13475086E-08  5.12776570E-01  2.34171778E-03  1.96131198E-01 -2.42629204E-01 -2.40150451E-01  0.00000000E+00
      31  1.23441166E-02  1.76491613E-04  4.64799504E-08  5.02610908E-01  2.32115436E-03  2.26952691E-01 -2.43359945E-01 -2.40886382E-01  0.00000000E+00
      41  1.31620512E-02  1.99706606E-04  6.06490732E-08  4.93104946E-01  2.54760748E-03  2.25283555E-01 -2.44107443E-01 -2.41653974E-01  0.00000000E+00
      51  1.47015009E-02  2.48434544E-04  9.50808278E-08  4.86491384E-01  3.10910709E-03  3.28770598E-01 -2.44707893E-01 -2.42194703E-01  0.00000000E+00
      61  1.52723570E-02  2.66060801E-04  1.06338782E-07  4.99264203E-01  3.15872686E-03  2.96437238E-01 -2.45014256E-01 -2.42533558E-01  0.00000000E+00
      71  1.41026325E-02  2.31209044E-04  8.54018478E-08  4.67479445E-01  3.11145432E-03  3.29493613E-01 -2.44830122E-01 -2.42388128E-01  0.00000000E+00
      81  1.41078886E-02  2.27741439E-04  7.91447206E-08  4.91352900E-01  2.76340430E-03  3.49422532E-01 -2.45579309E-01 -2.43120930E-01  0.00000000E+00
      91  1.38791398E-02  2.17178665E-04  7.03928660E-08  5.02522921E-01  2.36290464E-03  3.42216805E-01 -2.45119208E-01 -2.42660318E-01  0.00000000E+00
     101  1.37684530E-02  2.17079962E-04  7.36011001E-08  4.79376726E-01  2.64796874E-03  4.30223843E-01 -2.44521143E-01 -2.42027582E-01  0.00000000E+00
     111  1.41266599E-02  2.30003808E-04  8.18596956E-08  4.84202995E-01  2.93015515E-03  4.08523646E-01 -2.44499164E-01 -2.42021889E-01  0.00000000E+00
     121  1.38326525E-02  2.21158146E-04  7.62036878E-08  4.80663493E-01  2.86995486E-03  3.66584738E-01 -2.44620136E-01 -2.42138925E-01  0.00000000E+00
     131  1.38716480E-02  2.26295195E-04  8.37110293E-08  4.55107587E-01  3.26043689E-03  3.82665790E-01 -2.44448194E-01 -2.41954767E-01  0.00000000E+00
     141  1.40786288E-02  2.29549845E-04  8.24078889E-08  4.78693035E-01  3.01685931E-03  3.70300578E-01 -2.44461906E-01 -2.41960257E-01  0.00000000E+00
     151  1.47208549E-02  2.48790775E-04  9.30808997E-08  4.98731087E-01  3.08858456E-03  3.82189773E-01 -2.44292040E-01 -2.41793202E-01  0.00000000E+00
     161  1.43388405E-02  2.37689961E-04  8.63173145E-08  4.90721916E-01  3.08862367E-03  4.06366577E-01 -2.44194177E-01 -2.41689094E-01  0.00000000E+00
     171  1.46060161E-02  2.50334662E-04  1.03319070E-07  4.50437286E-01  3.56136947E-03  4.19692963E-01 -2.44595707E-01 -2.42084210E-01  0.00000000E+00
     181  1.46032795E-02  2.48271491E-04  9.98454687E-08  4.60050180E-01  3.37047121E-03  4.03747221E-01 -2.44591556E-01 -2.42067904E-01  0.00000000E+00
     191  1.45495060E-02  2.46582517E-04  9.74303304E-08  4.65868294E-01  3.35879285E-03  3.79876232E-01 -2.44529906E-01 -2.42014543E-01  0.00000000E+00
     201  1.43551592E-02  2.41234265E-04  9.30999194E-08  4.66726431E-01  3.38471244E-03  3.70447433E-01 -2.44422817E-01 -2.41915866E-01  0.00000000E+00
     211  1.45861061E-02  2.47439010E-04  9.56286830E-08  4.79368331E-01  3.33859122E-03  3.69871649E-01 -2.44596260E-01 -2.42111025E-01  0.00000000E+00
     221  1.44808800E-02  2.45715464E-04  9.47715985E-08  4.76770801E-01  3.46709868E-03  3.73584388E-01 -2.44616225E-01 -2.42138115E-01  0.00000000E+00
     231  1.49943464E-02  2.65735790E-04  1.17839208E-07  4.43752006E-01  3.93738473E-03  3.71444222E-01 -2.44673907E-01 -2.42196584E-01  0.00000000E+00
     241  1.47479615E-02  2.59214141E-04  1.13671765E-07  4.36084580E-01  4.01500619E-03  3.73132646E-01 -2.44367819E-01 -2.41889643E-01  0.00000000E+00
     251  1.47565741E-02  2.63039516E-04  1.26887487E-07  3.88698376E-01  4.35876156E-03  3.67542447E-01 -2.44508159E-01 -2.42038568E-01  0.00000000E+00
     261  1.46448808E-02  2.58223449E-04  1.21880301E-07  3.90714411E-01  4.21128591E-03  3.64656455E-01 -2.44466256E-01 -2.41988893E-01  0.00000000E+00
     271  1.43986089E-02  2.49430563E-04  1.14804063E-07  3.84912827E-01  4.05339803E-03  3.62141295E-01 -2.44210241E-01 -2.41735801E-01  0.00000000E+00
     281  1.42641583E-02  2.45707027E-04  1.11739159E-07  3.83051391E-01  4.06592955E-03  3.58086347E-01 -2.44320276E-01 -2.41834791E-01  0.00000000E+00
     291  1.42010162E-02  2.43372022E-04  1.08914426E-07  3.87053104E-01  4.01417738E-03  3.42417851E-01 -2.44255971E-01 -2.41781475E-01  0.00000000E+00
     301  1.44740841E-02  2.51282193E-04  1.12967241E-07  4.03640912E-01  4.02187008E-03  3.69251315E-01 -2.44377449E-01 -2.41901071E-01  0.00000000E+00
     311  1.46911467E-02  2.57012043E-04  1.14774484E-07  4.20815213E-01  3.96403670E-03  3.83089087E-01 -2.44545670E-01 -2.42072306E-01  0.00000000E+00
     321  1.46735836E-02  2.56177851E-04  1.12980437E-07  4.26149400E-01  3.93338337E-03  3.80893861E-01 -2.44679585E-01 -2.42202869E-01  0.00000000E+00
     331  1.44745863E-02  2.50191628E-04  1.08986111E-07  4.19630801E-01  3.91549737E-03  3.83945941E-01 -2.44811476E-01 -2.42336030E-01  0.00000000E+00
     341  1.45049721E-02  2.51088698E-04  1.09053049E-07  4.23416476E-01  3.91708602E-03  3.78480270E-01 -2.44824977E-01 -2.42341374E-01  0.00000000E+00
     351  1.45689454E-02  2.51559056E-04  1.07608890E-07  4.33177627E-01  3.78332907E-03  3.70941728E-01 -2.44733334E-01 -2.42243573E-01  0.00000000E+00
     361  1.45423063E-02  2.50853338E-04  1.07146931E-07  4.32430938E-01  3.79004580E-03  3.72389054E-01 -2.44763914E-01 -2.42275916E-01  0.00000000E+00
     371  1.46421369E-02  2.53001242E-04  1.07361771E-07  4.40908220E-01  3.71635239E-03  3.71998191E-01 -2.44745316E-01 -2.42248987E-01  0.00000000E+00
     381  1.44743544E-02  2.47439801E-04  1.03533839E-07  4.36333864E-01  3.65126406E-03  3.79919125E-01 -2.44685628E-01 -2.42188145E-01  0.00000000E+00
     391  1.44747954E-02  2.46718557E-04  1.02083826E-07  4.40973943E-01  3.58061103E-03  3.72992796E-01 -2.44657676E-01 -2.42149706E-01  0.00000000E+00
     401  1.44905610E-02  2.47053547E-04  1.01600149E-07  4.45130433E-01  3.56890002E-03  3.66015207E-01 -2.44732846E-01 -2.42218037E-01  0.00000000E+00
     411  1.45305298E-02  2.48014932E-04  1.01978615E-07  4.47372874E-01  3.54978799E-03  3.53994473E-01 -2.44753500E-01 -2.42233442E-01  0.00000000E+00
     421  1.44713770E-02  2.46322621E-04  1.01127180E-07  4.44430943E-01  3.55202423E-03  3.47045536E-01 -2.44776490E-01 -2.42260278E-01  0.00000000E+00
     431  1.44791089E-02  2.45854456E-04  9.97691331E-08  4.49802294E-01  3.48541447E-03  3.39801418E-01 -2.44836506E-01 -2.42320559E-01  0.00000000E+00
     441  1.44767402E-02  2.45837918E-04  9.93975534E-08  4.51777693E-01  3.49042460E-03  3.35769973E-01 -2.44820221E-01 -2.42310505E-01  0.00000000E+00
     451  1.44775069E-02  2.46350716E-04  1.00492365E-07  4.48044389E-01  3.53764758E-03  3.32950851E-01 -2.44967285E-01 -2.42453410E-01  0.00000000E+00
     461  1.43954285E-02  2.43276240E-04  9.83075479E-08  4.46310585E-01  3.46982251E-03  3.32733305E-01 -2.44965473E-01 -2.42448075E-01  0.00000000E+00
     471  1.44406538E-02  2.45010375E-04  9.98571882E-08  4.45515860E-01  3.51121419E-03  3.31145224E-01 -2.45098680E-01 -2.42578095E-01  0.00000000E+00
     481  1.44878759E-02  2.46197016E-04  9.96782773E-08  4.51831976E-01  3.49394341E-03  3.25251151E-01 -2.45049680E-01 -2.42531788E-01  0.00000000E+00
     491  1.45324030E-02  2.48024219E-04  1.01411427E-07  4.50487651E-01  3.54544187E-03  3.15242006E-01 -2.45078212E-01 -2.42562727E-01  0.00000000E+00
     501  1.44598654E-02  2.46280303E-04  1.00750260E-07  4.46311428E-01  3.58000862E-03  3.15129326E-01 -2.45094703E-01 -2.42581549E-01  0.00000000E+00
     511  1.45198068E-02  2.49102523E-04  1.04526851E-07  4.38499227E-01  3.68445959E-03  3.17476163E-01 -2.45160078E-01 -2.42644996E-01  0.00000000E+00
     521  1.44129095E-02  2.46303897E-04  1.02981623E-07  4.34157047E-01  3.71277828E-03  3.19711670E-01 -2.45288977E-01 -2.42775940E-01  0.00000000E+00
     531  1.42943163E-02  2.42439151E-04  1.00209312E-07  4.31695206E-01  3.66847523E-03  3.15720579E-01 -2.45257080E-01 -2.42737172E-01  0.00000000E+00
     541  1.42075589E-02  2.39976566E-04  9.87005105E-08  4.28704932E-01  3.66945359E-03  3.07601427E-01 -2.45299751E-01 -2.42773323E-01  0.00000000E+00
     551  1.41577221E-02  2.38926127E-04  9.88738695E-08  4.22658218E-01  3.70441325E-03  3.10880589E-01 -2.45268032E-01 -2.42744491E-01  0.00000000E+00
     561  1.40212079E-02  2.34934635E-04  9.62289482E-08  4.18847128E-01  3.69048811E-03  3.10029519E-01 -2.45229501E-01 -2.42706311E-01  0.00000000E+00
     571  1.41198639E-02  2.38311264E-04  9.89149523E-08  4.19434062E-01  3.74827481E-03  3.04005284E-01 -2.45184651E-01 -2.42660396E-01  0.00000000E+00
     581  1.41332094E-02  2.38301795E-04  9.83375344E-08  4.22777261E-01  3.71106996E-03  3.08917783E-01 -2.45140421E-01 -2.42614011E-01  0.00000000E+00
     591  1.41154368E-02  2.37345993E-04  9.73584380E-08  4.23912391E-01  3.66739374E-03  3.12466028E-01 -2.45060911E-01 -2.42534240E-01  0.00000000E+00
     601  1.41918445E-02  2.39277617E-04  9.78456994E-08  4.30339197E-01  3.64513261E-03  3.11958373E-01 -2.45117279E-01 -2.42586640E-01  0.00000000E+00
     611  1.41956344E-02  2.38477060E-04  9.64109010E-08  4.34917748E-01  3.55771840E-03  3.11531900E-01 -2.45100645E-01 -2.42566022E-01  0.00000000E+00
     621  1.42257028E-02  2.38665764E-04  9.56171228E-08  4.40456099E-01  3.49362339E-03  3.25324219E-01 -2.45107469E-01 -2.42567855E-01  0.00000000E+00
     631  1.42532611E-02  2.40139975E-04  9.78621607E-08  4.34328075E-01  3.55998029E-03  3.26216893E-01 -2.45122812E-01 -2.42586547E-01  0.00000000E+00
     641  1.42725905E-02  2.40360135E-04  9.76491638E-08  4.36592798E-01  3.52809773E-03  3.33022254E-01 -2.45125754E-01 -2.42592265E-01  0.00000000E+00
     651  1.43182690E-02  2.42609131E-04  9.99654223E-08  4.33872480E-01  3.61886773E-03  3.42394112E-01 -2.45160941E-01 -2.42627774E-01  0.00000000E+00
     661  1.42456270E-02  2.40756245E-04  9.89229201E-08  4.31120151E-01  3.64024174E-03  3.33844313E-01 -2.45151538E-01 -2.42621688E-01  0.00000000E+00
     671  1.42360638E-02  2.39893257E-04  9.78805164E-08  4.33057629E-01  3.58339191E-03  3.31261562E-01 -2.45132601E-01 -2.42601570E-01  0.00000000E+00
     681  1.42428034E-02  2.40312525E-04  9.81860641E-08  4.33270549E-01  3.60527396E-03  3.28142023E-01 -2.45036870E-01 -2.42509528E-01  0.00000000E+00
     691  1.42957564E-02  2.42344224E-04  1.00150189E-07  4.31585468E-01  3.65537475E-03  3.30838324E-01 -2.45029028E-01 -2.42503136E-01  0.00000000E+00
     701  1.42625747E-02  2.41348892E-04  9.93332538E-08  4.31562413E-01  3.65078172E-03  3.25040138E-01 -2.45027442E-01 -2.42502293E-01  0.00000000E+00
     711  1.42232518E-02  2.40069263E-04  9.81917706E-08  4.32088426E-01  3.63543024E-03  3.21094255E-01 -2.45021083E-01 -2.42498945E-01  0.00000000E+00
     721  1.42308816E-02  2.40160755E-04  9.79086118E-08  4.34157507E-01  3.62333983E-03  3.20748227E-01 -2.45079862E-01 -2.42556654E-01  0.00000000E+00
     731  1.42685797E-02  2.41190338E-04  9.83589017E-08  4.36397898E-01  3.61902835E-03  3.23772987E-01 -2.45117055E-01 -2.42591708E-01  0.00000000E+00
     741  1.43539565E-02  2.43581423E-04  9.94844122E-08  4.41085398E-01  3.61396394E-03  3.19902228E-01 -2.45109737E-01 -2.42585201E-01  0.00000000E+00
     751  1.43193341E-02  2.41892604E-04  9.78826032E-08  4.42379057E-01  3.54696195E-03  3.19501869E-01 -2.45118805E-01 -2.42597044E-01  0.00000000E+00
     761  1.43799300E-02  2.44004596E-04  9.92558737E-08  4.44301854E-01  3.58285903E-03  3.17740874E-01 -2.45087168E-01 -2.42563469E-01  0.00000000E+00
     771  1.43912712E-02  2.44374508E-04  9.96242448E-08  4.43926771E-01  3.58705701E-03  3.22033444E-01 -2.45061722E-01 -2.42533928E-01  0.00000000E+00
     781  1.43800607E-02  2.44078220E-04  9.92983664E-08  4.44399288E-01  3.58958402E-03  3.19200361E-01 -2.45019776E-01 -2.42488678E-01  0.00000000E+00
     791  1.43495918E-02  2.44071703E-04  9.98948026E-08  4.41032220E-01  3.67321527E-03  3.19351828E-01 -2.45049167E-01 -2.42514769E-01  0.00000000E+00
     801  1.43493549E-02  2.44534603E-04  1.00596690E-07  4.39233849E-01  3.71842660E-03  3.15612988E-01 -2.45063346E-01 -2.42529715E-01  0.00000000E+00
     811  1.43937823E-02  2.45961086E-04  1.01306462E-07  4.41808664E-01  3.73281677E-03  3.19770927E-01 -2.45076692E-01 -2.42539886E-01  0.00000000E+00
     821  1.44165677E-02  2.46363126E-04  1.01166306E-07  4.44398732E-01  3.70832792E-03  3.16628916E-01 -2.45073408E-01 -2.42539668E-01  0.00000000E+00
     831  1.44118901E-02  2.46000552E-04  1.00572102E-07  4.46032730E-01  3.68640795E-03  3.16193453E-01 -2.45079332E-01 -2.42551275E-01  0.00000000E+00
     841  1.43903247E-02  2.45471853E-04  1.00462724E-07  4.44248950E-01  3.69530512E-03  3.13465130E-01 -2.45101666E-01 -2.42570989E-01  0.00000000E+00
     851  1.44331877E-02  2.47191502E-04  1.02974351E-07  4.38253032E-01  3.74191097E-03  3.21797249E-01 -2.45126097E-01 -2.42594614E-01  0.00000000E+00
     861  1.43540360E-02  2.44934683E-04  1.01460655E-07  4.36263917E-01  3.74400338E-03  3.20284650E-01 -2.45110377E-01 -2.42580909E-01  0.00000000E+00
     871  1.43491712E-02  2.44706600E-04  1.01199526E-07  4.36666136E-01  3.73548981E-03  3.17731252E-01 -2.45061054E-01 -2.42534026E-01  0.00000000E+00
     881  1.43516119E-02  2.46303090E-04  1.06471426E-07  4.14978137E-01  3.88241887E-03  3.23365369E-01 -2.45076037E-01 -2.42550648E-01  0.00000000E+00
     891  1.43919178E-02  2.47711570E-04  1.07359290E-07  4.16788886E-01  3.90647758E-03  3.23597571E-01 -2.45120977E-01 -2.42595479E-01  0.00000000E+00
     901  1.43822486E-02  2.47152586E-04  1.06604408E-07  4.18267148E-01  3.87945261E-03  3.23739809E-01 -2.45146365E-01 -2.42621395E-01  0.00000000E+00
     911  1.43942205E-02  2.47326697E-04  1.06464156E-07  4.19850177E-01  3.86305095E-03  3.19906486E-01 -2.45160359E-01 -2.42635330E-01  0.00000000E+00
     921  1.43714023E-02  2.46238143E-04  1.05356449E-07  4.20799117E-01  3.82145151E-03  3.18711866E-01 -2.45162657E-01 -2.42637374E-01  0.00000000E+00
     931  1.44256386E-02  2.48030615E-04  1.06579873E-07  4.22511471E-01  3.84365065E-03  3.15354823E-01 -2.45149124E-01 -2.42621657E-01  0.00000000E+00
     941  1.44806561E-02  2.49187833E-04  1.06583791E-07  4.27841648E-01  3.80195886E-03  3.11831049E-01 -2.45149489E-01 -2.42621578E-01  0.00000000E+00
     951  1.44758162E-02  2.48946994E-04  1.06455849E-07  4.27422205E-01  3.79226683E-03  3.09229334E-01 -2.45128668E-01 -2.42602492E-01  0.00000000E+00
     961  1.44666970E-02  2.48415902E-04  1.05732522E-07  4.28878445E-01  3.76655112E-03  3.10169664E-01 -2.45108314E-01 -2.42582041E-01  0.00000000E+00
     971  1.44975666E-02  2.49195205E-04  1.05975889E-07  4.31138619E-01  3.75549971E-03  3.07843633E-01 -2.45091030E-01 -2.42565591E-01  0.00000000E+00
     981  1.44238987E-02  2.46802571E-04  1.04273267E-07  4.29372930E-01  3.73027561E-03  3.11816013E-01 -2.45081858E-01 -2.42556464E-01  0.00000000E+00
     991  1.44238041E-02  2.46263081E-04  1.03341183E-07  4.31993171E-01  3.67860949E-03  3.10972017E-01 -2.45060777E-01 -2.42536363E-01  0.00000000E+00
    1001  1.44847710E-02  2.48465870E-04  1.05502250E-07  4.30351465E-01  3.72099310E-03  3.12927735E-01 -2.45040200E-01 -2.42518122E-01  0.00000000E+00
    1011  1.44063019E-02  2.46448680E-04  1.04327575E-07  4.27434910E-01  3.74504423E-03  3.11209962E-01 -2.45044175E-01 -2.42524470E-01  0.00000000E+00
    1021  1.43832117E-02  2.45544201E-04  1.03527015E-07  4.27634994E-01  3.72196926E-03  3.15588003E-01 -2.44974995E-01 -2.42458226E-01  0.00000000E+00
    1031  1.43543024E-02  2.44479622E-04  1.02544656E-07  4.28117974E-01  3.69946515E-03  3.17514749E-01 -2.44950103E-01 -2.42432878E-01  0.00000000E+00
    1041  1.43459248E-02  2.44654097E-04  1.03036302E-07  4.26195402E-01  3.73940289E-03  3.15828237E-01 -2.44985498E-01 -2.42466331E-01  0.00000000E+00
    1051  1.43049600E-02  2.42951961E-04  1.01623646E-07  4.26104658E-01  3.68853557E-03  3.15299025E-01 -2.44969337E-01 -2.42450784E-01  0.00000000E+00
    1061  1.43045734E-02  2.42376417E-04  1.00695793E-07  4.28640636E-01  3.63420071E-03  3.11920443E-01 -2.44958340E-01 -2.42441227E-01  0.00000000E+00
    1071  1.42526358E-02  2.40544122E-04  9.93617884E-08  4.27588110E-01  3.60059761E-03  3.16730671E-01 -2.44938180E-01 -2.42421136E-01  0.00000000E+00
    1081  1.42707480E-02  2.40882792E-04  9.91764546E-08  4.30261233E-01  3.58346866E-03  3.16310493E-01 -2.44938656E-01 -2.42419758E-01  0.00000000E+00
    1091  1.42948893E-02  2.41813047E-04  9.99386512E-08  4.30291408E-01  3.60663224E-03  3.17697702E-01 -2.44951125E-01 -2.42428915E-01  0.00000000E+00
    1101  1.43720606E-02  2.44080512E-04  1.01163189E-07  4.33975739E-01  3.61194546E-03  3.18462076E-01 -2.44918919E-01 -2.42395606E-01  0.00000000E+00
    1111  1.43660776E-02  2.43606744E-04  1.00544374E-07  4.35247833E-01  3.58289277E-03  3.15482867E-01 -2.44929788E-01 -2.42405196E-01  0.00000000E+00
    1121  1.43566103E-02  2.43730169E-04  1.01321255E-07  4.31460388E-01  3.62094748E-03  3.13033108E-01 -2.44913807E-01 -2.42392429E-01  0.00000000E+00
    1131  1.43431064E-02  2.43153875E-04  1.00763067E-07  4.31909228E-01  3.60278061E-03  3.11765730E-01 -2.44920142E-01 -2.42400840E-01  0.00000000E+00
    1141  1.42856685E-02  2.41690738E-04  9.99014094E-08  4.29927165E-01  3.62022610E-03  3.13202264E-01 -2.44946163E-01 -2.42425906E-01  0.00000000E+00
    1151  1.42738862E-02  2.41849700E-04  1.00552634E-07  4.26965078E-01  3.66791696E-03  3.17445849E-01 -2.44955026E-01 -2.42434659E-01  0.00000000E+00
    1161  1.42730147E-02  2.41709936E-04  1.00330783E-07  4.27567949E-01  3.65685852E-03  3.16957423E-01 -2.44942910E-01 -2.42420493E-01  0.00000000E+00
    1171  1.42705363E-02  2.41602375E-04  9.99050747E-08  4.29489167E-01  3.65331437E-03  3.20616700E-01 -2.44976054E-01 -2.42455983E-01  0.00000000E+00
    1181  1.42150686E-02  2.39871566E-04  9.87343297E-08  4.28008748E-01  3.63880131E-03  3.18522646E-01 -2.44978822E-01 -2.42459940E-01  0.00000000E+00
    1191  1.42153984E-02  2.40567817E-04  9.99938416E-08  4.24060397E-01  3.70491714E-03  3.23790552E-01 -2.44921478E-01 -2.42406917E-01  0.00000000E+00
    1201  1.42052848E-02  2.40143682E-04  9.94731563E-08  4.25033801E-01  3.69175868E-03  3.19948419E-01 -2.44922675E-01 -2.42406178E-01  0.00000000E+00
    1211  1.41423889E-02  2.38224339E-04  9.82370563E-08  4.22992011E-01  3.67863043E-03  3.19661227E-01 -2.44942724E-01 -2.42427490E-01  0.00000000E+00
    1221  1.40826110E-02  2.37055126E-04  9.81487395E-08  4.17809960E-01  3.72849270E-03  3.21296435E-01 -2.44968294E-01 -2.42455860E-01  0.00000000E+00
    1231  1.40862531E-02  2.36852482E-04  9.76316163E-08  4.19886001E-01  3.69911167E-03  3.21940436E-01 -2.44961769E-01 -2.42448215E-01  0.00000000E+00
    1241  1.40577575E-02  2.35997898E-04  9.70834533E-08  4.18957777E-01  3.69404848E-03  3.19489166E-01 -2.44968472E-01 -2.42457367E-01  0.00000000E+00
    1251  1.40619651E-02  2.35768649E-04  9.66107179E-08  4.20662093E-01  3.66059304E-03  3.18227632E-01 -2.44937104E-01 -2.42420396E-01  0.00000000E+00
    1261  1.40667273E-02  2.35627053E-04  9.61979644E-08  4.22443699E-01  3.63406962E-03  3.15034058E-01 -2.44948496E-01 -2.42434119E-01  0.00000000E+00
    1271  1.40736171E-02  2.35579318E-04  9.58808928E-08  4.24114037E-01  3.61081272E-03  3.13530240E-01 -2.44944765E-01 -2.42433187E-01  0.00000000E+00
    1281  1.40863500E-02  2.35551657E-04  9.54313183E-08  4.26679673E-01  3.57363703E-03  3.13160968E-01 -2.44956133E-01 -2.42445240E-01  0.00000000E+00
    1291  1.40881305E-02  2.35475460E-04  9.50966373E-08  4.28320527E-01  3.56147374E-03  3.13112713E-01 -2.44921238E-01 -2.42412960E-01  0.00000000E+00
    1301  1.40312017E-02  2.33743834E-04  9.39749866E-08  4.26662048E-01  3.54888092E-03  3.12903668E-01 -2.44920161E-01 -2.42413265E-01  0.00000000E+00
    1311  1.40044240E-02  2.33198106E-04  9.37743052E-08  4.25205554E-01  3.56861358E-03  3.10208760E-01 -2.44935807E-01 -2.42428675E-01  0.00000000E+00
    1321  1.39912950E-02  2.32484417E-04  9.30433139E-08  4.26179288E-01  3.53529622E-03  3.08933763E-01 -2.44936778E-01 -2.42432505E-01  0.00000000E+00
    1331  1.39980334E-02  2.32946171E-04  9.34142379E-08  4.26173410E-01  3.56158870E-03  3.10346756E-01 -2.44950174E-01 -2.42445511E-01  0.00000000E+00
    1341  1.39981213E-02  2.32878445E-04  9.32557744E-08  4.26813577E-01  3.55483273E-03  3.14423016E-01 -2.44915155E-01 -2.42411397E-01  0.00000000E+00
    1351  1.40411233E-02  2.33862337E-04  9.34400521E-08  4.30503253E-01  3.53347820E-03  3.15617735E-01 -2.44932633E-01 -2.42426228E-01  0.00000000E+00
    1361  1.40299141E-02  2.33604412E-04  9.31949438E-08  4.30742168E-01  3.53893869E-03  3.13724873E-01 -2.44943428E-01 -2.42437854E-01  0.00000000E+00
    1371  1.40131032E-02  2.32800306E-04  9.24171586E-08  4.31586655E-01  3.50691639E-03  3.13861708E-01 -2.44929733E-01 -2.42424644E-01  0.00000000E+00
    1381  1.40085265E-02  2.32392626E-04  9.18608845E-08  4.33023991E-01  3.48001935E-03  3.14721185E-01 -2.44918325E-01 -2.42411317E-01  0.00000000E+00
    1391  1.40007298E-02  2.32044911E-04  9.15064323E-08  4.33517793E-01  3.46757011E-03  3.13515701E-01 -2.44937608E-01 -2.42429466E-01  0.00000000E+00
    1401  1.39668379E-02  2.31440803E-04  9.16305789E-08  4.29784104E-01  3.50065958E-03  3.16237669E-01 -2.44920341E-01 -2.42412218E-01  0.00000000E+00
    1411  1.39948292E-02  2.32247018E-04  9.20063835E-08  4.31413672E-01  3.50292471E-03  3.16596186E-01 -2.44910268E-01 -2.42403448E-01  0.00000000E+00
    1421  1.39969718E-02  2.32332739E-04  9.20829465E-08  4.31360365E-01  3.50540275E-03  3.15137937E-01 -2.44883670E-01 -2.42379023E-01  0.00000000E+00
    1431  1.39767326E-02  2.32024304E-04  9.19783194E-08  4.30495372E-01  3.53021103E-03  3.16352363E-01 -2.44911212E-01 -2.42405852E-01  0.00000000E+00
    1441  1.39573256E-02  2.31524541E-04  9.17113718E-08  4.29694091E-01  3.53428765E-03  3.16030540E-01 -2.44889679E-01 -2.42384615E-01  0.00000000E+00
    1451  1.39438415E-02  2.31011370E-04  9.12157694E-08  4.30253114E-01  3.52110556E-03  3.14974328E-01 -2.44862971E-01 -2.42358212E-01  0.00000000E+00
    1461  1.39655208E-02  2.31571718E-04  9.14650100E-08  4.31457814E-01  3.51680215E-03  3.15262041E-01 -2.44853817E-01 -2.42352195E-01  0.00000000E+00
    1471  1.39531804E-02  2.31225975E-04  9.11597630E-08  4.31659385E-01  3.51668514E-03  3.14761638E-01 -2.44895004E-01 -2.42393993E-01  0.00000000E+00
    1481  1.40001560E-02  2.33362365E-04  9.40813593E-08  4.24134988E-01  3.59592935E-03  3.12077352E-01 -2.44876126E-01 -2.42375744E-01  0.00000000E+00
    1491  1.39760228E-02  2.32437844E-04  9.33395547E-08  4.24121595E-01  3.57192644E-03  3.16419107E-01 -2.44894907E-01 -2.42393982E-01  0.00000000E+00
    1501  1.39777695E-02  2.32714831E-04  9.42714815E-08  4.19755605E-01  3.59388816E-03  3.22400278E-01 -2.44933109E-01 -2.42430453E-01  0.00000000E+00
    1511  1.39768440E-02  2.32502210E-04  9.39600709E-08  4.20614114E-01  3.57591254E-03  3.22431030E-01 -2.44929350E-01 -2.42426653E-01  0.00000000E+00
    1521  1.39460014E-02  2.31481584E-04  9.31770186E-08  4.20364917E-01  3.56056805E-03  3.21519621E-01 -2.44937875E-01 -2.42434392E-01  0.00000000E+00
    1531  1.39211845E-02  2.30760481E-04  9.26923827E-08  4.19770348E-01  3.55772593E-03  3.22880829E-01 -2.44923032E-01 -2.42418919E-01  0.00000000E+00
    1541  1.39032663E-02  2.30107841E-04  9.21497080E-08  4.19890639E-01  3.54289525E-03  3.22716704E-01 -2.44959097E-01 -2.42454146E-01  0.00000000E+00
    1551  1.39124893E-02  2.30160256E-04  9.18738937E-08  4.21890370E-01  3.52324658E-03  3.22536483E-01 -2.44963214E-01 -2.42459608E-01  0.00000000E+00
    1561  1.38998784E-02  2.29497408E-04  9.11952231E-08  4.22841276E-01  3.49320436E-03  3.26520136E-01 -2.44952891E-01 -2.42447299E-01  0.00000000E+00
    1571  1.38758995E-02  2.28684088E-04  9.05354424E-08  4.22934011E-01  3.47902691E-03  3.24384048E-01 -2.44951923E-01 -2.42446211E-01  0.00000000E+00
    1581  1.38758982E-02  2.28758644E-04  9.05637574E-08  4.23129738E-01  3.48620682E-03  3.22412481E-01 -2.44977163E-01 -2.42472121E-01  0.00000000E+00
    1591  1.38729660E-02  2.28874829E-04  9.07109071E-08  4.22778912E-01  3.50522215E-03  3.24281668E-01 -2.44980921E-01 -2.42475234E-01  0.00000000E+00
    1601  1.38971491E-02  2.29341634E-04  9.07616605E-08  4.24804641E-01  3.48551278E-03  3.23810319E-01 -2.44991159E-01 -2.42484245E-01  0.00000000E+00
    1611  1.39076644E-02  2.29502755E-04  9.07343338E-08  4.25784920E-01  3.47287854E-03  3.21616202E-01 -2.44986794E-01 -2.42480978E-01  0.00000000E+00
    1621  1.38915788E-02  2.29059683E-04  9.04862400E-08  4.25137503E-01  3.47327292E-03  3.23523948E-01 -2.44992823E-01 -2.42485348E-01  0.00000000E+00
    1631  1.38696683E-02  2.28330392E-04  8.99252803E-08  4.25046000E-01  3.46162317E-03  3.25261544E-01 -2.44979053E-01 -2.42469739E-01  0.00000000E+00
    1641  1.38716589E-02  2.28575625E-04  9.01889442E-08  4.24596875E-01  3.47991274E-03  3.24939044E-01 -2.44973654E-01 -2.42464039E-01  0.00000000E+00
    1651  1.38629796E-02  2.28106259E-04  8.96936162E-08  4.25399663E-01  3.45790393E-03  3.25723827E-01 -2.44984517E-01 -2.42474314E-01  0.00000000E+00
    1661  1.38456016E-02  2.27686451E-04  8.94226251E-08  4.25021263E-01  3.46384427E-03  3.23299322E-01 -2.44975526E-01 -2.42463962E-01  0.00000000E+00
    1671  1.38686096E-02  2.28073031E-04  8.92894269E-08  4.27822322E-01  3.43967736E-03  3.20913089E-01 -2.44967167E-01 -2.42455238E-01  0.00000000E+00
    1681  1.38830020E-02  2.28724767E-04  9.00128420E-08  4.26469086E-01  3.46396503E-03  3.19276329E-01 -2.44956469E-01 -2.42444191E-01  0.00000000E+00
    1691  1.38880032E-02  2.28789856E-04  8.99418816E-08  4.27247247E-01  3.45686141E-03  3.17265941E-01 -2.44963669E-01 -2.42451473E-01  0.00000000E+00
    1701  1.39126057E-02  2.29774495E-04  9.09755963E-08  4.25619067E-01  3.48580311E-03  3.17202454E-01 -2.44959402E-01 -2.42446809E-01  0.00000000E+00
    1711  1.39030818E-02  2.29777831E-04  9.13393018E-08  4.23339530E-01  3.51162369E-03  3.18309627E-01 -2.44933663E-01 -2.42420320E-01  0.00000000E+00
    1721  1.39187107E-02  2.29994712E-04  9.11095048E-08  4.25874640E-01  3.49064526E-03  3.18207887E-01 -2.44944864E-01 -2.42429886E-01  0.00000000E+00
    1731  1.39434824E-02  2.30826188E-04  9.17133278E-08  4.26225769E-01  3.50424468E-03  3.18064602E-01 -2.44963691E-01 -2.42449567E-01  0.00000000E+00
    1741  1.39542528E-02  2.31137263E-04  9.19311326E-08  4.26410198E-01  3.50526540E-03  3.18049163E-01 -2.44964861E-01 -2.42450401E-01  0.00000000E+00
    1751  1.39991748E-02  2.32875261E-04  9.33803422E-08  4.26032243E-01  3.55168727E-03  3.16007454E-01 -2.44958374E-01 -2.42443746E-01  0.00000000E+00
    1761  1.40037192E-02  2.32888583E-04  9.32164684E-08  4.27105050E-01  3.54072028E-03  3.18454191E-01 -2.44992565E-01 -2.42480644E-01  0.00000000E+00
    1771  1.40090356E-02  2.32863024E-04  9.29293377E-08  4.28744334E-01  3.52392497E-03  3.19313790E-01 -2.44978627E-01 -2.42467774E-01  0.00000000E+00
    1781  1.40172999E-02  2.33054746E-04  9.28853114E-08  4.29954026E-01  3.52008470E-03  3.19893124E-01 -2.44946835E-01 -2.42435605E-01  0.00000000E+00
    1791  1.39943797E-02  2.32336566E-04  9.23213882E-08  4.29906696E-01  3.51275521E-03  3.20311972E-01 -2.44951030E-01 -2.42438991E-01  0.00000000E+00
    1801  1.40358827E-02  2.34230673E-04  9.47410605E-08  4.24388509E-01  3.58309573E-03  3.20218873E-01 -2.44955389E-01 -2.42445067E-01  0.00000000E+00
    1811  1.40276645E-02  2.33854726E-04  9.43429298E-08  4.24962984E-01  3.56910857E-03  3.17347723E-01 -2.44959668E-01 -2.42449367E-01  0.00000000E+00
    1821  1.40389391E-02  2.34484440E-04  9.50635654E-08  4.23678548E-01  3.59926307E-03  3.18387898E-01 -2.44971187E-01 -2.42461450E-01  0.00000000E+00
    1831  1.40441325E-02  2.34714411E-04  9.54177354E-08  4.22664397E-01  3.60736033E-03  3.16652309E-01 -2.44987759E-01 -2.42477831E-01  0.00000000E+00
    1841  1.40553373E-02  2.34833409E-04  9.52088575E-08  4.24511921E-01  3.58850858E-03  3.19140439E-01 -2.44995944E-01 -2.42485612E-01  0.00000000E+00
    1851  1.40315516E-02  2.34073697E-04  9.46301683E-08  4.24290854E-01  3.57968724E-03  3.18188776E-01 -2.44988624E-01 -2.42480528E-01  0.00000000E+00
    1861  1.40501700E-02  2.34516292E-04  9.47898454E-08  4.25494061E-01  3.57196353E-03  3.18079765E-01 -2.45014272E-01 -2.42505929E-01  0.00000000E+00
    1871  1.40571483E-02  2.34658915E-04  9.48338162E-08  4.25926030E-01  3.56681190E-03  3.18328794E-01 -2.44981607E-01 -2.42471497E-01  0.00000000E+00
    1881  1.40744872E-02  2.35142231E-04  9.50332409E-08  4.27081277E-01  3.56638324E-03  3.18278392E-01 -2.44994355E-01 -2.42485584E-01  0.00000000E+00
    1891  1.40381462E-02  2.34053493E-04  9.43154139E-08  4.26106686E-01  3.55992462E-03  3.20784189E-01 -2.44974793E-01 -2.42467662E-01  0.00000000E+00
    1901  1.40326745E-02  2.33670013E-04  9.38383608E-08  4.27133808E-01  3.53779694E-03  3.19338715E-01 -2.44976734E-01 -2.42467859E-01  0.00000000E+00
    1911  1.40324962E-02  2.33498545E-04  9.35487765E-08  4.28062594E-01  3.52177354E-03  3.17323547E-01 -2.44967488E-01 -2.42458046E-01  0.00000000E+00
    1921  1.40260657E-02  2.33352004E-04  9.34404853E-08  4.28006938E-01  3.52503566E-03  3.20422724E-01 -2.44933136E-01 -2.42423058E-01  0.00000000E+00
    1931  1.40353474E-02  2.33719703E-04  9.36677465E-08  4.28418498E-01  3.53535843E-03  3.20325886E-01 -2.44958957E-01 -2.42449748E-01  0.00000000E+00
    1941  1.40246535E-02  2.33128794E-04  9.30756956E-08  4.29148426E-01  3.50736349E-03  3.19225466E-01 -2.44947012E-01 -2.42439482E-01  0.00000000E+00
    1951  1.39990259E-02  2.32264263E-04  9.24660512E-08  4.28657840E-01  3.49327637E-03  3.18490547E-01 -2.44949675E-01 -2.42440541E-01  0.00000000E+00
    1961  1.39889229E-02  2.31969493E-04  9.22876901E-08  4.28309765E-01  3.49212039E-03  3.18744075E-01 -2.44941106E-01 -2.42433068E-01  0.00000000E+00
    1971  1.40012889E-02  2.32098149E-04  9.21009803E-08  4.30098706E-01  3.47118767E-03  3.17591909E-01 -2.44946567E-01 -2.42438888E-01  0.00000000E+00
    1981  1.40245211E-02  2.32768242E-04  9.23837763E-08  4.31635423E-01  3.47301565E-03  3.16860298E-01 -2.44942124E-01 -2.42436997E-01  0.00000000E+00
    1991  1.40338008E-02  2.33200200E-04  9.27758585E-08  4.31335798E-01  3.48953178E-03  3.18046806E-01 -2.44931949E-01 -2.42427791E-01  0.00000000E+00
